
 ridft (riogrande) : TURBOMOLE rev. V7.4.1 (b987a8a8) compiled 15 Oct 2019 at 12:03:25
 Copyright (C) 2019 TURBOMOLE GmbH, Karlsruhe


    2020-07-18 04:33:21.086 



                                  r i d f t

                        DFT program with RI approximation 
                                for coulomb part 




                                                 
                                 References:     
                                                 
          TURBOMOLE:                             
              R. Ahlrichs, M. Baer, M. Haeser, H. Horn, and
              C. Koelmel
              Electronic structure calculations on workstation
              computers: the program system TURBOMOLE
              Chem. Phys. Lett. 162: 165 (1989)
          Density Functional:                              
              O. Treutler and R. Ahlrichs                      
              Efficient Molecular Numerical Integration Schemes
              J. Chem. Phys. 102: 346 (1995)                   
          Parallel Version:                                
              Performance of parallel TURBOMOLE for Density    
              Functional Calculations                          
              M. v. Arnim and R. Ahlrichs                      
              J. Comp. Chem. 19: 1746 (1998)                   
          RI-J Method:                                     
              Auxiliary Basis Sets to approximate Coulomb      
              Potentials                                       
              Chem. Phys. Lett. 240: 283 (1995)                
              K. Eichkorn, O. Treutler, H. Oehm, M. Haeser     
              and R. Ahlrichs                                  
              Chem. Phys. Lett. 242: 652 (1995)                
                                                           
              Auxiliary Basis Sets for Main Row Atoms and their
              Use to approximate Coulomb Potentials            
              K. Eichkorn, F. Weigend, O. Treutler and         
              R. Ahlrichs                                      
              Theo. Chem. Acc. 97: 119 (1997)                   
                                                           
              Accurate Coulomb-fitting basis sets for H to Rn 
              F. Weigend                                        
              Phys. Chem. Chem. Phys. 8: 1057 (2006)            
                                                           
          Multipole accelerated RI-J (MARI-J):             
              Fast evaluation of the Coulomb potential for     
              electron densities using multipole accelerated   
              resolution of identity approximation             
              M. Sierka, A. Hogekamp and R. Ahlrichs           
              J. Chem. Phys. 118: 9136 (2003)                  
          RI-JK Method:                                     
              A fully direct RI-HF algorithm: Implementation,
              optimised auxiliary basis sets, demonstration of
              accuracy and efficiency                         
              F. Weigend                                      
              Phys. Chem. Chem. Phys. 4: 4285 (2002)           
          Two-component HF and DFT with spin-orbit coupling:  
              Self-consistent treatment of spin-orbit         
              interactions with efficient Hartree-Fock and    
              density functional methods                      
              M. K. Armbruster, F. Weigend, C. van Wüllen and 
              W. Klopper                                      
              Phys. Chem. Chem. Phys. 10: 1748 (2008)         
          Two-component difference density and DIIS algorithm 
              Efficient two-component self-consistent field   
              procedures and gradients: implementation in     
              TURBOMOLE and application to Au20-              
              A. Baldes, F. Weigend                           
              Mol. Phys. 111: 2617 (2013)                     
          Relativistic all-electron 2c calculations           
              An efficient implementation of two-component    
              relativistic exact-decoupling methods for large 
              molecules                                       
              D. Peng, N. Middendorf, F. Weigend, M. Reiher   
              J. Chem. Phys. 138: 184105 (2013)               
          Finite nucleus model and SNSO approximation         
              Efficient implementation of one- and two-       
              component analytical energy gradients in exact  
              two-component theory                            
              Y. J. Franzke, N. Middendorf, F. Weigend        
              J. Chem. Phys. 148: 104110 (2018)               
                                         




              +--------------------------------------------------+
              |      general information about current run       |
              +--------------------------------------------------+

 

 DENSITY CONVERGENCE CHECK SWITCHED ON !
 SCF CONVERGENCE IF RMS(delta[D]) <     0.1000000000E-06

 PBE functional
 exchange:    LDA + PBE
 correlation: LDA (PW) + PBE
 A DFT calculation using the RI-J approximation will be carried out.
 Allocatable memory for RI due to $ricore (MB):                   500


              +--------------------------------------------------+
              | Atomic coordinate, charge and isotop information |
              +--------------------------------------------------+

                    atomic coordinates            atom    charge  isotop
          2.08128984   -0.00022249   -1.11072621    h      1.000     0
          0.75039178   -0.00005205    0.12824915    o      8.000     0
          1.90074190    0.00002520    2.54721978    c      6.000     0
          0.38740067   -0.00000081    3.93308138    h      1.000     0
          3.06169777   -1.67559334    2.86198285    h      1.000     0
          3.06159791    1.67572626    2.86193447    h      1.000     0
          2.90026795   -0.00000053   -5.69747462    cl    17.000     0
         -0.47308006    0.00002216   -5.71841833    c      6.000     0
         -1.09631211    0.00003426   -7.66791464    h      1.000     0
         -1.11941192   -1.67629301   -4.73964978    h      1.000     0
         -1.11939341    1.67633324   -4.73963176    h      1.000     0
 
       center of nuclear mass  :    1.66333248   -0.00000362   -2.98919675
       center of nuclear charge:    1.57114839   -0.00000357   -2.80589069

              +--------------------------------------------------+
              |               basis set information              |
              +--------------------------------------------------+

              we will work with the 1s 3p 5d 7f 9g ... basis set
              ...i.e. with spherical basis functions...

   type   atoms  prim   cont   basis
   ---------------------------------------------------------------------------
    h        7     33     30   def2-QZVP   [4s3p2d1f|7s3p2d1f]
    o        1     77     57   def2-QZVP   [7s4p3d2f1g|15s8p3d2f1g]
    c        2     77     57   def2-QZVP   [7s4p3d2f1g|15s8p3d2f1g]
    cl       1    105     70   def2-QZVP   [9s6p4d2f1g|20s14p4d2f1g]
   ---------------------------------------------------------------------------
   total:   11    567    451
   ---------------------------------------------------------------------------

   total number of primitive shells          :  112
   total number of contracted shells         :  143
   total number of cartesian basis functions :  547
   total number of SCF-basis functions       :  451


 integral neglect threshold       :  0.61E-11
 integral storage threshold THIZE :  0.10E-04
 integral storage threshold THIME :         5

 RI-J AUXILIARY BASIS SET information:

              we will work with the 1s 3p 5d 7f 9g ... basis set
              ...i.e. with spherical basis functions...

   type   atoms  prim   cont   basis
   ---------------------------------------------------------------------------
    h        7     16     11   def2-QZVP   [3s1p1d|5s2p1d]
    o        1     70     49   def2-QZVP   [6s4p3d1f1g|12s5p4d2f1g]
    c        2     70     49   def2-QZVP   [6s4p3d1f1g|12s5p4d2f1g]
    cl       1     77     51   def2-QZVP   [8s4p3d1f1g|14s5p5d2f1g]
   ---------------------------------------------------------------------------
   total:   11    399    275
   ---------------------------------------------------------------------------

   total number of primitive shells          :   83
   total number of contracted shells         :   97
   total number of cartesian basis functions :  330
   total number of SCF-basis functions       :  275


 symmetry group of the molecule :   c1 

 the group has the following generators :
   c1(z)

    1 symmetry operations found

 there are 1 real representations :   a   

 maximum number of shells which are related by symmetry :  1


    mo occupation :
   irrep   mo's   occupied
    a      451       22
 
 number of basis functions   :                    451
 number of occupied orbitals :                     22
 
  
           ------------------
           density functional
           ------------------
 PBE functional
 exchange:    LDA + PBE
 correlation: LDA (PW) + PBE

 spherical integration : Lebedev's spherical grid
 spherical gridsize    :                     5
    i.e. gridpoints    :                   590
 value for diffuse not defined
 radial integration    : Chebyshev 2nd kind (scaling 3)
 radial gridsize       :                     8
 integration cells     :                    11
 partition function    : becke
 partition sharpness   :                     3
  

 biggest AO integral is expected to be    12.165751258
  
           ------------------------
               RI-J - INFORMATION
           ------------------------
 Contributions to RI integral batches: 
  neglected integral batches:                  2100
  direct contribution:                            0
  memory contribution:                  8196
 Memory core needed for (P|Q) and Cholesky      1 MByte
 Memory core minimum needed except of (P|Q)     1 MByte
 Total minimum memory core needed (sum)         2 MByte
  
 ****************************************
 Memory allocated for RI-J   298 MByte
 ****************************************
                                            

          ------------------------
          nuclear repulsion energy  :   157.860980588    
          ------------------------


         -----------------
         -S,T+V- integrals
         -----------------

 1e-integrals will be neglected if expon. factor < 0.610962E-12
 
   Difference densities algorithm switched on.
   The maximal number of linear combinations of
   difference densities is                    20 .

 DIIS switched on: error vector is FDS-SDF
 Max. Iterations for DIIS is     :   4
 DIIS matrix (see manual) 
    Scaling factor of diagonals  :  1.200
    threshold for scaling factor :  0.000

 scf convergence criterion : increment of total energy < .1000000D-06
                  and increment of one-electron energy < .1000000D-03

  MOs are in ASCII format !


 automatic virtual orbital shift switched on 
      shift if e(lumo)-e(homo) < 0.10000000    


 reading orbital data $scfmo  from file mos
 orbital characterization : expanded
 mo provided and orthogonalized by Cholesky decomposition

 DSCF restart information will be dumped onto file mos


 Starting SCF iterations

          Overall gridpoints after grid construction =        169504

 ITERATION  ENERGY          1e-ENERGY        2e-ENERGY     RMS[dD(SAO)]   TOL
   1  -614.77612544753    -1156.7672675     384.13016144    0.000D+00 0.609D-11
                            Exc = -49.5634752695     Coul =  433.693636710    
                              N = 44.000003422    
                            current damping = 0.300
 
          max. resid. norm for Fia-block=  8.246D-01 for orbital      9a         
          max. resid. fock norm         =  1.130D+02 for orbital    422a         

 ITERATION  ENERGY          1e-ENERGY        2e-ENERGY     RMS[dD(SAO)]   TOL
   2  -615.46067014514    -1159.2730264     385.95137567    0.409D-02 0.415D-11
                            Exc = -49.7788974395     Coul =  435.730273108    
                              N = 44.000002127    
                            current damping = 0.250
 
          Norm of current diis error:  1.9793    
          max. resid. norm for Fia-block=  1.125D-01 for orbital      9a         
          max. resid. fock norm         =  2.648D-01 for orbital    260a         

 ITERATION  ENERGY          1e-ENERGY        2e-ENERGY     RMS[dD(SAO)]   TOL
   3  -615.53336187749    -1160.1733646     386.77902217    0.179D-02 0.328D-11
                            Exc = -49.9587910570     Coul =  436.737813223    
                              N = 44.000001573    
                            current damping = 0.150
 
          Norm of current diis error: 0.88986    
          max. resid. norm for Fia-block=  4.589D-02 for orbital     22a         
          max. resid. fock norm         =  4.928D-02 for orbital     22a         

 ITERATION  ENERGY          1e-ENERGY        2e-ENERGY     RMS[dD(SAO)]   TOL
   4  -615.54864593275    -1158.9709260     385.56129952    0.926D-03 0.288D-11
                            Exc = -49.8165660615     Coul =  435.377865577    
                              N = 44.000001190    
                            current damping = 0.200
 
          Norm of current diis error: 0.49205    
          max. resid. norm for Fia-block=  1.808D-02 for orbital     22a         
          max. resid. fock norm         =  2.462D-02 for orbital    426a         

 ITERATION  ENERGY          1e-ENERGY        2e-ENERGY     RMS[dD(SAO)]   TOL
   5  -615.55348400264    -1159.8435589     386.42909436    0.232D-03 0.279D-11
                            Exc = -49.9105002252     Coul =  436.339594580    
                              N = 44.000001187    
                            current damping = 0.250
 
          Norm of current diis error: 0.16694    
          max. resid. norm for Fia-block=  6.477D-03 for orbital     17a         
          max. resid. fock norm         =  1.105D-02 for orbital    440a         
          mo-orthogonalization: Cholesky decomposition

 ITERATION  ENERGY          1e-ENERGY        2e-ENERGY     RMS[dD(SAO)]   TOL
   6  -615.55412571818    -1159.7087595     386.29365317    0.855D-04 0.272D-11
                            Exc = -49.8936981357     Coul =  436.187351301    
                              N = 44.000001180    
                            current damping = 0.300
 
          Norm of current diis error: 0.36709E-01
          max. resid. norm for Fia-block=  2.206D-03 for orbital     17a         
          max. resid. fock norm         =  3.644D-03 for orbital    442a         

 ITERATION  ENERGY          1e-ENERGY        2e-ENERGY     RMS[dD(SAO)]   TOL
   7  -615.55415703960    -1159.6441751     386.22903747    0.268D-04 0.267D-11
                            Exc = -49.8903621153     Coul =  436.119399587    
                              N = 44.000001175    
                            current damping = 0.150
 
          Norm of current diis error: 0.20239E-01
          max. resid. norm for Fia-block=  5.667D-04 for orbital     16a         
          max. resid. fock norm         =  1.052D-03 for orbital    449a         

 ITERATION  ENERGY          1e-ENERGY        2e-ENERGY     RMS[dD(SAO)]   TOL
   8  -615.55416820151    -1159.6805317     386.26538294    0.933D-05 0.263D-11
                            Exc = -49.8932556162     Coul =  436.158638557    
                              N = 44.000001175    
                            current damping = 0.200
 
          Norm of current diis error: 0.32138E-02
          max. resid. norm for Fia-block=  1.299D-04 for orbital     13a         
          max. resid. fock norm         =  2.066D-04 for orbital    384a         

 ITERATION  ENERGY          1e-ENERGY        2e-ENERGY     RMS[dD(SAO)]   TOL
   9  -615.55416838932    -1159.6835464     386.26839746    0.209D-05 0.259D-11
                            Exc = -49.8932546275     Coul =  436.161652089    
                              N = 44.000001175    
                            current damping = 0.100
 
          Norm of current diis error: 0.12270E-02
          max. resid. norm for Fia-block=  5.262D-05 for orbital     17a         
          max. resid. fock norm         =  7.843D-05 for orbital    384a         

 ITERATION  ENERGY          1e-ENERGY        2e-ENERGY     RMS[dD(SAO)]   TOL
  10  -615.55416843210    -1159.6788933     386.26374428    0.105D-05 0.256D-11
                            Exc = -49.8929399956     Coul =  436.156684272    
                              N = 44.000001175    
                            current damping = 0.150
 
          Norm of current diis error: 0.49686E-03
          max. resid. norm for Fia-block=  1.815D-05 for orbital     22a         
          max. resid. fock norm         =  2.203D-05 for orbital    253a         
          mo-orthogonalization: Cholesky decomposition

 ITERATION  ENERGY          1e-ENERGY        2e-ENERGY     RMS[dD(SAO)]   TOL
  11  -615.55416843909    -1159.6806462     386.26549720    0.341D-06 0.253D-11
                            Exc = -49.8930889935     Coul =  436.158586192    
                              N = 44.000001175    
                            current damping = 0.200
 
          Norm of current diis error: 0.18856E-03
          max. resid. norm for Fia-block=  7.915D-06 for orbital     22a         
          max. resid. fock norm         =  1.083D-05 for orbital    253a         

 ENERGY & DENSITY CONVERGED !


 ITERATION  ENERGY          1e-ENERGY        2e-ENERGY     RMS[dD(SAO)]   TOL
  12  -615.55416843975    -1159.6805969     386.26544789    0.110D-06 0.249D-11
                            Exc = -49.8930741209     Coul =  436.158522009    
                              N = 44.000001175    
                            current damping = 0.250
 
          Norm of current diis error: 0.85119E-04
          max. resid. norm for Fia-block=  2.288D-06 for orbital     18a         
          max. resid. fock norm         =  3.433D-06 for orbital    415a         

 End of SCF iterations

   convergence criteria satisfied after    12 iterations


                  ------------------------------------------ 
                 |  total energy      =   -615.55416843975  |
                  ------------------------------------------ 
                 :  kinetic energy    =    614.29092854743  :
                 :  potential energy  =  -1229.84509698718  :
                 :  virial theorem    =      1.99794780060  :
                 :  wavefunction norm =      1.00000000000  :
                  .......................................... 


 <geterg> : there is no data group $energy 


 <skperg> : $end is missing 


 orbitals $scfmo  will be written to file mos

    irrep                 18a         19a         20a         21a         22a   
 eigenvalues H         -0.37523    -0.29357    -0.26790    -0.26700    -0.22599
            eV         -10.2107     -7.9885     -7.2900     -7.2654     -6.1495
 occupation              2.0000      2.0000      2.0000      2.0000      2.0000

    irrep                 23a         24a         25a         26a         27a   
 eigenvalues H         -0.02574    -0.00064     0.02426     0.04841     0.05862
            eV          -0.7004     -0.0173      0.6601      1.3173      1.5952
 
 
 
 
 ==============================================================================
                           electrostatic moments
 ==============================================================================

 reference point for electrostatic moments:    0.00000   0.00000   0.00000

 
              nuc           elec       ->  total
 ------------------------------------------------------------------------------
                          charge      
 ------------------------------------------------------------------------------
          44.000000     -44.000000      -0.000000
 
 ------------------------------------------------------------------------------
                       dipole moment  
 ------------------------------------------------------------------------------
   x      69.130529     -69.293316      -0.162787
   y      -0.000157       0.000133      -0.000024
   z    -123.459190     123.427101      -0.032089
 
   | dipole moment | =     0.1659 a.u. =     0.4217 debye 
 
 ------------------------------------------------------------------------------
                     quadrupole moment
 ------------------------------------------------------------------------------
  xx     197.458118    -222.028106     -24.569988
  yy      11.235723     -36.437705     -25.201982
  zz     923.913853    -946.444848     -22.530995
  xy      -0.000389       0.000233      -0.000156
  xz    -199.106178     203.005965       3.899788
  yz      -0.000257       0.000288       0.000031
 
     1/3  trace=     -24.100988
     anisotropy=       7.174300
 
 ==============================================================================
 
HOMO-LUMO Separation
 HOMO         :   -0.22598694 H =     -6.14942 eV
 LUMO         :   -0.02574086 H =     -0.70044 eV
 HOMO-LUMO gap:    0.20024608 H =     +5.44898 eV
 
 ==============================================================================


    ------------------------------------------------------------------------
         total  cpu-time :  52.08 seconds
         total wall-time :  52.08 seconds
    ------------------------------------------------------------------------

   ****  ridft : all done  ****


    2020-07-18 04:34:13.160 

