
 ridft (tigris) : TURBOMOLE rev. V7.4.1 (b987a8a8) compiled 15 Oct 2019 at 12:03:25
 Copyright (C) 2019 TURBOMOLE GmbH, Karlsruhe


    2020-12-12 01:57:47.555 



                                  r i d f t

                        DFT program with RI approximation 
                                for coulomb part 




                                                 
                                 References:     
                                                 
          TURBOMOLE:                             
              R. Ahlrichs, M. Baer, M. Haeser, H. Horn, and
              C. Koelmel
              Electronic structure calculations on workstation
              computers: the program system TURBOMOLE
              Chem. Phys. Lett. 162: 165 (1989)
          Density Functional:                              
              O. Treutler and R. Ahlrichs                      
              Efficient Molecular Numerical Integration Schemes
              J. Chem. Phys. 102: 346 (1995)                   
          Parallel Version:                                
              Performance of parallel TURBOMOLE for Density    
              Functional Calculations                          
              M. v. Arnim and R. Ahlrichs                      
              J. Comp. Chem. 19: 1746 (1998)                   
          RI-J Method:                                     
              Auxiliary Basis Sets to approximate Coulomb      
              Potentials                                       
              Chem. Phys. Lett. 240: 283 (1995)                
              K. Eichkorn, O. Treutler, H. Oehm, M. Haeser     
              and R. Ahlrichs                                  
              Chem. Phys. Lett. 242: 652 (1995)                
                                                           
              Auxiliary Basis Sets for Main Row Atoms and their
              Use to approximate Coulomb Potentials            
              K. Eichkorn, F. Weigend, O. Treutler and         
              R. Ahlrichs                                      
              Theo. Chem. Acc. 97: 119 (1997)                   
                                                           
              Accurate Coulomb-fitting basis sets for H to Rn 
              F. Weigend                                        
              Phys. Chem. Chem. Phys. 8: 1057 (2006)            
                                                           
          Multipole accelerated RI-J (MARI-J):             
              Fast evaluation of the Coulomb potential for     
              electron densities using multipole accelerated   
              resolution of identity approximation             
              M. Sierka, A. Hogekamp and R. Ahlrichs           
              J. Chem. Phys. 118: 9136 (2003)                  
          RI-JK Method:                                     
              A fully direct RI-HF algorithm: Implementation,
              optimised auxiliary basis sets, demonstration of
              accuracy and efficiency                         
              F. Weigend                                      
              Phys. Chem. Chem. Phys. 4: 4285 (2002)           
          Two-component HF and DFT with spin-orbit coupling:  
              Self-consistent treatment of spin-orbit         
              interactions with efficient Hartree-Fock and    
              density functional methods                      
              M. K. Armbruster, F. Weigend, C. van Wüllen and 
              W. Klopper                                      
              Phys. Chem. Chem. Phys. 10: 1748 (2008)         
          Two-component difference density and DIIS algorithm 
              Efficient two-component self-consistent field   
              procedures and gradients: implementation in     
              TURBOMOLE and application to Au20-              
              A. Baldes, F. Weigend                           
              Mol. Phys. 111: 2617 (2013)                     
          Relativistic all-electron 2c calculations           
              An efficient implementation of two-component    
              relativistic exact-decoupling methods for large 
              molecules                                       
              D. Peng, N. Middendorf, F. Weigend, M. Reiher   
              J. Chem. Phys. 138: 184105 (2013)               
          Finite nucleus model and SNSO approximation         
              Efficient implementation of one- and two-       
              component analytical energy gradients in exact  
              two-component theory                            
              Y. J. Franzke, N. Middendorf, F. Weigend        
              J. Chem. Phys. 148: 104110 (2018)               
                                         




              +--------------------------------------------------+
              |      general information about current run       |
              +--------------------------------------------------+

 

 DENSITY CONVERGENCE CHECK SWITCHED ON !
 SCF CONVERGENCE IF RMS(delta[D]) <     0.1000000000E-06

 TPSS meta-GGA functional
 exchange:    LDA + TPSS
 correlation: LDA (PW) + TPSS
 A DFT calculation using the RI-J approximation will be carried out.
 Allocatable memory for RI due to $ricore (MB):                   500


              +--------------------------------------------------+
              | Atomic coordinate, charge and isotop information |
              +--------------------------------------------------+

                    atomic coordinates            atom    charge  isotop
         -0.00005387   -0.00087292    4.07831061    c      6.000     0
         -2.74778224    1.58505939    3.05424154    cl    17.000     0
          2.74793492    1.58483720    3.05419147    cl    17.000     0
         -0.00016516   -3.17435257    3.05720449    cl    17.000     0
          0.00001076    0.00050517    6.12140110    h      1.000     0
 
       center of nuclear mass  :   -0.00000904   -0.00140690    3.18404022
       center of nuclear charge:   -0.00000904   -0.00138766    3.21391555

              +--------------------------------------------------+
              |               basis set information              |
              +--------------------------------------------------+

              we will work with the 1s 3p 5d 7f 9g ... basis set
              ...i.e. with spherical basis functions...

   type   atoms  prim   cont   basis
   ---------------------------------------------------------------------------
    c        1     77     57   def2-QZVP   [7s4p3d2f1g|15s8p3d2f1g]
    cl       3    105     70   def2-QZVP   [9s6p4d2f1g|20s14p4d2f1g]
    h        1     33     30   def2-QZVP   [4s3p2d1f|7s3p2d1f]
   ---------------------------------------------------------------------------
   total:    5    425    297
   ---------------------------------------------------------------------------

   total number of primitive shells          :   83
   total number of contracted shells         :   93
   total number of cartesian basis functions :  365
   total number of SCF-basis functions       :  297


 integral neglect threshold       :  0.91E-11
 integral storage threshold THIZE :  0.10E-04
 integral storage threshold THIME :         5

 RI-J AUXILIARY BASIS SET information:

              we will work with the 1s 3p 5d 7f 9g ... basis set
              ...i.e. with spherical basis functions...

   type   atoms  prim   cont   basis
   ---------------------------------------------------------------------------
    c        1     70     49   def2-QZVP   [6s4p3d1f1g|12s5p4d2f1g]
    cl       3     77     51   def2-QZVP   [8s4p3d1f1g|14s5p5d2f1g]
    h        1     16     11   def2-QZVP   [3s1p1d|5s2p1d]
   ---------------------------------------------------------------------------
   total:    5    317    213
   ---------------------------------------------------------------------------

   total number of primitive shells          :   59
   total number of contracted shells         :   71
   total number of cartesian basis functions :  262
   total number of SCF-basis functions       :  213


 symmetry group of the molecule :   c1 

 the group has the following generators :
   c1(z)

    1 symmetry operations found

 there are 1 real representations :   a   

 maximum number of shells which are related by symmetry :  1


    mo occupation :
   irrep   mo's   occupied
    a      297       29
 
 number of basis functions   :                    297
 number of occupied orbitals :                     29
 
  
           ------------------
           density functional
           ------------------
 TPSS meta-GGA functional
 exchange:    LDA + TPSS
 correlation: LDA (PW) + TPSS

 spherical integration : Lebedev's spherical grid
 spherical gridsize    :                     5
    i.e. gridpoints    :                   590
 value for diffuse not defined
 radial integration    : Chebyshev 2nd kind (scaling 3)
 radial gridsize       :                     8
 integration cells     :                     5
 partition function    : becke
 partition sharpness   :                     3
  

 biggest AO integral is expected to be    12.165751258
  
           ------------------------
               RI-J - INFORMATION
           ------------------------
 Contributions to RI integral batches: 
  neglected integral batches:                   513
  direct contribution:                            0
  memory contribution:                  3858
 Memory core needed for (P|Q) and Cholesky      1 MByte
 Memory core minimum needed except of (P|Q)     1 MByte
 Total minimum memory core needed (sum)         1 MByte
  
 ****************************************
 Memory allocated for RI-J   130 MByte
 ****************************************
                                            

          ------------------------
          nuclear repulsion energy  :   264.044208785    
          ------------------------


         -----------------
         -S,T+V- integrals
         -----------------

 1e-integrals will be neglected if expon. factor < 0.915606E-12
 
   Difference densities algorithm switched on.
   The maximal number of linear combinations of
   difference densities is                    20 .

 DIIS switched on: error vector is FDS-SDF
 Max. Iterations for DIIS is     :   4
 DIIS matrix (see manual) 
    Scaling factor of diagonals  :  1.200
    threshold for scaling factor :  0.000

 scf convergence criterion : increment of total energy < .1000000D-06
                  and increment of one-electron energy < .1000000D-03

  MOs are in ASCII format !


 automatic virtual orbital shift switched on 
      shift if e(lumo)-e(homo) < 0.10000000    


 reading orbital data $scfmo  from file mos
 orbital characterization : scfconv=7

 DSCF restart information will be dumped onto file mos


 Starting SCF iterations

          Overall gridpoints after grid construction =         95437

 ITERATION  ENERGY          1e-ENERGY        2e-ENERGY     RMS[dD(SAO)]   TOL
   1  -1419.4604337562    -2483.8225658     800.31792321    0.000D+00 0.913D-11
                            Exc = -90.5580074664     Coul =  890.875930679    
                              N = 57.999999923    
                            current damping = 0.300
 
          max. resid. norm for Fia-block=  1.841D-01 for orbital      2a         
          max. resid. fock norm         =  2.801D-01 for orbital    277a         

 ITERATION  ENERGY          1e-ENERGY        2e-ENERGY     RMS[dD(SAO)]   TOL
   2  -1419.4630655645    -2484.0270955     800.51982111    0.106D-02 0.580D-11
                            Exc = -90.6073349365     Coul =  891.127156051    
                              N = 57.999999923    
                            current damping = 0.250
 
          Norm of current diis error: 0.97926E-01
          max. resid. norm for Fia-block=  4.277D-02 for orbital      1a         
          max. resid. fock norm         =  7.692D-02 for orbital    277a         

 ITERATION  ENERGY          1e-ENERGY        2e-ENERGY     RMS[dD(SAO)]   TOL
   3  -1419.4629372185    -2484.0437216     800.53657564    0.246D-03 0.474D-11
                            Exc = -90.6050738807     Coul =  891.141649525    
                              N = 57.999999924    
                            current damping = 0.300
 
          Norm of current diis error: 0.10696    
          max. resid. norm for Fia-block=  8.714D-03 for orbital      3a         
          max. resid. fock norm         =  1.476D-02 for orbital    277a         

 ITERATION  ENERGY          1e-ENERGY        2e-ENERGY     RMS[dD(SAO)]   TOL
   4  -1419.4632756748    -2483.9844255     800.47694102    0.768D-04 0.454D-11
                            Exc = -90.6069281352     Coul =  891.083869158    
                              N = 57.999999924    
                            current damping = 0.350
 
          Norm of current diis error: 0.22355E-01
          max. resid. norm for Fia-block=  2.170D-03 for orbital      2a         
          max. resid. fock norm         =  4.441D-03 for orbital    277a         

 ITERATION  ENERGY          1e-ENERGY        2e-ENERGY     RMS[dD(SAO)]   TOL
   5  -1419.4632925924    -2484.0230806     800.51557921    0.236D-04 0.429D-11
                            Exc = -90.6110923449     Coul =  891.126671555    
                              N = 57.999999924    
                            current damping = 0.400
 
          Norm of current diis error: 0.26240E-02
          max. resid. norm for Fia-block=  5.392D-04 for orbital      1a         
          max. resid. fock norm         =  1.483D-03 for orbital    277a         
          mo-orthogonalization: Cholesky decomposition

 ITERATION  ENERGY          1e-ENERGY        2e-ENERGY     RMS[dD(SAO)]   TOL
   6  -1419.4632928494    -2484.0093542     800.50185261    0.395D-05 0.415D-11
                            Exc = -90.6103537546     Coul =  891.112206369    
                              N = 57.999999924    
                            current damping = 0.450
 
          Norm of current diis error: 0.10430E-02
          max. resid. norm for Fia-block=  1.566D-04 for orbital      2a         
          max. resid. fock norm         =  4.352D-04 for orbital    277a         

 ITERATION  ENERGY          1e-ENERGY        2e-ENERGY     RMS[dD(SAO)]   TOL
   7  -1419.4632928833    -2484.0122887     800.50478701    0.112D-05 0.404D-11
                            Exc = -90.6105008503     Coul =  891.115287856    
                              N = 57.999999924    
                            current damping = 0.500
 
          Norm of current diis error: 0.21580E-03
          max. resid. norm for Fia-block=  5.140D-05 for orbital      4a         
          max. resid. fock norm         =  1.686D-04 for orbital    277a         

 ITERATION  ENERGY          1e-ENERGY        2e-ENERGY     RMS[dD(SAO)]   TOL
   8  -1419.4632928848    -2484.0126824     800.50518073    0.338D-06 0.393D-11
                            Exc = -90.6105370780     Coul =  891.115717807    
                              N = 57.999999924    
                            current damping = 0.350
 
          Norm of current diis error: 0.77742E-04
          max. resid. norm for Fia-block=  1.800D-05 for orbital      4a         
          max. resid. fock norm         =  6.340D-05 for orbital    277a         

 ENERGY & DENSITY CONVERGED !


 ITERATION  ENERGY          1e-ENERGY        2e-ENERGY     RMS[dD(SAO)]   TOL
   9  -1419.4632928848    -2484.0125729     800.50507120    0.138D-06 0.380D-11
                            Exc = -90.6105372737     Coul =  891.115608475    
                              N = 57.999999924    
                            current damping = 0.400
 
          Norm of current diis error: 0.78015E-04
          max. resid. norm for Fia-block=  5.179D-06 for orbital      4a         
          max. resid. fock norm         =  2.034D-05 for orbital    277a         

 End of SCF iterations

   convergence criteria satisfied after     9 iterations


                  ------------------------------------------ 
                 |  total energy      =  -1419.46329288485  |
                  ------------------------------------------ 
                 :  kinetic energy    =   1417.45266574370  :
                 :  potential energy  =  -2836.91595862855  :
                 :  virial theorem    =      1.99858353002  :
                 :  wavefunction norm =      1.00000000000  :
                  .......................................... 


 <geterg> : there is no data group $energy 


 <skperg> : $end is missing 


 orbitals $scfmo  will be written to file mos

    irrep                 25a         26a         27a         28a         29a   
 eigenvalues H         -0.32495    -0.29736    -0.29736    -0.29476    -0.27915
            eV          -8.8423     -8.0917     -8.0917     -8.0210     -7.5961
 occupation              2.0000      2.0000      2.0000      2.0000      2.0000

    irrep                 30a         31a         32a         33a         34a   
 eigenvalues H         -0.07261    -0.02518    -0.02516     0.01162     0.09538
            eV          -1.9757     -0.6851     -0.6846      0.3161      2.5954
 
 
 
 
 ==============================================================================
                           electrostatic moments
 ==============================================================================

 reference point for electrostatic moments:    0.00000   0.00000   0.00000

 
              nuc           elec       ->  total
 ------------------------------------------------------------------------------
                          charge      
 ------------------------------------------------------------------------------
          58.000000     -58.000000       0.000000
 
 ------------------------------------------------------------------------------
                       dipole moment  
 ------------------------------------------------------------------------------
   x      -0.000525       0.000430      -0.000094
   y      -0.080484       0.080651       0.000167
   z     186.407102    -185.992714       0.414389
 
   | dipole moment | =     0.4144 a.u. =     1.0533 debye 
 
 ------------------------------------------------------------------------------
                     quadrupole moment
 ------------------------------------------------------------------------------
  xx     256.724711    -289.427959     -32.703248
  yy     256.710825    -289.413780     -32.702954
  zz     613.317851    -641.784300     -28.466449
  xy       0.002648      -0.002839      -0.000191
  xz      -0.004248       0.003957      -0.000291
  yz      -0.410874       0.411897       0.001023
 
     1/3  trace=     -31.290884
     anisotropy=       4.236653
 
 ==============================================================================
 
HOMO-LUMO Separation
 HOMO         :   -0.27915007 H =     -7.59606 eV
 LUMO         :   -0.07260596 H =     -1.97571 eV
 HOMO-LUMO gap:    0.20654411 H =     +5.62035 eV
 
 ==============================================================================


    ------------------------------------------------------------------------
         total  cpu-time :  1 minutes and 52 seconds
         total wall-time :  3 minutes and 33 seconds
    ------------------------------------------------------------------------

   ****  ridft : all done  ****


    2020-12-12 02:01:20.383 

 ridft ended normally
