
 ridft (tigris) : TURBOMOLE rev. V7.4.1 (b987a8a8) compiled 15 Oct 2019 at 12:03:25
 Copyright (C) 2019 TURBOMOLE GmbH, Karlsruhe


    2020-12-12 01:59:19.020 



                                  r i d f t

                        DFT program with RI approximation 
                                for coulomb part 




                                                 
                                 References:     
                                                 
          TURBOMOLE:                             
              R. Ahlrichs, M. Baer, M. Haeser, H. Horn, and
              C. Koelmel
              Electronic structure calculations on workstation
              computers: the program system TURBOMOLE
              Chem. Phys. Lett. 162: 165 (1989)
          Density Functional:                              
              O. Treutler and R. Ahlrichs                      
              Efficient Molecular Numerical Integration Schemes
              J. Chem. Phys. 102: 346 (1995)                   
          Parallel Version:                                
              Performance of parallel TURBOMOLE for Density    
              Functional Calculations                          
              M. v. Arnim and R. Ahlrichs                      
              J. Comp. Chem. 19: 1746 (1998)                   
          RI-J Method:                                     
              Auxiliary Basis Sets to approximate Coulomb      
              Potentials                                       
              Chem. Phys. Lett. 240: 283 (1995)                
              K. Eichkorn, O. Treutler, H. Oehm, M. Haeser     
              and R. Ahlrichs                                  
              Chem. Phys. Lett. 242: 652 (1995)                
                                                           
              Auxiliary Basis Sets for Main Row Atoms and their
              Use to approximate Coulomb Potentials            
              K. Eichkorn, F. Weigend, O. Treutler and         
              R. Ahlrichs                                      
              Theo. Chem. Acc. 97: 119 (1997)                   
                                                           
              Accurate Coulomb-fitting basis sets for H to Rn 
              F. Weigend                                        
              Phys. Chem. Chem. Phys. 8: 1057 (2006)            
                                                           
          Multipole accelerated RI-J (MARI-J):             
              Fast evaluation of the Coulomb potential for     
              electron densities using multipole accelerated   
              resolution of identity approximation             
              M. Sierka, A. Hogekamp and R. Ahlrichs           
              J. Chem. Phys. 118: 9136 (2003)                  
          RI-JK Method:                                     
              A fully direct RI-HF algorithm: Implementation,
              optimised auxiliary basis sets, demonstration of
              accuracy and efficiency                         
              F. Weigend                                      
              Phys. Chem. Chem. Phys. 4: 4285 (2002)           
          Two-component HF and DFT with spin-orbit coupling:  
              Self-consistent treatment of spin-orbit         
              interactions with efficient Hartree-Fock and    
              density functional methods                      
              M. K. Armbruster, F. Weigend, C. van Wüllen and 
              W. Klopper                                      
              Phys. Chem. Chem. Phys. 10: 1748 (2008)         
          Two-component difference density and DIIS algorithm 
              Efficient two-component self-consistent field   
              procedures and gradients: implementation in     
              TURBOMOLE and application to Au20-              
              A. Baldes, F. Weigend                           
              Mol. Phys. 111: 2617 (2013)                     
          Relativistic all-electron 2c calculations           
              An efficient implementation of two-component    
              relativistic exact-decoupling methods for large 
              molecules                                       
              D. Peng, N. Middendorf, F. Weigend, M. Reiher   
              J. Chem. Phys. 138: 184105 (2013)               
          Finite nucleus model and SNSO approximation         
              Efficient implementation of one- and two-       
              component analytical energy gradients in exact  
              two-component theory                            
              Y. J. Franzke, N. Middendorf, F. Weigend        
              J. Chem. Phys. 148: 104110 (2018)               
                                         




              +--------------------------------------------------+
              |      general information about current run       |
              +--------------------------------------------------+

 

 DENSITY CONVERGENCE CHECK SWITCHED ON !
 SCF CONVERGENCE IF RMS(delta[D]) <     0.1000000000E-06

 TPSS meta-GGA functional
 exchange:    LDA + TPSS
 correlation: LDA (PW) + TPSS
 A DFT calculation using the RI-J approximation will be carried out.
 Allocatable memory for RI due to $ricore (MB):                   500


              +--------------------------------------------------+
              | Atomic coordinate, charge and isotop information |
              +--------------------------------------------------+

                    atomic coordinates            atom    charge  isotop
         -0.18855525   -0.09299929   -0.09412689    c      6.000     0
         -1.53518235    1.45402691   -0.10169520    h      1.000     0
         -0.73061756   -1.46251230    1.33370845    h      1.000     0
          1.68289912    0.63053325    0.33111986    h      1.000     0
         -0.16974744   -0.99054160   -1.93859631    h      1.000     0
 
       center of nuclear mass  :   -0.18845644   -0.09277918   -0.09406128
       center of nuclear charge:   -0.18839797   -0.09264895   -0.09402246

              +--------------------------------------------------+
              |               basis set information              |
              +--------------------------------------------------+

              we will work with the 1s 3p 5d 7f 9g ... basis set
              ...i.e. with spherical basis functions...

   type   atoms  prim   cont   basis
   ---------------------------------------------------------------------------
    c        1     50     30   cc-pVTZ   [4s3p2d1f|18s5p2d1f]
    h        4     16     14   cc-pVTZ   [3s2p1d|5s2p1d]
   ---------------------------------------------------------------------------
   total:    5    114     86
   ---------------------------------------------------------------------------

   total number of primitive shells          :   34
   total number of contracted shells         :   34
   total number of cartesian basis functions :   95
   total number of SCF-basis functions       :   86


 integral neglect threshold       :  0.35E-10
 integral storage threshold THIZE :  0.10E-04
 integral storage threshold THIME :         5

 RI-J AUXILIARY BASIS SET information:

              we will work with the 1s 3p 5d 7f 9g ... basis set
              ...i.e. with spherical basis functions...

   type   atoms  prim   cont   basis
   ---------------------------------------------------------------------------
    c        1     70     49   cc-pVTZ   [6s4p3d1f1g|12s5p4d2f1g]
    h        4     16     11   cc-pVTZ   [3s1p1d|5s2p1d]
   ---------------------------------------------------------------------------
   total:    5    134     93
   ---------------------------------------------------------------------------

   total number of primitive shells          :   32
   total number of contracted shells         :   35
   total number of cartesian basis functions :  109
   total number of SCF-basis functions       :   93


 symmetry group of the molecule :   c1 

 the group has the following generators :
   c1(z)

    1 symmetry operations found

 there are 1 real representations :   a   

 maximum number of shells which are related by symmetry :  1


    mo occupation :
   irrep   mo's   occupied
    a       86        5
 
 number of basis functions   :                     86
 number of occupied orbitals :                      5
 
  
           ------------------
           density functional
           ------------------
 TPSS meta-GGA functional
 exchange:    LDA + TPSS
 correlation: LDA (PW) + TPSS

 spherical integration : Lebedev's spherical grid
 spherical gridsize    :                     5
    i.e. gridpoints    :                   590
 value for diffuse not defined
 radial integration    : Chebyshev 2nd kind (scaling 3)
 radial gridsize       :                     8
 integration cells     :                     5
 partition function    : becke
 partition sharpness   :                     3
  

 biggest AO integral is expected to be     3.593180334
  
           ------------------------
               RI-J - INFORMATION
           ------------------------
 Contributions to RI integral batches: 
  neglected integral batches:                     0
  direct contribution:                            0
  memory contribution:                   595
 Memory core needed for (P|Q) and Cholesky      1 MByte
 Memory core minimum needed except of (P|Q)     1 MByte
 Total minimum memory core needed (sum)         1 MByte
  
 ****************************************
 Memory allocated for RI-J     4 MByte
 ****************************************
                                            

          ------------------------
          nuclear repulsion energy  :   13.4917877336    
          ------------------------


         -----------------
         -S,T+V- integrals
         -----------------

 1e-integrals will be neglected if expon. factor < 0.351785E-11
 
   Difference densities algorithm switched on.
   The maximal number of linear combinations of
   difference densities is                    20 .

 DIIS switched on: error vector is FDS-SDF
 Max. Iterations for DIIS is     :   4
 DIIS matrix (see manual) 
    Scaling factor of diagonals  :  1.200
    threshold for scaling factor :  0.000

 scf convergence criterion : increment of total energy < .1000000D-06
                  and increment of one-electron energy < .1000000D-03

  MOs are in ASCII format !


 automatic virtual orbital shift switched on 
      shift if e(lumo)-e(homo) < 0.10000000    


 reading orbital data $scfmo  from file mos
 orbital characterization : scfconv=7

 DSCF restart information will be dumped onto file mos


 Starting SCF iterations

          Overall gridpoints after grid construction =         72441

 ITERATION  ENERGY          1e-ENERGY        2e-ENERGY     RMS[dD(SAO)]   TOL
   1  -40.539649279194    -79.958573969     25.927136956    0.000D+00 0.351D-10
                            Exc = -6.91208707167     Coul =  32.8392240279    
                              N = 9.9999999599    
                            current damping = 0.300
 
          max. resid. norm for Fia-block=  3.483D-02 for orbital      1a         
          max. resid. fock norm         =  8.096D-02 for orbital     80a         

 ITERATION  ENERGY          1e-ENERGY        2e-ENERGY     RMS[dD(SAO)]   TOL
   2  -40.540636188435    -79.921796237     25.889372315    0.880D-03 0.222D-10
                            Exc = -6.92170216385     Coul =  32.8110744787    
                              N = 9.9999999602    
                            current damping = 0.250
 
          Norm of current diis error: 0.34430E-01
          max. resid. norm for Fia-block=  8.398D-03 for orbital      1a         
          max. resid. fock norm         =  2.174D-02 for orbital     80a         

 ITERATION  ENERGY          1e-ENERGY        2e-ENERGY     RMS[dD(SAO)]   TOL
   3  -40.540676508380    -79.979098064     25.946633822    0.200D-03 0.184D-10
                            Exc = -6.93072677466     Coul =  32.8773605970    
                              N = 9.9999999598    
                            current damping = 0.200
 
          Norm of current diis error: 0.27166E-01
          max. resid. norm for Fia-block=  1.509D-03 for orbital      5a         
          max. resid. fock norm         =  5.332D-03 for orbital     80a         

 ITERATION  ENERGY          1e-ENERGY        2e-ENERGY     RMS[dD(SAO)]   TOL
   4  -40.540702720393    -79.952225516     25.919735062    0.672D-04 0.176D-10
                            Exc = -6.92776111757     Coul =  32.8474961792    
                              N = 9.9999999601    
                            current damping = 0.250
 
          Norm of current diis error: 0.14055E-02
          max. resid. norm for Fia-block=  2.212D-04 for orbital      1a         
          max. resid. fock norm         =  1.013D-03 for orbital     80a         

 ITERATION  ENERGY          1e-ENERGY        2e-ENERGY     RMS[dD(SAO)]   TOL
   5  -40.540702836845    -79.952001425     25.919510854    0.788D-05 0.164D-10
                            Exc = -6.92781600956     Coul =  32.8473268637    
                              N = 9.9999999601    
                            current damping = 0.100
 
          Norm of current diis error: 0.30315E-03
          max. resid. norm for Fia-block=  5.014D-05 for orbital      1a         
          max. resid. fock norm         =  2.193D-04 for orbital     80a         
          mo-orthogonalization: Cholesky decomposition

 ITERATION  ENERGY          1e-ENERGY        2e-ENERGY     RMS[dD(SAO)]   TOL
   6  -40.540702842875    -79.952095465     25.919604889    0.194D-05 0.152D-10
                            Exc = -6.92784791031     Coul =  32.8474527993    
                              N = 9.9999999601    
                            current damping = 0.150
 
          Norm of current diis error: 0.31675E-04
          max. resid. norm for Fia-block=  5.475D-06 for orbital      4a         
          max. resid. fock norm         =  2.244D-05 for orbital     80a         

 ENERGY & DENSITY CONVERGED !


 ITERATION  ENERGY          1e-ENERGY        2e-ENERGY     RMS[dD(SAO)]   TOL
   7  -40.540702842943    -79.952105611     25.919615034    0.191D-06 0.146D-10
                            Exc = -6.92785079714     Coul =  32.8474658313    
                              N = 9.9999999601    
                            current damping = 0.100
 
          Norm of current diis error: 0.46107E-05
          max. resid. norm for Fia-block=  8.173D-07 for orbital      3a         
          max. resid. fock norm         =  3.099D-06 for orbital     80a         

 End of SCF iterations

   convergence criteria satisfied after     7 iterations


                  ------------------------------------------ 
                 |  total energy      =    -40.54070284294  |
                  ------------------------------------------ 
                 :  kinetic energy    =     40.28900286437  :
                 :  potential energy  =    -80.82970570731  :
                 :  virial theorem    =      1.99379142538  :
                 :  wavefunction norm =      1.00000000000  :
                  .......................................... 


 <geterg> : there is no data group $energy 


 <skperg> : $end is missing 


 orbitals $scfmo  will be written to file mos

    irrep                  1a          2a          3a          4a          5a   
 eigenvalues H         -9.96873    -0.64429    -0.35486    -0.35466    -0.35429
            eV        -271.2650    -17.5322     -9.6563     -9.6509     -9.6408
 occupation              2.0000      2.0000      2.0000      2.0000      2.0000

    irrep                  6a          7a          8a          9a         10a   
 eigenvalues H          0.03961     0.11311     0.11315     0.11318     0.22856
            eV           1.0778      3.0779      3.0790      3.0798      6.2196
 
 
 
 
 ==============================================================================
                           electrostatic moments
 ==============================================================================

 reference point for electrostatic moments:    0.00000   0.00000   0.00000

 
              nuc           elec       ->  total
 ------------------------------------------------------------------------------
                          charge      
 ------------------------------------------------------------------------------
          10.000000     -10.000000       0.000000
 
 ------------------------------------------------------------------------------
                       dipole moment  
 ------------------------------------------------------------------------------
   x      -1.883980       1.884098       0.000118
   y      -0.926490       0.926777       0.000288
   z      -0.940225       0.940299       0.000074
 
   | dipole moment | =     0.0003 a.u. =     0.0008 debye 
 
 ------------------------------------------------------------------------------
                     quadrupole moment
 ------------------------------------------------------------------------------
  xx       5.964869     -12.195767      -6.230898
  yy       5.683775     -11.918432      -6.234658
  zz       5.710075     -11.937215      -6.227139
  xy       0.170820      -0.172095      -0.001275
  xz       0.174492      -0.175352      -0.000860
  yz       0.083132      -0.084398      -0.001265
 
     1/3  trace=      -6.230898
     anisotropy=       0.007369
 
 ==============================================================================
 
HOMO-LUMO Separation
 HOMO         :   -0.35429010 H =     -9.64073 eV
 LUMO         :    0.03960677 H =     +1.07776 eV
 HOMO-LUMO gap:    0.39389687 H =    +10.71849 eV
 
 ==============================================================================


    ------------------------------------------------------------------------
         total  cpu-time :  11.00 seconds
         total wall-time :  22.22 seconds
    ------------------------------------------------------------------------

   ****  ridft : all done  ****


    2020-12-12 01:59:41.203 

 ridft ended normally
