           SMPCPUS    set: Shared-memory Parallelization with  20 CPUs.

           SMP Parallelization Reference:
           C. van Wullen, J. Comput. Chem. 32 (2011) 1195--1201

 ridft (c-19-411) : TURBOMOLE rev. V7.5.0 compiled 13 Jun 2020 at 23:29:25
 Copyright (C) 2020 TURBOMOLE GmbH, Karlsruhe


    2020-08-03 14:00:49.534 



                                  r i d f t

                        DFT program with RI approximation 
                                for coulomb part 




                                                 
                                 References:     
                                                 
          TURBOMOLE:                             
              R. Ahlrichs, M. Baer, M. Haeser, H. Horn, and
              C. Koelmel
              Electronic structure calculations on workstation
              computers: the program system TURBOMOLE
              Chem. Phys. Lett. 162: 165 (1989)
          Density Functional:                              
              O. Treutler and R. Ahlrichs                      
              Efficient Molecular Numerical Integration Schemes
              J. Chem. Phys. 102: 346 (1995)                   
          Parallel Version:                                
              Performance of parallel TURBOMOLE for Density    
              Functional Calculations                          
              M. v. Arnim and R. Ahlrichs                      
              J. Comp. Chem. 19: 1746 (1998)                   
          RI-J Method:                                     
              Auxiliary Basis Sets to approximate Coulomb      
              Potentials                                       
              Chem. Phys. Lett. 240: 283 (1995)                
              K. Eichkorn, O. Treutler, H. Oehm, M. Haeser     
              and R. Ahlrichs                                  
              Chem. Phys. Lett. 242: 652 (1995)                
                                                           
              Auxiliary Basis Sets for Main Row Atoms and their
              Use to approximate Coulomb Potentials            
              K. Eichkorn, F. Weigend, O. Treutler and         
              R. Ahlrichs                                      
              Theo. Chem. Acc. 97: 119 (1997)                   
                                                           
              Accurate Coulomb-fitting basis sets for H to Rn 
              F. Weigend                                        
              Phys. Chem. Chem. Phys. 8: 1057 (2006)            
                                                           
          Multipole accelerated RI-J (MARI-J):             
              Fast evaluation of the Coulomb potential for     
              electron densities using multipole accelerated   
              resolution of identity approximation             
              M. Sierka, A. Hogekamp and R. Ahlrichs           
              J. Chem. Phys. 118: 9136 (2003)                  
          RI-JK Method:                                     
              A fully direct RI-HF algorithm: Implementation,
              optimised auxiliary basis sets, demonstration of
              accuracy and efficiency                         
              F. Weigend                                      
              Phys. Chem. Chem. Phys. 4: 4285 (2002)           
          Two-component HF and DFT with spin-orbit coupling:  
              Self-consistent treatment of spin-orbit         
              interactions with efficient Hartree-Fock and    
              density functional methods                      
              M. K. Armbruster, F. Weigend, C. van Wüllen and 
              W. Klopper                                      
              Phys. Chem. Chem. Phys. 10: 1748 (2008)         
          Two-component difference density and DIIS algorithm 
              Efficient two-component self-consistent field   
              procedures and gradients: implementation in     
              TURBOMOLE and application to Au20-              
              A. Baldes, F. Weigend                           
              Mol. Phys. 111: 2617 (2013)                     
          Relativistic all-electron 2c calculations           
              An efficient implementation of two-component    
              relativistic exact-decoupling methods for large 
              molecules                                       
              D. Peng, N. Middendorf, F. Weigend, M. Reiher   
              J. Chem. Phys. 138: 184105 (2013)               
          Finite nucleus model and SNSO approximation         
              Efficient implementation of one- and two-       
              component analytical energy gradients in exact  
              two-component theory                            
              Y. J. Franzke, N. Middendorf, F. Weigend        
              J. Chem. Phys. 148: 104110 (2018)               
          Grids for all-electron relativistic methods         
              Error-consistent segmented contracted all-      
              electron relativistic basis sets of double-     
              and triple-zeta quality for NMR shielding       
              constants                                       
              Y. J. Franzke, R. Tress, T. M. Pazdera,         
              F. Weigend                                      
              Phys. Chem. Chem. Phys. 21: 166658 (2019)       
          Seminumerical exchange algorithms                   
              Seminumerical calculation of the Hartree-Fock   
              exchange matirx: Application to two-component   
              procedures and efficient evaluation of local    
              hybrid functionsl                               
              P. Plessow, F. Weigend,                         
              J. Comput. Chem. 33: 810 (2012)                 
          Improved seminumerical algorithms                   
              C. Holzer, in preparation (2020)                
                                         




              +--------------------------------------------------+
              |      general information about current run       |
              +--------------------------------------------------+

 

 DENSITY CONVERGENCE CHECK SWITCHED ON !
 SCF CONVERGENCE IF RMS(delta[D]) <     0.1000000000E-06

 PBE functional
 exchange:    LDA + PBE
 correlation: LDA (PW) + PBE
 A DFT calculation using the RI-J approximation will be carried out.
 Allocatable memory for RI due to $ricore (MB):                  5000


              +--------------------------------------------------+
              | Atomic coordinate, charge and isotop information |
              +--------------------------------------------------+

                    atomic coordinates            atom    charge  isotop
         -0.05522347   -0.57510791   -0.08341062    c      0.000     0
         -1.91611238    0.26574274   -0.28419591    h      0.000     0
         -0.11563234   -2.05311752    1.33858940    h      0.000     0
          1.28180879    0.86862396    0.49611925    h      0.000     0
          0.54060718   -1.36918784   -1.87914934    h      0.000     0
         -4.13903954   -4.98261240   -1.85515007    cl    17.000     0
         -6.60027365   -7.64093173   -2.92198173    cl    17.000     0
 
       center of nuclear mass  :   -4.38895253   -5.25315108   -1.96318196
       center of nuclear charge:   -5.36965659   -6.31177207   -2.38856590

              +--------------------------------------------------+
              |               basis set information              |
              +--------------------------------------------------+

              we will work with the 1s 3p 5d 7f 9g ... basis set
              ...i.e. with spherical basis functions...

   type   atoms  prim   cont   basis
   ---------------------------------------------------------------------------
    c        1     50     30   cc-pVTZ   [4s3p2d1f|18s5p2d1f]
    h        4     16     14   cc-pVTZ   [3s2p1d|5s2p1d]
    cl       2    111     39   cc-pV(T+d)Z   [5s4p3d1f|41s16p3d1f]
   ---------------------------------------------------------------------------
   total:    7    336    164
   ---------------------------------------------------------------------------

   total number of primitive shells          :   95
   total number of contracted shells         :   60
   total number of cartesian basis functions :  185
   total number of SCF-basis functions       :  164


 integral neglect threshold       :  0.18E-10
 integral storage threshold THIZE :  0.10E-04
 integral storage threshold THIME :         5

 RI-J AUXILIARY BASIS SET information:

              we will work with the 1s 3p 5d 7f 9g ... basis set
              ...i.e. with spherical basis functions...

   type   atoms  prim   cont   basis
   ---------------------------------------------------------------------------
    c        1     70     49   cc-pVTZ   [6s4p3d1f1g|12s5p4d2f1g]
    h        4     16     11   cc-pVTZ   [3s1p1d|5s2p1d]
    cl       2     77     51   universal   [8s4p3d1f1g|14s5p5d2f1g]
   ---------------------------------------------------------------------------
   total:    7    288    195
   ---------------------------------------------------------------------------

   total number of primitive shells          :   59
   total number of contracted shells         :   69
   total number of cartesian basis functions :  235
   total number of SCF-basis functions       :  195


 symmetry group of the molecule :   c1 

 the group has the following generators :
   c1(z)

    1 symmetry operations found

 there are 1 real representations :   a   

 maximum number of shells which are related by symmetry :  1

  
           ------------------
           density functional
           ------------------
 Dummy atoms with grid-point found.
 DFT quadrature threshold dgrenze tightened by factor 1/10.

 PBE functional
 exchange:    LDA + PBE
 correlation: LDA (PW) + PBE
 Dummy atoms with grid-point found.
 DFT quadrature threshold dgrenze tightened by factor 1/10.

 Dummy atoms with grid-point found.
 DFT quadrature threshold dgrenze tightened by factor 1/10.


 spherical integration : Lebedev's spherical grid
 spherical gridsize    :                     5
    i.e. gridpoints    :                   590
 value for diffuse not defined
 radial integration    : Chebyshev 2nd kind (scaling 3)
 radial gridsize       :                     8
 integration cells     :                     7
 partition function    : becke
 partition sharpness   :                     3
  
 found dummy atom(s) with basis: included in dft

 biggest AO integral is expected to be    10.299856942

          ------------------------
          nuclear repulsion energy  :   76.5245086694    
          ------------------------


         -----------------
         -S,T+V- integrals
         -----------------

 1e-integrals will be neglected if expon. factor < 0.180647E-11
 
   Difference densities algorithm switched on.
   The maximal number of linear combinations of
   difference densities is                    20 .

 DIIS switched on: error vector is FDS-SDF
 Max. Iterations for DIIS is     :   4
 DIIS matrix (see manual) 
    Scaling factor of diagonals  :  1.200
    threshold for scaling factor :  0.000

 scf convergence criterion : increment of total energy < .1000000D-06
                  and increment of one-electron energy < .1000000D-03

 MOs are in ASCII format !


    mo occupation :
   irrep   mo's   occupied
    a      164       17
 
 number of basis functions   :   164
 number of occupied orbitals :    17
 

 reading orbital data $scfmo  from file mos
 orbital characterization : expanded
 virtual MOs provided and orthogonalized by Cholesky decomposition

 automatic virtual orbital shift switched on 
      shift if e(lumo)-e(homo) < 0.10000000    

  
           ------------------------
               RI-J - INFORMATION
           ------------------------
 Contributions to RI integral batches: 
  neglected integral batches:                   252
  direct contribution:                            0
  memory contribution:                  1578
 Memory core needed for (P|Q) and Cholesky      1 MByte
 Memory core minimum needed except of (P|Q)     1 MByte
 Total minimum memory core needed (sum)         1 MByte
  
 ****************************************
 Memory allocated for RI-J    26 MByte
 ****************************************
                                            

 DSCF restart information will be dumped onto file mos


 Starting SCF iterations

          Overall gridpoints after grid construction =        114746

 ITERATION  ENERGY          1e-ENERGY        2e-ENERGY     RMS[dD(SAO)]   TOL
   1  -919.91346892481    -1420.6621482     424.22417064    0.000D+00 0.180D-10
                            Exc = -56.0796219513     Coul =  480.303792596    
                              N = 33.999999304    
                            current damping = 0.300
 
          max. resid. norm for Fia-block=  1.659D-01 for orbital     15a         
          max. resid. fock norm         =  1.902D+01 for orbital    161a         

 ITERATION  ENERGY          1e-ENERGY        2e-ENERGY     RMS[dD(SAO)]   TOL
   2  -920.02203070320    -1423.0769904     426.53045100    0.298D-02 0.116D-10
                            Exc = -56.1018964218     Coul =  482.632347423    
                              N = 33.999999290    
                            current damping = 0.250
 
          Norm of current diis error: 0.32102    
          max. resid. norm for Fia-block=  4.386D-02 for orbital     17a         
          max. resid. fock norm         =  7.875D-02 for orbital     39a         

 ITERATION  ENERGY          1e-ENERGY        2e-ENERGY     RMS[dD(SAO)]   TOL
   3  -920.03439504155    -1422.1731569     425.61425315    0.137D-02 0.937D-11
                            Exc = -56.0343979858     Coul =  481.648651137    
                              N = 33.999999304    
                            current damping = 0.200
 
          Norm of current diis error: 0.96975E-01
          max. resid. norm for Fia-block=  1.163D-02 for orbital     12a         
          max. resid. fock norm         =  1.408D-02 for orbital     18a         

 ITERATION  ENERGY          1e-ENERGY        2e-ENERGY     RMS[dD(SAO)]   TOL
   4  -920.03557849870    -1422.4888219     425.92873468    0.421D-03 0.840D-11
                            Exc = -56.0507532670     Coul =  481.979487950    
                              N = 33.999999305    
                            current damping = 0.250
 
          Norm of current diis error: 0.26377E-01
          max. resid. norm for Fia-block=  2.773D-03 for orbital     16a         
          max. resid. fock norm         =  3.730D-03 for orbital     93a         

 ITERATION  ENERGY          1e-ENERGY        2e-ENERGY     RMS[dD(SAO)]   TOL
   5  -920.03564894955    -1422.3933158     425.83315813    0.997D-04 0.797D-11
                            Exc = -56.0448303770     Coul =  481.877988509    
                              N = 33.999999306    
                            current damping = 0.300
 
          Norm of current diis error: 0.27239E-02
          max. resid. norm for Fia-block=  3.157D-04 for orbital     13a         
          max. resid. fock norm         =  5.973D-04 for orbital     31a         
          mo-orthogonalization: Cholesky decomposition

 ITERATION  ENERGY          1e-ENERGY        2e-ENERGY     RMS[dD(SAO)]   TOL
   6  -920.03565019947    -1422.3951500     425.83499115    0.155D-04 0.764D-11
                            Exc = -56.0447750172     Coul =  481.879766165    
                              N = 33.999999306    
                            current damping = 0.350
 
          Norm of current diis error: 0.67874E-03
          max. resid. norm for Fia-block=  1.023D-04 for orbital     13a         
          max. resid. fock norm         =  1.750D-04 for orbital     31a         

 ITERATION  ENERGY          1e-ENERGY        2e-ENERGY     RMS[dD(SAO)]   TOL
   7  -920.03565024173    -1422.3950353     425.83487638    0.429D-05 0.754D-11
                            Exc = -56.0447574845     Coul =  481.879633861    
                              N = 33.999999306    
                            current damping = 0.400
 
          Norm of current diis error: 0.54822E-03
          max. resid. norm for Fia-block=  4.935D-05 for orbital     13a         
          max. resid. fock norm         =  7.892D-05 for orbital    155a         

 ITERATION  ENERGY          1e-ENERGY        2e-ENERGY     RMS[dD(SAO)]   TOL
   8  -920.03565027948    -1422.3949160     425.83475706    0.176D-05 0.741D-11
                            Exc = -56.0447476942     Coul =  481.879504753    
                              N = 33.999999306    
                            current damping = 0.250
 
          Norm of current diis error: 0.44562E-04
          max. resid. norm for Fia-block=  6.907D-06 for orbital     16a         
          max. resid. fock norm         =  1.679D-05 for orbital     31a         

 ITERATION  ENERGY          1e-ENERGY        2e-ENERGY     RMS[dD(SAO)]   TOL
   9  -920.03565027983    -1422.3946966     425.83453769    0.328D-06 0.727D-11
                            Exc = -56.0447306980     Coul =  481.879268390    
                              N = 33.999999306    
                            current damping = 0.100
 
          Norm of current diis error: 0.15557E-04
          max. resid. norm for Fia-block=  2.102D-06 for orbital     12a         
          max. resid. fock norm         =  3.076D-06 for orbital     31a         

 ENERGY & DENSITY CONVERGED !


 ITERATION  ENERGY          1e-ENERGY        2e-ENERGY     RMS[dD(SAO)]   TOL
  10  -920.03565027986    -1422.3948142     425.83465523    0.824D-07 0.718D-11
                            Exc = -56.0447374961     Coul =  481.879392728    
                              N = 33.999999306    
                            current damping = 0.150
 
          Norm of current diis error: 0.12562E-04
          max. resid. norm for Fia-block=  6.774D-07 for orbital     13a         
          max. resid. fock norm         =  1.050D-06 for orbital     13a         

 End of SCF iterations

   convergence criteria satisfied after    10 iterations


                  ------------------------------------------ 
                 |  total energy      =   -920.03565027986  |
                  ------------------------------------------ 
                 :  kinetic energy    =    917.52145238154  :
                 :  potential energy  =  -1837.55710266141  :
                 :  virial theorem    =      1.99726728209  :
                 :  wavefunction norm =      1.00000000000  :
                  .......................................... 


 orbitals $scfmo  will be written to file mos

    irrep                 13a         14a         15a         16a         17a   
 eigenvalues H         -0.43865    -0.36448    -0.36448    -0.26736    -0.26736
            eV         -11.9364     -9.9182     -9.9182     -7.2753     -7.2753
 occupation              2.0000      2.0000      2.0000      2.0000      2.0000

    irrep                 18a         19a         20a         21a         22a   
 eigenvalues H         -0.15667     0.05292     0.14557     0.14559     0.16819
            eV          -4.2633      1.4401      3.9611      3.9617      4.5768
 
 
 
 
 ==============================================================================
                           electrostatic moments
 ==============================================================================

 reference point for electrostatic moments:    0.00000   0.00000   0.00000

 
              nuc           elec       ->  total
 ------------------------------------------------------------------------------
                          charge      
 ------------------------------------------------------------------------------
          34.000000     -34.000000      -0.000000
 
 ------------------------------------------------------------------------------
                       dipole moment  
 ------------------------------------------------------------------------------
   x    -182.568324     182.558796      -0.009528
   y    -214.600250     214.589969      -0.010281
   z     -81.211241      81.207106      -0.004134
 
   | dipole moment | =     0.0146 a.u. =     0.0371 debye 
 
 ------------------------------------------------------------------------------
                     quadrupole moment
 ------------------------------------------------------------------------------
  xx    1031.819430   -1049.498901     -17.679471
  yy    1414.574489   -1432.056484     -17.481996
  zz     203.652503    -222.243202     -18.590699
  xy    1207.942992   -1206.725565       1.217427
  xz     458.395114    -457.907895       0.487219
  yz     536.692663    -536.164324       0.528338
 
     1/3  trace=     -17.917389
     anisotropy=       2.654286
 
 ==============================================================================
 
HOMO-LUMO Separation
 HOMO         :   -0.26735908 H =     -7.27521 eV
 LUMO         :   -0.15667069 H =     -4.26323 eV
 HOMO-LUMO gap:    0.11068839 H =     +3.01199 eV
 
 ==============================================================================


    ------------------------------------------------------------------------
         total  cpu-time :  1 minutes and 16 seconds
         total wall-time :   3.97 seconds
    ------------------------------------------------------------------------

   ****  ridft : all done  ****


    2020-08-03 14:00:53.480 

