
 ridft (riogrande) : TURBOMOLE rev. V7.4.1 (b987a8a8) compiled 15 Oct 2019 at 12:03:25
 Copyright (C) 2019 TURBOMOLE GmbH, Karlsruhe


    2020-07-20 19:24:54.338 



                                  r i d f t

                        DFT program with RI approximation 
                                for coulomb part 




                                                 
                                 References:     
                                                 
          TURBOMOLE:                             
              R. Ahlrichs, M. Baer, M. Haeser, H. Horn, and
              C. Koelmel
              Electronic structure calculations on workstation
              computers: the program system TURBOMOLE
              Chem. Phys. Lett. 162: 165 (1989)
          Density Functional:                              
              O. Treutler and R. Ahlrichs                      
              Efficient Molecular Numerical Integration Schemes
              J. Chem. Phys. 102: 346 (1995)                   
          Parallel Version:                                
              Performance of parallel TURBOMOLE for Density    
              Functional Calculations                          
              M. v. Arnim and R. Ahlrichs                      
              J. Comp. Chem. 19: 1746 (1998)                   
          RI-J Method:                                     
              Auxiliary Basis Sets to approximate Coulomb      
              Potentials                                       
              Chem. Phys. Lett. 240: 283 (1995)                
              K. Eichkorn, O. Treutler, H. Oehm, M. Haeser     
              and R. Ahlrichs                                  
              Chem. Phys. Lett. 242: 652 (1995)                
                                                           
              Auxiliary Basis Sets for Main Row Atoms and their
              Use to approximate Coulomb Potentials            
              K. Eichkorn, F. Weigend, O. Treutler and         
              R. Ahlrichs                                      
              Theo. Chem. Acc. 97: 119 (1997)                   
                                                           
              Accurate Coulomb-fitting basis sets for H to Rn 
              F. Weigend                                        
              Phys. Chem. Chem. Phys. 8: 1057 (2006)            
                                                           
          Multipole accelerated RI-J (MARI-J):             
              Fast evaluation of the Coulomb potential for     
              electron densities using multipole accelerated   
              resolution of identity approximation             
              M. Sierka, A. Hogekamp and R. Ahlrichs           
              J. Chem. Phys. 118: 9136 (2003)                  
          RI-JK Method:                                     
              A fully direct RI-HF algorithm: Implementation,
              optimised auxiliary basis sets, demonstration of
              accuracy and efficiency                         
              F. Weigend                                      
              Phys. Chem. Chem. Phys. 4: 4285 (2002)           
          Two-component HF and DFT with spin-orbit coupling:  
              Self-consistent treatment of spin-orbit         
              interactions with efficient Hartree-Fock and    
              density functional methods                      
              M. K. Armbruster, F. Weigend, C. van Wüllen and 
              W. Klopper                                      
              Phys. Chem. Chem. Phys. 10: 1748 (2008)         
          Two-component difference density and DIIS algorithm 
              Efficient two-component self-consistent field   
              procedures and gradients: implementation in     
              TURBOMOLE and application to Au20-              
              A. Baldes, F. Weigend                           
              Mol. Phys. 111: 2617 (2013)                     
          Relativistic all-electron 2c calculations           
              An efficient implementation of two-component    
              relativistic exact-decoupling methods for large 
              molecules                                       
              D. Peng, N. Middendorf, F. Weigend, M. Reiher   
              J. Chem. Phys. 138: 184105 (2013)               
          Finite nucleus model and SNSO approximation         
              Efficient implementation of one- and two-       
              component analytical energy gradients in exact  
              two-component theory                            
              Y. J. Franzke, N. Middendorf, F. Weigend        
              J. Chem. Phys. 148: 104110 (2018)               
                                         




              +--------------------------------------------------+
              |      general information about current run       |
              +--------------------------------------------------+

 

 DENSITY CONVERGENCE CHECK SWITCHED ON !
 SCF CONVERGENCE IF RMS(delta[D]) <     0.1000000000E-06

 PBE functional
 exchange:    LDA + PBE
 correlation: LDA (PW) + PBE
 A DFT calculation using the RI-J approximation will be carried out.
 Allocatable memory for RI due to $ricore (MB):                   500


              +--------------------------------------------------+
              | Atomic coordinate, charge and isotop information |
              +--------------------------------------------------+

                    atomic coordinates            atom    charge  isotop
          2.12756169    0.00000793   -4.84067748    f      9.000     0
         -0.34891399   -0.00000275   -5.71720727    c      6.000     0
         -0.31544930   -0.00000342   -7.76862268    h      1.000     0
         -1.29653745   -1.67917298   -5.01672589    h      1.000     0
         -1.29655077    1.67916026   -5.01672670    h      1.000     0
 
       center of nuclear mass  :    0.97838101    0.00000298   -5.24716908
       center of nuclear charge:    0.78589076    0.00000216   -5.31507868

              +--------------------------------------------------+
              |               basis set information              |
              +--------------------------------------------------+

              we will work with the 1s 3p 5d 7f 9g ... basis set
              ...i.e. with spherical basis functions...

   type   atoms  prim   cont   basis
   ---------------------------------------------------------------------------
    f        1     77     55   cc-pVQZ   [5s4p3d2f1g|21s6p3d2f1g]
    c        1     77     55   cc-pVQZ   [5s4p3d2f1g|21s6p3d2f1g]
    h        3     32     30   cc-pVQZ   [4s3p2d1f|6s3p2d1f]
   ---------------------------------------------------------------------------
   total:    5    250    200
   ---------------------------------------------------------------------------

   total number of primitive shells          :   78
   total number of contracted shells         :   60
   total number of cartesian basis functions :  245
   total number of SCF-basis functions       :  200


 integral neglect threshold       :  0.14E-10
 integral storage threshold THIZE :  0.10E-04
 integral storage threshold THIME :         5

 RI-J AUXILIARY BASIS SET information:

              we will work with the 1s 3p 5d 7f 9g ... basis set
              ...i.e. with spherical basis functions...

   type   atoms  prim   cont   basis
   ---------------------------------------------------------------------------
    f        1     70     49   cc-pVQZ   [6s4p3d1f1g|12s5p4d2f1g]
    c        1     70     49   cc-pVQZ   [6s4p3d1f1g|12s5p4d2f1g]
    h        3     16     11   cc-pVQZ   [3s1p1d|5s2p1d]
   ---------------------------------------------------------------------------
   total:    5    188    131
   ---------------------------------------------------------------------------

   total number of primitive shells          :   56
   total number of contracted shells         :   45
   total number of cartesian basis functions :  158
   total number of SCF-basis functions       :  131


 symmetry group of the molecule :   c1 

 the group has the following generators :
   c1(z)

    1 symmetry operations found

 there are 1 real representations :   a   

 maximum number of shells which are related by symmetry :  1


    mo occupation :
   irrep   mo's   occupied
    a      200        9
 
 number of basis functions   :                    200
 number of occupied orbitals :                      9
 
  
           ------------------
           density functional
           ------------------
 PBE functional
 exchange:    LDA + PBE
 correlation: LDA (PW) + PBE

 spherical integration : Lebedev's spherical grid
 spherical gridsize    :                     5
    i.e. gridpoints    :                   590
 value for diffuse not defined
 radial integration    : Chebyshev 2nd kind (scaling 3)
 radial gridsize       :                     8
 integration cells     :                     5
 partition function    : becke
 partition sharpness   :                     3
  

 biggest AO integral is expected to be     5.406832293
  
           ------------------------
               RI-J - INFORMATION
           ------------------------
 Contributions to RI integral batches: 
  neglected integral batches:                    16
  direct contribution:                            0
  memory contribution:                  1814
 Memory core needed for (P|Q) and Cholesky      1 MByte
 Memory core minimum needed except of (P|Q)     1 MByte
 Total minimum memory core needed (sum)         1 MByte
  
 ****************************************
 Memory allocated for RI-J    37 MByte
 ****************************************
                                            

          ------------------------
          nuclear repulsion energy  :   37.2959598362    
          ------------------------


         -----------------
         -S,T+V- integrals
         -----------------

 1e-integrals will be neglected if expon. factor < 0.136407E-11
 
   Difference densities algorithm switched on.
   The maximal number of linear combinations of
   difference densities is                    20 .

 DIIS switched on: error vector is FDS-SDF
 Max. Iterations for DIIS is     :   4
 DIIS matrix (see manual) 
    Scaling factor of diagonals  :  1.200
    threshold for scaling factor :  0.000

 scf convergence criterion : increment of total energy < .1000000D-06
                  and increment of one-electron energy < .1000000D-03

  MOs are in ASCII format !


 automatic virtual orbital shift switched on 
      shift if e(lumo)-e(homo) < 0.10000000    


 reading orbital data $scfmo  from file mos
 orbital characterization : expanded
 mo provided and orthogonalized by Cholesky decomposition

 DSCF restart information will be dumped onto file mos


 Starting SCF iterations

          Overall gridpoints after grid construction =         78003

 ITERATION  ENERGY          1e-ENERGY        2e-ENERGY     RMS[dD(SAO)]   TOL
   1  -139.21321760842    -265.50092542     88.991747978    0.000D+00 0.136D-10
                            Exc = -16.7744263603     Coul =  105.766174338    
                              N = 17.999999986    
                            current damping = 0.300
 
          max. resid. norm for Fia-block=  3.369D-01 for orbital      4a         
          max. resid. fock norm         =  1.401D+01 for orbital    187a         

 ITERATION  ENERGY          1e-ENERGY        2e-ENERGY     RMS[dD(SAO)]   TOL
   2  -139.59084333044    -265.56483668     88.678033509    0.693D-02 0.935D-11
                            Exc = -16.6935801602     Coul =  105.371613669    
                              N = 18.000000002    
                            current damping = 0.250
 
          Norm of current diis error:  1.6101    
          max. resid. norm for Fia-block=  1.158D-01 for orbital      8a         
          max. resid. fock norm         =  3.039D-01 for orbital     89a         

 ITERATION  ENERGY          1e-ENERGY        2e-ENERGY     RMS[dD(SAO)]   TOL
   3  -139.64548921590    -266.91604134     89.974592283    0.235D-02 0.758D-11
                            Exc = -16.9233489323     Coul =  106.897941215    
                              N = 17.999999982    
                            current damping = 0.200
 
          Norm of current diis error: 0.49222    
          max. resid. norm for Fia-block=  3.665D-02 for orbital      8a         
          max. resid. fock norm         =  4.088D-02 for orbital     16a         

 ITERATION  ENERGY          1e-ENERGY        2e-ENERGY     RMS[dD(SAO)]   TOL
   4  -139.65041625588    -265.81969684     88.873320750    0.166D-02 0.650D-11
                            Exc = -16.7829527345     Coul =  105.656273485    
                              N = 17.999999982    
                            current damping = 0.250
 
          Norm of current diis error: 0.29121    
          max. resid. norm for Fia-block=  1.277D-02 for orbital      8a         
          max. resid. fock norm         =  1.849D-02 for orbital      9a         

 ITERATION  ENERGY          1e-ENERGY        2e-ENERGY     RMS[dD(SAO)]   TOL
   5  -139.65289888994    -266.34089722     89.392038497    0.356D-03 0.631D-11
                            Exc = -16.8429653873     Coul =  106.235003884    
                              N = 17.999999981    
                            current damping = 0.300
 
          Norm of current diis error: 0.39571E-01
          max. resid. norm for Fia-block=  1.628D-03 for orbital      4a         
          max. resid. fock norm         =  2.415D-03 for orbital     96a         
          mo-orthogonalization: Cholesky decomposition

 ITERATION  ENERGY          1e-ENERGY        2e-ENERGY     RMS[dD(SAO)]   TOL
   6  -139.65293240114    -266.31430763     89.365415395    0.581D-04 0.606D-11
                            Exc = -16.8413219938     Coul =  106.206737389    
                              N = 17.999999980    
                            current damping = 0.350
 
          Norm of current diis error: 0.43949E-02
          max. resid. norm for Fia-block=  3.003D-04 for orbital      5a         
          max. resid. fock norm         =  3.394D-04 for orbital     89a         

 ITERATION  ENERGY          1e-ENERGY        2e-ENERGY     RMS[dD(SAO)]   TOL
   7  -139.65293305255    -266.32132464     89.372431749    0.745D-05 0.587D-11
                            Exc = -16.8422233252     Coul =  106.214655074    
                              N = 17.999999980    
                            current damping = 0.400
 
          Norm of current diis error: 0.83956E-03
          max. resid. norm for Fia-block=  4.737D-05 for orbital      4a         
          max. resid. fock norm         =  1.034D-04 for orbital    100a         

 ITERATION  ENERGY          1e-ENERGY        2e-ENERGY     RMS[dD(SAO)]   TOL
   8  -139.65293306773    -266.32156878     89.372675880    0.201D-05 0.569D-11
                            Exc = -16.8422506250     Coul =  106.214926505    
                              N = 17.999999980    
                            current damping = 0.250
 
          Norm of current diis error: 0.11755E-03
          max. resid. norm for Fia-block=  1.015D-05 for orbital      8a         
          max. resid. fock norm         =  1.618D-05 for orbital     16a         

 ITERATION  ENERGY          1e-ENERGY        2e-ENERGY     RMS[dD(SAO)]   TOL
   9  -139.65293306818    -266.32143206     89.372539159    0.876D-06 0.547D-11
                            Exc = -16.8422346191     Coul =  106.214773778    
                              N = 17.999999980    
                            current damping = 0.300
 
          Norm of current diis error: 0.75236E-04
          max. resid. norm for Fia-block=  5.672D-06 for orbital      5a         
          max. resid. fock norm         =  8.826D-06 for orbital     98a         

 ENERGY & DENSITY CONVERGED !


 ITERATION  ENERGY          1e-ENERGY        2e-ENERGY     RMS[dD(SAO)]   TOL
  10  -139.65293306829    -266.32152709     89.372634184    0.118D-06 0.530D-11
                            Exc = -16.8422482667     Coul =  106.214882451    
                              N = 17.999999980    
                            current damping = 0.350
 
          Norm of current diis error: 0.39543E-04
          max. resid. norm for Fia-block=  1.800D-06 for orbital      5a         
          max. resid. fock norm         =  1.845D-06 for orbital      5a         

 End of SCF iterations

   convergence criteria satisfied after    10 iterations


                  ------------------------------------------ 
                 |  total energy      =   -139.65293306829  |
                  ------------------------------------------ 
                 :  kinetic energy    =    139.21499564086  :
                 :  potential energy  =   -278.86792870915  :
                 :  virial theorem    =      1.99686410147  :
                 :  wavefunction norm =      1.00000000000  :
                  .......................................... 


 <geterg> : there is no data group $energy 


 <skperg> : $end is missing 


 orbitals $scfmo  will be written to file mos

    irrep                  5a          6a          7a          8a          9a   
 eigenvalues H         -0.43671    -0.42651    -0.42577    -0.29334    -0.29301
            eV         -11.8835    -11.6061    -11.5860     -7.9823     -7.9733
 occupation              2.0000      2.0000      2.0000      2.0000      2.0000

    irrep                 10a         11a         12a         13a         14a   
 eigenvalues H          0.01536     0.03811     0.07716     0.07723     0.16806
            eV           0.4181      1.0370      2.0997      2.1016      4.5732
 
 
 
 
 ==============================================================================
                           electrostatic moments
 ==============================================================================

 reference point for electrostatic moments:    0.00000   0.00000   0.00000

 
              nuc           elec       ->  total
 ------------------------------------------------------------------------------
                          charge      
 ------------------------------------------------------------------------------
          18.000000     -18.000000       0.000000
 
 ------------------------------------------------------------------------------
                       dipole moment  
 ------------------------------------------------------------------------------
   x      14.146034     -14.783837      -0.637804
   y       0.000039      -0.000042      -0.000003
   z     -95.671416      95.446564      -0.224852
 
   | dipole moment | =     0.6763 a.u. =     1.7189 debye 
 
 ------------------------------------------------------------------------------
                     quadrupole moment
 ------------------------------------------------------------------------------
  xx      44.930676     -55.245875     -10.315200
  yy       5.639201     -14.530599      -8.891398
  zz     517.694764    -524.237360      -6.542596
  xy       0.000153      -0.000158      -0.000005
  xz     -65.261257      68.315025       3.053768
  yz      -0.000162       0.000176       0.000014
 
     1/3  trace=      -8.583065
     anisotropy=       6.234164
 
 ==============================================================================
 
HOMO-LUMO Separation
 HOMO         :   -0.29301098 H =     -7.97324 eV
 LUMO         :    0.01536393 H =     +0.41807 eV
 HOMO-LUMO gap:    0.30837491 H =     +8.39131 eV
 
 ==============================================================================


    ------------------------------------------------------------------------
         total  cpu-time :  10.38 seconds
         total wall-time :  10.38 seconds
    ------------------------------------------------------------------------

   ****  ridft : all done  ****


    2020-07-20 19:25:04.713 

