
 ridft (riogrande) : TURBOMOLE rev. V7.4.1 (b987a8a8) compiled 15 Oct 2019 at 12:03:25
 Copyright (C) 2019 TURBOMOLE GmbH, Karlsruhe


    2020-07-18 04:06:21.292 



                                  r i d f t

                        DFT program with RI approximation 
                                for coulomb part 




                                                 
                                 References:     
                                                 
          TURBOMOLE:                             
              R. Ahlrichs, M. Baer, M. Haeser, H. Horn, and
              C. Koelmel
              Electronic structure calculations on workstation
              computers: the program system TURBOMOLE
              Chem. Phys. Lett. 162: 165 (1989)
          Density Functional:                              
              O. Treutler and R. Ahlrichs                      
              Efficient Molecular Numerical Integration Schemes
              J. Chem. Phys. 102: 346 (1995)                   
          Parallel Version:                                
              Performance of parallel TURBOMOLE for Density    
              Functional Calculations                          
              M. v. Arnim and R. Ahlrichs                      
              J. Comp. Chem. 19: 1746 (1998)                   
          RI-J Method:                                     
              Auxiliary Basis Sets to approximate Coulomb      
              Potentials                                       
              Chem. Phys. Lett. 240: 283 (1995)                
              K. Eichkorn, O. Treutler, H. Oehm, M. Haeser     
              and R. Ahlrichs                                  
              Chem. Phys. Lett. 242: 652 (1995)                
                                                           
              Auxiliary Basis Sets for Main Row Atoms and their
              Use to approximate Coulomb Potentials            
              K. Eichkorn, F. Weigend, O. Treutler and         
              R. Ahlrichs                                      
              Theo. Chem. Acc. 97: 119 (1997)                   
                                                           
              Accurate Coulomb-fitting basis sets for H to Rn 
              F. Weigend                                        
              Phys. Chem. Chem. Phys. 8: 1057 (2006)            
                                                           
          Multipole accelerated RI-J (MARI-J):             
              Fast evaluation of the Coulomb potential for     
              electron densities using multipole accelerated   
              resolution of identity approximation             
              M. Sierka, A. Hogekamp and R. Ahlrichs           
              J. Chem. Phys. 118: 9136 (2003)                  
          RI-JK Method:                                     
              A fully direct RI-HF algorithm: Implementation,
              optimised auxiliary basis sets, demonstration of
              accuracy and efficiency                         
              F. Weigend                                      
              Phys. Chem. Chem. Phys. 4: 4285 (2002)           
          Two-component HF and DFT with spin-orbit coupling:  
              Self-consistent treatment of spin-orbit         
              interactions with efficient Hartree-Fock and    
              density functional methods                      
              M. K. Armbruster, F. Weigend, C. van Wüllen and 
              W. Klopper                                      
              Phys. Chem. Chem. Phys. 10: 1748 (2008)         
          Two-component difference density and DIIS algorithm 
              Efficient two-component self-consistent field   
              procedures and gradients: implementation in     
              TURBOMOLE and application to Au20-              
              A. Baldes, F. Weigend                           
              Mol. Phys. 111: 2617 (2013)                     
          Relativistic all-electron 2c calculations           
              An efficient implementation of two-component    
              relativistic exact-decoupling methods for large 
              molecules                                       
              D. Peng, N. Middendorf, F. Weigend, M. Reiher   
              J. Chem. Phys. 138: 184105 (2013)               
          Finite nucleus model and SNSO approximation         
              Efficient implementation of one- and two-       
              component analytical energy gradients in exact  
              two-component theory                            
              Y. J. Franzke, N. Middendorf, F. Weigend        
              J. Chem. Phys. 148: 104110 (2018)               
                                         




              +--------------------------------------------------+
              |      general information about current run       |
              +--------------------------------------------------+

 

 DENSITY CONVERGENCE CHECK SWITCHED ON !
 SCF CONVERGENCE IF RMS(delta[D]) <     0.1000000000E-06

 PBE functional
 exchange:    LDA + PBE
 correlation: LDA (PW) + PBE
 A DFT calculation using the RI-J approximation will be carried out.
 Allocatable memory for RI due to $ricore (MB):                   500


              +--------------------------------------------------+
              | Atomic coordinate, charge and isotop information |
              +--------------------------------------------------+

                    atomic coordinates            atom    charge  isotop
         -1.47034606    0.38916560   -0.00707545    o      8.000     0
          0.38667911    0.57853973   -0.00992153    h      1.000     0
         -2.01194047   -2.07844413   -0.00007110    c      6.000     0
         -5.32553116   -2.43410546    0.00442219    cl    17.000     0
         -0.73426214   -3.67767304   -2.73523262    cl    17.000     0
         -0.72841593   -3.66344674    2.74066828    cl    17.000     0
          3.68457817    0.71381736   -0.01366419    o      8.000     0
          4.38424290   -0.15555493   -1.44654072    h      1.000     0
          4.38614526   -0.14954524    1.42199350    h      1.000     0
 
       center of nuclear mass  :   -1.43534495   -2.30521082   -0.00011688
       center of nuclear charge:   -1.32368784   -2.23094988   -0.00043722

              +--------------------------------------------------+
              |               basis set information              |
              +--------------------------------------------------+

              we will work with the 1s 3p 5d 7f 9g ... basis set
              ...i.e. with spherical basis functions...

   type   atoms  prim   cont   basis
   ---------------------------------------------------------------------------
    o        2     77     57   def2-QZVP   [7s4p3d2f1g|15s8p3d2f1g]
    h        3     33     30   def2-QZVP   [4s3p2d1f|7s3p2d1f]
    c        1     77     57   def2-QZVP   [7s4p3d2f1g|15s8p3d2f1g]
    cl       3    105     70   def2-QZVP   [9s6p4d2f1g|20s14p4d2f1g]
   ---------------------------------------------------------------------------
   total:    9    645    471
   ---------------------------------------------------------------------------

   total number of primitive shells          :  112
   total number of contracted shells         :  147
   total number of cartesian basis functions :  579
   total number of SCF-basis functions       :  471


 integral neglect threshold       :  0.58E-11
 integral storage threshold THIZE :  0.10E-04
 integral storage threshold THIME :         5

 RI-J AUXILIARY BASIS SET information:

              we will work with the 1s 3p 5d 7f 9g ... basis set
              ...i.e. with spherical basis functions...

   type   atoms  prim   cont   basis
   ---------------------------------------------------------------------------
    o        2     70     49   def2-QZVP   [6s4p3d1f1g|12s5p4d2f1g]
    h        3     16     11   def2-QZVP   [3s1p1d|5s2p1d]
    c        1     70     49   def2-QZVP   [6s4p3d1f1g|12s5p4d2f1g]
    cl       3     77     51   def2-QZVP   [8s4p3d1f1g|14s5p5d2f1g]
   ---------------------------------------------------------------------------
   total:    9    489    333
   ---------------------------------------------------------------------------

   total number of primitive shells          :   83
   total number of contracted shells         :  111
   total number of cartesian basis functions :  408
   total number of SCF-basis functions       :  333


 symmetry group of the molecule :   c1 

 the group has the following generators :
   c1(z)

    1 symmetry operations found

 there are 1 real representations :   a   

 maximum number of shells which are related by symmetry :  1


    mo occupation :
   irrep   mo's   occupied
    a      471       38
 
 number of basis functions   :                    471
 number of occupied orbitals :                     38
 
  
           ------------------
           density functional
           ------------------
 PBE functional
 exchange:    LDA + PBE
 correlation: LDA (PW) + PBE

 spherical integration : Lebedev's spherical grid
 spherical gridsize    :                     5
    i.e. gridpoints    :                   590
 value for diffuse not defined
 radial integration    : Chebyshev 2nd kind (scaling 3)
 radial gridsize       :                     8
 integration cells     :                     9
 partition function    : becke
 partition sharpness   :                     3
  

 biggest AO integral is expected to be    12.165751258
  
           ------------------------
               RI-J - INFORMATION
           ------------------------
 Contributions to RI integral batches: 
  neglected integral batches:                  2267
  direct contribution:                            0
  memory contribution:                  8611
 Memory core needed for (P|Q) and Cholesky      1 MByte
 Memory core minimum needed except of (P|Q)     2 MByte
 Total minimum memory core needed (sum)         3 MByte
  
 ****************************************
 Memory allocated for RI-J   447 MByte
 ****************************************
                                            

          ------------------------
          nuclear repulsion energy  :   469.879376900    
          ------------------------


         -----------------
         -S,T+V- integrals
         -----------------

 1e-integrals will be neglected if expon. factor < 0.577195E-12
 
   Difference densities algorithm switched on.
   The maximal number of linear combinations of
   difference densities is                    20 .

 DIIS switched on: error vector is FDS-SDF
 Max. Iterations for DIIS is     :   4
 DIIS matrix (see manual) 
    Scaling factor of diagonals  :  1.200
    threshold for scaling factor :  0.000

 scf convergence criterion : increment of total energy < .1000000D-06
                  and increment of one-electron energy < .1000000D-03

  MOs are in ASCII format !


 automatic virtual orbital shift switched on 
      shift if e(lumo)-e(homo) < 0.10000000    


 reading orbital data $scfmo  from file mos
 orbital characterization : expanded
 mo provided and orthogonalized by Cholesky decomposition

 DSCF restart information will be dumped onto file mos


 Starting SCF iterations

          Overall gridpoints after grid construction =        158673

 ITERATION  ENERGY          1e-ENERGY        2e-ENERGY     RMS[dD(SAO)]   TOL
   1  -1569.1266291689    -3098.8818629     1059.8758568    0.000D+00 0.576D-11
                            Exc = -108.040060730     Coul =  1167.91591755    
                              N = 75.999996428    
                            current damping = 0.300
 
          max. resid. norm for Fia-block=  8.469D-01 for orbital     20a         
          max. resid. fock norm         =  1.611D+02 for orbital    453a         

 ITERATION  ENERGY          1e-ENERGY        2e-ENERGY     RMS[dD(SAO)]   TOL
   2  -1570.0988940195    -3105.9678566     1065.9895857    0.612D-02 0.388D-11
                            Exc = -107.548805371     Coul =  1173.53839103    
                              N = 75.999995876    
                            current damping = 0.250
 
          Norm of current diis error:  3.2409    
          max. resid. norm for Fia-block=  1.278D-01 for orbital     19a         
          max. resid. fock norm         =  3.905D-01 for orbital    316a         

 ITERATION  ENERGY          1e-ENERGY        2e-ENERGY     RMS[dD(SAO)]   TOL
   3  -1570.3475847123    -3102.4407901     1062.2138284    0.253D-02 0.313D-11
                            Exc = -107.714039121     Coul =  1169.92786756    
                              N = 75.999996113    
                            current damping = 0.200
 
          Norm of current diis error:  1.0680    
          max. resid. norm for Fia-block=  3.635D-02 for orbital     27a         
          max. resid. fock norm         =  4.031D-02 for orbital     26a         

 ITERATION  ENERGY          1e-ENERGY        2e-ENERGY     RMS[dD(SAO)]   TOL
   4  -1570.3781935783    -3103.9331270     1063.6755565    0.845D-03 0.280D-11
                            Exc = -107.693753846     Coul =  1171.36931038    
                              N = 75.999996000    
                            current damping = 0.250
 
          Norm of current diis error: 0.39587    
          max. resid. norm for Fia-block=  1.738D-02 for orbital     29a         
          max. resid. fock norm         =  1.954D-02 for orbital     29a         

 ITERATION  ENERGY          1e-ENERGY        2e-ENERGY     RMS[dD(SAO)]   TOL
   5  -1570.3813671606    -3103.0432871     1062.7825431    0.284D-03 0.264D-11
                            Exc = -107.628072072     Coul =  1170.41061513    
                              N = 75.999995780    
                            current damping = 0.300
 
          Norm of current diis error: 0.23800    
          max. resid. norm for Fia-block=  8.372D-03 for orbital     25a         
          max. resid. fock norm         =  9.193D-03 for orbital     34a         
          mo-orthogonalization: Cholesky decomposition

 ITERATION  ENERGY          1e-ENERGY        2e-ENERGY     RMS[dD(SAO)]   TOL
   6  -1570.3826525932    -3103.3514669     1063.0894374    0.805D-04 0.258D-11
                            Exc = -107.667008807     Coul =  1170.75644621    
                              N = 75.999995850    
                            current damping = 0.350
 
          Norm of current diis error: 0.29119E-01
          max. resid. norm for Fia-block=  1.349D-03 for orbital     30a         
          max. resid. fock norm         =  2.465D-03 for orbital    425a         

 ITERATION  ENERGY          1e-ENERGY        2e-ENERGY     RMS[dD(SAO)]   TOL
   7  -1570.3826525569    -3103.3365804     1063.0745509    0.251D-04 0.251D-11
                            Exc = -107.665902038     Coul =  1170.74045298    
                              N = 75.999995861    
                            current damping = 0.400
 
          Norm of current diis error: 0.26840E-01
          max. resid. norm for Fia-block=  5.530D-04 for orbital     30a         
          max. resid. fock norm         =  1.125D-03 for orbital    426a         

 ITERATION  ENERGY          1e-ENERGY        2e-ENERGY     RMS[dD(SAO)]   TOL
   8  -1570.3826741078    -3103.3482972     1063.0862462    0.105D-04 0.247D-11
                            Exc = -107.666091129     Coul =  1170.75233736    
                              N = 75.999995857    
                            current damping = 0.450
 
          Norm of current diis error: 0.71311E-02
          max. resid. norm for Fia-block=  2.003D-04 for orbital     27a         
          max. resid. fock norm         =  2.752D-04 for orbital     37a         

 ITERATION  ENERGY          1e-ENERGY        2e-ENERGY     RMS[dD(SAO)]   TOL
   9  -1570.3826755019    -3103.3506788     1063.0886264    0.363D-05 0.244D-11
                            Exc = -107.666235262     Coul =  1170.75486164    
                              N = 75.999995855    
                            current damping = 0.300
 
          Norm of current diis error: 0.24995E-02
          max. resid. norm for Fia-block=  9.764D-05 for orbital     19a         
          max. resid. fock norm         =  1.463D-04 for orbital    319a         

 ITERATION  ENERGY          1e-ENERGY        2e-ENERGY     RMS[dD(SAO)]   TOL
  10  -1570.3826756145    -3103.3494032     1063.0873507    0.123D-05 0.238D-11
                            Exc = -107.666416508     Coul =  1170.75376720    
                              N = 75.999995854    
                            current damping = 0.350
 
          Norm of current diis error: 0.12576E-02
          max. resid. norm for Fia-block=  4.158D-05 for orbital     28a         
          max. resid. fock norm         =  5.481D-05 for orbital    319a         
          mo-orthogonalization: Cholesky decomposition

 ITERATION  ENERGY          1e-ENERGY        2e-ENERGY     RMS[dD(SAO)]   TOL
  11  -1570.3826756526    -3103.3504791     1063.0884266    0.571D-06 0.232D-11
                            Exc = -107.666315400     Coul =  1170.75474198    
                              N = 75.999995854    
                            current damping = 0.400
 
          Norm of current diis error: 0.45787E-03
          max. resid. norm for Fia-block=  2.200D-05 for orbital     25a         
          max. resid. fock norm         =  2.585D-05 for orbital    414a         

 ENERGY & DENSITY CONVERGED !


 ITERATION  ENERGY          1e-ENERGY        2e-ENERGY     RMS[dD(SAO)]   TOL
  12  -1570.3826756571    -3103.3505941     1063.0885415    0.198D-06 0.230D-11
                            Exc = -107.666370703     Coul =  1170.75491225    
                              N = 75.999995854    
                            current damping = 0.250
 
          Norm of current diis error: 0.14670E-03
          max. resid. norm for Fia-block=  4.664D-06 for orbital     30a         
          max. resid. fock norm         =  7.046D-06 for orbital     24a         

 End of SCF iterations

   convergence criteria satisfied after    12 iterations


                  ------------------------------------------ 
                 |  total energy      =  -1570.38267565705  |
                  ------------------------------------------ 
                 :  kinetic energy    =   1567.75084972160  :
                 :  potential energy  =  -3138.13352537865  :
                 :  virial theorem    =      1.99832408624  :
                 :  wavefunction norm =      1.00000000000  :
                  .......................................... 


 <geterg> : there is no data group $energy 


 <skperg> : $end is missing 


 orbitals $scfmo  will be written to file mos

    irrep                 34a         35a         36a         37a         38a   
 eigenvalues H         -0.30253    -0.29482    -0.27746    -0.26803    -0.26463
            eV          -8.2323     -8.0225     -7.5501     -7.2935     -7.2009
 occupation              2.0000      2.0000      2.0000      2.0000      2.0000

    irrep                 39a         40a         41a         42a         43a   
 eigenvalues H         -0.07695    -0.04084    -0.02748    -0.02347     0.02756
            eV          -2.0939     -1.1113     -0.7478     -0.6385      0.7499
 
 
 
 
 ==============================================================================
                           electrostatic moments
 ==============================================================================

 reference point for electrostatic moments:    0.00000   0.00000   0.00000

 
              nuc           elec       ->  total
 ------------------------------------------------------------------------------
                          charge      
 ------------------------------------------------------------------------------
          76.000000     -76.000000       0.000000
 
 ------------------------------------------------------------------------------
                       dipole moment  
 ------------------------------------------------------------------------------
   x    -100.600276     101.933295       1.333019
   y    -169.552191     169.552795       0.000604
   z      -0.033229       0.031503      -0.001726
 
   | dipole moment | =     1.3330 a.u. =     3.3882 debye 
 
 ------------------------------------------------------------------------------
                     quadrupole moment
 ------------------------------------------------------------------------------
  xx     689.128292    -726.311822     -37.183530
  yy     590.395567    -635.109610     -44.714043
  zz     258.993793    -300.033940     -41.040147
  xy     352.079778    -354.145841      -2.066062
  xz      -0.623267       0.612557      -0.010710
  yz       0.047446      -0.036628       0.010818
 
     1/3  trace=     -40.979240
     anisotropy=       7.439513
 
 ==============================================================================
 
HOMO-LUMO Separation
 HOMO         :   -0.26462702 H =     -7.20087 eV
 LUMO         :   -0.07694715 H =     -2.09384 eV
 HOMO-LUMO gap:    0.18767986 H =     +5.10703 eV
 
 ==============================================================================


    ------------------------------------------------------------------------
         total  cpu-time :  1 minutes and  0 seconds
         total wall-time :  1 minutes and  0 seconds
    ------------------------------------------------------------------------

   ****  ridft : all done  ****


    2020-07-18 04:07:21.610 

