           SMPCPUS    set: Shared-memory Parallelization with  10 CPUs.

           SMP Parallelization Reference:
           C. van Wullen, J. Comput. Chem. 32 (2011) 1195--1201

 ridft (c-14-10) : TURBOMOLE rev. V7.5.0 compiled 13 Jun 2020 at 23:29:25
 Copyright (C) 2020 TURBOMOLE GmbH, Karlsruhe


    2020-08-03 23:48:53.862 



                                  r i d f t

                        DFT program with RI approximation 
                                for coulomb part 




                                                 
                                 References:     
                                                 
          TURBOMOLE:                             
              R. Ahlrichs, M. Baer, M. Haeser, H. Horn, and
              C. Koelmel
              Electronic structure calculations on workstation
              computers: the program system TURBOMOLE
              Chem. Phys. Lett. 162: 165 (1989)
          Density Functional:                              
              O. Treutler and R. Ahlrichs                      
              Efficient Molecular Numerical Integration Schemes
              J. Chem. Phys. 102: 346 (1995)                   
          Parallel Version:                                
              Performance of parallel TURBOMOLE for Density    
              Functional Calculations                          
              M. v. Arnim and R. Ahlrichs                      
              J. Comp. Chem. 19: 1746 (1998)                   
          RI-J Method:                                     
              Auxiliary Basis Sets to approximate Coulomb      
              Potentials                                       
              Chem. Phys. Lett. 240: 283 (1995)                
              K. Eichkorn, O. Treutler, H. Oehm, M. Haeser     
              and R. Ahlrichs                                  
              Chem. Phys. Lett. 242: 652 (1995)                
                                                           
              Auxiliary Basis Sets for Main Row Atoms and their
              Use to approximate Coulomb Potentials            
              K. Eichkorn, F. Weigend, O. Treutler and         
              R. Ahlrichs                                      
              Theo. Chem. Acc. 97: 119 (1997)                   
                                                           
              Accurate Coulomb-fitting basis sets for H to Rn 
              F. Weigend                                        
              Phys. Chem. Chem. Phys. 8: 1057 (2006)            
                                                           
          Multipole accelerated RI-J (MARI-J):             
              Fast evaluation of the Coulomb potential for     
              electron densities using multipole accelerated   
              resolution of identity approximation             
              M. Sierka, A. Hogekamp and R. Ahlrichs           
              J. Chem. Phys. 118: 9136 (2003)                  
          RI-JK Method:                                     
              A fully direct RI-HF algorithm: Implementation,
              optimised auxiliary basis sets, demonstration of
              accuracy and efficiency                         
              F. Weigend                                      
              Phys. Chem. Chem. Phys. 4: 4285 (2002)           
          Two-component HF and DFT with spin-orbit coupling:  
              Self-consistent treatment of spin-orbit         
              interactions with efficient Hartree-Fock and    
              density functional methods                      
              M. K. Armbruster, F. Weigend, C. van Wüllen and 
              W. Klopper                                      
              Phys. Chem. Chem. Phys. 10: 1748 (2008)         
          Two-component difference density and DIIS algorithm 
              Efficient two-component self-consistent field   
              procedures and gradients: implementation in     
              TURBOMOLE and application to Au20-              
              A. Baldes, F. Weigend                           
              Mol. Phys. 111: 2617 (2013)                     
          Relativistic all-electron 2c calculations           
              An efficient implementation of two-component    
              relativistic exact-decoupling methods for large 
              molecules                                       
              D. Peng, N. Middendorf, F. Weigend, M. Reiher   
              J. Chem. Phys. 138: 184105 (2013)               
          Finite nucleus model and SNSO approximation         
              Efficient implementation of one- and two-       
              component analytical energy gradients in exact  
              two-component theory                            
              Y. J. Franzke, N. Middendorf, F. Weigend        
              J. Chem. Phys. 148: 104110 (2018)               
          Grids for all-electron relativistic methods         
              Error-consistent segmented contracted all-      
              electron relativistic basis sets of double-     
              and triple-zeta quality for NMR shielding       
              constants                                       
              Y. J. Franzke, R. Tress, T. M. Pazdera,         
              F. Weigend                                      
              Phys. Chem. Chem. Phys. 21: 166658 (2019)       
          Seminumerical exchange algorithms                   
              Seminumerical calculation of the Hartree-Fock   
              exchange matirx: Application to two-component   
              procedures and efficient evaluation of local    
              hybrid functionsl                               
              P. Plessow, F. Weigend,                         
              J. Comput. Chem. 33: 810 (2012)                 
          Improved seminumerical algorithms                   
              C. Holzer, in preparation (2020)                
                                         




              +--------------------------------------------------+
              |      general information about current run       |
              +--------------------------------------------------+

 

 DENSITY CONVERGENCE CHECK SWITCHED ON !
 SCF CONVERGENCE IF RMS(delta[D]) <     0.1000000000E-06

 PBE functional
 exchange:    LDA + PBE
 correlation: LDA (PW) + PBE
 A DFT calculation using the RI-J approximation will be carried out.
 Allocatable memory for RI due to $ricore (MB):                  5000


              +--------------------------------------------------+
              | Atomic coordinate, charge and isotop information |
              +--------------------------------------------------+

                    atomic coordinates            atom    charge  isotop
          2.90026795   -0.00000053   -5.69747462    cl    17.000     0
         -0.47308006    0.00002216   -5.71841833    c      6.000     0
         -1.09631211    0.00003426   -7.66791464    h      1.000     0
         -1.11941192   -1.67629301   -4.73964978    h      1.000     0
         -1.11939341    1.67633324   -4.73963176    h      1.000     0
 
       center of nuclear mass  :    1.85745433    0.00000639   -5.70355064
       center of nuclear charge:    1.65888298    0.00000763   -5.70441441

              +--------------------------------------------------+
              |               basis set information              |
              +--------------------------------------------------+

              we will work with the 1s 3p 5d 7f 9g ... basis set
              ...i.e. with spherical basis functions...

   type   atoms  prim   cont   basis
   ---------------------------------------------------------------------------
    cl       1    111     39   cc-pV(T+d)Z   [5s4p3d1f|41s16p3d1f]
    c        1     50     30   cc-pVTZ   [4s3p2d1f|18s5p2d1f]
    h        3     16     14   cc-pVTZ   [3s2p1d|5s2p1d]
   ---------------------------------------------------------------------------
   total:    5    209    111
   ---------------------------------------------------------------------------

   total number of primitive shells          :   95
   total number of contracted shells         :   41
   total number of cartesian basis functions :  125
   total number of SCF-basis functions       :  111


 integral neglect threshold       :  0.27E-10
 integral storage threshold THIZE :  0.10E-04
 integral storage threshold THIME :         5

 RI-J AUXILIARY BASIS SET information:

              we will work with the 1s 3p 5d 7f 9g ... basis set
              ...i.e. with spherical basis functions...

   type   atoms  prim   cont   basis
   ---------------------------------------------------------------------------
    cl       1     77     51   universal   [8s4p3d1f1g|14s5p5d2f1g]
    c        1     70     49   cc-pVTZ   [6s4p3d1f1g|12s5p4d2f1g]
    h        3     16     11   cc-pVTZ   [3s1p1d|5s2p1d]
   ---------------------------------------------------------------------------
   total:    5    195    133
   ---------------------------------------------------------------------------

   total number of primitive shells          :   59
   total number of contracted shells         :   47
   total number of cartesian basis functions :  160
   total number of SCF-basis functions       :  133


 symmetry group of the molecule :   c1 

 the group has the following generators :
   c1(z)

    1 symmetry operations found

 there are 1 real representations :   a   

 maximum number of shells which are related by symmetry :  1

  
           ------------------
           density functional
           ------------------
 PBE functional
 exchange:    LDA + PBE
 correlation: LDA (PW) + PBE

 spherical integration : Lebedev's spherical grid
 spherical gridsize    :                     5
    i.e. gridpoints    :                   590
 value for diffuse not defined
 radial integration    : Chebyshev 2nd kind (scaling 3)
 radial gridsize       :                     8
 integration cells     :                     5
 partition function    : becke
 partition sharpness   :                     3
  

 biggest AO integral is expected to be    10.299856942

          ------------------------
          nuclear repulsion energy  :   51.3640341169    
          ------------------------


         -----------------
         -S,T+V- integrals
         -----------------

 1e-integrals will be neglected if expon. factor < 0.267357E-11
 
   Difference densities algorithm switched on.
   The maximal number of linear combinations of
   difference densities is                    20 .

 DIIS switched on: error vector is FDS-SDF
 Max. Iterations for DIIS is     :   4
 DIIS matrix (see manual) 
    Scaling factor of diagonals  :  1.200
    threshold for scaling factor :  0.000

 scf convergence criterion : increment of total energy < .1000000D-06
                  and increment of one-electron energy < .1000000D-03

 MOs are in ASCII format !


    mo occupation :
   irrep   mo's   occupied
    a      111       13
 
 number of basis functions   :   111
 number of occupied orbitals :    13
 

 reading orbital data $scfmo  from file mos
 orbital characterization : expanded
 virtual MOs provided and orthogonalized by Cholesky decomposition

 automatic virtual orbital shift switched on 
      shift if e(lumo)-e(homo) < 0.10000000    

  
           ------------------------
               RI-J - INFORMATION
           ------------------------
 Contributions to RI integral batches: 
  neglected integral batches:                     0
  direct contribution:                            0
  memory contribution:                   861
 Memory core needed for (P|Q) and Cholesky      1 MByte
 Memory core minimum needed except of (P|Q)     1 MByte
 Total minimum memory core needed (sum)         1 MByte
  
 ****************************************
 Memory allocated for RI-J    10 MByte
 ****************************************
                                            

 DSCF restart information will be dumped onto file mos


 Starting SCF iterations

          Overall gridpoints after grid construction =         79998

 ITERATION  ENERGY          1e-ENERGY        2e-ENERGY     RMS[dD(SAO)]   TOL
   1  -499.59851240065    -788.42596612     237.46341961    0.000D+00 0.267D-10
                            Exc = -34.2883292145     Coul =  271.751748822    
                              N = 25.999999910    
                            current damping = 0.300
 
          max. resid. norm for Fia-block=  2.644D-01 for orbital      8a         
          max. resid. fock norm         =  3.890D+00 for orbital    110a         

 ITERATION  ENERGY          1e-ENERGY        2e-ENERGY     RMS[dD(SAO)]   TOL
   2  -499.86630149793    -790.52594343     239.29560782    0.595D-02 0.173D-10
                            Exc = -34.5176252129     Coul =  273.813233031    
                              N = 25.999999953    
                            current damping = 0.250
 
          Norm of current diis error: 0.77562    
          max. resid. norm for Fia-block=  6.626D-02 for orbital      7a         
          max. resid. fock norm         =  1.908D-01 for orbital     56a         

 ITERATION  ENERGY          1e-ENERGY        2e-ENERGY     RMS[dD(SAO)]   TOL
   3  -499.89370960865    -790.25386528     238.99612156    0.251D-02 0.148D-10
                            Exc = -34.4975660013     Coul =  273.493687558    
                              N = 25.999999966    
                            current damping = 0.200
 
          Norm of current diis error: 0.23729    
          max. resid. norm for Fia-block=  1.387D-02 for orbital      8a         
          max. resid. fock norm         =  1.773D-02 for orbital     14a         

 ITERATION  ENERGY          1e-ENERGY        2e-ENERGY     RMS[dD(SAO)]   TOL
   4  -499.89672450557    -790.31890477     239.05814614    0.743D-03 0.132D-10
                            Exc = -34.5094269635     Coul =  273.567573108    
                              N = 25.999999968    
                            current damping = 0.250
 
          Norm of current diis error: 0.32150E-01
          max. resid. norm for Fia-block=  2.942D-03 for orbital      7a         
          max. resid. fock norm         =  5.864D-03 for orbital     99a         

 ITERATION  ENERGY          1e-ENERGY        2e-ENERGY     RMS[dD(SAO)]   TOL
   5  -499.89678112010    -790.39905153     239.13823629    0.132D-03 0.124D-10
                            Exc = -34.5142755354     Coul =  273.652511827    
                              N = 25.999999968    
                            current damping = 0.100
 
          Norm of current diis error: 0.10042E-01
          max. resid. norm for Fia-block=  9.999D-04 for orbital     12a         
          max. resid. fock norm         =  1.216D-03 for orbital     31a         
          mo-orthogonalization: Cholesky decomposition

 ITERATION  ENERGY          1e-ENERGY        2e-ENERGY     RMS[dD(SAO)]   TOL
   6  -499.89678838855    -790.34052457     239.07970207    0.674D-04 0.121D-10
                            Exc = -34.5108093024     Coul =  273.590511372    
                              N = 25.999999968    
                            current damping = 0.150
 
          Norm of current diis error: 0.49096E-02
          max. resid. norm for Fia-block=  3.463D-04 for orbital     11a         
          max. resid. fock norm         =  4.957D-04 for orbital     99a         

 ITERATION  ENERGY          1e-ENERGY        2e-ENERGY     RMS[dD(SAO)]   TOL
   7  -499.89679031764    -790.35953708     239.09871264    0.178D-04 0.118D-10
                            Exc = -34.5119707843     Coul =  273.610683429    
                              N = 25.999999968    
                            current damping = 0.200
 
          Norm of current diis error: 0.40426E-03
          max. resid. norm for Fia-block=  4.015D-05 for orbital      4a         
          max. resid. fock norm         =  6.377D-05 for orbital      4a         

 ITERATION  ENERGY          1e-ENERGY        2e-ENERGY     RMS[dD(SAO)]   TOL
   8  -499.89679032185    -790.35991946     239.09909502    0.162D-05 0.116D-10
                            Exc = -34.5119970084     Coul =  273.611092031    
                              N = 25.999999968    
                            current damping = 0.100
 
          Norm of current diis error: 0.28210E-03
          max. resid. norm for Fia-block=  2.101D-05 for orbital     11a         
          max. resid. fock norm         =  2.953D-05 for orbital     11a         

 ITERATION  ENERGY          1e-ENERGY        2e-ENERGY     RMS[dD(SAO)]   TOL
   9  -499.89679032537    -790.35983419     239.09900975    0.102D-05 0.114D-10
                            Exc = -34.5119825303     Coul =  273.610992279    
                              N = 25.999999968    
                            current damping = 0.150
 
          Norm of current diis error: 0.17170E-03
          max. resid. norm for Fia-block=  7.350D-06 for orbital     11a         
          max. resid. fock norm         =  9.893D-06 for orbital     62a         

 ENERGY & DENSITY CONVERGED !


 ITERATION  ENERGY          1e-ENERGY        2e-ENERGY     RMS[dD(SAO)]   TOL
  10  -499.89679032671    -790.35994344     239.09911900    0.339D-06 0.112D-10
                            Exc = -34.5119946139     Coul =  273.611113610    
                              N = 25.999999968    
                            current damping = 0.200
 
          Norm of current diis error: 0.19045E-04
          max. resid. norm for Fia-block=  1.668D-06 for orbital     11a         
          max. resid. fock norm         =  2.106D-06 for orbital     11a         

 End of SCF iterations

   convergence criteria satisfied after    10 iterations


                  ------------------------------------------ 
                 |  total energy      =   -499.89679032671  |
                  ------------------------------------------ 
                 :  kinetic energy    =    498.39543455798  :
                 :  potential energy  =   -998.29222488468  :
                 :  virial theorem    =      1.99699666852  :
                 :  wavefunction norm =      1.00000000000  :
                  .......................................... 


 <geterg> : there is no data group $energy 


 <skperg> : $end is missing 


 orbitals $scfmo  will be written to file mos

    irrep                  9a         10a         11a         12a         13a   
 eigenvalues H         -0.40546    -0.40363    -0.37544    -0.25716    -0.25691
            eV         -11.0332    -10.9833    -10.2162     -6.9977     -6.9909
 occupation              2.0000      2.0000      2.0000      2.0000      2.0000

    irrep                 14a         15a         16a         17a         18a   
 eigenvalues H         -0.01459     0.03204     0.07634     0.07650     0.19076
            eV          -0.3971      0.8720      2.0772      2.0816      5.1908
 
 
 
 
 ==============================================================================
                           electrostatic moments
 ==============================================================================

 reference point for electrostatic moments:    0.00000   0.00000   0.00000

 
              nuc           elec       ->  total
 ------------------------------------------------------------------------------
                          charge      
 ------------------------------------------------------------------------------
          26.000000     -26.000000      -0.000000
 
 ------------------------------------------------------------------------------
                       dipole moment  
 ------------------------------------------------------------------------------
   x      43.130957     -43.866907      -0.735949
   y       0.000198      -0.000194       0.000005
   z    -148.314775     148.312144      -0.002631
 
   | dipole moment | =     0.7360 a.u. =     1.8706 debye 
 
 ------------------------------------------------------------------------------
                     quadrupole moment
 ------------------------------------------------------------------------------
  xx     148.047275    -163.993017     -15.945743
  yy       5.620051     -20.401938     -14.781887
  zz     851.767842    -866.486387     -14.718544
  xy      -0.000140       0.000133      -0.000007
  xz    -245.662273     249.854353       4.192080
  yz      -0.001132       0.001107      -0.000025
 
     1/3  trace=     -15.148725
     anisotropy=       7.358865
 
 ==============================================================================
 
HOMO-LUMO Separation
 HOMO         :   -0.25690829 H =     -6.99083 eV
 LUMO         :   -0.01459157 H =     -0.39706 eV
 HOMO-LUMO gap:    0.24231672 H =     +6.59378 eV
 
 ==============================================================================


    ------------------------------------------------------------------------
         total  cpu-time :  28.44 seconds
         total wall-time :   2.23 seconds
    ------------------------------------------------------------------------

   ****  ridft : all done  ****


    2020-08-03 23:48:56.079 

