
 ridft (tigris) : TURBOMOLE rev. V7.4.1 (b987a8a8) compiled 15 Oct 2019 at 12:03:25
 Copyright (C) 2019 TURBOMOLE GmbH, Karlsruhe


    2020-12-12 02:00:57.791 



                                  r i d f t

                        DFT program with RI approximation 
                                for coulomb part 




                                                 
                                 References:     
                                                 
          TURBOMOLE:                             
              R. Ahlrichs, M. Baer, M. Haeser, H. Horn, and
              C. Koelmel
              Electronic structure calculations on workstation
              computers: the program system TURBOMOLE
              Chem. Phys. Lett. 162: 165 (1989)
          Density Functional:                              
              O. Treutler and R. Ahlrichs                      
              Efficient Molecular Numerical Integration Schemes
              J. Chem. Phys. 102: 346 (1995)                   
          Parallel Version:                                
              Performance of parallel TURBOMOLE for Density    
              Functional Calculations                          
              M. v. Arnim and R. Ahlrichs                      
              J. Comp. Chem. 19: 1746 (1998)                   
          RI-J Method:                                     
              Auxiliary Basis Sets to approximate Coulomb      
              Potentials                                       
              Chem. Phys. Lett. 240: 283 (1995)                
              K. Eichkorn, O. Treutler, H. Oehm, M. Haeser     
              and R. Ahlrichs                                  
              Chem. Phys. Lett. 242: 652 (1995)                
                                                           
              Auxiliary Basis Sets for Main Row Atoms and their
              Use to approximate Coulomb Potentials            
              K. Eichkorn, F. Weigend, O. Treutler and         
              R. Ahlrichs                                      
              Theo. Chem. Acc. 97: 119 (1997)                   
                                                           
              Accurate Coulomb-fitting basis sets for H to Rn 
              F. Weigend                                        
              Phys. Chem. Chem. Phys. 8: 1057 (2006)            
                                                           
          Multipole accelerated RI-J (MARI-J):             
              Fast evaluation of the Coulomb potential for     
              electron densities using multipole accelerated   
              resolution of identity approximation             
              M. Sierka, A. Hogekamp and R. Ahlrichs           
              J. Chem. Phys. 118: 9136 (2003)                  
          RI-JK Method:                                     
              A fully direct RI-HF algorithm: Implementation,
              optimised auxiliary basis sets, demonstration of
              accuracy and efficiency                         
              F. Weigend                                      
              Phys. Chem. Chem. Phys. 4: 4285 (2002)           
          Two-component HF and DFT with spin-orbit coupling:  
              Self-consistent treatment of spin-orbit         
              interactions with efficient Hartree-Fock and    
              density functional methods                      
              M. K. Armbruster, F. Weigend, C. van Wüllen and 
              W. Klopper                                      
              Phys. Chem. Chem. Phys. 10: 1748 (2008)         
          Two-component difference density and DIIS algorithm 
              Efficient two-component self-consistent field   
              procedures and gradients: implementation in     
              TURBOMOLE and application to Au20-              
              A. Baldes, F. Weigend                           
              Mol. Phys. 111: 2617 (2013)                     
          Relativistic all-electron 2c calculations           
              An efficient implementation of two-component    
              relativistic exact-decoupling methods for large 
              molecules                                       
              D. Peng, N. Middendorf, F. Weigend, M. Reiher   
              J. Chem. Phys. 138: 184105 (2013)               
          Finite nucleus model and SNSO approximation         
              Efficient implementation of one- and two-       
              component analytical energy gradients in exact  
              two-component theory                            
              Y. J. Franzke, N. Middendorf, F. Weigend        
              J. Chem. Phys. 148: 104110 (2018)               
                                         




              +--------------------------------------------------+
              |      general information about current run       |
              +--------------------------------------------------+

 

 DENSITY CONVERGENCE CHECK SWITCHED ON !
 SCF CONVERGENCE IF RMS(delta[D]) <     0.1000000000E-06

 TPSS meta-GGA functional
 exchange:    LDA + TPSS
 correlation: LDA (PW) + TPSS
 A DFT calculation using the RI-J approximation will be carried out.
 Allocatable memory for RI due to $ricore (MB):                   500


              +--------------------------------------------------+
              | Atomic coordinate, charge and isotop information |
              +--------------------------------------------------+

                    atomic coordinates            atom    charge  isotop
         -3.61707572   -2.21326242   -0.20914111    f      9.000     0
         -4.12085913    2.64361028   -0.77360733    h      1.000     0
          0.70571180   -1.46804569    0.40260319    c      6.000     0
         -1.70284271   -0.55881755   -0.07245620    c      6.000     0
         -2.22721391    1.98624548   -0.40689082    c      6.000     0
         -0.21016647    3.64828289   -0.24136575    c      6.000     0
          2.24393352    2.86731530    0.23334808    c      6.000     0
          2.63467443    0.29590222    0.54871426    c      6.000     0
         -0.65510226    6.12711283   -0.54503488    f      9.000     0
          3.78023043    4.20058934    0.35763960    h      1.000     0
          1.05737534   -3.45504989    0.68084171    h      1.000     0
          4.98699896   -0.51782532    1.02289296    f      9.000     0
 
       center of nuclear mass  :    0.23960278    1.13003104    0.08286104
       center of nuclear charge:    0.23961690    1.12997987    0.08283399

              +--------------------------------------------------+
              |               basis set information              |
              +--------------------------------------------------+

              we will work with the 1s 3p 5d 7f 9g ... basis set
              ...i.e. with spherical basis functions...

   type   atoms  prim   cont   basis
   ---------------------------------------------------------------------------
    f        3     50     30   cc-pVTZ   [4s3p2d1f|18s5p2d1f]
    h        3     16     14   cc-pVTZ   [3s2p1d|5s2p1d]
    c        6     50     30   cc-pVTZ   [4s3p2d1f|18s5p2d1f]
   ---------------------------------------------------------------------------
   total:   12    498    312
   ---------------------------------------------------------------------------

   total number of primitive shells          :   60
   total number of contracted shells         :  108
   total number of cartesian basis functions :  360
   total number of SCF-basis functions       :  312


 integral neglect threshold       :  0.93E-11
 integral storage threshold THIZE :  0.10E-04
 integral storage threshold THIME :         5

 RI-J AUXILIARY BASIS SET information:

              we will work with the 1s 3p 5d 7f 9g ... basis set
              ...i.e. with spherical basis functions...

   type   atoms  prim   cont   basis
   ---------------------------------------------------------------------------
    f        3     70     49   cc-pVTZ   [6s4p3d1f1g|12s5p4d2f1g]
    h        3     16     11   cc-pVTZ   [3s1p1d|5s2p1d]
    c        6     70     49   cc-pVTZ   [6s4p3d1f1g|12s5p4d2f1g]
   ---------------------------------------------------------------------------
   total:   12    678    474
   ---------------------------------------------------------------------------

   total number of primitive shells          :   56
   total number of contracted shells         :  150
   total number of cartesian basis functions :  585
   total number of SCF-basis functions       :  474


 symmetry group of the molecule :   c1 

 the group has the following generators :
   c1(z)

    1 symmetry operations found

 there are 1 real representations :   a   

 maximum number of shells which are related by symmetry :  1


    mo occupation :
   irrep   mo's   occupied
    a      312       33
 
 number of basis functions   :                    312
 number of occupied orbitals :                     33
 
  
           ------------------
           density functional
           ------------------
 TPSS meta-GGA functional
 exchange:    LDA + TPSS
 correlation: LDA (PW) + TPSS

 spherical integration : Lebedev's spherical grid
 spherical gridsize    :                     5
    i.e. gridpoints    :                   590
 value for diffuse not defined
 radial integration    : Chebyshev 2nd kind (scaling 3)
 radial gridsize       :                     8
 integration cells     :                    12
 partition function    : becke
 partition sharpness   :                     3
  

 biggest AO integral is expected to be     5.499692413
  
           ------------------------
               RI-J - INFORMATION
           ------------------------
 Contributions to RI integral batches: 
  neglected integral batches:                   548
  direct contribution:                            0
  memory contribution:                  5338
 Memory core needed for (P|Q) and Cholesky      2 MByte
 Memory core minimum needed except of (P|Q)     1 MByte
 Total minimum memory core needed (sum)         3 MByte
  
 ****************************************
 Memory allocated for RI-J   260 MByte
 ****************************************
                                            

          ------------------------
          nuclear repulsion energy  :   423.706337985    
          ------------------------


         -----------------
         -S,T+V- integrals
         -----------------

 1e-integrals will be neglected if expon. factor < 0.928323E-12
 
   Difference densities algorithm switched on.
   The maximal number of linear combinations of
   difference densities is                    20 .

 DIIS switched on: error vector is FDS-SDF
 Max. Iterations for DIIS is     :   4
 DIIS matrix (see manual) 
    Scaling factor of diagonals  :  1.200
    threshold for scaling factor :  0.000

 scf convergence criterion : increment of total energy < .1000000D-06
                  and increment of one-electron energy < .1000000D-03

  MOs are in ASCII format !


 automatic virtual orbital shift switched on 
      shift if e(lumo)-e(homo) < 0.10000000    


 reading orbital data $scfmo  from file mos
 orbital characterization : scfconv=7

 DSCF restart information will be dumped onto file mos


 Starting SCF iterations

          Overall gridpoints after grid construction =        205175

 ITERATION  ENERGY          1e-ENERGY        2e-ENERGY     RMS[dD(SAO)]   TOL
   1  -530.21263068635    -1569.1044611     615.18549245    0.000D+00 0.926D-11
                            Exc = -65.1213126332     Coul =  680.306805086    
                              N = 65.999999472    
                            current damping = 0.300
 
          max. resid. norm for Fia-block=  4.180D-02 for orbital      3a         
          max. resid. fock norm         =  8.244D-02 for orbital    258a         

 ITERATION  ENERGY          1e-ENERGY        2e-ENERGY     RMS[dD(SAO)]   TOL
   2  -530.21540345836    -1569.3237297     615.40198823    0.135D-02 0.592D-11
                            Exc = -65.2165900825     Coul =  680.618578317    
                              N = 65.999999492    
                            current damping = 0.250
 
          Norm of current diis error: 0.10203    
          max. resid. norm for Fia-block=  7.513D-03 for orbital      3a         
          max. resid. fock norm         =  2.218D-02 for orbital    258a         

 ITERATION  ENERGY          1e-ENERGY        2e-ENERGY     RMS[dD(SAO)]   TOL
   3  -530.21529109799    -1569.1834060     615.26177693    0.320D-03 0.522D-11
                            Exc = -65.1755176327     Coul =  680.437294568    
                              N = 65.999999500    
                            current damping = 0.300
 
          Norm of current diis error: 0.11554    
          max. resid. norm for Fia-block=  2.644D-03 for orbital     18a         
          max. resid. fock norm         =  6.492D-03 for orbital    254a         

 ITERATION  ENERGY          1e-ENERGY        2e-ENERGY     RMS[dD(SAO)]   TOL
   4  -530.21585460227    -1569.2415016     615.31930899    0.199D-03 0.480D-11
                            Exc = -65.1968014556     Coul =  680.516110444    
                              N = 65.999999499    
                            current damping = 0.350
 
          Norm of current diis error: 0.32593E-01
          max. resid. norm for Fia-block=  1.070D-03 for orbital     18a         
          max. resid. fock norm         =  1.914D-03 for orbital    255a         

 ITERATION  ENERGY          1e-ENERGY        2e-ENERGY     RMS[dD(SAO)]   TOL
   5  -530.21590225617    -1569.2672003     615.34496006    0.693D-04 0.439D-11
                            Exc = -65.2050916921     Coul =  680.550051748    
                              N = 65.999999499    
                            current damping = 0.200
 
          Norm of current diis error: 0.39609E-02
          max. resid. norm for Fia-block=  1.812D-04 for orbital     33a         
          max. resid. fock norm         =  4.871D-04 for orbital    254a         
          mo-orthogonalization: Cholesky decomposition

 ITERATION  ENERGY          1e-ENERGY        2e-ENERGY     RMS[dD(SAO)]   TOL
   6  -530.21590255379    -1569.2714169     615.34917640    0.102D-04 0.427D-11
                            Exc = -65.2059956834     Coul =  680.555172088    
                              N = 65.999999499    
                            current damping = 0.100
 
          Norm of current diis error: 0.31645E-02
          max. resid. norm for Fia-block=  9.137D-05 for orbital     33a         
          max. resid. fock norm         =  1.263D-04 for orbital    312a         

 ITERATION  ENERGY          1e-ENERGY        2e-ENERGY     RMS[dD(SAO)]   TOL
   7  -530.21590302131    -1569.2693193     615.34707826    0.305D-05 0.414D-11
                            Exc = -65.2059699426     Coul =  680.553048200    
                              N = 65.999999499    
                            current damping = 0.150
 
          Norm of current diis error: 0.50627E-03
          max. resid. norm for Fia-block=  1.590D-05 for orbital     33a         
          max. resid. fock norm         =  3.109D-05 for orbital    209a         

 ITERATION  ENERGY          1e-ENERGY        2e-ENERGY     RMS[dD(SAO)]   TOL
   8  -530.21590303049    -1569.2704382     615.34819715    0.544D-06 0.409D-11
                            Exc = -65.2059999524     Coul =  680.554197100    
                              N = 65.999999499    
                            current damping = 0.200
 
          Norm of current diis error: 0.17171E-03
          max. resid. norm for Fia-block=  7.029D-06 for orbital     33a         
          max. resid. fock norm         =  1.162D-05 for orbital    311a         

 ITERATION  ENERGY          1e-ENERGY        2e-ENERGY     RMS[dD(SAO)]   TOL
   9  -530.21590303100    -1569.2697886     615.34754762    0.495D-06 0.404D-11
                            Exc = -65.2059347666     Coul =  680.553482383    
                              N = 65.999999499    
                            current damping = 0.250
 
          Norm of current diis error: 0.12836E-03
          max. resid. norm for Fia-block=  4.125D-06 for orbital     32a         
          max. resid. fock norm         =  7.320D-06 for orbital    311a         

 ENERGY & DENSITY CONVERGED !


 ITERATION  ENERGY          1e-ENERGY        2e-ENERGY     RMS[dD(SAO)]   TOL
  10  -530.21590303170    -1569.2698404     615.34759942    0.179D-06 0.400D-11
                            Exc = -65.2059499365     Coul =  680.553549356    
                              N = 65.999999499    
                            current damping = 0.300
 
          Norm of current diis error: 0.33525E-04
          max. resid. norm for Fia-block=  1.159D-06 for orbital     33a         
          max. resid. fock norm         =  1.889D-06 for orbital    191a         

 End of SCF iterations

   convergence criteria satisfied after    10 iterations


                  ------------------------------------------ 
                 |  total energy      =   -530.21590303170  |
                  ------------------------------------------ 
                 :  kinetic energy    =    527.73454655672  :
                 :  potential energy  =  -1057.95044958842  :
                 :  virial theorem    =      1.99532010175  :
                 :  wavefunction norm =      1.00000000000  :
                  .......................................... 


 <geterg> : there is no data group $energy 


 <skperg> : $end is missing 


 orbitals $scfmo  will be written to file mos

    irrep                 29a         30a         31a         32a         33a   
 eigenvalues H         -0.35032    -0.33117    -0.32130    -0.23910    -0.23880
            eV          -9.5329     -9.0116     -8.7431     -6.5064     -6.4981
 occupation              2.0000      2.0000      2.0000      2.0000      2.0000

    irrep                 34a         35a         36a         37a         38a   
 eigenvalues H         -0.04666    -0.04652     0.02548     0.06134     0.06984
            eV          -1.2698     -1.2659      0.6934      1.6693      1.9003
 
 
 
 
 ==============================================================================
                           electrostatic moments
 ==============================================================================

 reference point for electrostatic moments:    0.00000   0.00000   0.00000

 
              nuc           elec       ->  total
 ------------------------------------------------------------------------------
                          charge      
 ------------------------------------------------------------------------------
          66.000000     -66.000000      -0.000000
 
 ------------------------------------------------------------------------------
                       dipole moment  
 ------------------------------------------------------------------------------
   x      15.814715     -15.814249       0.000467
   y      74.578672     -74.583451      -0.004779
   z       5.467043      -5.464022       0.003021
 
   | dipole moment | =     0.0057 a.u. =     0.0144 debye 
 
 ------------------------------------------------------------------------------
                     quadrupole moment
 ------------------------------------------------------------------------------
  xx     500.107261    -536.912299     -36.805037
  yy     589.134440    -625.964860     -36.830420
  zz      18.154110     -54.972325     -36.818215
  xy      25.647438     -25.641918       0.005520
  xz      81.194668     -81.188164       0.006504
  yz     -41.998879      41.983475      -0.015403
 
     1/3  trace=     -36.817891
     anisotropy=       0.037597
 
 ==============================================================================
 
HOMO-LUMO Separation
 HOMO         :   -0.23879832 H =     -6.49804 eV
 LUMO         :   -0.04666423 H =     -1.26980 eV
 HOMO-LUMO gap:    0.19213409 H =     +5.22824 eV
 
 ==============================================================================


    ------------------------------------------------------------------------
         total  cpu-time :  3 minutes and  8 seconds
         total wall-time :  6 minutes and 39 seconds
    ------------------------------------------------------------------------

   ****  ridft : all done  ****


    2020-12-12 02:07:36.920 

 ridft ended normally
