
 ridft (riogrande) : TURBOMOLE rev. V7.4.1 (b987a8a8) compiled 15 Oct 2019 at 12:03:25
 Copyright (C) 2019 TURBOMOLE GmbH, Karlsruhe


    2020-07-20 19:17:13.985 



                                  r i d f t

                        DFT program with RI approximation 
                                for coulomb part 




                                                 
                                 References:     
                                                 
          TURBOMOLE:                             
              R. Ahlrichs, M. Baer, M. Haeser, H. Horn, and
              C. Koelmel
              Electronic structure calculations on workstation
              computers: the program system TURBOMOLE
              Chem. Phys. Lett. 162: 165 (1989)
          Density Functional:                              
              O. Treutler and R. Ahlrichs                      
              Efficient Molecular Numerical Integration Schemes
              J. Chem. Phys. 102: 346 (1995)                   
          Parallel Version:                                
              Performance of parallel TURBOMOLE for Density    
              Functional Calculations                          
              M. v. Arnim and R. Ahlrichs                      
              J. Comp. Chem. 19: 1746 (1998)                   
          RI-J Method:                                     
              Auxiliary Basis Sets to approximate Coulomb      
              Potentials                                       
              Chem. Phys. Lett. 240: 283 (1995)                
              K. Eichkorn, O. Treutler, H. Oehm, M. Haeser     
              and R. Ahlrichs                                  
              Chem. Phys. Lett. 242: 652 (1995)                
                                                           
              Auxiliary Basis Sets for Main Row Atoms and their
              Use to approximate Coulomb Potentials            
              K. Eichkorn, F. Weigend, O. Treutler and         
              R. Ahlrichs                                      
              Theo. Chem. Acc. 97: 119 (1997)                   
                                                           
              Accurate Coulomb-fitting basis sets for H to Rn 
              F. Weigend                                        
              Phys. Chem. Chem. Phys. 8: 1057 (2006)            
                                                           
          Multipole accelerated RI-J (MARI-J):             
              Fast evaluation of the Coulomb potential for     
              electron densities using multipole accelerated   
              resolution of identity approximation             
              M. Sierka, A. Hogekamp and R. Ahlrichs           
              J. Chem. Phys. 118: 9136 (2003)                  
          RI-JK Method:                                     
              A fully direct RI-HF algorithm: Implementation,
              optimised auxiliary basis sets, demonstration of
              accuracy and efficiency                         
              F. Weigend                                      
              Phys. Chem. Chem. Phys. 4: 4285 (2002)           
          Two-component HF and DFT with spin-orbit coupling:  
              Self-consistent treatment of spin-orbit         
              interactions with efficient Hartree-Fock and    
              density functional methods                      
              M. K. Armbruster, F. Weigend, C. van Wüllen and 
              W. Klopper                                      
              Phys. Chem. Chem. Phys. 10: 1748 (2008)         
          Two-component difference density and DIIS algorithm 
              Efficient two-component self-consistent field   
              procedures and gradients: implementation in     
              TURBOMOLE and application to Au20-              
              A. Baldes, F. Weigend                           
              Mol. Phys. 111: 2617 (2013)                     
          Relativistic all-electron 2c calculations           
              An efficient implementation of two-component    
              relativistic exact-decoupling methods for large 
              molecules                                       
              D. Peng, N. Middendorf, F. Weigend, M. Reiher   
              J. Chem. Phys. 138: 184105 (2013)               
          Finite nucleus model and SNSO approximation         
              Efficient implementation of one- and two-       
              component analytical energy gradients in exact  
              two-component theory                            
              Y. J. Franzke, N. Middendorf, F. Weigend        
              J. Chem. Phys. 148: 104110 (2018)               
                                         




              +--------------------------------------------------+
              |      general information about current run       |
              +--------------------------------------------------+

 

 DENSITY CONVERGENCE CHECK SWITCHED ON !
 SCF CONVERGENCE IF RMS(delta[D]) <     0.1000000000E-06

 PBE functional
 exchange:    LDA + PBE
 correlation: LDA (PW) + PBE
 A DFT calculation using the RI-J approximation will be carried out.
 Allocatable memory for RI due to $ricore (MB):                   500


              +--------------------------------------------------+
              | Atomic coordinate, charge and isotop information |
              +--------------------------------------------------+

                    atomic coordinates            atom    charge  isotop
         -0.31602947    0.00027506    5.56158557    o      8.000     0
         -1.91045482   -0.00007537    6.42324178    h      1.000     0
          1.66672962    0.00003557    7.38276607    c      6.000     0
          3.42680163    0.00011308    6.33259749    h      1.000     0
          1.60537092    1.68028554    8.56918328    h      1.000     0
          1.60531312   -1.68045983    8.56883240    h      1.000     0
 
       center of nuclear mass  :    0.61567624    0.00014638    6.48482814
       center of nuclear charge:    0.67773183    0.00012652    6.59350755

              +--------------------------------------------------+
              |               basis set information              |
              +--------------------------------------------------+

              we will work with the 1s 3p 5d 7f 9g ... basis set
              ...i.e. with spherical basis functions...

   type   atoms  prim   cont   basis
   ---------------------------------------------------------------------------
    o        1     77     57   def2-QZVP   [7s4p3d2f1g|15s8p3d2f1g]
    h        4     33     30   def2-QZVP   [4s3p2d1f|7s3p2d1f]
    c        1     77     57   def2-QZVP   [7s4p3d2f1g|15s8p3d2f1g]
   ---------------------------------------------------------------------------
   total:    6    286    234
   ---------------------------------------------------------------------------

   total number of primitive shells          :   71
   total number of contracted shells         :   74
   total number of cartesian basis functions :  284
   total number of SCF-basis functions       :  234


 integral neglect threshold       :  0.12E-10
 integral storage threshold THIZE :  0.10E-04
 integral storage threshold THIME :         5

 RI-J AUXILIARY BASIS SET information:

              we will work with the 1s 3p 5d 7f 9g ... basis set
              ...i.e. with spherical basis functions...

   type   atoms  prim   cont   basis
   ---------------------------------------------------------------------------
    o        1     70     49   def2-QZVP   [6s4p3d1f1g|12s5p4d2f1g]
    h        4     16     11   def2-QZVP   [3s1p1d|5s2p1d]
    c        1     70     49   def2-QZVP   [6s4p3d1f1g|12s5p4d2f1g]
   ---------------------------------------------------------------------------
   total:    6    204    142
   ---------------------------------------------------------------------------

   total number of primitive shells          :   56
   total number of contracted shells         :   50
   total number of cartesian basis functions :  170
   total number of SCF-basis functions       :  142


 symmetry group of the molecule :   c1 

 the group has the following generators :
   c1(z)

    1 symmetry operations found

 there are 1 real representations :   a   

 maximum number of shells which are related by symmetry :  1


    mo occupation :
   irrep   mo's   occupied
    a      234        9
 
 number of basis functions   :                    234
 number of occupied orbitals :                      9
 
  
           ------------------
           density functional
           ------------------
 PBE functional
 exchange:    LDA + PBE
 correlation: LDA (PW) + PBE

 spherical integration : Lebedev's spherical grid
 spherical gridsize    :                     5
    i.e. gridpoints    :                   590
 value for diffuse not defined
 radial integration    : Chebyshev 2nd kind (scaling 3)
 radial gridsize       :                     8
 integration cells     :                     6
 partition function    : becke
 partition sharpness   :                     3
  

 biggest AO integral is expected to be     6.990327543
  
           ------------------------
               RI-J - INFORMATION
           ------------------------
 Contributions to RI integral batches: 
  neglected integral batches:                    43
  direct contribution:                            0
  memory contribution:                  2732
 Memory core needed for (P|Q) and Cholesky      1 MByte
 Memory core minimum needed except of (P|Q)     1 MByte
 Total minimum memory core needed (sum)         1 MByte
  
 ****************************************
 Memory allocated for RI-J    53 MByte
 ****************************************
                                            

          ------------------------
          nuclear repulsion energy  :   40.3054900882    
          ------------------------


         -----------------
         -S,T+V- integrals
         -----------------

 1e-integrals will be neglected if expon. factor < 0.117675E-11
 
   Difference densities algorithm switched on.
   The maximal number of linear combinations of
   difference densities is                    20 .

 DIIS switched on: error vector is FDS-SDF
 Max. Iterations for DIIS is     :   4
 DIIS matrix (see manual) 
    Scaling factor of diagonals  :  1.200
    threshold for scaling factor :  0.000

 scf convergence criterion : increment of total energy < .1000000D-06
                  and increment of one-electron energy < .1000000D-03

  MOs are in ASCII format !


 automatic virtual orbital shift switched on 
      shift if e(lumo)-e(homo) < 0.10000000    


 reading orbital data $scfmo  from file mos
 orbital characterization : expanded
 mo provided and orthogonalized by Cholesky decomposition

 DSCF restart information will be dumped onto file mos


 Starting SCF iterations

          Overall gridpoints after grid construction =         91090

 ITERATION  ENERGY          1e-ENERGY        2e-ENERGY     RMS[dD(SAO)]   TOL
   1  -115.17657765471    -236.19255859     80.710490849    0.000D+00 0.117D-10
                            Exc = -15.2624428672     Coul =  95.9729337160    
                              N = 17.999999541    
                            current damping = 0.300
 
          max. resid. norm for Fia-block=  8.273D-01 for orbital      3a         
          max. resid. fock norm         =  7.279D+01 for orbital    200a         

 ITERATION  ENERGY          1e-ENERGY        2e-ENERGY     RMS[dD(SAO)]   TOL
   2  -115.58026504842    -236.34116920     80.455414059    0.541D-02 0.887D-11
                            Exc = -15.2378729122     Coul =  95.6932869714    
                              N = 17.999999590    
                            current damping = 0.250
 
          Norm of current diis error:  1.5999    
          max. resid. norm for Fia-block=  1.080D-01 for orbital      3a         
          max. resid. fock norm         =  2.528D-01 for orbital    124a         

 ITERATION  ENERGY          1e-ENERGY        2e-ENERGY     RMS[dD(SAO)]   TOL
   3  -115.62701732079    -237.50970343     81.577196025    0.258D-02 0.675D-11
                            Exc = -15.4365360483     Coul =  97.0137320735    
                              N = 17.999999641    
                            current damping = 0.200
 
          Norm of current diis error: 0.71932    
          max. resid. norm for Fia-block=  3.987D-02 for orbital      9a         
          max. resid. fock norm         =  4.155D-02 for orbital      9a         

 ITERATION  ENERGY          1e-ENERGY        2e-ENERGY     RMS[dD(SAO)]   TOL
   4  -115.63819553398    -236.51505826     80.571372635    0.125D-02 0.577D-11
                            Exc = -15.3120612122     Coul =  95.8834338471    
                              N = 17.999999565    
                            current damping = 0.250
 
          Norm of current diis error: 0.32484    
          max. resid. norm for Fia-block=  1.221D-02 for orbital      5a         
          max. resid. fock norm         =  1.712D-02 for orbital    218a         

 ITERATION  ENERGY          1e-ENERGY        2e-ENERGY     RMS[dD(SAO)]   TOL
   5  -115.64036795012    -237.05742532     81.111567282    0.243D-03 0.550D-11
                            Exc = -15.3716914674     Coul =  96.4832587494    
                              N = 17.999999595    
                            current damping = 0.300
 
          Norm of current diis error: 0.98874E-01
          max. resid. norm for Fia-block=  3.695D-03 for orbital      6a         
          max. resid. fock norm         =  4.966D-03 for orbital     17a         
          mo-orthogonalization: Cholesky decomposition

 ITERATION  ENERGY          1e-ENERGY        2e-ENERGY     RMS[dD(SAO)]   TOL
   6  -115.64056517365    -236.94651571     81.000460450    0.921D-04 0.531D-11
                            Exc = -15.3611475981     Coul =  96.3616080480    
                              N = 17.999999587    
                            current damping = 0.350
 
          Norm of current diis error: 0.11549E-01
          max. resid. norm for Fia-block=  6.120D-04 for orbital      5a         
          max. resid. fock norm         =  8.249D-04 for orbital    230a         

 ITERATION  ENERGY          1e-ENERGY        2e-ENERGY     RMS[dD(SAO)]   TOL
   7  -115.64056821137    -236.95882747     81.012769167    0.117D-04 0.514D-11
                            Exc = -15.3627415016     Coul =  96.3755106682    
                              N = 17.999999588    
                            current damping = 0.400
 
          Norm of current diis error: 0.22582E-02
          max. resid. norm for Fia-block=  1.137D-04 for orbital      7a         
          max. resid. fock norm         =  1.627D-04 for orbital    191a         

 ITERATION  ENERGY          1e-ENERGY        2e-ENERGY     RMS[dD(SAO)]   TOL
   8  -115.64056832609    -236.95983737     81.013778956    0.281D-05 0.501D-11
                            Exc = -15.3628425732     Coul =  96.3766215289    
                              N = 17.999999588    
                            current damping = 0.250
 
          Norm of current diis error: 0.34027E-03
          max. resid. norm for Fia-block=  2.044D-05 for orbital      8a         
          max. resid. fock norm         =  4.177D-05 for orbital    220a         

 ITERATION  ENERGY          1e-ENERGY        2e-ENERGY     RMS[dD(SAO)]   TOL
   9  -115.64056832858    -236.95992272     81.013864302    0.900D-06 0.484D-11
                            Exc = -15.3628500185     Coul =  96.3767143210    
                              N = 17.999999588    
                            current damping = 0.100
 
          Norm of current diis error: 0.13587E-03
          max. resid. norm for Fia-block=  7.276D-06 for orbital      9a         
          max. resid. fock norm         =  8.619D-06 for orbital      9a         

 ITERATION  ENERGY          1e-ENERGY        2e-ENERGY     RMS[dD(SAO)]   TOL
  10  -115.64056832891    -236.95972011     81.013661689    0.311D-06 0.472D-11
                            Exc = -15.3628270775     Coul =  96.3764887661    
                              N = 17.999999588    
                            current damping = 0.150
 
          Norm of current diis error: 0.84874E-04
          max. resid. norm for Fia-block=  2.905D-06 for orbital      9a         
          max. resid. fock norm         =  4.222D-06 for orbital    218a         
          mo-orthogonalization: Cholesky decomposition

 ENERGY & DENSITY CONVERGED !


 ITERATION  ENERGY          1e-ENERGY        2e-ENERGY     RMS[dD(SAO)]   TOL
  11  -115.64056832908    -236.95981669     81.013758277    0.611D-07 0.461D-11
                            Exc = -15.3628390213     Coul =  96.3765972982    
                              N = 17.999999588    
                            current damping = 0.200
 
          Norm of current diis error: 0.11734E-04
          max. resid. norm for Fia-block=  5.647D-07 for orbital      9a         
          max. resid. fock norm         =  7.023D-07 for orbital    125a         

 End of SCF iterations

   convergence criteria satisfied after    11 iterations


                  ------------------------------------------ 
                 |  total energy      =   -115.64056832908  |
                  ------------------------------------------ 
                 :  kinetic energy    =    115.22086182107  :
                 :  potential energy  =   -230.86143015015  :
                 :  virial theorem    =      1.99637059456  :
                 :  wavefunction norm =      1.00000000000  :
                  .......................................... 


 <geterg> : there is no data group $energy 


 <skperg> : $end is missing 


 orbitals $scfmo  will be written to file mos

    irrep                  5a          6a          7a          8a          9a   
 eigenvalues H         -0.45890    -0.39209    -0.38062    -0.29237    -0.22973
            eV         -12.4875    -10.6694    -10.3573     -7.9557     -6.2513
 occupation              2.0000      2.0000      2.0000      2.0000      2.0000

    irrep                 10a         11a         12a         13a         14a   
 eigenvalues H         -0.00500     0.02913     0.07183     0.07342     0.09302
            eV          -0.1360      0.7928      1.9546      1.9978      2.5311
 
 
 
 
 ==============================================================================
                           electrostatic moments
 ==============================================================================

 reference point for electrostatic moments:    0.00000   0.00000   0.00000

 
              nuc           elec       ->  total
 ------------------------------------------------------------------------------
                          charge      
 ------------------------------------------------------------------------------
          18.000000     -18.000000       0.000000
 
 ------------------------------------------------------------------------------
                       dipole moment  
 ------------------------------------------------------------------------------
   x      12.199173     -12.294777      -0.095604
   y       0.002277      -0.002440      -0.000162
   z     118.683136    -118.061625       0.621511
 
   | dipole moment | =     0.6288 a.u. =     1.5983 debye 
 
 ------------------------------------------------------------------------------
                     quadrupole moment
 ------------------------------------------------------------------------------
  xx      38.013976     -46.106458      -8.092482
  yy       5.647305     -16.002536     -10.355231
  zz     802.696898    -805.487481      -2.790583
  xy       0.000009       0.000229       0.000238
  xz      96.711069     -97.634994      -0.923925
  yz       0.013142      -0.014071      -0.000929
 
     1/3  trace=      -7.079432
     anisotropy=       6.912883
 
 ==============================================================================
 
HOMO-LUMO Separation
 HOMO         :   -0.22972924 H =     -6.25125 eV
 LUMO         :   -0.00499708 H =     -0.13598 eV
 HOMO-LUMO gap:    0.22473216 H =     +6.11528 eV
 
 ==============================================================================


    ------------------------------------------------------------------------
         total  cpu-time :  16.42 seconds
         total wall-time :  16.52 seconds
    ------------------------------------------------------------------------

   ****  ridft : all done  ****


    2020-07-20 19:17:30.501 

