           SMPCPUS    set: Shared-memory Parallelization with  20 CPUs.

           SMP Parallelization Reference:
           C. van Wullen, J. Comput. Chem. 32 (2011) 1195--1201

 ridft (c-12-33) : TURBOMOLE rev. V7.5.0 compiled 13 Jun 2020 at 23:29:25
 Copyright (C) 2020 TURBOMOLE GmbH, Karlsruhe


    2020-07-20 07:23:49.628 



                                  r i d f t

                        DFT program with RI approximation 
                                for coulomb part 




                                                 
                                 References:     
                                                 
          TURBOMOLE:                             
              R. Ahlrichs, M. Baer, M. Haeser, H. Horn, and
              C. Koelmel
              Electronic structure calculations on workstation
              computers: the program system TURBOMOLE
              Chem. Phys. Lett. 162: 165 (1989)
          Density Functional:                              
              O. Treutler and R. Ahlrichs                      
              Efficient Molecular Numerical Integration Schemes
              J. Chem. Phys. 102: 346 (1995)                   
          Parallel Version:                                
              Performance of parallel TURBOMOLE for Density    
              Functional Calculations                          
              M. v. Arnim and R. Ahlrichs                      
              J. Comp. Chem. 19: 1746 (1998)                   
          RI-J Method:                                     
              Auxiliary Basis Sets to approximate Coulomb      
              Potentials                                       
              Chem. Phys. Lett. 240: 283 (1995)                
              K. Eichkorn, O. Treutler, H. Oehm, M. Haeser     
              and R. Ahlrichs                                  
              Chem. Phys. Lett. 242: 652 (1995)                
                                                           
              Auxiliary Basis Sets for Main Row Atoms and their
              Use to approximate Coulomb Potentials            
              K. Eichkorn, F. Weigend, O. Treutler and         
              R. Ahlrichs                                      
              Theo. Chem. Acc. 97: 119 (1997)                   
                                                           
              Accurate Coulomb-fitting basis sets for H to Rn 
              F. Weigend                                        
              Phys. Chem. Chem. Phys. 8: 1057 (2006)            
                                                           
          Multipole accelerated RI-J (MARI-J):             
              Fast evaluation of the Coulomb potential for     
              electron densities using multipole accelerated   
              resolution of identity approximation             
              M. Sierka, A. Hogekamp and R. Ahlrichs           
              J. Chem. Phys. 118: 9136 (2003)                  
          RI-JK Method:                                     
              A fully direct RI-HF algorithm: Implementation,
              optimised auxiliary basis sets, demonstration of
              accuracy and efficiency                         
              F. Weigend                                      
              Phys. Chem. Chem. Phys. 4: 4285 (2002)           
          Two-component HF and DFT with spin-orbit coupling:  
              Self-consistent treatment of spin-orbit         
              interactions with efficient Hartree-Fock and    
              density functional methods                      
              M. K. Armbruster, F. Weigend, C. van Wüllen and 
              W. Klopper                                      
              Phys. Chem. Chem. Phys. 10: 1748 (2008)         
          Two-component difference density and DIIS algorithm 
              Efficient two-component self-consistent field   
              procedures and gradients: implementation in     
              TURBOMOLE and application to Au20-              
              A. Baldes, F. Weigend                           
              Mol. Phys. 111: 2617 (2013)                     
          Relativistic all-electron 2c calculations           
              An efficient implementation of two-component    
              relativistic exact-decoupling methods for large 
              molecules                                       
              D. Peng, N. Middendorf, F. Weigend, M. Reiher   
              J. Chem. Phys. 138: 184105 (2013)               
          Finite nucleus model and SNSO approximation         
              Efficient implementation of one- and two-       
              component analytical energy gradients in exact  
              two-component theory                            
              Y. J. Franzke, N. Middendorf, F. Weigend        
              J. Chem. Phys. 148: 104110 (2018)               
          Grids for all-electron relativistic methods         
              Error-consistent segmented contracted all-      
              electron relativistic basis sets of double-     
              and triple-zeta quality for NMR shielding       
              constants                                       
              Y. J. Franzke, R. Tress, T. M. Pazdera,         
              F. Weigend                                      
              Phys. Chem. Chem. Phys. 21: 166658 (2019)       
          Seminumerical exchange algorithms                   
              Seminumerical calculation of the Hartree-Fock   
              exchange matirx: Application to two-component   
              procedures and efficient evaluation of local    
              hybrid functionsl                               
              P. Plessow, F. Weigend,                         
              J. Comput. Chem. 33: 810 (2012)                 
          Improved seminumerical algorithms                   
              C. Holzer, in preparation (2020)                
                                         




              +--------------------------------------------------+
              |      general information about current run       |
              +--------------------------------------------------+

 

 DENSITY CONVERGENCE CHECK SWITCHED ON !
 SCF CONVERGENCE IF RMS(delta[D]) <     0.1000000000E-06

 PBE functional
 exchange:    LDA + PBE
 correlation: LDA (PW) + PBE
 A DFT calculation using the RI-J approximation will be carried out.
 Allocatable memory for RI due to $ricore (MB):                  5000


              +--------------------------------------------------+
              | Atomic coordinate, charge and isotop information |
              +--------------------------------------------------+

                    atomic coordinates            atom    charge  isotop
          0.81401663   -0.00021772   -0.20398763    br     0.000     0
          0.03354341   -0.00002610    2.38099323    h      0.000     0
         -0.48569752    0.00034550    5.93591546    o      8.000     0
         -1.98171931   -0.00007618    6.96178674    h      1.000     0
          1.66395537    0.00004838    7.55415409    c      6.000     0
          3.31427583    0.00018619    6.33628987    h      1.000     0
          1.72635852    1.67980666    8.74320827    h      1.000     0
          1.72628250   -1.68005369    8.74272426    h      1.000     0
 
       center of nuclear mass  :    0.72698288   -0.00010140    1.79563669
       center of nuclear charge:    0.60463053    0.00016207    6.86645874

              +--------------------------------------------------+
              |               basis set information              |
              +--------------------------------------------------+

              we will work with the 1s 3p 5d 7f 9g ... basis set
              ...i.e. with spherical basis functions...

   type   atoms  prim   cont   basis
   ---------------------------------------------------------------------------
    br       1    231     43   cc-pVTZ   [6s5p3d1f|74s35p9d1f]
    h        5     16     14   cc-pVTZ   [3s2p1d|5s2p1d]
    o        1     50     30   cc-pVTZ   [4s3p2d1f|18s5p2d1f]
    c        1     50     30   cc-pVTZ   [4s3p2d1f|18s5p2d1f]
   ---------------------------------------------------------------------------
   total:    8    411    173
   ---------------------------------------------------------------------------

   total number of primitive shells          :  179
   total number of contracted shells         :   65
   total number of cartesian basis functions :  194
   total number of SCF-basis functions       :  173


 integral neglect threshold       :  0.17E-10
 integral storage threshold THIZE :  0.10E-04
 integral storage threshold THIME :         5

 RI-J AUXILIARY BASIS SET information:

              we will work with the 1s 3p 5d 7f 9g ... basis set
              ...i.e. with spherical basis functions...

   type   atoms  prim   cont   basis
   ---------------------------------------------------------------------------
    br       1     89     58   universal   [8s4p3d2f1g|19s5p5d3f1g]
    h        5     16     11   cc-pVTZ   [3s1p1d|5s2p1d]
    o        1     70     49   cc-pVTZ   [6s4p3d1f1g|12s5p4d2f1g]
    c        1     70     49   cc-pVTZ   [6s4p3d1f1g|12s5p4d2f1g]
   ---------------------------------------------------------------------------
   total:    8    309    211
   ---------------------------------------------------------------------------

   total number of primitive shells          :   89
   total number of contracted shells         :   73
   total number of cartesian basis functions :  255
   total number of SCF-basis functions       :  211


 symmetry group of the molecule :   c1 

 the group has the following generators :
   c1(z)

    1 symmetry operations found

 there are 1 real representations :   a   

 maximum number of shells which are related by symmetry :  1

  
           ------------------
           density functional
           ------------------
 Dummy atoms with grid-point found.
 DFT quadrature threshold dgrenze tightened by factor 1/10.

 PBE functional
 exchange:    LDA + PBE
 correlation: LDA (PW) + PBE
 Dummy atoms with grid-point found.
 DFT quadrature threshold dgrenze tightened by factor 1/10.

 Dummy atoms with grid-point found.
 DFT quadrature threshold dgrenze tightened by factor 1/10.


 spherical integration : Lebedev's spherical grid
 spherical gridsize    :                     5
    i.e. gridpoints    :                   590
 value for diffuse not defined
 radial integration    : Chebyshev 2nd kind (scaling 3)
 radial gridsize       :                     8
 integration cells     :                     8
 partition function    : becke
 partition sharpness   :                     3
  
 found dummy atom(s) with basis: included in dft

 biggest AO integral is expected to be    21.504608483

          ------------------------
          nuclear repulsion energy  :   40.3075582789    
          ------------------------


         -----------------
         -S,T+V- integrals
         -----------------

 1e-integrals will be neglected if expon. factor < 0.172266E-11
 
   Difference densities algorithm switched on.
   The maximal number of linear combinations of
   difference densities is                    20 .

 DIIS switched on: error vector is FDS-SDF
 Max. Iterations for DIIS is     :   4
 DIIS matrix (see manual) 
    Scaling factor of diagonals  :  1.200
    threshold for scaling factor :  0.000

 scf convergence criterion : increment of total energy < .1000000D-06
                  and increment of one-electron energy < .1000000D-03

 MOs are in ASCII format !


    mo occupation :
   irrep   mo's   occupied
    a      173        9
 
 number of basis functions   :   173
 number of occupied orbitals :     9
 

 reading orbital data $scfmo  from file mos
 orbital characterization : expanded
 virtual MOs provided and orthogonalized by Cholesky decomposition

 automatic virtual orbital shift switched on 
      shift if e(lumo)-e(homo) < 0.10000000    

  
           ------------------------
               RI-J - INFORMATION
           ------------------------
 Contributions to RI integral batches: 
  neglected integral batches:                   105
  direct contribution:                            0
  memory contribution:                  2040
 Memory core needed for (P|Q) and Cholesky      1 MByte
 Memory core minimum needed except of (P|Q)     1 MByte
 Total minimum memory core needed (sum)         1 MByte
  
 ****************************************
 Memory allocated for RI-J    36 MByte
 ****************************************
                                            

 DSCF restart information will be dumped onto file mos


 Starting SCF iterations

          Overall gridpoints after grid construction =        128562

 ITERATION  ENERGY          1e-ENERGY        2e-ENERGY     RMS[dD(SAO)]   TOL
   1  -115.17968372450    -236.20299828     80.715756272    0.000D+00 0.172D-10
                            Exc = -15.2740767140     Coul =  95.9898329858    
                              N = 18.000000818    
                            current damping = 0.300
 
          max. resid. norm for Fia-block=  3.025D-01 for orbital      1a         
          max. resid. fock norm         =  1.696D+02 for orbital     28a         

 ITERATION  ENERGY          1e-ENERGY        2e-ENERGY     RMS[dD(SAO)]   TOL
   2  -115.56781837583    -236.31458029     80.439203634    0.515D-02 0.113D-10
                            Exc = -15.2313625759     Coul =  95.6705662103    
                              N = 18.000000620    
                            current damping = 0.250
 
          Norm of current diis error:  1.1693    
          max. resid. norm for Fia-block=  1.027D-01 for orbital      3a         
          max. resid. fock norm         =  1.910D-01 for orbital     91a         

 ITERATION  ENERGY          1e-ENERGY        2e-ENERGY     RMS[dD(SAO)]   TOL
   3  -115.61902120507    -237.47147193     81.544892444    0.231D-02 0.953D-11
                            Exc = -15.4239084602     Coul =  96.9688009041    
                              N = 18.000000406    
                            current damping = 0.200
 
          Norm of current diis error: 0.40852    
          max. resid. norm for Fia-block=  3.437D-02 for orbital      8a         
          max. resid. fock norm         =  3.501D-02 for orbital      8a         

 ITERATION  ENERGY          1e-ENERGY        2e-ENERGY     RMS[dD(SAO)]   TOL
   4  -115.62490091541    -236.59395526     80.661496066    0.157D-02 0.814D-11
                            Exc = -15.3182937227     Coul =  95.9797897884    
                              N = 18.000000474    
                            current damping = 0.250
 
          Norm of current diis error: 0.21841    
          max. resid. norm for Fia-block=  1.040D-02 for orbital      5a         
          max. resid. fock norm         =  1.312D-02 for orbital    111a         

 ITERATION  ENERGY          1e-ENERGY        2e-ENERGY     RMS[dD(SAO)]   TOL
   5  -115.62661693935    -237.04192868     81.107753459    0.323D-03 0.791D-11
                            Exc = -15.3668414746     Coul =  96.4745949341    
                              N = 18.000000441    
                            current damping = 0.300
 
          Norm of current diis error: 0.56235E-01
          max. resid. norm for Fia-block=  2.811D-03 for orbital      6a         
          max. resid. fock norm         =  4.411D-03 for orbital     76a         
          mo-orthogonalization: Cholesky decomposition

 ITERATION  ENERGY          1e-ENERGY        2e-ENERGY     RMS[dD(SAO)]   TOL
   6  -115.62672774779    -236.97930432     81.045018291    0.967D-04 0.766D-11
                            Exc = -15.3615150859     Coul =  96.4065333768    
                              N = 18.000000442    
                            current damping = 0.350
 
          Norm of current diis error: 0.76686E-02
          max. resid. norm for Fia-block=  5.046D-04 for orbital      8a         
          max. resid. fock norm         =  6.491D-04 for orbital    107a         

 ITERATION  ENERGY          1e-ENERGY        2e-ENERGY     RMS[dD(SAO)]   TOL
   7  -115.62673012500    -236.99061799     81.056329590    0.125D-04 0.747D-11
                            Exc = -15.3629499769     Coul =  96.4192795668    
                              N = 18.000000441    
                            current damping = 0.400
 
          Norm of current diis error: 0.13671E-02
          max. resid. norm for Fia-block=  9.756D-05 for orbital      7a         
          max. resid. fock norm         =  1.635D-04 for orbital     80a         

 ITERATION  ENERGY          1e-ENERGY        2e-ENERGY     RMS[dD(SAO)]   TOL
   8  -115.62673020305    -236.99162312     81.057334636    0.334D-05 0.730D-11
                            Exc = -15.3630453231     Coul =  96.4203799596    
                              N = 18.000000441    
                            current damping = 0.250
 
          Norm of current diis error: 0.24988E-03
          max. resid. norm for Fia-block=  1.901D-05 for orbital      8a         
          max. resid. fock norm         =  7.300D-05 for orbital     76a         

 ITERATION  ENERGY          1e-ENERGY        2e-ENERGY     RMS[dD(SAO)]   TOL
   9  -115.62673020538    -236.99174638     81.057457893    0.643D-06 0.711D-11
                            Exc = -15.3630583516     Coul =  96.4205162442    
                              N = 18.000000441    
                            current damping = 0.100
 
          Norm of current diis error: 0.90217E-04
          max. resid. norm for Fia-block=  6.164D-06 for orbital      8a         
          max. resid. fock norm         =  1.287D-05 for orbital     33a         

 ITERATION  ENERGY          1e-ENERGY        2e-ENERGY     RMS[dD(SAO)]   TOL
  10  -115.62673020568    -236.99157344     81.057284960    0.401D-06 0.693D-11
                            Exc = -15.3630395399     Coul =  96.4203244998    
                              N = 18.000000441    
                            current damping = 0.150
 
          Norm of current diis error: 0.47420E-04
          max. resid. norm for Fia-block=  2.177D-06 for orbital      9a         
          max. resid. fock norm         =  2.850D-06 for orbital      8a         
          mo-orthogonalization: Cholesky decomposition

 ENERGY & DENSITY CONVERGED !


 ITERATION  ENERGY          1e-ENERGY        2e-ENERGY     RMS[dD(SAO)]   TOL
  11  -115.62673020578    -236.99164863     81.057360143    0.751D-07 0.679D-11
                            Exc = -15.3630485785     Coul =  96.4204087219    
                              N = 18.000000441    
                            current damping = 0.200
 
          Norm of current diis error: 0.76571E-05
          max. resid. norm for Fia-block=  4.808D-07 for orbital      9a         
          max. resid. fock norm         =  8.730D-07 for orbital     85a         

 End of SCF iterations

   convergence criteria satisfied after    11 iterations


                  ------------------------------------------ 
                 |  total energy      =   -115.62673020578  |
                  ------------------------------------------ 
                 :  kinetic energy    =    114.97417091965  :
                 :  potential energy  =   -230.60090112542  :
                 :  virial theorem    =      1.99435632846  :
                 :  wavefunction norm =      1.00000000000  :
                  .......................................... 


 <geterg> : there is no data group $energy 


 <skperg> : $end is missing 


 orbitals $scfmo  will be written to file mos

    irrep                  5a          6a          7a          8a          9a   
 eigenvalues H         -0.45579    -0.38939    -0.37759    -0.28935    -0.22433
            eV         -12.4026    -10.5960    -10.2749     -7.8738     -6.1044
 occupation              2.0000      2.0000      2.0000      2.0000      2.0000

    irrep                 10a         11a         12a         13a         14a   
 eigenvalues H          0.01030     0.04919     0.08098     0.09473     0.12214
            eV           0.2802      1.3386      2.2037      2.5778      3.3237
 
 
 
 
 ==============================================================================
                           electrostatic moments
 ==============================================================================

 reference point for electrostatic moments:    0.00000   0.00000   0.00000

 
              nuc           elec       ->  total
 ------------------------------------------------------------------------------
                          charge      
 ------------------------------------------------------------------------------
          18.000000     -18.000000      -0.000000
 
 ------------------------------------------------------------------------------
                       dipole moment  
 ------------------------------------------------------------------------------
   x      10.883350     -10.934554      -0.051205
   y       0.002917      -0.003101      -0.000184
   z     123.596257    -122.965123       0.631135
 
   | dipole moment | =     0.6332 a.u. =     1.6095 debye 
 
 ------------------------------------------------------------------------------
                     quadrupole moment
 ------------------------------------------------------------------------------
  xx      39.371702     -47.465502      -8.093799
  yy       5.644332     -15.888105     -10.243773
  zz     865.766165    -867.886966      -2.120801
  xy      -0.000390       0.000681       0.000291
  xz      89.744405     -90.677470      -0.933064
  yz       0.017903      -0.019044      -0.001141
 
     1/3  trace=      -6.819458
     anisotropy=       7.466775
 
 ==============================================================================
 
HOMO-LUMO Separation
 HOMO         :   -0.22433012 H =     -6.10434 eV
 LUMO         :    0.01029672 H =     +0.28019 eV
 HOMO-LUMO gap:    0.23462684 H =     +6.38452 eV
 
 ==============================================================================


    ------------------------------------------------------------------------
         total  cpu-time :  2 minutes and 37 seconds
         total wall-time :   9.57 seconds
    ------------------------------------------------------------------------

   ****  ridft : all done  ****


    2020-07-20 07:23:59.171 

