
   OpenMP run-time library returned nthreads = 20

 rirpa (c-12-33) : TURBOMOLE rev. V7.5.0 compiled 17 Jun 2020 at 09:15:30
 Copyright (C) 2020 TURBOMOLE GmbH, Karlsruhe


    2020-07-20 03:00:28.356 

 
 
    *************************************************************************
    *************************** PROGRAM RIRPA *******************************
    ******                                                             ******
    ******              H. Eshuis, J. E. Bates and F. Furche           ******
    ******                                                             ******
    ****** Nov 2011                                                    ******
    ****** Copyright TURBOMOLE GmbH                                    ******
    *************************************************************************
    
    
                                References:                                  
    
                   RIRPA:                                                    
                     H. Eshuis, J. Yarkony, and F. Furche                    
                     Fast Computation of Molecular Random Phase              
                     Approximation Correlation Energies Using Resolution     
                     of the Identity and Imaginary Frequency Integration     
                     J. Chem. Phys. 132: 234114 (2010)                       
    
                     H. Eshuis, J. E. Bates, and F. Furche                   
                     Electron Correlation Methods Based on                   
                     the Random Phase Approximation                          
                     Theor. Chem. Acc.  131: 1084 (2012)                     
    
                     G. P. Chen, V. K. Voora, M. M. Agee,                    
                     S. G. Balasubramani, and F. Furche                      
                     Random-Phase Approximation Methods                      
                     Annu. Rev. Phys. Chem. 68: 421 (2017)                   
    
                   TWO-COMPONENT RIRPA:                                      
                     M. Kuehn                                                
                     Correlation Energies from the                           
                     Two-Component Random-Phase Approximation                
                     J. Chem. Theory Comput. 10: 623 (2014)                  
    
                   RIRPA GRADIENTS:                                          
                     A. M. Burow, J. E. Bates, F. Furche*, and H. Eshuis     
                     Analytical First-Order Molecular Properties and Forces  
                     within the Adiabatic Connection Random Phase            
                     Approximation                                           
                     J. Chem. Theory Comput. 10: 180 (2014)                  
    
                   RI-AXK/RI-ACSOSEX/RI-ACSOX:                               
                     G. P. Chen, M. M. Agee, and F. Furche                   
                     Performance and Scope of Perturbative Corrections to    
                     Random-Phase Approximation Energies                     
                     J. Chem. Theory Comput. 14: 5701 (2018)                 
    
                   GKS-RPA:                                                  
                     V. K. Voora, S. G. Balasubramani, and F. Furche         
                     Variational Generalized Kohn-Sham Approach Combining    
                     the Random-Phase-Approximation and Green’s-Function     
                     Methods                                                 
                     Phys. Rev. A 99: 012518 (2019)                          
    
    
    
      ... OpenMP parallelization enabled, threads:   20

   *-----------------------------------------------------------------------*
   |                     program will use 20 thread(s)                     |
   *-----------------------------------------------------------------------*

 MAXIMUM CORE MEMORY WHICH CAN BE ALLOCATED DYNAMICALLY = 100000 MiB
              ( or 13107200000 double words per process)

 
                FOUND RI-J FLAG
 
  HF exact exchange energy will be computed using RI-J.


              +--------------------------------------------------+
              | Atomic coordinate, charge and isotop information |
              +--------------------------------------------------+

                    atomic coordinates            atom    charge  isotop
          0.33979232   -0.14588223   -0.22303425    c      6.000     0
          3.25539243    0.75405978    1.18689182    cl    17.000     0
          0.24634602   -2.19033621   -0.29308993    h      1.000     0
         -1.19142922    0.59401413    0.91747534    h      1.000     0
          0.25503586    0.63447211   -2.11439189    h      1.000     0
          9.25494407    1.65700410    2.62712790    o      0.000     0
          9.81610707    0.45033512    0.76563532    c      0.000     0
         11.79982107    0.10298271    0.24257186    h      0.000     0
          8.37164867   -0.35655414   -0.49167589    h      0.000     0
 
       center of nuclear mass  :    5.03148437    0.69150823    1.10384567
       center of nuclear charge:    2.18039915    0.42237972    0.66726727
              +-------------------------------------------------+
              |        Rotational Constants Section             |
              +-------------------------------------------------+
                                   Center of Mass [a.u]:
               5.03148437322725         0.69150822543449         1.10384567225511
                     Principal Moments of Inertia [a.u.]
              72.45359026195956      1122.01402207334013      1183.08078770206657
                       Rotational constants A,B,C [a.u.]
               0.00690096927139         0.00044562722940         0.00042262540749
                     Rotational constants A,B,C [cm**-1]
               0.83087237331920         0.05365323900784         0.05088383407306
                        Rotational constants A,B,C [MHz]
           24908.92710816576800      1608.48364018225561      1525.45896892253904

   * BASIS SET information:

              +--------------------------------------------------+
              |               basis set information              |
              +--------------------------------------------------+

              we will work with the 1s 3p 5d 7f 9g ... basis set
              ...i.e. with spherical basis functions...

   type   atoms  prim   cont   basis
   ---------------------------------------------------------------------------
    c        2     77     55   cc-pVQZ   [5s4p3d2f1g|21s6p3d2f1g]
    cl       1    137     59   cc-pVQZ   [6s5p3d2f1g|42s19p3d2f1g]
    h        5     32     30   cc-pVQZ   [4s3p2d1f|6s3p2d1f]
    o        1     77     55   cc-pVQZ   [5s4p3d2f1g|21s6p3d2f1g]
   ---------------------------------------------------------------------------
   total:    9    528    374
   ---------------------------------------------------------------------------

   total number of primitive shells          :  145
   total number of contracted shells         :  112
   total number of cartesian basis functions :  459
   total number of SCF-basis functions       :  374


   * AUXILIARY BASIS SET information:

              +--------------------------------------------------+
              |               basis set information              |
              +--------------------------------------------------+

              we will work with the 1s 3p 5d 7f 9g ... basis set
              ...i.e. with spherical basis functions...

   type   atoms  prim   cont   basis
   ---------------------------------------------------------------------------
    c        2    132    132   cc-pVQZ   [8s7p6d5f3g1h|8s7p6d5f3g1h]
    cl       1    158    158   cc-pVQZ   [11s9p8d6f3g1h|11s9p8d6f3g1h]
    h        5     55     55   cc-pVQZ   [5s4p3d2f1g|5s4p3d2f1g]
    o        1    132    132   cc-pVQZ   [8s7p6d5f3g1h|8s7p6d5f3g1h]
   ---------------------------------------------------------------------------
   total:    9    829    829
   ---------------------------------------------------------------------------

   total number of primitive shells          :  113
   total number of contracted shells         :  203
   total number of cartesian basis functions : 1105
   total number of SCF-basis functions       :  829


   * RIJ AUXILIARY BASIS SET information:

              +--------------------------------------------------+
              |               basis set information              |
              +--------------------------------------------------+

              we will work with the 1s 3p 5d 7f 9g ... basis set
              ...i.e. with spherical basis functions...

   type   atoms  prim   cont   basis
   ---------------------------------------------------------------------------
    c        2     70     49   cc-pVQZ   [6s4p3d1f1g|12s5p4d2f1g]
    cl       1     77     51   cc-pVQZ   [8s4p3d1f1g|14s5p5d2f1g]
    h        5     16     11   cc-pVQZ   [3s1p1d|5s2p1d]
    o        1     70     49   cc-pVQZ   [6s4p3d1f1g|12s5p4d2f1g]
   ---------------------------------------------------------------------------
   total:    9    367    253
   ---------------------------------------------------------------------------

   total number of primitive shells          :   83
   total number of contracted shells         :   87
   total number of cartesian basis functions :  306
   total number of SCF-basis functions       :  253


 reading orbital data $scfmo  from file mos
 orbital characterization : scfconv=7

 integral neglect threshold       :  0.27E+02

 scfconv                     7

 there are 1 real representations :   a   

 maximum number of shells which are related by symmetry :  1

 entered riccmos at 2020-07-20 03:00:28.633
VM size:      1500 MB
  MOs are in ASCII format !


 reading orbital data $scfmo  from file mos
 orbital characterization : scfconv=7
after riccmoinp VM size:      1420 MB
registered memory usage:         2 MB
 time elapsed for calculating density matrices :   0.493 sec



              +--------------------------------------------+
              | list of orbitals that will be kept frozen: |
              +--------------------------------------------+
              |   irrep   index      energy     occ/vir    |
              +--------------------------------------------+
              |   a         1     -100.6924     occupied   |
              |   a         2       -9.9357     occupied   |
              |   a         3       -9.1751     occupied   |
              |   a         4       -7.0010     occupied   |
              |   a         5       -6.9903     occupied   |
              |   a         6       -6.9903     occupied   |
              +--------------------------------------------+



   Molecular Orbital Statistic:
   ============================

   -----------------------------
   orbitals in total:
   -----------------------------
    frozen occupied :      6
    active occupied :      7
    active virtual  :    361
    frozen virtual  :      0
    all together    :    374
   -----------------------------


     time in riccmoinp     cpu:  0.14 sec    wall:  0.14 sec    ratio:  1.0
     time in scfdens       cpu:  0.49 sec    wall:  0.03 sec    ratio: 18.6
     time in mkiao         cpu:  0.00 sec    wall:  0.00 sec    ratio:  0.0
     time in mkiho         cpu:  0.00 sec    wall:  0.00 sec    ratio:  0.0
     time in sao2ao        cpu:  0.11 sec    wall:  0.01 sec    ratio: 19.8
     time in ricclmos      cpu:  0.00 sec    wall:  0.00 sec    ratio:  0.0
     time in riccmos       cpu:  1.60 sec    wall:  0.21 sec    ratio:  7.6
 leave riccmos at 2020-07-20 03:00:28.843

     total memory allocated for calculation of (Q|P)**(-1/2) : 8 MiB


     calculation of (P|Q) ...
     time in lp2sym        cpu:  0.65 sec    wall:  0.03 sec    ratio: 20.0


     calculation of the Cholesky decomposition of (P|Q)**(-1) ...
     time in invmetri      cpu:  2.08 sec    wall:  0.10 sec    ratio: 19.9

   threshold for RMS(d[D]) in SCF was     :  0.10E-06
   integral neglect threshold             :  0.30E-11
   derivative integral neglect threshold  :  0.10E-06


 setting up bound for integral derivative estimation

 increment for numerical differentiation : 0.00050000
 
 Occupied orbital block size for RIRPA:                     7
 
 Number of passes for spin                     1 is                     1
 
 Number of eigenvalues < 6e-3:                      0
 
 
            -----------------------------
            Complex frequency integration
            -----------------------------
 
 Number of Clenshaw-Curtis nodes:                    100
 Optimized scaling parameter    :    1.41085915273647     
 Sensitivity measure            :  -7.705683313652401E-012
 
 Done with rirpa frequency point #                     1
 Done with rirpa frequency point #                     2
 Done with rirpa frequency point #                     3
 Done with rirpa frequency point #                     4
 Done with rirpa frequency point #                     5
 Done with rirpa frequency point #                     6
 Done with rirpa frequency point #                     7
 Done with rirpa frequency point #                     8
 Done with rirpa frequency point #                     9
 Done with rirpa frequency point #                    10
 Done with rirpa frequency point #                    11
 Done with rirpa frequency point #                    12
 Done with rirpa frequency point #                    13
 Done with rirpa frequency point #                    14
 Done with rirpa frequency point #                    15
 Done with rirpa frequency point #                    16
 Done with rirpa frequency point #                    17
 Done with rirpa frequency point #                    18
 Done with rirpa frequency point #                    19
 Done with rirpa frequency point #                    20
 Done with rirpa frequency point #                    21
 Done with rirpa frequency point #                    22
 Done with rirpa frequency point #                    23
 Done with rirpa frequency point #                    24
 Done with rirpa frequency point #                    25
 Done with rirpa frequency point #                    26
 Done with rirpa frequency point #                    27
 Done with rirpa frequency point #                    28
 Done with rirpa frequency point #                    29
 Done with rirpa frequency point #                    30
 Done with rirpa frequency point #                    31
 Done with rirpa frequency point #                    32
 Done with rirpa frequency point #                    33
 Done with rirpa frequency point #                    34
 Done with rirpa frequency point #                    35
 Done with rirpa frequency point #                    36
 Done with rirpa frequency point #                    37
 Done with rirpa frequency point #                    38
 Done with rirpa frequency point #                    39
 Done with rirpa frequency point #                    40
 Done with rirpa frequency point #                    41
 Done with rirpa frequency point #                    42
 Done with rirpa frequency point #                    43
 Done with rirpa frequency point #                    44
 Done with rirpa frequency point #                    45
 Done with rirpa frequency point #                    46
 Done with rirpa frequency point #                    47
 Done with rirpa frequency point #                    48
 Done with rirpa frequency point #                    49
 Done with rirpa frequency point #                    50
 Done with rirpa frequency point #                    51
 Done with rirpa frequency point #                    52
 Done with rirpa frequency point #                    53
 Done with rirpa frequency point #                    54
 Done with rirpa frequency point #                    55
 Done with rirpa frequency point #                    56
 Done with rirpa frequency point #                    57
 Done with rirpa frequency point #                    58
 Done with rirpa frequency point #                    59
 Done with rirpa frequency point #                    60
 Done with rirpa frequency point #                    61
 Done with rirpa frequency point #                    62
 Done with rirpa frequency point #                    63
 Done with rirpa frequency point #                    64
 Done with rirpa frequency point #                    65
 Done with rirpa frequency point #                    66
 Done with rirpa frequency point #                    67
 Done with rirpa frequency point #                    68
 Done with rirpa frequency point #                    69
 Done with rirpa frequency point #                    70
 Done with rirpa frequency point #                    71
 Done with rirpa frequency point #                    72
 Done with rirpa frequency point #                    73
 Done with rirpa frequency point #                    74
 Done with rirpa frequency point #                    75
 Done with rirpa frequency point #                    76
 Done with rirpa frequency point #                    77
 Done with rirpa frequency point #                    78
 Done with rirpa frequency point #                    79
 Done with rirpa frequency point #                    80
 Done with rirpa frequency point #                    81
 Done with rirpa frequency point #                    82
 Done with rirpa frequency point #                    83
 Done with rirpa frequency point #                    84
 Done with rirpa frequency point #                    85
 Done with rirpa frequency point #                    86
 Done with rirpa frequency point #                    87
 Done with rirpa frequency point #                    88
 Done with rirpa frequency point #                    89
 Done with rirpa frequency point #                    90
 Done with rirpa frequency point #                    91
 Done with rirpa frequency point #                    92
 Done with rirpa frequency point #                    93
 Done with rirpa frequency point #                    94
 Done with rirpa frequency point #                    95
 Done with rirpa frequency point #                    96
 Done with rirpa frequency point #                    97
 Done with rirpa frequency point #                    98
 Done with rirpa frequency point #                    99
 Done with rirpa frequency point #                   100
 


 RI-RPA correlation energy: -0.6907382102976072E+00
 Allocatable memory for RI due to $ricore (MB):                  5000

 there are 1 real representations :   a   

 maximum number of shells which are related by symmetry :  1

  
           ------------------------
               RI-J - INFORMATION
           ------------------------
 Contributions to RI integral batches: 
  neglected integral batches:                  1255
  direct contribution:                            0
  memory contribution:                  5073

          ------------------------
          nuclear repulsion energy  :   51.4606601793    
          ------------------------


         -----------------
         -S,T+V- integrals
         -----------------

 1e-integrals will be neglected if expon. factor < 0.301659E-11

                  --------------------------------------------------- 
                 |  HXX+RIRPA total energy     =   -499.82630387967  |
                  ---------------------------------------------------- 
                 :  RIRPA correlation energy   =     -0.69073821030  :
                 :  HXX total energy           =   -499.13556566937  :
                 :  Hartree energy             =    273.64851194419  :
                 :  Exact Exchange energy      =    -33.74397858449  :
                  .................................................... 


    ------------------------------------------------------------------------
    Rirpa profiling                cpu                    wall         ratio
    ------------------------------------------------------------------------
    module                         sec     %               sec     %
    ------------------------------------------------------------------------
    RIRPA                       263.8  100.00           18.1  100.00  14.6
    STARTUP                       3.7    1.38            0.3    1.50  13.5
    riccmos                       1.6    0.61            0.2    1.17   7.6
    riccaux                       2.9    1.08            0.1    0.79  19.9
    riccbound                     5.4    2.04            1.9   10.54   2.8
    ccmkbaoi                      9.7    3.68            0.5    2.86  18.8
    cc3idxnrm                     0.4    0.15            0.0    0.11  20.0
    ecrpa                       152.0   57.62            7.6   42.09  20.0
    qbuild                      138.9   52.63            6.9   38.45  20.0
    rparenrm                      9.7    3.66            0.5    2.68  20.0
    ehxx                         88.0   33.34            7.4   40.84  11.9
    ------------------------------------------------------------------------
    sum                         676.1  256.28           43.6  241.10  15.5
    ------------------------------------------------------------------------


    ------------------------------------------------------------------------
         total  cpu-time :  4 minutes and 24 seconds
         total wall-time :  18.12 seconds
    ------------------------------------------------------------------------

   ****  rirpa : all done  ****


    2020-07-20 03:00:46.436 

