
 ridft (tigris) : TURBOMOLE rev. V7.4.1 (b987a8a8) compiled 15 Oct 2019 at 12:03:25
 Copyright (C) 2019 TURBOMOLE GmbH, Karlsruhe


    2020-12-12 02:06:08.403 



                                  r i d f t

                        DFT program with RI approximation 
                                for coulomb part 




                                                 
                                 References:     
                                                 
          TURBOMOLE:                             
              R. Ahlrichs, M. Baer, M. Haeser, H. Horn, and
              C. Koelmel
              Electronic structure calculations on workstation
              computers: the program system TURBOMOLE
              Chem. Phys. Lett. 162: 165 (1989)
          Density Functional:                              
              O. Treutler and R. Ahlrichs                      
              Efficient Molecular Numerical Integration Schemes
              J. Chem. Phys. 102: 346 (1995)                   
          Parallel Version:                                
              Performance of parallel TURBOMOLE for Density    
              Functional Calculations                          
              M. v. Arnim and R. Ahlrichs                      
              J. Comp. Chem. 19: 1746 (1998)                   
          RI-J Method:                                     
              Auxiliary Basis Sets to approximate Coulomb      
              Potentials                                       
              Chem. Phys. Lett. 240: 283 (1995)                
              K. Eichkorn, O. Treutler, H. Oehm, M. Haeser     
              and R. Ahlrichs                                  
              Chem. Phys. Lett. 242: 652 (1995)                
                                                           
              Auxiliary Basis Sets for Main Row Atoms and their
              Use to approximate Coulomb Potentials            
              K. Eichkorn, F. Weigend, O. Treutler and         
              R. Ahlrichs                                      
              Theo. Chem. Acc. 97: 119 (1997)                   
                                                           
              Accurate Coulomb-fitting basis sets for H to Rn 
              F. Weigend                                        
              Phys. Chem. Chem. Phys. 8: 1057 (2006)            
                                                           
          Multipole accelerated RI-J (MARI-J):             
              Fast evaluation of the Coulomb potential for     
              electron densities using multipole accelerated   
              resolution of identity approximation             
              M. Sierka, A. Hogekamp and R. Ahlrichs           
              J. Chem. Phys. 118: 9136 (2003)                  
          RI-JK Method:                                     
              A fully direct RI-HF algorithm: Implementation,
              optimised auxiliary basis sets, demonstration of
              accuracy and efficiency                         
              F. Weigend                                      
              Phys. Chem. Chem. Phys. 4: 4285 (2002)           
          Two-component HF and DFT with spin-orbit coupling:  
              Self-consistent treatment of spin-orbit         
              interactions with efficient Hartree-Fock and    
              density functional methods                      
              M. K. Armbruster, F. Weigend, C. van Wüllen and 
              W. Klopper                                      
              Phys. Chem. Chem. Phys. 10: 1748 (2008)         
          Two-component difference density and DIIS algorithm 
              Efficient two-component self-consistent field   
              procedures and gradients: implementation in     
              TURBOMOLE and application to Au20-              
              A. Baldes, F. Weigend                           
              Mol. Phys. 111: 2617 (2013)                     
          Relativistic all-electron 2c calculations           
              An efficient implementation of two-component    
              relativistic exact-decoupling methods for large 
              molecules                                       
              D. Peng, N. Middendorf, F. Weigend, M. Reiher   
              J. Chem. Phys. 138: 184105 (2013)               
          Finite nucleus model and SNSO approximation         
              Efficient implementation of one- and two-       
              component analytical energy gradients in exact  
              two-component theory                            
              Y. J. Franzke, N. Middendorf, F. Weigend        
              J. Chem. Phys. 148: 104110 (2018)               
                                         




              +--------------------------------------------------+
              |      general information about current run       |
              +--------------------------------------------------+

 

 DENSITY CONVERGENCE CHECK SWITCHED ON !
 SCF CONVERGENCE IF RMS(delta[D]) <     0.1000000000E-06

 TPSS meta-GGA functional
 exchange:    LDA + TPSS
 correlation: LDA (PW) + TPSS
 A DFT calculation using the RI-J approximation will be carried out.
 Allocatable memory for RI due to $ricore (MB):                   500


              +--------------------------------------------------+
              | Atomic coordinate, charge and isotop information |
              +--------------------------------------------------+

                    atomic coordinates            atom    charge  isotop
          0.01456626    0.40492510    0.09888092    h      1.000     0
          0.01962598    0.37884067    2.14227777    c      6.000     0
          2.30145606    0.46519130    3.45523585    c      6.000     0
          2.30783896    0.42175528    6.08813778    c      6.000     0
          0.03307789    0.29183866    7.40872067    c      6.000     0
         -2.24838635    0.20481689    6.09667869    c      6.000     0
         -2.25561624    0.24835256    3.46337140    c      6.000     0
          4.06678791    0.55714614    2.42983815    h      1.000     0
          4.07870707    0.48222857    7.10647302    h      1.000     0
          0.03868116    0.25185810    9.45197139    h      1.000     0
         -4.01326243    0.09567522    7.12116408    h      1.000     0
         -4.02539051    0.17176080    2.44437658    h      1.000     0
 
       center of nuclear mass  :    0.02635973    0.33452348    4.77571486
       center of nuclear charge:    0.02638255    0.33400871    4.77569612

              +--------------------------------------------------+
              |               basis set information              |
              +--------------------------------------------------+

              we will work with the 1s 3p 5d 7f 9g ... basis set
              ...i.e. with spherical basis functions...

   type   atoms  prim   cont   basis
   ---------------------------------------------------------------------------
    h        6     32     30   cc-pVQZ   [4s3p2d1f|6s3p2d1f]
    c        6     77     55   cc-pVQZ   [5s4p3d2f1g|21s6p3d2f1g]
   ---------------------------------------------------------------------------
   total:   12    654    510
   ---------------------------------------------------------------------------

   total number of primitive shells          :   45
   total number of contracted shells         :  150
   total number of cartesian basis functions :  630
   total number of SCF-basis functions       :  510


 integral neglect threshold       :  0.53E-11
 integral storage threshold THIZE :  0.10E-04
 integral storage threshold THIME :         5

 RI-J AUXILIARY BASIS SET information:

              we will work with the 1s 3p 5d 7f 9g ... basis set
              ...i.e. with spherical basis functions...

   type   atoms  prim   cont   basis
   ---------------------------------------------------------------------------
    h        6     16     11   cc-pVQZ   [3s1p1d|5s2p1d]
    c        6     70     49   cc-pVQZ   [6s4p3d1f1g|12s5p4d2f1g]
   ---------------------------------------------------------------------------
   total:   12    516    360
   ---------------------------------------------------------------------------

   total number of primitive shells          :   32
   total number of contracted shells         :  120
   total number of cartesian basis functions :  438
   total number of SCF-basis functions       :  360


 symmetry group of the molecule :   c1 

 the group has the following generators :
   c1(z)

    1 symmetry operations found

 there are 1 real representations :   a   

 maximum number of shells which are related by symmetry :  1


    mo occupation :
   irrep   mo's   occupied
    a      510       21
 
 number of basis functions   :                    510
 number of occupied orbitals :                     21
 
  
           ------------------
           density functional
           ------------------
 TPSS meta-GGA functional
 exchange:    LDA + TPSS
 correlation: LDA (PW) + TPSS

 spherical integration : Lebedev's spherical grid
 spherical gridsize    :                     5
    i.e. gridpoints    :                   590
 value for diffuse not defined
 radial integration    : Chebyshev 2nd kind (scaling 3)
 radial gridsize       :                     8
 integration cells     :                    12
 partition function    : becke
 partition sharpness   :                     3
  

 biggest AO integral is expected to be     3.537514283
  
           ------------------------
               RI-J - INFORMATION
           ------------------------
 Contributions to RI integral batches: 
  neglected integral batches:                  1089
  direct contribution:                         1137
  memory contribution:                  9099
 Memory core needed for (P|Q) and Cholesky      1 MByte
 Memory core minimum needed except of (P|Q)     2 MByte
 Total minimum memory core needed (sum)         3 MByte
  
 ****************************************
 Memory allocated for RI-J   486 MByte
 ****************************************
                                            

          ------------------------
          nuclear repulsion energy  :   203.709217419    
          ------------------------


         -----------------
         -S,T+V- integrals
         -----------------

 1e-integrals will be neglected if expon. factor < 0.530470E-12
 
   Difference densities algorithm switched on.
   The maximal number of linear combinations of
   difference densities is                    20 .

 DIIS switched on: error vector is FDS-SDF
 Max. Iterations for DIIS is     :   4
 DIIS matrix (see manual) 
    Scaling factor of diagonals  :  1.200
    threshold for scaling factor :  0.000

 scf convergence criterion : increment of total energy < .1000000D-06
                  and increment of one-electron energy < .1000000D-03

  MOs are in ASCII format !


 automatic virtual orbital shift switched on 
      shift if e(lumo)-e(homo) < 0.10000000    


 reading orbital data $scfmo  from file mos
 orbital characterization : scfconv=7

 DSCF restart information will be dumped onto file mos


 Starting SCF iterations

          Overall gridpoints after grid construction =        188368

 ITERATION  ENERGY          1e-ENERGY        2e-ENERGY     RMS[dD(SAO)]   TOL
   1  -232.38255585761    -714.84960124     278.75782796    0.000D+00 0.529D-11
                            Exc = -34.8543890121     Coul =  313.612216976    
                              N = 42.000001669    
                            current damping = 0.300
 
          max. resid. norm for Fia-block=  3.828D-02 for orbital      6a         
          max. resid. fock norm         =  3.237D-01 for orbital    504a         

 ITERATION  ENERGY          1e-ENERGY        2e-ENERGY     RMS[dD(SAO)]   TOL
   2  -232.38577413371    -714.79220334     278.69721179    0.126D-02 0.342D-11
                            Exc = -34.8885420703     Coul =  313.585753860    
                              N = 42.000001645    
                            current damping = 0.250
 
          Norm of current diis error: 0.79922E-01
          max. resid. norm for Fia-block=  8.943D-03 for orbital      3a         
          max. resid. fock norm         =  8.663D-02 for orbital    504a         

 ITERATION  ENERGY          1e-ENERGY        2e-ENERGY     RMS[dD(SAO)]   TOL
   3  -232.38593645496    -714.94226779     278.84711392    0.290D-03 0.275D-11
                            Exc = -34.9039368455     Coul =  313.751050762    
                              N = 42.000001646    
                            current damping = 0.200
 
          Norm of current diis error: 0.41141E-01
          max. resid. norm for Fia-block=  1.735D-03 for orbital      2a         
          max. resid. fock norm         =  1.773D-02 for orbital    504a         

 ITERATION  ENERGY          1e-ENERGY        2e-ENERGY     RMS[dD(SAO)]   TOL
   4  -232.38597051711    -714.83198733     278.73679939    0.596D-04 0.251D-11
                            Exc = -34.8982736189     Coul =  313.635073008    
                              N = 42.000001646    
                            current damping = 0.250
 
          Norm of current diis error: 0.14096E-01
          max. resid. norm for Fia-block=  3.783D-04 for orbital     19a         
          max. resid. fock norm         =  4.053D-03 for orbital    504a         

 ITERATION  ENERGY          1e-ENERGY        2e-ENERGY     RMS[dD(SAO)]   TOL
   5  -232.38597437264    -714.85824910     278.76305731    0.116D-04 0.241D-11
                            Exc = -34.9001990246     Coul =  313.663256335    
                              N = 42.000001647    
                            current damping = 0.300
 
          Norm of current diis error: 0.14126E-02
          max. resid. norm for Fia-block=  7.535D-05 for orbital     13a         
          max. resid. fock norm         =  9.089D-04 for orbital    504a         
          mo-orthogonalization: Cholesky decomposition

 ITERATION  ENERGY          1e-ENERGY        2e-ENERGY     RMS[dD(SAO)]   TOL
   6  -232.38597441689    -714.86082323     278.76563140    0.208D-05 0.229D-11
                            Exc = -34.9004311069     Coul =  313.666062506    
                              N = 42.000001647    
                            current damping = 0.150
 
          Norm of current diis error: 0.29209E-03
          max. resid. norm for Fia-block=  1.970D-05 for orbital     18a         
          max. resid. fock norm         =  2.261D-04 for orbital    504a         

 ITERATION  ENERGY          1e-ENERGY        2e-ENERGY     RMS[dD(SAO)]   TOL
   7  -232.38597441628    -714.86097189     278.76578006    0.516D-06 0.224D-11
                            Exc = -34.9004451937     Coul =  313.666225251    
                              N = 42.000001647    
                            current damping = 0.100
 
          Norm of current diis error: 0.33276E-03
          max. resid. norm for Fia-block=  6.359D-06 for orbital     21a         
          max. resid. fock norm         =  3.146D-05 for orbital    504a         

 ENERGY & DENSITY CONVERGED !


 ITERATION  ENERGY          1e-ENERGY        2e-ENERGY     RMS[dD(SAO)]   TOL
   8  -232.38597441886    -714.86094194     278.76575010    0.133D-06 0.220D-11
                            Exc = -34.9004452049     Coul =  313.666195306    
                              N = 42.000001647    
                            current damping = 0.150
 
          Norm of current diis error: 0.50092E-04
          max. resid. norm for Fia-block=  1.940D-06 for orbital     13a         
          max. resid. fock norm         =  1.132D-05 for orbital    504a         

 End of SCF iterations

   convergence criteria satisfied after     8 iterations


                  ------------------------------------------ 
                 |  total energy      =   -232.38597441886  |
                  ------------------------------------------ 
                 :  kinetic energy    =    231.32793085862  :
                 :  potential energy  =   -463.71390527748  :
                 :  virial theorem    =      1.99544704209  :
                 :  wavefunction norm =      1.00000000000  :
                  .......................................... 


 <geterg> : there is no data group $energy 


 <skperg> : $end is missing 


 orbitals $scfmo  will be written to file mos

    irrep                 17a         18a         19a         20a         21a   
 eigenvalues H         -0.33393    -0.30650    -0.30646    -0.23058    -0.23054
            eV          -9.0867     -8.3403     -8.3393     -6.2745     -6.2734
 occupation              2.0000      2.0000      2.0000      2.0000      2.0000

    irrep                 22a         23a         24a         25a         26a   
 eigenvalues H         -0.03548    -0.03544     0.01985     0.04792     0.04793
            eV          -0.9654     -0.9644      0.5403      1.3041      1.3042
 
 
 
 
 ==============================================================================
                           electrostatic moments
 ==============================================================================

 reference point for electrostatic moments:    0.00000   0.00000   0.00000

 
              nuc           elec       ->  total
 ------------------------------------------------------------------------------
                          charge      
 ------------------------------------------------------------------------------
          42.000000     -42.000000       0.000000
 
 ------------------------------------------------------------------------------
                       dipole moment  
 ------------------------------------------------------------------------------
   x       1.108067      -1.107801       0.000266
   y      14.028366     -14.034287      -0.005921
   z     200.579237    -200.579390      -0.000152
 
   | dipole moment | =     0.0059 a.u. =     0.0151 debye 
 
 ------------------------------------------------------------------------------
                     quadrupole moment
 ------------------------------------------------------------------------------
  xx     190.090442    -213.921145     -23.830702
  yy       5.168605     -34.381760     -29.213154
  zz    1148.323597   -1172.145101     -23.821503
  xy       9.415052      -9.157633       0.257420
  xz       5.434631      -5.429365       0.005266
  yz      63.848218     -63.963848      -0.115630
 
     1/3  trace=     -25.621787
     anisotropy=       5.409194
 
 ==============================================================================
 
HOMO-LUMO Separation
 HOMO         :   -0.23054060 H =     -6.27333 eV
 LUMO         :   -0.03547797 H =     -0.96541 eV
 HOMO-LUMO gap:    0.19506263 H =     +5.30793 eV
 
 ==============================================================================


    ------------------------------------------------------------------------
         total  cpu-time :  6 minutes and 30 seconds
         total wall-time : 13 minutes and 57 seconds
    ------------------------------------------------------------------------

   ****  ridft : all done  ****


    2020-12-12 02:20:04.927 

 ridft ended normally
