
 ridft (riogrande) : TURBOMOLE rev. V7.4.1 (b987a8a8) compiled 15 Oct 2019 at 12:03:25
 Copyright (C) 2019 TURBOMOLE GmbH, Karlsruhe


    2020-07-20 17:43:10.045 



                                  r i d f t

                        DFT program with RI approximation 
                                for coulomb part 




                                                 
                                 References:     
                                                 
          TURBOMOLE:                             
              R. Ahlrichs, M. Baer, M. Haeser, H. Horn, and
              C. Koelmel
              Electronic structure calculations on workstation
              computers: the program system TURBOMOLE
              Chem. Phys. Lett. 162: 165 (1989)
          Density Functional:                              
              O. Treutler and R. Ahlrichs                      
              Efficient Molecular Numerical Integration Schemes
              J. Chem. Phys. 102: 346 (1995)                   
          Parallel Version:                                
              Performance of parallel TURBOMOLE for Density    
              Functional Calculations                          
              M. v. Arnim and R. Ahlrichs                      
              J. Comp. Chem. 19: 1746 (1998)                   
          RI-J Method:                                     
              Auxiliary Basis Sets to approximate Coulomb      
              Potentials                                       
              Chem. Phys. Lett. 240: 283 (1995)                
              K. Eichkorn, O. Treutler, H. Oehm, M. Haeser     
              and R. Ahlrichs                                  
              Chem. Phys. Lett. 242: 652 (1995)                
                                                           
              Auxiliary Basis Sets for Main Row Atoms and their
              Use to approximate Coulomb Potentials            
              K. Eichkorn, F. Weigend, O. Treutler and         
              R. Ahlrichs                                      
              Theo. Chem. Acc. 97: 119 (1997)                   
                                                           
              Accurate Coulomb-fitting basis sets for H to Rn 
              F. Weigend                                        
              Phys. Chem. Chem. Phys. 8: 1057 (2006)            
                                                           
          Multipole accelerated RI-J (MARI-J):             
              Fast evaluation of the Coulomb potential for     
              electron densities using multipole accelerated   
              resolution of identity approximation             
              M. Sierka, A. Hogekamp and R. Ahlrichs           
              J. Chem. Phys. 118: 9136 (2003)                  
          RI-JK Method:                                     
              A fully direct RI-HF algorithm: Implementation,
              optimised auxiliary basis sets, demonstration of
              accuracy and efficiency                         
              F. Weigend                                      
              Phys. Chem. Chem. Phys. 4: 4285 (2002)           
          Two-component HF and DFT with spin-orbit coupling:  
              Self-consistent treatment of spin-orbit         
              interactions with efficient Hartree-Fock and    
              density functional methods                      
              M. K. Armbruster, F. Weigend, C. van Wüllen and 
              W. Klopper                                      
              Phys. Chem. Chem. Phys. 10: 1748 (2008)         
          Two-component difference density and DIIS algorithm 
              Efficient two-component self-consistent field   
              procedures and gradients: implementation in     
              TURBOMOLE and application to Au20-              
              A. Baldes, F. Weigend                           
              Mol. Phys. 111: 2617 (2013)                     
          Relativistic all-electron 2c calculations           
              An efficient implementation of two-component    
              relativistic exact-decoupling methods for large 
              molecules                                       
              D. Peng, N. Middendorf, F. Weigend, M. Reiher   
              J. Chem. Phys. 138: 184105 (2013)               
          Finite nucleus model and SNSO approximation         
              Efficient implementation of one- and two-       
              component analytical energy gradients in exact  
              two-component theory                            
              Y. J. Franzke, N. Middendorf, F. Weigend        
              J. Chem. Phys. 148: 104110 (2018)               
                                         




              +--------------------------------------------------+
              |      general information about current run       |
              +--------------------------------------------------+

 

 DENSITY CONVERGENCE CHECK SWITCHED ON !
 SCF CONVERGENCE IF RMS(delta[D]) <     0.1000000000E-06

 PBE functional
 exchange:    LDA + PBE
 correlation: LDA (PW) + PBE
 A DFT calculation using the RI-J approximation will be carried out.
 Allocatable memory for RI due to $ricore (MB):                   500


              +--------------------------------------------------+
              | Atomic coordinate, charge and isotop information |
              +--------------------------------------------------+

                    atomic coordinates            atom    charge  isotop
         -1.99375517   -5.80629287   -1.13705932    f      9.000     0
         -2.78092477   -8.29068845   -1.57863710    f      9.000     0
 
       center of nuclear mass  :   -2.38733997   -7.04849066   -1.35784821
       center of nuclear charge:   -2.38733997   -7.04849066   -1.35784821

              +--------------------------------------------------+
              |               basis set information              |
              +--------------------------------------------------+

              we will work with the 1s 3p 5d 7f 9g ... basis set
              ...i.e. with spherical basis functions...

   type   atoms  prim   cont   basis
   ---------------------------------------------------------------------------
    f        2     77     55   cc-pVQZ   [5s4p3d2f1g|21s6p3d2f1g]
   ---------------------------------------------------------------------------
   total:    2    154    110
   ---------------------------------------------------------------------------

   total number of primitive shells          :   33
   total number of contracted shells         :   30
   total number of cartesian basis functions :  140
   total number of SCF-basis functions       :  110


 integral neglect threshold       :  0.24E-10
 integral storage threshold THIZE :  0.10E-04
 integral storage threshold THIME :         5

 RI-J AUXILIARY BASIS SET information:

              we will work with the 1s 3p 5d 7f 9g ... basis set
              ...i.e. with spherical basis functions...

   type   atoms  prim   cont   basis
   ---------------------------------------------------------------------------
    f        2     70     49   cc-pVQZ   [6s4p3d1f1g|12s5p4d2f1g]
   ---------------------------------------------------------------------------
   total:    2    140     98
   ---------------------------------------------------------------------------

   total number of primitive shells          :   24
   total number of contracted shells         :   30
   total number of cartesian basis functions :  122
   total number of SCF-basis functions       :   98


 symmetry group of the molecule :   c1 

 the group has the following generators :
   c1(z)

    1 symmetry operations found

 there are 1 real representations :   a   

 maximum number of shells which are related by symmetry :  1


    mo occupation :
   irrep   mo's   occupied
    a      110        9
 
 number of basis functions   :                    110
 number of occupied orbitals :                      9
 
  
           ------------------
           density functional
           ------------------
 PBE functional
 exchange:    LDA + PBE
 correlation: LDA (PW) + PBE

 spherical integration : Lebedev's spherical grid
 spherical gridsize    :                     5
    i.e. gridpoints    :                   590
 value for diffuse not defined
 radial integration    : Chebyshev 2nd kind (scaling 3)
 radial gridsize       :                     8
 integration cells     :                     2
 partition function    : becke
 partition sharpness   :                     3
  

 biggest AO integral is expected to be     5.406832293
  
           ------------------------
               RI-J - INFORMATION
           ------------------------
 Contributions to RI integral batches: 
  neglected integral batches:                     1
  direct contribution:                            0
  memory contribution:                   464
 Memory core needed for (P|Q) and Cholesky      1 MByte
 Memory core minimum needed except of (P|Q)     1 MByte
 Total minimum memory core needed (sum)         1 MByte
  
 ****************************************
 Memory allocated for RI-J    10 MByte
 ****************************************
                                            

          ------------------------
          nuclear repulsion energy  :   30.6439228983    
          ------------------------


         -----------------
         -S,T+V- integrals
         -----------------

 1e-integrals will be neglected if expon. factor < 0.238712E-11
 
   Difference densities algorithm switched on.
   The maximal number of linear combinations of
   difference densities is                    20 .

 DIIS switched on: error vector is FDS-SDF
 Max. Iterations for DIIS is     :   4
 DIIS matrix (see manual) 
    Scaling factor of diagonals  :  1.200
    threshold for scaling factor :  0.000

 scf convergence criterion : increment of total energy < .1000000D-06
                  and increment of one-electron energy < .1000000D-03

  MOs are in ASCII format !


 automatic virtual orbital shift switched on 
      shift if e(lumo)-e(homo) < 0.10000000    


 reading orbital data $scfmo  from file mos
 orbital characterization : expanded
 mo provided and orthogonalized by Cholesky decomposition

 DSCF restart information will be dumped onto file mos


 Starting SCF iterations

          Overall gridpoints after grid construction =         38584

 ITERATION  ENERGY          1e-ENERGY        2e-ENERGY     RMS[dD(SAO)]   TOL
   1  -199.33601528154    -338.52108281     108.54114463    0.000D+00 0.238D-10
                            Exc = -20.5630052227     Coul =  129.104149853    
                              N = 17.999999982    
                            current damping = 0.300
 
          max. resid. norm for Fia-block=  2.822D-01 for orbital      4a         
          max. resid. fock norm         =  2.151D+01 for orbital    110a         

 ITERATION  ENERGY          1e-ENERGY        2e-ENERGY     RMS[dD(SAO)]   TOL
   2  -199.42082508732    -339.71212595     109.64737796    0.365D-02 0.151D-10
                            Exc = -20.6597242337     Coul =  130.307102195    
                              N = 17.999999986    
                            current damping = 0.250
 
          Norm of current diis error: 0.36246    
          max. resid. norm for Fia-block=  6.986D-02 for orbital      1a         
          max. resid. fock norm         =  7.284D-02 for orbital     60a         

 ITERATION  ENERGY          1e-ENERGY        2e-ENERGY     RMS[dD(SAO)]   TOL
   3  -199.42763811159    -338.94514602     108.87358501    0.134D-02 0.123D-10
                            Exc = -20.5498575686     Coul =  129.423442576    
                              N = 17.999999988    
                            current damping = 0.200
 
          Norm of current diis error: 0.12588    
          max. resid. norm for Fia-block=  1.690D-02 for orbital      5a         
          max. resid. fock norm         =  1.862D-02 for orbital     31a         

 ITERATION  ENERGY          1e-ENERGY        2e-ENERGY     RMS[dD(SAO)]   TOL
   4  -199.42818819090    -339.32870771     109.25659662    0.392D-03 0.116D-10
                            Exc = -20.6042271694     Coul =  129.860823788    
                              N = 17.999999988    
                            current damping = 0.250
 
          Norm of current diis error: 0.61719E-01
          max. resid. norm for Fia-block=  4.538D-03 for orbital      9a         
          max. resid. fock norm         =  5.027D-03 for orbital     31a         

 ITERATION  ENERGY          1e-ENERGY        2e-ENERGY     RMS[dD(SAO)]   TOL
   5  -199.42839655123    -339.18434101     109.11202156    0.143D-03 0.110D-10
                            Exc = -20.5837192314     Coul =  129.695740789    
                              N = 17.999999988    
                            current damping = 0.300
 
          Norm of current diis error: 0.62720E-02
          max. resid. norm for Fia-block=  5.803D-04 for orbital      1a         
          max. resid. fock norm         =  6.834D-04 for orbital     60a         
          mo-orthogonalization: Cholesky decomposition

 ITERATION  ENERGY          1e-ENERGY        2e-ENERGY     RMS[dD(SAO)]   TOL
   6  -199.42839832962    -339.17267636     109.10035513    0.133D-04 0.105D-10
                            Exc = -20.5821659307     Coul =  129.682521059    
                              N = 17.999999988    
                            current damping = 0.150
 
          Norm of current diis error: 0.98280E-03
          max. resid. norm for Fia-block=  1.064D-04 for orbital      1a         
          max. resid. fock norm         =  1.107D-04 for orbital     10a         

 ITERATION  ENERGY          1e-ENERGY        2e-ENERGY     RMS[dD(SAO)]   TOL
   7  -199.42839839465    -339.17057323     109.09825194    0.356D-05 0.103D-10
                            Exc = -20.5818352426     Coul =  129.680087182    
                              N = 17.999999988    
                            current damping = 0.100
 
          Norm of current diis error: 0.32630E-03
          max. resid. norm for Fia-block=  2.230D-05 for orbital      9a         
          max. resid. fock norm         =  3.165D-05 for orbital     55a         

 ENERGY & DENSITY CONVERGED !


 ITERATION  ENERGY          1e-ENERGY        2e-ENERGY     RMS[dD(SAO)]   TOL
   8  -199.42839839701    -339.17053971     109.09821842    0.441D-06 0.100D-10
                            Exc = -20.5818426987     Coul =  129.680061117    
                              N = 17.999999988    
                            current damping = 0.100
 
          Norm of current diis error: 0.15753E-04
          max. resid. norm for Fia-block=  1.342D-06 for orbital      1a         
          max. resid. fock norm         =  1.620D-06 for orbital     10a         

 End of SCF iterations

   convergence criteria satisfied after     8 iterations


                  ------------------------------------------ 
                 |  total energy      =   -199.42839839701  |
                  ------------------------------------------ 
                 :  kinetic energy    =    198.92766643736  :
                 :  potential energy  =   -398.35606483436  :
                 :  virial theorem    =      1.99748916421  :
                 :  wavefunction norm =      1.00000000000  :
                  .......................................... 


 <geterg> : there is no data group $energy 


 <skperg> : $end is missing 


 orbitals $scfmo  will be written to file mos

    irrep                  5a          6a          7a          8a          9a   
 eigenvalues H         -0.56393    -0.46965    -0.46965    -0.34014    -0.34014
            eV         -15.3454    -12.7799    -12.7799     -9.2559     -9.2559
 occupation              2.0000      2.0000      2.0000      2.0000      2.0000

    irrep                 10a         11a         12a         13a         14a   
 eigenvalues H         -0.19885     0.37049     0.44160     0.44160     0.47171
            eV          -5.4111     10.0815     12.0165     12.0165     12.8358
 
 
 
 
 ==============================================================================
                           electrostatic moments
 ==============================================================================

 reference point for electrostatic moments:    0.00000   0.00000   0.00000

 
              nuc           elec       ->  total
 ------------------------------------------------------------------------------
                          charge      
 ------------------------------------------------------------------------------
          18.000000     -18.000000      -0.000000
 
 ------------------------------------------------------------------------------
                       dipole moment  
 ------------------------------------------------------------------------------
   x     -42.972119      42.972119       0.000000
   y    -126.872832     126.872832       0.000000
   z     -24.441268      24.441268       0.000000
 
   | dipole moment | =     0.0000 a.u. =     0.0000 debye 
 
 ------------------------------------------------------------------------------
                     quadrupole moment
 ------------------------------------------------------------------------------
  xx     105.377420    -112.512414      -7.134994
  yy     922.036966    -928.662100      -6.625133
  zz      34.064991     -41.238978      -7.173987
  xy     311.688966    -311.509391       0.179575
  xz      59.913800     -59.881882       0.031918
  yz     177.210790    -177.110054       0.100736
 
     1/3  trace=      -6.978038
     anisotropy=       0.641561
 
 ==============================================================================
 
HOMO-LUMO Separation
 HOMO         :   -0.34014429 H =     -9.25580 eV
 LUMO         :   -0.19885206 H =     -5.41104 eV
 HOMO-LUMO gap:    0.14129223 H =     +3.84476 eV
 
 ==============================================================================


    ------------------------------------------------------------------------
         total  cpu-time :   1.86 seconds
         total wall-time :   1.87 seconds
    ------------------------------------------------------------------------

   ****  ridft : all done  ****


    2020-07-20 17:43:11.904 

