
 ridft (tigris) : TURBOMOLE rev. V7.4.1 (b987a8a8) compiled 15 Oct 2019 at 12:03:25
 Copyright (C) 2019 TURBOMOLE GmbH, Karlsruhe


    2020-12-12 01:55:57.132 



                                  r i d f t

                        DFT program with RI approximation 
                                for coulomb part 




                                                 
                                 References:     
                                                 
          TURBOMOLE:                             
              R. Ahlrichs, M. Baer, M. Haeser, H. Horn, and
              C. Koelmel
              Electronic structure calculations on workstation
              computers: the program system TURBOMOLE
              Chem. Phys. Lett. 162: 165 (1989)
          Density Functional:                              
              O. Treutler and R. Ahlrichs                      
              Efficient Molecular Numerical Integration Schemes
              J. Chem. Phys. 102: 346 (1995)                   
          Parallel Version:                                
              Performance of parallel TURBOMOLE for Density    
              Functional Calculations                          
              M. v. Arnim and R. Ahlrichs                      
              J. Comp. Chem. 19: 1746 (1998)                   
          RI-J Method:                                     
              Auxiliary Basis Sets to approximate Coulomb      
              Potentials                                       
              Chem. Phys. Lett. 240: 283 (1995)                
              K. Eichkorn, O. Treutler, H. Oehm, M. Haeser     
              and R. Ahlrichs                                  
              Chem. Phys. Lett. 242: 652 (1995)                
                                                           
              Auxiliary Basis Sets for Main Row Atoms and their
              Use to approximate Coulomb Potentials            
              K. Eichkorn, F. Weigend, O. Treutler and         
              R. Ahlrichs                                      
              Theo. Chem. Acc. 97: 119 (1997)                   
                                                           
              Accurate Coulomb-fitting basis sets for H to Rn 
              F. Weigend                                        
              Phys. Chem. Chem. Phys. 8: 1057 (2006)            
                                                           
          Multipole accelerated RI-J (MARI-J):             
              Fast evaluation of the Coulomb potential for     
              electron densities using multipole accelerated   
              resolution of identity approximation             
              M. Sierka, A. Hogekamp and R. Ahlrichs           
              J. Chem. Phys. 118: 9136 (2003)                  
          RI-JK Method:                                     
              A fully direct RI-HF algorithm: Implementation,
              optimised auxiliary basis sets, demonstration of
              accuracy and efficiency                         
              F. Weigend                                      
              Phys. Chem. Chem. Phys. 4: 4285 (2002)           
          Two-component HF and DFT with spin-orbit coupling:  
              Self-consistent treatment of spin-orbit         
              interactions with efficient Hartree-Fock and    
              density functional methods                      
              M. K. Armbruster, F. Weigend, C. van Wüllen and 
              W. Klopper                                      
              Phys. Chem. Chem. Phys. 10: 1748 (2008)         
          Two-component difference density and DIIS algorithm 
              Efficient two-component self-consistent field   
              procedures and gradients: implementation in     
              TURBOMOLE and application to Au20-              
              A. Baldes, F. Weigend                           
              Mol. Phys. 111: 2617 (2013)                     
          Relativistic all-electron 2c calculations           
              An efficient implementation of two-component    
              relativistic exact-decoupling methods for large 
              molecules                                       
              D. Peng, N. Middendorf, F. Weigend, M. Reiher   
              J. Chem. Phys. 138: 184105 (2013)               
          Finite nucleus model and SNSO approximation         
              Efficient implementation of one- and two-       
              component analytical energy gradients in exact  
              two-component theory                            
              Y. J. Franzke, N. Middendorf, F. Weigend        
              J. Chem. Phys. 148: 104110 (2018)               
                                         




              +--------------------------------------------------+
              |      general information about current run       |
              +--------------------------------------------------+

 

 DENSITY CONVERGENCE CHECK SWITCHED ON !
 SCF CONVERGENCE IF RMS(delta[D]) <     0.1000000000E-06

 TPSS meta-GGA functional
 exchange:    LDA + TPSS
 correlation: LDA (PW) + TPSS
 A DFT calculation using the RI-J approximation will be carried out.
 Allocatable memory for RI due to $ricore (MB):                   500


              +--------------------------------------------------+
              | Atomic coordinate, charge and isotop information |
              +--------------------------------------------------+

                    atomic coordinates            atom    charge  isotop
          0.01456626    0.40492510    0.09888092    h      1.000     0
          0.01962598    0.37884067    2.14227777    c      6.000     0
          2.30145606    0.46519130    3.45523585    c      6.000     0
          2.30783896    0.42175528    6.08813778    c      6.000     0
          0.03307789    0.29183866    7.40872067    c      6.000     0
         -2.24838635    0.20481689    6.09667869    c      6.000     0
         -2.25561624    0.24835256    3.46337140    c      6.000     0
          4.06678791    0.55714614    2.42983815    h      1.000     0
          4.07870707    0.48222857    7.10647302    h      1.000     0
          0.03868116    0.25185810    9.45197139    h      1.000     0
         -4.01326243    0.09567522    7.12116408    h      1.000     0
         -4.02539051    0.17176080    2.44437658    h      1.000     0
 
       center of nuclear mass  :    0.02635973    0.33452348    4.77571486
       center of nuclear charge:    0.02638255    0.33400871    4.77569612

              +--------------------------------------------------+
              |               basis set information              |
              +--------------------------------------------------+

              we will work with the 1s 3p 5d 7f 9g ... basis set
              ...i.e. with spherical basis functions...

   type   atoms  prim   cont   basis
   ---------------------------------------------------------------------------
    h        6     33     30   def2-QZVP   [4s3p2d1f|7s3p2d1f]
    c        6     77     57   def2-QZVP   [7s4p3d2f1g|15s8p3d2f1g]
   ---------------------------------------------------------------------------
   total:   12    660    522
   ---------------------------------------------------------------------------

   total number of primitive shells          :   42
   total number of contracted shells         :  162
   total number of cartesian basis functions :  642
   total number of SCF-basis functions       :  522


 integral neglect threshold       :  0.52E-11
 integral storage threshold THIZE :  0.10E-04
 integral storage threshold THIME :         5

 RI-J AUXILIARY BASIS SET information:

              we will work with the 1s 3p 5d 7f 9g ... basis set
              ...i.e. with spherical basis functions...

   type   atoms  prim   cont   basis
   ---------------------------------------------------------------------------
    h        6     16     11   def2-QZVP   [3s1p1d|5s2p1d]
    c        6     70     49   def2-QZVP   [6s4p3d1f1g|12s5p4d2f1g]
   ---------------------------------------------------------------------------
   total:   12    516    360
   ---------------------------------------------------------------------------

   total number of primitive shells          :   32
   total number of contracted shells         :  120
   total number of cartesian basis functions :  438
   total number of SCF-basis functions       :  360


 symmetry group of the molecule :   c1 

 the group has the following generators :
   c1(z)

    1 symmetry operations found

 there are 1 real representations :   a   

 maximum number of shells which are related by symmetry :  1


    mo occupation :
   irrep   mo's   occupied
    a      522       21
 
 number of basis functions   :                    522
 number of occupied orbitals :                     21
 
  
           ------------------
           density functional
           ------------------
 TPSS meta-GGA functional
 exchange:    LDA + TPSS
 correlation: LDA (PW) + TPSS

 spherical integration : Lebedev's spherical grid
 spherical gridsize    :                     5
    i.e. gridpoints    :                   590
 value for diffuse not defined
 radial integration    : Chebyshev 2nd kind (scaling 3)
 radial gridsize       :                     8
 integration cells     :                    12
 partition function    : becke
 partition sharpness   :                     3
  

 biggest AO integral is expected to be     5.262544080
  
           ------------------------
               RI-J - INFORMATION
           ------------------------
 Contributions to RI integral batches: 
  neglected integral batches:                  1434
  direct contribution:                         2202
  memory contribution:                  9567
 Memory core needed for (P|Q) and Cholesky      1 MByte
 Memory core minimum needed except of (P|Q)     2 MByte
 Total minimum memory core needed (sum)         3 MByte
  
 ****************************************
 Memory allocated for RI-J   437 MByte
 ****************************************
                                            

          ------------------------
          nuclear repulsion energy  :   203.709217419    
          ------------------------


         -----------------
         -S,T+V- integrals
         -----------------

 1e-integrals will be neglected if expon. factor < 0.520555E-12
 
   Difference densities algorithm switched on.
   The maximal number of linear combinations of
   difference densities is                    20 .

 DIIS switched on: error vector is FDS-SDF
 Max. Iterations for DIIS is     :   4
 DIIS matrix (see manual) 
    Scaling factor of diagonals  :  1.200
    threshold for scaling factor :  0.000

 scf convergence criterion : increment of total energy < .1000000D-06
                  and increment of one-electron energy < .1000000D-03

  MOs are in ASCII format !


 automatic virtual orbital shift switched on 
      shift if e(lumo)-e(homo) < 0.10000000    


 reading orbital data $scfmo  from file mos
 orbital characterization : scfconv=7

 DSCF restart information will be dumped onto file mos


 Starting SCF iterations

          Overall gridpoints after grid construction =        188368

 ITERATION  ENERGY          1e-ENERGY        2e-ENERGY     RMS[dD(SAO)]   TOL
   1  -232.38360319868    -714.80146524     278.70864462    0.000D+00 0.519D-11
                            Exc = -34.8370189222     Coul =  313.545663543    
                              N = 42.000001464    
                            current damping = 0.300
 
          max. resid. norm for Fia-block=  1.243D-01 for orbital      6a         
          max. resid. fock norm         =  2.800D-01 for orbital    510a         

 ITERATION  ENERGY          1e-ENERGY        2e-ENERGY     RMS[dD(SAO)]   TOL
   2  -232.38806273634    -714.76554677     278.66826661    0.708D-03 0.337D-11
                            Exc = -34.8811977589     Coul =  313.549464369    
                              N = 42.000001435    
                            current damping = 0.250
 
          Norm of current diis error: 0.11109    
          max. resid. norm for Fia-block=  3.250D-02 for orbital      6a         
          max. resid. fock norm         =  7.392D-02 for orbital    510a         

 ITERATION  ENERGY          1e-ENERGY        2e-ENERGY     RMS[dD(SAO)]   TOL
   3  -232.38830335418    -714.90833900     278.81081822    0.187D-03 0.269D-11
                            Exc = -34.8973674806     Coul =  313.708185704    
                              N = 42.000001436    
                            current damping = 0.200
 
          Norm of current diis error: 0.43285E-01
          max. resid. norm for Fia-block=  6.783D-03 for orbital      6a         
          max. resid. fock norm         =  1.573D-02 for orbital    510a         

 ITERATION  ENERGY          1e-ENERGY        2e-ENERGY     RMS[dD(SAO)]   TOL
   4  -232.38833307913    -714.78451785     278.68696735    0.372D-04 0.246D-11
                            Exc = -34.8912367331     Coul =  313.578204083    
                              N = 42.000001433    
                            current damping = 0.250
 
          Norm of current diis error: 0.22539E-01
          max. resid. norm for Fia-block=  1.285D-03 for orbital      6a         
          max. resid. fock norm         =  3.239D-03 for orbital    510a         

 ITERATION  ENERGY          1e-ENERGY        2e-ENERGY     RMS[dD(SAO)]   TOL
   5  -232.38834242161    -714.82723594     278.72967610    0.982D-05 0.237D-11
                            Exc = -34.8942553377     Coul =  313.623931439    
                              N = 42.000001434    
                            current damping = 0.300
 
          Norm of current diis error: 0.20576E-02
          max. resid. norm for Fia-block=  2.683D-04 for orbital      6a         
          max. resid. fock norm         =  7.523D-04 for orbital    510a         
          mo-orthogonalization: Cholesky decomposition

 ITERATION  ENERGY          1e-ENERGY        2e-ENERGY     RMS[dD(SAO)]   TOL
   6  -232.38834250313    -714.83075930     278.73319938    0.153D-05 0.225D-11
                            Exc = -34.8945414522     Coul =  313.627740834    
                              N = 42.000001434    
                            current damping = 0.150
 
          Norm of current diis error: 0.34771E-03
          max. resid. norm for Fia-block=  6.183D-05 for orbital      6a         
          max. resid. fock norm         =  1.890D-04 for orbital    510a         

 ITERATION  ENERGY          1e-ENERGY        2e-ENERGY     RMS[dD(SAO)]   TOL
   7  -232.38834250342    -714.83109837     278.73353845    0.372D-06 0.217D-11
                            Exc = -34.8945733327     Coul =  313.628111784    
                              N = 42.000001434    
                            current damping = 0.100
 
          Norm of current diis error: 0.31982E-03
          max. resid. norm for Fia-block=  8.274D-06 for orbital     21a         
          max. resid. fock norm         =  2.728D-05 for orbital    508a         

 ENERGY & DENSITY CONVERGED !


 ITERATION  ENERGY          1e-ENERGY        2e-ENERGY     RMS[dD(SAO)]   TOL
   8  -232.38834250532    -714.83108869     278.73352877    0.133D-06 0.212D-11
                            Exc = -34.8945754032     Coul =  313.628104173    
                              N = 42.000001434    
                            current damping = 0.150
 
          Norm of current diis error: 0.13899E-03
          max. resid. norm for Fia-block=  2.992D-06 for orbital     21a         
          max. resid. fock norm         =  8.343D-06 for orbital    508a         

 End of SCF iterations

   convergence criteria satisfied after     8 iterations


                  ------------------------------------------ 
                 |  total energy      =   -232.38834250532  |
                  ------------------------------------------ 
                 :  kinetic energy    =    231.32029462790  :
                 :  potential energy  =   -463.70863713322  :
                 :  virial theorem    =      1.99540403849  :
                 :  wavefunction norm =      1.00000000000  :
                  .......................................... 


 <geterg> : there is no data group $energy 


 <skperg> : $end is missing 


 orbitals $scfmo  will be written to file mos

    irrep                 17a         18a         19a         20a         21a   
 eigenvalues H         -0.33454    -0.30702    -0.30699    -0.23125    -0.23121
            eV          -9.1034     -8.3546     -8.3537     -6.2927     -6.2916
 occupation              2.0000      2.0000      2.0000      2.0000      2.0000

    irrep                 22a         23a         24a         25a         26a   
 eigenvalues H         -0.03691    -0.03687     0.01528     0.04025     0.04025
            eV          -1.0042     -1.0032      0.4157      1.0953      1.0954
 
 
 
 
 ==============================================================================
                           electrostatic moments
 ==============================================================================

 reference point for electrostatic moments:    0.00000   0.00000   0.00000

 
              nuc           elec       ->  total
 ------------------------------------------------------------------------------
                          charge      
 ------------------------------------------------------------------------------
          42.000000     -42.000000       0.000000
 
 ------------------------------------------------------------------------------
                       dipole moment  
 ------------------------------------------------------------------------------
   x       1.108067      -1.107762       0.000305
   y      14.028366     -14.034384      -0.006018
   z     200.579237    -200.579271      -0.000034
 
   | dipole moment | =     0.0060 a.u. =     0.0153 debye 
 
 ------------------------------------------------------------------------------
                     quadrupole moment
 ------------------------------------------------------------------------------
  xx     190.090442    -213.984156     -23.893714
  yy       5.168605     -34.470423     -29.301818
  zz    1148.323597   -1172.206993     -23.883396
  xy       9.415052      -9.156356       0.258696
  xz       5.434631      -5.429182       0.005448
  yz      63.848218     -63.964593      -0.116375
 
     1/3  trace=     -25.692976
     anisotropy=       5.435530
 
 ==============================================================================
 
HOMO-LUMO Separation
 HOMO         :   -0.23120911 H =     -6.29152 eV
 LUMO         :   -0.03690506 H =     -1.00424 eV
 HOMO-LUMO gap:    0.19430405 H =     +5.28729 eV
 
 ==============================================================================


    ------------------------------------------------------------------------
         total  cpu-time :  6 minutes and 56 seconds
         total wall-time : 14 minutes and 30 seconds
    ------------------------------------------------------------------------

   ****  ridft : all done  ****


    2020-12-12 02:10:27.083 

 ridft ended normally
