
 ridft (riogrande) : TURBOMOLE rev. V7.4.1 (b987a8a8) compiled 15 Oct 2019 at 12:03:25
 Copyright (C) 2019 TURBOMOLE GmbH, Karlsruhe


    2020-07-20 18:23:03.119 



                                  r i d f t

                        DFT program with RI approximation 
                                for coulomb part 




                                                 
                                 References:     
                                                 
          TURBOMOLE:                             
              R. Ahlrichs, M. Baer, M. Haeser, H. Horn, and
              C. Koelmel
              Electronic structure calculations on workstation
              computers: the program system TURBOMOLE
              Chem. Phys. Lett. 162: 165 (1989)
          Density Functional:                              
              O. Treutler and R. Ahlrichs                      
              Efficient Molecular Numerical Integration Schemes
              J. Chem. Phys. 102: 346 (1995)                   
          Parallel Version:                                
              Performance of parallel TURBOMOLE for Density    
              Functional Calculations                          
              M. v. Arnim and R. Ahlrichs                      
              J. Comp. Chem. 19: 1746 (1998)                   
          RI-J Method:                                     
              Auxiliary Basis Sets to approximate Coulomb      
              Potentials                                       
              Chem. Phys. Lett. 240: 283 (1995)                
              K. Eichkorn, O. Treutler, H. Oehm, M. Haeser     
              and R. Ahlrichs                                  
              Chem. Phys. Lett. 242: 652 (1995)                
                                                           
              Auxiliary Basis Sets for Main Row Atoms and their
              Use to approximate Coulomb Potentials            
              K. Eichkorn, F. Weigend, O. Treutler and         
              R. Ahlrichs                                      
              Theo. Chem. Acc. 97: 119 (1997)                   
                                                           
              Accurate Coulomb-fitting basis sets for H to Rn 
              F. Weigend                                        
              Phys. Chem. Chem. Phys. 8: 1057 (2006)            
                                                           
          Multipole accelerated RI-J (MARI-J):             
              Fast evaluation of the Coulomb potential for     
              electron densities using multipole accelerated   
              resolution of identity approximation             
              M. Sierka, A. Hogekamp and R. Ahlrichs           
              J. Chem. Phys. 118: 9136 (2003)                  
          RI-JK Method:                                     
              A fully direct RI-HF algorithm: Implementation,
              optimised auxiliary basis sets, demonstration of
              accuracy and efficiency                         
              F. Weigend                                      
              Phys. Chem. Chem. Phys. 4: 4285 (2002)           
          Two-component HF and DFT with spin-orbit coupling:  
              Self-consistent treatment of spin-orbit         
              interactions with efficient Hartree-Fock and    
              density functional methods                      
              M. K. Armbruster, F. Weigend, C. van Wüllen and 
              W. Klopper                                      
              Phys. Chem. Chem. Phys. 10: 1748 (2008)         
          Two-component difference density and DIIS algorithm 
              Efficient two-component self-consistent field   
              procedures and gradients: implementation in     
              TURBOMOLE and application to Au20-              
              A. Baldes, F. Weigend                           
              Mol. Phys. 111: 2617 (2013)                     
          Relativistic all-electron 2c calculations           
              An efficient implementation of two-component    
              relativistic exact-decoupling methods for large 
              molecules                                       
              D. Peng, N. Middendorf, F. Weigend, M. Reiher   
              J. Chem. Phys. 138: 184105 (2013)               
          Finite nucleus model and SNSO approximation         
              Efficient implementation of one- and two-       
              component analytical energy gradients in exact  
              two-component theory                            
              Y. J. Franzke, N. Middendorf, F. Weigend        
              J. Chem. Phys. 148: 104110 (2018)               
                                         




              +--------------------------------------------------+
              |      general information about current run       |
              +--------------------------------------------------+

 

 DENSITY CONVERGENCE CHECK SWITCHED ON !
 SCF CONVERGENCE IF RMS(delta[D]) <     0.1000000000E-06

 PBE functional
 exchange:    LDA + PBE
 correlation: LDA (PW) + PBE
 A DFT calculation using the RI-J approximation will be carried out.
 Allocatable memory for RI due to $ricore (MB):                   500


              +--------------------------------------------------+
              | Atomic coordinate, charge and isotop information |
              +--------------------------------------------------+

                    atomic coordinates            atom    charge  isotop
         -6.98551044    0.00028910   -6.83819615    o      8.000     0
         -9.15381403    0.00367392   -6.06869569    c      6.000     0
        -11.34421035   -0.00104379   -7.91016108    c      6.000     0
         -9.69846403    0.01260673   -3.26027633    c      6.000     0
        -11.18295192    1.65030363   -9.12623191    h      1.000     0
        -11.18499719   -1.66050043   -9.11538362    h      1.000     0
        -13.17748539    0.00309493   -6.99015869    h      1.000     0
        -11.70320706    0.01522221   -2.82569347    h      1.000     0
         -8.81092409   -1.63861198   -2.41280431    h      1.000     0
         -8.80878418    1.66781395   -2.42292515    h      1.000     0
 
       center of nuclear mass  :   -9.29472539    0.00387836   -6.01963106
       center of nuclear charge:   -9.43535512    0.00409551   -5.96979891

              +--------------------------------------------------+
              |               basis set information              |
              +--------------------------------------------------+

              we will work with the 1s 3p 5d 7f 9g ... basis set
              ...i.e. with spherical basis functions...

   type   atoms  prim   cont   basis
   ---------------------------------------------------------------------------
    o        1     50     30   cc-pVTZ   [4s3p2d1f|18s5p2d1f]
    c        3     50     30   cc-pVTZ   [4s3p2d1f|18s5p2d1f]
    h        6     16     14   cc-pVTZ   [3s2p1d|5s2p1d]
   ---------------------------------------------------------------------------
   total:   10    296    204
   ---------------------------------------------------------------------------

   total number of primitive shells          :   60
   total number of contracted shells         :   76
   total number of cartesian basis functions :  230
   total number of SCF-basis functions       :  204


 integral neglect threshold       :  0.14E-10
 integral storage threshold THIZE :  0.10E-04
 integral storage threshold THIME :         5

 RI-J AUXILIARY BASIS SET information:

              we will work with the 1s 3p 5d 7f 9g ... basis set
              ...i.e. with spherical basis functions...

   type   atoms  prim   cont   basis
   ---------------------------------------------------------------------------
    o        1     70     49   cc-pVTZ   [6s4p3d1f1g|12s5p4d2f1g]
    c        3     70     49   cc-pVTZ   [6s4p3d1f1g|12s5p4d2f1g]
    h        6     16     11   cc-pVTZ   [3s1p1d|5s2p1d]
   ---------------------------------------------------------------------------
   total:   10    376    262
   ---------------------------------------------------------------------------

   total number of primitive shells          :   56
   total number of contracted shells         :   90
   total number of cartesian basis functions :  316
   total number of SCF-basis functions       :  262


 symmetry group of the molecule :   c1 

 the group has the following generators :
   c1(z)

    1 symmetry operations found

 there are 1 real representations :   a   

 maximum number of shells which are related by symmetry :  1


    mo occupation :
   irrep   mo's   occupied
    a      204       16
 
 number of basis functions   :                    204
 number of occupied orbitals :                     16
 
  
           ------------------
           density functional
           ------------------
 PBE functional
 exchange:    LDA + PBE
 correlation: LDA (PW) + PBE

 spherical integration : Lebedev's spherical grid
 spherical gridsize    :                     5
    i.e. gridpoints    :                   590
 value for diffuse not defined
 radial integration    : Chebyshev 2nd kind (scaling 3)
 radial gridsize       :                     8
 integration cells     :                    10
 partition function    : becke
 partition sharpness   :                     3
  

 biggest AO integral is expected to be     4.866064444
  
           ------------------------
               RI-J - INFORMATION
           ------------------------
 Contributions to RI integral batches: 
  neglected integral batches:                    62
  direct contribution:                            0
  memory contribution:                  2864
 Memory core needed for (P|Q) and Cholesky      1 MByte
 Memory core minimum needed except of (P|Q)     1 MByte
 Total minimum memory core needed (sum)         1 MByte
  
 ****************************************
 Memory allocated for RI-J    64 MByte
 ****************************************
                                            

          ------------------------
          nuclear repulsion energy  :   119.362125919    
          ------------------------


         -----------------
         -S,T+V- integrals
         -----------------

 1e-integrals will be neglected if expon. factor < 0.145303E-11
 
   Difference densities algorithm switched on.
   The maximal number of linear combinations of
   difference densities is                    20 .

 DIIS switched on: error vector is FDS-SDF
 Max. Iterations for DIIS is     :   4
 DIIS matrix (see manual) 
    Scaling factor of diagonals  :  1.200
    threshold for scaling factor :  0.000

 scf convergence criterion : increment of total energy < .1000000D-06
                  and increment of one-electron energy < .1000000D-03

  MOs are in ASCII format !


 automatic virtual orbital shift switched on 
      shift if e(lumo)-e(homo) < 0.10000000    


 reading orbital data $scfmo  from file mos
 orbital characterization : expanded
 mo provided and orthogonalized by Cholesky decomposition

 DSCF restart information will be dumped onto file mos


 Starting SCF iterations

          Overall gridpoints after grid construction =        153182

 ITERATION  ENERGY          1e-ENERGY        2e-ENERGY     RMS[dD(SAO)]   TOL
   1  -192.03309082360    -492.58695873     181.19174199    0.000D+00 0.145D-10
                            Exc = -26.4687594115     Coul =  207.660501400    
                              N = 31.999999299    
                            current damping = 0.300
 
          max. resid. norm for Fia-block=  3.740D-01 for orbital      8a         
          max. resid. fock norm         =  5.296D+00 for orbital    204a         

 ITERATION  ENERGY          1e-ENERGY        2e-ENERGY     RMS[dD(SAO)]   TOL
   2  -192.76715965472    -497.34452687     185.21524129    0.690D-02 0.963D-11
                            Exc = -26.6653741372     Coul =  211.880615430    
                              N = 31.999999145    
                            current damping = 0.250
 
          Norm of current diis error:  2.2704    
          max. resid. norm for Fia-block=  1.524D-01 for orbital     16a         
          max. resid. fock norm         =  3.969D-01 for orbital    201a         

 ITERATION  ENERGY          1e-ENERGY        2e-ENERGY     RMS[dD(SAO)]   TOL
   3  -192.94882558247    -498.23439817     185.92344666    0.306D-02 0.834D-11
                            Exc = -26.9722332726     Coul =  212.895679936    
                              N = 31.999999262    
                            current damping = 0.150
 
          Norm of current diis error: 0.78332    
          max. resid. norm for Fia-block=  5.679D-02 for orbital     15a         
          max. resid. fock norm         =  5.730D-02 for orbital     15a         

 ITERATION  ENERGY          1e-ENERGY        2e-ENERGY     RMS[dD(SAO)]   TOL
   4  -192.96400817917    -496.42537891     184.09924481    0.370D-02 0.696D-11
                            Exc = -26.7278613885     Coul =  210.827106201    
                              N = 31.999999128    
                            current damping = 0.200
 
          Norm of current diis error: 0.55239    
          max. resid. norm for Fia-block=  2.313D-02 for orbital     15a         
          max. resid. fock norm         =  3.487D-02 for orbital    153a         

 ITERATION  ENERGY          1e-ENERGY        2e-ENERGY     RMS[dD(SAO)]   TOL
   5  -192.97853769577    -497.55006997     185.20940635    0.144D-02 0.695D-11
                            Exc = -26.8498733813     Coul =  212.059279736    
                              N = 31.999999186    
                            current damping = 0.250
 
          Norm of current diis error: 0.70393E-01
          max. resid. norm for Fia-block=  3.513D-03 for orbital      8a         
          max. resid. fock norm         =  5.823D-03 for orbital      8a         
          mo-orthogonalization: Cholesky decomposition

 ITERATION  ENERGY          1e-ENERGY        2e-ENERGY     RMS[dD(SAO)]   TOL
   6  -192.97870671620    -497.34706030     185.00622766    0.306D-03 0.668D-11
                            Exc = -26.8354529637     Coul =  211.841680624    
                              N = 31.999999178    
                            current damping = 0.300
 
          Norm of current diis error: 0.27625E-01
          max. resid. norm for Fia-block=  1.502D-03 for orbital     16a         
          max. resid. fock norm         =  2.289D-03 for orbital    202a         

 ITERATION  ENERGY          1e-ENERGY        2e-ENERGY     RMS[dD(SAO)]   TOL
   7  -192.97873966481    -497.38670185     185.04583627    0.686D-04 0.652D-11
                            Exc = -26.8389742737     Coul =  211.884810541    
                              N = 31.999999183    
                            current damping = 0.350
 
          Norm of current diis error: 0.99339E-02
          max. resid. norm for Fia-block=  3.950D-04 for orbital     14a         
          max. resid. fock norm         =  5.400D-04 for orbital    203a         

 ITERATION  ENERGY          1e-ENERGY        2e-ENERGY     RMS[dD(SAO)]   TOL
   8  -192.97874322383    -497.40068048     185.05981134    0.116D-04 0.644D-11
                            Exc = -26.8401657523     Coul =  211.899977090    
                              N = 31.999999182    
                            current damping = 0.200
 
          Norm of current diis error: 0.14882E-02
          max. resid. norm for Fia-block=  1.182D-04 for orbital     15a         
          max. resid. fock norm         =  1.795D-04 for orbital     13a         

 ITERATION  ENERGY          1e-ENERGY        2e-ENERGY     RMS[dD(SAO)]   TOL
   9  -192.97874317300    -497.39989312     185.05902403    0.492D-05 0.635D-11
                            Exc = -26.8401863442     Coul =  211.899210375    
                              N = 31.999999182    
                            current damping = 0.250
 
          Norm of current diis error: 0.18843E-02
          max. resid. norm for Fia-block=  5.669D-05 for orbital     15a         
          max. resid. fock norm         =  7.430D-05 for orbital    201a         

 ITERATION  ENERGY          1e-ENERGY        2e-ENERGY     RMS[dD(SAO)]   TOL
  10  -192.97874332066    -497.39935717     185.05848793    0.233D-05 0.619D-11
                            Exc = -26.8400234970     Coul =  211.898511429    
                              N = 31.999999182    
                            current damping = 0.100
 
          Norm of current diis error: 0.39337E-03
          max. resid. norm for Fia-block=  1.638D-05 for orbital     16a         
          max. resid. fock norm         =  2.467D-05 for orbital     13a         
          mo-orthogonalization: Cholesky decomposition

 ITERATION  ENERGY          1e-ENERGY        2e-ENERGY     RMS[dD(SAO)]   TOL
  11  -192.97874332713    -497.39982903     185.05895978    0.643D-06 0.613D-11
                            Exc = -26.8400749738     Coul =  211.899034752    
                              N = 31.999999182    
                            current damping = 0.150
 
          Norm of current diis error: 0.77689E-04
          max. resid. norm for Fia-block=  5.835D-06 for orbital     15a         
          max. resid. fock norm         =  8.001D-06 for orbital    149a         

 ITERATION  ENERGY          1e-ENERGY        2e-ENERGY     RMS[dD(SAO)]   TOL
  12  -192.97874332720    -497.39959294     185.05872370    0.367D-06 0.603D-11
                            Exc = -26.8400505661     Coul =  211.898774263    
                              N = 31.999999182    
                            current damping = 0.200
 
          Norm of current diis error: 0.65349E-04
          max. resid. norm for Fia-block=  2.766D-06 for orbital     16a         
          max. resid. fock norm         =  3.674D-06 for orbital    202a         

 ENERGY & DENSITY CONVERGED !


 ITERATION  ENERGY          1e-ENERGY        2e-ENERGY     RMS[dD(SAO)]   TOL
  13  -192.97874332743    -497.39970669     185.05883744    0.176D-06 0.590D-11
                            Exc = -26.8400622428     Coul =  211.898899682    
                              N = 31.999999182    
                            current damping = 0.250
 
          Norm of current diis error: 0.81392E-05
          max. resid. norm for Fia-block=  4.361D-07 for orbital     13a         
          max. resid. fock norm         =  6.443D-07 for orbital     86a         

 End of SCF iterations

   convergence criteria satisfied after    13 iterations


                  ------------------------------------------ 
                 |  total energy      =   -192.97874332743  |
                  ------------------------------------------ 
                 :  kinetic energy    =    191.80921197342  :
                 :  potential energy  =   -384.78795530085  :
                 :  virial theorem    =      1.99393958457  :
                 :  wavefunction norm =      1.00000000000  :
                  .......................................... 


 <geterg> : there is no data group $energy 


 <skperg> : $end is missing 


 orbitals $scfmo  will be written to file mos

    irrep                 12a         13a         14a         15a         16a   
 eigenvalues H         -0.36591    -0.34999    -0.33501    -0.30420    -0.20373
            eV          -9.9570     -9.5237     -9.1160     -8.2777     -5.5438
 occupation              2.0000      2.0000      2.0000      2.0000      2.0000

    irrep                 17a         18a         19a         20a         21a   
 eigenvalues H         -0.06151     0.01499     0.05878     0.06026     0.09811
            eV          -1.6737      0.4080      1.5995      1.6398      2.6699
 
 
 
 
 ==============================================================================
                           electrostatic moments
 ==============================================================================

 reference point for electrostatic moments:    0.00000   0.00000   0.00000

 
              nuc           elec       ->  total
 ------------------------------------------------------------------------------
                          charge      
 ------------------------------------------------------------------------------
          32.000000     -32.000000      -0.000000
 
 ------------------------------------------------------------------------------
                       dipole moment  
 ------------------------------------------------------------------------------
   x    -301.931364     300.963367      -0.967996
   y       0.131056      -0.129576       0.001480
   z    -191.033565     191.378263       0.344698
 
   | dipole moment | =     1.0275 a.u. =     2.6117 debye 
 
 ------------------------------------------------------------------------------
                     quadrupole moment
 ------------------------------------------------------------------------------
  xx    2945.641410   -2948.450822      -2.809412
  yy      10.948699     -28.901127     -17.952428
  zz    1269.179498   -1291.165454     -21.985955
  xy      -1.235722       1.223303      -0.012419
  xz    1815.380022   -1811.551819       3.828203
  yz      -0.423601       0.415831      -0.007770
 
     1/3  trace=     -14.249265
     anisotropy=      18.725013
 
 ==============================================================================
 
HOMO-LUMO Separation
 HOMO         :   -0.20372986 H =     -5.54377 eV
 LUMO         :   -0.06150732 H =     -1.67370 eV
 HOMO-LUMO gap:    0.14222254 H =     +3.87007 eV
 
 ==============================================================================


    ------------------------------------------------------------------------
         total  cpu-time :  23.21 seconds
         total wall-time :  23.22 seconds
    ------------------------------------------------------------------------

   ****  ridft : all done  ****


    2020-07-20 18:23:26.333 

