
 ridft (riogrande) : TURBOMOLE rev. V7.4.1 (b987a8a8) compiled 15 Oct 2019 at 12:03:25
 Copyright (C) 2019 TURBOMOLE GmbH, Karlsruhe


    2020-07-17 18:17:13.683 



                                  r i d f t

                        DFT program with RI approximation 
                                for coulomb part 




                                                 
                                 References:     
                                                 
          TURBOMOLE:                             
              R. Ahlrichs, M. Baer, M. Haeser, H. Horn, and
              C. Koelmel
              Electronic structure calculations on workstation
              computers: the program system TURBOMOLE
              Chem. Phys. Lett. 162: 165 (1989)
          Density Functional:                              
              O. Treutler and R. Ahlrichs                      
              Efficient Molecular Numerical Integration Schemes
              J. Chem. Phys. 102: 346 (1995)                   
          Parallel Version:                                
              Performance of parallel TURBOMOLE for Density    
              Functional Calculations                          
              M. v. Arnim and R. Ahlrichs                      
              J. Comp. Chem. 19: 1746 (1998)                   
          RI-J Method:                                     
              Auxiliary Basis Sets to approximate Coulomb      
              Potentials                                       
              Chem. Phys. Lett. 240: 283 (1995)                
              K. Eichkorn, O. Treutler, H. Oehm, M. Haeser     
              and R. Ahlrichs                                  
              Chem. Phys. Lett. 242: 652 (1995)                
                                                           
              Auxiliary Basis Sets for Main Row Atoms and their
              Use to approximate Coulomb Potentials            
              K. Eichkorn, F. Weigend, O. Treutler and         
              R. Ahlrichs                                      
              Theo. Chem. Acc. 97: 119 (1997)                   
                                                           
              Accurate Coulomb-fitting basis sets for H to Rn 
              F. Weigend                                        
              Phys. Chem. Chem. Phys. 8: 1057 (2006)            
                                                           
          Multipole accelerated RI-J (MARI-J):             
              Fast evaluation of the Coulomb potential for     
              electron densities using multipole accelerated   
              resolution of identity approximation             
              M. Sierka, A. Hogekamp and R. Ahlrichs           
              J. Chem. Phys. 118: 9136 (2003)                  
          RI-JK Method:                                     
              A fully direct RI-HF algorithm: Implementation,
              optimised auxiliary basis sets, demonstration of
              accuracy and efficiency                         
              F. Weigend                                      
              Phys. Chem. Chem. Phys. 4: 4285 (2002)           
          Two-component HF and DFT with spin-orbit coupling:  
              Self-consistent treatment of spin-orbit         
              interactions with efficient Hartree-Fock and    
              density functional methods                      
              M. K. Armbruster, F. Weigend, C. van Wüllen and 
              W. Klopper                                      
              Phys. Chem. Chem. Phys. 10: 1748 (2008)         
          Two-component difference density and DIIS algorithm 
              Efficient two-component self-consistent field   
              procedures and gradients: implementation in     
              TURBOMOLE and application to Au20-              
              A. Baldes, F. Weigend                           
              Mol. Phys. 111: 2617 (2013)                     
          Relativistic all-electron 2c calculations           
              An efficient implementation of two-component    
              relativistic exact-decoupling methods for large 
              molecules                                       
              D. Peng, N. Middendorf, F. Weigend, M. Reiher   
              J. Chem. Phys. 138: 184105 (2013)               
          Finite nucleus model and SNSO approximation         
              Efficient implementation of one- and two-       
              component analytical energy gradients in exact  
              two-component theory                            
              Y. J. Franzke, N. Middendorf, F. Weigend        
              J. Chem. Phys. 148: 104110 (2018)               
                                         




              +--------------------------------------------------+
              |      general information about current run       |
              +--------------------------------------------------+

 

 DENSITY CONVERGENCE CHECK SWITCHED ON !
 SCF CONVERGENCE IF RMS(delta[D]) <     0.1000000000E-06

 PBE functional
 exchange:    LDA + PBE
 correlation: LDA (PW) + PBE
 A DFT calculation using the RI-J approximation will be carried out.
 Allocatable memory for RI due to $ricore (MB):                   500


              +--------------------------------------------------+
              | Atomic coordinate, charge and isotop information |
              +--------------------------------------------------+

                    atomic coordinates            atom    charge  isotop
          0.00004424    0.00019986    3.88014771    c      6.000     0
         -2.04567902    1.18172116    3.00431867    f      9.000     0
          2.04586982    1.18152814    3.00451762    f      9.000     0
         -0.00004509   -2.36181794    3.00327514    f      9.000     0
         -0.00007929   -0.00052924    5.93013460    h      1.000     0
         -0.00001902   -0.00015604   -3.29396544    c      6.000     0
         -0.00000683    0.00020031   -5.34531593    h      1.000     0
         -1.67365208   -0.96678499   -2.60746550    h      1.000     0
          1.67378243   -0.96649203   -2.60744590    h      1.000     0
         -0.00019169    1.93234111   -2.60692521    h      1.000     0
 
       center of nuclear mass  :    0.00003396    0.00030729    1.98660224
       center of nuclear charge:    0.00002989    0.00027001    1.75884270

              +--------------------------------------------------+
              |               basis set information              |
              +--------------------------------------------------+

              we will work with the 1s 3p 5d 7f 9g ... basis set
              ...i.e. with spherical basis functions...

   type   atoms  prim   cont   basis
   ---------------------------------------------------------------------------
    c        2     50     30   cc-pVTZ   [4s3p2d1f|18s5p2d1f]
    f        3     50     30   cc-pVTZ   [4s3p2d1f|18s5p2d1f]
    h        5     16     14   cc-pVTZ   [3s2p1d|5s2p1d]
   ---------------------------------------------------------------------------
   total:   10    330    220
   ---------------------------------------------------------------------------

   total number of primitive shells          :   60
   total number of contracted shells         :   80
   total number of cartesian basis functions :  250
   total number of SCF-basis functions       :  220


 integral neglect threshold       :  0.13E-10
 integral storage threshold THIZE :  0.10E-04
 integral storage threshold THIME :         5

 RI-J AUXILIARY BASIS SET information:

              we will work with the 1s 3p 5d 7f 9g ... basis set
              ...i.e. with spherical basis functions...

   type   atoms  prim   cont   basis
   ---------------------------------------------------------------------------
    c        2     70     49   cc-pVTZ   [6s4p3d1f1g|12s5p4d2f1g]
    f        3     70     49   cc-pVTZ   [6s4p3d1f1g|12s5p4d2f1g]
    h        5     16     11   cc-pVTZ   [3s1p1d|5s2p1d]
   ---------------------------------------------------------------------------
   total:   10    430    300
   ---------------------------------------------------------------------------

   total number of primitive shells          :   56
   total number of contracted shells         :  100
   total number of cartesian basis functions :  365
   total number of SCF-basis functions       :  300


 symmetry group of the molecule :   c1 

 the group has the following generators :
   c1(z)

    1 symmetry operations found

 there are 1 real representations :   a   

 maximum number of shells which are related by symmetry :  1


    mo occupation :
   irrep   mo's   occupied
    a      220       22
 
 number of basis functions   :                    220
 number of occupied orbitals :                     22
 
  
           ------------------
           density functional
           ------------------
 PBE functional
 exchange:    LDA + PBE
 correlation: LDA (PW) + PBE

 spherical integration : Lebedev's spherical grid
 spherical gridsize    :                     5
    i.e. gridpoints    :                   590
 value for diffuse not defined
 radial integration    : Chebyshev 2nd kind (scaling 3)
 radial gridsize       :                     8
 integration cells     :                    10
 partition function    : becke
 partition sharpness   :                     3
  

 biggest AO integral is expected to be     5.499692413
  
           ------------------------
               RI-J - INFORMATION
           ------------------------
 Contributions to RI integral batches: 
  neglected integral batches:                   337
  direct contribution:                            0
  memory contribution:                  2903
 Memory core needed for (P|Q) and Cholesky      1 MByte
 Memory core minimum needed except of (P|Q)     1 MByte
 Total minimum memory core needed (sum)         1 MByte
  
 ****************************************
 Memory allocated for RI-J    78 MByte
 ****************************************
                                            

          ------------------------
          nuclear repulsion energy  :   196.683905784    
          ------------------------


         -----------------
         -S,T+V- integrals
         -----------------

 1e-integrals will be neglected if expon. factor < 0.133678E-11
 
   Difference densities algorithm switched on.
   The maximal number of linear combinations of
   difference densities is                    20 .

 DIIS switched on: error vector is FDS-SDF
 Max. Iterations for DIIS is     :   4
 DIIS matrix (see manual) 
    Scaling factor of diagonals  :  1.200
    threshold for scaling factor :  0.000

 scf convergence criterion : increment of total energy < .1000000D-06
                  and increment of one-electron energy < .1000000D-03

  MOs are in ASCII format !


 automatic virtual orbital shift switched on 
      shift if e(lumo)-e(homo) < 0.10000000    


 reading orbital data $scfmo  from file mos
 orbital characterization : expanded
 mo provided and orthogonalized by Cholesky decomposition

 DSCF restart information will be dumped onto file mos


 Starting SCF iterations

          Overall gridpoints after grid construction =        160155

 ITERATION  ENERGY          1e-ENERGY        2e-ENERGY     RMS[dD(SAO)]   TOL
   1  -377.31806831885    -911.11205224     337.11007813    0.000D+00 0.133D-10
                            Exc = -43.8868169011     Coul =  380.996895033    
                              N = 44.000000036    
                            current damping = 0.300
 
          max. resid. norm for Fia-block=  3.882D-01 for orbital     10a         
          max. resid. fock norm         =  5.643D+00 for orbital    214a         

 ITERATION  ENERGY          1e-ENERGY        2e-ENERGY     RMS[dD(SAO)]   TOL
   2  -378.31504515812    -912.72826817     337.72931723    0.617D-02 0.881D-11
                            Exc = -43.2991882249     Coul =  381.028505457    
                              N = 43.999999986    
                            current damping = 0.250
 
          Norm of current diis error:  2.1933    
          max. resid. norm for Fia-block=  1.194D-01 for orbital     22a         
          max. resid. fock norm         =  3.920D-01 for orbital    216a         

 ITERATION  ENERGY          1e-ENERGY        2e-ENERGY     RMS[dD(SAO)]   TOL
   3  -378.50127508698    -915.34449004     340.15930917    0.256D-02 0.766D-11
                            Exc = -43.8493156940     Coul =  384.008624867    
                              N = 43.999999874    
                            current damping = 0.150
 
          Norm of current diis error: 0.38128    
          max. resid. norm for Fia-block=  2.793D-02 for orbital     17a         
          max. resid. fock norm         =  4.297D-02 for orbital     25a         

 ITERATION  ENERGY          1e-ENERGY        2e-ENERGY     RMS[dD(SAO)]   TOL
   4  -378.50452785285    -913.09048782     337.90205419    0.116D-02 0.670D-11
                            Exc = -43.5532962423     Coul =  381.455350428    
                              N = 43.999999910    
                            current damping = 0.200
 
          Norm of current diis error: 0.32511    
          max. resid. norm for Fia-block=  1.072D-02 for orbital     22a         
          max. resid. fock norm         =  1.585D-02 for orbital    152a         

 ITERATION  ENERGY          1e-ENERGY        2e-ENERGY     RMS[dD(SAO)]   TOL
   5  -378.50937781401    -914.05995424     338.86667065    0.352D-03 0.646D-11
                            Exc = -43.6751845390     Coul =  382.541855186    
                              N = 43.999999894    
                            current damping = 0.250
 
          Norm of current diis error: 0.45724E-01
          max. resid. norm for Fia-block=  2.384D-03 for orbital     18a         
          max. resid. fock norm         =  4.233D-03 for orbital     22a         
          mo-orthogonalization: Cholesky decomposition

 ITERATION  ENERGY          1e-ENERGY        2e-ENERGY     RMS[dD(SAO)]   TOL
   6  -378.50946156306    -914.15814176     338.96477442    0.671D-04 0.617D-11
                            Exc = -43.6901105926     Coul =  382.654885010    
                              N = 43.999999893    
                            current damping = 0.100
 
          Norm of current diis error: 0.19351E-01
          max. resid. norm for Fia-block=  8.393D-04 for orbital     22a         
          max. resid. fock norm         =  1.304D-03 for orbital    111a         

 ITERATION  ENERGY          1e-ENERGY        2e-ENERGY     RMS[dD(SAO)]   TOL
   7  -378.50947381798    -914.13399014     338.94061054    0.306D-04 0.609D-11
                            Exc = -43.6886470890     Coul =  382.629257629    
                              N = 43.999999893    
                            current damping = 0.150
 
          Norm of current diis error: 0.81140E-02
          max. resid. norm for Fia-block=  4.635D-04 for orbital     11a         
          max. resid. fock norm         =  5.929D-04 for orbital    111a         

 ITERATION  ENERGY          1e-ENERGY        2e-ENERGY     RMS[dD(SAO)]   TOL
   8  -378.50947658756    -914.14654203     338.95315966    0.119D-04 0.596D-11
                            Exc = -43.6889553489     Coul =  382.642115006    
                              N = 43.999999893    
                            current damping = 0.200
 
          Norm of current diis error: 0.18981E-02
          max. resid. norm for Fia-block=  9.131D-05 for orbital     13a         
          max. resid. fock norm         =  1.289D-04 for orbital     34a         

 ITERATION  ENERGY          1e-ENERGY        2e-ENERGY     RMS[dD(SAO)]   TOL
   9  -378.50947673793    -914.14147088     338.94808836    0.268D-05 0.588D-11
                            Exc = -43.6885340515     Coul =  382.636622408    
                              N = 43.999999893    
                            current damping = 0.250
 
          Norm of current diis error: 0.45414E-03
          max. resid. norm for Fia-block=  2.569D-05 for orbital     16a         
          max. resid. fock norm         =  2.737D-05 for orbital     30a         

 ITERATION  ENERGY          1e-ENERGY        2e-ENERGY     RMS[dD(SAO)]   TOL
  10  -378.50947674500    -914.14349711     338.95011458    0.758D-06 0.573D-11
                            Exc = -43.6887959619     Coul =  382.638910544    
                              N = 43.999999893    
                            current damping = 0.300
 
          Norm of current diis error: 0.21992E-03
          max. resid. norm for Fia-block=  1.033D-05 for orbital     12a         
          max. resid. fock norm         =  1.498D-05 for orbital    152a         
          mo-orthogonalization: Cholesky decomposition

 ITERATION  ENERGY          1e-ENERGY        2e-ENERGY     RMS[dD(SAO)]   TOL
  11  -378.50947674730    -914.14291272     338.94953018    0.272D-06 0.557D-11
                            Exc = -43.6887116954     Coul =  382.638241880    
                              N = 43.999999893    
                            current damping = 0.350
 
          Norm of current diis error: 0.32194E-04
          max. resid. norm for Fia-block=  1.802D-06 for orbital     20a         
          max. resid. fock norm         =  2.337D-06 for orbital     22a         

 ENERGY & DENSITY CONVERGED !


 ITERATION  ENERGY          1e-ENERGY        2e-ENERGY     RMS[dD(SAO)]   TOL
  12  -378.50947674733    -914.14294119     338.94955866    0.418D-07 0.554D-11
                            Exc = -43.6887142988     Coul =  382.638272961    
                              N = 43.999999893    
                            current damping = 0.400
 
          Norm of current diis error: 0.86058E-05
          max. resid. norm for Fia-block=  5.152D-07 for orbital     16a         
          max. resid. fock norm         =  7.285D-07 for orbital     19a         

 End of SCF iterations

   convergence criteria satisfied after    12 iterations


                  ------------------------------------------ 
                 |  total energy      =   -378.50947674733  |
                  ------------------------------------------ 
                 :  kinetic energy    =    376.65144955212  :
                 :  potential energy  =   -755.16092629945  :
                 :  virial theorem    =      1.99509120033  :
                 :  wavefunction norm =      1.00000000000  :
                  .......................................... 


 <geterg> : there is no data group $energy 


 <skperg> : $end is missing 


 orbitals $scfmo  will be written to file mos

    irrep                 18a         19a         20a         21a         22a   
 eigenvalues H         -0.35378    -0.34852    -0.33991    -0.33990    -0.33554
            eV          -9.6269     -9.4838     -9.2494     -9.2492     -9.1306
 occupation              2.0000      2.0000      2.0000      2.0000      2.0000

    irrep                 23a         24a         25a         26a         27a   
 eigenvalues H          0.03679     0.03832     0.08873     0.08874     0.10726
            eV           1.0012      1.0427      2.4145      2.4148      2.9186
 
 
 
 
 ==============================================================================
                           electrostatic moments
 ==============================================================================

 reference point for electrostatic moments:    0.00000   0.00000   0.00000

 
              nuc           elec       ->  total
 ------------------------------------------------------------------------------
                          charge      
 ------------------------------------------------------------------------------
          44.000000     -44.000000       0.000000
 
 ------------------------------------------------------------------------------
                       dipole moment  
 ------------------------------------------------------------------------------
   x       0.001315      -0.001273       0.000042
   y       0.011880      -0.012045      -0.000164
   z      77.389079     -76.788314       0.600764
 
   | dipole moment | =     0.6008 a.u. =     1.5270 debye 
 
 ------------------------------------------------------------------------------
                     quadrupole moment
 ------------------------------------------------------------------------------
  xx      80.936133    -103.495665     -22.559532
  yy      80.938642    -103.498212     -22.559571
  zz     483.221601    -499.922386     -16.700785
  xy      -0.000572       0.000649       0.000077
  xz       0.008768      -0.008698       0.000070
  yz       0.069993      -0.071055      -0.001062
 
     1/3  trace=     -20.606629
     anisotropy=       5.858767
 
 ==============================================================================
 
HOMO-LUMO Separation
 HOMO         :   -0.33553897 H =     -9.13049 eV
 LUMO         :    0.03679233 H =     +1.00117 eV
 HOMO-LUMO gap:    0.37233130 H =    +10.13166 eV
 
 ==============================================================================


    ------------------------------------------------------------------------
         total  cpu-time :  16.02 seconds
         total wall-time :  16.03 seconds
    ------------------------------------------------------------------------

   ****  ridft : all done  ****


    2020-07-17 18:17:29.702 

