
   OpenMP run-time library returned nthreads =  8

 rirpa (c-3-41) : TURBOMOLE rev. V7.5.0 compiled 17 Jun 2020 at 09:15:30
 Copyright (C) 2020 TURBOMOLE GmbH, Karlsruhe


    2020-08-05 01:56:16.745 

 
 
    *************************************************************************
    *************************** PROGRAM RIRPA *******************************
    ******                                                             ******
    ******              H. Eshuis, J. E. Bates and F. Furche           ******
    ******                                                             ******
    ****** Nov 2011                                                    ******
    ****** Copyright TURBOMOLE GmbH                                    ******
    *************************************************************************
    
    
                                References:                                  
    
                   RIRPA:                                                    
                     H. Eshuis, J. Yarkony, and F. Furche                    
                     Fast Computation of Molecular Random Phase              
                     Approximation Correlation Energies Using Resolution     
                     of the Identity and Imaginary Frequency Integration     
                     J. Chem. Phys. 132: 234114 (2010)                       
    
                     H. Eshuis, J. E. Bates, and F. Furche                   
                     Electron Correlation Methods Based on                   
                     the Random Phase Approximation                          
                     Theor. Chem. Acc.  131: 1084 (2012)                     
    
                     G. P. Chen, V. K. Voora, M. M. Agee,                    
                     S. G. Balasubramani, and F. Furche                      
                     Random-Phase Approximation Methods                      
                     Annu. Rev. Phys. Chem. 68: 421 (2017)                   
    
                   TWO-COMPONENT RIRPA:                                      
                     M. Kuehn                                                
                     Correlation Energies from the                           
                     Two-Component Random-Phase Approximation                
                     J. Chem. Theory Comput. 10: 623 (2014)                  
    
                   RIRPA GRADIENTS:                                          
                     A. M. Burow, J. E. Bates, F. Furche*, and H. Eshuis     
                     Analytical First-Order Molecular Properties and Forces  
                     within the Adiabatic Connection Random Phase            
                     Approximation                                           
                     J. Chem. Theory Comput. 10: 180 (2014)                  
    
                   RI-AXK/RI-ACSOSEX/RI-ACSOX:                               
                     G. P. Chen, M. M. Agee, and F. Furche                   
                     Performance and Scope of Perturbative Corrections to    
                     Random-Phase Approximation Energies                     
                     J. Chem. Theory Comput. 14: 5701 (2018)                 
    
                   GKS-RPA:                                                  
                     V. K. Voora, S. G. Balasubramani, and F. Furche         
                     Variational Generalized Kohn-Sham Approach Combining    
                     the Random-Phase-Approximation and Green’s-Function     
                     Methods                                                 
                     Phys. Rev. A 99: 012518 (2019)                          
    
    
    
      ... OpenMP parallelization enabled, threads:    8

   *-----------------------------------------------------------------------*
   |                     program will use  8 thread(s)                     |
   *-----------------------------------------------------------------------*

 MAXIMUM CORE MEMORY WHICH CAN BE ALLOCATED DYNAMICALLY = 40000 MiB
              ( or 5242880000 double words per process)

 number of unique ecp types :                     1
  Effective Core Potentials (ECPs) detected!
  HF exact exchange energy will be computed using RI-J.
 
  The HXX energy will NOT be computed due to nohxx option. 
 


              +--------------------------------------------------+
              | Atomic coordinate, charge and isotop information |
              +--------------------------------------------------+

                    atomic coordinates            atom    charge  isotop
          1.96019024    0.00101856   -1.10001336    c      6.000     0
         -0.33351210   -0.00051212    0.19410322    c      6.000     0
         -0.34614869   -0.00097888    2.83106108    c      6.000     0
          1.92729389    0.00007559    4.16717116    c      6.000     0
          4.21147390    0.00160249    2.85633050    c      6.000     0
          4.23629923    0.00207114    0.22350358    c      6.000     0
         -3.78714912   -0.00320498    4.78927845    i     25.000     0
          1.91458926   -0.00025511    6.21010117    h      1.000     0
          5.96986217    0.00241696    3.89893020    h      1.000     0
          6.01197094    0.00324088   -0.78691031    h      1.000     0
          1.96207052    0.00137761   -3.14425673    h      1.000     0
         -2.09628076   -0.00130013   -0.83853196    h      1.000     0
         -8.65984438   -0.00373164    7.56764150    n      0.000     0
        -10.26546153    1.95226719    6.50730483    c      0.000     0
         -9.83047681   -2.46815372    7.27665202    c      0.000     0
         -8.14587478    0.50751865   10.21384768    c      0.000     0
         -9.88178477    0.53602706   11.35926549    h      0.000     0
         -6.89190165   -0.93982637   10.96613821    h      0.000     0
         -7.21379949    2.33262182   10.39647459    h      0.000     0
        -12.11103043    2.05509853    7.46099481    h      0.000     0
         -9.33681043    3.77963803    6.68412839    h      0.000     0
        -10.58381991    1.57703939    4.50955439    h      0.000     0
        -11.65361844   -2.59310430    8.27002814    h      0.000     0
        -10.14794324   -2.85085728    5.28020550    h      0.000     0
         -8.57915119   -3.92011724    8.02425603    h      0.000     0
 
       center of nuclear mass  :   -3.32292331   -0.00204576    4.52678662
       center of nuclear charge:   -0.16640814   -0.00083308    2.72885198
              +-------------------------------------------------+
              |        Rotational Constants Section             |
              +-------------------------------------------------+
                                   Center of Mass [a.u]:
              -3.32292330775808        -0.00204575958044         4.52678662439824
                     Principal Moments of Inertia [a.u.]
             676.81304440575741      6187.72586137771486      6503.88047836023543
                       Rotational constants A,B,C [a.u.]
               0.00073875644705         0.00008080513119         0.00007687718150
                     Rotational constants A,B,C [cm**-1]
               0.08894581301888         0.00972888712996         0.00925596445026
                        Rotational constants A,B,C [MHz]
            2666.52839137375759       291.66469862939744       277.48683337044855

   * BASIS SET information:

              +--------------------------------------------------+
              |               basis set information              |
              +--------------------------------------------------+

              we will work with the 1s 3p 5d 7f 9g ... basis set
              ...i.e. with spherical basis functions...

   type   atoms  prim   cont   basis
   ---------------------------------------------------------------------------
    c        9     77     55   cc-pVQZ   [5s4p3d2f1g|21s6p3d2f1g]
    i        1    175     81   cc-pV(Q+2f)Z-PP   [6s6p4d4f1g|24s18p12d4f1g]
    h       14     32     30   cc-pVQZ   [4s3p2d1f|6s3p2d1f]
    n        1     77     55   cc-pVQZ   [5s4p3d2f1g|21s6p3d2f1g]
   ---------------------------------------------------------------------------
   total:   25   1393   1051
   ---------------------------------------------------------------------------

   total number of primitive shells          :  137
   total number of contracted shells         :  311
   total number of cartesian basis functions : 1293
   total number of SCF-basis functions       : 1051


   * AUXILIARY BASIS SET information:

              +--------------------------------------------------+
              |               basis set information              |
              +--------------------------------------------------+

              we will work with the 1s 3p 5d 7f 9g ... basis set
              ...i.e. with spherical basis functions...

   type   atoms  prim   cont   basis
   ---------------------------------------------------------------------------
    c        9    132    132   cc-pVQZ   [8s7p6d5f3g1h|8s7p6d5f3g1h]
    i        1    229    229   cc-pVQZ-PP   [11s11p9d7f5g3h1i|11s11p9d7f5g3h1i]
    h       14     55     55   cc-pVQZ   [5s4p3d2f1g|5s4p3d2f1g]
    n        1    132    132   cc-pVQZ   [8s7p6d5f3g1h|8s7p6d5f3g1h]
   ---------------------------------------------------------------------------
   total:   25   2319   2319
   ---------------------------------------------------------------------------

   total number of primitive shells          :  122
   total number of contracted shells         :  557
   total number of cartesian basis functions : 3124
   total number of SCF-basis functions       : 2319


 reading orbital data $scfmo  from file mos
 orbital characterization : scfconv=7

 integral neglect threshold       :  0.28E+02

 scfconv                     7

 there are 1 real representations :   a   

 maximum number of shells which are related by symmetry :  1

 entered riccmos at 2020-08-05 01:56:17.611
VM size:       612 MB
  MOs are in ASCII format !


 reading orbital data $scfmo  from file mos
 orbital characterization : scfconv=7
after riccmoinp VM size:       621 MB
registered memory usage:         9 MB
 time elapsed for calculating density matrices :   0.057 sec



              +--------------------------------------------+
              | list of orbitals that will be kept frozen: |
              +--------------------------------------------+
              |   irrep   index      energy     occ/vir    |
              +--------------------------------------------+
              |   a         1       -9.9395     occupied   |
              |   a         2       -9.9027     occupied   |
              |   a         3       -9.9027     occupied   |
              |   a         4       -9.9007     occupied   |
              |   a         5       -9.9006     occupied   |
              |   a         6       -9.8979     occupied   |
              |   a         7       -6.6008     occupied   |
              |   a         8       -4.6454     occupied   |
              |   a         9       -4.6338     occupied   |
              |   a        10       -4.6336     occupied   |
              +--------------------------------------------+



   Molecular Orbital Statistic:
   ============================

   -----------------------------
   orbitals in total:
   -----------------------------
    frozen occupied :     10
    active occupied :     23
    active virtual  :   1018
    frozen virtual  :      0
    all together    :   1051
   -----------------------------


     time in riccmoinp     cpu:  2.06 sec    wall:  0.77 sec    ratio:  2.7
     time in scfdens       cpu:  0.06 sec    wall:  0.06 sec    ratio:  1.0
     time in mkiao         cpu:  0.00 sec    wall:  0.00 sec    ratio:  0.0
     time in mkiho         cpu:  0.00 sec    wall:  0.00 sec    ratio:  0.0
     time in sao2ao        cpu:  0.16 sec    wall:  0.02 sec    ratio:  8.0
     time in ricclmos      cpu:  0.00 sec    wall:  0.00 sec    ratio:  0.0
     time in riccmos       cpu:  2.87 sec    wall:  0.92 sec    ratio:  3.1
 leave riccmos at 2020-08-05 01:56:18.531

     total memory allocated for calculation of (Q|P)**(-1/2) : 62 MiB


     calculation of (P|Q) ...
     time in lp2sym        cpu:  0.74 sec    wall:  0.09 sec    ratio:  8.0


     calculation of the Cholesky decomposition of (P|Q)**(-1) ...
     time in invmetri      cpu:  3.05 sec    wall:  0.45 sec    ratio:  6.8

   threshold for RMS(d[D]) in SCF was     :  0.10E-06
   integral neglect threshold             :  0.11E-11
   derivative integral neglect threshold  :  0.10E-06


 setting up bound for integral derivative estimation

 increment for numerical differentiation : 0.00050000
 
 Occupied orbital block size for RIRPA:                    23
 
 Number of passes for spin                     1 is                     1
 
 Number of eigenvalues < 6e-3:                      0
 
 
            -----------------------------
            Complex frequency integration
            -----------------------------
 
 Number of Clenshaw-Curtis nodes:                    100
 Optimized scaling parameter    :    2.69418799527920     
 Sensitivity measure            :  -1.207330901920045E-010
 
 Done with rirpa frequency point #                     1
 Done with rirpa frequency point #                     2
 Done with rirpa frequency point #                     3
 Done with rirpa frequency point #                     4
 Done with rirpa frequency point #                     5
 Done with rirpa frequency point #                     6
 Done with rirpa frequency point #                     7
 Done with rirpa frequency point #                     8
 Done with rirpa frequency point #                     9
 Done with rirpa frequency point #                    10
 Done with rirpa frequency point #                    11
 Done with rirpa frequency point #                    12
 Done with rirpa frequency point #                    13
 Done with rirpa frequency point #                    14
 Done with rirpa frequency point #                    15
 Done with rirpa frequency point #                    16
 Done with rirpa frequency point #                    17
 Done with rirpa frequency point #                    18
 Done with rirpa frequency point #                    19
 Done with rirpa frequency point #                    20
 Done with rirpa frequency point #                    21
 Done with rirpa frequency point #                    22
 Done with rirpa frequency point #                    23
 Done with rirpa frequency point #                    24
 Done with rirpa frequency point #                    25
 Done with rirpa frequency point #                    26
 Done with rirpa frequency point #                    27
 Done with rirpa frequency point #                    28
 Done with rirpa frequency point #                    29
 Done with rirpa frequency point #                    30
 Done with rirpa frequency point #                    31
 Done with rirpa frequency point #                    32
 Done with rirpa frequency point #                    33
 Done with rirpa frequency point #                    34
 Done with rirpa frequency point #                    35
 Done with rirpa frequency point #                    36
 Done with rirpa frequency point #                    37
 Done with rirpa frequency point #                    38
 Done with rirpa frequency point #                    39
 Done with rirpa frequency point #                    40
 Done with rirpa frequency point #                    41
 Done with rirpa frequency point #                    42
 Done with rirpa frequency point #                    43
 Done with rirpa frequency point #                    44
 Done with rirpa frequency point #                    45
 Done with rirpa frequency point #                    46
 Done with rirpa frequency point #                    47
 Done with rirpa frequency point #                    48
 Done with rirpa frequency point #                    49
 Done with rirpa frequency point #                    50
 Done with rirpa frequency point #                    51
 Done with rirpa frequency point #                    52
 Done with rirpa frequency point #                    53
 Done with rirpa frequency point #                    54
 Done with rirpa frequency point #                    55
 Done with rirpa frequency point #                    56
 Done with rirpa frequency point #                    57
 Done with rirpa frequency point #                    58
 Done with rirpa frequency point #                    59
 Done with rirpa frequency point #                    60
 Done with rirpa frequency point #                    61
 Done with rirpa frequency point #                    62
 Done with rirpa frequency point #                    63
 Done with rirpa frequency point #                    64
 Done with rirpa frequency point #                    65
 Done with rirpa frequency point #                    66
 Done with rirpa frequency point #                    67
 Done with rirpa frequency point #                    68
 Done with rirpa frequency point #                    69
 Done with rirpa frequency point #                    70
 Done with rirpa frequency point #                    71
 Done with rirpa frequency point #                    72
 Done with rirpa frequency point #                    73
 Done with rirpa frequency point #                    74
 Done with rirpa frequency point #                    75
 Done with rirpa frequency point #                    76
 Done with rirpa frequency point #                    77
 Done with rirpa frequency point #                    78
 Done with rirpa frequency point #                    79
 Done with rirpa frequency point #                    80
 Done with rirpa frequency point #                    81
 Done with rirpa frequency point #                    82
 Done with rirpa frequency point #                    83
 Done with rirpa frequency point #                    84
 Done with rirpa frequency point #                    85
 Done with rirpa frequency point #                    86
 Done with rirpa frequency point #                    87
 Done with rirpa frequency point #                    88
 Done with rirpa frequency point #                    89
 Done with rirpa frequency point #                    90
 Done with rirpa frequency point #                    91
 Done with rirpa frequency point #                    92
 Done with rirpa frequency point #                    93
 Done with rirpa frequency point #                    94
 Done with rirpa frequency point #                    95
 Done with rirpa frequency point #                    96
 Done with rirpa frequency point #                    97
 Done with rirpa frequency point #                    98
 Done with rirpa frequency point #                    99
 Done with rirpa frequency point #                   100
 


 RI-RPA correlation energy: -0.2418083836908883E+01
 
 HXX Energy calculation skipped due to nohxx option
 

                  --------------------------------------------------- 
                 |  HXX+RIRPA total energy     =     -2.41808383691  |
                  ---------------------------------------------------- 
                 :  RIRPA correlation energy   =     -2.41808383691  :
                 :  HXX total energy           =      0.00000000000  :
                 :  Hartree energy             =      0.00000000000  :
                 :  Exact Exchange energy      =      0.00000000000  :
                  .................................................... 


    ------------------------------------------------------------------------
    Rirpa profiling                cpu                    wall         ratio
    ------------------------------------------------------------------------
    module                         sec     %               sec     %
    ------------------------------------------------------------------------
    RIRPA                      1068.9  100.00          150.2  100.00   7.1
    STARTUP                       2.1    0.20            0.9    0.57   2.4
    riccmos                       2.9    0.27            0.9    0.61   3.1
    riccaux                       3.9    0.36            0.6    0.37   7.0
    riccbound                     8.6    0.81            7.3    4.88   1.2
    ccmkbaoi                     59.0    5.51            7.4    4.94   7.9
    cc3idxnrm                     2.5    0.23            0.3    0.20   8.0
    ecrpa                       990.0   92.62          132.8   88.41   7.5
    rpa3idxget                    1.6    0.15            0.3    0.18   5.6
    qbuild                      959.9   89.80          128.5   85.53   7.5
    rparenrm                     25.8    2.42            3.2    2.15   8.0
    ------------------------------------------------------------------------
    sum                        3125.2  292.36          432.4  287.86   7.2
    ------------------------------------------------------------------------


    ------------------------------------------------------------------------
         total  cpu-time : 17 minutes and 49 seconds
         total wall-time :  2 minutes and 30 seconds
    ------------------------------------------------------------------------

   ****  rirpa : all done  ****


    2020-08-05 01:58:46.985 

