           SMPCPUS    set: Shared-memory Parallelization with  20 CPUs.

           SMP Parallelization Reference:
           C. van Wullen, J. Comput. Chem. 32 (2011) 1195--1201

 ridft (c-12-33) : TURBOMOLE rev. V7.5.0 compiled 13 Jun 2020 at 23:29:25
 Copyright (C) 2020 TURBOMOLE GmbH, Karlsruhe


    2020-07-20 01:50:16.327 



                                  r i d f t

                        DFT program with RI approximation 
                                for coulomb part 




                                                 
                                 References:     
                                                 
          TURBOMOLE:                             
              R. Ahlrichs, M. Baer, M. Haeser, H. Horn, and
              C. Koelmel
              Electronic structure calculations on workstation
              computers: the program system TURBOMOLE
              Chem. Phys. Lett. 162: 165 (1989)
          Density Functional:                              
              O. Treutler and R. Ahlrichs                      
              Efficient Molecular Numerical Integration Schemes
              J. Chem. Phys. 102: 346 (1995)                   
          Parallel Version:                                
              Performance of parallel TURBOMOLE for Density    
              Functional Calculations                          
              M. v. Arnim and R. Ahlrichs                      
              J. Comp. Chem. 19: 1746 (1998)                   
          RI-J Method:                                     
              Auxiliary Basis Sets to approximate Coulomb      
              Potentials                                       
              Chem. Phys. Lett. 240: 283 (1995)                
              K. Eichkorn, O. Treutler, H. Oehm, M. Haeser     
              and R. Ahlrichs                                  
              Chem. Phys. Lett. 242: 652 (1995)                
                                                           
              Auxiliary Basis Sets for Main Row Atoms and their
              Use to approximate Coulomb Potentials            
              K. Eichkorn, F. Weigend, O. Treutler and         
              R. Ahlrichs                                      
              Theo. Chem. Acc. 97: 119 (1997)                   
                                                           
              Accurate Coulomb-fitting basis sets for H to Rn 
              F. Weigend                                        
              Phys. Chem. Chem. Phys. 8: 1057 (2006)            
                                                           
          Multipole accelerated RI-J (MARI-J):             
              Fast evaluation of the Coulomb potential for     
              electron densities using multipole accelerated   
              resolution of identity approximation             
              M. Sierka, A. Hogekamp and R. Ahlrichs           
              J. Chem. Phys. 118: 9136 (2003)                  
          RI-JK Method:                                     
              A fully direct RI-HF algorithm: Implementation,
              optimised auxiliary basis sets, demonstration of
              accuracy and efficiency                         
              F. Weigend                                      
              Phys. Chem. Chem. Phys. 4: 4285 (2002)           
          Two-component HF and DFT with spin-orbit coupling:  
              Self-consistent treatment of spin-orbit         
              interactions with efficient Hartree-Fock and    
              density functional methods                      
              M. K. Armbruster, F. Weigend, C. van Wüllen and 
              W. Klopper                                      
              Phys. Chem. Chem. Phys. 10: 1748 (2008)         
          Two-component difference density and DIIS algorithm 
              Efficient two-component self-consistent field   
              procedures and gradients: implementation in     
              TURBOMOLE and application to Au20-              
              A. Baldes, F. Weigend                           
              Mol. Phys. 111: 2617 (2013)                     
          Relativistic all-electron 2c calculations           
              An efficient implementation of two-component    
              relativistic exact-decoupling methods for large 
              molecules                                       
              D. Peng, N. Middendorf, F. Weigend, M. Reiher   
              J. Chem. Phys. 138: 184105 (2013)               
          Finite nucleus model and SNSO approximation         
              Efficient implementation of one- and two-       
              component analytical energy gradients in exact  
              two-component theory                            
              Y. J. Franzke, N. Middendorf, F. Weigend        
              J. Chem. Phys. 148: 104110 (2018)               
          Grids for all-electron relativistic methods         
              Error-consistent segmented contracted all-      
              electron relativistic basis sets of double-     
              and triple-zeta quality for NMR shielding       
              constants                                       
              Y. J. Franzke, R. Tress, T. M. Pazdera,         
              F. Weigend                                      
              Phys. Chem. Chem. Phys. 21: 166658 (2019)       
          Seminumerical exchange algorithms                   
              Seminumerical calculation of the Hartree-Fock   
              exchange matirx: Application to two-component   
              procedures and efficient evaluation of local    
              hybrid functionsl                               
              P. Plessow, F. Weigend,                         
              J. Comput. Chem. 33: 810 (2012)                 
          Improved seminumerical algorithms                   
              C. Holzer, in preparation (2020)                
                                         




              +--------------------------------------------------+
              |      general information about current run       |
              +--------------------------------------------------+

 

 DENSITY CONVERGENCE CHECK SWITCHED ON !
 SCF CONVERGENCE IF RMS(delta[D]) <     0.1000000000E-06

 PBE functional
 exchange:    LDA + PBE
 correlation: LDA (PW) + PBE
 A DFT calculation using the RI-J approximation will be carried out.
 Allocatable memory for RI due to $ricore (MB):                  5000


              +--------------------------------------------------+
              | Atomic coordinate, charge and isotop information |
              +--------------------------------------------------+

                    atomic coordinates            atom    charge  isotop
          0.47283100   -0.26694514    4.30537430    c      0.000     0
          0.10396437   -0.11468475    1.72255798    f      0.000     0
          2.24747066    0.64813599    4.78341680    h      0.000     0
          0.53458798   -2.24342024    4.85758926    h      0.000     0
         -1.07987190    0.67749232    5.26074056    h      0.000     0
         -0.42140521    0.23632949   -3.83991533    c      6.000     0
         -0.66868757    0.43131605   -6.43515793    f      9.000     0
         -2.02992688   -0.78903172   -3.08257774    h      1.000     0
          1.31163262   -0.77132969   -3.39983615    h      1.000     0
         -0.35375277    2.11799284   -3.02340798    h      1.000     0
 
       center of nuclear mass  :   -0.13921583    0.07764018   -1.15330958
       center of nuclear charge:   -0.53437036    0.32541405   -5.02565196

              +--------------------------------------------------+
              |               basis set information              |
              +--------------------------------------------------+

              we will work with the 1s 3p 5d 7f 9g ... basis set
              ...i.e. with spherical basis functions...

   type   atoms  prim   cont   basis
   ---------------------------------------------------------------------------
    c        2     77     55   cc-pVQZ   [5s4p3d2f1g|21s6p3d2f1g]
    f        2     77     55   cc-pVQZ   [5s4p3d2f1g|21s6p3d2f1g]
    h        6     32     30   cc-pVQZ   [4s3p2d1f|6s3p2d1f]
   ---------------------------------------------------------------------------
   total:   10    500    400
   ---------------------------------------------------------------------------

   total number of primitive shells          :   78
   total number of contracted shells         :  120
   total number of cartesian basis functions :  490
   total number of SCF-basis functions       :  400


 integral neglect threshold       :  0.68E-11
 integral storage threshold THIZE :  0.10E-04
 integral storage threshold THIME :         5

 RI-J AUXILIARY BASIS SET information:

              we will work with the 1s 3p 5d 7f 9g ... basis set
              ...i.e. with spherical basis functions...

   type   atoms  prim   cont   basis
   ---------------------------------------------------------------------------
    c        2     70     49   cc-pVQZ   [6s4p3d1f1g|12s5p4d2f1g]
    f        2     70     49   cc-pVQZ   [6s4p3d1f1g|12s5p4d2f1g]
    h        6     16     11   cc-pVQZ   [3s1p1d|5s2p1d]
   ---------------------------------------------------------------------------
   total:   10    376    262
   ---------------------------------------------------------------------------

   total number of primitive shells          :   56
   total number of contracted shells         :   90
   total number of cartesian basis functions :  316
   total number of SCF-basis functions       :  262


 symmetry group of the molecule :   c1 

 the group has the following generators :
   c1(z)

    1 symmetry operations found

 there are 1 real representations :   a   

 maximum number of shells which are related by symmetry :  1

  
           ------------------
           density functional
           ------------------
 Dummy atoms with grid-point found.
 DFT quadrature threshold dgrenze tightened by factor 1/10.

 PBE functional
 exchange:    LDA + PBE
 correlation: LDA (PW) + PBE
 Dummy atoms with grid-point found.
 DFT quadrature threshold dgrenze tightened by factor 1/10.

 Dummy atoms with grid-point found.
 DFT quadrature threshold dgrenze tightened by factor 1/10.


 spherical integration : Lebedev's spherical grid
 spherical gridsize    :                     5
    i.e. gridpoints    :                   590
 value for diffuse not defined
 radial integration    : Chebyshev 2nd kind (scaling 3)
 radial gridsize       :                     8
 integration cells     :                    10
 partition function    : becke
 partition sharpness   :                     3
  
 found dummy atom(s) with basis: included in dft

 biggest AO integral is expected to be     5.406832293

          ------------------------
          nuclear repulsion energy  :   37.3904658434    
          ------------------------


         -----------------
         -S,T+V- integrals
         -----------------

 1e-integrals will be neglected if expon. factor < 0.682033E-12
 
   Difference densities algorithm switched on.
   The maximal number of linear combinations of
   difference densities is                    20 .

 DIIS switched on: error vector is FDS-SDF
 Max. Iterations for DIIS is     :   4
 DIIS matrix (see manual) 
    Scaling factor of diagonals  :  1.200
    threshold for scaling factor :  0.000

 scf convergence criterion : increment of total energy < .1000000D-06
                  and increment of one-electron energy < .1000000D-03

 MOs are in ASCII format !


    mo occupation :
   irrep   mo's   occupied
    a      400        9
 
 number of basis functions   :   400
 number of occupied orbitals :     9
 

 reading orbital data $scfmo  from file mos
 orbital characterization : expanded
 virtual MOs provided and orthogonalized by Cholesky decomposition

 automatic virtual orbital shift switched on 
      shift if e(lumo)-e(homo) < 0.10000000    

  
           ------------------------
               RI-J - INFORMATION
           ------------------------
 Contributions to RI integral batches: 
  neglected integral batches:                  1658
  direct contribution:                            0
  memory contribution:                  5602
 Memory core needed for (P|Q) and Cholesky      1 MByte
 Memory core minimum needed except of (P|Q)     1 MByte
 Total minimum memory core needed (sum)         2 MByte
  
 ****************************************
 Memory allocated for RI-J   213 MByte
 ****************************************
                                            

 DSCF restart information will be dumped onto file mos


 Starting SCF iterations

          Overall gridpoints after grid construction =        155564

 ITERATION  ENERGY          1e-ENERGY        2e-ENERGY     RMS[dD(SAO)]   TOL
   1  -139.21315007439    -265.65120555     89.047589628    0.000D+00 0.680D-11
                            Exc = -16.7740171516     Coul =  105.821606780    
                              N = 18.000000373    
                            current damping = 0.300
 
          max. resid. norm for Fia-block=  3.367D-01 for orbital      4a         
          max. resid. fock norm         =  4.344D+01 for orbital    382a         

 ITERATION  ENERGY          1e-ENERGY        2e-ENERGY     RMS[dD(SAO)]   TOL
   2  -139.59144388089    -265.75430137     88.772391649    0.344D-02 0.466D-11
                            Exc = -16.6978409066     Coul =  105.470232555    
                              N = 18.000000242    
                            current damping = 0.250
 
          Norm of current diis error:  1.6060    
          max. resid. norm for Fia-block=  1.153D-01 for orbital      9a         
          max. resid. fock norm         =  2.798D-01 for orbital    167a         

 ITERATION  ENERGY          1e-ENERGY        2e-ENERGY     RMS[dD(SAO)]   TOL
   3  -139.64548540480    -267.07915062     90.043199371    0.117D-02 0.379D-11
                            Exc = -16.9246685431     Coul =  106.967867914    
                              N = 18.000000190    
                            current damping = 0.200
 
          Norm of current diis error: 0.49536    
          max. resid. norm for Fia-block=  3.639D-02 for orbital      8a         
          max. resid. fock norm         =  3.967D-02 for orbital    165a         

 ITERATION  ENERGY          1e-ENERGY        2e-ENERGY     RMS[dD(SAO)]   TOL
   4  -139.65048849034    -265.99036063     88.949406300    0.835D-03 0.324D-11
                            Exc = -16.7850368471     Coul =  105.734443148    
                              N = 18.000000181    
                            current damping = 0.250
 
          Norm of current diis error: 0.29081    
          max. resid. norm for Fia-block=  1.284D-02 for orbital      5a         
          max. resid. fock norm         =  1.861D-02 for orbital      9a         

 ITERATION  ENERGY          1e-ENERGY        2e-ENERGY     RMS[dD(SAO)]   TOL
   5  -139.65294974171    -266.51365607     89.470240482    0.179D-03 0.315D-11
                            Exc = -16.8451696481     Coul =  106.315410130    
                              N = 18.000000174    
                            current damping = 0.300
 
          Norm of current diis error: 0.40457E-01
          max. resid. norm for Fia-block=  1.664D-03 for orbital      4a         
          max. resid. fock norm         =  2.637D-03 for orbital    220a         
          mo-orthogonalization: Cholesky decomposition

 ITERATION  ENERGY          1e-ENERGY        2e-ENERGY     RMS[dD(SAO)]   TOL
   6  -139.65298484543    -266.48366064     89.440209951    0.303D-04 0.303D-11
                            Exc = -16.8431799153     Coul =  106.283389866    
                              N = 18.000000174    
                            current damping = 0.350
 
          Norm of current diis error: 0.42620E-02
          max. resid. norm for Fia-block=  2.954D-04 for orbital      5a         
          max. resid. fock norm         =  3.383D-04 for orbital    165a         

 ITERATION  ENERGY          1e-ENERGY        2e-ENERGY     RMS[dD(SAO)]   TOL
   7  -139.65298545873    -266.49052467     89.447073363    0.371D-05 0.293D-11
                            Exc = -16.8440680257     Coul =  106.291141389    
                              N = 18.000000174    
                            current damping = 0.400
 
          Norm of current diis error: 0.80787E-03
          max. resid. norm for Fia-block=  4.710D-05 for orbital      4a         
          max. resid. fock norm         =  1.012D-04 for orbital    182a         

 ITERATION  ENERGY          1e-ENERGY        2e-ENERGY     RMS[dD(SAO)]   TOL
   8  -139.65298547291    -266.49074890     89.447297583    0.103D-05 0.284D-11
                            Exc = -16.8440927404     Coul =  106.291390323    
                              N = 18.000000174    
                            current damping = 0.250
 
          Norm of current diis error: 0.11145E-03
          max. resid. norm for Fia-block=  9.975D-06 for orbital      8a         
          max. resid. fock norm         =  2.251D-05 for orbital    222a         

 ENERGY & DENSITY CONVERGED !


 ITERATION  ENERGY          1e-ENERGY        2e-ENERGY     RMS[dD(SAO)]   TOL
   9  -139.65298547334    -266.49063188     89.447180564    0.439D-06 0.273D-11
                            Exc = -16.8440790354     Coul =  106.291259599    
                              N = 18.000000174    
                            current damping = 0.300
 
          Norm of current diis error: 0.74204E-04
          max. resid. norm for Fia-block=  5.545D-06 for orbital      5a         
          max. resid. fock norm         =  8.824D-06 for orbital    179a         

 End of SCF iterations

   convergence criteria satisfied after     9 iterations


                  ------------------------------------------ 
                 |  total energy      =   -139.65298547334  |
                  ------------------------------------------ 
                 :  kinetic energy    =    139.22089763739  :
                 :  potential energy  =   -278.87388311073  :
                 :  virial theorem    =      1.99690598927  :
                 :  wavefunction norm =      1.00000000000  :
                  .......................................... 


 <geterg> : there is no data group $energy 


 <skperg> : $end is missing 


 orbitals $scfmo  will be written to file mos

    irrep                  5a          6a          7a          8a          9a   
 eigenvalues H         -0.43947    -0.42675    -0.42673    -0.29346    -0.29345
            eV         -11.9586    -11.6126    -11.6119     -7.9855     -7.9852
 occupation              2.0000      2.0000      2.0000      2.0000      2.0000

    irrep                 10a         11a         12a         13a         14a   
 eigenvalues H          0.00905     0.02827     0.07526     0.07531     0.08027
            eV           0.2463      0.7693      2.0479      2.0494      2.1842
 
 
 
 
 ==============================================================================
                           electrostatic moments
 ==============================================================================

 reference point for electrostatic moments:    0.00000   0.00000   0.00000

 
              nuc           elec       ->  total
 ------------------------------------------------------------------------------
                          charge      
 ------------------------------------------------------------------------------
          18.000000     -18.000000      -0.000000
 
 ------------------------------------------------------------------------------
                       dipole moment  
 ------------------------------------------------------------------------------
   x      -9.618666       9.681403       0.062736
   y       5.857453      -5.906871      -0.049418
   z     -90.461735      91.120249       0.658514
 
   | dipole moment | =     0.6633 a.u. =     1.6860 debye 
 
 ------------------------------------------------------------------------------
                     quadrupole moment
 ------------------------------------------------------------------------------
  xx      11.055906     -20.023045      -8.967139
  yy       7.712826     -16.643990      -8.931165
  zz     491.373184    -507.362096     -15.988912
  xy      -3.352554       3.402821       0.050266
  xz      51.304563     -52.017027      -0.712463
  yz     -31.774104      32.272286       0.498181
 
     1/3  trace=     -11.295739
     anisotropy=       7.199593
 
 ==============================================================================
 
HOMO-LUMO Separation
 HOMO         :   -0.29344854 H =     -7.98515 eV
 LUMO         :    0.00905183 H =     +0.24631 eV
 HOMO-LUMO gap:    0.30250037 H =     +8.23146 eV
 
 ==============================================================================


    ------------------------------------------------------------------------
         total  cpu-time :  3 minutes and 56 seconds
         total wall-time :  19.72 seconds
    ------------------------------------------------------------------------

   ****  ridft : all done  ****


    2020-07-20 01:50:36.019 

