           SMPCPUS    set: Shared-memory Parallelization with  20 CPUs.

           SMP Parallelization Reference:
           C. van Wullen, J. Comput. Chem. 32 (2011) 1195--1201

 ridft (c-14-12) : TURBOMOLE rev. V7.5.0 compiled 13 Jun 2020 at 23:29:25
 Copyright (C) 2020 TURBOMOLE GmbH, Karlsruhe


    2020-08-04 23:07:43.944 



                                  r i d f t

                        DFT program with RI approximation 
                                for coulomb part 




                                                 
                                 References:     
                                                 
          TURBOMOLE:                             
              R. Ahlrichs, M. Baer, M. Haeser, H. Horn, and
              C. Koelmel
              Electronic structure calculations on workstation
              computers: the program system TURBOMOLE
              Chem. Phys. Lett. 162: 165 (1989)
          Density Functional:                              
              O. Treutler and R. Ahlrichs                      
              Efficient Molecular Numerical Integration Schemes
              J. Chem. Phys. 102: 346 (1995)                   
          Parallel Version:                                
              Performance of parallel TURBOMOLE for Density    
              Functional Calculations                          
              M. v. Arnim and R. Ahlrichs                      
              J. Comp. Chem. 19: 1746 (1998)                   
          RI-J Method:                                     
              Auxiliary Basis Sets to approximate Coulomb      
              Potentials                                       
              Chem. Phys. Lett. 240: 283 (1995)                
              K. Eichkorn, O. Treutler, H. Oehm, M. Haeser     
              and R. Ahlrichs                                  
              Chem. Phys. Lett. 242: 652 (1995)                
                                                           
              Auxiliary Basis Sets for Main Row Atoms and their
              Use to approximate Coulomb Potentials            
              K. Eichkorn, F. Weigend, O. Treutler and         
              R. Ahlrichs                                      
              Theo. Chem. Acc. 97: 119 (1997)                   
                                                           
              Accurate Coulomb-fitting basis sets for H to Rn 
              F. Weigend                                        
              Phys. Chem. Chem. Phys. 8: 1057 (2006)            
                                                           
          Multipole accelerated RI-J (MARI-J):             
              Fast evaluation of the Coulomb potential for     
              electron densities using multipole accelerated   
              resolution of identity approximation             
              M. Sierka, A. Hogekamp and R. Ahlrichs           
              J. Chem. Phys. 118: 9136 (2003)                  
          RI-JK Method:                                     
              A fully direct RI-HF algorithm: Implementation,
              optimised auxiliary basis sets, demonstration of
              accuracy and efficiency                         
              F. Weigend                                      
              Phys. Chem. Chem. Phys. 4: 4285 (2002)           
          Two-component HF and DFT with spin-orbit coupling:  
              Self-consistent treatment of spin-orbit         
              interactions with efficient Hartree-Fock and    
              density functional methods                      
              M. K. Armbruster, F. Weigend, C. van Wüllen and 
              W. Klopper                                      
              Phys. Chem. Chem. Phys. 10: 1748 (2008)         
          Two-component difference density and DIIS algorithm 
              Efficient two-component self-consistent field   
              procedures and gradients: implementation in     
              TURBOMOLE and application to Au20-              
              A. Baldes, F. Weigend                           
              Mol. Phys. 111: 2617 (2013)                     
          Relativistic all-electron 2c calculations           
              An efficient implementation of two-component    
              relativistic exact-decoupling methods for large 
              molecules                                       
              D. Peng, N. Middendorf, F. Weigend, M. Reiher   
              J. Chem. Phys. 138: 184105 (2013)               
          Finite nucleus model and SNSO approximation         
              Efficient implementation of one- and two-       
              component analytical energy gradients in exact  
              two-component theory                            
              Y. J. Franzke, N. Middendorf, F. Weigend        
              J. Chem. Phys. 148: 104110 (2018)               
          Grids for all-electron relativistic methods         
              Error-consistent segmented contracted all-      
              electron relativistic basis sets of double-     
              and triple-zeta quality for NMR shielding       
              constants                                       
              Y. J. Franzke, R. Tress, T. M. Pazdera,         
              F. Weigend                                      
              Phys. Chem. Chem. Phys. 21: 166658 (2019)       
          Seminumerical exchange algorithms                   
              Seminumerical calculation of the Hartree-Fock   
              exchange matirx: Application to two-component   
              procedures and efficient evaluation of local    
              hybrid functionsl                               
              P. Plessow, F. Weigend,                         
              J. Comput. Chem. 33: 810 (2012)                 
          Improved seminumerical algorithms                   
              C. Holzer, in preparation (2020)                
                                         




              +--------------------------------------------------+
              |      general information about current run       |
              +--------------------------------------------------+

 

 DENSITY CONVERGENCE CHECK SWITCHED ON !
 SCF CONVERGENCE IF RMS(delta[D]) <     0.1000000000E-06

 PBE functional
 exchange:    LDA + PBE
 correlation: LDA (PW) + PBE
 A DFT calculation using the RI-J approximation will be carried out.
 Allocatable memory for RI due to $ricore (MB):                  5000


              +--------------------------------------------------+
              | Atomic coordinate, charge and isotop information |
              +--------------------------------------------------+

                    atomic coordinates            atom    charge  isotop
         -0.41984235    0.00001343    5.82511825    o      8.000     0
         -1.95470332   -0.00001013    6.79118023    h      1.000     0
          1.66789091    0.00000211    7.52351189    c      6.000     0
          3.36227822   -0.00000076    6.36857718    h      1.000     0
          1.68368815    1.67993146    8.71335779    h      1.000     0
          1.68367994   -1.67993167    8.71335162    h      1.000     0
 
       center of nuclear mass  :    0.56578298    0.00000715    6.69096157
       center of nuclear charge:    0.63464165    0.00000606    6.79602690

              +--------------------------------------------------+
              |               basis set information              |
              +--------------------------------------------------+

              we will work with the 1s 3p 5d 7f 9g ... basis set
              ...i.e. with spherical basis functions...

   type   atoms  prim   cont   basis
   ---------------------------------------------------------------------------
    o        1    172    140   cc-pV6Z   [7s6p5d4f3g2h1i|27s10p5d4f3g2h1i]
    h        4     95     91   cc-pV6Z   [6s5p4d3f2g1h|10s5p4d3f2g1h]
    c        1    172    140   cc-pV6Z   [7s6p5d4f3g2h1i|27s10p5d4f3g2h1i]
   ---------------------------------------------------------------------------
   total:    6    724    644
   ---------------------------------------------------------------------------

   total number of primitive shells          :  129
   total number of contracted shells         :  140
   total number of cartesian basis functions :  924
   total number of SCF-basis functions       :  644


 integral neglect threshold       :  0.36E-11
 integral storage threshold THIZE :  0.10E-04
 integral storage threshold THIME :         5

 RI-J AUXILIARY BASIS SET information:

              we will work with the 1s 3p 5d 7f 9g ... basis set
              ...i.e. with spherical basis functions...

   type   atoms  prim   cont   basis
   ---------------------------------------------------------------------------
    o        1     70     49   universal   [6s4p3d1f1g|12s5p4d2f1g]
    h        4     16     11   universal   [3s1p1d|5s2p1d]
    c        1     70     49   universal   [6s4p3d1f1g|12s5p4d2f1g]
   ---------------------------------------------------------------------------
   total:    6    204    142
   ---------------------------------------------------------------------------

   total number of primitive shells          :   56
   total number of contracted shells         :   50
   total number of cartesian basis functions :  170
   total number of SCF-basis functions       :  142


 symmetry group of the molecule :   c1 

 the group has the following generators :
   c1(z)

    1 symmetry operations found

 there are 1 real representations :   a   

 maximum number of shells which are related by symmetry :  1

  
           ------------------
           density functional
           ------------------
 PBE functional
 exchange:    LDA + PBE
 correlation: LDA (PW) + PBE

 spherical integration : Lebedev's spherical grid
 spherical gridsize    :                     5
    i.e. gridpoints    :                   590
 value for diffuse not defined
 radial integration    : Chebyshev 2nd kind (scaling 3)
 radial gridsize       :                     8
 integration cells     :                     6
 partition function    : becke
 partition sharpness   :                     3
  

 biggest AO integral is expected to be     5.408063943

          ------------------------
          nuclear repulsion energy  :   40.3052470206    
          ------------------------

      -----------------------------------------------------------      
     |                   =====================                   |     
     |                        D F T - D 4                        |     
     |                   =====================                   |     
     |                         S. Grimme                         |     
     |          Mulliken Center for Theoretical Chemistry        |     
     |                    University of Bonn                     |     
      -----------------------------------------------------------      

           -------------------------------------------------
          |                Calculation Setup                |
           -------------------------------------------------
   charge               :      0
   non-additivity corr. : ATM
   charge model         : EEQ
   damping parameters
   s6                   :     1.0000
   s8                   :     0.9595
   a1                   :     0.3857
   a2                   :     4.8069

        q(ref)        CN(ref)   cov. CN(ref)  alpha(AIM,ref)
     0.0000000      0.0000000      0.0000000      5.1967092
    -0.3547147      0.9924594      0.8041679      6.1223924
    -0.5988153      1.9886928      1.6112394      6.7491941
     0.0000000      0.9985672      0.9798440      5.1987934
        q(ref)        CN(ref)   cov. CN(ref)  alpha(AIM,ref)
     0.0000000      0.0000000      0.0000000      5.0540161
     0.0000000      0.9117922      0.8942243      2.7207580
        q(ref)        CN(ref)   cov. CN(ref)  alpha(AIM,ref)
     0.0000000      0.0000000      0.0000000     12.3555336
    -0.1712371      0.9867893      0.9189476     12.8040100
    -0.1421000      1.9984766      1.9078606      9.6347083
    -0.2225085      2.9987259      2.8312240      9.6866280
    -0.2565392      3.9843988      3.7487004      7.6947605
    -0.1044135      3.1417713      2.9183271      9.3751067
     0.2103031      0.9999501      0.8556099      7.7402501
========================================================================
 Edisp  /kcal,au:    -0.9570  -0.0015250353
========================================================================
 nuclear repulsion energy                  =      40.305247021
 empirical dispersive energy correction    =      -0.001525035
 nuclear repulsion + dispersion correction =      40.303721985


         -----------------
         -S,T+V- integrals
         -----------------

 1e-integrals will be neglected if expon. factor < 0.361684E-12
 
   Difference densities algorithm switched on.
   The maximal number of linear combinations of
   difference densities is                    20 .

 DIIS switched on: error vector is FDS-SDF
 Max. Iterations for DIIS is     :   4
 DIIS matrix (see manual) 
    Scaling factor of diagonals  :  1.200
    threshold for scaling factor :  0.000

 scf convergence criterion : increment of total energy < .1000000D-06
                  and increment of one-electron energy < .1000000D-03

 MOs are in ASCII format !


    mo occupation :
   irrep   mo's   occupied
    a      644        9
 
 number of basis functions   :   644
 number of occupied orbitals :     9
 

 reading orbital data $scfmo  from file mos
 orbital characterization : expanded
 virtual MOs provided and orthogonalized by Cholesky decomposition

 automatic virtual orbital shift switched on 
      shift if e(lumo)-e(homo) < 0.10000000    

  
           ------------------------
               RI-J - INFORMATION
           ------------------------
 Contributions to RI integral batches: 
  neglected integral batches:                   390
  direct contribution:                            0
  memory contribution:                  9480
 Memory core needed for (P|Q) and Cholesky      1 MByte
 Memory core minimum needed except of (P|Q)     4 MByte
 Total minimum memory core needed (sum)         4 MByte
  
 ****************************************
 Memory allocated for RI-J   543 MByte
 ****************************************
                                            

 DSCF restart information will be dumped onto file mos


 Starting SCF iterations

          Overall gridpoints after grid construction =         91091

 ITERATION  ENERGY          1e-ENERGY        2e-ENERGY     RMS[dD(SAO)]   TOL
   1  -115.17756403484    -236.17187062     80.690584601    0.000D+00 0.361D-11
                            Exc = -15.2622758224     Coul =  95.9528604233    
                              N = 18.000000035    
                            current damping = 0.300
 
          max. resid. norm for Fia-block=  4.007D-01 for orbital      3a         
          max. resid. fock norm         =  2.903D+01 for orbital    596a         

 ITERATION  ENERGY          1e-ENERGY        2e-ENERGY     RMS[dD(SAO)]   TOL
   2  -115.58271184528    -236.35652446     80.470090628    0.309D-02 0.281D-11
                            Exc = -15.2419145212     Coul =  95.7120051490    
                              N = 17.999999815    
                            current damping = 0.250
 
          Norm of current diis error:  2.3868    
          max. resid. norm for Fia-block=  1.058D-01 for orbital      3a         
          max. resid. fock norm         =  2.830D-01 for orbital    415a         

 ITERATION  ENERGY          1e-ENERGY        2e-ENERGY     RMS[dD(SAO)]   TOL
   3  -115.63313857675    -237.47208946     81.535228903    0.108D-02 0.214D-11
                            Exc = -15.4323255351     Coul =  96.9675544378    
                              N = 17.999999850    
                            current damping = 0.200
 
          Norm of current diis error: 0.96971    
          max. resid. norm for Fia-block=  3.724D-02 for orbital      9a         
          max. resid. fock norm         =  3.806D-02 for orbital      9a         

 ITERATION  ENERGY          1e-ENERGY        2e-ENERGY     RMS[dD(SAO)]   TOL
   4  -115.64179912254    -236.51838447     80.572863362    0.459D-03 0.181D-11
                            Exc = -15.3145088649     Coul =  95.8873722264    
                              N = 17.999999813    
                            current damping = 0.250
 
          Norm of current diis error: 0.47116    
          max. resid. norm for Fia-block=  1.167D-02 for orbital      5a         
          max. resid. fock norm         =  2.145D-02 for orbital    629a         

 ITERATION  ENERGY          1e-ENERGY        2e-ENERGY     RMS[dD(SAO)]   TOL
   5  -115.64384404890    -237.03755818     81.089992149    0.805D-04 0.170D-11
                            Exc = -15.3714687916     Coul =  96.4614609401    
                              N = 17.999999824    
                            current damping = 0.300
 
          Norm of current diis error: 0.13448    
          max. resid. norm for Fia-block=  3.439D-03 for orbital      6a         
          max. resid. fock norm         =  5.596D-03 for orbital    537a         
          mo-orthogonalization: Cholesky decomposition

 ITERATION  ENERGY          1e-ENERGY        2e-ENERGY     RMS[dD(SAO)]   TOL
   6  -115.64400938072    -236.93868942     80.990958056    0.342D-04 0.163D-11
                            Exc = -15.3621849048     Coul =  96.3531429612    
                              N = 17.999999824    
                            current damping = 0.350
 
          Norm of current diis error: 0.16185E-01
          max. resid. norm for Fia-block=  5.554D-04 for orbital      8a         
          max. resid. fock norm         =  9.935D-04 for orbital    566a         

 ITERATION  ENERGY          1e-ENERGY        2e-ENERGY     RMS[dD(SAO)]   TOL
   7  -115.64401217775    -236.95046691     81.002732751    0.469D-05 0.156D-11
                            Exc = -15.3636778955     Coul =  96.3664106470    
                              N = 17.999999824    
                            current damping = 0.400
 
          Norm of current diis error: 0.30036E-02
          max. resid. norm for Fia-block=  1.094D-04 for orbital      7a         
          max. resid. fock norm         =  1.743D-04 for orbital    555a         

 ITERATION  ENERGY          1e-ENERGY        2e-ENERGY     RMS[dD(SAO)]   TOL
   8  -115.64401227767    -236.95156008     81.003825814    0.136D-05 0.152D-11
                            Exc = -15.3637879781     Coul =  96.3676137919    
                              N = 17.999999824    
                            current damping = 0.250
 
          Norm of current diis error: 0.55674E-03
          max. resid. norm for Fia-block=  2.432D-05 for orbital      5a         
          max. resid. fock norm         =  5.455D-05 for orbital    580a         

 ITERATION  ENERGY          1e-ENERGY        2e-ENERGY     RMS[dD(SAO)]   TOL
   9  -115.64401228044    -236.95178255     81.004048280    0.501D-06 0.146D-11
                            Exc = -15.3638141912     Coul =  96.3678624707    
                              N = 17.999999824    
                            current damping = 0.100
 
          Norm of current diis error: 0.30504E-03
          max. resid. norm for Fia-block=  9.693D-06 for orbital      9a         
          max. resid. fock norm         =  1.156D-05 for orbital      9a         

 ITERATION  ENERGY          1e-ENERGY        2e-ENERGY     RMS[dD(SAO)]   TOL
  10  -115.64401228129    -236.95149798     81.003763712    0.159D-06 0.142D-11
                            Exc = -15.3637812595     Coul =  96.3675449714    
                              N = 17.999999824    
                            current damping = 0.150
 
          Norm of current diis error: 0.14754E-03
          max. resid. norm for Fia-block=  3.374D-06 for orbital      9a         
          max. resid. fock norm         =  5.616D-06 for orbital    629a         
          mo-orthogonalization: Cholesky decomposition

 ENERGY & DENSITY CONVERGED !


 ITERATION  ENERGY          1e-ENERGY        2e-ENERGY     RMS[dD(SAO)]   TOL
  11  -115.64401228150    -236.95161375     81.003879479    0.254D-07 0.139D-11
                            Exc = -15.3637955808     Coul =  96.3676750602    
                              N = 17.999999824    
                            current damping = 0.200
 
          Norm of current diis error: 0.19499E-04
          max. resid. norm for Fia-block=  6.289D-07 for orbital      8a         
          max. resid. fock norm         =  9.365D-07 for orbital    426a         

 End of SCF iterations

   convergence criteria satisfied after    11 iterations


                  ------------------------------------------ 
                 |  total energy      =   -115.64401228150  |
                  ------------------------------------------ 
                 :  kinetic energy    =    115.24202617000  :
                 :  potential energy  =   -230.88603845150  :
                 :  virial theorem    =      1.99652393493  :
                 :  wavefunction norm =      1.00000000000  :
                  .......................................... 


 <geterg> : there is no data group $energy 


 <skperg> : $end is missing 


 orbitals $scfmo  will be written to file mos

    irrep                  5a          6a          7a          8a          9a   
 eigenvalues H         -0.45982    -0.39255    -0.38114    -0.29389    -0.23109
            eV         -12.5124    -10.6820    -10.3715     -7.9972     -6.2884
 occupation              2.0000      2.0000      2.0000      2.0000      2.0000

    irrep                 10a         11a         12a         13a         14a   
 eigenvalues H         -0.01507     0.01443     0.04668     0.04869     0.07785
            eV          -0.4101      0.3928      1.2701      1.3250      2.1184
 
 
 
 
 ==============================================================================
                           electrostatic moments
 ==============================================================================

 reference point for electrostatic moments:    0.00000   0.00000   0.00000

 
              nuc           elec       ->  total
 ------------------------------------------------------------------------------
                          charge      
 ------------------------------------------------------------------------------
          18.000000     -18.000000       0.000000
 
 ------------------------------------------------------------------------------
                       dipole moment  
 ------------------------------------------------------------------------------
   x      11.423550     -11.476690      -0.053140
   y       0.000109      -0.000119      -0.000010
   z     122.328484    -121.704362       0.624122
 
   | dipole moment | =     0.6264 a.u. =     1.5921 debye 
 
 ------------------------------------------------------------------------------
                     quadrupole moment
 ------------------------------------------------------------------------------
  xx      38.896665     -47.081002      -8.184337
  yy       5.644340     -16.033015     -10.388675
  zz     849.599412    -852.019641      -2.420228
  xy       0.000007       0.000010       0.000017
  xz      93.204590     -94.077577      -0.872986
  yz       0.000656      -0.000720      -0.000064
 
     1/3  trace=      -6.997747
     anisotropy=       7.285356
 
 ==============================================================================
 
HOMO-LUMO Separation
 HOMO         :   -0.23109323 H =     -6.28837 eV
 LUMO         :   -0.01506944 H =     -0.41006 eV
 HOMO-LUMO gap:    0.21602379 H =     +5.87831 eV
 
 ==============================================================================


    ------------------------------------------------------------------------
         total  cpu-time :  4 minutes and 43 seconds
         total wall-time :  20.87 seconds
    ------------------------------------------------------------------------

   ****  ridft : all done  ****


    2020-08-04 23:08:04.752 

