
 ridft (riogrande) : TURBOMOLE rev. V7.4.1 (b987a8a8) compiled 15 Oct 2019 at 12:03:25
 Copyright (C) 2019 TURBOMOLE GmbH, Karlsruhe


    2020-07-20 20:19:45.579 



                                  r i d f t

                        DFT program with RI approximation 
                                for coulomb part 




                                                 
                                 References:     
                                                 
          TURBOMOLE:                             
              R. Ahlrichs, M. Baer, M. Haeser, H. Horn, and
              C. Koelmel
              Electronic structure calculations on workstation
              computers: the program system TURBOMOLE
              Chem. Phys. Lett. 162: 165 (1989)
          Density Functional:                              
              O. Treutler and R. Ahlrichs                      
              Efficient Molecular Numerical Integration Schemes
              J. Chem. Phys. 102: 346 (1995)                   
          Parallel Version:                                
              Performance of parallel TURBOMOLE for Density    
              Functional Calculations                          
              M. v. Arnim and R. Ahlrichs                      
              J. Comp. Chem. 19: 1746 (1998)                   
          RI-J Method:                                     
              Auxiliary Basis Sets to approximate Coulomb      
              Potentials                                       
              Chem. Phys. Lett. 240: 283 (1995)                
              K. Eichkorn, O. Treutler, H. Oehm, M. Haeser     
              and R. Ahlrichs                                  
              Chem. Phys. Lett. 242: 652 (1995)                
                                                           
              Auxiliary Basis Sets for Main Row Atoms and their
              Use to approximate Coulomb Potentials            
              K. Eichkorn, F. Weigend, O. Treutler and         
              R. Ahlrichs                                      
              Theo. Chem. Acc. 97: 119 (1997)                   
                                                           
              Accurate Coulomb-fitting basis sets for H to Rn 
              F. Weigend                                        
              Phys. Chem. Chem. Phys. 8: 1057 (2006)            
                                                           
          Multipole accelerated RI-J (MARI-J):             
              Fast evaluation of the Coulomb potential for     
              electron densities using multipole accelerated   
              resolution of identity approximation             
              M. Sierka, A. Hogekamp and R. Ahlrichs           
              J. Chem. Phys. 118: 9136 (2003)                  
          RI-JK Method:                                     
              A fully direct RI-HF algorithm: Implementation,
              optimised auxiliary basis sets, demonstration of
              accuracy and efficiency                         
              F. Weigend                                      
              Phys. Chem. Chem. Phys. 4: 4285 (2002)           
          Two-component HF and DFT with spin-orbit coupling:  
              Self-consistent treatment of spin-orbit         
              interactions with efficient Hartree-Fock and    
              density functional methods                      
              M. K. Armbruster, F. Weigend, C. van Wüllen and 
              W. Klopper                                      
              Phys. Chem. Chem. Phys. 10: 1748 (2008)         
          Two-component difference density and DIIS algorithm 
              Efficient two-component self-consistent field   
              procedures and gradients: implementation in     
              TURBOMOLE and application to Au20-              
              A. Baldes, F. Weigend                           
              Mol. Phys. 111: 2617 (2013)                     
          Relativistic all-electron 2c calculations           
              An efficient implementation of two-component    
              relativistic exact-decoupling methods for large 
              molecules                                       
              D. Peng, N. Middendorf, F. Weigend, M. Reiher   
              J. Chem. Phys. 138: 184105 (2013)               
          Finite nucleus model and SNSO approximation         
              Efficient implementation of one- and two-       
              component analytical energy gradients in exact  
              two-component theory                            
              Y. J. Franzke, N. Middendorf, F. Weigend        
              J. Chem. Phys. 148: 104110 (2018)               
                                         




              +--------------------------------------------------+
              |      general information about current run       |
              +--------------------------------------------------+

 

 DENSITY CONVERGENCE CHECK SWITCHED ON !
 SCF CONVERGENCE IF RMS(delta[D]) <     0.1000000000E-06

 PBE functional
 exchange:    LDA + PBE
 correlation: LDA (PW) + PBE
 A DFT calculation using the RI-J approximation will be carried out.
 Allocatable memory for RI due to $ricore (MB):                   500


              +--------------------------------------------------+
              | Atomic coordinate, charge and isotop information |
              +--------------------------------------------------+

                    atomic coordinates            atom    charge  isotop
          1.96019024    0.00101856   -1.10001336    c      6.000     0
         -0.33351210   -0.00051212    0.19410322    c      6.000     0
         -0.34614869   -0.00097888    2.83106108    c      6.000     0
          1.92729389    0.00007559    4.16717116    c      6.000     0
          4.21147390    0.00160249    2.85633050    c      6.000     0
          4.23629923    0.00207114    0.22350358    c      6.000     0
         -3.78714912   -0.00320498    4.78927845    i     53.000     0
          1.91458926   -0.00025511    6.21010117    h      1.000     0
          5.96986217    0.00241696    3.89893020    h      1.000     0
          6.01197094    0.00324088   -0.78691031    h      1.000     0
          1.96207052    0.00137761   -3.14425673    h      1.000     0
         -2.09628076   -0.00130013   -0.83853196    h      1.000     0
 
       center of nuclear mass  :   -1.60155951   -0.00177364    3.54554171
       center of nuclear charge:   -1.24492673   -0.00153960    3.34259603

              +--------------------------------------------------+
              |               basis set information              |
              +--------------------------------------------------+

              we will work with the 1s 3p 5d 7f 9g ... basis set
              ...i.e. with spherical basis functions...

   type   atoms  prim   cont   basis
   ---------------------------------------------------------------------------
    c        6     77     55   cc-pVQZ   [5s4p3d2f1g|21s6p3d2f1g]
    i        1    161     67   cc-pVQZ-PP   [6s6p4d2f1g|24s18p12d2f1g]
    h        5     32     30   cc-pVQZ   [4s3p2d1f|6s3p2d1f]
   ---------------------------------------------------------------------------
   total:   12    783    547
   ---------------------------------------------------------------------------

   total number of primitive shells          :  102
   total number of contracted shells         :  159
   total number of cartesian basis functions :  678
   total number of SCF-basis functions       :  547


 integral neglect threshold       :  0.49E-11
 integral storage threshold THIZE :  0.10E-04
 integral storage threshold THIME :         5

 number of unique ecp types :                     1
 RI-J AUXILIARY BASIS SET information:

              we will work with the 1s 3p 5d 7f 9g ... basis set
              ...i.e. with spherical basis functions...

   type   atoms  prim   cont   basis
   ---------------------------------------------------------------------------
    c        6     70     49   cc-pVQZ   [6s4p3d1f1g|12s5p4d2f1g]
    i        1     81     58   universal-ecp-2   [8s4p3d2f1g|11s5p5d3f1g]
    h        5     16     11   cc-pVQZ   [3s1p1d|5s2p1d]
   ---------------------------------------------------------------------------
   total:   12    581    407
   ---------------------------------------------------------------------------

   total number of primitive shells          :   57
   total number of contracted shells         :  133
   total number of cartesian basis functions :  499
   total number of SCF-basis functions       :  407


 symmetry group of the molecule :   c1 

 the group has the following generators :
   c1(z)

    1 symmetry operations found

 there are 1 real representations :   a   

 maximum number of shells which are related by symmetry :  1


    mo occupation :
   irrep   mo's   occupied
    a      547       33
 
 number of basis functions   :                    547
 number of occupied orbitals :                     33
 
  
           ------------------
           density functional
           ------------------
 PBE functional
 exchange:    LDA + PBE
 correlation: LDA (PW) + PBE

 spherical integration : Lebedev's spherical grid
 spherical gridsize    :                     5
    i.e. gridpoints    :                   590
 value for diffuse not defined
 radial integration    : Chebyshev 2nd kind (scaling 3)
 radial gridsize       :                     8
 integration cells     :                    12
 partition function    : becke
 partition sharpness   :                     3
  

 biggest AO integral is expected to be     3.537514283
  
           ------------------------
               RI-J - INFORMATION
           ------------------------
 Contributions to RI integral batches: 
  neglected integral batches:                  1394
  direct contribution:                         3276
  memory contribution:                  8050
 Memory core needed for (P|Q) and Cholesky      2 MByte
 Memory core minimum needed except of (P|Q)     2 MByte
 Total minimum memory core needed (sum)         3 MByte
  
 ****************************************
 Memory allocated for RI-J   453 MByte
 ****************************************
                                            

          ------------------------
          nuclear repulsion energy  :   352.903606291    
          ------------------------


         -----------------
         -S,T+V- integrals
         -----------------

 1e-integrals will be neglected if expon. factor < 0.492915E-12


          ----------------
          -ecp-  integrals
          ----------------
 
   Difference densities algorithm switched on.
   The maximal number of linear combinations of
   difference densities is                    20 .

 DIIS switched on: error vector is FDS-SDF
 Max. Iterations for DIIS is     :   4
 DIIS matrix (see manual) 
    Scaling factor of diagonals  :  1.200
    threshold for scaling factor :  0.000

 scf convergence criterion : increment of total energy < .1000000D-06
                  and increment of one-electron energy < .1000000D-03

  MOs are in ASCII format !


 automatic virtual orbital shift switched on 
      shift if e(lumo)-e(homo) < 0.10000000    


 reading orbital data $scfmo  from file mos
 orbital characterization : expanded
 mo provided and orthogonalized by Cholesky decomposition

 DSCF restart information will be dumped onto file mos


 Starting SCF iterations

          Overall gridpoints after grid construction =        200358

 ITERATION  ENERGY          1e-ENERGY        2e-ENERGY     RMS[dD(SAO)]   TOL
   1  -526.32474491678    -1514.8217386     635.59338737    0.000D+00 0.492D-11
                            Exc = -55.2113642003     Coul =  690.804751570    
                              N = 66.000002983    
                            current damping = 0.300
 
          max. resid. norm for Fia-block=  2.680D-01 for orbital     29a         
          max. resid. fock norm         =  1.399D+01 for orbital    524a         

 ITERATION  ENERGY          1e-ENERGY        2e-ENERGY     RMS[dD(SAO)]   TOL
   2  -527.04787186392    -1527.5338262     647.58234800    0.829D-02 0.356D-11
                            Exc = -56.2168725918     Coul =  703.799220588    
                              N = 66.000002141    
                            current damping = 0.250
 
          Norm of current diis error:  1.7569    
          max. resid. norm for Fia-block=  7.488D-02 for orbital     30a         
          max. resid. fock norm         =  1.703D-01 for orbital    170a         

 ITERATION  ENERGY          1e-ENERGY        2e-ENERGY     RMS[dD(SAO)]   TOL
   3  -527.08904307101    -1524.3144500     644.32180066    0.276D-02 0.269D-11
                            Exc = -56.0809978457     Coul =  700.402798508    
                              N = 66.000002074    
                            current damping = 0.200
 
          Norm of current diis error:  1.3409    
          max. resid. norm for Fia-block=  3.676D-02 for orbital     26a         
          max. resid. fock norm         =  5.684D-02 for orbital     34a         

 ITERATION  ENERGY          1e-ENERGY        2e-ENERGY     RMS[dD(SAO)]   TOL
   4  -527.12713736247    -1526.5961733     646.56542965    0.991D-03 0.243D-11
                            Exc = -56.1587860987     Coul =  702.724215745    
                              N = 66.000001910    
                            current damping = 0.250
 
          Norm of current diis error: 0.61815    
          max. resid. norm for Fia-block=  1.613D-02 for orbital     30a         
          max. resid. fock norm         =  3.132D-02 for orbital    343a         

 ITERATION  ENERGY          1e-ENERGY        2e-ENERGY     RMS[dD(SAO)]   TOL
   5  -527.13332979475    -1526.3413228     646.30438675    0.396D-03 0.230D-11
                            Exc = -56.1892749679     Coul =  702.493661723    
                              N = 66.000001875    
                            current damping = 0.300
 
          Norm of current diis error: 0.39997    
          max. resid. norm for Fia-block=  7.235D-03 for orbital     31a         
          max. resid. fock norm         =  1.385D-02 for orbital     17a         
          mo-orthogonalization: Cholesky decomposition

 ITERATION  ENERGY          1e-ENERGY        2e-ENERGY     RMS[dD(SAO)]   TOL
   6  -527.13712612638    -1526.4872918     646.44655937    0.158D-03 0.226D-11
                            Exc = -56.1876662802     Coul =  702.634225654    
                              N = 66.000001873    
                            current damping = 0.350
 
          Norm of current diis error: 0.56848E-01
          max. resid. norm for Fia-block=  2.305D-03 for orbital     29a         
          max. resid. fock norm         =  3.754D-03 for orbital    542a         

 ITERATION  ENERGY          1e-ENERGY        2e-ENERGY     RMS[dD(SAO)]   TOL
   7  -527.13718404335    -1526.3779209     646.33713059    0.570D-04 0.221D-11
                            Exc = -56.1789866591     Coul =  702.516117254    
                              N = 66.000001877    
                            current damping = 0.400
 
          Norm of current diis error: 0.46750E-01
          max. resid. norm for Fia-block=  8.985D-04 for orbital     23a         
          max. resid. fock norm         =  1.932D-03 for orbital      4a         

 ITERATION  ENERGY          1e-ENERGY        2e-ENERGY     RMS[dD(SAO)]   TOL
   8  -527.13723322458    -1526.3882090     646.34736951    0.132D-04 0.215D-11
                            Exc = -56.1794441517     Coul =  702.526813657    
                              N = 66.000001876    
                            current damping = 0.450
 
          Norm of current diis error: 0.97208E-02
          max. resid. norm for Fia-block=  4.748D-04 for orbital     29a         
          max. resid. fock norm         =  8.406D-04 for orbital    267a         

 ITERATION  ENERGY          1e-ENERGY        2e-ENERGY     RMS[dD(SAO)]   TOL
   9  -527.13723809597    -1526.4025121     646.36166767    0.113D-04 0.212D-11
                            Exc = -56.1805985188     Coul =  702.542266188    
                              N = 66.000001876    
                            current damping = 0.300
 
          Norm of current diis error: 0.36899E-02
          max. resid. norm for Fia-block=  1.046D-04 for orbital     29a         
          max. resid. fock norm         =  1.372D-04 for orbital     29a         

 ITERATION  ENERGY          1e-ENERGY        2e-ENERGY     RMS[dD(SAO)]   TOL
  10  -527.13723843280    -1526.4127848     646.37194003    0.240D-05 0.205D-11
                            Exc = -56.1812118810     Coul =  702.553151914    
                              N = 66.000001876    
                            current damping = 0.150
 
          Norm of current diis error: 0.15611E-02
          max. resid. norm for Fia-block=  5.293D-05 for orbital     33a         
          max. resid. fock norm         =  9.139D-05 for orbital    302a         
          mo-orthogonalization: Cholesky decomposition

 ITERATION  ENERGY          1e-ENERGY        2e-ENERGY     RMS[dD(SAO)]   TOL
  11  -527.13723844286    -1526.4053522     646.36450751    0.159D-05 0.203D-11
                            Exc = -56.1808387058     Coul =  702.545346218    
                              N = 66.000001876    
                            current damping = 0.200
 
          Norm of current diis error: 0.13547E-02
          max. resid. norm for Fia-block=  2.915D-05 for orbital     33a         
          max. resid. fock norm         =  5.384D-05 for orbital     17a         

 ITERATION  ENERGY          1e-ENERGY        2e-ENERGY     RMS[dD(SAO)]   TOL
  12  -527.13723849841    -1526.4065693     646.36572449    0.710D-06 0.199D-11
                            Exc = -56.1808471342     Coul =  702.546571622    
                              N = 66.000001876    
                            current damping = 0.250
 
          Norm of current diis error: 0.37608E-03
          max. resid. norm for Fia-block=  1.085D-05 for orbital     32a         
          max. resid. fock norm         =  1.879D-05 for orbital    542a         

 ITERATION  ENERGY          1e-ENERGY        2e-ENERGY     RMS[dD(SAO)]   TOL
  13  -527.13723850221    -1526.4076893     646.36684454    0.303D-06 0.196D-11
                            Exc = -56.1809270195     Coul =  702.547771557    
                              N = 66.000001876    
                            current damping = 0.100
 
          Norm of current diis error: 0.12887E-03
          max. resid. norm for Fia-block=  2.692D-06 for orbital     23a         
          max. resid. fock norm         =  5.799D-06 for orbital    542a         

 ENERGY & DENSITY CONVERGED !


 ITERATION  ENERGY          1e-ENERGY        2e-ENERGY     RMS[dD(SAO)]   TOL
  14  -527.13723850260    -1526.4075948     646.36675001    0.632D-07 0.192D-11
                            Exc = -56.1809205683     Coul =  702.547670575    
                              N = 66.000001876    
                            current damping = 0.150
 
          Norm of current diis error: 0.41414E-04
          max. resid. norm for Fia-block=  1.514D-06 for orbital     29a         
          max. resid. fock norm         =  2.447D-06 for orbital    302a         

 End of SCF iterations

   convergence criteria satisfied after    14 iterations


                  ------------------------------------------ 
                 |  total energy      =   -527.13723850260  |
                  ------------------------------------------ 
                 :  kinetic energy    =    340.96640697845  :
                 :  potential energy  =   -868.10364548105  :
                 :  virial theorem    =      1.64682663655  :
                 :  wavefunction norm =      1.00000000000  :
                  .......................................... 


 <geterg> : there is no data group $energy 


 <skperg> : $end is missing 


 orbitals $scfmo  will be written to file mos

    irrep                 29a         30a         31a         32a         33a   
 eigenvalues H         -0.30581    -0.27108    -0.24510    -0.23516    -0.21547
            eV          -8.3216     -7.3765     -6.6697     -6.3990     -5.8632
 occupation              2.0000      2.0000      2.0000      2.0000      2.0000

    irrep                 34a         35a         36a         37a         38a   
 eigenvalues H         -0.06225    -0.05702    -0.05639     0.01494     0.03503
            eV          -1.6940     -1.5517     -1.5345      0.4065      0.9532
 
 
 
 
 ==============================================================================
                           electrostatic moments
 ==============================================================================

 reference point for electrostatic moments:    0.00000   0.00000   0.00000

 
              nuc           elec       ->  total
 ------------------------------------------------------------------------------
                          charge      
 ------------------------------------------------------------------------------
          66.000000     -66.000000      -0.000000
 
 ------------------------------------------------------------------------------
                       dipole moment  
 ------------------------------------------------------------------------------
   x     -10.982937      11.517463       0.534526
   y      -0.054983       0.055344       0.000361
   z     180.104231    -180.408401      -0.304170
 
   | dipole moment | =     0.6150 a.u. =     1.5632 debye 
 
 ------------------------------------------------------------------------------
                     quadrupole moment
 ------------------------------------------------------------------------------
  xx     703.078878    -746.076454     -42.997576
  yy       0.000332     -48.977789     -48.977458
  zz     847.424461    -891.934084     -44.509623
  xy       0.451344      -0.448402       0.002942
  xz    -320.579578     322.063419       1.483841
  yz      -0.373506       0.373687       0.000181
 
     1/3  trace=     -45.494885
     anisotropy=       5.967310
 
 ==============================================================================
 
HOMO-LUMO Separation
 HOMO         :   -0.21546680 H =     -5.86315 eV
 LUMO         :   -0.06225238 H =     -1.69397 eV
 HOMO-LUMO gap:    0.15321442 H =     +4.16918 eV
 
 ==============================================================================


    ------------------------------------------------------------------------
         total  cpu-time :  2 minutes and 16 seconds
         total wall-time :  2 minutes and 16 seconds
    ------------------------------------------------------------------------

   ****  ridft : all done  ****


    2020-07-20 20:22:01.509 

