           SMPCPUS    set: Shared-memory Parallelization with  20 CPUs.

           SMP Parallelization Reference:
           C. van Wullen, J. Comput. Chem. 32 (2011) 1195--1201
 operating system is UNIX !

 ridft (c-19-412) : TURBOMOLE rev. V7.5.0 compiled 13 Jun 2020 at 23:29:25
 Copyright (C) 2020 TURBOMOLE GmbH, Karlsruhe


    2020-08-04 20:31:13.005 



                                  r i d f t

                        DFT program with RI approximation 
                                for coulomb part 




                                                 
                                 References:     
                                                 
          TURBOMOLE:                             
              R. Ahlrichs, M. Baer, M. Haeser, H. Horn, and
              C. Koelmel
              Electronic structure calculations on workstation
              computers: the program system TURBOMOLE
              Chem. Phys. Lett. 162: 165 (1989)
          Density Functional:                              
              O. Treutler and R. Ahlrichs                      
              Efficient Molecular Numerical Integration Schemes
              J. Chem. Phys. 102: 346 (1995)                   
          Parallel Version:                                
              Performance of parallel TURBOMOLE for Density    
              Functional Calculations                          
              M. v. Arnim and R. Ahlrichs                      
              J. Comp. Chem. 19: 1746 (1998)                   
          RI-J Method:                                     
              Auxiliary Basis Sets to approximate Coulomb      
              Potentials                                       
              Chem. Phys. Lett. 240: 283 (1995)                
              K. Eichkorn, O. Treutler, H. Oehm, M. Haeser     
              and R. Ahlrichs                                  
              Chem. Phys. Lett. 242: 652 (1995)                
                                                           
              Auxiliary Basis Sets for Main Row Atoms and their
              Use to approximate Coulomb Potentials            
              K. Eichkorn, F. Weigend, O. Treutler and         
              R. Ahlrichs                                      
              Theo. Chem. Acc. 97: 119 (1997)                   
                                                           
              Accurate Coulomb-fitting basis sets for H to Rn 
              F. Weigend                                        
              Phys. Chem. Chem. Phys. 8: 1057 (2006)            
                                                           
          Multipole accelerated RI-J (MARI-J):             
              Fast evaluation of the Coulomb potential for     
              electron densities using multipole accelerated   
              resolution of identity approximation             
              M. Sierka, A. Hogekamp and R. Ahlrichs           
              J. Chem. Phys. 118: 9136 (2003)                  
          RI-JK Method:                                     
              A fully direct RI-HF algorithm: Implementation,
              optimised auxiliary basis sets, demonstration of
              accuracy and efficiency                         
              F. Weigend                                      
              Phys. Chem. Chem. Phys. 4: 4285 (2002)           
          Two-component HF and DFT with spin-orbit coupling:  
              Self-consistent treatment of spin-orbit         
              interactions with efficient Hartree-Fock and    
              density functional methods                      
              M. K. Armbruster, F. Weigend, C. van Wüllen and 
              W. Klopper                                      
              Phys. Chem. Chem. Phys. 10: 1748 (2008)         
          Two-component difference density and DIIS algorithm 
              Efficient two-component self-consistent field   
              procedures and gradients: implementation in     
              TURBOMOLE and application to Au20-              
              A. Baldes, F. Weigend                           
              Mol. Phys. 111: 2617 (2013)                     
          Relativistic all-electron 2c calculations           
              An efficient implementation of two-component    
              relativistic exact-decoupling methods for large 
              molecules                                       
              D. Peng, N. Middendorf, F. Weigend, M. Reiher   
              J. Chem. Phys. 138: 184105 (2013)               
          Finite nucleus model and SNSO approximation         
              Efficient implementation of one- and two-       
              component analytical energy gradients in exact  
              two-component theory                            
              Y. J. Franzke, N. Middendorf, F. Weigend        
              J. Chem. Phys. 148: 104110 (2018)               
          Grids for all-electron relativistic methods         
              Error-consistent segmented contracted all-      
              electron relativistic basis sets of double-     
              and triple-zeta quality for NMR shielding       
              constants                                       
              Y. J. Franzke, R. Tress, T. M. Pazdera,         
              F. Weigend                                      
              Phys. Chem. Chem. Phys. 21: 166658 (2019)       
          Seminumerical exchange algorithms                   
              Seminumerical calculation of the Hartree-Fock   
              exchange matirx: Application to two-component   
              procedures and efficient evaluation of local    
              hybrid functionsl                               
              P. Plessow, F. Weigend,                         
              J. Comput. Chem. 33: 810 (2012)                 
          Improved seminumerical algorithms                   
              C. Holzer, in preparation (2020)                
                                         




              +--------------------------------------------------+
              |      general information about current run       |
              +--------------------------------------------------+

 

 DENSITY CONVERGENCE CHECK SWITCHED ON !
 SCF CONVERGENCE IF RMS(delta[D]) <     0.1000000000E-06

 PBE functional
 exchange:    LDA + PBE
 correlation: LDA (PW) + PBE
 A DFT calculation using the RI-J approximation will be carried out.
 Allocatable memory for RI due to $ricore (MB):                  5000


              +--------------------------------------------------+
              | Atomic coordinate, charge and isotop information |
              +--------------------------------------------------+

                    atomic coordinates            atom    charge  isotop
          2.30002309    0.00016318   -1.39328096    c      6.000     0
          4.21916859    0.00033017    0.40912567    c      6.000     0
          3.63811981    0.00024587    2.97726249    c      6.000     0
          1.11968566    0.00033662    3.74535757    c      6.000     0
         -0.81834438    0.00013275    1.96298476    c      6.000     0
          2.73689415   -0.00003840   -3.38787335    h      1.000     0
          6.16926311    0.00019357   -0.20229949    h      1.000     0
          5.13456349   -0.00004375    4.36760885    h      1.000     0
          0.65329249    0.00020694    5.73519283    h      1.000     0
         -2.77506558   -0.00017614    2.54654764    h      1.000     0
         -0.20991404   -0.00020548   -0.59868573    c      6.000     0
         -2.82278970   -0.00330279   -3.03577474    br    35.000     0
         -7.15268448    0.00163836   -6.88166368    o      0.000     0
         -9.33998018    0.05758514   -6.16528105    c      0.000     0
         -9.95560360    0.05813399   -3.37289725    c      0.000     0
        -11.47973437    0.12768955   -8.06176469    c      0.000     0
        -11.24278524    1.78411921   -9.25839574    h      0.000     0
        -11.33458508   -1.52557835   -9.27728120    h      0.000     0
        -13.33447665    0.17409755   -7.18759592    h      0.000     0
        -11.97023143    0.11126762   -2.99154225    h      0.000     0
         -9.13548958   -1.62319215   -2.51638407    h      0.000     0
         -9.04447758    1.68163297   -2.49703688    h      0.000     0
 
       center of nuclear mass  :   -2.98065121    0.01536635   -2.34144799
       center of nuclear charge:   -0.33402973   -0.00143996   -0.71810996

              +--------------------------------------------------+
              |               basis set information              |
              +--------------------------------------------------+

              we will work with the 1s 3p 5d 7f 9g ... basis set
              ...i.e. with spherical basis functions...

   type   atoms  prim   cont   basis
   ---------------------------------------------------------------------------
    c        9     50     30   cc-pVTZ   [4s3p2d1f|18s5p2d1f]
    h       11     16     14   cc-pVTZ   [3s2p1d|5s2p1d]
    br       1    129     39   cc-pVTZ-PP   [5s4p3d1f|17s20p9d1f]
    o        1     50     30   cc-pVTZ   [4s3p2d1f|18s5p2d1f]
   ---------------------------------------------------------------------------
   total:   22    805    493
   ---------------------------------------------------------------------------

   total number of primitive shells          :  107
   total number of contracted shells         :  179
   total number of cartesian basis functions :  560
   total number of SCF-basis functions       :  493

 number of unique ecp types :                     1

 integral neglect threshold       :  0.60E-11
 integral storage threshold THIZE :  0.10E-04
 integral storage threshold THIME :         5

 RI-J AUXILIARY BASIS SET information:

              we will work with the 1s 3p 5d 7f 9g ... basis set
              ...i.e. with spherical basis functions...

   type   atoms  prim   cont   basis
   ---------------------------------------------------------------------------
    c        9     70     49   cc-pVTZ   [6s4p3d1f1g|12s5p4d2f1g]
    h       11     16     11   cc-pVTZ   [3s1p1d|5s2p1d]
    br       1     89     58   universal   [8s4p3d2f1g|19s5p5d3f1g]
    o        1     70     49   cc-pVTZ   [6s4p3d1f1g|12s5p4d2f1g]
   ---------------------------------------------------------------------------
   total:   22    965    669
   ---------------------------------------------------------------------------

   total number of primitive shells          :   89
   total number of contracted shells         :  223
   total number of cartesian basis functions :  815
   total number of SCF-basis functions       :  669


 symmetry group of the molecule :   c1 

 the group has the following generators :
   c1(z)

    1 symmetry operations found

 there are 1 real representations :   a   

 maximum number of shells which are related by symmetry :  1

  
           ------------------
           density functional
           ------------------
 Dummy atoms with grid-point found.
 DFT quadrature threshold dgrenze tightened by factor 1/10.

 PBE functional
 exchange:    LDA + PBE
 correlation: LDA (PW) + PBE
 Dummy atoms with grid-point found.
 DFT quadrature threshold dgrenze tightened by factor 1/10.

 Dummy atoms with grid-point found.
 DFT quadrature threshold dgrenze tightened by factor 1/10.


 spherical integration : Lebedev's spherical grid
 spherical gridsize    :                     5
    i.e. gridpoints    :                   590
 value for diffuse not defined
 radial integration    : Chebyshev 2nd kind (scaling 3)
 radial gridsize       :                     8
 integration cells     :                    22
 partition function    : becke
 partition sharpness   :                     3
  
 found dummy atom(s) with basis: included in dft

 biggest AO integral is expected to be     4.866064444

          ------------------------
          nuclear repulsion energy  :   363.924904843    
          ------------------------


         -----------------
         -S,T+V- integrals
         -----------------

 1e-integrals will be neglected if expon. factor < 0.596779E-12


          ----------------
          -ecp-  integrals
          ----------------
 
   Difference densities algorithm switched on.
   The maximal number of linear combinations of
   difference densities is                    20 .

 DIIS switched on: error vector is FDS-SDF
 Max. Iterations for DIIS is     :   4
 DIIS matrix (see manual) 
    Scaling factor of diagonals  :  1.200
    threshold for scaling factor :  0.000

 scf convergence criterion : increment of total energy < .1000000D-06
                  and increment of one-electron energy < .1000000D-03

 MOs are in ASCII format !


    mo occupation :
   irrep   mo's   occupied
    a      493       33
 
 number of basis functions   :   493
 number of occupied orbitals :    33
 

 reading orbital data $scfmo  from file mos
 orbital characterization : expanded
 virtual MOs provided and orthogonalized by Cholesky decomposition

 automatic virtual orbital shift switched on 
      shift if e(lumo)-e(homo) < 0.10000000    

  
           ------------------------
               RI-J - INFORMATION
           ------------------------
 Contributions to RI integral batches: 
  neglected integral batches:                  5606
  direct contribution:                            0
  memory contribution:                 10504
 Memory core needed for (P|Q) and Cholesky      4 MByte
 Memory core minimum needed except of (P|Q)     1 MByte
 Total minimum memory core needed (sum)         5 MByte
  
 ****************************************
 Memory allocated for RI-J   614 MByte
 ****************************************
                                            

 DSCF restart information will be dumped onto file mos


 Starting SCF iterations

          Overall gridpoints after grid construction =        352315

 ITERATION  ENERGY          1e-ENERGY        2e-ENERGY     RMS[dD(SAO)]   TOL
   1  -643.64690546372    -1740.4153924     732.84358205    0.000D+00 0.595D-11
                            Exc = -64.7385375334     Coul =  797.582119588    
                              N = 66.000002806    
                            current damping = 0.300
 
          max. resid. norm for Fia-block=  7.400D-01 for orbital     33a         
          max. resid. fock norm         =  1.903D+01 for orbital    438a         

 ITERATION  ENERGY          1e-ENERGY        2e-ENERGY     RMS[dD(SAO)]   TOL
   2  -626.46159482525    -1789.0501693     798.66366966    0.158D-01 0.389D-11
                            Exc = -66.1135300287     Coul =  864.777199685    
                              N = 65.999998599    
                            current damping = 0.300
 
          Norm of current diis error:  17.039    
          max. resid. norm for Fia-block=  1.344D-01 for orbital     32a         
          max. resid. fock norm         =  2.872D-01 for orbital    124a         
          irrep a   : virtual orbitals shifted by    0.11036

 ITERATION  ENERGY          1e-ENERGY        2e-ENERGY     RMS[dD(SAO)]   TOL
   3  -623.59143385374    -1786.6316407     799.11530197    0.189D-01 0.321D-11
                            Exc = -65.8971546170     Coul =  865.012456585    
                              N = 65.999997071    
                            current damping = 0.350
 
          Norm of current diis error:  18.604    
          max. resid. norm for Fia-block=  5.029D-02 for orbital     32a         
          max. resid. fock norm         =  9.796D-02 for orbital    124a         
          irrep a   : virtual orbitals shifted by    0.11397

 ITERATION  ENERGY          1e-ENERGY        2e-ENERGY     RMS[dD(SAO)]   TOL
   4  -626.42528692873    -1783.3304183     792.98022658    0.293D-01 0.288D-11
                            Exc = -65.7197626217     Coul =  858.699989199    
                              N = 65.999994660    
                            current damping = 0.400
 
          Norm of current diis error:  17.071    
          max. resid. norm for Fia-block=  2.665D-02 for orbital     30a         
          max. resid. fock norm         =  4.555D-02 for orbital    169a         
          irrep a   : virtual orbitals shifted by    0.13924

 ITERATION  ENERGY          1e-ENERGY        2e-ENERGY     RMS[dD(SAO)]   TOL
   5  -638.41679662722    -1772.9353747     770.59367324    0.205D-01 0.269D-11
                            Exc = -65.5250610456     Coul =  836.118734285    
                              N = 65.999992495    
                            current damping = 0.300
 
          Norm of current diis error:  11.616    
          max. resid. norm for Fia-block=  1.118D+00 for orbital     29a         
          max. resid. fock norm         =  1.345D+00 for orbital    175a         
          irrep a   : virtual orbitals shifted by    1.70139
          mo-orthogonalization: Cholesky decomposition

 ITERATION  ENERGY          1e-ENERGY        2e-ENERGY     RMS[dD(SAO)]   TOL
   6  -637.29285653246    -1731.2356781     730.01791677    0.594D-01 0.233D-11
                            Exc = -65.5850029572     Coul =  795.602919724    
                              N = 65.999982542    
                            current damping = 0.350
 
          Norm of current diis error:  10.769    
          max. resid. norm for Fia-block=  2.865D-01 for orbital     27a         
          max. resid. fock norm         =  6.364D-01 for orbital    260a         
          irrep a   : virtual orbitals shifted by    0.90355

 ITERATION  ENERGY          1e-ENERGY        2e-ENERGY     RMS[dD(SAO)]   TOL
   7  -641.94256256325    -1748.7873389     742.91987154    0.585D-01 0.350D-11
                            Exc = -65.5210466183     Coul =  808.440918157    
                              N = 65.999994846    
                            current damping = 0.400
 
          Norm of current diis error:  8.4071    
          max. resid. norm for Fia-block=  4.228D-01 for orbital     33a         
          max. resid. fock norm         =  5.042D-01 for orbital    211a         
          irrep a   : virtual orbitals shifted by    0.59618

 ITERATION  ENERGY          1e-ENERGY        2e-ENERGY     RMS[dD(SAO)]   TOL
   8  -647.19759089795    -1765.7048527     754.58235698    0.186D-01 0.333D-11
                            Exc = -65.3937383961     Coul =  819.976095376    
                              N = 65.999994919    
                            current damping = 0.300
 
          Norm of current diis error:  2.4173    
          max. resid. norm for Fia-block=  1.357D-01 for orbital     27a         
          max. resid. fock norm         =  1.849D-01 for orbital     33a         
          irrep a   : virtual orbitals shifted by    0.22524

 ITERATION  ENERGY          1e-ENERGY        2e-ENERGY     RMS[dD(SAO)]   TOL
   9  -648.16967380927    -1764.0412292     751.94665051    0.237D-01 0.380D-11
                            Exc = -65.2233057964     Coul =  817.169956306    
                              N = 65.999999747    
                            current damping = 0.350
 
          Norm of current diis error:  1.0905    
          max. resid. norm for Fia-block=  6.973D-02 for orbital     33a         
          max. resid. fock norm         =  8.006D-02 for orbital    484a         

 ITERATION  ENERGY          1e-ENERGY        2e-ENERGY     RMS[dD(SAO)]   TOL
  10  -648.24481701893    -1764.0214583     751.85173646    0.653D-02 0.348D-11
                            Exc = -65.2146986170     Coul =  817.066435081    
                              N = 66.000000448    
                            current damping = 0.200
 
          Norm of current diis error: 0.74557    
          max. resid. norm for Fia-block=  2.734D-02 for orbital     26a         
          max. resid. fock norm         =  4.512D-02 for orbital    482a         
          mo-orthogonalization: Cholesky decomposition

 ITERATION  ENERGY          1e-ENERGY        2e-ENERGY     RMS[dD(SAO)]   TOL
  11  -648.25952204236    -1762.8307736     750.64634670    0.126D-02 0.305D-11
                            Exc = -65.2085538921     Coul =  815.854900588    
                              N = 66.000000400    
                            current damping = 0.100
 
          Norm of current diis error: 0.57311    
          max. resid. norm for Fia-block=  2.234D-02 for orbital     33a         
          max. resid. fock norm         =  4.477D-02 for orbital     17a         

 ITERATION  ENERGY          1e-ENERGY        2e-ENERGY     RMS[dD(SAO)]   TOL
  12  -648.26931800470    -1764.4431181     752.24889529    0.892D-03 0.292D-11
                            Exc = -65.2343642099     Coul =  817.483259499    
                              N = 66.000000607    
                            current damping = 0.150
 
          Norm of current diis error: 0.33464    
          max. resid. norm for Fia-block=  9.905D-03 for orbital     32a         
          max. resid. fock norm         =  1.981D-02 for orbital     17a         

 ITERATION  ENERGY          1e-ENERGY        2e-ENERGY     RMS[dD(SAO)]   TOL
  13  -648.27506137015    -1764.2372166     752.03725042    0.355D-03 0.283D-11
                            Exc = -65.2415399181     Coul =  817.278790334    
                              N = 66.000000507    
                            current damping = 0.200
 
          Norm of current diis error: 0.10180    
          max. resid. norm for Fia-block=  3.762D-03 for orbital     32a         
          max. resid. fock norm         =  4.636D-03 for orbital    485a         

 ITERATION  ENERGY          1e-ENERGY        2e-ENERGY     RMS[dD(SAO)]   TOL
  14  -648.27543664508    -1763.9158726     751.71553115    0.130D-03 0.279D-11
                            Exc = -65.2247515905     Coul =  816.940282736    
                              N = 66.000000497    
                            current damping = 0.100
 
          Norm of current diis error: 0.40728E-01
          max. resid. norm for Fia-block=  1.235D-03 for orbital     33a         
          max. resid. fock norm         =  1.723D-03 for orbital    485a         

 ITERATION  ENERGY          1e-ENERGY        2e-ENERGY     RMS[dD(SAO)]   TOL
  15  -648.27551270441    -1763.9808538     751.78043621    0.430D-04 0.271D-11
                            Exc = -65.2278109585     Coul =  817.008247172    
                              N = 66.000000501    
                            current damping = 0.150
 
          Norm of current diis error: 0.14104E-01
          max. resid. norm for Fia-block=  4.698D-04 for orbital     32a         
          max. resid. fock norm         =  6.892D-04 for orbital     29a         
          mo-orthogonalization: Cholesky decomposition

 ITERATION  ENERGY          1e-ENERGY        2e-ENERGY     RMS[dD(SAO)]   TOL
  16  -648.27551799260    -1764.0401232     751.83970038    0.165D-04 0.270D-11
                            Exc = -65.2307419722     Coul =  817.070442357    
                              N = 66.000000504    
                            current damping = 0.100
 
          Norm of current diis error: 0.80595E-02
          max. resid. norm for Fia-block=  2.704D-04 for orbital     33a         
          max. resid. fock norm         =  4.133D-04 for orbital    482a         

 ITERATION  ENERGY          1e-ENERGY        2e-ENERGY     RMS[dD(SAO)]   TOL
  17  -648.27552006096    -1764.0087371     751.80831223    0.945D-05 0.267D-11
                            Exc = -65.2294253408     Coul =  817.037737573    
                              N = 66.000000503    
                            current damping = 0.150
 
          Norm of current diis error: 0.50173E-02
          max. resid. norm for Fia-block=  1.235D-04 for orbital     26a         
          max. resid. fock norm         =  2.328D-04 for orbital    482a         

 ITERATION  ENERGY          1e-ENERGY        2e-ENERGY     RMS[dD(SAO)]   TOL
  18  -648.27552108693    -1764.0061608     751.80573488    0.354D-05 0.265D-11
                            Exc = -65.2290508013     Coul =  817.034785681    
                              N = 66.000000502    
                            current damping = 0.100
 
          Norm of current diis error: 0.91465E-03
          max. resid. norm for Fia-block=  6.118D-05 for orbital     31a         
          max. resid. fock norm         =  9.337D-05 for orbital     17a         

 ITERATION  ENERGY          1e-ENERGY        2e-ENERGY     RMS[dD(SAO)]   TOL
  19  -648.27552111555    -1764.0117836     751.81135761    0.240D-05 0.263D-11
                            Exc = -65.2293891110     Coul =  817.040746717    
                              N = 66.000000503    
                            current damping = 0.150
 
          Norm of current diis error: 0.68520E-03
          max. resid. norm for Fia-block=  2.528D-05 for orbital     33a         
          max. resid. fock norm         =  4.471D-05 for orbital     17a         

 ITERATION  ENERGY          1e-ENERGY        2e-ENERGY     RMS[dD(SAO)]   TOL
  20  -648.27552114599    -1764.0108290     751.81040302    0.910D-06 0.262D-11
                            Exc = -65.2293567146     Coul =  817.039759732    
                              N = 66.000000503    
                            current damping = 0.200
 
          Norm of current diis error: 0.23719E-03
          max. resid. norm for Fia-block=  7.524D-06 for orbital     30a         
          max. resid. fock norm         =  1.388D-05 for orbital    485a         
          mo-orthogonalization: Cholesky decomposition

 ITERATION  ENERGY          1e-ENERGY        2e-ENERGY     RMS[dD(SAO)]   TOL
  21  -648.27552114781    -1764.0099881     751.80956211    0.267D-06 0.261D-11
                            Exc = -65.2292978901     Coul =  817.038860004    
                              N = 66.000000503    
                            current damping = 0.100
 
          Norm of current diis error: 0.10756E-03
          max. resid. norm for Fia-block=  4.141D-06 for orbital     32a         
          max. resid. fock norm         =  6.244D-06 for orbital    486a         

 ENERGY & DENSITY CONVERGED !


 ITERATION  ENERGY          1e-ENERGY        2e-ENERGY     RMS[dD(SAO)]   TOL
  22  -648.27552114813    -1764.0099270     751.80950100    0.123D-06 0.595D-11
                            Exc = -65.2292942110     Coul =  817.038795213    
                              N = 66.000000503    
                            current damping = 0.100
 
          Norm of current diis error: 0.70897E-04
          max. resid. norm for Fia-block=  1.986D-06 for orbital     32a         
          max. resid. fock norm         =  3.040D-06 for orbital      5a         

 End of SCF iterations

   convergence criteria satisfied after    22 iterations


                  ------------------------------------------ 
                 |  total energy      =   -648.27552114813  |
                  ------------------------------------------ 
                 :  kinetic energy    =    524.55047535387  :
                 :  potential energy  =  -1172.82599650200  :
                 :  virial theorem    =      1.80914743538  :
                 :  wavefunction norm =      1.00000000000  :
                  .......................................... 


 orbitals $scfmo  will be written to file mos

    irrep                 29a         30a         31a         32a         33a   
 eigenvalues H         -0.31675    -0.28517    -0.25454    -0.24383    -0.22054
            eV          -8.6193     -7.7598     -6.9264     -6.6351     -6.0012
 occupation              2.0000      2.0000      2.0000      2.0000      2.0000

    irrep                 34a         35a         36a         37a         38a   
 eigenvalues H         -0.05391    -0.05269    -0.03456     0.02517     0.04357
            eV          -1.4670     -1.4338     -0.9403      0.6850      1.1857
 
 
 
 
 ==============================================================================
                           electrostatic moments
 ==============================================================================

 reference point for electrostatic moments:    0.00000   0.00000   0.00000

 
              nuc           elec       ->  total
 ------------------------------------------------------------------------------
                          charge      
 ------------------------------------------------------------------------------
          66.000000     -66.000000      -0.000000
 
 ------------------------------------------------------------------------------
                       dipole moment  
 ------------------------------------------------------------------------------
   x       2.841638      -2.377879       0.463759
   y      -0.076409       0.076201      -0.000208
   z     -24.218609      24.636337       0.417728
 
   | dipole moment | =     0.6242 a.u. =     1.5864 debye 
 
 ------------------------------------------------------------------------------
                     quadrupole moment
 ------------------------------------------------------------------------------
  xx     509.014579    -545.402488     -36.387908
  yy       0.000275     -41.958490     -41.958215
  zz     475.643034    -512.158887     -36.515853
  xy       0.252411      -0.251054       0.001357
  xz     295.216004    -295.853884      -0.637880
  yz       0.265006      -0.264442       0.000564
 
     1/3  trace=     -38.287325
     anisotropy=       5.617177
 
 ==============================================================================
 
HOMO-LUMO Separation
 HOMO         :   -0.22053862 H =     -6.00116 eV
 LUMO         :   -0.05391108 H =     -1.46700 eV
 HOMO-LUMO gap:    0.16662754 H =     +4.53417 eV
 
 ==============================================================================


    ------------------------------------------------------------------------
         total  cpu-time :  8 minutes and 49 seconds
         total wall-time :  38.58 seconds
    ------------------------------------------------------------------------

   ****  ridft : all done  ****


    2020-08-04 20:31:51.565 

