
   OpenMP run-time library returned nthreads = 10

 rirpa (c-14-10) : TURBOMOLE rev. V7.5.0 compiled 17 Jun 2020 at 09:15:30
 Copyright (C) 2020 TURBOMOLE GmbH, Karlsruhe


    2020-08-03 21:29:48.952 

 
 
    *************************************************************************
    *************************** PROGRAM RIRPA *******************************
    ******                                                             ******
    ******              H. Eshuis, J. E. Bates and F. Furche           ******
    ******                                                             ******
    ****** Nov 2011                                                    ******
    ****** Copyright TURBOMOLE GmbH                                    ******
    *************************************************************************
    
    
                                References:                                  
    
                   RIRPA:                                                    
                     H. Eshuis, J. Yarkony, and F. Furche                    
                     Fast Computation of Molecular Random Phase              
                     Approximation Correlation Energies Using Resolution     
                     of the Identity and Imaginary Frequency Integration     
                     J. Chem. Phys. 132: 234114 (2010)                       
    
                     H. Eshuis, J. E. Bates, and F. Furche                   
                     Electron Correlation Methods Based on                   
                     the Random Phase Approximation                          
                     Theor. Chem. Acc.  131: 1084 (2012)                     
    
                     G. P. Chen, V. K. Voora, M. M. Agee,                    
                     S. G. Balasubramani, and F. Furche                      
                     Random-Phase Approximation Methods                      
                     Annu. Rev. Phys. Chem. 68: 421 (2017)                   
    
                   TWO-COMPONENT RIRPA:                                      
                     M. Kuehn                                                
                     Correlation Energies from the                           
                     Two-Component Random-Phase Approximation                
                     J. Chem. Theory Comput. 10: 623 (2014)                  
    
                   RIRPA GRADIENTS:                                          
                     A. M. Burow, J. E. Bates, F. Furche*, and H. Eshuis     
                     Analytical First-Order Molecular Properties and Forces  
                     within the Adiabatic Connection Random Phase            
                     Approximation                                           
                     J. Chem. Theory Comput. 10: 180 (2014)                  
    
                   RI-AXK/RI-ACSOSEX/RI-ACSOX:                               
                     G. P. Chen, M. M. Agee, and F. Furche                   
                     Performance and Scope of Perturbative Corrections to    
                     Random-Phase Approximation Energies                     
                     J. Chem. Theory Comput. 14: 5701 (2018)                 
    
                   GKS-RPA:                                                  
                     V. K. Voora, S. G. Balasubramani, and F. Furche         
                     Variational Generalized Kohn-Sham Approach Combining    
                     the Random-Phase-Approximation and Green’s-Function     
                     Methods                                                 
                     Phys. Rev. A 99: 012518 (2019)                          
    
    
    
      ... OpenMP parallelization enabled, threads:   10

   *-----------------------------------------------------------------------*
   |                     program will use 10 thread(s)                     |
   *-----------------------------------------------------------------------*

 MAXIMUM CORE MEMORY WHICH CAN BE ALLOCATED DYNAMICALLY = 50000 MiB
              ( or 6553600000 double words per process)

 
                FOUND RI-J FLAG
 
  HF exact exchange energy will be computed using RI-J.


              +--------------------------------------------------+
              | Atomic coordinate, charge and isotop information |
              +--------------------------------------------------+

                    atomic coordinates            atom    charge  isotop
          0.71381366   -0.00000091    0.01215199    cl    17.000     0
          0.09336999   -0.00000356    2.37277133    h      1.000     0
         -0.41984235    0.00001343    5.82511825    o      8.000     0
         -1.95470332   -0.00001013    6.79118023    h      1.000     0
          1.66789091    0.00000211    7.52351189    c      6.000     0
          3.36227822   -0.00000076    6.36857718    h      1.000     0
          1.68368815    1.67993146    8.71335779    h      1.000     0
          1.68367994   -1.67993167    8.71335162    h      1.000     0
 
       center of nuclear mass  :    0.63544308    0.00000282    3.17089626
       center of nuclear charge:    0.65699311    0.00000250    3.46966220
              +-------------------------------------------------+
              |        Rotational Constants Section             |
              +-------------------------------------------------+
                                   Center of Mass [a.u]:
               0.63544307818280         0.00000281843648         3.17089625576170
                     Principal Moments of Inertia [a.u.]
              53.10389201874011       785.97533289968976       827.70057386157714
                       Rotational constants A,B,C [a.u.]
               0.00941550573776         0.00063615227994         0.00060408318635
                     Rotational constants A,B,C [cm**-1]
               1.13362098723776         0.07659233563267         0.07273123687180
                        Rotational constants A,B,C [MHz]
           33985.10222043941758      2296.18045632787062      2180.42762751772716

   * BASIS SET information:

              +--------------------------------------------------+
              |               basis set information              |
              +--------------------------------------------------+

              we will work with the 1s 3p 5d 7f 9g ... basis set
              ...i.e. with spherical basis functions...

   type   atoms  prim   cont   basis
   ---------------------------------------------------------------------------
    cl       1    187    100   cc-pV(5+d)Z   [7s6p5d3f2g1h|52s20p5d3f2g1h]
    h        5     58     55   cc-pV5Z   [5s4p3d2f1g|8s4p3d2f1g]
    o        1    118     91   cc-pV5Z   [6s5p4d3f2g1h|24s8p4d3f2g1h]
    c        1    118     91   cc-pV5Z   [6s5p4d3f2g1h|24s8p4d3f2g1h]
   ---------------------------------------------------------------------------
   total:    8    713    557
   ---------------------------------------------------------------------------

   total number of primitive shells          :  185
   total number of contracted shells         :  141
   total number of cartesian basis functions :  738
   total number of SCF-basis functions       :  557


   * AUXILIARY BASIS SET information:

              +--------------------------------------------------+
              |               basis set information              |
              +--------------------------------------------------+

              we will work with the 1s 3p 5d 7f 9g ... basis set
              ...i.e. with spherical basis functions...

   type   atoms  prim   cont   basis
   ---------------------------------------------------------------------------
    cl       1    230    230   cc-pV(5+d)Z   [12s11p9d7f5g3h1i|12s11p9d7f5g3h1i]
    h        5     91     91   cc-pV5Z   [6s5p4d3f2g1h|6s5p4d3f2g1h]
    o        1    193    193   cc-pV5Z   [10s8p7d6f4g3h1i|10s8p7d6f4g3h1i]
    c        1    193    193   cc-pV5Z   [10s8p7d6f4g3h1i|10s8p7d6f4g3h1i]
   ---------------------------------------------------------------------------
   total:    8   1071   1071
   ---------------------------------------------------------------------------

   total number of primitive shells          :  147
   total number of contracted shells         :  231
   total number of cartesian basis functions : 1539
   total number of SCF-basis functions       : 1071


   * RIJ AUXILIARY BASIS SET information:

              +--------------------------------------------------+
              |               basis set information              |
              +--------------------------------------------------+

              we will work with the 1s 3p 5d 7f 9g ... basis set
              ...i.e. with spherical basis functions...

   type   atoms  prim   cont   basis
   ---------------------------------------------------------------------------
    cl       1     77     51   universal   [8s4p3d1f1g|14s5p5d2f1g]
    h        5     16     11   cc-pV5Z   [3s1p1d|5s2p1d]
    o        1     70     49   cc-pV5Z   [6s4p3d1f1g|12s5p4d2f1g]
    c        1     70     49   cc-pV5Z   [6s4p3d1f1g|12s5p4d2f1g]
   ---------------------------------------------------------------------------
   total:    8    297    204
   ---------------------------------------------------------------------------

   total number of primitive shells          :   83
   total number of contracted shells         :   72
   total number of cartesian basis functions :  245
   total number of SCF-basis functions       :  204


 reading orbital data $scfmo  from file mos
 orbital characterization : scfconv=7

 integral neglect threshold       :  0.27E+02

 scfconv                     7

 there are 1 real representations :   a   

 maximum number of shells which are related by symmetry :  1

 time elapsed for calculating density matrices :   0.206 sec

     total memory allocated for calculation of (Q|P)**(-1/2) : 14 MiB


     calculation of (P|Q) ...
     time in lp2sym        cpu:  0.29 sec    wall:  0.03 sec    ratio: 10.0


     calculation of the Cholesky decomposition of (P|Q)**(-1) ...
     time in invmetri      cpu:  0.68 sec    wall:  0.07 sec    ratio:  9.6

   threshold for RMS(d[D]) in SCF was     :  0.10E-06
   integral neglect threshold             :  0.22E-11
   derivative integral neglect threshold  :  0.10E-06


 setting up bound for integral derivative estimation

 increment for numerical differentiation : 0.00050000
 
 Occupied orbital block size for RIRPA:                    11
 
 Number of passes for spin                     1 is                     1
 
 Number of eigenvalues < 6e-3:                      0
 
 
            -----------------------------
            Complex frequency integration
            -----------------------------
 
 Number of Clenshaw-Curtis nodes:                    100
 Optimized scaling parameter    :    3.89325100800642     
 Sensitivity measure            :  -5.743554937209794E-012
 
 Done with rirpa frequency point #                     1
 Done with rirpa frequency point #                     2
 Done with rirpa frequency point #                     3
 Done with rirpa frequency point #                     4
 Done with rirpa frequency point #                     5
 Done with rirpa frequency point #                     6
 Done with rirpa frequency point #                     7
 Done with rirpa frequency point #                     8
 Done with rirpa frequency point #                     9
 Done with rirpa frequency point #                    10
 Done with rirpa frequency point #                    11
 Done with rirpa frequency point #                    12
 Done with rirpa frequency point #                    13
 Done with rirpa frequency point #                    14
 Done with rirpa frequency point #                    15
 Done with rirpa frequency point #                    16
 Done with rirpa frequency point #                    17
 Done with rirpa frequency point #                    18
 Done with rirpa frequency point #                    19
 Done with rirpa frequency point #                    20
 Done with rirpa frequency point #                    21
 Done with rirpa frequency point #                    22
 Done with rirpa frequency point #                    23
 Done with rirpa frequency point #                    24
 Done with rirpa frequency point #                    25
 Done with rirpa frequency point #                    26
 Done with rirpa frequency point #                    27
 Done with rirpa frequency point #                    28
 Done with rirpa frequency point #                    29
 Done with rirpa frequency point #                    30
 Done with rirpa frequency point #                    31
 Done with rirpa frequency point #                    32
 Done with rirpa frequency point #                    33
 Done with rirpa frequency point #                    34
 Done with rirpa frequency point #                    35
 Done with rirpa frequency point #                    36
 Done with rirpa frequency point #                    37
 Done with rirpa frequency point #                    38
 Done with rirpa frequency point #                    39
 Done with rirpa frequency point #                    40
 Done with rirpa frequency point #                    41
 Done with rirpa frequency point #                    42
 Done with rirpa frequency point #                    43
 Done with rirpa frequency point #                    44
 Done with rirpa frequency point #                    45
 Done with rirpa frequency point #                    46
 Done with rirpa frequency point #                    47
 Done with rirpa frequency point #                    48
 Done with rirpa frequency point #                    49
 Done with rirpa frequency point #                    50
 Done with rirpa frequency point #                    51
 Done with rirpa frequency point #                    52
 Done with rirpa frequency point #                    53
 Done with rirpa frequency point #                    54
 Done with rirpa frequency point #                    55
 Done with rirpa frequency point #                    56
 Done with rirpa frequency point #                    57
 Done with rirpa frequency point #                    58
 Done with rirpa frequency point #                    59
 Done with rirpa frequency point #                    60
 Done with rirpa frequency point #                    61
 Done with rirpa frequency point #                    62
 Done with rirpa frequency point #                    63
 Done with rirpa frequency point #                    64
 Done with rirpa frequency point #                    65
 Done with rirpa frequency point #                    66
 Done with rirpa frequency point #                    67
 Done with rirpa frequency point #                    68
 Done with rirpa frequency point #                    69
 Done with rirpa frequency point #                    70
 Done with rirpa frequency point #                    71
 Done with rirpa frequency point #                    72
 Done with rirpa frequency point #                    73
 Done with rirpa frequency point #                    74
 Done with rirpa frequency point #                    75
 Done with rirpa frequency point #                    76
 Done with rirpa frequency point #                    77
 Done with rirpa frequency point #                    78
 Done with rirpa frequency point #                    79
 Done with rirpa frequency point #                    80
 Done with rirpa frequency point #                    81
 Done with rirpa frequency point #                    82
 Done with rirpa frequency point #                    83
 Done with rirpa frequency point #                    84
 Done with rirpa frequency point #                    85
 Done with rirpa frequency point #                    86
 Done with rirpa frequency point #                    87
 Done with rirpa frequency point #                    88
 Done with rirpa frequency point #                    89
 Done with rirpa frequency point #                    90
 Done with rirpa frequency point #                    91
 Done with rirpa frequency point #                    92
 Done with rirpa frequency point #                    93
 Done with rirpa frequency point #                    94
 Done with rirpa frequency point #                    95
 Done with rirpa frequency point #                    96
 Done with rirpa frequency point #                    97
 Done with rirpa frequency point #                    98
 Done with rirpa frequency point #                    99
 Done with rirpa frequency point #                   100
 


 RI-RPA correlation energy: -0.1177694486230730E+01
 Allocatable memory for RI due to $ricore (MB):                  5000

 there are 1 real representations :   a   

 maximum number of shells which are related by symmetry :  1

  
           ------------------------
               RI-J - INFORMATION
           ------------------------
 Contributions to RI integral batches: 
  neglected integral batches:                   974
  direct contribution:                            0
  memory contribution:                  9037

          ------------------------
          nuclear repulsion energy  :   96.4222561684    
          ------------------------


         -----------------
         -S,T+V- integrals
         -----------------

 1e-integrals will be neglected if expon. factor < 0.216591E-11

                  --------------------------------------------------- 
                 |  HXX+RIRPA total energy     =   -576.36252077565  |
                  ---------------------------------------------------- 
                 :  RIRPA correlation energy   =     -1.17769448623  :
                 :  HXX total energy           =   -575.18482628942  :
                 :  Hartree energy             =    356.24190147500  :
                 :  Exact Exchange energy      =    -42.66847093014  :
                  .................................................... 


    ------------------------------------------------------------------------
    Rirpa profiling                cpu                    wall         ratio
    ------------------------------------------------------------------------
    module                         sec     %               sec     %
    ------------------------------------------------------------------------
    RIRPA                       367.6  100.00           48.8  100.00   7.5
    STARTUP                       1.9    0.52            0.2    0.47   8.3
    riccmos                       0.7    0.18            0.2    0.39   3.4
    riccaux                       1.0    0.28            0.1    0.22   9.7
    riccbound                     6.2    1.68            4.5    9.18   1.4
    ccmkbaoi                      9.7    2.63            1.0    2.00   9.9
    ecrpa                        70.8   19.25            7.1   14.50  10.0
    qbuild                       66.9   18.21            6.7   13.72  10.0
    rparenrm                      2.2    0.59            0.2    0.45  10.0
    ehxx                        277.1   75.39           35.7   73.18   7.8
    ------------------------------------------------------------------------
    sum                         804.4  218.84          104.5  214.19   7.7
    ------------------------------------------------------------------------


    ------------------------------------------------------------------------
         total  cpu-time :  6 minutes and  8 seconds
         total wall-time :  48.83 seconds
    ------------------------------------------------------------------------

   ****  rirpa : all done  ****


    2020-08-03 21:30:37.764 

