
 ridft (riogrande) : TURBOMOLE rev. V7.4.1 (b987a8a8) compiled 15 Oct 2019 at 12:03:25
 Copyright (C) 2019 TURBOMOLE GmbH, Karlsruhe


    2020-07-20 17:43:30.802 



                                  r i d f t

                        DFT program with RI approximation 
                                for coulomb part 




                                                 
                                 References:     
                                                 
          TURBOMOLE:                             
              R. Ahlrichs, M. Baer, M. Haeser, H. Horn, and
              C. Koelmel
              Electronic structure calculations on workstation
              computers: the program system TURBOMOLE
              Chem. Phys. Lett. 162: 165 (1989)
          Density Functional:                              
              O. Treutler and R. Ahlrichs                      
              Efficient Molecular Numerical Integration Schemes
              J. Chem. Phys. 102: 346 (1995)                   
          Parallel Version:                                
              Performance of parallel TURBOMOLE for Density    
              Functional Calculations                          
              M. v. Arnim and R. Ahlrichs                      
              J. Comp. Chem. 19: 1746 (1998)                   
          RI-J Method:                                     
              Auxiliary Basis Sets to approximate Coulomb      
              Potentials                                       
              Chem. Phys. Lett. 240: 283 (1995)                
              K. Eichkorn, O. Treutler, H. Oehm, M. Haeser     
              and R. Ahlrichs                                  
              Chem. Phys. Lett. 242: 652 (1995)                
                                                           
              Auxiliary Basis Sets for Main Row Atoms and their
              Use to approximate Coulomb Potentials            
              K. Eichkorn, F. Weigend, O. Treutler and         
              R. Ahlrichs                                      
              Theo. Chem. Acc. 97: 119 (1997)                   
                                                           
              Accurate Coulomb-fitting basis sets for H to Rn 
              F. Weigend                                        
              Phys. Chem. Chem. Phys. 8: 1057 (2006)            
                                                           
          Multipole accelerated RI-J (MARI-J):             
              Fast evaluation of the Coulomb potential for     
              electron densities using multipole accelerated   
              resolution of identity approximation             
              M. Sierka, A. Hogekamp and R. Ahlrichs           
              J. Chem. Phys. 118: 9136 (2003)                  
          RI-JK Method:                                     
              A fully direct RI-HF algorithm: Implementation,
              optimised auxiliary basis sets, demonstration of
              accuracy and efficiency                         
              F. Weigend                                      
              Phys. Chem. Chem. Phys. 4: 4285 (2002)           
          Two-component HF and DFT with spin-orbit coupling:  
              Self-consistent treatment of spin-orbit         
              interactions with efficient Hartree-Fock and    
              density functional methods                      
              M. K. Armbruster, F. Weigend, C. van Wüllen and 
              W. Klopper                                      
              Phys. Chem. Chem. Phys. 10: 1748 (2008)         
          Two-component difference density and DIIS algorithm 
              Efficient two-component self-consistent field   
              procedures and gradients: implementation in     
              TURBOMOLE and application to Au20-              
              A. Baldes, F. Weigend                           
              Mol. Phys. 111: 2617 (2013)                     
          Relativistic all-electron 2c calculations           
              An efficient implementation of two-component    
              relativistic exact-decoupling methods for large 
              molecules                                       
              D. Peng, N. Middendorf, F. Weigend, M. Reiher   
              J. Chem. Phys. 138: 184105 (2013)               
          Finite nucleus model and SNSO approximation         
              Efficient implementation of one- and two-       
              component analytical energy gradients in exact  
              two-component theory                            
              Y. J. Franzke, N. Middendorf, F. Weigend        
              J. Chem. Phys. 148: 104110 (2018)               
                                         




              +--------------------------------------------------+
              |      general information about current run       |
              +--------------------------------------------------+

 

 DENSITY CONVERGENCE CHECK SWITCHED ON !
 SCF CONVERGENCE IF RMS(delta[D]) <     0.1000000000E-06

 PBE functional
 exchange:    LDA + PBE
 correlation: LDA (PW) + PBE
 A DFT calculation using the RI-J approximation will be carried out.
 Allocatable memory for RI due to $ricore (MB):                   500


              +--------------------------------------------------+
              | Atomic coordinate, charge and isotop information |
              +--------------------------------------------------+

                    atomic coordinates            atom    charge  isotop
         -2.31895861   -5.71744406   -1.11161471    br    35.000     0
         -3.94539075   -9.65591621   -1.81583524    br    35.000     0
 
       center of nuclear mass  :   -3.13217468   -7.68668014   -1.46372498
       center of nuclear charge:   -3.13217468   -7.68668014   -1.46372498

              +--------------------------------------------------+
              |               basis set information              |
              +--------------------------------------------------+

              we will work with the 1s 3p 5d 7f 9g ... basis set
              ...i.e. with spherical basis functions...

   type   atoms  prim   cont   basis
   ---------------------------------------------------------------------------
    br       2    157     75   def2-QZVP   [11s7p4d2f1g|24s20p10d2f1g]
   ---------------------------------------------------------------------------
   total:    2    314    150
   ---------------------------------------------------------------------------

   total number of primitive shells          :   57
   total number of contracted shells         :   50
   total number of cartesian basis functions :  182
   total number of SCF-basis functions       :  150


 integral neglect threshold       :  0.18E-10
 integral storage threshold THIZE :  0.10E-04
 integral storage threshold THIME :         5

 RI-J AUXILIARY BASIS SET information:

              we will work with the 1s 3p 5d 7f 9g ... basis set
              ...i.e. with spherical basis functions...

   type   atoms  prim   cont   basis
   ---------------------------------------------------------------------------
    br       2     89     58   def2-QZVP   [8s4p3d2f1g|19s5p5d3f1g]
   ---------------------------------------------------------------------------
   total:    2    178    116
   ---------------------------------------------------------------------------

   total number of primitive shells          :   33
   total number of contracted shells         :   36
   total number of cartesian basis functions :  146
   total number of SCF-basis functions       :  116


 symmetry group of the molecule :   c1 

 the group has the following generators :
   c1(z)

    1 symmetry operations found

 there are 1 real representations :   a   

 maximum number of shells which are related by symmetry :  1


    mo occupation :
   irrep   mo's   occupied
    a      150       35
 
 number of basis functions   :                    150
 number of occupied orbitals :                     35
 
  
           ------------------
           density functional
           ------------------
 PBE functional
 exchange:    LDA + PBE
 correlation: LDA (PW) + PBE

 spherical integration : Lebedev's spherical grid
 spherical gridsize    :                     5
    i.e. gridpoints    :                   590
 value for diffuse not defined
 radial integration    : Chebyshev 2nd kind (scaling 3)
 radial gridsize       :                     8
 integration cells     :                     2
 partition function    : becke
 partition sharpness   :                     3
  

 biggest AO integral is expected to be    23.942244026
  
           ------------------------
               RI-J - INFORMATION
           ------------------------
 Contributions to RI integral batches: 
  neglected integral batches:                   142
  direct contribution:                            0
  memory contribution:                  1133
 Memory core needed for (P|Q) and Cholesky      1 MByte
 Memory core minimum needed except of (P|Q)     1 MByte
 Total minimum memory core needed (sum)         1 MByte
  
 ****************************************
 Memory allocated for RI-J    19 MByte
 ****************************************
                                            

          ------------------------
          nuclear repulsion energy  :   283.637996811    
          ------------------------


         -----------------
         -S,T+V- integrals
         -----------------

 1e-integrals will be neglected if expon. factor < 0.183624E-11
 
   Difference densities algorithm switched on.
   The maximal number of linear combinations of
   difference densities is                    20 .

 DIIS switched on: error vector is FDS-SDF
 Max. Iterations for DIIS is     :   4
 DIIS matrix (see manual) 
    Scaling factor of diagonals  :  1.200
    threshold for scaling factor :  0.000

 scf convergence criterion : increment of total energy < .1000000D-06
                  and increment of one-electron energy < .1000000D-03

  MOs are in ASCII format !


 automatic virtual orbital shift switched on 
      shift if e(lumo)-e(homo) < 0.10000000    


 reading orbital data $scfmo  from file mos
 orbital characterization : expanded
 mo provided and orthogonalized by Cholesky decomposition

 DSCF restart information will be dumped onto file mos


 Starting SCF iterations

          Overall gridpoints after grid construction =         48762

 ITERATION  ENERGY          1e-ENERGY        2e-ENERGY     RMS[dD(SAO)]   TOL
   1  -5147.4812772585    -7726.8142498     2295.6949757    0.000D+00 0.183D-10
                            Exc = -181.910092947     Coul =  2477.60506868    
                              N = 69.999999447    
                            current damping = 0.300
 
          max. resid. norm for Fia-block=  1.082D+00 for orbital     11a         
          max. resid. fock norm         =  6.775D+02 for orbital    143a         

 ITERATION  ENERGY          1e-ENERGY        2e-ENERGY     RMS[dD(SAO)]   TOL
   2  -5147.6291298153    -7730.0955438     2298.8284172    0.592D-02 0.116D-10
                            Exc = -181.872744571     Coul =  2480.70116176    
                              N = 69.999999247    
                            current damping = 0.250
 
          Norm of current diis error: 0.47715    
          max. resid. norm for Fia-block=  1.535D-01 for orbital      1a         
          max. resid. fock norm         =  1.557D-01 for orbital      1a         

 ITERATION  ENERGY          1e-ENERGY        2e-ENERGY     RMS[dD(SAO)]   TOL
   3  -5147.6413361117    -7727.9652446     2296.6859117    0.195D-02 0.953D-11
                            Exc = -181.784811935     Coul =  2478.47072361    
                              N = 69.999999232    
                            current damping = 0.200
 
          Norm of current diis error: 0.20528    
          max. resid. norm for Fia-block=  2.969D-02 for orbital      1a         
          max. resid. fock norm         =  3.025D-02 for orbital      1a         

 ITERATION  ENERGY          1e-ENERGY        2e-ENERGY     RMS[dD(SAO)]   TOL
   4  -5147.6441826904    -7729.6152808     2298.3331013    0.833D-03 0.861D-11
                            Exc = -181.836496475     Coul =  2480.16959773    
                              N = 69.999999217    
                            current damping = 0.250
 
          Norm of current diis error: 0.74419E-01
          max. resid. norm for Fia-block=  5.136D-03 for orbital      1a         
          max. resid. fock norm         =  5.955D-03 for orbital    115a         

 ITERATION  ENERGY          1e-ENERGY        2e-ENERGY     RMS[dD(SAO)]   TOL
   5  -5147.6445301742    -7729.0236712     2297.7411442    0.194D-03 0.820D-11
                            Exc = -181.813038125     Coul =  2479.55418231    
                              N = 69.999999219    
                            current damping = 0.300
 
          Norm of current diis error: 0.61360E-02
          max. resid. norm for Fia-block=  9.874D-04 for orbital      1a         
          max. resid. fock norm         =  1.026D-03 for orbital    146a         
          mo-orthogonalization: Cholesky decomposition

 ITERATION  ENERGY          1e-ENERGY        2e-ENERGY     RMS[dD(SAO)]   TOL
   6  -5147.6445328430    -7729.0798734     2297.7973437    0.268D-04 0.787D-11
                            Exc = -181.816502902     Coul =  2479.61384661    
                              N = 69.999999219    
                            current damping = 0.350
 
          Norm of current diis error: 0.27765E-02
          max. resid. norm for Fia-block=  2.439D-04 for orbital      1a         
          max. resid. fock norm         =  2.935D-04 for orbital    146a         

 ITERATION  ENERGY          1e-ENERGY        2e-ENERGY     RMS[dD(SAO)]   TOL
   7  -5147.6445332614    -7729.0486483     2297.7661182    0.755D-05 0.773D-11
                            Exc = -181.814829575     Coul =  2479.58094777    
                              N = 69.999999219    
                            current damping = 0.400
 
          Norm of current diis error: 0.27636E-03
          max. resid. norm for Fia-block=  6.087D-05 for orbital      1a         
          max. resid. fock norm         =  6.137D-05 for orbital      1a         

 ITERATION  ENERGY          1e-ENERGY        2e-ENERGY     RMS[dD(SAO)]   TOL
   8  -5147.6445332677    -7729.0482853     2297.7657552    0.138D-05 0.746D-11
                            Exc = -181.814784431     Coul =  2479.58053964    
                              N = 69.999999219    
                            current damping = 0.250
 
          Norm of current diis error: 0.10033E-03
          max. resid. norm for Fia-block=  1.744D-05 for orbital      1a         
          max. resid. fock norm         =  1.758D-05 for orbital      1a         

 ITERATION  ENERGY          1e-ENERGY        2e-ENERGY     RMS[dD(SAO)]   TOL
   9  -5147.6445332685    -7729.0472761     2297.7647461    0.514D-06 0.724D-11
                            Exc = -181.814741518     Coul =  2479.57948758    
                              N = 69.999999219    
                            current damping = 0.100
 
          Norm of current diis error: 0.19382E-04
          max. resid. norm for Fia-block=  3.413D-06 for orbital      1a         
          max. resid. fock norm         =  3.458D-06 for orbital      1a         
          irrep a   : virtual orbitals shifted by    0.00391

 ENERGY & DENSITY CONVERGED !


 ITERATION  ENERGY          1e-ENERGY        2e-ENERGY     RMS[dD(SAO)]   TOL
  10  -5147.6445332686    -7729.0475147     2297.7649846    0.114D-06 0.709D-11
                            Exc = -181.814750409     Coul =  2479.57973505    
                              N = 69.999999219    
                            current damping = 0.150
 
          Norm of current diis error: 0.69656E-05
          max. resid. norm for Fia-block=  3.352D-07 for orbital     20a         
          max. resid. fock norm         =  5.297D-07 for orbital    115a         

 End of SCF iterations

   convergence criteria satisfied after    10 iterations


                  ------------------------------------------ 
                 |  total energy      =  -5147.64453326856  |
                  ------------------------------------------ 
                 :  kinetic energy    =   5139.42937497221  :
                 :  potential energy  = -10287.07390824077  :
                 :  virial theorem    =      1.99840409371  :
                 :  wavefunction norm =      1.00000000000  :
                  .......................................... 


 <geterg> : there is no data group $energy 


 <skperg> : $end is missing 


 orbitals $scfmo  will be written to file mos

    irrep                 31a         32a         33a         34a         35a   
 eigenvalues H         -0.40007    -0.32807    -0.32807    -0.25128    -0.25128
            eV         -10.8866     -8.9272     -8.9272     -6.8378     -6.8378
 occupation              2.0000      2.0000      2.0000      2.0000      2.0000

    irrep                 36a         37a         38a         39a         40a   
 eigenvalues H         -0.16392     0.11155     0.11202     0.13837     0.13837
            eV          -4.4606      3.0355      3.0483      3.7653      3.7653
 
 
 
 
 ==============================================================================
                           electrostatic moments
 ==============================================================================

 reference point for electrostatic moments:    0.00000   0.00000   0.00000

 
              nuc           elec       ->  total
 ------------------------------------------------------------------------------
                          charge      
 ------------------------------------------------------------------------------
          70.000000     -70.000000       0.000000
 
 ------------------------------------------------------------------------------
                       dipole moment  
 ------------------------------------------------------------------------------
   x    -219.252228     219.252228      -0.000000
   y    -538.067609     538.067609      -0.000000
   z    -102.460748     102.460748      -0.000000
 
   | dipole moment | =     0.0000 a.u. =     0.0000 debye 
 
 ------------------------------------------------------------------------------
                     quadrupole moment
 ------------------------------------------------------------------------------
  xx     733.028704    -760.119909     -27.091205
  yy    4407.405957   -4432.078348     -24.672391
  zz     158.653071    -186.148347     -27.495276
  xy    1797.420754   -1796.216513       1.204241
  xz     340.968882    -340.753557       0.215325
  yz     836.120175    -835.598757       0.521418
 
     1/3  trace=     -26.419624
     anisotropy=       3.506655
 
 ==============================================================================
 
HOMO-LUMO Separation
 HOMO         :   -0.25128114 H =     -6.83771 eV
 LUMO         :   -0.16392356 H =     -4.46059 eV
 HOMO-LUMO gap:    0.08735757 H =     +2.37712 eV
 
 ==============================================================================


    ------------------------------------------------------------------------
         total  cpu-time :   4.23 seconds
         total wall-time :   4.24 seconds
    ------------------------------------------------------------------------

   ****  ridft : all done  ****


    2020-07-20 17:43:35.035 

