           SMPCPUS    set: Shared-memory Parallelization with  10 CPUs.

           SMP Parallelization Reference:
           C. van Wullen, J. Comput. Chem. 32 (2011) 1195--1201

 ridft (c-16-29) : TURBOMOLE rev. V7.5.0 compiled 13 Jun 2020 at 23:29:25
 Copyright (C) 2020 TURBOMOLE GmbH, Karlsruhe


    2020-12-12 23:41:12.371 



                                  r i d f t

                        DFT program with RI approximation 
                                for coulomb part 




                                                 
                                 References:     
                                                 
          TURBOMOLE:                             
              R. Ahlrichs, M. Baer, M. Haeser, H. Horn, and
              C. Koelmel
              Electronic structure calculations on workstation
              computers: the program system TURBOMOLE
              Chem. Phys. Lett. 162: 165 (1989)
          Density Functional:                              
              O. Treutler and R. Ahlrichs                      
              Efficient Molecular Numerical Integration Schemes
              J. Chem. Phys. 102: 346 (1995)                   
          Parallel Version:                                
              Performance of parallel TURBOMOLE for Density    
              Functional Calculations                          
              M. v. Arnim and R. Ahlrichs                      
              J. Comp. Chem. 19: 1746 (1998)                   
          RI-J Method:                                     
              Auxiliary Basis Sets to approximate Coulomb      
              Potentials                                       
              Chem. Phys. Lett. 240: 283 (1995)                
              K. Eichkorn, O. Treutler, H. Oehm, M. Haeser     
              and R. Ahlrichs                                  
              Chem. Phys. Lett. 242: 652 (1995)                
                                                           
              Auxiliary Basis Sets for Main Row Atoms and their
              Use to approximate Coulomb Potentials            
              K. Eichkorn, F. Weigend, O. Treutler and         
              R. Ahlrichs                                      
              Theo. Chem. Acc. 97: 119 (1997)                   
                                                           
              Accurate Coulomb-fitting basis sets for H to Rn 
              F. Weigend                                        
              Phys. Chem. Chem. Phys. 8: 1057 (2006)            
                                                           
          Multipole accelerated RI-J (MARI-J):             
              Fast evaluation of the Coulomb potential for     
              electron densities using multipole accelerated   
              resolution of identity approximation             
              M. Sierka, A. Hogekamp and R. Ahlrichs           
              J. Chem. Phys. 118: 9136 (2003)                  
          RI-JK Method:                                     
              A fully direct RI-HF algorithm: Implementation,
              optimised auxiliary basis sets, demonstration of
              accuracy and efficiency                         
              F. Weigend                                      
              Phys. Chem. Chem. Phys. 4: 4285 (2002)           
          Two-component HF and DFT with spin-orbit coupling:  
              Self-consistent treatment of spin-orbit         
              interactions with efficient Hartree-Fock and    
              density functional methods                      
              M. K. Armbruster, F. Weigend, C. van Wüllen and 
              W. Klopper                                      
              Phys. Chem. Chem. Phys. 10: 1748 (2008)         
          Two-component difference density and DIIS algorithm 
              Efficient two-component self-consistent field   
              procedures and gradients: implementation in     
              TURBOMOLE and application to Au20-              
              A. Baldes, F. Weigend                           
              Mol. Phys. 111: 2617 (2013)                     
          Relativistic all-electron 2c calculations           
              An efficient implementation of two-component    
              relativistic exact-decoupling methods for large 
              molecules                                       
              D. Peng, N. Middendorf, F. Weigend, M. Reiher   
              J. Chem. Phys. 138: 184105 (2013)               
          Finite nucleus model and SNSO approximation         
              Efficient implementation of one- and two-       
              component analytical energy gradients in exact  
              two-component theory                            
              Y. J. Franzke, N. Middendorf, F. Weigend        
              J. Chem. Phys. 148: 104110 (2018)               
          Grids for all-electron relativistic methods         
              Error-consistent segmented contracted all-      
              electron relativistic basis sets of double-     
              and triple-zeta quality for NMR shielding       
              constants                                       
              Y. J. Franzke, R. Tress, T. M. Pazdera,         
              F. Weigend                                      
              Phys. Chem. Chem. Phys. 21: 166658 (2019)       
          Seminumerical exchange algorithms                   
              Seminumerical calculation of the Hartree-Fock   
              exchange matirx: Application to two-component   
              procedures and efficient evaluation of local    
              hybrid functionsl                               
              P. Plessow, F. Weigend,                         
              J. Comput. Chem. 33: 810 (2012)                 
          Improved seminumerical algorithms                   
              C. Holzer, in preparation (2020)                
                                         




              +--------------------------------------------------+
              |      general information about current run       |
              +--------------------------------------------------+

 

 DENSITY CONVERGENCE CHECK SWITCHED ON !
 SCF CONVERGENCE IF RMS(delta[D]) <     0.1000000000E-06

 TPSS global hybrid functional
 exchange:    9/10 (LDA+TPSS) + 1/10 HF
 correlation: LDA (PW) + TPSS
 A Hybrid-DFT calculation using the RI-J approximation will be carried out.
 Allocatable memory for RI due to $ricore (MB):                  5000


              +--------------------------------------------------+
              | Atomic coordinate, charge and isotop information |
              +--------------------------------------------------+

                    atomic coordinates            atom    charge  isotop
          1.96019024    0.00101856   -1.10001336    c      6.000     0
         -0.33351210   -0.00051212    0.19410322    c      6.000     0
         -0.34614869   -0.00097888    2.83106108    c      6.000     0
          1.92729389    0.00007559    4.16717116    c      6.000     0
          4.21147390    0.00160249    2.85633050    c      6.000     0
          4.23629923    0.00207114    0.22350358    c      6.000     0
         -3.78714912   -0.00320498    4.78927845    i     53.000     0
          1.91458926   -0.00025511    6.21010117    h      1.000     0
          5.96986217    0.00241696    3.89893020    h      1.000     0
          6.01197094    0.00324088   -0.78691031    h      1.000     0
          1.96207052    0.00137761   -3.14425673    h      1.000     0
         -2.09628076   -0.00130013   -0.83853196    h      1.000     0
         -8.65984438   -0.00373164    7.56764150    n      0.000     0
        -10.26546153    1.95226719    6.50730483    c      0.000     0
         -9.83047681   -2.46815372    7.27665202    c      0.000     0
         -8.14587478    0.50751865   10.21384768    c      0.000     0
         -9.88178477    0.53602706   11.35926549    h      0.000     0
         -6.89190165   -0.93982637   10.96613821    h      0.000     0
         -7.21379949    2.33262182   10.39647459    h      0.000     0
        -12.11103043    2.05509853    7.46099481    h      0.000     0
         -9.33681043    3.77963803    6.68412839    h      0.000     0
        -10.58381991    1.57703939    4.50955439    h      0.000     0
        -11.65361844   -2.59310430    8.27002814    h      0.000     0
        -10.14794324   -2.85085728    5.28020550    h      0.000     0
         -8.57915119   -3.92011724    8.02425603    h      0.000     0
 
       center of nuclear mass  :   -3.32292331   -0.00204576    4.52678662
       center of nuclear charge:   -1.24492673   -0.00153960    3.34259603

              +--------------------------------------------------+
              |               basis set information              |
              +--------------------------------------------------+

              we will work with the 1s 3p 5d 7f 9g ... basis set
              ...i.e. with spherical basis functions...

   type   atoms  prim   cont   basis
   ---------------------------------------------------------------------------
    c        9     77     55   cc-pVQZ   [5s4p3d2f1g|21s6p3d2f1g]
    i        1    161     67   cc-pVQZ-PP   [6s6p4d2f1g|24s18p12d2f1g]
    h       14     32     30   cc-pVQZ   [4s3p2d1f|6s3p2d1f]
    n        1     77     55   cc-pVQZ   [5s4p3d2f1g|21s6p3d2f1g]
   ---------------------------------------------------------------------------
   total:   25   1379   1037
   ---------------------------------------------------------------------------

   total number of primitive shells          :  135
   total number of contracted shells         :  309
   total number of cartesian basis functions : 1273
   total number of SCF-basis functions       : 1037

 number of unique ecp types :                     1

 integral neglect threshold       :  0.26E-11
 integral storage threshold THIZE :  0.10E-04
 integral storage threshold THIME :         5

 RI-J AUXILIARY BASIS SET information:

              we will work with the 1s 3p 5d 7f 9g ... basis set
              ...i.e. with spherical basis functions...

   type   atoms  prim   cont   basis
   ---------------------------------------------------------------------------
    c        9     70     49   cc-pVQZ   [6s4p3d1f1g|12s5p4d2f1g]
    i        1     81     58   universal-ecp-2   [8s4p3d2f1g|11s5p5d3f1g]
    h       14     16     11   cc-pVQZ   [3s1p1d|5s2p1d]
    n        1     70     49   cc-pVQZ   [6s4p3d1f1g|12s5p4d2f1g]
   ---------------------------------------------------------------------------
   total:   25   1005    702
   ---------------------------------------------------------------------------

   total number of primitive shells          :   81
   total number of contracted shells         :  238
   total number of cartesian basis functions :  851
   total number of SCF-basis functions       :  702


 symmetry group of the molecule :   c1 

 the group has the following generators :
   c1(z)

    1 symmetry operations found

 there are 1 real representations :   a   

 maximum number of shells which are related by symmetry :  1

  
           ------------------
           density functional
           ------------------
 Dummy atoms with grid-point found.
 DFT quadrature threshold dgrenze tightened by factor 1/10.

 TPSS global hybrid functional
 exchange:    9/10 (LDA+TPSS) + 1/10 HF
 correlation: LDA (PW) + TPSS
 Dummy atoms with grid-point found.
 DFT quadrature threshold dgrenze tightened by factor 1/10.

 Dummy atoms with grid-point found.
 DFT quadrature threshold dgrenze tightened by factor 1/10.


 spherical integration : Lebedev's spherical grid
 spherical gridsize    :                     5
    i.e. gridpoints    :                   590
 value for diffuse not defined
 radial integration    : Chebyshev 2nd kind (scaling 3)
 radial gridsize       :                     8
 integration cells     :                    25
 partition function    : becke
 partition sharpness   :                     3
  
 found dummy atom(s) with basis: included in dft

 biggest AO integral is expected to be     4.161848376

          ------------------------
          nuclear repulsion energy  :   352.903606291    
          ------------------------


         -----------------
         -S,T+V- integrals
         -----------------

 1e-integrals will be neglected if expon. factor < 0.262526E-12


          ----------------
          -ecp-  integrals
          ----------------
 
   Difference densities algorithm switched on.
   The maximal number of linear combinations of
   difference densities is                    20 .

 DIIS switched on: error vector is FDS-SDF
 Max. Iterations for DIIS is     :   4
 DIIS matrix (see manual) 
    Scaling factor of diagonals  :  1.200
    threshold for scaling factor :  0.000

 scf convergence criterion : increment of total energy < .1000000D-06
                  and increment of one-electron energy < .1000000D-03

 MOs are in ASCII format !


    mo occupation :
   irrep   mo's   occupied
    a     1037       33
 
 number of basis functions   :  1037
 number of occupied orbitals :    33
 

 reading orbital data $scfmo  from file mos
 orbital characterization : scfconv=7
 mo-orthogonalization by Cholesky decomposition

 automatic virtual orbital shift switched on 
      shift if e(lumo)-e(homo) < 0.10000000    

  
           ------------------------
               RI-J - INFORMATION
           ------------------------
 Contributions to RI integral batches: 
  neglected integral batches:                 18995
  direct contribution:                            0
  memory contribution:                 28900
 Memory core needed for (P|Q) and Cholesky      4 MByte
 Memory core minimum needed except of (P|Q)     4 MByte
 Total minimum memory core needed (sum)         8 MByte
  
 ****************************************
 Memory allocated for RI-J  3028 MByte
 ****************************************
                                            

 DSCF restart information will be dumped onto file mos


 Starting SCF iterations

          Overall gridpoints after grid construction =        389891

 ITERATION  ENERGY          1e-ENERGY        2e-ENERGY     RMS[dD(SAO)]   TOL
   1  -527.37353607133    -1526.4020182     646.12487580    0.000D+00 0.262D-11
                            Exc = -51.0322671379     Coul =  702.541956597    
                            exK = -5.38481365643    
                              N = 66.000002346    
                            current damping = 0.300
 
          max. resid. norm for Fia-block=  4.380D-02 for orbital      6a         
          max. resid. fock norm         =  2.810D-01 for orbital    984a         

 ITERATION  ENERGY          1e-ENERGY        2e-ENERGY     RMS[dD(SAO)]   TOL
   2  -527.37862726734    -1526.2229257     645.94069212    0.738D-03 0.168D-11
                            Exc = -51.0519912669      Eck =  696.992683385    
                              N = 66.000002221    
                            current damping = 0.250
 
          Norm of current diis error: 0.10012    
          max. resid. norm for Fia-block=  1.107D-02 for orbital      2a         
          max. resid. fock norm         =  7.684D-02 for orbital    995a         

 ITERATION  ENERGY          1e-ENERGY        2e-ENERGY     RMS[dD(SAO)]   TOL
   3  -527.37889178670    -1526.4739520     646.19145393    0.177D-03 0.136D-11
                            Exc = -51.0733124266      Eck =  697.264766352    
                              N = 66.000002171    
                            current damping = 0.200
 
          Norm of current diis error: 0.60236E-01
          max. resid. norm for Fia-block=  2.237D-03 for orbital     26a         
          max. resid. fock norm         =  1.622D-02 for orbital   1000a         

 ITERATION  ENERGY          1e-ENERGY        2e-ENERGY     RMS[dD(SAO)]   TOL
   4  -527.37897439700    -1526.3134424     646.03086173    0.410D-04 0.126D-11
                            Exc = -51.0666994570      Eck =  697.097561185    
                              N = 66.000002177    
                            current damping = 0.250
 
          Norm of current diis error: 0.25396E-01
          max. resid. norm for Fia-block=  8.681D-04 for orbital     29a         
          max. resid. fock norm         =  3.641D-03 for orbital    996a         

 ITERATION  ENERGY          1e-ENERGY        2e-ENERGY     RMS[dD(SAO)]   TOL
   5  -527.37898735859    -1526.3429132     646.06031951    0.107D-04 0.120D-11
                            Exc = -51.0671484533      Eck =  697.127467967    
                              N = 66.000002174    
                            current damping = 0.300
 
          Norm of current diis error: 0.15423E-01
          max. resid. norm for Fia-block=  3.080D-04 for orbital     30a         
          max. resid. fock norm         =  9.757D-04 for orbital   1001a         
          mo-orthogonalization: Cholesky decomposition

 ITERATION  ENERGY          1e-ENERGY        2e-ENERGY     RMS[dD(SAO)]   TOL
   6  -527.37899305322    -1526.3395519     646.05695256    0.332D-05 0.118D-11
                            Exc = -51.0676376524      Eck =  697.124590208    
                              N = 66.000002174    
                            current damping = 0.350
 
          Norm of current diis error: 0.22650E-02
          max. resid. norm for Fia-block=  9.895D-05 for orbital     33a         
          max. resid. fock norm         =  2.692D-04 for orbital   1001a         

 ITERATION  ENERGY          1e-ENERGY        2e-ENERGY     RMS[dD(SAO)]   TOL
   7  -527.37899319792    -1526.3463810     646.06378153    0.129D-05 0.117D-11
                            Exc = -51.0680628523      Eck =  697.131844386    
                              N = 66.000002174    
                            current damping = 0.400
 
          Norm of current diis error: 0.11553E-02
          max. resid. norm for Fia-block=  3.009D-05 for orbital     24a         
          max. resid. fock norm         =  8.256D-05 for orbital    993a         

 ITERATION  ENERGY          1e-ENERGY        2e-ENERGY     RMS[dD(SAO)]   TOL
   8  -527.37899323564    -1526.3449987     646.06239918    0.293D-06 0.114D-11
                            Exc = -51.0679834850      Eck =  697.130382660    
                              N = 66.000002174    
                            current damping = 0.450
 
          Norm of current diis error: 0.23477E-03
          max. resid. norm for Fia-block=  1.417D-05 for orbital     32a         
          max. resid. fock norm         =  3.581D-05 for orbital   1001a         

 ITERATION  ENERGY          1e-ENERGY        2e-ENERGY     RMS[dD(SAO)]   TOL
   9  -527.37899323991    -1526.3442502     646.06165062    0.159D-06 0.112D-11
                            Exc = -51.0679361779      Eck =  697.129586798    
                              N = 66.000002174    
                            current damping = 0.300
 
          Norm of current diis error: 0.62388E-04
          max. resid. norm for Fia-block=  3.325D-06 for orbital     29a         
          max. resid. fock norm         =  1.377D-05 for orbital   1001a         

 ENERGY & DENSITY CONVERGED !


 ITERATION  ENERGY          1e-ENERGY        2e-ENERGY     RMS[dD(SAO)]   TOL
  10  -527.37899323942    -1526.3442146     646.06161509    0.597D-07 0.108D-11
                            Exc = -51.0679370156      Eck =  697.129552102    
                              N = 66.000002174    
                            current damping = 0.150
 
          Norm of current diis error: 0.56592E-04
          max. resid. norm for Fia-block=  1.132D-06 for orbital     29a         
          max. resid. fock norm         =  4.904D-06 for orbital   1001a         

 End of SCF iterations

   convergence criteria satisfied after    10 iterations


                  ------------------------------------------ 
                 |  total energy      =   -527.37899323942  |
                  ------------------------------------------ 
                 :  kinetic energy    =    341.23729035916  :
                 :  potential energy  =   -868.61628359858  :
                 :  virial theorem    =      1.64704376688  :
                 :  wavefunction norm =      1.00000000000  :
                  .......................................... 


 orbitals $scfmo  will be written to file mos

    irrep                 29a         30a         31a         32a         33a   
 eigenvalues H         -0.32731    -0.28927    -0.25927    -0.25496    -0.23108
            eV          -8.9067     -7.8715     -7.0551     -6.9380     -6.2880
 occupation              2.0000      2.0000      2.0000      2.0000      2.0000

    irrep                 34a         35a         36a         37a         38a   
 eigenvalues H         -0.04533    -0.03915    -0.03715     0.02543     0.03862
            eV          -1.2335     -1.0652     -1.0109      0.6921      1.0510
 
 
 
 
 ==============================================================================
                           electrostatic moments
 ==============================================================================

 reference point for electrostatic moments:    0.00000   0.00000   0.00000

 
              nuc           elec       ->  total
 ------------------------------------------------------------------------------
                          charge      
 ------------------------------------------------------------------------------
          66.000000     -66.000000      -0.000000
 
 ------------------------------------------------------------------------------
                       dipole moment  
 ------------------------------------------------------------------------------
   x     -10.982937      11.564548       0.581611
   y      -0.054983       0.055395       0.000412
   z     180.104231    -180.435145      -0.330914
 
   | dipole moment | =     0.6692 a.u. =     1.7008 debye 
 
 ------------------------------------------------------------------------------
                     quadrupole moment
 ------------------------------------------------------------------------------
  xx     703.078878    -745.985933     -42.907056
  yy       0.000332     -48.852042     -48.851710
  zz     847.424461    -891.860012     -44.435551
  xy       0.451344      -0.448571       0.002773
  xz    -320.579578     322.291576       1.711998
  yz      -0.373506       0.373964       0.000457
 
     1/3  trace=     -45.398106
     anisotropy=       6.114055
 
 ==============================================================================
 
HOMO-LUMO Separation
 HOMO         :   -0.23107921 H =     -6.28799 eV
 LUMO         :   -0.04532987 H =     -1.23349 eV
 HOMO-LUMO gap:    0.18574934 H =     +5.05450 eV
 
 ==============================================================================


    ------------------------------------------------------------------------
         total  cpu-time :  2 hours 11 minutes and  7 seconds
         total wall-time : 14 minutes and  6 seconds
    ------------------------------------------------------------------------

   ****  ridft : all done  ****


    2020-12-12 23:55:18.017 

