
 ridft (riogrande) : TURBOMOLE rev. V7.4.1 (b987a8a8) compiled 15 Oct 2019 at 12:03:25
 Copyright (C) 2019 TURBOMOLE GmbH, Karlsruhe


    2020-07-17 20:21:53.128 



                                  r i d f t

                        DFT program with RI approximation 
                                for coulomb part 




                                                 
                                 References:     
                                                 
          TURBOMOLE:                             
              R. Ahlrichs, M. Baer, M. Haeser, H. Horn, and
              C. Koelmel
              Electronic structure calculations on workstation
              computers: the program system TURBOMOLE
              Chem. Phys. Lett. 162: 165 (1989)
          Density Functional:                              
              O. Treutler and R. Ahlrichs                      
              Efficient Molecular Numerical Integration Schemes
              J. Chem. Phys. 102: 346 (1995)                   
          Parallel Version:                                
              Performance of parallel TURBOMOLE for Density    
              Functional Calculations                          
              M. v. Arnim and R. Ahlrichs                      
              J. Comp. Chem. 19: 1746 (1998)                   
          RI-J Method:                                     
              Auxiliary Basis Sets to approximate Coulomb      
              Potentials                                       
              Chem. Phys. Lett. 240: 283 (1995)                
              K. Eichkorn, O. Treutler, H. Oehm, M. Haeser     
              and R. Ahlrichs                                  
              Chem. Phys. Lett. 242: 652 (1995)                
                                                           
              Auxiliary Basis Sets for Main Row Atoms and their
              Use to approximate Coulomb Potentials            
              K. Eichkorn, F. Weigend, O. Treutler and         
              R. Ahlrichs                                      
              Theo. Chem. Acc. 97: 119 (1997)                   
                                                           
              Accurate Coulomb-fitting basis sets for H to Rn 
              F. Weigend                                        
              Phys. Chem. Chem. Phys. 8: 1057 (2006)            
                                                           
          Multipole accelerated RI-J (MARI-J):             
              Fast evaluation of the Coulomb potential for     
              electron densities using multipole accelerated   
              resolution of identity approximation             
              M. Sierka, A. Hogekamp and R. Ahlrichs           
              J. Chem. Phys. 118: 9136 (2003)                  
          RI-JK Method:                                     
              A fully direct RI-HF algorithm: Implementation,
              optimised auxiliary basis sets, demonstration of
              accuracy and efficiency                         
              F. Weigend                                      
              Phys. Chem. Chem. Phys. 4: 4285 (2002)           
          Two-component HF and DFT with spin-orbit coupling:  
              Self-consistent treatment of spin-orbit         
              interactions with efficient Hartree-Fock and    
              density functional methods                      
              M. K. Armbruster, F. Weigend, C. van Wüllen and 
              W. Klopper                                      
              Phys. Chem. Chem. Phys. 10: 1748 (2008)         
          Two-component difference density and DIIS algorithm 
              Efficient two-component self-consistent field   
              procedures and gradients: implementation in     
              TURBOMOLE and application to Au20-              
              A. Baldes, F. Weigend                           
              Mol. Phys. 111: 2617 (2013)                     
          Relativistic all-electron 2c calculations           
              An efficient implementation of two-component    
              relativistic exact-decoupling methods for large 
              molecules                                       
              D. Peng, N. Middendorf, F. Weigend, M. Reiher   
              J. Chem. Phys. 138: 184105 (2013)               
          Finite nucleus model and SNSO approximation         
              Efficient implementation of one- and two-       
              component analytical energy gradients in exact  
              two-component theory                            
              Y. J. Franzke, N. Middendorf, F. Weigend        
              J. Chem. Phys. 148: 104110 (2018)               
                                         




              +--------------------------------------------------+
              |      general information about current run       |
              +--------------------------------------------------+

 

 DENSITY CONVERGENCE CHECK SWITCHED ON !
 SCF CONVERGENCE IF RMS(delta[D]) <     0.1000000000E-06

 PBE functional
 exchange:    LDA + PBE
 correlation: LDA (PW) + PBE
 A DFT calculation using the RI-J approximation will be carried out.
 Allocatable memory for RI due to $ricore (MB):                   500


              +--------------------------------------------------+
              | Atomic coordinate, charge and isotop information |
              +--------------------------------------------------+

                    atomic coordinates            atom    charge  isotop
         -0.18047126   -0.17221647   -0.26704798    c      6.000     0
          3.45894693    0.75017940    1.16249376    i     53.000     0
         -0.33901255   -2.21081269   -0.34834535    h      1.000     0
         -1.58035877    0.61197111    1.00316978    h      1.000     0
         -0.36142824    0.64396566   -2.13493184    h      1.000     0
          9.31585477    1.58915493    2.48578257    o      8.000     0
         10.40411305    0.47322730    0.80842738    c      6.000     0
         12.47924670    0.39794357    0.71275308    h      1.000     0
          9.36756877   -0.51683148   -0.69742479    h      1.000     0
 
       center of nuclear mass  :    4.24807143    0.71618679    1.11837675
       center of nuclear charge:    4.34306272    0.68211601    1.06771701

              +--------------------------------------------------+
              |               basis set information              |
              +--------------------------------------------------+

              we will work with the 1s 3p 5d 7f 9g ... basis set
              ...i.e. with spherical basis functions...

   type   atoms  prim   cont   basis
   ---------------------------------------------------------------------------
    c        2     77     55   cc-pVQZ   [5s4p3d2f1g|21s6p3d2f1g]
    i        1    161     67   cc-pVQZ-PP   [6s6p4d2f1g|24s18p12d2f1g]
    h        5     32     30   cc-pVQZ   [4s3p2d1f|6s3p2d1f]
    o        1     77     55   cc-pVQZ   [5s4p3d2f1g|21s6p3d2f1g]
   ---------------------------------------------------------------------------
   total:    9    552    382
   ---------------------------------------------------------------------------

   total number of primitive shells          :  135
   total number of contracted shells         :  114
   total number of cartesian basis functions :  468
   total number of SCF-basis functions       :  382


 integral neglect threshold       :  0.71E-11
 integral storage threshold THIZE :  0.10E-04
 integral storage threshold THIME :         5

 number of unique ecp types :                     1
 RI-J AUXILIARY BASIS SET information:

              we will work with the 1s 3p 5d 7f 9g ... basis set
              ...i.e. with spherical basis functions...

   type   atoms  prim   cont   basis
   ---------------------------------------------------------------------------
    c        2     70     49   cc-pVQZ   [6s4p3d1f1g|12s5p4d2f1g]
    i        1     81     58   universal-ecp-2   [8s4p3d2f1g|11s5p5d3f1g]
    h        5     16     11   cc-pVQZ   [3s1p1d|5s2p1d]
    o        1     70     49   cc-pVQZ   [6s4p3d1f1g|12s5p4d2f1g]
   ---------------------------------------------------------------------------
   total:    9    371    260
   ---------------------------------------------------------------------------

   total number of primitive shells          :   81
   total number of contracted shells         :   88
   total number of cartesian basis functions :  316
   total number of SCF-basis functions       :  260


 symmetry group of the molecule :   c1 

 the group has the following generators :
   c1(z)

    1 symmetry operations found

 there are 1 real representations :   a   

 maximum number of shells which are related by symmetry :  1


    mo occupation :
   irrep   mo's   occupied
    a      382       25
 
 number of basis functions   :                    382
 number of occupied orbitals :                     25
 
  
           ------------------
           density functional
           ------------------
 PBE functional
 exchange:    LDA + PBE
 correlation: LDA (PW) + PBE

 spherical integration : Lebedev's spherical grid
 spherical gridsize    :                     5
    i.e. gridpoints    :                   590
 value for diffuse not defined
 radial integration    : Chebyshev 2nd kind (scaling 3)
 radial gridsize       :                     8
 integration cells     :                     9
 partition function    : becke
 partition sharpness   :                     3
  

 biggest AO integral is expected to be     4.785886462
  
           ------------------------
               RI-J - INFORMATION
           ------------------------
 Contributions to RI integral batches: 
  neglected integral batches:                  1653
  direct contribution:                            0
  memory contribution:                  4902
 Memory core needed for (P|Q) and Cholesky      1 MByte
 Memory core minimum needed except of (P|Q)     1 MByte
 Total minimum memory core needed (sum)         2 MByte
  
 ****************************************
 Memory allocated for RI-J   191 MByte
 ****************************************
                                            

          ------------------------
          nuclear repulsion energy  :   167.916998189    
          ------------------------


         -----------------
         -S,T+V- integrals
         -----------------

 1e-integrals will be neglected if expon. factor < 0.714094E-12


          ----------------
          -ecp-  integrals
          ----------------
 
   Difference densities algorithm switched on.
   The maximal number of linear combinations of
   difference densities is                    20 .

 DIIS switched on: error vector is FDS-SDF
 Max. Iterations for DIIS is     :   4
 DIIS matrix (see manual) 
    Scaling factor of diagonals  :  1.200
    threshold for scaling factor :  0.000

 scf convergence criterion : increment of total energy < .1000000D-06
                  and increment of one-electron energy < .1000000D-03

  MOs are in ASCII format !


 automatic virtual orbital shift switched on 
      shift if e(lumo)-e(homo) < 0.10000000    


 reading orbital data $scfmo  from file mos
 orbital characterization : expanded
 mo provided and orthogonalized by Cholesky decomposition

 DSCF restart information will be dumped onto file mos


 Starting SCF iterations

          Overall gridpoints after grid construction =        149060

 ITERATION  ENERGY          1e-ENERGY        2e-ENERGY     RMS[dD(SAO)]   TOL
   1  -449.14571934286    -1054.6988135     437.63609594    0.000D+00 0.712D-11
                            Exc = -42.7883051783     Coul =  480.424401114    
                              N = 50.000000457    
                            current damping = 0.300
 
          max. resid. norm for Fia-block=  4.376D-01 for orbital     19a         
          max. resid. fock norm         =  1.550D+01 for orbital    380a         

 ITERATION  ENERGY          1e-ENERGY        2e-ENERGY     RMS[dD(SAO)]   TOL
   2  -449.82381513211    -1056.3525077     438.61169435    0.479D-02 0.458D-11
                            Exc = -42.9493193337     Coul =  481.561013681    
                              N = 49.999999880    
                            current damping = 0.250
 
          Norm of current diis error:  2.6305    
          max. resid. norm for Fia-block=  1.592D-01 for orbital     13a         
          max. resid. fock norm         =  3.802D-01 for orbital    221a         

 ITERATION  ENERGY          1e-ENERGY        2e-ENERGY     RMS[dD(SAO)]   TOL
   3  -449.96362789043    -1058.9097435     441.02911743    0.181D-02 0.384D-11
                            Exc = -43.2443697264     Coul =  484.273487159    
                              N = 50.000000113    
                            current damping = 0.150
 
          Norm of current diis error:  1.0719    
          max. resid. norm for Fia-block=  6.144D-02 for orbital     21a         
          max. resid. fock norm         =  6.523D-02 for orbital     23a         

 ITERATION  ENERGY          1e-ENERGY        2e-ENERGY     RMS[dD(SAO)]   TOL
   4  -449.97676138017    -1056.4855996     438.59183999    0.154D-02 0.341D-11
                            Exc = -42.9631804233     Coul =  481.555020417    
                              N = 49.999999880    
                            current damping = 0.200
 
          Norm of current diis error: 0.85287    
          max. resid. norm for Fia-block=  2.283D-02 for orbital     21a         
          max. resid. fock norm         =  3.714D-02 for orbital    350a         

 ITERATION  ENERGY          1e-ENERGY        2e-ENERGY     RMS[dD(SAO)]   TOL
   5  -449.99585861741    -1057.4762315     439.56337474    0.545D-03 0.333D-11
                            Exc = -43.0896216579     Coul =  482.652996398    
                              N = 49.999999952    
                            current damping = 0.250
 
          Norm of current diis error: 0.16383    
          max. resid. norm for Fia-block=  9.864D-03 for orbital     22a         
          max. resid. fock norm         =  1.198D-02 for orbital     22a         
          mo-orthogonalization: Cholesky decomposition

 ITERATION  ENERGY          1e-ENERGY        2e-ENERGY     RMS[dD(SAO)]   TOL
   6  -449.99625305047    -1057.7019760     439.78872474    0.195D-03 0.328D-11
                            Exc = -43.0961003560     Coul =  482.884825099    
                              N = 49.999999964    
                            current damping = 0.100
 
          Norm of current diis error: 0.11429    
          max. resid. norm for Fia-block=  3.872D-03 for orbital     22a         
          max. resid. fock norm         =  4.817D-03 for orbital     22a         

 ITERATION  ENERGY          1e-ENERGY        2e-ENERGY     RMS[dD(SAO)]   TOL
   7  -449.99668868639    -1057.5703468     439.65665995    0.110D-03 0.321D-11
                            Exc = -43.0911698839     Coul =  482.747829837    
                              N = 49.999999957    
                            current damping = 0.150
 
          Norm of current diis error: 0.19309E-01
          max. resid. norm for Fia-block=  1.107D-03 for orbital     17a         
          max. resid. fock norm         =  1.485D-03 for orbital    304a         

 ITERATION  ENERGY          1e-ENERGY        2e-ENERGY     RMS[dD(SAO)]   TOL
   8  -449.99669894786    -1057.5979505     439.68425334    0.246D-04 0.315D-11
                            Exc = -43.0934395881     Coul =  482.777692923    
                              N = 49.999999957    
                            current damping = 0.200
 
          Norm of current diis error: 0.91680E-02
          max. resid. norm for Fia-block=  4.038D-04 for orbital     21a         
          max. resid. fock norm         =  5.427D-04 for orbital    222a         

 ITERATION  ENERGY          1e-ENERGY        2e-ENERGY     RMS[dD(SAO)]   TOL
   9  -449.99670040705    -1057.6011442     439.68744562    0.551D-05 0.311D-11
                            Exc = -43.0935591690     Coul =  482.781004793    
                              N = 49.999999958    
                            current damping = 0.100
 
          Norm of current diis error: 0.56115E-02
          max. resid. norm for Fia-block=  2.370D-04 for orbital     21a         
          max. resid. fock norm         =  3.120D-04 for orbital    349a         

 ITERATION  ENERGY          1e-ENERGY        2e-ENERGY     RMS[dD(SAO)]   TOL
  10  -449.99670103837    -1057.5918438     439.67814457    0.525D-05 0.306D-11
                            Exc = -43.0925208423     Coul =  482.770665409    
                              N = 49.999999957    
                            current damping = 0.150
 
          Norm of current diis error: 0.29768E-02
          max. resid. norm for Fia-block=  9.536D-05 for orbital     21a         
          max. resid. fock norm         =  1.184D-04 for orbital    349a         
          mo-orthogonalization: Cholesky decomposition

 ITERATION  ENERGY          1e-ENERGY        2e-ENERGY     RMS[dD(SAO)]   TOL
  11  -449.99670127511    -1057.5941453     439.68044586    0.214D-05 0.305D-11
                            Exc = -43.0929397584     Coul =  482.773385621    
                              N = 49.999999957    
                            current damping = 0.200
 
          Norm of current diis error: 0.46517E-03
          max. resid. norm for Fia-block=  3.362D-05 for orbital     22a         
          max. resid. fock norm         =  4.133D-05 for orbital     22a         

 ITERATION  ENERGY          1e-ENERGY        2e-ENERGY     RMS[dD(SAO)]   TOL
  12  -449.99670127710    -1057.5948615     439.68116201    0.718D-06 0.301D-11
                            Exc = -43.0929277983     Coul =  482.774089810    
                              N = 49.999999958    
                            current damping = 0.100
 
          Norm of current diis error: 0.42034E-03
          max. resid. norm for Fia-block=  1.377D-05 for orbital     22a         
          max. resid. fock norm         =  1.721D-05 for orbital     22a         

 ITERATION  ENERGY          1e-ENERGY        2e-ENERGY     RMS[dD(SAO)]   TOL
  13  -449.99670128334    -1057.5945738     439.68087434    0.335D-06 0.296D-11
                            Exc = -43.0929212985     Coul =  482.773795640    
                              N = 49.999999957    
                            current damping = 0.150
 
          Norm of current diis error: 0.53332E-04
          max. resid. norm for Fia-block=  2.571D-06 for orbital     22a         
          max. resid. fock norm         =  3.980D-06 for orbital    215a         

 ENERGY & DENSITY CONVERGED !


 ITERATION  ENERGY          1e-ENERGY        2e-ENERGY     RMS[dD(SAO)]   TOL
  14  -449.99670128340    -1057.5943939     439.68069439    0.844D-07 0.294D-11
                            Exc = -43.0929150255     Coul =  482.773609420    
                              N = 49.999999957    
                            current damping = 0.100
 
          Norm of current diis error: 0.22678E-04
          max. resid. norm for Fia-block=  1.203D-06 for orbital     22a         
          max. resid. fock norm         =  1.851D-06 for orbital    191a         

 End of SCF iterations

   convergence criteria satisfied after    14 iterations


                  ------------------------------------------ 
                 |  total energy      =   -449.99670128340  |
                  ------------------------------------------ 
                 :  kinetic energy    =    264.30159379850  :
                 :  potential energy  =   -714.29829508190  :
                 :  virial theorem    =      1.58734118060  :
                 :  wavefunction norm =      1.00000000000  :
                  .......................................... 


 <geterg> : there is no data group $energy 


 <skperg> : $end is missing 


 orbitals $scfmo  will be written to file mos

    irrep                 21a         22a         23a         24a         25a   
 eigenvalues H         -0.37171    -0.31905    -0.23318    -0.21895    -0.21819
            eV         -10.1148     -8.6818     -6.3453     -5.9579     -5.9374
 occupation              2.0000      2.0000      2.0000      2.0000      2.0000

    irrep                 26a         27a         28a         29a         30a   
 eigenvalues H         -0.09966    -0.04627     0.01471     0.02759     0.06456
            eV          -2.7118     -1.2591      0.4002      0.7508      1.7567
 
 
 
 
 ==============================================================================
                           electrostatic moments
 ==============================================================================

 reference point for electrostatic moments:    0.00000   0.00000   0.00000

 
              nuc           elec       ->  total
 ------------------------------------------------------------------------------
                          charge      
 ------------------------------------------------------------------------------
          50.000000     -50.000000       0.000000
 
 ------------------------------------------------------------------------------
                       dipole moment  
 ------------------------------------------------------------------------------
   x     241.908378    -241.839501       0.068877
   y      32.200025     -32.712390      -0.512365
   z      50.732102     -51.506360      -0.774258
 
   | dipole moment | =     0.9310 a.u. =     2.3663 debye 
 
 ------------------------------------------------------------------------------
                     quadrupole moment
 ------------------------------------------------------------------------------
  xx    1889.283913   -1913.874815     -24.590902
  yy      41.896518     -77.539354     -35.642836
  zz      94.246977    -131.048364     -36.801388
  xy     212.707196    -216.149545      -3.442349
  xz     338.203404    -343.313401      -5.109997
  yz      56.628981     -57.915513      -1.286531
 
     1/3  trace=     -32.345042
     anisotropy=      15.973188
 
 ==============================================================================
 
HOMO-LUMO Separation
 HOMO         :   -0.21819281 H =     -5.93733 eV
 LUMO         :   -0.09965755 H =     -2.71182 eV
 HOMO-LUMO gap:    0.11853526 H =     +3.22551 eV
 
 ==============================================================================


    ------------------------------------------------------------------------
         total  cpu-time :  38.93 seconds
         total wall-time :  38.93 seconds
    ------------------------------------------------------------------------

   ****  ridft : all done  ****


    2020-07-17 20:22:32.052 

