           SMPCPUS    set: Shared-memory Parallelization with  20 CPUs.

           SMP Parallelization Reference:
           C. van Wullen, J. Comput. Chem. 32 (2011) 1195--1201

 ridft (c-15-19) : TURBOMOLE rev. V7.5.0 compiled 13 Jun 2020 at 23:29:25
 Copyright (C) 2020 TURBOMOLE GmbH, Karlsruhe


    2020-07-22 06:15:50.534 



                                  r i d f t

                        DFT program with RI approximation 
                                for coulomb part 




                                                 
                                 References:     
                                                 
          TURBOMOLE:                             
              R. Ahlrichs, M. Baer, M. Haeser, H. Horn, and
              C. Koelmel
              Electronic structure calculations on workstation
              computers: the program system TURBOMOLE
              Chem. Phys. Lett. 162: 165 (1989)
          Density Functional:                              
              O. Treutler and R. Ahlrichs                      
              Efficient Molecular Numerical Integration Schemes
              J. Chem. Phys. 102: 346 (1995)                   
          Parallel Version:                                
              Performance of parallel TURBOMOLE for Density    
              Functional Calculations                          
              M. v. Arnim and R. Ahlrichs                      
              J. Comp. Chem. 19: 1746 (1998)                   
          RI-J Method:                                     
              Auxiliary Basis Sets to approximate Coulomb      
              Potentials                                       
              Chem. Phys. Lett. 240: 283 (1995)                
              K. Eichkorn, O. Treutler, H. Oehm, M. Haeser     
              and R. Ahlrichs                                  
              Chem. Phys. Lett. 242: 652 (1995)                
                                                           
              Auxiliary Basis Sets for Main Row Atoms and their
              Use to approximate Coulomb Potentials            
              K. Eichkorn, F. Weigend, O. Treutler and         
              R. Ahlrichs                                      
              Theo. Chem. Acc. 97: 119 (1997)                   
                                                           
              Accurate Coulomb-fitting basis sets for H to Rn 
              F. Weigend                                        
              Phys. Chem. Chem. Phys. 8: 1057 (2006)            
                                                           
          Multipole accelerated RI-J (MARI-J):             
              Fast evaluation of the Coulomb potential for     
              electron densities using multipole accelerated   
              resolution of identity approximation             
              M. Sierka, A. Hogekamp and R. Ahlrichs           
              J. Chem. Phys. 118: 9136 (2003)                  
          RI-JK Method:                                     
              A fully direct RI-HF algorithm: Implementation,
              optimised auxiliary basis sets, demonstration of
              accuracy and efficiency                         
              F. Weigend                                      
              Phys. Chem. Chem. Phys. 4: 4285 (2002)           
          Two-component HF and DFT with spin-orbit coupling:  
              Self-consistent treatment of spin-orbit         
              interactions with efficient Hartree-Fock and    
              density functional methods                      
              M. K. Armbruster, F. Weigend, C. van Wüllen and 
              W. Klopper                                      
              Phys. Chem. Chem. Phys. 10: 1748 (2008)         
          Two-component difference density and DIIS algorithm 
              Efficient two-component self-consistent field   
              procedures and gradients: implementation in     
              TURBOMOLE and application to Au20-              
              A. Baldes, F. Weigend                           
              Mol. Phys. 111: 2617 (2013)                     
          Relativistic all-electron 2c calculations           
              An efficient implementation of two-component    
              relativistic exact-decoupling methods for large 
              molecules                                       
              D. Peng, N. Middendorf, F. Weigend, M. Reiher   
              J. Chem. Phys. 138: 184105 (2013)               
          Finite nucleus model and SNSO approximation         
              Efficient implementation of one- and two-       
              component analytical energy gradients in exact  
              two-component theory                            
              Y. J. Franzke, N. Middendorf, F. Weigend        
              J. Chem. Phys. 148: 104110 (2018)               
          Grids for all-electron relativistic methods         
              Error-consistent segmented contracted all-      
              electron relativistic basis sets of double-     
              and triple-zeta quality for NMR shielding       
              constants                                       
              Y. J. Franzke, R. Tress, T. M. Pazdera,         
              F. Weigend                                      
              Phys. Chem. Chem. Phys. 21: 166658 (2019)       
          Seminumerical exchange algorithms                   
              Seminumerical calculation of the Hartree-Fock   
              exchange matirx: Application to two-component   
              procedures and efficient evaluation of local    
              hybrid functionsl                               
              P. Plessow, F. Weigend,                         
              J. Comput. Chem. 33: 810 (2012)                 
          Improved seminumerical algorithms                   
              C. Holzer, in preparation (2020)                
                                         




              +--------------------------------------------------+
              |      general information about current run       |
              +--------------------------------------------------+

 

 DENSITY CONVERGENCE CHECK SWITCHED ON !
 SCF CONVERGENCE IF RMS(delta[D]) <     0.1000000000E-06

 PBE functional
 exchange:    LDA + PBE
 correlation: LDA (PW) + PBE
 A DFT calculation using the RI-J approximation will be carried out.
 Allocatable memory for RI due to $ricore (MB):                  5000


              +--------------------------------------------------+
              | Atomic coordinate, charge and isotop information |
              +--------------------------------------------------+

                    atomic coordinates            atom    charge  isotop
         -0.20259637   -0.31617110   -0.03783818    cl     0.000     0
          0.01800950    0.01536137    2.46574834    h      0.000     0
          0.12378732    0.13079216    5.63236034    n      7.000     0
          1.92218202    0.17132367    6.28007515    h      1.000     0
         -1.17477919   -2.16015395    6.50263359    c      6.000     0
         -3.09045648   -2.15523634    5.76369796    h      1.000     0
         -0.21384154   -3.80016434    5.72620126    h      1.000     0
         -1.25417634   -2.34570047    8.55261264    h      1.000     0
         -0.74102162    1.69369613    6.31415805    h      1.000     0
 
       center of nuclear mass  :   -0.33983673   -0.61901506    2.82937552
       center of nuclear charge:   -0.53108210   -1.02674777    6.17105939

              +--------------------------------------------------+
              |               basis set information              |
              +--------------------------------------------------+

              we will work with the 1s 3p 5d 7f 9g ... basis set
              ...i.e. with spherical basis functions...

   type   atoms  prim   cont   basis
   ---------------------------------------------------------------------------
    cl       1    182     95   cc-pV5Z   [7s6p4d3f2g1h|52s20p4d3f2g1h]
    h        6     58     55   cc-pV5Z   [5s4p3d2f1g|8s4p3d2f1g]
    n        1    118     91   cc-pV5Z   [6s5p4d3f2g1h|24s8p4d3f2g1h]
    c        1    118     91   cc-pV5Z   [6s5p4d3f2g1h|24s8p4d3f2g1h]
   ---------------------------------------------------------------------------
   total:    9    766    607
   ---------------------------------------------------------------------------

   total number of primitive shells          :  184
   total number of contracted shells         :  155
   total number of cartesian basis functions :  802
   total number of SCF-basis functions       :  607


 integral neglect threshold       :  0.42E-11
 integral storage threshold THIZE :  0.10E-04
 integral storage threshold THIME :         5

 RI-J AUXILIARY BASIS SET information:

              we will work with the 1s 3p 5d 7f 9g ... basis set
              ...i.e. with spherical basis functions...

   type   atoms  prim   cont   basis
   ---------------------------------------------------------------------------
    cl       1     77     51   universal   [8s4p3d1f1g|14s5p5d2f1g]
    h        6     16     11   cc-pV5Z   [3s1p1d|5s2p1d]
    n        1     70     49   cc-pV5Z   [6s4p3d1f1g|12s5p4d2f1g]
    c        1     70     49   cc-pV5Z   [6s4p3d1f1g|12s5p4d2f1g]
   ---------------------------------------------------------------------------
   total:    9    313    215
   ---------------------------------------------------------------------------

   total number of primitive shells          :   83
   total number of contracted shells         :   77
   total number of cartesian basis functions :  257
   total number of SCF-basis functions       :  215


 symmetry group of the molecule :   c1 

 the group has the following generators :
   c1(z)

    1 symmetry operations found

 there are 1 real representations :   a   

 maximum number of shells which are related by symmetry :  1

  
           ------------------
           density functional
           ------------------
 Dummy atoms with grid-point found.
 DFT quadrature threshold dgrenze tightened by factor 1/10.

 PBE functional
 exchange:    LDA + PBE
 correlation: LDA (PW) + PBE
 Dummy atoms with grid-point found.
 DFT quadrature threshold dgrenze tightened by factor 1/10.

 Dummy atoms with grid-point found.
 DFT quadrature threshold dgrenze tightened by factor 1/10.


 spherical integration : Lebedev's spherical grid
 spherical gridsize    :                     5
    i.e. gridpoints    :                   590
 value for diffuse not defined
 radial integration    : Chebyshev 2nd kind (scaling 3)
 radial gridsize       :                     8
 integration cells     :                     9
 partition function    : becke
 partition sharpness   :                     3
  
 found dummy atom(s) with basis: included in dft

 biggest AO integral is expected to be    10.299436986

          ------------------------
          nuclear repulsion energy  :   42.0380643283    
          ------------------------


         -----------------
         -S,T+V- integrals
         -----------------

 1e-integrals will be neglected if expon. factor < 0.416703E-12
 
   Difference densities algorithm switched on.
   The maximal number of linear combinations of
   difference densities is                    20 .

 DIIS switched on: error vector is FDS-SDF
 Max. Iterations for DIIS is     :   4
 DIIS matrix (see manual) 
    Scaling factor of diagonals  :  1.200
    threshold for scaling factor :  0.000

 scf convergence criterion : increment of total energy < .1000000D-06
                  and increment of one-electron energy < .1000000D-03

 MOs are in ASCII format !


    mo occupation :
   irrep   mo's   occupied
    a      607        9
 
 number of basis functions   :   607
 number of occupied orbitals :     9
 

 reading orbital data $scfmo  from file mos
 orbital characterization : expanded
 virtual MOs provided and orthogonalized by Cholesky decomposition

 automatic virtual orbital shift switched on 
      shift if e(lumo)-e(homo) < 0.10000000    

  
           ------------------------
               RI-J - INFORMATION
           ------------------------
 Contributions to RI integral batches: 
  neglected integral batches:                  1159
  direct contribution:                            0
  memory contribution:                 10931
 Memory core needed for (P|Q) and Cholesky      1 MByte
 Memory core minimum needed except of (P|Q)     3 MByte
 Total minimum memory core needed (sum)         3 MByte
  
 ****************************************
 Memory allocated for RI-J   579 MByte
 ****************************************
                                            

 DSCF restart information will be dumped onto file mos


 Starting SCF iterations

          Overall gridpoints after grid construction =        137765

 ITERATION  ENERGY          1e-ENERGY        2e-ENERGY     RMS[dD(SAO)]   TOL
   1  -95.391220935606    -210.05852966     72.629244400    0.000D+00 0.416D-11
                            Exc = -13.8155970126     Coul =  86.4448414123    
                              N = 18.000001300    
                            current damping = 0.300
 
          max. resid. norm for Fia-block=  3.093D-01 for orbital      1a         
          max. resid. fock norm         =  6.071D+01 for orbital    606a         

 ITERATION  ENERGY          1e-ENERGY        2e-ENERGY     RMS[dD(SAO)]   TOL
   2  -95.735330226395    -211.53240800     73.759013446    0.432D-02 0.352D-11
                            Exc = -14.0204502407     Coul =  87.7794636863    
                              N = 18.000000765    
                            current damping = 0.250
 
          Norm of current diis error:  1.5527    
          max. resid. norm for Fia-block=  8.322D-02 for orbital      3a         
          max. resid. fock norm         =  1.898D-01 for orbital    395a         

 ITERATION  ENERGY          1e-ENERGY        2e-ENERGY     RMS[dD(SAO)]   TOL
   3  -95.766497538524    -211.67525407     73.870692202    0.152D-02 0.229D-11
                            Exc = -14.0878073979     Coul =  87.9584996002    
                              N = 18.000000641    
                            current damping = 0.100
 
          Norm of current diis error: 0.78573    
          max. resid. norm for Fia-block=  3.198D-02 for orbital      9a         
          max. resid. fock norm         =  3.283D-02 for orbital      9a         

 ITERATION  ENERGY          1e-ENERGY        2e-ENERGY     RMS[dD(SAO)]   TOL
   4  -95.774237704162    -211.42366988     73.611367851    0.788D-03 0.191D-11
                            Exc = -14.0553284258     Coul =  87.6666962766    
                              N = 18.000000519    
                            current damping = 0.150
 
          Norm of current diis error: 0.37332    
          max. resid. norm for Fia-block=  9.997D-03 for orbital      3a         
          max. resid. fock norm         =  1.822D-02 for orbital    569a         

 ITERATION  ENERGY          1e-ENERGY        2e-ENERGY     RMS[dD(SAO)]   TOL
   5  -95.775496044004    -211.79021911     73.976658739    0.957D-04 0.184D-11
                            Exc = -14.0961946857     Coul =  88.0728534251    
                              N = 18.000000520    
                            current damping = 0.200
 
          Norm of current diis error: 0.15714    
          max. resid. norm for Fia-block=  4.039D-03 for orbital      8a         
          max. resid. fock norm         =  5.294D-03 for orbital    595a         
          mo-orthogonalization: Cholesky decomposition

 ITERATION  ENERGY          1e-ENERGY        2e-ENERGY     RMS[dD(SAO)]   TOL
   6  -95.775787723776    -211.59241957     73.778567515    0.732D-04 0.179D-11
                            Exc = -14.0759884862     Coul =  87.8545560009    
                              N = 18.000000520    
                            current damping = 0.250
 
          Norm of current diis error: 0.35632E-01
          max. resid. norm for Fia-block=  9.578D-04 for orbital      9a         
          max. resid. fock norm         =  1.106D-03 for orbital      6a         

 ITERATION  ENERGY          1e-ENERGY        2e-ENERGY     RMS[dD(SAO)]   TOL
   7  -95.775803526037    -211.62675173     73.812883876    0.115D-04 0.175D-11
                            Exc = -14.0795676947     Coul =  87.8924515710    
                              N = 18.000000519    
                            current damping = 0.300
 
          Norm of current diis error: 0.43785E-02
          max. resid. norm for Fia-block=  1.752D-04 for orbital      9a         
          max. resid. fock norm         =  2.333D-04 for orbital      9a         

 ITERATION  ENERGY          1e-ENERGY        2e-ENERGY     RMS[dD(SAO)]   TOL
   8  -95.775803744734    -211.62778063     73.813912560    0.339D-05 0.172D-11
                            Exc = -14.0796688258     Coul =  87.8935813859    
                              N = 18.000000519    
                            current damping = 0.150
 
          Norm of current diis error: 0.11624E-02
          max. resid. norm for Fia-block=  3.900D-05 for orbital      7a         
          max. resid. fock norm         =  6.503D-05 for orbital    192a         

 ENERGY & DENSITY CONVERGED !


 ITERATION  ENERGY          1e-ENERGY        2e-ENERGY     RMS[dD(SAO)]   TOL
   9  -95.775803755869    -211.62776898     73.813900898    0.421D-06 0.168D-11
                            Exc = -14.0796801126     Coul =  87.8935810110    
                              N = 18.000000519    
                            current damping = 0.200
 
          Norm of current diis error: 0.68459E-03
          max. resid. norm for Fia-block=  1.813D-05 for orbital      9a         
          max. resid. fock norm         =  2.943D-05 for orbital    569a         

 End of SCF iterations

   convergence criteria satisfied after     9 iterations


                  ------------------------------------------ 
                 |  total energy      =    -95.77580375587  |
                  ------------------------------------------ 
                 :  kinetic energy    =     95.38244494081  :
                 :  potential energy  =   -191.15824869668  :
                 :  virial theorem    =      1.99589292076  :
                 :  wavefunction norm =      1.00000000000  :
                  .......................................... 


 <geterg> : there is no data group $energy 


 <skperg> : $end is missing 


 orbitals $scfmo  will be written to file mos

    irrep                  5a          6a          7a          8a          9a   
 eigenvalues H         -0.44102    -0.39338    -0.35978    -0.32528    -0.19759
            eV         -12.0008    -10.7044     -9.7903     -8.8514     -5.3766
 occupation              2.0000      2.0000      2.0000      2.0000      2.0000

    irrep                 10a         11a         12a         13a         14a   
 eigenvalues H         -0.00604     0.02724     0.04225     0.04993     0.08061
            eV          -0.1645      0.7412      1.1496      1.3585      2.1935
 
 
 
 
 ==============================================================================
                           electrostatic moments
 ==============================================================================

 reference point for electrostatic moments:    0.00000   0.00000   0.00000

 
              nuc           elec       ->  total
 ------------------------------------------------------------------------------
                          charge      
 ------------------------------------------------------------------------------
          18.000000     -18.000000       0.000000
 
 ------------------------------------------------------------------------------
                       dipole moment  
 ------------------------------------------------------------------------------
   x      -9.559478       9.572835       0.013357
   y     -18.481460      18.493506       0.012046
   z     111.079069    -110.571402       0.507667
 
   | dipole moment | =     0.5080 a.u. =     1.2912 debye 
 
 ------------------------------------------------------------------------------
                     quadrupole moment
 ------------------------------------------------------------------------------
  xx      23.801405     -33.436622      -9.635218
  yy      55.603898     -65.506466      -9.902567
  zz     694.234556    -700.214078      -5.979522
  xy      24.829025     -25.042127      -0.213101
  xz     -63.325370      63.678136       0.352766
  yz    -121.597772     122.156461       0.558689
 
     1/3  trace=      -8.505769
     anisotropy=       3.982324
 
 ==============================================================================
 
HOMO-LUMO Separation
 HOMO         :   -0.19758516 H =     -5.37657 eV
 LUMO         :   -0.00604484 H =     -0.16449 eV
 HOMO-LUMO gap:    0.19154032 H =     +5.21208 eV
 
 ==============================================================================


    ------------------------------------------------------------------------
         total  cpu-time : 15 minutes and  2 seconds
         total wall-time :  1 minutes and 20 seconds
    ------------------------------------------------------------------------

   ****  ridft : all done  ****


    2020-07-22 06:17:10.590 

