
 ridft (riogrande) : TURBOMOLE rev. V7.4.1 (b987a8a8) compiled 15 Oct 2019 at 12:03:25
 Copyright (C) 2019 TURBOMOLE GmbH, Karlsruhe


    2020-07-20 21:51:26.655 



                                  r i d f t

                        DFT program with RI approximation 
                                for coulomb part 




                                                 
                                 References:     
                                                 
          TURBOMOLE:                             
              R. Ahlrichs, M. Baer, M. Haeser, H. Horn, and
              C. Koelmel
              Electronic structure calculations on workstation
              computers: the program system TURBOMOLE
              Chem. Phys. Lett. 162: 165 (1989)
          Density Functional:                              
              O. Treutler and R. Ahlrichs                      
              Efficient Molecular Numerical Integration Schemes
              J. Chem. Phys. 102: 346 (1995)                   
          Parallel Version:                                
              Performance of parallel TURBOMOLE for Density    
              Functional Calculations                          
              M. v. Arnim and R. Ahlrichs                      
              J. Comp. Chem. 19: 1746 (1998)                   
          RI-J Method:                                     
              Auxiliary Basis Sets to approximate Coulomb      
              Potentials                                       
              Chem. Phys. Lett. 240: 283 (1995)                
              K. Eichkorn, O. Treutler, H. Oehm, M. Haeser     
              and R. Ahlrichs                                  
              Chem. Phys. Lett. 242: 652 (1995)                
                                                           
              Auxiliary Basis Sets for Main Row Atoms and their
              Use to approximate Coulomb Potentials            
              K. Eichkorn, F. Weigend, O. Treutler and         
              R. Ahlrichs                                      
              Theo. Chem. Acc. 97: 119 (1997)                   
                                                           
              Accurate Coulomb-fitting basis sets for H to Rn 
              F. Weigend                                        
              Phys. Chem. Chem. Phys. 8: 1057 (2006)            
                                                           
          Multipole accelerated RI-J (MARI-J):             
              Fast evaluation of the Coulomb potential for     
              electron densities using multipole accelerated   
              resolution of identity approximation             
              M. Sierka, A. Hogekamp and R. Ahlrichs           
              J. Chem. Phys. 118: 9136 (2003)                  
          RI-JK Method:                                     
              A fully direct RI-HF algorithm: Implementation,
              optimised auxiliary basis sets, demonstration of
              accuracy and efficiency                         
              F. Weigend                                      
              Phys. Chem. Chem. Phys. 4: 4285 (2002)           
          Two-component HF and DFT with spin-orbit coupling:  
              Self-consistent treatment of spin-orbit         
              interactions with efficient Hartree-Fock and    
              density functional methods                      
              M. K. Armbruster, F. Weigend, C. van Wüllen and 
              W. Klopper                                      
              Phys. Chem. Chem. Phys. 10: 1748 (2008)         
          Two-component difference density and DIIS algorithm 
              Efficient two-component self-consistent field   
              procedures and gradients: implementation in     
              TURBOMOLE and application to Au20-              
              A. Baldes, F. Weigend                           
              Mol. Phys. 111: 2617 (2013)                     
          Relativistic all-electron 2c calculations           
              An efficient implementation of two-component    
              relativistic exact-decoupling methods for large 
              molecules                                       
              D. Peng, N. Middendorf, F. Weigend, M. Reiher   
              J. Chem. Phys. 138: 184105 (2013)               
          Finite nucleus model and SNSO approximation         
              Efficient implementation of one- and two-       
              component analytical energy gradients in exact  
              two-component theory                            
              Y. J. Franzke, N. Middendorf, F. Weigend        
              J. Chem. Phys. 148: 104110 (2018)               
                                         




              +--------------------------------------------------+
              |      general information about current run       |
              +--------------------------------------------------+

 

 DENSITY CONVERGENCE CHECK SWITCHED ON !
 SCF CONVERGENCE IF RMS(delta[D]) <     0.1000000000E-06

 PBE functional
 exchange:    LDA + PBE
 correlation: LDA (PW) + PBE
 A DFT calculation using the RI-J approximation will be carried out.
 Allocatable memory for RI due to $ricore (MB):                   500


              +--------------------------------------------------+
              | Atomic coordinate, charge and isotop information |
              +--------------------------------------------------+

                    atomic coordinates            atom    charge  isotop
         -1.47034606    0.38916560   -0.00707545    o      8.000     0
          0.38667911    0.57853973   -0.00992153    h      1.000     0
         -2.01194047   -2.07844413   -0.00007110    c      6.000     0
         -5.32553116   -2.43410546    0.00442219    cl    17.000     0
         -0.73426214   -3.67767304   -2.73523262    cl    17.000     0
         -0.72841593   -3.66344674    2.74066828    cl    17.000     0
 
       center of nuclear mass  :   -2.12711087   -2.69406618    0.00166522
       center of nuclear charge:   -2.10374681   -2.65087317    0.00152472

              +--------------------------------------------------+
              |               basis set information              |
              +--------------------------------------------------+

              we will work with the 1s 3p 5d 7f 9g ... basis set
              ...i.e. with spherical basis functions...

   type   atoms  prim   cont   basis
   ---------------------------------------------------------------------------
    o        1     77     55   cc-pVQZ   [5s4p3d2f1g|21s6p3d2f1g]
    h        1     32     30   cc-pVQZ   [4s3p2d1f|6s3p2d1f]
    c        1     77     55   cc-pVQZ   [5s4p3d2f1g|21s6p3d2f1g]
    cl       3    137     59   cc-pVQZ   [6s5p3d2f1g|42s19p3d2f1g]
   ---------------------------------------------------------------------------
   total:    6    597    317
   ---------------------------------------------------------------------------

   total number of primitive shells          :  145
   total number of contracted shells         :   91
   total number of cartesian basis functions :  397
   total number of SCF-basis functions       :  317


 integral neglect threshold       :  0.84E-11
 integral storage threshold THIZE :  0.10E-04
 integral storage threshold THIME :         5

 RI-J AUXILIARY BASIS SET information:

              we will work with the 1s 3p 5d 7f 9g ... basis set
              ...i.e. with spherical basis functions...

   type   atoms  prim   cont   basis
   ---------------------------------------------------------------------------
    o        1     70     49   cc-pVQZ   [6s4p3d1f1g|12s5p4d2f1g]
    h        1     16     11   cc-pVQZ   [3s1p1d|5s2p1d]
    c        1     70     49   cc-pVQZ   [6s4p3d1f1g|12s5p4d2f1g]
    cl       3     77     51   cc-pVQZ   [8s4p3d1f1g|14s5p5d2f1g]
   ---------------------------------------------------------------------------
   total:    6    387    262
   ---------------------------------------------------------------------------

   total number of primitive shells          :   83
   total number of contracted shells         :   86
   total number of cartesian basis functions :  323
   total number of SCF-basis functions       :  262


 symmetry group of the molecule :   c1 

 the group has the following generators :
   c1(z)

    1 symmetry operations found

 there are 1 real representations :   a   

 maximum number of shells which are related by symmetry :  1


    mo occupation :
   irrep   mo's   occupied
    a      317       33
 
 number of basis functions   :                    317
 number of occupied orbitals :                     33
 
  
           ------------------
           density functional
           ------------------
 PBE functional
 exchange:    LDA + PBE
 correlation: LDA (PW) + PBE

 spherical integration : Lebedev's spherical grid
 spherical gridsize    :                     5
    i.e. gridpoints    :                   590
 value for diffuse not defined
 radial integration    : Chebyshev 2nd kind (scaling 3)
 radial gridsize       :                     8
 integration cells     :                     6
 partition function    : becke
 partition sharpness   :                     3
  

 biggest AO integral is expected to be    10.299525420
  
           ------------------------
               RI-J - INFORMATION
           ------------------------
 Contributions to RI integral batches: 
  neglected integral batches:                   258
  direct contribution:                            0
  memory contribution:                  3928
 Memory core needed for (P|Q) and Cholesky      1 MByte
 Memory core minimum needed except of (P|Q)     1 MByte
 Total minimum memory core needed (sum)         2 MByte
  
 ****************************************
 Memory allocated for RI-J   193 MByte
 ****************************************
                                            

          ------------------------
          nuclear repulsion energy  :   365.941276362    
          ------------------------


         -----------------
         -S,T+V- integrals
         -----------------

 1e-integrals will be neglected if expon. factor < 0.841804E-12
 
   Difference densities algorithm switched on.
   The maximal number of linear combinations of
   difference densities is                    20 .

 DIIS switched on: error vector is FDS-SDF
 Max. Iterations for DIIS is     :   4
 DIIS matrix (see manual) 
    Scaling factor of diagonals  :  1.200
    threshold for scaling factor :  0.000

 scf convergence criterion : increment of total energy < .1000000D-06
                  and increment of one-electron energy < .1000000D-03

  MOs are in ASCII format !


 automatic virtual orbital shift switched on 
      shift if e(lumo)-e(homo) < 0.10000000    


 reading orbital data $scfmo  from file mos
 orbital characterization : expanded
 mo provided and orthogonalized by Cholesky decomposition

 DSCF restart information will be dumped onto file mos


 Starting SCF iterations

          Overall gridpoints after grid construction =        114106

 ITERATION  ENERGY          1e-ENERGY        2e-ENERGY     RMS[dD(SAO)]   TOL
   1  -1492.9622287180    -2784.5957440     925.69223896    0.000D+00 0.840D-11
                            Exc = -98.5608715091     Coul =  1024.25311046    
                              N = 65.999999292    
                            current damping = 0.300
 
          max. resid. norm for Fia-block=  3.744D-01 for orbital     22a         
          max. resid. fock norm         =  1.230D+01 for orbital    301a         

 ITERATION  ENERGY          1e-ENERGY        2e-ENERGY     RMS[dD(SAO)]   TOL
   2  -1493.7141155309    -2793.1524248     933.49703290    0.878D-02 0.560D-11
                            Exc = -98.3553041257     Coul =  1031.85233702    
                              N = 65.999999404    
                            current damping = 0.250
 
          Norm of current diis error:  2.8052    
          max. resid. norm for Fia-block=  1.160D-01 for orbital     22a         
          max. resid. fock norm         =  5.080D-01 for orbital    313a         

 ITERATION  ENERGY          1e-ENERGY        2e-ENERGY     RMS[dD(SAO)]   TOL
   3  -1493.9554466143    -2790.0206694     930.12394645    0.364D-02 0.451D-11
                            Exc = -98.3897616588     Coul =  1028.51370810    
                              N = 65.999999405    
                            current damping = 0.200
 
          Norm of current diis error: 0.44717    
          max. resid. norm for Fia-block=  2.102D-02 for orbital      4a         
          max. resid. fock norm         =  3.761D-02 for orbital    291a         

 ITERATION  ENERGY          1e-ENERGY        2e-ENERGY     RMS[dD(SAO)]   TOL
   4  -1493.9626879392    -2790.3627191     930.45875484    0.998D-03 0.404D-11
                            Exc = -98.3662093512     Coul =  1028.82496419    
                              N = 65.999999422    
                            current damping = 0.250
 
          Norm of current diis error: 0.16552    
          max. resid. norm for Fia-block=  7.185D-03 for orbital     26a         
          max. resid. fock norm         =  1.442D-02 for orbital    313a         

 ITERATION  ENERGY          1e-ENERGY        2e-ENERGY     RMS[dD(SAO)]   TOL
   5  -1493.9634102051    -2790.1750694     930.27038279    0.290D-03 0.378D-11
                            Exc = -98.3593147751     Coul =  1028.62969757    
                              N = 65.999999408    
                            current damping = 0.300
 
          Norm of current diis error: 0.95130E-01
          max. resid. norm for Fia-block=  3.643D-03 for orbital     18a         
          max. resid. fock norm         =  5.139D-03 for orbital     26a         
          mo-orthogonalization: Cholesky decomposition

 ITERATION  ENERGY          1e-ENERGY        2e-ENERGY     RMS[dD(SAO)]   TOL
   6  -1493.9636562042    -2790.2761163     930.37118371    0.868D-04 0.372D-11
                            Exc = -98.3704983633     Coul =  1028.74168207    
                              N = 65.999999412    
                            current damping = 0.350
 
          Norm of current diis error: 0.27025E-01
          max. resid. norm for Fia-block=  1.093D-03 for orbital     26a         
          max. resid. fock norm         =  1.692D-03 for orbital     57a         

 ITERATION  ENERGY          1e-ENERGY        2e-ENERGY     RMS[dD(SAO)]   TOL
   7  -1493.9636731319    -2790.2311797     930.32623025    0.351D-04 0.365D-11
                            Exc = -98.3675892241     Coul =  1028.69381947    
                              N = 65.999999413    
                            current damping = 0.400
 
          Norm of current diis error: 0.13566E-01
          max. resid. norm for Fia-block=  4.445D-04 for orbital     24a         
          max. resid. fock norm         =  7.403D-04 for orbital    316a         

 ITERATION  ENERGY          1e-ENERGY        2e-ENERGY     RMS[dD(SAO)]   TOL
   8  -1493.9636802661    -2790.2415523     930.33659568    0.106D-04 0.359D-11
                            Exc = -98.3672681757     Coul =  1028.70386386    
                              N = 65.999999412    
                            current damping = 0.450
 
          Norm of current diis error: 0.18788E-02
          max. resid. norm for Fia-block=  7.558D-05 for orbital     24a         
          max. resid. fock norm         =  1.224D-04 for orbital    316a         

 ITERATION  ENERGY          1e-ENERGY        2e-ENERGY     RMS[dD(SAO)]   TOL
   9  -1493.9636803606    -2790.2414440     930.33648732    0.198D-05 0.353D-11
                            Exc = -98.3674881650     Coul =  1028.70397549    
                              N = 65.999999412    
                            current damping = 0.500
 
          Norm of current diis error: 0.75506E-03
          max. resid. norm for Fia-block=  2.753D-05 for orbital     24a         
          max. resid. fock norm         =  4.018D-05 for orbital    316a         

 ITERATION  ENERGY          1e-ENERGY        2e-ENERGY     RMS[dD(SAO)]   TOL
  10  -1493.9636803827    -2790.2429764     930.33801970    0.636D-06 0.347D-11
                            Exc = -98.3675415148     Coul =  1028.70556122    
                              N = 65.999999413    
                            current damping = 0.550
 
          Norm of current diis error: 0.17055E-03
          max. resid. norm for Fia-block=  7.702D-06 for orbital     26a         
          max. resid. fock norm         =  1.212D-05 for orbital    291a         
          mo-orthogonalization: Cholesky decomposition

 ITERATION  ENERGY          1e-ENERGY        2e-ENERGY     RMS[dD(SAO)]   TOL
  11  -1493.9636803836    -2790.2426521     930.33769536    0.208D-06 0.340D-11
                            Exc = -98.3675155474     Coul =  1028.70521091    
                              N = 65.999999412    
                            current damping = 0.600
 
          Norm of current diis error: 0.20684E-04
          max. resid. norm for Fia-block=  1.574D-06 for orbital     31a         
          max. resid. fock norm         =  3.704D-06 for orbital    315a         

 ENERGY & DENSITY CONVERGED !


 ITERATION  ENERGY          1e-ENERGY        2e-ENERGY     RMS[dD(SAO)]   TOL
  12  -1493.9636803837    -2790.2426338     930.33767706    0.569D-07 0.333D-11
                            Exc = -98.3675134390     Coul =  1028.70519049    
                              N = 65.999999412    
                            current damping = 0.450
 
          Norm of current diis error: 0.10744E-04
          max. resid. norm for Fia-block=  5.038D-07 for orbital     23a         
          max. resid. fock norm         =  1.146D-06 for orbital    315a         

 End of SCF iterations

   convergence criteria satisfied after    12 iterations


                  ------------------------------------------ 
                 |  total energy      =  -1493.96368038366  |
                  ------------------------------------------ 
                 :  kinetic energy    =   1489.92877435222  :
                 :  potential energy  =  -2983.89245473588  :
                 :  virial theorem    =      1.99729919403  :
                 :  wavefunction norm =      1.00000000000  :
                  .......................................... 


 <geterg> : there is no data group $energy 


 <skperg> : $end is missing 


 orbitals $scfmo  will be written to file mos

    irrep                 29a         30a         31a         32a         33a   
 eigenvalues H         -0.31577    -0.30663    -0.28616    -0.27815    -0.27144
            eV          -8.5926     -8.3439     -7.7869     -7.5690     -7.3862
 occupation              2.0000      2.0000      2.0000      2.0000      2.0000

    irrep                 34a         35a         36a         37a         38a   
 eigenvalues H         -0.08259    -0.04130    -0.03366    -0.00982     0.08918
            eV          -2.2475     -1.1238     -0.9159     -0.2673      2.4267
 
 
 
 
 ==============================================================================
                           electrostatic moments
 ==============================================================================

 reference point for electrostatic moments:    0.00000   0.00000   0.00000

 
              nuc           elec       ->  total
 ------------------------------------------------------------------------------
                          charge      
 ------------------------------------------------------------------------------
          66.000000     -66.000000       0.000000
 
 ------------------------------------------------------------------------------
                       dipole moment  
 ------------------------------------------------------------------------------
   x    -138.847289     139.338590       0.491301
   y    -174.957629     175.327132       0.369503
   z       0.100632      -0.102275      -0.001643
 
   | dipole moment | =     0.6147 a.u. =     1.5625 debye 
 
 ------------------------------------------------------------------------------
                     quadrupole moment
 ------------------------------------------------------------------------------
  xx     542.059506    -578.260361     -36.200855
  yy     586.272724    -624.218430     -37.945707
  zz     254.877754    -292.080259     -37.202505
  xy     332.376769    -331.962996       0.413774
  xz      -0.115577       0.109554      -0.006023
  yz       0.113112      -0.114378      -0.001266
 
     1/3  trace=     -37.116356
     anisotropy=       1.677444
 
 ==============================================================================
 
HOMO-LUMO Separation
 HOMO         :   -0.27143518 H =     -7.38613 eV
 LUMO         :   -0.08259465 H =     -2.24752 eV
 HOMO-LUMO gap:    0.18884053 H =     +5.13862 eV
 
 ==============================================================================


    ------------------------------------------------------------------------
         total  cpu-time :  34.94 seconds
         total wall-time :  34.94 seconds
    ------------------------------------------------------------------------

   ****  ridft : all done  ****


    2020-07-20 21:52:01.590 

