
   OpenMP run-time library returned nthreads = 20

 rirpa (c-13-42) : TURBOMOLE rev. V7.5.0 compiled 17 Jun 2020 at 09:15:30
 Copyright (C) 2020 TURBOMOLE GmbH, Karlsruhe


    2020-08-04 20:12:23.996 

 
 
    *************************************************************************
    *************************** PROGRAM RIRPA *******************************
    ******                                                             ******
    ******              H. Eshuis, J. E. Bates and F. Furche           ******
    ******                                                             ******
    ****** Nov 2011                                                    ******
    ****** Copyright TURBOMOLE GmbH                                    ******
    *************************************************************************
    
    
                                References:                                  
    
                   RIRPA:                                                    
                     H. Eshuis, J. Yarkony, and F. Furche                    
                     Fast Computation of Molecular Random Phase              
                     Approximation Correlation Energies Using Resolution     
                     of the Identity and Imaginary Frequency Integration     
                     J. Chem. Phys. 132: 234114 (2010)                       
    
                     H. Eshuis, J. E. Bates, and F. Furche                   
                     Electron Correlation Methods Based on                   
                     the Random Phase Approximation                          
                     Theor. Chem. Acc.  131: 1084 (2012)                     
    
                     G. P. Chen, V. K. Voora, M. M. Agee,                    
                     S. G. Balasubramani, and F. Furche                      
                     Random-Phase Approximation Methods                      
                     Annu. Rev. Phys. Chem. 68: 421 (2017)                   
    
                   TWO-COMPONENT RIRPA:                                      
                     M. Kuehn                                                
                     Correlation Energies from the                           
                     Two-Component Random-Phase Approximation                
                     J. Chem. Theory Comput. 10: 623 (2014)                  
    
                   RIRPA GRADIENTS:                                          
                     A. M. Burow, J. E. Bates, F. Furche*, and H. Eshuis     
                     Analytical First-Order Molecular Properties and Forces  
                     within the Adiabatic Connection Random Phase            
                     Approximation                                           
                     J. Chem. Theory Comput. 10: 180 (2014)                  
    
                   RI-AXK/RI-ACSOSEX/RI-ACSOX:                               
                     G. P. Chen, M. M. Agee, and F. Furche                   
                     Performance and Scope of Perturbative Corrections to    
                     Random-Phase Approximation Energies                     
                     J. Chem. Theory Comput. 14: 5701 (2018)                 
    
                   GKS-RPA:                                                  
                     V. K. Voora, S. G. Balasubramani, and F. Furche         
                     Variational Generalized Kohn-Sham Approach Combining    
                     the Random-Phase-Approximation and Green’s-Function     
                     Methods                                                 
                     Phys. Rev. A 99: 012518 (2019)                          
    
    
    
      ... OpenMP parallelization enabled, threads:   20

   *-----------------------------------------------------------------------*
   |                     program will use 20 thread(s)                     |
   *-----------------------------------------------------------------------*

 MAXIMUM CORE MEMORY WHICH CAN BE ALLOCATED DYNAMICALLY = 100000 MiB
              ( or 13107200000 double words per process)

 
                FOUND RI-J FLAG
 
  HF exact exchange energy will be computed using RI-J.


              +--------------------------------------------------+
              | Atomic coordinate, charge and isotop information |
              +--------------------------------------------------+

                    atomic coordinates            atom    charge  isotop
          0.09850255   -0.06031914    3.47834386    c      0.000     0
         -2.81893433    1.60098997    3.31681837    cl     0.000     0
          1.53428586    1.04827978    2.52895368    h      0.000     0
         -0.12814461   -1.86945823    2.54695911    h      0.000     0
          0.58807766   -0.32719434    5.44846428    h      0.000     0
          0.07512478   -0.03894023   -3.22635700    c      6.000     0
         -0.06099414    0.02087545   -5.27222067    h      1.000     0
         -1.56211788   -1.00778521   -2.45918748    h      1.000     0
          1.78514677   -1.03829019   -2.68949583    h      1.000     0
          0.13143558    1.87402854   -2.48796790    h      1.000     0
 
       center of nuclear mass  :   -1.43614501    0.81552514    1.77682816
       center of nuclear charge:    0.07442190   -0.03848128   -3.22670139
              +-------------------------------------------------+
              |        Rotational Constants Section             |
              +-------------------------------------------------+
                                   Center of Mass [a.u]:
              -1.43614500897113         0.81552514158203         1.77682816029299
                     Principal Moments of Inertia [a.u.]
             134.60592472279126       627.78457252026578       739.76056361130077
                       Rotational constants A,B,C [a.u.]
               0.00371454674844         0.00079645155661         0.00067589436987
                     Rotational constants A,B,C [cm**-1]
               0.44722909946518         0.09589226803516         0.08137725834231
                        Rotational constants A,B,C [MHz]
           13407.59110177922230      2874.77787374553600      2439.62883037428537

   * BASIS SET information:

              +--------------------------------------------------+
              |               basis set information              |
              +--------------------------------------------------+

              we will work with the 1s 3p 5d 7f 9g ... basis set
              ...i.e. with spherical basis functions...

   type   atoms  prim   cont   basis
   ---------------------------------------------------------------------------
    c        2    172    140   cc-pV6Z   [7s6p5d4f3g2h1i|27s10p5d4f3g2h1i]
    cl       1    242    149   cc-pV(6+d)Z   [8s7p6d4f3g2h1i|53s23p6d4f3g2h1i]
    h        7     95     91   cc-pV6Z   [6s5p4d3f2g1h|10s5p4d3f2g1h]
   ---------------------------------------------------------------------------
   total:   10   1251   1066
   ---------------------------------------------------------------------------

   total number of primitive shells          :  169
   total number of contracted shells         :  234
   total number of cartesian basis functions : 1522
   total number of SCF-basis functions       : 1066


   * AUXILIARY BASIS SET information:

              +--------------------------------------------------+
              |               basis set information              |
              +--------------------------------------------------+

              we will work with the 1s 3p 5d 7f 9g ... basis set
              ...i.e. with spherical basis functions...

   type   atoms  prim   cont   basis
   ---------------------------------------------------------------------------
    c        2    283    283   cc-pV6Z   [12s10p8d7f6g4h3i1k|12s10p8d7f6g4h3i1k]
    cl       1    342    342   cc-pV(6+d)Z   [13s13p11d9f7g5h3i1k|13s13p11d9f7g5h3i1k]
    h        7    140    140   cc-pV6Z   [7s6p5d4f3g2h1i|7s6p5d4f3g2h1i]
   ---------------------------------------------------------------------------
   total:   10   1888   1888
   ---------------------------------------------------------------------------

   total number of primitive shells          :  141
   total number of contracted shells         :  360
   total number of cartesian basis functions : 2916
   total number of SCF-basis functions       : 1888


   * RIJ AUXILIARY BASIS SET information:

              +--------------------------------------------------+
              |               basis set information              |
              +--------------------------------------------------+

              we will work with the 1s 3p 5d 7f 9g ... basis set
              ...i.e. with spherical basis functions...

   type   atoms  prim   cont   basis
   ---------------------------------------------------------------------------
    c        2     70     49   universal   [6s4p3d1f1g|12s5p4d2f1g]
    cl       1     77     51   universal   [8s4p3d1f1g|14s5p5d2f1g]
    h        7     16     11   universal   [3s1p1d|5s2p1d]
   ---------------------------------------------------------------------------
   total:   10    329    226
   ---------------------------------------------------------------------------

   total number of primitive shells          :   59
   total number of contracted shells         :   82
   total number of cartesian basis functions :  269
   total number of SCF-basis functions       :  226


 reading orbital data $scfmo  from file mos
 orbital characterization : scfconv=7

 integral neglect threshold       :  0.27E+02

 scfconv                     7

 there are 1 real representations :   a   

 maximum number of shells which are related by symmetry :  1

 entered riccmos at 2020-08-04 20:12:25.218
VM size:      1508 MB
  MOs are in ASCII format !


 reading orbital data $scfmo  from file mos
 orbital characterization : scfconv=7
after riccmoinp VM size:      1436 MB
registered memory usage:         9 MB
 time elapsed for calculating density matrices :   4.433 sec



              +--------------------------------------------+
              | list of orbitals that will be kept frozen: |
              +--------------------------------------------+
              |   irrep   index      energy     occ/vir    |
              +--------------------------------------------+
              |   a         1       -9.8618     occupied   |
              +--------------------------------------------+



   Molecular Orbital Statistic:
   ============================

   -----------------------------
   orbitals in total:
   -----------------------------
    frozen occupied :      1
    active occupied :      4
    active virtual  :   1061
    frozen virtual  :      0
    all together    :   1066
   -----------------------------


     time in riccmoinp     cpu:  4.48 sec    wall:  1.06 sec    ratio:  4.2
     time in scfdens       cpu:  4.44 sec    wall:  0.23 sec    ratio: 19.2
     time in mkiao         cpu:  0.00 sec    wall:  0.00 sec    ratio:  0.0
     time in mkiho         cpu:  0.00 sec    wall:  0.00 sec    ratio:  0.0
     time in sao2ao        cpu:  0.64 sec    wall:  0.03 sec    ratio: 20.0
     time in ricclmos      cpu:  0.00 sec    wall:  0.00 sec    ratio:  0.0
     time in riccmos       cpu: 12.49 sec    wall:  1.48 sec    ratio:  8.5
 leave riccmos at 2020-08-04 20:12:26.695

     total memory allocated for calculation of (Q|P)**(-1/2) : 41 MiB


     calculation of (P|Q) ...
     time in lp2sym        cpu:  2.54 sec    wall:  0.13 sec    ratio: 19.9


     calculation of the Cholesky decomposition of (P|Q)**(-1) ...
     time in invmetri      cpu: 10.24 sec    wall:  0.58 sec    ratio: 17.7

   threshold for RMS(d[D]) in SCF was     :  0.10E-06
   integral neglect threshold             :  0.11E-11
   derivative integral neglect threshold  :  0.10E-06


 setting up bound for integral derivative estimation

 increment for numerical differentiation : 0.00050000
 
 Occupied orbital block size for RIRPA:                     4
 
 Number of passes for spin                     1 is                     1
 
 Number of eigenvalues < 6e-3:                      0
 
 
            -----------------------------
            Complex frequency integration
            -----------------------------
 
 Number of Clenshaw-Curtis nodes:                    100
 Optimized scaling parameter    :    3.16144864701086     
 Sensitivity measure            :  -5.631937624595018E-012
 
 Done with rirpa frequency point #                     1
 Done with rirpa frequency point #                     2
 Done with rirpa frequency point #                     3
 Done with rirpa frequency point #                     4
 Done with rirpa frequency point #                     5
 Done with rirpa frequency point #                     6
 Done with rirpa frequency point #                     7
 Done with rirpa frequency point #                     8
 Done with rirpa frequency point #                     9
 Done with rirpa frequency point #                    10
 Done with rirpa frequency point #                    11
 Done with rirpa frequency point #                    12
 Done with rirpa frequency point #                    13
 Done with rirpa frequency point #                    14
 Done with rirpa frequency point #                    15
 Done with rirpa frequency point #                    16
 Done with rirpa frequency point #                    17
 Done with rirpa frequency point #                    18
 Done with rirpa frequency point #                    19
 Done with rirpa frequency point #                    20
 Done with rirpa frequency point #                    21
 Done with rirpa frequency point #                    22
 Done with rirpa frequency point #                    23
 Done with rirpa frequency point #                    24
 Done with rirpa frequency point #                    25
 Done with rirpa frequency point #                    26
 Done with rirpa frequency point #                    27
 Done with rirpa frequency point #                    28
 Done with rirpa frequency point #                    29
 Done with rirpa frequency point #                    30
 Done with rirpa frequency point #                    31
 Done with rirpa frequency point #                    32
 Done with rirpa frequency point #                    33
 Done with rirpa frequency point #                    34
 Done with rirpa frequency point #                    35
 Done with rirpa frequency point #                    36
 Done with rirpa frequency point #                    37
 Done with rirpa frequency point #                    38
 Done with rirpa frequency point #                    39
 Done with rirpa frequency point #                    40
 Done with rirpa frequency point #                    41
 Done with rirpa frequency point #                    42
 Done with rirpa frequency point #                    43
 Done with rirpa frequency point #                    44
 Done with rirpa frequency point #                    45
 Done with rirpa frequency point #                    46
 Done with rirpa frequency point #                    47
 Done with rirpa frequency point #                    48
 Done with rirpa frequency point #                    49
 Done with rirpa frequency point #                    50
 Done with rirpa frequency point #                    51
 Done with rirpa frequency point #                    52
 Done with rirpa frequency point #                    53
 Done with rirpa frequency point #                    54
 Done with rirpa frequency point #                    55
 Done with rirpa frequency point #                    56
 Done with rirpa frequency point #                    57
 Done with rirpa frequency point #                    58
 Done with rirpa frequency point #                    59
 Done with rirpa frequency point #                    60
 Done with rirpa frequency point #                    61
 Done with rirpa frequency point #                    62
 Done with rirpa frequency point #                    63
 Done with rirpa frequency point #                    64
 Done with rirpa frequency point #                    65
 Done with rirpa frequency point #                    66
 Done with rirpa frequency point #                    67
 Done with rirpa frequency point #                    68
 Done with rirpa frequency point #                    69
 Done with rirpa frequency point #                    70
 Done with rirpa frequency point #                    71
 Done with rirpa frequency point #                    72
 Done with rirpa frequency point #                    73
 Done with rirpa frequency point #                    74
 Done with rirpa frequency point #                    75
 Done with rirpa frequency point #                    76
 Done with rirpa frequency point #                    77
 Done with rirpa frequency point #                    78
 Done with rirpa frequency point #                    79
 Done with rirpa frequency point #                    80
 Done with rirpa frequency point #                    81
 Done with rirpa frequency point #                    82
 Done with rirpa frequency point #                    83
 Done with rirpa frequency point #                    84
 Done with rirpa frequency point #                    85
 Done with rirpa frequency point #                    86
 Done with rirpa frequency point #                    87
 Done with rirpa frequency point #                    88
 Done with rirpa frequency point #                    89
 Done with rirpa frequency point #                    90
 Done with rirpa frequency point #                    91
 Done with rirpa frequency point #                    92
 Done with rirpa frequency point #                    93
 Done with rirpa frequency point #                    94
 Done with rirpa frequency point #                    95
 Done with rirpa frequency point #                    96
 Done with rirpa frequency point #                    97
 Done with rirpa frequency point #                    98
 Done with rirpa frequency point #                    99
 Done with rirpa frequency point #                   100
 


 RI-RPA correlation energy: -0.3939297716340257E+00
 Allocatable memory for RI due to $ricore (MB):                  5000

 there are 1 real representations :   a   

 maximum number of shells which are related by symmetry :  1

  
           ------------------------
               RI-J - INFORMATION
           ------------------------
 Contributions to RI integral batches: 
  neglected integral batches:                  4349
  direct contribution:                            0
  memory contribution:                 23146

          ------------------------
          nuclear repulsion energy  :   13.4898574003    
          ------------------------


         -----------------
         -S,T+V- integrals
         -----------------

 1e-integrals will be neglected if expon. factor < 0.114312E-11

                  --------------------------------------------------- 
                 |  HXX+RIRPA total energy     =    -40.60150585417  |
                  ---------------------------------------------------- 
                 :  RIRPA correlation energy   =     -0.39392977163  :
                 :  HXX total energy           =    -40.20757608253  :
                 :  Hartree energy             =     32.83978479385  :
                 :  Exact Exchange energy      =     -6.57695964107  :
                  .................................................... 


    ------------------------------------------------------------------------
    Rirpa profiling                cpu                    wall         ratio
    ------------------------------------------------------------------------
    module                         sec     %               sec     %
    ------------------------------------------------------------------------
    RIRPA                      5212.5  100.00          434.4  100.00  12.0
    STARTUP                       6.6    0.13            1.2    0.28   5.5
    riccmos                      12.5    0.24            1.5    0.34   8.5
    riccaux                      13.1    0.25            0.7    0.17  18.1
    riccbound                    67.9    1.30           64.4   14.83   1.1
    ccmkbaoi                    137.9    2.65            7.4    1.70  18.7
    ecrpa                       721.7   13.85           36.1    8.32  20.0
    qbuild                      647.7   12.43           32.4    7.46  20.0
    rparenrm                     68.3    1.31            3.4    0.79  20.0
    ehxx                       4251.2   81.56          323.0   74.35  13.2
    ------------------------------------------------------------------------
    sum                       11141.4  213.75          904.6  208.25  12.3
    ------------------------------------------------------------------------


    ------------------------------------------------------------------------
         total  cpu-time :  1 hours 26 minutes and 53 seconds
         total wall-time :  7 minutes and 15 seconds
    ------------------------------------------------------------------------

   ****  rirpa : all done  ****


    2020-08-04 20:19:38.404 

