           SMPCPUS    set: Shared-memory Parallelization with  10 CPUs.

           SMP Parallelization Reference:
           C. van Wullen, J. Comput. Chem. 32 (2011) 1195--1201

 ridft (c-12-37) : TURBOMOLE rev. V7.5.0 compiled 13 Jun 2020 at 23:29:25
 Copyright (C) 2020 TURBOMOLE GmbH, Karlsruhe


    2020-12-12 22:34:28.912 



                                  r i d f t

                        DFT program with RI approximation 
                                for coulomb part 




                                                 
                                 References:     
                                                 
          TURBOMOLE:                             
              R. Ahlrichs, M. Baer, M. Haeser, H. Horn, and
              C. Koelmel
              Electronic structure calculations on workstation
              computers: the program system TURBOMOLE
              Chem. Phys. Lett. 162: 165 (1989)
          Density Functional:                              
              O. Treutler and R. Ahlrichs                      
              Efficient Molecular Numerical Integration Schemes
              J. Chem. Phys. 102: 346 (1995)                   
          Parallel Version:                                
              Performance of parallel TURBOMOLE for Density    
              Functional Calculations                          
              M. v. Arnim and R. Ahlrichs                      
              J. Comp. Chem. 19: 1746 (1998)                   
          RI-J Method:                                     
              Auxiliary Basis Sets to approximate Coulomb      
              Potentials                                       
              Chem. Phys. Lett. 240: 283 (1995)                
              K. Eichkorn, O. Treutler, H. Oehm, M. Haeser     
              and R. Ahlrichs                                  
              Chem. Phys. Lett. 242: 652 (1995)                
                                                           
              Auxiliary Basis Sets for Main Row Atoms and their
              Use to approximate Coulomb Potentials            
              K. Eichkorn, F. Weigend, O. Treutler and         
              R. Ahlrichs                                      
              Theo. Chem. Acc. 97: 119 (1997)                   
                                                           
              Accurate Coulomb-fitting basis sets for H to Rn 
              F. Weigend                                        
              Phys. Chem. Chem. Phys. 8: 1057 (2006)            
                                                           
          Multipole accelerated RI-J (MARI-J):             
              Fast evaluation of the Coulomb potential for     
              electron densities using multipole accelerated   
              resolution of identity approximation             
              M. Sierka, A. Hogekamp and R. Ahlrichs           
              J. Chem. Phys. 118: 9136 (2003)                  
          RI-JK Method:                                     
              A fully direct RI-HF algorithm: Implementation,
              optimised auxiliary basis sets, demonstration of
              accuracy and efficiency                         
              F. Weigend                                      
              Phys. Chem. Chem. Phys. 4: 4285 (2002)           
          Two-component HF and DFT with spin-orbit coupling:  
              Self-consistent treatment of spin-orbit         
              interactions with efficient Hartree-Fock and    
              density functional methods                      
              M. K. Armbruster, F. Weigend, C. van Wüllen and 
              W. Klopper                                      
              Phys. Chem. Chem. Phys. 10: 1748 (2008)         
          Two-component difference density and DIIS algorithm 
              Efficient two-component self-consistent field   
              procedures and gradients: implementation in     
              TURBOMOLE and application to Au20-              
              A. Baldes, F. Weigend                           
              Mol. Phys. 111: 2617 (2013)                     
          Relativistic all-electron 2c calculations           
              An efficient implementation of two-component    
              relativistic exact-decoupling methods for large 
              molecules                                       
              D. Peng, N. Middendorf, F. Weigend, M. Reiher   
              J. Chem. Phys. 138: 184105 (2013)               
          Finite nucleus model and SNSO approximation         
              Efficient implementation of one- and two-       
              component analytical energy gradients in exact  
              two-component theory                            
              Y. J. Franzke, N. Middendorf, F. Weigend        
              J. Chem. Phys. 148: 104110 (2018)               
          Grids for all-electron relativistic methods         
              Error-consistent segmented contracted all-      
              electron relativistic basis sets of double-     
              and triple-zeta quality for NMR shielding       
              constants                                       
              Y. J. Franzke, R. Tress, T. M. Pazdera,         
              F. Weigend                                      
              Phys. Chem. Chem. Phys. 21: 166658 (2019)       
          Seminumerical exchange algorithms                   
              Seminumerical calculation of the Hartree-Fock   
              exchange matirx: Application to two-component   
              procedures and efficient evaluation of local    
              hybrid functionsl                               
              P. Plessow, F. Weigend,                         
              J. Comput. Chem. 33: 810 (2012)                 
          Improved seminumerical algorithms                   
              C. Holzer, in preparation (2020)                
                                         




              +--------------------------------------------------+
              |      general information about current run       |
              +--------------------------------------------------+

 

 DENSITY CONVERGENCE CHECK SWITCHED ON !
 SCF CONVERGENCE IF RMS(delta[D]) <     0.1000000000E-06

 TPSS meta-GGA functional
 exchange:    LDA + TPSS
 correlation: LDA (PW) + TPSS
 A DFT calculation using the RI-J approximation will be carried out.
 Allocatable memory for RI due to $ricore (MB):                  5000


              +--------------------------------------------------+
              | Atomic coordinate, charge and isotop information |
              +--------------------------------------------------+

                    atomic coordinates            atom    charge  isotop
         -0.20259637   -0.31617110   -0.03783818    cl    17.000     0
          0.01800950    0.01536137    2.46574834    h      1.000     0
          0.12378732    0.13079216    5.63236034    n      0.000     0
          1.92218202    0.17132367    6.28007515    h      0.000     0
         -1.17477919   -2.16015395    6.50263359    c      0.000     0
         -3.09045648   -2.15523634    5.76369796    h      0.000     0
         -0.21384154   -3.80016434    5.72620126    h      0.000     0
         -1.25417634   -2.34570047    8.55261264    h      0.000     0
         -0.74102162    1.69369613    6.31415805    h      0.000     0
 
       center of nuclear mass  :   -0.33983673   -0.61901506    2.82937552
       center of nuclear charge:   -0.19034048   -0.29775263    0.10124996

              +--------------------------------------------------+
              |               basis set information              |
              +--------------------------------------------------+

              we will work with the 1s 3p 5d 7f 9g ... basis set
              ...i.e. with spherical basis functions...

   type   atoms  prim   cont   basis
   ---------------------------------------------------------------------------
    cl       1    137     59   cc-pVQZ   [6s5p3d2f1g|42s19p3d2f1g]
    h        6     32     30   cc-pVQZ   [4s3p2d1f|6s3p2d1f]
    n        1     77     55   cc-pVQZ   [5s4p3d2f1g|21s6p3d2f1g]
    c        1     77     55   cc-pVQZ   [5s4p3d2f1g|21s6p3d2f1g]
   ---------------------------------------------------------------------------
   total:    9    483    349
   ---------------------------------------------------------------------------

   total number of primitive shells          :  145
   total number of contracted shells         :  107
   total number of cartesian basis functions :  424
   total number of SCF-basis functions       :  349


 integral neglect threshold       :  0.79E-11
 integral storage threshold THIZE :  0.10E-04
 integral storage threshold THIME :         5

 RI-J AUXILIARY BASIS SET information:

              we will work with the 1s 3p 5d 7f 9g ... basis set
              ...i.e. with spherical basis functions...

   type   atoms  prim   cont   basis
   ---------------------------------------------------------------------------
    cl       1     77     51   cc-pVQZ   [8s4p3d1f1g|14s5p5d2f1g]
    h        6     16     11   cc-pVQZ   [3s1p1d|5s2p1d]
    n        1     70     49   cc-pVQZ   [6s4p3d1f1g|12s5p4d2f1g]
    c        1     70     49   cc-pVQZ   [6s4p3d1f1g|12s5p4d2f1g]
   ---------------------------------------------------------------------------
   total:    9    313    215
   ---------------------------------------------------------------------------

   total number of primitive shells          :   83
   total number of contracted shells         :   77
   total number of cartesian basis functions :  257
   total number of SCF-basis functions       :  215


 symmetry group of the molecule :   c1 

 the group has the following generators :
   c1(z)

    1 symmetry operations found

 there are 1 real representations :   a   

 maximum number of shells which are related by symmetry :  1

  
           ------------------
           density functional
           ------------------
 Dummy atoms with grid-point found.
 DFT quadrature threshold dgrenze tightened by factor 1/10.

 TPSS meta-GGA functional
 exchange:    LDA + TPSS
 correlation: LDA (PW) + TPSS
 Dummy atoms with grid-point found.
 DFT quadrature threshold dgrenze tightened by factor 1/10.

 Dummy atoms with grid-point found.
 DFT quadrature threshold dgrenze tightened by factor 1/10.


 spherical integration : Lebedev's spherical grid
 spherical gridsize    :                     5
    i.e. gridpoints    :                   590
 value for diffuse not defined
 radial integration    : Chebyshev 2nd kind (scaling 3)
 radial gridsize       :                     8
 integration cells     :                     9
 partition function    : becke
 partition sharpness   :                     3
  
 found dummy atom(s) with basis: included in dft

 biggest AO integral is expected to be    10.299525420

          ------------------------
          nuclear repulsion energy  :   6.70595723415    
          ------------------------


         -----------------
         -S,T+V- integrals
         -----------------

 1e-integrals will be neglected if expon. factor < 0.788198E-12
 
   Difference densities algorithm switched on.
   The maximal number of linear combinations of
   difference densities is                    20 .

 DIIS switched on: error vector is FDS-SDF
 Max. Iterations for DIIS is     :   4
 DIIS matrix (see manual) 
    Scaling factor of diagonals  :  1.200
    threshold for scaling factor :  0.000

 scf convergence criterion : increment of total energy < .1000000D-06
                  and increment of one-electron energy < .1000000D-03

 MOs are in ASCII format !


    mo occupation :
   irrep   mo's   occupied
    a      349        9
 
 number of basis functions   :   349
 number of occupied orbitals :     9
 

 reading orbital data $scfmo  from file mos
 orbital characterization : scfconv=7
 mo-orthogonalization by Cholesky decomposition

 automatic virtual orbital shift switched on 
      shift if e(lumo)-e(homo) < 0.10000000    

  
           ------------------------
               RI-J - INFORMATION
           ------------------------
 Contributions to RI integral batches: 
  neglected integral batches:                   423
  direct contribution:                            0
  memory contribution:                  5355
 Memory core needed for (P|Q) and Cholesky      1 MByte
 Memory core minimum needed except of (P|Q)     1 MByte
 Total minimum memory core needed (sum)         2 MByte
  
 ****************************************
 Memory allocated for RI-J   169 MByte
 ****************************************
                                            

 DSCF restart information will be dumped onto file mos


 Starting SCF iterations

          Overall gridpoints after grid construction =        137765

 ITERATION  ENERGY          1e-ENERGY        2e-ENERGY     RMS[dD(SAO)]   TOL
   1  -460.84772803443    -649.17944577     181.62576050    0.000D+00 0.786D-11
                            Exc = -28.5693382186     Coul =  210.195098717    
                              N = 17.999999304    
                            current damping = 0.300
 
          max. resid. norm for Fia-block=  5.880D-02 for orbital      1a         
          max. resid. fock norm         =  2.120D-01 for orbital    307a         

 ITERATION  ENERGY          1e-ENERGY        2e-ENERGY     RMS[dD(SAO)]   TOL
   2  -460.84822056491    -649.24175506     181.68757726    0.340D-03 0.498D-11
                            Exc = -28.5809868252     Coul =  210.268564085    
                              N = 17.999999331    
                            current damping = 0.250
 
          Norm of current diis error: 0.15544E-01
          max. resid. norm for Fia-block=  1.308D-02 for orbital      1a         
          max. resid. fock norm         =  5.299D-02 for orbital    309a         

 ITERATION  ENERGY          1e-ENERGY        2e-ENERGY     RMS[dD(SAO)]   TOL
   3  -460.84824429680    -649.22067234     181.66647081    0.778D-04 0.407D-11
                            Exc = -28.5804977604     Coul =  210.246968574    
                              N = 17.999999336    
                            current damping = 0.200
 
          Norm of current diis error: 0.52488E-02
          max. resid. norm for Fia-block=  2.679D-03 for orbital      1a         
          max. resid. fock norm         =  1.132D-02 for orbital    312a         

 ITERATION  ENERGY          1e-ENERGY        2e-ENERGY     RMS[dD(SAO)]   TOL
   4  -460.84824571202    -649.24323231     181.68902936    0.214D-04 0.374D-11
                            Exc = -28.5823510167     Coul =  210.271380379    
                              N = 17.999999339    
                            current damping = 0.250
 
          Norm of current diis error: 0.33700E-02
          max. resid. norm for Fia-block=  4.327D-04 for orbital      1a         
          max. resid. fock norm         =  2.018D-03 for orbital    313a         

 ITERATION  ENERGY          1e-ENERGY        2e-ENERGY     RMS[dD(SAO)]   TOL
   5  -460.84824643448    -649.23584856     181.68164489    0.369D-05 0.362D-11
                            Exc = -28.5819156661     Coul =  210.263560553    
                              N = 17.999999339    
                            current damping = 0.300
 
          Norm of current diis error: 0.30204E-03
          max. resid. norm for Fia-block=  8.356D-05 for orbital      1a         
          max. resid. fock norm         =  4.811D-04 for orbital    313a         
          mo-orthogonalization: Cholesky decomposition

 ITERATION  ENERGY          1e-ENERGY        2e-ENERGY     RMS[dD(SAO)]   TOL
   6  -460.84824644200    -649.23420222     181.67999855    0.755D-06 0.350D-11
                            Exc = -28.5817982067     Coul =  210.261796755    
                              N = 17.999999339    
                            current damping = 0.150
 
          Norm of current diis error: 0.12461E-03
          max. resid. norm for Fia-block=  2.071D-05 for orbital      1a         
          max. resid. fock norm         =  1.115D-04 for orbital    313a         

 ITERATION  ENERGY          1e-ENERGY        2e-ENERGY     RMS[dD(SAO)]   TOL
   7  -460.84824644289    -649.23452846     181.68032478    0.210D-06 0.342D-11
                            Exc = -28.5818247641     Coul =  210.262149548    
                              N = 17.999999339    
                            current damping = 0.200
 
          Norm of current diis error: 0.24107E-04
          max. resid. norm for Fia-block=  2.919D-06 for orbital      1a         
          max. resid. fock norm         =  1.735D-05 for orbital    313a         

 ENERGY & DENSITY CONVERGED !


 ITERATION  ENERGY          1e-ENERGY        2e-ENERGY     RMS[dD(SAO)]   TOL
   8  -460.84824644293    -649.23460244     181.68039876    0.457D-07 0.332D-11
                            Exc = -28.5818306783     Coul =  210.262229438    
                              N = 17.999999339    
                            current damping = 0.100
 
          Norm of current diis error: 0.47004E-05
          max. resid. norm for Fia-block=  7.435D-07 for orbital      7a         
          max. resid. fock norm         =  4.368D-06 for orbital    313a         

 End of SCF iterations

   convergence criteria satisfied after     8 iterations


                  ------------------------------------------ 
                 |  total energy      =   -460.84824644293  |
                  ------------------------------------------ 
                 :  kinetic energy    =    459.47334926854  :
                 :  potential energy  =   -920.32159571148  :
                 :  virial theorem    =      1.99701659454  :
                 :  wavefunction norm =      1.00000000000  :
                  .......................................... 


 orbitals $scfmo  will be written to file mos

    irrep                  5a          6a          7a          8a          9a   
 eigenvalues H         -7.03290    -0.78020    -0.43089    -0.29720    -0.29719
            eV        -191.3764    -21.2304    -11.7251     -8.0872     -8.0870
 occupation              2.0000      2.0000      2.0000      2.0000      2.0000

    irrep                 10a         11a         12a         13a         14a   
 eigenvalues H         -0.04381     0.05068     0.09131     0.09678     0.11317
            eV          -1.1920      1.3791      2.4846      2.6335      3.0796
 
 
 
 
 ==============================================================================
                           electrostatic moments
 ==============================================================================

 reference point for electrostatic moments:    0.00000   0.00000   0.00000

 
              nuc           elec       ->  total
 ------------------------------------------------------------------------------
                          charge      
 ------------------------------------------------------------------------------
          18.000000     -18.000000       0.000000
 
 ------------------------------------------------------------------------------
                       dipole moment  
 ------------------------------------------------------------------------------
   x      -3.426129       3.467859       0.041731
   y      -5.359547       5.422813       0.063266
   z       1.822499      -1.374234       0.448265
 
   | dipole moment | =     0.4546 a.u. =     1.1555 debye 
 
 ------------------------------------------------------------------------------
                     quadrupole moment
 ------------------------------------------------------------------------------
  xx       0.698094     -11.104274     -10.406180
  yy       1.699627     -12.104691     -10.405064
  zz       6.104254     -13.754248      -7.649994
  xy       1.089214      -1.084953       0.004260
  xz       0.174727      -0.014236       0.160490
  yz       0.241254      -0.003665       0.237589
 
     1/3  trace=      -9.487079
     anisotropy=       2.800028
 
 ==============================================================================
 
HOMO-LUMO Separation
 HOMO         :   -0.29718901 H =     -8.08693 eV
 LUMO         :   -0.04380665 H =     -1.19204 eV
 HOMO-LUMO gap:    0.25338236 H =     +6.89489 eV
 
 ==============================================================================


    ------------------------------------------------------------------------
         total  cpu-time :  4 minutes and  0 seconds
         total wall-time :  27.93 seconds
    ------------------------------------------------------------------------

   ****  ridft : all done  ****


    2020-12-12 22:34:56.814 

