
 rirpa (riogrande) : TURBOMOLE rev. V7.4.1 (b987a8a8) compiled 15 Oct 2019 at 12:03:25
 Copyright (C) 2019 TURBOMOLE GmbH, Karlsruhe


    2020-07-18 04:04:00.043 

 
 
    *************************************************************************
    *************************** PROGRAM RIRPA *******************************
    ******                                                             ******
    ******              H. Eshuis, J. E. Bates and F. Furche           ******
    ******                                                             ******
    ****** Nov 2011                                                    ******
    ****** Copyright TURBOMOLE GmbH                                    ******
    *************************************************************************
    
    
                                References:                                  
    
                   RIRPA:                                                    
                     H. Eshuis, J. Yarkony, and F. Furche                    
                     Fast Computation of Molecular Random Phase              
                     Approximation Correlation Energies Using Resolution     
                     of the Identity and Imaginary Frequency Integration     
                     J. Chem. Phys. 132: 234114 (2010)                       
    
                     H. Eshuis, J. E. Bates, and F. Furche                   
                     Electron Correlation Methods Based on                   
                     the Random Phase Approximation                          
                     Theor. Chem. Acc.  131: 1084 (2012)                     
    
                     G. P. Chen, V. K. Voora, M. M. Agee,                    
                     S. G. Balasubramani, and F. Furche                      
                     Random-Phase Approximation Methods                      
                     Annu. Rev. Phys. Chem. 68: 421 (2017)                   
    
                   TWO-COMPONENT RIRPA:                                      
                     M. Kuehn                                                
                     Correlation Energies from the                           
                     Two-Component Random-Phase Approximation                
                     J. Chem. Theory Comput. 10: 623 (2014)                  
    
                   RIRPA GRADIENTS:                                          
                     A. M. Burow, J. E. Bates, F. Furche*, and H. Eshuis     
                     Analytical First-Order Molecular Properties and Forces  
                     within the Adiabatic Connection Random Phase            
                     Approximation                                           
                     J. Chem. Theory Comput. 10: 180 (2014)                  
    
                   RI-AXK/RI-ACSOSEX/RI-ACSOX:                               
                     G. P. Chen, M. M. Agee, and F. Furche                   
                     Performance and Scope of Perturbative Corrections to    
                     Random-Phase Approximation Energies                     
                     J. Chem. Theory Comput. 14: 5701 (2018)                 
    
                   GKS-RPA:                                                  
                     V. K. Voora, S. G. Balasubramani, and F. Furche         
                     Variational Generalized Kohn-Sham Approach Combining    
                     the Random-Phase-Approximation and Green’s-Function     
                     Methods                                                 
                     Phys. Rev. A (accepted)                                 
    
    
    

   *-----------------------------------------------------------------------*
   |                     program will use  1 thread(s)                     |
   *-----------------------------------------------------------------------*

 MAXIMUM CORE MEMORY WHICH CAN BE ALLOCATED DYNAMICALLY = 500 MiB
              ( or 65536000 double words per process)

 
                FOUND RI-J FLAG
 
  HF exact exchange energy will be computed using RI-J.


              +--------------------------------------------------+
              | Atomic coordinate, charge and isotop information |
              +--------------------------------------------------+

                    atomic coordinates            atom    charge  isotop
         -1.55446915    0.24708546   -0.00882536    o      8.000     0
          0.28595899    0.44776432   -0.00984258    h      1.000     0
         -2.06829592   -2.21397787   -0.00044562    c      6.000     0
         -4.55114084   -2.54743926    0.00446378    f      9.000     0
         -1.11676856   -3.42427008   -2.03030445    f      9.000     0
         -1.11026144   -3.41156564    2.03394336    f      9.000     0
          3.59594616    0.60720294   -0.01112841    o      8.000     0
          4.45516342   -0.09415412   -1.44718836    h      1.000     0
          4.45517683   -0.09598682    1.42403521    h      1.000     0
 
       center of nuclear mass  :   -1.07359436   -1.83537036   -0.00196023
       center of nuclear charge:   -0.92086919   -1.74310407   -0.00235337
              +-------------------------------------------------+
              |        Rotational Constants Section             |
              +-------------------------------------------------+
                                   Center of Mass [a.u]:
              -1.07359436151521        -1.83537036036979        -0.00196023350309
                     Principal Moments of Inertia [a.u.]
             324.39171740392044       938.20122038411910       940.46190508196219
                       Rotational constants A,B,C [a.u.]
               0.00154134638209         0.00053293471500         0.00053165364519
                     Rotational constants A,B,C [cm**-1]
               0.18557713796833         0.06416500553240         0.06401076553038
                        Rotational constants A,B,C [MHz]
            5563.46263401313536      1923.61847261418097      1918.99447368128608

   * BASIS SET information:

              +--------------------------------------------------+
              |               basis set information              |
              +--------------------------------------------------+

              we will work with the 1s 3p 5d 7f 9g ... basis set
              ...i.e. with spherical basis functions...

   type   atoms  prim   cont   basis
   ---------------------------------------------------------------------------
    o        2     50     30   cc-pVTZ   [4s3p2d1f|18s5p2d1f]
    h        3     16     14   cc-pVTZ   [3s2p1d|5s2p1d]
    c        1     50     30   cc-pVTZ   [4s3p2d1f|18s5p2d1f]
    f        3     50     30   cc-pVTZ   [4s3p2d1f|18s5p2d1f]
   ---------------------------------------------------------------------------
   total:    9    348    222
   ---------------------------------------------------------------------------

   total number of primitive shells          :   86
   total number of contracted shells         :   78
   total number of cartesian basis functions :  255
   total number of SCF-basis functions       :  222


   * AUXILIARY BASIS SET information:

              +--------------------------------------------------+
              |               basis set information              |
              +--------------------------------------------------+

              we will work with the 1s 3p 5d 7f 9g ... basis set
              ...i.e. with spherical basis functions...

   type   atoms  prim   cont   basis
   ---------------------------------------------------------------------------
    o        2     81     81   cc-pVTZ   [8s6p5d3f1g|8s6p5d3f1g]
    h        3     30     30   cc-pVTZ   [4s3p2d1f|4s3p2d1f]
    c        1     81     81   cc-pVTZ   [8s6p5d3f1g|8s6p5d3f1g]
    f        3     81     81   cc-pVTZ   [8s6p5d3f1g|8s6p5d3f1g]
   ---------------------------------------------------------------------------
   total:    9    576    576
   ---------------------------------------------------------------------------

   total number of primitive shells          :   79
   total number of contracted shells         :  168
   total number of cartesian basis functions :  711
   total number of SCF-basis functions       :  576


   * RIJ AUXILIARY BASIS SET information:

              +--------------------------------------------------+
              |               basis set information              |
              +--------------------------------------------------+

              we will work with the 1s 3p 5d 7f 9g ... basis set
              ...i.e. with spherical basis functions...

   type   atoms  prim   cont   basis
   ---------------------------------------------------------------------------
    o        2     70     49   cc-pVTZ   [6s4p3d1f1g|12s5p4d2f1g]
    h        3     16     11   cc-pVTZ   [3s1p1d|5s2p1d]
    c        1     70     49   cc-pVTZ   [6s4p3d1f1g|12s5p4d2f1g]
    f        3     70     49   cc-pVTZ   [6s4p3d1f1g|12s5p4d2f1g]
   ---------------------------------------------------------------------------
   total:    9    468    327
   ---------------------------------------------------------------------------

   total number of primitive shells          :   80
   total number of contracted shells         :  105
   total number of cartesian basis functions :  402
   total number of SCF-basis functions       :  327


 reading orbital data $scfmo  from file mos
 orbital characterization : scfconv=7

 integral neglect threshold       :  0.26E+02

 scfconv                     7

 there are 1 real representations :   a   

 maximum number of shells which are related by symmetry :  1

 entered riccmos at 2020-07-18 04:04:00.098
  MOs are in ASCII format !


 reading orbital data $scfmo  from file mos
 orbital characterization : scfconv=7
 time elapsed for calculating density matrices :   0.002 sec



              +--------------------------------------------+
              | list of orbitals that will be kept frozen: |
              +--------------------------------------------+
              |   irrep   index      energy     occ/vir    |
              +--------------------------------------------+
              |   a         1      -24.2794     occupied   |
              |   a         2      -24.2750     occupied   |
              |   a         3      -24.2750     occupied   |
              |   a         4      -18.7995     occupied   |
              |   a         5      -18.7794     occupied   |
              |   a         6      -10.1478     occupied   |
              +--------------------------------------------+



   Molecular Orbital Statistic:
   ============================

   -----------------------------
   orbitals in total:
   -----------------------------
    frozen occupied :      6
    active occupied :     20
    active virtual  :    196
    frozen virtual  :      0
    all together    :    222
   -----------------------------


     time in riccmoinp     cpu:  0.03 sec    wall:  0.03 sec    ratio:  1.0
     time in scfdens       cpu:  0.00 sec    wall:  0.00 sec    ratio:  0.9
     time in mkiao         cpu:  0.00 sec    wall:  0.00 sec    ratio:  0.0
     time in ricclmos      cpu:  0.00 sec    wall:  0.00 sec    ratio:  0.0
     time in riccmos       cpu:  0.03 sec    wall:  0.03 sec    ratio:  1.0
 leave riccmos at 2020-07-18 04:04:00.132

     total memory allocated for calculation of (Q|P)**(-1/2) : 4 MiB


     calculation of (P|Q) ...
     time in lp2sym        cpu:  0.01 sec    wall:  0.01 sec    ratio:  1.0


     calculation of the Cholesky decomposition of (P|Q)**(-1) ...
     time in invmetri      cpu:  0.02 sec    wall:  0.02 sec    ratio:  1.0

   threshold for RMS(d[D]) in SCF was     :  0.10E-06
   integral neglect threshold             :  0.47E-11
   derivative integral neglect threshold  :  0.10E-06


 setting up bound for integral derivative estimation

 increment for numerical differentiation : 0.00050000
 
 Occupied orbital block size for RIRPA:                    20
 
 Number of passes for spin                     1 is                     1
 
 Number of eigenvalues < 6e-3:                      0
 
 
            -----------------------------
            Complex frequency integration
            -----------------------------
 
 Number of Clenshaw-Curtis nodes:                    100
 Optimized scaling parameter    :    1.00000000000000     
 Sensitivity measure            :  -3.641531520770513E-014
 
 Done with rirpa frequency point #                     1
 Done with rirpa frequency point #                     2
 Done with rirpa frequency point #                     3
 Done with rirpa frequency point #                     4
 Done with rirpa frequency point #                     5
 Done with rirpa frequency point #                     6
 Done with rirpa frequency point #                     7
 Done with rirpa frequency point #                     8
 Done with rirpa frequency point #                     9
 Done with rirpa frequency point #                    10
 Done with rirpa frequency point #                    11
 Done with rirpa frequency point #                    12
 Done with rirpa frequency point #                    13
 Done with rirpa frequency point #                    14
 Done with rirpa frequency point #                    15
 Done with rirpa frequency point #                    16
 Done with rirpa frequency point #                    17
 Done with rirpa frequency point #                    18
 Done with rirpa frequency point #                    19
 Done with rirpa frequency point #                    20
 Done with rirpa frequency point #                    21
 Done with rirpa frequency point #                    22
 Done with rirpa frequency point #                    23
 Done with rirpa frequency point #                    24
 Done with rirpa frequency point #                    25
 Done with rirpa frequency point #                    26
 Done with rirpa frequency point #                    27
 Done with rirpa frequency point #                    28
 Done with rirpa frequency point #                    29
 Done with rirpa frequency point #                    30
 Done with rirpa frequency point #                    31
 Done with rirpa frequency point #                    32
 Done with rirpa frequency point #                    33
 Done with rirpa frequency point #                    34
 Done with rirpa frequency point #                    35
 Done with rirpa frequency point #                    36
 Done with rirpa frequency point #                    37
 Done with rirpa frequency point #                    38
 Done with rirpa frequency point #                    39
 Done with rirpa frequency point #                    40
 Done with rirpa frequency point #                    41
 Done with rirpa frequency point #                    42
 Done with rirpa frequency point #                    43
 Done with rirpa frequency point #                    44
 Done with rirpa frequency point #                    45
 Done with rirpa frequency point #                    46
 Done with rirpa frequency point #                    47
 Done with rirpa frequency point #                    48
 Done with rirpa frequency point #                    49
 Done with rirpa frequency point #                    50
 Done with rirpa frequency point #                    51
 Done with rirpa frequency point #                    52
 Done with rirpa frequency point #                    53
 Done with rirpa frequency point #                    54
 Done with rirpa frequency point #                    55
 Done with rirpa frequency point #                    56
 Done with rirpa frequency point #                    57
 Done with rirpa frequency point #                    58
 Done with rirpa frequency point #                    59
 Done with rirpa frequency point #                    60
 Done with rirpa frequency point #                    61
 Done with rirpa frequency point #                    62
 Done with rirpa frequency point #                    63
 Done with rirpa frequency point #                    64
 Done with rirpa frequency point #                    65
 Done with rirpa frequency point #                    66
 Done with rirpa frequency point #                    67
 Done with rirpa frequency point #                    68
 Done with rirpa frequency point #                    69
 Done with rirpa frequency point #                    70
 Done with rirpa frequency point #                    71
 Done with rirpa frequency point #                    72
 Done with rirpa frequency point #                    73
 Done with rirpa frequency point #                    74
 Done with rirpa frequency point #                    75
 Done with rirpa frequency point #                    76
 Done with rirpa frequency point #                    77
 Done with rirpa frequency point #                    78
 Done with rirpa frequency point #                    79
 Done with rirpa frequency point #                    80
 Done with rirpa frequency point #                    81
 Done with rirpa frequency point #                    82
 Done with rirpa frequency point #                    83
 Done with rirpa frequency point #                    84
 Done with rirpa frequency point #                    85
 Done with rirpa frequency point #                    86
 Done with rirpa frequency point #                    87
 Done with rirpa frequency point #                    88
 Done with rirpa frequency point #                    89
 Done with rirpa frequency point #                    90
 Done with rirpa frequency point #                    91
 Done with rirpa frequency point #                    92
 Done with rirpa frequency point #                    93
 Done with rirpa frequency point #                    94
 Done with rirpa frequency point #                    95
 Done with rirpa frequency point #                    96
 Done with rirpa frequency point #                    97
 Done with rirpa frequency point #                    98
 Done with rirpa frequency point #                    99
 Done with rirpa frequency point #                   100
 


 RI-RPA correlation energy: -0.2109936278291411E+01
 Allocatable memory for RI due to $ricore (MB):                   500

 there are 1 real representations :   a   

 maximum number of shells which are related by symmetry :  1

  
           ------------------------
               RI-J - INFORMATION
           ------------------------
 Contributions to RI integral batches: 
  neglected integral batches:                   182
  direct contribution:                            0
  memory contribution:                  2899

         -----------------
         -S,T+V- integrals
         -----------------

 1e-integrals will be neglected if expon. factor < 0.468823E-11

          ------------------------
          nuclear repulsion energy  :   279.621640716    
          ------------------------


                  --------------------------------------------------- 
                 |  HXX+RIRPA total energy     =   -489.92130342582  |
                  ---------------------------------------------------- 
                 :  RIRPA correlation energy   =     -2.10993627829  :
                 :  HXX total energy           =   -487.81136714753  :
                 :  Hartree energy             =    520.33646590999  :
                 :  Exact Exchange energy      =    -52.84249416065  :
                  .................................................... 


    ------------------------------------------------------------------------
    Rirpa profiling                cpu                    wall         ratio
    ------------------------------------------------------------------------
    module                         sec     %               sec     %
    ------------------------------------------------------------------------
    RIRPA                        12.1  100.00           12.1  100.00   1.0
    STARTUP                       0.1    0.45            0.1    0.45   1.0
    riccmos                       0.0    0.27            0.0    0.28   1.0
    riccaux                       0.0    0.25            0.0    0.25   1.0
    riccbound                     0.4    2.91            0.4    2.92   1.0
    ccmkbaoi                      0.7    5.46            0.7    5.46   1.0
    ecrpa                         4.6   38.05            4.6   38.06   1.0
    qbuild                        4.3   35.82            4.3   35.86   1.0
    rparenrm                      0.2    1.87            0.2    1.86   1.0
    ehxx                          6.4   52.53            6.4   52.53   1.0
    ------------------------------------------------------------------------
    sum                          28.8  237.72           28.8  237.75   1.0
    ------------------------------------------------------------------------


    ------------------------------------------------------------------------
         total  cpu-time :  12.12 seconds
         total wall-time :  12.12 seconds
    ------------------------------------------------------------------------

   ****  rirpa : all done  ****


    2020-07-18 04:04:12.154 

