           SMPCPUS    set: Shared-memory Parallelization with  20 CPUs.

           SMP Parallelization Reference:
           C. van Wullen, J. Comput. Chem. 32 (2011) 1195--1201

 ridft (c-14-12) : TURBOMOLE rev. V7.5.0 compiled 13 Jun 2020 at 23:29:25
 Copyright (C) 2020 TURBOMOLE GmbH, Karlsruhe


    2020-08-03 16:13:26.938 



                                  r i d f t

                        DFT program with RI approximation 
                                for coulomb part 




                                                 
                                 References:     
                                                 
          TURBOMOLE:                             
              R. Ahlrichs, M. Baer, M. Haeser, H. Horn, and
              C. Koelmel
              Electronic structure calculations on workstation
              computers: the program system TURBOMOLE
              Chem. Phys. Lett. 162: 165 (1989)
          Density Functional:                              
              O. Treutler and R. Ahlrichs                      
              Efficient Molecular Numerical Integration Schemes
              J. Chem. Phys. 102: 346 (1995)                   
          Parallel Version:                                
              Performance of parallel TURBOMOLE for Density    
              Functional Calculations                          
              M. v. Arnim and R. Ahlrichs                      
              J. Comp. Chem. 19: 1746 (1998)                   
          RI-J Method:                                     
              Auxiliary Basis Sets to approximate Coulomb      
              Potentials                                       
              Chem. Phys. Lett. 240: 283 (1995)                
              K. Eichkorn, O. Treutler, H. Oehm, M. Haeser     
              and R. Ahlrichs                                  
              Chem. Phys. Lett. 242: 652 (1995)                
                                                           
              Auxiliary Basis Sets for Main Row Atoms and their
              Use to approximate Coulomb Potentials            
              K. Eichkorn, F. Weigend, O. Treutler and         
              R. Ahlrichs                                      
              Theo. Chem. Acc. 97: 119 (1997)                   
                                                           
              Accurate Coulomb-fitting basis sets for H to Rn 
              F. Weigend                                        
              Phys. Chem. Chem. Phys. 8: 1057 (2006)            
                                                           
          Multipole accelerated RI-J (MARI-J):             
              Fast evaluation of the Coulomb potential for     
              electron densities using multipole accelerated   
              resolution of identity approximation             
              M. Sierka, A. Hogekamp and R. Ahlrichs           
              J. Chem. Phys. 118: 9136 (2003)                  
          RI-JK Method:                                     
              A fully direct RI-HF algorithm: Implementation,
              optimised auxiliary basis sets, demonstration of
              accuracy and efficiency                         
              F. Weigend                                      
              Phys. Chem. Chem. Phys. 4: 4285 (2002)           
          Two-component HF and DFT with spin-orbit coupling:  
              Self-consistent treatment of spin-orbit         
              interactions with efficient Hartree-Fock and    
              density functional methods                      
              M. K. Armbruster, F. Weigend, C. van Wüllen and 
              W. Klopper                                      
              Phys. Chem. Chem. Phys. 10: 1748 (2008)         
          Two-component difference density and DIIS algorithm 
              Efficient two-component self-consistent field   
              procedures and gradients: implementation in     
              TURBOMOLE and application to Au20-              
              A. Baldes, F. Weigend                           
              Mol. Phys. 111: 2617 (2013)                     
          Relativistic all-electron 2c calculations           
              An efficient implementation of two-component    
              relativistic exact-decoupling methods for large 
              molecules                                       
              D. Peng, N. Middendorf, F. Weigend, M. Reiher   
              J. Chem. Phys. 138: 184105 (2013)               
          Finite nucleus model and SNSO approximation         
              Efficient implementation of one- and two-       
              component analytical energy gradients in exact  
              two-component theory                            
              Y. J. Franzke, N. Middendorf, F. Weigend        
              J. Chem. Phys. 148: 104110 (2018)               
          Grids for all-electron relativistic methods         
              Error-consistent segmented contracted all-      
              electron relativistic basis sets of double-     
              and triple-zeta quality for NMR shielding       
              constants                                       
              Y. J. Franzke, R. Tress, T. M. Pazdera,         
              F. Weigend                                      
              Phys. Chem. Chem. Phys. 21: 166658 (2019)       
          Seminumerical exchange algorithms                   
              Seminumerical calculation of the Hartree-Fock   
              exchange matirx: Application to two-component   
              procedures and efficient evaluation of local    
              hybrid functionsl                               
              P. Plessow, F. Weigend,                         
              J. Comput. Chem. 33: 810 (2012)                 
          Improved seminumerical algorithms                   
              C. Holzer, in preparation (2020)                
                                         




              +--------------------------------------------------+
              |      general information about current run       |
              +--------------------------------------------------+

 

 DENSITY CONVERGENCE CHECK SWITCHED ON !
 SCF CONVERGENCE IF RMS(delta[D]) <     0.1000000000E-06

 PBE functional
 exchange:    LDA + PBE
 correlation: LDA (PW) + PBE
 A DFT calculation using the RI-J approximation will be carried out.
 Allocatable memory for RI due to $ricore (MB):                  5000


              +--------------------------------------------------+
              | Atomic coordinate, charge and isotop information |
              +--------------------------------------------------+

                    atomic coordinates            atom    charge  isotop
          2.08128984   -0.00022249   -1.11072621    h      1.000     0
          0.75039178   -0.00005205    0.12824915    o      8.000     0
          1.90074190    0.00002520    2.54721978    c      6.000     0
          0.38740067   -0.00000081    3.93308138    h      1.000     0
          3.06169777   -1.67559334    2.86198285    h      1.000     0
          3.06159791    1.67572626    2.86193447    h      1.000     0
          2.90026795   -0.00000053   -5.69747462    cl     0.000     0
         -0.47308006    0.00002216   -5.71841833    c      0.000     0
         -1.09631211    0.00003426   -7.66791464    h      0.000     0
         -1.11941192   -1.67629301   -4.73964978    h      0.000     0
         -1.11939341    1.67633324   -4.73963176    h      0.000     0
 
       center of nuclear mass  :    1.66333248   -0.00000362   -2.98919675
       center of nuclear charge:    1.44442066   -0.00001976    1.38086580

              +--------------------------------------------------+
              |               basis set information              |
              +--------------------------------------------------+

              we will work with the 1s 3p 5d 7f 9g ... basis set
              ...i.e. with spherical basis functions...

   type   atoms  prim   cont   basis
   ---------------------------------------------------------------------------
    h        7     16     14   cc-pVTZ   [3s2p1d|5s2p1d]
    o        1     50     30   cc-pVTZ   [4s3p2d1f|18s5p2d1f]
    c        2     50     30   cc-pVTZ   [4s3p2d1f|18s5p2d1f]
    cl       1    111     39   cc-pV(T+d)Z   [5s4p3d1f|41s16p3d1f]
   ---------------------------------------------------------------------------
   total:   11    373    227
   ---------------------------------------------------------------------------

   total number of primitive shells          :  121
   total number of contracted shells         :   85
   total number of cartesian basis functions :  255
   total number of SCF-basis functions       :  227


 integral neglect threshold       :  0.13E-10
 integral storage threshold THIZE :  0.10E-04
 integral storage threshold THIME :         5

 RI-J AUXILIARY BASIS SET information:

              we will work with the 1s 3p 5d 7f 9g ... basis set
              ...i.e. with spherical basis functions...

   type   atoms  prim   cont   basis
   ---------------------------------------------------------------------------
    h        7     16     11   cc-pVTZ   [3s1p1d|5s2p1d]
    o        1     70     49   cc-pVTZ   [6s4p3d1f1g|12s5p4d2f1g]
    c        2     70     49   cc-pVTZ   [6s4p3d1f1g|12s5p4d2f1g]
    cl       1     77     51   universal   [8s4p3d1f1g|14s5p5d2f1g]
   ---------------------------------------------------------------------------
   total:   11    399    275
   ---------------------------------------------------------------------------

   total number of primitive shells          :   83
   total number of contracted shells         :   97
   total number of cartesian basis functions :  330
   total number of SCF-basis functions       :  275


 symmetry group of the molecule :   c1 

 the group has the following generators :
   c1(z)

    1 symmetry operations found

 there are 1 real representations :   a   

 maximum number of shells which are related by symmetry :  1

  
           ------------------
           density functional
           ------------------
 Dummy atoms with grid-point found.
 DFT quadrature threshold dgrenze tightened by factor 1/10.

 PBE functional
 exchange:    LDA + PBE
 correlation: LDA (PW) + PBE
 Dummy atoms with grid-point found.
 DFT quadrature threshold dgrenze tightened by factor 1/10.

 Dummy atoms with grid-point found.
 DFT quadrature threshold dgrenze tightened by factor 1/10.


 spherical integration : Lebedev's spherical grid
 spherical gridsize    :                     5
    i.e. gridpoints    :                   590
 value for diffuse not defined
 radial integration    : Chebyshev 2nd kind (scaling 3)
 radial gridsize       :                     8
 integration cells     :                    11
 partition function    : becke
 partition sharpness   :                     3
  
 found dummy atom(s) with basis: included in dft

 biggest AO integral is expected to be    10.299856942

          ------------------------
          nuclear repulsion energy  :   40.3794122280    
          ------------------------


         -----------------
         -S,T+V- integrals
         -----------------

 1e-integrals will be neglected if expon. factor < 0.131057E-11
 
   Difference densities algorithm switched on.
   The maximal number of linear combinations of
   difference densities is                    20 .

 DIIS switched on: error vector is FDS-SDF
 Max. Iterations for DIIS is     :   4
 DIIS matrix (see manual) 
    Scaling factor of diagonals  :  1.200
    threshold for scaling factor :  0.000

 scf convergence criterion : increment of total energy < .1000000D-06
                  and increment of one-electron energy < .1000000D-03

 MOs are in ASCII format !


    mo occupation :
   irrep   mo's   occupied
    a      227        9
 
 number of basis functions   :   227
 number of occupied orbitals :     9
 

 reading orbital data $scfmo  from file mos
 orbital characterization : expanded
 virtual MOs provided and orthogonalized by Cholesky decomposition

 automatic virtual orbital shift switched on 
      shift if e(lumo)-e(homo) < 0.10000000    

  
           ------------------------
               RI-J - INFORMATION
           ------------------------
 Contributions to RI integral batches: 
  neglected integral batches:                   425
  direct contribution:                            0
  memory contribution:                  3230
 Memory core needed for (P|Q) and Cholesky      1 MByte
 Memory core minimum needed except of (P|Q)     1 MByte
 Total minimum memory core needed (sum)         1 MByte
  
 ****************************************
 Memory allocated for RI-J    72 MByte
 ****************************************
                                            

 DSCF restart information will be dumped onto file mos


 Starting SCF iterations

          Overall gridpoints after grid construction =        170135

 ITERATION  ENERGY          1e-ENERGY        2e-ENERGY     RMS[dD(SAO)]   TOL
   1  -115.17871751924    -236.32585741     80.767727661    0.000D+00 0.131D-10
                            Exc = -15.2746519006     Coul =  96.0423795611    
                              N = 18.000001368    
                            current damping = 0.300
 
          max. resid. norm for Fia-block=  3.027D-01 for orbital      1a         
          max. resid. fock norm         =  2.829D+01 for orbital    115a         

 ITERATION  ENERGY          1e-ENERGY        2e-ENERGY     RMS[dD(SAO)]   TOL
   2  -115.56778112225    -236.45378952     80.506596166    0.368D-02 0.863D-11
                            Exc = -15.2325134103     Coul =  95.7391095762    
                              N = 18.000001117    
                            current damping = 0.250
 
          Norm of current diis error:  1.1724    
          max. resid. norm for Fia-block=  1.031D-01 for orbital      3a         
          max. resid. fock norm         =  2.193D-01 for orbital    104a         

 ITERATION  ENERGY          1e-ENERGY        2e-ENERGY     RMS[dD(SAO)]   TOL
   3  -115.61891771979    -237.60381949     81.605489547    0.167D-02 0.733D-11
                            Exc = -15.4244334610     Coul =  97.0299230077    
                              N = 18.000000884    
                            current damping = 0.200
 
          Norm of current diis error: 0.40265    
          max. resid. norm for Fia-block=  3.444D-02 for orbital      9a         
          max. resid. fock norm         =  3.481D-02 for orbital      9a         

 ITERATION  ENERGY          1e-ENERGY        2e-ENERGY     RMS[dD(SAO)]   TOL
   4  -115.62468810149    -236.72326627     80.719165936    0.113D-02 0.628D-11
                            Exc = -15.3186778419     Coul =  96.0378437780    
                              N = 18.000000915    
                            current damping = 0.250
 
          Norm of current diis error: 0.22172    
          max. resid. norm for Fia-block=  1.048D-02 for orbital      5a         
          max. resid. fock norm         =  1.360D-02 for orbital    131a         

 ITERATION  ENERGY          1e-ENERGY        2e-ENERGY     RMS[dD(SAO)]   TOL
   5  -115.62646254791    -237.17375923     81.167884458    0.245D-03 0.609D-11
                            Exc = -15.3673702567     Coul =  96.5352547144    
                              N = 18.000000870    
                            current damping = 0.300
 
          Norm of current diis error: 0.56777E-01
          max. resid. norm for Fia-block=  2.818D-03 for orbital      6a         
          max. resid. fock norm         =  3.871D-03 for orbital     93a         
          mo-orthogonalization: Cholesky decomposition

 ITERATION  ENERGY          1e-ENERGY        2e-ENERGY     RMS[dD(SAO)]   TOL
   6  -115.62657421944    -237.11217851     81.106192058    0.716D-04 0.588D-11
                            Exc = -15.3622190665     Coul =  96.4684111249    
                              N = 18.000000874    
                            current damping = 0.350
 
          Norm of current diis error: 0.85874E-02
          max. resid. norm for Fia-block=  5.441D-04 for orbital      5a         
          max. resid. fock norm         =  6.686D-04 for orbital      5a         

 ITERATION  ENERGY          1e-ENERGY        2e-ENERGY     RMS[dD(SAO)]   TOL
   7  -115.62657720758    -237.12554269     81.119553250    0.987D-05 0.571D-11
                            Exc = -15.3638995619     Coul =  96.4834528122    
                              N = 18.000000872    
                            current damping = 0.400
 
          Norm of current diis error: 0.14295E-02
          max. resid. norm for Fia-block=  1.031D-04 for orbital      7a         
          max. resid. fock norm         =  1.810D-04 for orbital    178a         

 ITERATION  ENERGY          1e-ENERGY        2e-ENERGY     RMS[dD(SAO)]   TOL
   8  -115.62657729295    -237.12676437     81.120774853    0.249D-05 0.558D-11
                            Exc = -15.3640190004     Coul =  96.4847938535    
                              N = 18.000000872    
                            current damping = 0.250
 
          Norm of current diis error: 0.23626E-03
          max. resid. norm for Fia-block=  1.723D-05 for orbital      8a         
          max. resid. fock norm         =  6.123D-05 for orbital    178a         

 ENERGY & DENSITY CONVERGED !


 ITERATION  ENERGY          1e-ENERGY        2e-ENERGY     RMS[dD(SAO)]   TOL
   9  -115.62657729530    -237.12679202     81.120802500    0.618D-06 0.542D-11
                            Exc = -15.3640208401     Coul =  96.4848233398    
                              N = 18.000000872    
                            current damping = 0.100
 
          Norm of current diis error: 0.52541E-04
          max. resid. norm for Fia-block=  4.206D-06 for orbital      8a         
          max. resid. fock norm         =  1.201D-05 for orbital    164a         

 End of SCF iterations

   convergence criteria satisfied after     9 iterations


                  ------------------------------------------ 
                 |  total energy      =   -115.62657729530  |
                  ------------------------------------------ 
                 :  kinetic energy    =    114.97907699968  :
                 :  potential energy  =   -230.60565429497  :
                 :  virial theorem    =      1.99440007383  :
                 :  wavefunction norm =      1.00000000000  :
                  .......................................... 


 orbitals $scfmo  will be written to file mos

    irrep                  5a          6a          7a          8a          9a   
 eigenvalues H         -0.45678    -0.38893    -0.37782    -0.28997    -0.22474
            eV         -12.4298    -10.5835    -10.2811     -7.8907     -6.1154
 occupation              2.0000      2.0000      2.0000      2.0000      2.0000

    irrep                 10a         11a         12a         13a         14a   
 eigenvalues H          0.00319     0.04233     0.09060     0.09289     0.09312
            eV           0.0869      1.1518      2.4655      2.5277      2.5340
 
 
 
 
 ==============================================================================
                           electrostatic moments
 ==============================================================================

 reference point for electrostatic moments:    0.00000   0.00000   0.00000

 
              nuc           elec       ->  total
 ------------------------------------------------------------------------------
                          charge      
 ------------------------------------------------------------------------------
          18.000000     -18.000000      -0.000000
 
 ------------------------------------------------------------------------------
                       dipole moment  
 ------------------------------------------------------------------------------
   x      25.999572     -25.384775       0.614796
   y      -0.000356       0.000311      -0.000045
   z      24.855584     -24.759333       0.096251
 
   | dipole moment | =     0.6223 a.u. =     1.5817 debye 
 
 ------------------------------------------------------------------------------
                     quadrupole moment
 ------------------------------------------------------------------------------
  xx      49.410843     -57.836798      -8.425955
  yy       5.615672     -15.899799     -10.284128
  zz      72.146011     -80.532026      -8.386015
  xy      -0.000249       0.000079      -0.000170
  xz      46.556095     -46.995168      -0.439073
  yz       0.000875      -0.000750       0.000125
 
     1/3  trace=      -9.032033
     anisotropy=       2.026566
 
 ==============================================================================
 
HOMO-LUMO Separation
 HOMO         :   -0.22473508 H =     -6.11536 eV
 LUMO         :    0.00319231 H =     +0.08687 eV
 HOMO-LUMO gap:    0.22792739 H =     +6.20222 eV
 
 ==============================================================================


    ------------------------------------------------------------------------
         total  cpu-time :  1 minutes and 38 seconds
         total wall-time :   5.02 seconds
    ------------------------------------------------------------------------

   ****  ridft : all done  ****


    2020-08-03 16:13:31.941 

