
 ridft (riogrande) : TURBOMOLE rev. V7.4.1 (b987a8a8) compiled 15 Oct 2019 at 12:03:25
 Copyright (C) 2019 TURBOMOLE GmbH, Karlsruhe


    2020-07-20 17:47:20.855 



                                  r i d f t

                        DFT program with RI approximation 
                                for coulomb part 




                                                 
                                 References:     
                                                 
          TURBOMOLE:                             
              R. Ahlrichs, M. Baer, M. Haeser, H. Horn, and
              C. Koelmel
              Electronic structure calculations on workstation
              computers: the program system TURBOMOLE
              Chem. Phys. Lett. 162: 165 (1989)
          Density Functional:                              
              O. Treutler and R. Ahlrichs                      
              Efficient Molecular Numerical Integration Schemes
              J. Chem. Phys. 102: 346 (1995)                   
          Parallel Version:                                
              Performance of parallel TURBOMOLE for Density    
              Functional Calculations                          
              M. v. Arnim and R. Ahlrichs                      
              J. Comp. Chem. 19: 1746 (1998)                   
          RI-J Method:                                     
              Auxiliary Basis Sets to approximate Coulomb      
              Potentials                                       
              Chem. Phys. Lett. 240: 283 (1995)                
              K. Eichkorn, O. Treutler, H. Oehm, M. Haeser     
              and R. Ahlrichs                                  
              Chem. Phys. Lett. 242: 652 (1995)                
                                                           
              Auxiliary Basis Sets for Main Row Atoms and their
              Use to approximate Coulomb Potentials            
              K. Eichkorn, F. Weigend, O. Treutler and         
              R. Ahlrichs                                      
              Theo. Chem. Acc. 97: 119 (1997)                   
                                                           
              Accurate Coulomb-fitting basis sets for H to Rn 
              F. Weigend                                        
              Phys. Chem. Chem. Phys. 8: 1057 (2006)            
                                                           
          Multipole accelerated RI-J (MARI-J):             
              Fast evaluation of the Coulomb potential for     
              electron densities using multipole accelerated   
              resolution of identity approximation             
              M. Sierka, A. Hogekamp and R. Ahlrichs           
              J. Chem. Phys. 118: 9136 (2003)                  
          RI-JK Method:                                     
              A fully direct RI-HF algorithm: Implementation,
              optimised auxiliary basis sets, demonstration of
              accuracy and efficiency                         
              F. Weigend                                      
              Phys. Chem. Chem. Phys. 4: 4285 (2002)           
          Two-component HF and DFT with spin-orbit coupling:  
              Self-consistent treatment of spin-orbit         
              interactions with efficient Hartree-Fock and    
              density functional methods                      
              M. K. Armbruster, F. Weigend, C. van Wüllen and 
              W. Klopper                                      
              Phys. Chem. Chem. Phys. 10: 1748 (2008)         
          Two-component difference density and DIIS algorithm 
              Efficient two-component self-consistent field   
              procedures and gradients: implementation in     
              TURBOMOLE and application to Au20-              
              A. Baldes, F. Weigend                           
              Mol. Phys. 111: 2617 (2013)                     
          Relativistic all-electron 2c calculations           
              An efficient implementation of two-component    
              relativistic exact-decoupling methods for large 
              molecules                                       
              D. Peng, N. Middendorf, F. Weigend, M. Reiher   
              J. Chem. Phys. 138: 184105 (2013)               
          Finite nucleus model and SNSO approximation         
              Efficient implementation of one- and two-       
              component analytical energy gradients in exact  
              two-component theory                            
              Y. J. Franzke, N. Middendorf, F. Weigend        
              J. Chem. Phys. 148: 104110 (2018)               
                                         




              +--------------------------------------------------+
              |      general information about current run       |
              +--------------------------------------------------+

 

 DENSITY CONVERGENCE CHECK SWITCHED ON !
 SCF CONVERGENCE IF RMS(delta[D]) <     0.1000000000E-06

 PBE functional
 exchange:    LDA + PBE
 correlation: LDA (PW) + PBE
 A DFT calculation using the RI-J approximation will be carried out.
 Allocatable memory for RI due to $ricore (MB):                   500


              +--------------------------------------------------+
              | Atomic coordinate, charge and isotop information |
              +--------------------------------------------------+

                    atomic coordinates            atom    charge  isotop
         -0.42140521    0.23632949   -3.83991533    c      6.000     0
         -0.66868757    0.43131605   -6.43515793    f      9.000     0
         -2.02992688   -0.78903172   -3.08257774    h      1.000     0
          1.31163262   -0.77132969   -3.39983615    h      1.000     0
         -0.35375277    2.11799284   -3.02340798    h      1.000     0
 
       center of nuclear mass  :   -0.55375346    0.34069353   -5.22900366
       center of nuclear charge:   -0.53437036    0.32541405   -5.02565196

              +--------------------------------------------------+
              |               basis set information              |
              +--------------------------------------------------+

              we will work with the 1s 3p 5d 7f 9g ... basis set
              ...i.e. with spherical basis functions...

   type   atoms  prim   cont   basis
   ---------------------------------------------------------------------------
    c        1     77     57   def2-QZVP   [7s4p3d2f1g|15s8p3d2f1g]
    f        1     77     57   def2-QZVP   [7s4p3d2f1g|15s8p3d2f1g]
    h        3     33     30   def2-QZVP   [4s3p2d1f|7s3p2d1f]
   ---------------------------------------------------------------------------
   total:    5    253    204
   ---------------------------------------------------------------------------

   total number of primitive shells          :   71
   total number of contracted shells         :   64
   total number of cartesian basis functions :  249
   total number of SCF-basis functions       :  204


 integral neglect threshold       :  0.13E-10
 integral storage threshold THIZE :  0.10E-04
 integral storage threshold THIME :         5

 RI-J AUXILIARY BASIS SET information:

              we will work with the 1s 3p 5d 7f 9g ... basis set
              ...i.e. with spherical basis functions...

   type   atoms  prim   cont   basis
   ---------------------------------------------------------------------------
    c        1     70     49   def2-QZVP   [6s4p3d1f1g|12s5p4d2f1g]
    f        1     70     49   def2-QZVP   [6s4p3d1f1g|12s5p4d2f1g]
    h        3     16     11   def2-QZVP   [3s1p1d|5s2p1d]
   ---------------------------------------------------------------------------
   total:    5    188    131
   ---------------------------------------------------------------------------

   total number of primitive shells          :   56
   total number of contracted shells         :   45
   total number of cartesian basis functions :  158
   total number of SCF-basis functions       :  131


 symmetry group of the molecule :   c1 

 the group has the following generators :
   c1(z)

    1 symmetry operations found

 there are 1 real representations :   a   

 maximum number of shells which are related by symmetry :  1


    mo occupation :
   irrep   mo's   occupied
    a      204        9
 
 number of basis functions   :                    204
 number of occupied orbitals :                      9
 
  
           ------------------
           density functional
           ------------------
 PBE functional
 exchange:    LDA + PBE
 correlation: LDA (PW) + PBE

 spherical integration : Lebedev's spherical grid
 spherical gridsize    :                     5
    i.e. gridpoints    :                   590
 value for diffuse not defined
 radial integration    : Chebyshev 2nd kind (scaling 3)
 radial gridsize       :                     8
 integration cells     :                     5
 partition function    : becke
 partition sharpness   :                     3
  

 biggest AO integral is expected to be     7.609020457
  
           ------------------------
               RI-J - INFORMATION
           ------------------------
 Contributions to RI integral batches: 
  neglected integral batches:                    35
  direct contribution:                            0
  memory contribution:                  2045
 Memory core needed for (P|Q) and Cholesky      1 MByte
 Memory core minimum needed except of (P|Q)     1 MByte
 Total minimum memory core needed (sum)         1 MByte
  
 ****************************************
 Memory allocated for RI-J    38 MByte
 ****************************************
                                            

          ------------------------
          nuclear repulsion energy  :   37.3904658434    
          ------------------------


         -----------------
         -S,T+V- integrals
         -----------------

 1e-integrals will be neglected if expon. factor < 0.134215E-11
 
   Difference densities algorithm switched on.
   The maximal number of linear combinations of
   difference densities is                    20 .

 DIIS switched on: error vector is FDS-SDF
 Max. Iterations for DIIS is     :   4
 DIIS matrix (see manual) 
    Scaling factor of diagonals  :  1.200
    threshold for scaling factor :  0.000

 scf convergence criterion : increment of total energy < .1000000D-06
                  and increment of one-electron energy < .1000000D-03

  MOs are in ASCII format !


 automatic virtual orbital shift switched on 
      shift if e(lumo)-e(homo) < 0.10000000    


 reading orbital data $scfmo  from file mos
 orbital characterization : expanded
 mo provided and orthogonalized by Cholesky decomposition

 DSCF restart information will be dumped onto file mos


 Starting SCF iterations

          Overall gridpoints after grid construction =         78068

 ITERATION  ENERGY          1e-ENERGY        2e-ENERGY     RMS[dD(SAO)]   TOL
   1  -139.20465395052    -265.66115673     89.066036940    0.000D+00 0.134D-10
                            Exc = -16.7785632121     Coul =  105.844600152    
                              N = 17.999999950    
                            current damping = 0.300
 
          max. resid. norm for Fia-block=  1.172D+00 for orbital      3a         
          max. resid. fock norm         =  8.431D+01 for orbital    195a         

 ITERATION  ENERGY          1e-ENERGY        2e-ENERGY     RMS[dD(SAO)]   TOL
   2  -139.59453239196    -265.76331159     88.778313358    0.542D-02 0.973D-11
                            Exc = -16.6946079178     Coul =  105.472921275    
                              N = 17.999999949    
                            current damping = 0.250
 
          Norm of current diis error:  1.6005    
          max. resid. norm for Fia-block=  1.203D-01 for orbital      9a         
          max. resid. fock norm         =  2.951D-01 for orbital    166a         

 ITERATION  ENERGY          1e-ENERGY        2e-ENERGY     RMS[dD(SAO)]   TOL
   3  -139.64611365388    -267.08948299     90.052903492    0.280D-02 0.759D-11
                            Exc = -16.9256929059     Coul =  106.978596398    
                              N = 17.999999959    
                            current damping = 0.200
 
          Norm of current diis error: 0.58489    
          max. resid. norm for Fia-block=  4.096D-02 for orbital      5a         
          max. resid. fock norm         =  4.201D-02 for orbital     16a         

 ITERATION  ENERGY          1e-ENERGY        2e-ENERGY     RMS[dD(SAO)]   TOL
   4  -139.65404291106    -265.91906497     88.874556215    0.136D-02 0.652D-11
                            Exc = -16.7722595945     Coul =  105.646815809    
                              N = 17.999999944    
                            current damping = 0.250
 
          Norm of current diis error: 0.31129    
          max. resid. norm for Fia-block=  1.429D-02 for orbital      5a         
          max. resid. fock norm         =  2.101D-02 for orbital    117a         

 ITERATION  ENERGY          1e-ENERGY        2e-ENERGY     RMS[dD(SAO)]   TOL
   5  -139.65692861169    -266.50178655     89.454392098    0.289D-03 0.625D-11
                            Exc = -16.8396987547     Coul =  106.294090853    
                              N = 17.999999954    
                            current damping = 0.300
 
          Norm of current diis error: 0.52780E-01
          max. resid. norm for Fia-block=  2.135D-03 for orbital      4a         
          max. resid. fock norm         =  3.450D-03 for orbital    151a         
          mo-orthogonalization: Cholesky decomposition

 ITERATION  ENERGY          1e-ENERGY        2e-ENERGY     RMS[dD(SAO)]   TOL
   6  -139.65698813205    -266.44746053     89.400006554    0.656D-04 0.600D-11
                            Exc = -16.8350439762     Coul =  106.235050531    
                              N = 17.999999951    
                            current damping = 0.350
 
          Norm of current diis error: 0.48032E-02
          max. resid. norm for Fia-block=  3.557D-04 for orbital      5a         
          max. resid. fock norm         =  3.666D-04 for orbital      5a         

 ITERATION  ENERGY          1e-ENERGY        2e-ENERGY     RMS[dD(SAO)]   TOL
   7  -139.65698892581    -266.45559482     89.408140047    0.759D-05 0.579D-11
                            Exc = -16.8361495836     Coul =  106.244289631    
                              N = 17.999999952    
                            current damping = 0.400
 
          Norm of current diis error: 0.83211E-03
          max. resid. norm for Fia-block=  5.235D-05 for orbital      4a         
          max. resid. fock norm         =  9.084D-05 for orbital    111a         

 ITERATION  ENERGY          1e-ENERGY        2e-ENERGY     RMS[dD(SAO)]   TOL
   8  -139.65698894025    -266.45568385     89.408229069    0.223D-05 0.559D-11
                            Exc = -16.8361545735     Coul =  106.244383643    
                              N = 17.999999952    
                            current damping = 0.250
 
          Norm of current diis error: 0.14550E-03
          max. resid. norm for Fia-block=  1.105D-05 for orbital      8a         
          max. resid. fock norm         =  2.162D-05 for orbital    111a         

 ITERATION  ENERGY          1e-ENERGY        2e-ENERGY     RMS[dD(SAO)]   TOL
   9  -139.65698894095    -266.45559991     89.408145127    0.864D-06 0.539D-11
                            Exc = -16.8361455856     Coul =  106.244290713    
                              N = 17.999999952    
                            current damping = 0.300
 
          Norm of current diis error: 0.56048E-04
          max. resid. norm for Fia-block=  4.660D-06 for orbital      5a         
          max. resid. fock norm         =  7.670D-06 for orbital    117a         

 ENERGY & DENSITY CONVERGED !


 ITERATION  ENERGY          1e-ENERGY        2e-ENERGY     RMS[dD(SAO)]   TOL
  10  -139.65698894101    -266.45565985     89.408205067    0.151D-06 0.522D-11
                            Exc = -16.8361547713     Coul =  106.244359839    
                              N = 17.999999952    
                            current damping = 0.350
 
          Norm of current diis error: 0.37916E-04
          max. resid. norm for Fia-block=  1.837D-06 for orbital      5a         
          max. resid. fock norm         =  1.948D-06 for orbital      5a         

 End of SCF iterations

   convergence criteria satisfied after    10 iterations


                  ------------------------------------------ 
                 |  total energy      =   -139.65698894101  |
                  ------------------------------------------ 
                 :  kinetic energy    =    139.21220396878  :
                 :  potential energy  =   -278.86919290979  :
                 :  virial theorem    =      1.99681516138  :
                 :  wavefunction norm =      1.00000000000  :
                  .......................................... 


 <geterg> : there is no data group $energy 


 <skperg> : $end is missing 


 orbitals $scfmo  will be written to file mos

    irrep                  5a          6a          7a          8a          9a   
 eigenvalues H         -0.44131    -0.42826    -0.42824    -0.29555    -0.29555
            eV         -12.0088    -11.6537    -11.6530     -8.0425     -8.0423
 occupation              2.0000      2.0000      2.0000      2.0000      2.0000

    irrep                 10a         11a         12a         13a         14a   
 eigenvalues H          0.01068     0.02658     0.07091     0.07092     0.11846
            eV           0.2905      0.7234      1.9297      1.9299      3.2234
 
 
 
 
 ==============================================================================
                           electrostatic moments
 ==============================================================================

 reference point for electrostatic moments:    0.00000   0.00000   0.00000

 
              nuc           elec       ->  total
 ------------------------------------------------------------------------------
                          charge      
 ------------------------------------------------------------------------------
          18.000000     -18.000000       0.000000
 
 ------------------------------------------------------------------------------
                       dipole moment  
 ------------------------------------------------------------------------------
   x      -9.618666       9.683087       0.064421
   y       5.857453      -5.908203      -0.050750
   z     -90.461735      91.137807       0.676072
 
   | dipole moment | =     0.6810 a.u. =     1.7310 debye 
 
 ------------------------------------------------------------------------------
                     quadrupole moment
 ------------------------------------------------------------------------------
  xx      11.055906     -20.056815      -9.000909
  yy       7.712826     -16.676797      -8.963971
  zz     491.373184    -507.606621     -16.233437
  xy      -3.352554       3.404400       0.051845
  xz      51.304563     -52.038300      -0.733737
  yz     -31.774104      32.287788       0.513684
 
     1/3  trace=     -11.399439
     anisotropy=       7.415711
 
 ==============================================================================
 
HOMO-LUMO Separation
 HOMO         :   -0.29554546 H =     -8.04221 eV
 LUMO         :    0.01067532 H =     +0.29049 eV
 HOMO-LUMO gap:    0.30622078 H =     +8.33270 eV
 
 ==============================================================================


    ------------------------------------------------------------------------
         total  cpu-time :  12.95 seconds
         total wall-time :  12.95 seconds
    ------------------------------------------------------------------------

   ****  ridft : all done  ****


    2020-07-20 17:47:33.791 

