
   OpenMP run-time library returned nthreads = 16

 rirpa (c-3-41) : TURBOMOLE rev. V7.5.0 compiled 17 Jun 2020 at 09:15:30
 Copyright (C) 2020 TURBOMOLE GmbH, Karlsruhe


    2020-07-21 01:20:41.991 

 
 
    *************************************************************************
    *************************** PROGRAM RIRPA *******************************
    ******                                                             ******
    ******              H. Eshuis, J. E. Bates and F. Furche           ******
    ******                                                             ******
    ****** Nov 2011                                                    ******
    ****** Copyright TURBOMOLE GmbH                                    ******
    *************************************************************************
    
    
                                References:                                  
    
                   RIRPA:                                                    
                     H. Eshuis, J. Yarkony, and F. Furche                    
                     Fast Computation of Molecular Random Phase              
                     Approximation Correlation Energies Using Resolution     
                     of the Identity and Imaginary Frequency Integration     
                     J. Chem. Phys. 132: 234114 (2010)                       
    
                     H. Eshuis, J. E. Bates, and F. Furche                   
                     Electron Correlation Methods Based on                   
                     the Random Phase Approximation                          
                     Theor. Chem. Acc.  131: 1084 (2012)                     
    
                     G. P. Chen, V. K. Voora, M. M. Agee,                    
                     S. G. Balasubramani, and F. Furche                      
                     Random-Phase Approximation Methods                      
                     Annu. Rev. Phys. Chem. 68: 421 (2017)                   
    
                   TWO-COMPONENT RIRPA:                                      
                     M. Kuehn                                                
                     Correlation Energies from the                           
                     Two-Component Random-Phase Approximation                
                     J. Chem. Theory Comput. 10: 623 (2014)                  
    
                   RIRPA GRADIENTS:                                          
                     A. M. Burow, J. E. Bates, F. Furche*, and H. Eshuis     
                     Analytical First-Order Molecular Properties and Forces  
                     within the Adiabatic Connection Random Phase            
                     Approximation                                           
                     J. Chem. Theory Comput. 10: 180 (2014)                  
    
                   RI-AXK/RI-ACSOSEX/RI-ACSOX:                               
                     G. P. Chen, M. M. Agee, and F. Furche                   
                     Performance and Scope of Perturbative Corrections to    
                     Random-Phase Approximation Energies                     
                     J. Chem. Theory Comput. 14: 5701 (2018)                 
    
                   GKS-RPA:                                                  
                     V. K. Voora, S. G. Balasubramani, and F. Furche         
                     Variational Generalized Kohn-Sham Approach Combining    
                     the Random-Phase-Approximation and Green’s-Function     
                     Methods                                                 
                     Phys. Rev. A 99: 012518 (2019)                          
    
    
    
      ... OpenMP parallelization enabled, threads:   16

   *-----------------------------------------------------------------------*
   |                     program will use 16 thread(s)                     |
   *-----------------------------------------------------------------------*

 MAXIMUM CORE MEMORY WHICH CAN BE ALLOCATED DYNAMICALLY = 80000 MiB
              ( or 10485760000 double words per process)

 
                FOUND RI-J FLAG
 
  HF exact exchange energy will be computed using RI-J.


              +--------------------------------------------------+
              | Atomic coordinate, charge and isotop information |
              +--------------------------------------------------+

                    atomic coordinates            atom    charge  isotop
          0.01456626    0.40492510    0.09888092    h      0.000     0
          0.01962598    0.37884067    2.14227777    c      0.000     0
          2.30145606    0.46519130    3.45523585    c      0.000     0
          2.30783896    0.42175528    6.08813778    c      0.000     0
          0.03307789    0.29183866    7.40872067    c      0.000     0
         -2.24838635    0.20481689    6.09667869    c      0.000     0
         -2.25561624    0.24835256    3.46337140    c      0.000     0
          4.06678791    0.55714614    2.42983815    h      0.000     0
          4.07870707    0.48222857    7.10647302    h      0.000     0
          0.03868116    0.25185810    9.45197139    h      0.000     0
         -4.01326243    0.09567522    7.12116408    h      0.000     0
         -4.02539051    0.17176080    2.44437658    h      0.000     0
         -0.07118067   -6.22678634    3.35093796    br    35.000     0
          0.17180336   -9.86932596    3.53184484    c      6.000     0
          0.04199013  -10.61780554    1.63124050    h      1.000     0
          1.97359391  -10.35070488    4.37521977    h      1.000     0
         -1.37165089  -10.55903652    4.68572358    h      1.000     0
 
       center of nuclear mass  :   -0.00529457   -3.59280146    4.01032903
       center of nuclear charge:   -0.01855841   -7.01547783    3.39013822
              +-------------------------------------------------+
              |        Rotational Constants Section             |
              +-------------------------------------------------+
                                   Center of Mass [a.u]:
              -0.00529457345435        -3.59280146006908         4.01032902873350
                     Principal Moments of Inertia [a.u.]
             643.95031600793413      2783.31931531076953      2783.65239139591858
                       Rotational constants A,B,C [a.u.]
               0.00077645741848         0.00017964162331         0.00017962012841
                     Rotational constants A,B,C [cm**-1]
               0.09348498634126         0.02162873881028         0.02162615083784
                        Rotational constants A,B,C [MHz]
            2802.60938413426175       648.41327713724888       648.33569167558164

   * BASIS SET information:

              +--------------------------------------------------+
              |               basis set information              |
              +--------------------------------------------------+

              we will work with the 1s 3p 5d 7f 9g ... basis set
              ...i.e. with spherical basis functions...

   type   atoms  prim   cont   basis
   ---------------------------------------------------------------------------
    h        9     58     55   cc-pV5Z   [5s4p3d2f1g|8s4p3d2f1g]
    c        7    118     91   cc-pV5Z   [6s5p4d3f2g1h|24s8p4d3f2g1h]
    br       1    336    104   cc-pV5Z   [8s7p5d3f2g1h|92s43p13d3f2g1h]
   ---------------------------------------------------------------------------
   total:   17   1684   1236
   ---------------------------------------------------------------------------

   total number of primitive shells          :  214
   total number of contracted shells         :  308
   total number of cartesian basis functions : 1652
   total number of SCF-basis functions       : 1236


   * AUXILIARY BASIS SET information:

              +--------------------------------------------------+
              |               basis set information              |
              +--------------------------------------------------+

              we will work with the 1s 3p 5d 7f 9g ... basis set
              ...i.e. with spherical basis functions...

   type   atoms  prim   cont   basis
   ---------------------------------------------------------------------------
    h        9     91     91   cc-pV5Z   [6s5p4d3f2g1h|6s5p4d3f2g1h]
    c        7    193    193   cc-pV5Z   [10s8p7d6f4g3h1i|10s8p7d6f4g3h1i]
    br       1    365    365   cc-pV5Z   [15s13p12d10f8g5h3i1k|15s13p12d10f8g5h3i1k]
   ---------------------------------------------------------------------------
   total:   17   2535   2535
   ---------------------------------------------------------------------------

   total number of primitive shells          :  127
   total number of contracted shells         :  529
   total number of cartesian basis functions : 3714
   total number of SCF-basis functions       : 2535


   * RIJ AUXILIARY BASIS SET information:

              +--------------------------------------------------+
              |               basis set information              |
              +--------------------------------------------------+

              we will work with the 1s 3p 5d 7f 9g ... basis set
              ...i.e. with spherical basis functions...

   type   atoms  prim   cont   basis
   ---------------------------------------------------------------------------
    h        9     16     11   cc-pV5Z   [3s1p1d|5s2p1d]
    c        7     70     49   cc-pV5Z   [6s4p3d1f1g|12s5p4d2f1g]
    br       1     89     58   universal   [8s4p3d2f1g|19s5p5d3f1g]
   ---------------------------------------------------------------------------
   total:   17    723    500
   ---------------------------------------------------------------------------

   total number of primitive shells          :   65
   total number of contracted shells         :  168
   total number of cartesian basis functions :  608
   total number of SCF-basis functions       :  500


 reading orbital data $scfmo  from file mos
 orbital characterization : scfconv=7

 integral neglect threshold       :  0.28E+02

 scfconv                     7

 there are 1 real representations :   a   

 maximum number of shells which are related by symmetry :  1

 time elapsed for calculating density matrices :   2.853 sec

     total memory allocated for calculation of (Q|P)**(-1/2) : 74 MiB


     calculation of (P|Q) ...
     time in lp2sym        cpu:  2.11 sec    wall:  0.13 sec    ratio: 16.0


     calculation of the Cholesky decomposition of (P|Q)**(-1) ...
     time in invmetri      cpu:  6.22 sec    wall:  0.51 sec    ratio: 12.1

   threshold for RMS(d[D]) in SCF was     :  0.10E-06
   integral neglect threshold             :  0.90E-12
   derivative integral neglect threshold  :  0.10E-06


 setting up bound for integral derivative estimation

 increment for numerical differentiation : 0.00050000
 
 Occupied orbital block size for RIRPA:                     7
 
 Number of passes for spin                     1 is                     1
 
 Number of eigenvalues < 6e-3:                      0
 
 
            -----------------------------
            Complex frequency integration
            -----------------------------
 
 Number of Clenshaw-Curtis nodes:                    100
 Optimized scaling parameter    :    2.01374370158966     
 Sensitivity measure            :  -1.006804709047238E-011
 
 Done with rirpa frequency point #                     1
 Done with rirpa frequency point #                     2
 Done with rirpa frequency point #                     3
 Done with rirpa frequency point #                     4
 Done with rirpa frequency point #                     5
 Done with rirpa frequency point #                     6
 Done with rirpa frequency point #                     7
 Done with rirpa frequency point #                     8
 Done with rirpa frequency point #                     9
 Done with rirpa frequency point #                    10
 Done with rirpa frequency point #                    11
 Done with rirpa frequency point #                    12
 Done with rirpa frequency point #                    13
 Done with rirpa frequency point #                    14
 Done with rirpa frequency point #                    15
 Done with rirpa frequency point #                    16
 Done with rirpa frequency point #                    17
 Done with rirpa frequency point #                    18
 Done with rirpa frequency point #                    19
 Done with rirpa frequency point #                    20
 Done with rirpa frequency point #                    21
 Done with rirpa frequency point #                    22
 Done with rirpa frequency point #                    23
 Done with rirpa frequency point #                    24
 Done with rirpa frequency point #                    25
 Done with rirpa frequency point #                    26
 Done with rirpa frequency point #                    27
 Done with rirpa frequency point #                    28
 Done with rirpa frequency point #                    29
 Done with rirpa frequency point #                    30
 Done with rirpa frequency point #                    31
 Done with rirpa frequency point #                    32
 Done with rirpa frequency point #                    33
 Done with rirpa frequency point #                    34
 Done with rirpa frequency point #                    35
 Done with rirpa frequency point #                    36
 Done with rirpa frequency point #                    37
 Done with rirpa frequency point #                    38
 Done with rirpa frequency point #                    39
 Done with rirpa frequency point #                    40
 Done with rirpa frequency point #                    41
 Done with rirpa frequency point #                    42
 Done with rirpa frequency point #                    43
 Done with rirpa frequency point #                    44
 Done with rirpa frequency point #                    45
 Done with rirpa frequency point #                    46
 Done with rirpa frequency point #                    47
 Done with rirpa frequency point #                    48
 Done with rirpa frequency point #                    49
 Done with rirpa frequency point #                    50
 Done with rirpa frequency point #                    51
 Done with rirpa frequency point #                    52
 Done with rirpa frequency point #                    53
 Done with rirpa frequency point #                    54
 Done with rirpa frequency point #                    55
 Done with rirpa frequency point #                    56
 Done with rirpa frequency point #                    57
 Done with rirpa frequency point #                    58
 Done with rirpa frequency point #                    59
 Done with rirpa frequency point #                    60
 Done with rirpa frequency point #                    61
 Done with rirpa frequency point #                    62
 Done with rirpa frequency point #                    63
 Done with rirpa frequency point #                    64
 Done with rirpa frequency point #                    65
 Done with rirpa frequency point #                    66
 Done with rirpa frequency point #                    67
 Done with rirpa frequency point #                    68
 Done with rirpa frequency point #                    69
 Done with rirpa frequency point #                    70
 Done with rirpa frequency point #                    71
 Done with rirpa frequency point #                    72
 Done with rirpa frequency point #                    73
 Done with rirpa frequency point #                    74
 Done with rirpa frequency point #                    75
 Done with rirpa frequency point #                    76
 Done with rirpa frequency point #                    77
 Done with rirpa frequency point #                    78
 Done with rirpa frequency point #                    79
 Done with rirpa frequency point #                    80
 Done with rirpa frequency point #                    81
 Done with rirpa frequency point #                    82
 Done with rirpa frequency point #                    83
 Done with rirpa frequency point #                    84
 Done with rirpa frequency point #                    85
 Done with rirpa frequency point #                    86
 Done with rirpa frequency point #                    87
 Done with rirpa frequency point #                    88
 Done with rirpa frequency point #                    89
 Done with rirpa frequency point #                    90
 Done with rirpa frequency point #                    91
 Done with rirpa frequency point #                    92
 Done with rirpa frequency point #                    93
 Done with rirpa frequency point #                    94
 Done with rirpa frequency point #                    95
 Done with rirpa frequency point #                    96
 Done with rirpa frequency point #                    97
 Done with rirpa frequency point #                    98
 Done with rirpa frequency point #                    99
 Done with rirpa frequency point #                   100
 


 RI-RPA correlation energy: -0.6718806818013515E+00
 Allocatable memory for RI due to $ricore (MB):                  5000

 there are 1 real representations :   a   

 maximum number of shells which are related by symmetry :  1

  
           ------------------------
               RI-J - INFORMATION
           ------------------------
 Contributions to RI integral batches: 
  neglected integral batches:                 11877
  direct contribution:                            0
  memory contribution:                 35709

          ------------------------
          nuclear repulsion energy  :   89.4025330840    
          ------------------------


         -----------------
         -S,T+V- integrals
         -----------------

 1e-integrals will be neglected if expon. factor < 0.897505E-12

                  --------------------------------------------------- 
                 |  HXX+RIRPA total energy     =  -2612.74112416230  |
                  ---------------------------------------------------- 
                 :  RIRPA correlation energy   =     -0.67188068180  :
                 :  HXX total energy           =  -2612.06924348050  :
                 :  Hartree energy             =   1207.77460537575  :
                 :  Exact Exchange energy      =    -95.78333208346  :
                  .................................................... 


    ------------------------------------------------------------------------
    Rirpa profiling                cpu                    wall         ratio
    ------------------------------------------------------------------------
    module                         sec     %               sec     %
    ------------------------------------------------------------------------
    RIRPA                      4095.6  100.00          289.8  100.00  14.1
    STARTUP                       4.6    0.11            1.1    0.39   4.1
    riccmos                       8.7    0.21            1.4    0.47   6.4
    riccaux                       8.5    0.21            0.7    0.23  13.0
    riccbound                    32.8    0.80           30.0   10.36   1.1
    ccmkbaoi                     94.0    2.29            6.3    2.17  14.9
    ecrpa                       599.3   14.63           37.6   12.97  15.9
    qbuild                      556.6   13.59           34.9   12.03  16.0
    rparenrm                     38.1    0.93            2.4    0.82  16.0
    ehxx                       3345.9   81.70          212.7   73.38  15.7
    ------------------------------------------------------------------------
    sum                        8787.1  214.55          616.9  212.88  14.2
    ------------------------------------------------------------------------


    ------------------------------------------------------------------------
         total  cpu-time :  1 hours  8 minutes and 16 seconds
         total wall-time :  4 minutes and 50 seconds
    ------------------------------------------------------------------------

   ****  rirpa : all done  ****


    2020-07-21 01:25:31.816 

