           SMPCPUS    set: Shared-memory Parallelization with  10 CPUs.

           SMP Parallelization Reference:
           C. van Wullen, J. Comput. Chem. 32 (2011) 1195--1201

 ridft (c-9-374) : TURBOMOLE rev. V7.5.0 compiled 13 Jun 2020 at 23:29:25
 Copyright (C) 2020 TURBOMOLE GmbH, Karlsruhe


    2020-12-12 20:58:33.024 



                                  r i d f t

                        DFT program with RI approximation 
                                for coulomb part 




                                                 
                                 References:     
                                                 
          TURBOMOLE:                             
              R. Ahlrichs, M. Baer, M. Haeser, H. Horn, and
              C. Koelmel
              Electronic structure calculations on workstation
              computers: the program system TURBOMOLE
              Chem. Phys. Lett. 162: 165 (1989)
          Density Functional:                              
              O. Treutler and R. Ahlrichs                      
              Efficient Molecular Numerical Integration Schemes
              J. Chem. Phys. 102: 346 (1995)                   
          Parallel Version:                                
              Performance of parallel TURBOMOLE for Density    
              Functional Calculations                          
              M. v. Arnim and R. Ahlrichs                      
              J. Comp. Chem. 19: 1746 (1998)                   
          RI-J Method:                                     
              Auxiliary Basis Sets to approximate Coulomb      
              Potentials                                       
              Chem. Phys. Lett. 240: 283 (1995)                
              K. Eichkorn, O. Treutler, H. Oehm, M. Haeser     
              and R. Ahlrichs                                  
              Chem. Phys. Lett. 242: 652 (1995)                
                                                           
              Auxiliary Basis Sets for Main Row Atoms and their
              Use to approximate Coulomb Potentials            
              K. Eichkorn, F. Weigend, O. Treutler and         
              R. Ahlrichs                                      
              Theo. Chem. Acc. 97: 119 (1997)                   
                                                           
              Accurate Coulomb-fitting basis sets for H to Rn 
              F. Weigend                                        
              Phys. Chem. Chem. Phys. 8: 1057 (2006)            
                                                           
          Multipole accelerated RI-J (MARI-J):             
              Fast evaluation of the Coulomb potential for     
              electron densities using multipole accelerated   
              resolution of identity approximation             
              M. Sierka, A. Hogekamp and R. Ahlrichs           
              J. Chem. Phys. 118: 9136 (2003)                  
          RI-JK Method:                                     
              A fully direct RI-HF algorithm: Implementation,
              optimised auxiliary basis sets, demonstration of
              accuracy and efficiency                         
              F. Weigend                                      
              Phys. Chem. Chem. Phys. 4: 4285 (2002)           
          Two-component HF and DFT with spin-orbit coupling:  
              Self-consistent treatment of spin-orbit         
              interactions with efficient Hartree-Fock and    
              density functional methods                      
              M. K. Armbruster, F. Weigend, C. van Wüllen and 
              W. Klopper                                      
              Phys. Chem. Chem. Phys. 10: 1748 (2008)         
          Two-component difference density and DIIS algorithm 
              Efficient two-component self-consistent field   
              procedures and gradients: implementation in     
              TURBOMOLE and application to Au20-              
              A. Baldes, F. Weigend                           
              Mol. Phys. 111: 2617 (2013)                     
          Relativistic all-electron 2c calculations           
              An efficient implementation of two-component    
              relativistic exact-decoupling methods for large 
              molecules                                       
              D. Peng, N. Middendorf, F. Weigend, M. Reiher   
              J. Chem. Phys. 138: 184105 (2013)               
          Finite nucleus model and SNSO approximation         
              Efficient implementation of one- and two-       
              component analytical energy gradients in exact  
              two-component theory                            
              Y. J. Franzke, N. Middendorf, F. Weigend        
              J. Chem. Phys. 148: 104110 (2018)               
          Grids for all-electron relativistic methods         
              Error-consistent segmented contracted all-      
              electron relativistic basis sets of double-     
              and triple-zeta quality for NMR shielding       
              constants                                       
              Y. J. Franzke, R. Tress, T. M. Pazdera,         
              F. Weigend                                      
              Phys. Chem. Chem. Phys. 21: 166658 (2019)       
          Seminumerical exchange algorithms                   
              Seminumerical calculation of the Hartree-Fock   
              exchange matirx: Application to two-component   
              procedures and efficient evaluation of local    
              hybrid functionsl                               
              P. Plessow, F. Weigend,                         
              J. Comput. Chem. 33: 810 (2012)                 
          Improved seminumerical algorithms                   
              C. Holzer, in preparation (2020)                
                                         




              +--------------------------------------------------+
              |      general information about current run       |
              +--------------------------------------------------+

 

 DENSITY CONVERGENCE CHECK SWITCHED ON !
 SCF CONVERGENCE IF RMS(delta[D]) <     0.1000000000E-06

 TPSS meta-GGA functional
 exchange:    LDA + TPSS
 correlation: LDA (PW) + TPSS
 A DFT calculation using the RI-J approximation will be carried out.
 Allocatable memory for RI due to $ricore (MB):                  5000


              +--------------------------------------------------+
              | Atomic coordinate, charge and isotop information |
              +--------------------------------------------------+

                    atomic coordinates            atom    charge  isotop
         -0.00005387   -0.00087292    4.07831061    c      6.000     0
         -2.74778224    1.58505939    3.05424154    cl    17.000     0
          2.74793492    1.58483720    3.05419147    cl    17.000     0
         -0.00016516   -3.17435257    3.05720449    cl    17.000     0
          0.00001076    0.00050517    6.12140110    h      1.000     0
         -0.00004364    0.00087290   -3.59105597    c      0.000     0
          0.00004647   -0.00265902   -5.64283756    h      0.000     0
         -1.67335301   -0.96427450   -2.90105739    h      0.000     0
          1.67358558   -0.96399050   -2.90098855    h      0.000     0
         -0.00017619    1.93439607   -2.90600719    h      0.000     0
 
       center of nuclear mass  :   -0.00001107   -0.00113697    2.38150951
       center of nuclear charge:   -0.00000904   -0.00138766    3.21391555

              +--------------------------------------------------+
              |               basis set information              |
              +--------------------------------------------------+

              we will work with the 1s 3p 5d 7f 9g ... basis set
              ...i.e. with spherical basis functions...

   type   atoms  prim   cont   basis
   ---------------------------------------------------------------------------
    c        2     77     55   cc-pVQZ   [5s4p3d2f1g|21s6p3d2f1g]
    cl       3    137     59   cc-pVQZ   [6s5p3d2f1g|42s19p3d2f1g]
    h        5     32     30   cc-pVQZ   [4s3p2d1f|6s3p2d1f]
   ---------------------------------------------------------------------------
   total:   10    725    437
   ---------------------------------------------------------------------------

   total number of primitive shells          :  112
   total number of contracted shells         :  131
   total number of cartesian basis functions :  537
   total number of SCF-basis functions       :  437


 integral neglect threshold       :  0.62E-11
 integral storage threshold THIZE :  0.10E-04
 integral storage threshold THIME :         5

 RI-J AUXILIARY BASIS SET information:

              we will work with the 1s 3p 5d 7f 9g ... basis set
              ...i.e. with spherical basis functions...

   type   atoms  prim   cont   basis
   ---------------------------------------------------------------------------
    c        2     70     49   cc-pVQZ   [6s4p3d1f1g|12s5p4d2f1g]
    cl       3     77     51   cc-pVQZ   [8s4p3d1f1g|14s5p5d2f1g]
    h        5     16     11   cc-pVQZ   [3s1p1d|5s2p1d]
   ---------------------------------------------------------------------------
   total:   10    451    306
   ---------------------------------------------------------------------------

   total number of primitive shells          :   59
   total number of contracted shells         :  106
   total number of cartesian basis functions :  371
   total number of SCF-basis functions       :  306


 symmetry group of the molecule :   c1 

 the group has the following generators :
   c1(z)

    1 symmetry operations found

 there are 1 real representations :   a   

 maximum number of shells which are related by symmetry :  1

  
           ------------------
           density functional
           ------------------
 Dummy atoms with grid-point found.
 DFT quadrature threshold dgrenze tightened by factor 1/10.

 TPSS meta-GGA functional
 exchange:    LDA + TPSS
 correlation: LDA (PW) + TPSS
 Dummy atoms with grid-point found.
 DFT quadrature threshold dgrenze tightened by factor 1/10.

 Dummy atoms with grid-point found.
 DFT quadrature threshold dgrenze tightened by factor 1/10.


 spherical integration : Lebedev's spherical grid
 spherical gridsize    :                     5
    i.e. gridpoints    :                   590
 value for diffuse not defined
 radial integration    : Chebyshev 2nd kind (scaling 3)
 radial gridsize       :                     8
 integration cells     :                    10
 partition function    : becke
 partition sharpness   :                     3
  
 found dummy atom(s) with basis: included in dft

 biggest AO integral is expected to be    10.299525420

          ------------------------
          nuclear repulsion energy  :   264.044208785    
          ------------------------


         -----------------
         -S,T+V- integrals
         -----------------

 1e-integrals will be neglected if expon. factor < 0.622339E-12
 
   Difference densities algorithm switched on.
   The maximal number of linear combinations of
   difference densities is                    20 .

 DIIS switched on: error vector is FDS-SDF
 Max. Iterations for DIIS is     :   4
 DIIS matrix (see manual) 
    Scaling factor of diagonals  :  1.200
    threshold for scaling factor :  0.000

 scf convergence criterion : increment of total energy < .1000000D-06
                  and increment of one-electron energy < .1000000D-03

 MOs are in ASCII format !


    mo occupation :
   irrep   mo's   occupied
    a      437       29
 
 number of basis functions   :   437
 number of occupied orbitals :    29
 

 reading orbital data $scfmo  from file mos
 orbital characterization : scfconv=7
 mo-orthogonalization by Cholesky decomposition

 automatic virtual orbital shift switched on 
      shift if e(lumo)-e(homo) < 0.10000000    

  
           ------------------------
               RI-J - INFORMATION
           ------------------------
 Contributions to RI integral batches: 
  neglected integral batches:                  1543
  direct contribution:                            0
  memory contribution:                  7103
 Memory core needed for (P|Q) and Cholesky      1 MByte
 Memory core minimum needed except of (P|Q)     2 MByte
 Total minimum memory core needed (sum)         2 MByte
  
 ****************************************
 Memory allocated for RI-J   345 MByte
 ****************************************
                                            

 DSCF restart information will be dumped onto file mos


 Starting SCF iterations

          Overall gridpoints after grid construction =        166912

 ITERATION  ENERGY          1e-ENERGY        2e-ENERGY     RMS[dD(SAO)]   TOL
   1  -1419.4507688551    -2483.4688250     799.97384732    0.000D+00 0.621D-11
                            Exc = -90.5235602180     Coul =  890.497407541    
                              N = 57.999999708    
                            current damping = 0.300
 
          max. resid. norm for Fia-block=  5.863D-02 for orbital      1a         
          max. resid. fock norm         =  3.275D-01 for orbital    420a         

 ITERATION  ENERGY          1e-ENERGY        2e-ENERGY     RMS[dD(SAO)]   TOL
   2  -1419.4524137426    -2483.6778919     800.18126933    0.505D-03 0.393D-11
                            Exc = -90.5648882592     Coul =  890.746157594    
                              N = 57.999999752    
                            current damping = 0.250
 
          Norm of current diis error: 0.53339E-01
          max. resid. norm for Fia-block=  1.305D-02 for orbital      1a         
          max. resid. fock norm         =  8.004D-02 for orbital    425a         

 ITERATION  ENERGY          1e-ENERGY        2e-ENERGY     RMS[dD(SAO)]   TOL
   3  -1419.4523793226    -2483.7037303     800.20714217    0.137D-03 0.321D-11
                            Exc = -90.5636429271     Coul =  890.770785101    
                              N = 57.999999757    
                            current damping = 0.300
 
          Norm of current diis error: 0.74773E-01
          max. resid. norm for Fia-block=  2.595D-03 for orbital      1a         
          max. resid. fock norm         =  1.723D-02 for orbital    425a         

 ITERATION  ENERGY          1e-ENERGY        2e-ENERGY     RMS[dD(SAO)]   TOL
   4  -1419.4525650772    -2483.6465516     800.14977770    0.347D-04 0.303D-11
                            Exc = -90.5635660738     Coul =  890.713343778    
                              N = 57.999999759    
                            current damping = 0.350
 
          Norm of current diis error: 0.21666E-01
          max. resid. norm for Fia-block=  7.932D-04 for orbital     23a         
          max. resid. fock norm         =  5.160D-03 for orbital    425a         

 ITERATION  ENERGY          1e-ENERGY        2e-ENERGY     RMS[dD(SAO)]   TOL
   5  -1419.4525835468    -2483.6694291     800.17263678    0.128D-04 0.285D-11
                            Exc = -90.5663463510     Coul =  890.738983128    
                              N = 57.999999760    
                            current damping = 0.400
 
          Norm of current diis error: 0.19632E-02
          max. resid. norm for Fia-block=  1.601D-04 for orbital      1a         
          max. resid. fock norm         =  1.801D-03 for orbital    425a         
          mo-orthogonalization: Cholesky decomposition

 ITERATION  ENERGY          1e-ENERGY        2e-ENERGY     RMS[dD(SAO)]   TOL
   6  -1419.4525836745    -2483.6653060     800.16851357    0.190D-05 0.273D-11
                            Exc = -90.5663126040     Coul =  890.734826178    
                              N = 57.999999760    
                            current damping = 0.450
 
          Norm of current diis error: 0.51631E-03
          max. resid. norm for Fia-block=  4.598D-05 for orbital      2a         
          max. resid. fock norm         =  5.747D-04 for orbital    425a         

 ITERATION  ENERGY          1e-ENERGY        2e-ENERGY     RMS[dD(SAO)]   TOL
   7  -1419.4525836863    -2483.6671478     800.17035530    0.614D-06 0.264D-11
                            Exc = -90.5664322982     Coul =  890.736787602    
                              N = 57.999999760    
                            current damping = 0.500
 
          Norm of current diis error: 0.13881E-03
          max. resid. norm for Fia-block=  1.429D-05 for orbital     21a         
          max. resid. fock norm         =  2.206D-04 for orbital    425a         

 ENERGY & DENSITY CONVERGED !


 ITERATION  ENERGY          1e-ENERGY        2e-ENERGY     RMS[dD(SAO)]   TOL
   8  -1419.4525836871    -2483.6670923     800.17029982    0.172D-06 0.257D-11
                            Exc = -90.5664357408     Coul =  890.736735558    
                              N = 57.999999760    
                            current damping = 0.550
 
          Norm of current diis error: 0.48985E-04
          max. resid. norm for Fia-block=  5.588D-06 for orbital     21a         
          max. resid. fock norm         =  8.756D-05 for orbital    425a         

 End of SCF iterations

   convergence criteria satisfied after     8 iterations


                  ------------------------------------------ 
                 |  total energy      =  -1419.45258368707  |
                  ------------------------------------------ 
                 :  kinetic energy    =   1415.49948708615  :
                 :  potential energy  =  -2834.95207077321  :
                 :  virial theorem    =      1.99721505555  :
                 :  wavefunction norm =      1.00000000000  :
                  .......................................... 


 orbitals $scfmo  will be written to file mos

    irrep                 25a         26a         27a         28a         29a   
 eigenvalues H         -0.32483    -0.29725    -0.29724    -0.29468    -0.27903
            eV          -8.8393     -8.0886     -8.0885     -8.0186     -7.5928
 occupation              2.0000      2.0000      2.0000      2.0000      2.0000

    irrep                 30a         31a         32a         33a         34a   
 eigenvalues H         -0.07014    -0.02273    -0.02272     0.01418     0.04141
            eV          -1.9085     -0.6186     -0.6181      0.3858      1.1269
 
 
 
 
 ==============================================================================
                           electrostatic moments
 ==============================================================================

 reference point for electrostatic moments:    0.00000   0.00000   0.00000

 
              nuc           elec       ->  total
 ------------------------------------------------------------------------------
                          charge      
 ------------------------------------------------------------------------------
          58.000000     -58.000000      -0.000000
 
 ------------------------------------------------------------------------------
                       dipole moment  
 ------------------------------------------------------------------------------
   x      -0.000525       0.000430      -0.000094
   y      -0.080484       0.080659       0.000175
   z     186.407102    -185.973591       0.433511
 
   | dipole moment | =     0.4335 a.u. =     1.1019 debye 
 
 ------------------------------------------------------------------------------
                     quadrupole moment
 ------------------------------------------------------------------------------
  xx     256.724711    -289.401972     -32.677261
  yy     256.710825    -289.387802     -32.676977
  zz     613.317851    -641.669401     -28.351550
  xy       0.002648      -0.002837      -0.000189
  xz      -0.004248       0.003957      -0.000291
  yz      -0.410874       0.411919       0.001045
 
     1/3  trace=     -31.235263
     anisotropy=       4.325569
 
 ==============================================================================
 
HOMO-LUMO Separation
 HOMO         :   -0.27902817 H =     -7.59275 eV
 LUMO         :   -0.07013630 H =     -1.90851 eV
 HOMO-LUMO gap:    0.20889187 H =     +5.68424 eV
 
 ==============================================================================


    ------------------------------------------------------------------------
         total  cpu-time :  2 minutes and 56 seconds
         total wall-time :  19.23 seconds
    ------------------------------------------------------------------------

   ****  ridft : all done  ****


    2020-12-12 20:58:52.223 

