
   OpenMP run-time library returned nthreads =  8

 rirpa (c-15-34) : TURBOMOLE rev. V7.5.0 compiled 17 Jun 2020 at 09:15:30
 Copyright (C) 2020 TURBOMOLE GmbH, Karlsruhe


    2020-07-23 16:39:47.251 

 
 
    *************************************************************************
    *************************** PROGRAM RIRPA *******************************
    ******                                                             ******
    ******              H. Eshuis, J. E. Bates and F. Furche           ******
    ******                                                             ******
    ****** Nov 2011                                                    ******
    ****** Copyright TURBOMOLE GmbH                                    ******
    *************************************************************************
    
    
                                References:                                  
    
                   RIRPA:                                                    
                     H. Eshuis, J. Yarkony, and F. Furche                    
                     Fast Computation of Molecular Random Phase              
                     Approximation Correlation Energies Using Resolution     
                     of the Identity and Imaginary Frequency Integration     
                     J. Chem. Phys. 132: 234114 (2010)                       
    
                     H. Eshuis, J. E. Bates, and F. Furche                   
                     Electron Correlation Methods Based on                   
                     the Random Phase Approximation                          
                     Theor. Chem. Acc.  131: 1084 (2012)                     
    
                     G. P. Chen, V. K. Voora, M. M. Agee,                    
                     S. G. Balasubramani, and F. Furche                      
                     Random-Phase Approximation Methods                      
                     Annu. Rev. Phys. Chem. 68: 421 (2017)                   
    
                   TWO-COMPONENT RIRPA:                                      
                     M. Kuehn                                                
                     Correlation Energies from the                           
                     Two-Component Random-Phase Approximation                
                     J. Chem. Theory Comput. 10: 623 (2014)                  
    
                   RIRPA GRADIENTS:                                          
                     A. M. Burow, J. E. Bates, F. Furche*, and H. Eshuis     
                     Analytical First-Order Molecular Properties and Forces  
                     within the Adiabatic Connection Random Phase            
                     Approximation                                           
                     J. Chem. Theory Comput. 10: 180 (2014)                  
    
                   RI-AXK/RI-ACSOSEX/RI-ACSOX:                               
                     G. P. Chen, M. M. Agee, and F. Furche                   
                     Performance and Scope of Perturbative Corrections to    
                     Random-Phase Approximation Energies                     
                     J. Chem. Theory Comput. 14: 5701 (2018)                 
    
                   GKS-RPA:                                                  
                     V. K. Voora, S. G. Balasubramani, and F. Furche         
                     Variational Generalized Kohn-Sham Approach Combining    
                     the Random-Phase-Approximation and Green’s-Function     
                     Methods                                                 
                     Phys. Rev. A 99: 012518 (2019)                          
    
    
    
      ... OpenMP parallelization enabled, threads:    8

   *-----------------------------------------------------------------------*
   |                     program will use  8 thread(s)                     |
   *-----------------------------------------------------------------------*

 MAXIMUM CORE MEMORY WHICH CAN BE ALLOCATED DYNAMICALLY = 4000 MiB
              ( or 524288000 double words per process)

 
                FOUND RI-J FLAG
 
  HF exact exchange energy will be computed using RI-J.


              +--------------------------------------------------+
              | Atomic coordinate, charge and isotop information |
              +--------------------------------------------------+

                    atomic coordinates            atom    charge  isotop
          0.15415922   -0.15037868   -0.23101620    c      6.000     0
          3.39498431    0.75046410    1.18992087    br    35.000     0
          0.02504930   -2.19211284   -0.29627091    h      1.000     0
         -1.30819558    0.62626071    0.97224225    h      1.000     0
          0.03435698    0.64218134   -2.11440623    h      1.000     0
          9.17464406    1.60232877    2.54930299    o      8.000     0
         10.06168450    0.45731230    0.77705811    c      6.000     0
         12.11604461    0.27689071    0.50786001    h      1.000     0
          8.85539078   -0.45681484   -0.64786197    h      1.000     0
 
       center of nuclear mass  :    4.48635674    0.70560120    1.12698775
       center of nuclear charge:    4.55398853    0.66371468    1.06232448
              +-------------------------------------------------+
              |        Rotational Constants Section             |
              +-------------------------------------------------+
                                   Center of Mass [a.u]:
               4.48635673598066         0.70560120259486         1.12698775331431
                     Principal Moments of Inertia [a.u.]
              74.79624584600435      1233.45957571284134      1296.82650692844572
                       Rotational constants A,B,C [a.u.]
               0.00668482748492         0.00040536391289         0.00038555658550
                     Rotational constants A,B,C [cm**-1]
               0.80484903774977         0.04880556094565         0.04642077114774
                        Rotational constants A,B,C [MHz]
           24128.76713459369421      1463.15390799659008      1391.65970846371602

   * BASIS SET information:

              +--------------------------------------------------+
              |               basis set information              |
              +--------------------------------------------------+

              we will work with the 1s 3p 5d 7f 9g ... basis set
              ...i.e. with spherical basis functions...

   type   atoms  prim   cont   basis
   ---------------------------------------------------------------------------
    c        2    118     91   cc-pV5Z   [6s5p4d3f2g1h|24s8p4d3f2g1h]
    br       1    336    104   cc-pV5Z   [8s7p5d3f2g1h|92s43p13d3f2g1h]
    h        5     58     55   cc-pV5Z   [5s4p3d2f1g|8s4p3d2f1g]
    o        1    118     91   cc-pV5Z   [6s5p4d3f2g1h|24s8p4d3f2g1h]
   ---------------------------------------------------------------------------
   total:    9    980    652
   ---------------------------------------------------------------------------

   total number of primitive shells          :  256
   total number of contracted shells         :  164
   total number of cartesian basis functions :  868
   total number of SCF-basis functions       :  652


   * AUXILIARY BASIS SET information:

              +--------------------------------------------------+
              |               basis set information              |
              +--------------------------------------------------+

              we will work with the 1s 3p 5d 7f 9g ... basis set
              ...i.e. with spherical basis functions...

   type   atoms  prim   cont   basis
   ---------------------------------------------------------------------------
    c        2    193    193   cc-pV5Z   [10s8p7d6f4g3h1i|10s8p7d6f4g3h1i]
    br       1    365    365   cc-pV5Z   [15s13p12d10f8g5h3i1k|15s13p12d10f8g5h3i1k]
    h        5     91     91   cc-pV5Z   [6s5p4d3f2g1h|6s5p4d3f2g1h]
    o        1    193    193   cc-pV5Z   [10s8p7d6f4g3h1i|10s8p7d6f4g3h1i]
   ---------------------------------------------------------------------------
   total:    9   1399   1399
   ---------------------------------------------------------------------------

   total number of primitive shells          :  166
   total number of contracted shells         :  289
   total number of cartesian basis functions : 2062
   total number of SCF-basis functions       : 1399


   * RIJ AUXILIARY BASIS SET information:

              +--------------------------------------------------+
              |               basis set information              |
              +--------------------------------------------------+

              we will work with the 1s 3p 5d 7f 9g ... basis set
              ...i.e. with spherical basis functions...

   type   atoms  prim   cont   basis
   ---------------------------------------------------------------------------
    c        2     70     49   cc-pV5Z   [6s4p3d1f1g|12s5p4d2f1g]
    br       1     89     58   universal   [8s4p3d2f1g|19s5p5d3f1g]
    h        5     16     11   cc-pV5Z   [3s1p1d|5s2p1d]
    o        1     70     49   cc-pV5Z   [6s4p3d1f1g|12s5p4d2f1g]
   ---------------------------------------------------------------------------
   total:    9    379    260
   ---------------------------------------------------------------------------

   total number of primitive shells          :   89
   total number of contracted shells         :   88
   total number of cartesian basis functions :  316
   total number of SCF-basis functions       :  260


 reading orbital data $scfmo  from file mos
 orbital characterization : scfconv=6

 integral neglect threshold       :  0.25E+02

 scfconv                     6

 there are 1 real representations :   a   

 maximum number of shells which are related by symmetry :  1

 entered riccmos at 2020-07-23 16:39:47.959
VM size:       687 MB
  MOs are in ASCII format !


 reading orbital data $scfmo  from file mos
 orbital characterization : scfconv=6
after riccmoinp VM size:       609 MB
registered memory usage:         4 MB
 time elapsed for calculating density matrices :   0.055 sec



              +--------------------------------------------+
              | list of orbitals that will be kept frozen: |
              +--------------------------------------------+
              |   irrep   index      energy     occ/vir    |
              +--------------------------------------------+
              |   a         1     -480.9740     occupied   |
              |   a         2      -61.7740     occupied   |
              |   a         3      -55.6873     occupied   |
              |   a         4      -55.6840     occupied   |
              |   a         5      -55.6840     occupied   |
              |   a         6      -18.7697     occupied   |
              |   a         7       -9.9774     occupied   |
              |   a         8       -9.9271     occupied   |
              |   a         9       -8.3917     occupied   |
              |   a        10       -6.2686     occupied   |
              |   a        11       -6.2563     occupied   |
              |   a       ...        ...        occupied   |
              |   a        17       -2.4575     occupied   |
              +--------------------------------------------+



   Molecular Orbital Statistic:
   ============================

   -----------------------------
   orbitals in total:
   -----------------------------
    frozen occupied :     17
    active occupied :     13
    active virtual  :    622
    frozen virtual  :      0
    all together    :    652
   -----------------------------


     time in riccmoinp     cpu:  1.75 sec    wall:  0.56 sec    ratio:  3.1
     time in scfdens       cpu:  0.05 sec    wall:  0.05 sec    ratio:  1.0
     time in mkiao         cpu:  0.00 sec    wall:  0.00 sec    ratio:  0.0
     time in mkiho         cpu:  0.00 sec    wall:  0.00 sec    ratio:  0.0
     time in sao2ao        cpu:  0.18 sec    wall:  0.02 sec    ratio:  8.0
     time in ricclmos      cpu:  0.00 sec    wall:  0.00 sec    ratio:  0.0
     time in riccmos       cpu:  2.65 sec    wall:  0.72 sec    ratio:  3.7
 leave riccmos at 2020-07-23 16:39:48.681

     total memory allocated for calculation of (Q|P)**(-1/2) : 23 MiB


     calculation of (P|Q) ...
     time in lp2sym        cpu:  0.77 sec    wall:  0.10 sec    ratio:  8.0


     calculation of the Cholesky decomposition of (P|Q)**(-1) ...
     time in invmetri      cpu:  2.63 sec    wall:  0.37 sec    ratio:  7.1

   threshold for RMS(d[D]) in SCF was     :  0.10E-06
   integral neglect threshold             :  0.16E-10
   derivative integral neglect threshold  :  0.10E-06


 setting up bound for integral derivative estimation

 increment for numerical differentiation : 0.00050000
 
 Occupied orbital block size for RIRPA:                    13
 
 Number of passes for spin                     1 is                     1
 
 Number of eigenvalues < 6e-3:                      0
 
 
            -----------------------------
            Complex frequency integration
            -----------------------------
 
 Number of Clenshaw-Curtis nodes:                    100
 Optimized scaling parameter    :    2.64599654455275     
 Sensitivity measure            :  -5.882556386449522E-010
 
 Done with rirpa frequency point #                     1
 Done with rirpa frequency point #                     2
 Done with rirpa frequency point #                     3
 Done with rirpa frequency point #                     4
 Done with rirpa frequency point #                     5
 Done with rirpa frequency point #                     6
 Done with rirpa frequency point #                     7
 Done with rirpa frequency point #                     8
 Done with rirpa frequency point #                     9
 Done with rirpa frequency point #                    10
 Done with rirpa frequency point #                    11
 Done with rirpa frequency point #                    12
 Done with rirpa frequency point #                    13
 Done with rirpa frequency point #                    14
 Done with rirpa frequency point #                    15
 Done with rirpa frequency point #                    16
 Done with rirpa frequency point #                    17
 Done with rirpa frequency point #                    18
 Done with rirpa frequency point #                    19
 Done with rirpa frequency point #                    20
 Done with rirpa frequency point #                    21
 Done with rirpa frequency point #                    22
 Done with rirpa frequency point #                    23
 Done with rirpa frequency point #                    24
 Done with rirpa frequency point #                    25
 Done with rirpa frequency point #                    26
 Done with rirpa frequency point #                    27
 Done with rirpa frequency point #                    28
 Done with rirpa frequency point #                    29
 Done with rirpa frequency point #                    30
 Done with rirpa frequency point #                    31
 Done with rirpa frequency point #                    32
 Done with rirpa frequency point #                    33
 Done with rirpa frequency point #                    34
 Done with rirpa frequency point #                    35
 Done with rirpa frequency point #                    36
 Done with rirpa frequency point #                    37
 Done with rirpa frequency point #                    38
 Done with rirpa frequency point #                    39
 Done with rirpa frequency point #                    40
 Done with rirpa frequency point #                    41
 Done with rirpa frequency point #                    42
 Done with rirpa frequency point #                    43
 Done with rirpa frequency point #                    44
 Done with rirpa frequency point #                    45
 Done with rirpa frequency point #                    46
 Done with rirpa frequency point #                    47
 Done with rirpa frequency point #                    48
 Done with rirpa frequency point #                    49
 Done with rirpa frequency point #                    50
 Done with rirpa frequency point #                    51
 Done with rirpa frequency point #                    52
 Done with rirpa frequency point #                    53
 Done with rirpa frequency point #                    54
 Done with rirpa frequency point #                    55
 Done with rirpa frequency point #                    56
 Done with rirpa frequency point #                    57
 Done with rirpa frequency point #                    58
 Done with rirpa frequency point #                    59
 Done with rirpa frequency point #                    60
 Done with rirpa frequency point #                    61
 Done with rirpa frequency point #                    62
 Done with rirpa frequency point #                    63
 Done with rirpa frequency point #                    64
 Done with rirpa frequency point #                    65
 Done with rirpa frequency point #                    66
 Done with rirpa frequency point #                    67
 Done with rirpa frequency point #                    68
 Done with rirpa frequency point #                    69
 Done with rirpa frequency point #                    70
 Done with rirpa frequency point #                    71
 Done with rirpa frequency point #                    72
 Done with rirpa frequency point #                    73
 Done with rirpa frequency point #                    74
 Done with rirpa frequency point #                    75
 Done with rirpa frequency point #                    76
 Done with rirpa frequency point #                    77
 Done with rirpa frequency point #                    78
 Done with rirpa frequency point #                    79
 Done with rirpa frequency point #                    80
 Done with rirpa frequency point #                    81
 Done with rirpa frequency point #                    82
 Done with rirpa frequency point #                    83
 Done with rirpa frequency point #                    84
 Done with rirpa frequency point #                    85
 Done with rirpa frequency point #                    86
 Done with rirpa frequency point #                    87
 Done with rirpa frequency point #                    88
 Done with rirpa frequency point #                    89
 Done with rirpa frequency point #                    90
 Done with rirpa frequency point #                    91
 Done with rirpa frequency point #                    92
 Done with rirpa frequency point #                    93
 Done with rirpa frequency point #                    94
 Done with rirpa frequency point #                    95
 Done with rirpa frequency point #                    96
 Done with rirpa frequency point #                    97
 Done with rirpa frequency point #                    98
 Done with rirpa frequency point #                    99
 Done with rirpa frequency point #                   100
 


 RI-RPA correlation energy: -0.1376172857183630E+01
 Allocatable memory for RI due to $ricore (MB):                   500

 there are 1 real representations :   a   

 maximum number of shells which are related by symmetry :  1

  
           ------------------------
               RI-J - INFORMATION
           ------------------------
 Contributions to RI integral batches: 
  neglected integral batches:                  3302
  direct contribution:                         2250
  memory contribution:                  7978

          ------------------------
          nuclear repulsion energy  :   223.056636948    
          ------------------------


         -----------------
         -S,T+V- integrals
         -----------------

 1e-integrals will be neglected if expon. factor < 0.161655E-10

                  --------------------------------------------------- 
                 |  HXX+RIRPA total energy     =  -2727.34118131741  |
                  ---------------------------------------------------- 
                 :  RIRPA correlation energy   =     -1.37617285718  :
                 :  HXX total energy           =  -2725.96500846023  :
                 :  Hartree energy             =   1396.80176642520  :
                 :  Exact Exchange energy      =   -109.82121886042  :
                  .................................................... 


    ------------------------------------------------------------------------
    Rirpa profiling                cpu                    wall         ratio
    ------------------------------------------------------------------------
    module                         sec     %               sec     %
    ------------------------------------------------------------------------
    RIRPA                      1412.6  100.00          210.8  100.00   6.7
    STARTUP                       2.7    0.19            0.7    0.33   3.9
    riccmos                       2.7    0.19            0.7    0.34   3.7
    riccaux                       3.5    0.25            0.5    0.23   7.3
    riccbound                    23.0    1.63           21.8   10.36   1.1
    ccmkbaoi                     97.9    6.93           22.6   10.73   4.3
    ecrpa                       457.4   32.38           57.5   27.28   8.0
    qbuild                      438.7   31.05           55.1   26.13   8.0
    rparenrm                     15.9    1.12            2.0    0.94   8.0
    ehxx                        824.1   58.34          106.8   50.65   7.7
    ------------------------------------------------------------------------
    sum                        3280.2  232.21          478.7  227.10   6.9
    ------------------------------------------------------------------------


    ------------------------------------------------------------------------
         total  cpu-time : 23 minutes and 33 seconds
         total wall-time :  3 minutes and 31 seconds
    ------------------------------------------------------------------------

   ****  rirpa : all done  ****


    2020-07-23 16:43:18.062 

