           SMPCPUS    set: Shared-memory Parallelization with  10 CPUs.

           SMP Parallelization Reference:
           C. van Wullen, J. Comput. Chem. 32 (2011) 1195--1201

 ridft (c-15-24) : TURBOMOLE rev. V7.5.0 compiled 13 Jun 2020 at 23:29:25
 Copyright (C) 2020 TURBOMOLE GmbH, Karlsruhe


    2020-12-12 23:41:06.394 



                                  r i d f t

                        DFT program with RI approximation 
                                for coulomb part 




                                                 
                                 References:     
                                                 
          TURBOMOLE:                             
              R. Ahlrichs, M. Baer, M. Haeser, H. Horn, and
              C. Koelmel
              Electronic structure calculations on workstation
              computers: the program system TURBOMOLE
              Chem. Phys. Lett. 162: 165 (1989)
          Density Functional:                              
              O. Treutler and R. Ahlrichs                      
              Efficient Molecular Numerical Integration Schemes
              J. Chem. Phys. 102: 346 (1995)                   
          Parallel Version:                                
              Performance of parallel TURBOMOLE for Density    
              Functional Calculations                          
              M. v. Arnim and R. Ahlrichs                      
              J. Comp. Chem. 19: 1746 (1998)                   
          RI-J Method:                                     
              Auxiliary Basis Sets to approximate Coulomb      
              Potentials                                       
              Chem. Phys. Lett. 240: 283 (1995)                
              K. Eichkorn, O. Treutler, H. Oehm, M. Haeser     
              and R. Ahlrichs                                  
              Chem. Phys. Lett. 242: 652 (1995)                
                                                           
              Auxiliary Basis Sets for Main Row Atoms and their
              Use to approximate Coulomb Potentials            
              K. Eichkorn, F. Weigend, O. Treutler and         
              R. Ahlrichs                                      
              Theo. Chem. Acc. 97: 119 (1997)                   
                                                           
              Accurate Coulomb-fitting basis sets for H to Rn 
              F. Weigend                                        
              Phys. Chem. Chem. Phys. 8: 1057 (2006)            
                                                           
          Multipole accelerated RI-J (MARI-J):             
              Fast evaluation of the Coulomb potential for     
              electron densities using multipole accelerated   
              resolution of identity approximation             
              M. Sierka, A. Hogekamp and R. Ahlrichs           
              J. Chem. Phys. 118: 9136 (2003)                  
          RI-JK Method:                                     
              A fully direct RI-HF algorithm: Implementation,
              optimised auxiliary basis sets, demonstration of
              accuracy and efficiency                         
              F. Weigend                                      
              Phys. Chem. Chem. Phys. 4: 4285 (2002)           
          Two-component HF and DFT with spin-orbit coupling:  
              Self-consistent treatment of spin-orbit         
              interactions with efficient Hartree-Fock and    
              density functional methods                      
              M. K. Armbruster, F. Weigend, C. van Wüllen and 
              W. Klopper                                      
              Phys. Chem. Chem. Phys. 10: 1748 (2008)         
          Two-component difference density and DIIS algorithm 
              Efficient two-component self-consistent field   
              procedures and gradients: implementation in     
              TURBOMOLE and application to Au20-              
              A. Baldes, F. Weigend                           
              Mol. Phys. 111: 2617 (2013)                     
          Relativistic all-electron 2c calculations           
              An efficient implementation of two-component    
              relativistic exact-decoupling methods for large 
              molecules                                       
              D. Peng, N. Middendorf, F. Weigend, M. Reiher   
              J. Chem. Phys. 138: 184105 (2013)               
          Finite nucleus model and SNSO approximation         
              Efficient implementation of one- and two-       
              component analytical energy gradients in exact  
              two-component theory                            
              Y. J. Franzke, N. Middendorf, F. Weigend        
              J. Chem. Phys. 148: 104110 (2018)               
          Grids for all-electron relativistic methods         
              Error-consistent segmented contracted all-      
              electron relativistic basis sets of double-     
              and triple-zeta quality for NMR shielding       
              constants                                       
              Y. J. Franzke, R. Tress, T. M. Pazdera,         
              F. Weigend                                      
              Phys. Chem. Chem. Phys. 21: 166658 (2019)       
          Seminumerical exchange algorithms                   
              Seminumerical calculation of the Hartree-Fock   
              exchange matirx: Application to two-component   
              procedures and efficient evaluation of local    
              hybrid functionsl                               
              P. Plessow, F. Weigend,                         
              J. Comput. Chem. 33: 810 (2012)                 
          Improved seminumerical algorithms                   
              C. Holzer, in preparation (2020)                
                                         




              +--------------------------------------------------+
              |      general information about current run       |
              +--------------------------------------------------+

 

 DENSITY CONVERGENCE CHECK SWITCHED ON !
 SCF CONVERGENCE IF RMS(delta[D]) <     0.1000000000E-06

 TPSS global hybrid functional
 exchange:    9/10 (LDA+TPSS) + 1/10 HF
 correlation: LDA (PW) + TPSS
 A Hybrid-DFT calculation using the RI-J approximation will be carried out.
 Allocatable memory for RI due to $ricore (MB):                  5000


              +--------------------------------------------------+
              | Atomic coordinate, charge and isotop information |
              +--------------------------------------------------+

                    atomic coordinates            atom    charge  isotop
         -0.00005387   -0.00087292    4.07831061    c      6.000     0
         -2.74778224    1.58505939    3.05424154    cl    17.000     0
          2.74793492    1.58483720    3.05419147    cl    17.000     0
         -0.00016516   -3.17435257    3.05720449    cl    17.000     0
          0.00001076    0.00050517    6.12140110    h      1.000     0
         -0.00004364    0.00087290   -3.59105597    c      0.000     0
          0.00004647   -0.00265902   -5.64283756    h      0.000     0
         -1.67335301   -0.96427450   -2.90105739    h      0.000     0
          1.67358558   -0.96399050   -2.90098855    h      0.000     0
         -0.00017619    1.93439607   -2.90600719    h      0.000     0
 
       center of nuclear mass  :   -0.00001107   -0.00113697    2.38150951
       center of nuclear charge:   -0.00000904   -0.00138766    3.21391555

              +--------------------------------------------------+
              |               basis set information              |
              +--------------------------------------------------+

              we will work with the 1s 3p 5d 7f 9g ... basis set
              ...i.e. with spherical basis functions...

   type   atoms  prim   cont   basis
   ---------------------------------------------------------------------------
    c        2     50     30   cc-pVTZ   [4s3p2d1f|18s5p2d1f]
    cl       3    106     34   cc-pVTZ   [5s4p2d1f|41s16p2d1f]
    h        5     16     14   cc-pVTZ   [3s2p1d|5s2p1d]
   ---------------------------------------------------------------------------
   total:   10    498    232
   ---------------------------------------------------------------------------

   total number of primitive shells          :   94
   total number of contracted shells         :   86
   total number of cartesian basis functions :  262
   total number of SCF-basis functions       :  232


 integral neglect threshold       :  0.13E-10
 integral storage threshold THIZE :  0.10E-04
 integral storage threshold THIME :         5

 RI-J AUXILIARY BASIS SET information:

              we will work with the 1s 3p 5d 7f 9g ... basis set
              ...i.e. with spherical basis functions...

   type   atoms  prim   cont   basis
   ---------------------------------------------------------------------------
    c        2     70     49   cc-pVTZ   [6s4p3d1f1g|12s5p4d2f1g]
    cl       3     77     51   cc-pVTZ   [8s4p3d1f1g|14s5p5d2f1g]
    h        5     16     11   cc-pVTZ   [3s1p1d|5s2p1d]
   ---------------------------------------------------------------------------
   total:   10    451    306
   ---------------------------------------------------------------------------

   total number of primitive shells          :   59
   total number of contracted shells         :  106
   total number of cartesian basis functions :  371
   total number of SCF-basis functions       :  306


 symmetry group of the molecule :   c1 

 the group has the following generators :
   c1(z)

    1 symmetry operations found

 there are 1 real representations :   a   

 maximum number of shells which are related by symmetry :  1

  
           ------------------
           density functional
           ------------------
 Dummy atoms with grid-point found.
 DFT quadrature threshold dgrenze tightened by factor 1/10.

 TPSS global hybrid functional
 exchange:    9/10 (LDA+TPSS) + 1/10 HF
 correlation: LDA (PW) + TPSS
 Dummy atoms with grid-point found.
 DFT quadrature threshold dgrenze tightened by factor 1/10.

 Dummy atoms with grid-point found.
 DFT quadrature threshold dgrenze tightened by factor 1/10.


 spherical integration : Lebedev's spherical grid
 spherical gridsize    :                     5
    i.e. gridpoints    :                   590
 value for diffuse not defined
 radial integration    : Chebyshev 2nd kind (scaling 3)
 radial gridsize       :                     8
 integration cells     :                    10
 partition function    : becke
 partition sharpness   :                     3
  
 found dummy atom(s) with basis: included in dft

 biggest AO integral is expected to be    10.299856942

          ------------------------
          nuclear repulsion energy  :   264.044208785    
          ------------------------


         -----------------
         -S,T+V- integrals
         -----------------

 1e-integrals will be neglected if expon. factor < 0.127556E-11
 
   Difference densities algorithm switched on.
   The maximal number of linear combinations of
   difference densities is                    20 .

 DIIS switched on: error vector is FDS-SDF
 Max. Iterations for DIIS is     :   4
 DIIS matrix (see manual) 
    Scaling factor of diagonals  :  1.200
    threshold for scaling factor :  0.000

 scf convergence criterion : increment of total energy < .1000000D-06
                  and increment of one-electron energy < .1000000D-03

 MOs are in ASCII format !


    mo occupation :
   irrep   mo's   occupied
    a      232       29
 
 number of basis functions   :   232
 number of occupied orbitals :    29
 

 reading orbital data $scfmo  from file mos
 orbital characterization : scfconv=7
 mo-orthogonalization by Cholesky decomposition

 automatic virtual orbital shift switched on 
      shift if e(lumo)-e(homo) < 0.10000000    

  
           ------------------------
               RI-J - INFORMATION
           ------------------------
 Contributions to RI integral batches: 
  neglected integral batches:                   284
  direct contribution:                            0
  memory contribution:                  3457
 Memory core needed for (P|Q) and Cholesky      1 MByte
 Memory core minimum needed except of (P|Q)     1 MByte
 Total minimum memory core needed (sum)         2 MByte
  
 ****************************************
 Memory allocated for RI-J    92 MByte
 ****************************************
                                            

 DSCF restart information will be dumped onto file mos


 Starting SCF iterations

          Overall gridpoints after grid construction =        166912

 ITERATION  ENERGY          1e-ENERGY        2e-ENERGY     RMS[dD(SAO)]   TOL
   1  -1419.4173889878    -2483.7023309     800.24073311    0.000D+00 0.127D-10
                            Exc = -81.7392822929     Coul =  890.790154900    
                            exK = -8.81013949902    
                              N = 57.999999613    
                            current damping = 0.300
 
          max. resid. norm for Fia-block=  1.084D-02 for orbital      7a         
          max. resid. fock norm         =  2.320D-02 for orbital    230a         

 ITERATION  ENERGY          1e-ENERGY        2e-ENERGY     RMS[dD(SAO)]   TOL
   2  -1419.4177493210    -2483.7120358     800.25007767    0.157D-03 0.806D-11
                            Exc = -81.7478956091      Eck =  881.997973282    
                              N = 57.999999620    
                            current damping = 0.250
 
          Norm of current diis error: 0.20894E-01
          max. resid. norm for Fia-block=  2.039D-03 for orbital      4a         
          max. resid. fock norm         =  4.191D-03 for orbital    193a         

 ITERATION  ENERGY          1e-ENERGY        2e-ENERGY     RMS[dD(SAO)]   TOL
   3  -1419.4177543364    -2483.7526683     800.29070519    0.570D-04 0.659D-11
                            Exc = -81.7495294025      Eck =  882.040234596    
                              N = 57.999999622    
                            current damping = 0.100
 
          Norm of current diis error: 0.23248E-01
          max. resid. norm for Fia-block=  1.002D-03 for orbital     23a         
          max. resid. fock norm         =  1.805D-03 for orbital    230a         

 ITERATION  ENERGY          1e-ENERGY        2e-ENERGY     RMS[dD(SAO)]   TOL
   4  -1419.4177845921    -2483.7252999     800.26330652    0.311D-04 0.632D-11
                            Exc = -81.7499247793      Eck =  882.013231296    
                              N = 57.999999623    
                            current damping = 0.150
 
          Norm of current diis error: 0.31451E-02
          max. resid. norm for Fia-block=  1.733D-04 for orbital     23a         
          max. resid. fock norm         =  2.350D-04 for orbital     23a         

 ITERATION  ENERGY          1e-ENERGY        2e-ENERGY     RMS[dD(SAO)]   TOL
   5  -1419.4177851801    -2483.7345609     800.27256694    0.540D-05 0.603D-11
                            Exc = -81.7501253115      Eck =  882.022692251    
                              N = 57.999999623    
                            current damping = 0.200
 
          Norm of current diis error: 0.98391E-03
          max. resid. norm for Fia-block=  4.553D-05 for orbital     26a         
          max. resid. fock norm         =  6.020D-05 for orbital     30a         
          mo-orthogonalization: Cholesky decomposition

 ITERATION  ENERGY          1e-ENERGY        2e-ENERGY     RMS[dD(SAO)]   TOL
   6  -1419.4177852502    -2483.7306509     800.26865689    0.161D-05 0.586D-11
                            Exc = -81.7499959336      Eck =  882.018652826    
                              N = 57.999999623    
                            current damping = 0.250
 
          Norm of current diis error: 0.11715E-03
          max. resid. norm for Fia-block=  8.529D-06 for orbital     28a         
          max. resid. fock norm         =  1.517D-05 for orbital    214a         

 ITERATION  ENERGY          1e-ENERGY        2e-ENERGY     RMS[dD(SAO)]   TOL
   7  -1419.4177852510    -2483.7313749     800.26938088    0.307D-06 0.570D-11
                            Exc = -81.7500465815      Eck =  882.019427457    
                              N = 57.999999623    
                            current damping = 0.300
 
          Norm of current diis error: 0.42763E-04
          max. resid. norm for Fia-block=  2.523D-06 for orbital     21a         
          max. resid. fock norm         =  3.448D-06 for orbital     21a         

 ENERGY & DENSITY CONVERGED !


 ITERATION  ENERGY          1e-ENERGY        2e-ENERGY     RMS[dD(SAO)]   TOL
   8  -1419.4177852505    -2483.7312368     800.26924274    0.671D-07 0.556D-11
                            Exc = -81.7500384805      Eck =  882.019281222    
                              N = 57.999999623    
                            current damping = 0.350
 
          Norm of current diis error: 0.11618E-04
          max. resid. norm for Fia-block=  6.582D-07 for orbital     23a         
          max. resid. fock norm         =  8.626D-07 for orbital     20a         

 End of SCF iterations

   convergence criteria satisfied after     8 iterations


                  ------------------------------------------ 
                 |  total energy      =  -1419.41778525048  |
                  ------------------------------------------ 
                 :  kinetic energy    =   1415.55776486971  :
                 :  potential energy  =  -2834.97555012020  :
                 :  virial theorem    =      1.99728056079  :
                 :  wavefunction norm =      1.00000000000  :
                  .......................................... 


 orbitals $scfmo  will be written to file mos

    irrep                 25a         26a         27a         28a         29a   
 eigenvalues H         -0.34567    -0.31718    -0.31718    -0.31437    -0.29901
            eV          -9.4063     -8.6311     -8.6310     -8.5545     -8.1365
 occupation              2.0000      2.0000      2.0000      2.0000      2.0000

    irrep                 30a         31a         32a         33a         34a   
 eigenvalues H         -0.05048    -0.00156    -0.00154     0.03816     0.05962
            eV          -1.3736     -0.0425     -0.0420      1.0385      1.6223
 
 
 
 
 ==============================================================================
                           electrostatic moments
 ==============================================================================

 reference point for electrostatic moments:    0.00000   0.00000   0.00000

 
              nuc           elec       ->  total
 ------------------------------------------------------------------------------
                          charge      
 ------------------------------------------------------------------------------
          58.000000     -58.000000      -0.000000
 
 ------------------------------------------------------------------------------
                       dipole moment  
 ------------------------------------------------------------------------------
   x      -0.000525       0.000430      -0.000095
   y      -0.080484       0.080667       0.000183
   z     186.407102    -185.942474       0.464629
 
   | dipole moment | =     0.4646 a.u. =     1.1810 debye 
 
 ------------------------------------------------------------------------------
                     quadrupole moment
 ------------------------------------------------------------------------------
  xx     256.724711    -289.341089     -32.616379
  yy     256.710825    -289.326925     -32.616100
  zz     613.317851    -641.399195     -28.081344
  xy       0.002648      -0.002828      -0.000180
  xz      -0.004248       0.003957      -0.000290
  yz      -0.410874       0.411940       0.001066
 
     1/3  trace=     -31.104607
     anisotropy=       4.534896
 
 ==============================================================================
 
HOMO-LUMO Separation
 HOMO         :   -0.29900828 H =     -8.13643 eV
 LUMO         :   -0.05047816 H =     -1.37358 eV
 HOMO-LUMO gap:    0.24853012 H =     +6.76285 eV
 
 ==============================================================================


    ------------------------------------------------------------------------
         total  cpu-time :  4 minutes and 35 seconds
         total wall-time :  28.01 seconds
    ------------------------------------------------------------------------

   ****  ridft : all done  ****


    2020-12-12 23:41:34.350 

