
 ridft (riogrande) : TURBOMOLE rev. V7.4.1 (b987a8a8) compiled 15 Oct 2019 at 12:03:25
 Copyright (C) 2019 TURBOMOLE GmbH, Karlsruhe


    2020-07-17 18:02:19.553 



                                  r i d f t

                        DFT program with RI approximation 
                                for coulomb part 




                                                 
                                 References:     
                                                 
          TURBOMOLE:                             
              R. Ahlrichs, M. Baer, M. Haeser, H. Horn, and
              C. Koelmel
              Electronic structure calculations on workstation
              computers: the program system TURBOMOLE
              Chem. Phys. Lett. 162: 165 (1989)
          Density Functional:                              
              O. Treutler and R. Ahlrichs                      
              Efficient Molecular Numerical Integration Schemes
              J. Chem. Phys. 102: 346 (1995)                   
          Parallel Version:                                
              Performance of parallel TURBOMOLE for Density    
              Functional Calculations                          
              M. v. Arnim and R. Ahlrichs                      
              J. Comp. Chem. 19: 1746 (1998)                   
          RI-J Method:                                     
              Auxiliary Basis Sets to approximate Coulomb      
              Potentials                                       
              Chem. Phys. Lett. 240: 283 (1995)                
              K. Eichkorn, O. Treutler, H. Oehm, M. Haeser     
              and R. Ahlrichs                                  
              Chem. Phys. Lett. 242: 652 (1995)                
                                                           
              Auxiliary Basis Sets for Main Row Atoms and their
              Use to approximate Coulomb Potentials            
              K. Eichkorn, F. Weigend, O. Treutler and         
              R. Ahlrichs                                      
              Theo. Chem. Acc. 97: 119 (1997)                   
                                                           
              Accurate Coulomb-fitting basis sets for H to Rn 
              F. Weigend                                        
              Phys. Chem. Chem. Phys. 8: 1057 (2006)            
                                                           
          Multipole accelerated RI-J (MARI-J):             
              Fast evaluation of the Coulomb potential for     
              electron densities using multipole accelerated   
              resolution of identity approximation             
              M. Sierka, A. Hogekamp and R. Ahlrichs           
              J. Chem. Phys. 118: 9136 (2003)                  
          RI-JK Method:                                     
              A fully direct RI-HF algorithm: Implementation,
              optimised auxiliary basis sets, demonstration of
              accuracy and efficiency                         
              F. Weigend                                      
              Phys. Chem. Chem. Phys. 4: 4285 (2002)           
          Two-component HF and DFT with spin-orbit coupling:  
              Self-consistent treatment of spin-orbit         
              interactions with efficient Hartree-Fock and    
              density functional methods                      
              M. K. Armbruster, F. Weigend, C. van Wüllen and 
              W. Klopper                                      
              Phys. Chem. Chem. Phys. 10: 1748 (2008)         
          Two-component difference density and DIIS algorithm 
              Efficient two-component self-consistent field   
              procedures and gradients: implementation in     
              TURBOMOLE and application to Au20-              
              A. Baldes, F. Weigend                           
              Mol. Phys. 111: 2617 (2013)                     
          Relativistic all-electron 2c calculations           
              An efficient implementation of two-component    
              relativistic exact-decoupling methods for large 
              molecules                                       
              D. Peng, N. Middendorf, F. Weigend, M. Reiher   
              J. Chem. Phys. 138: 184105 (2013)               
          Finite nucleus model and SNSO approximation         
              Efficient implementation of one- and two-       
              component analytical energy gradients in exact  
              two-component theory                            
              Y. J. Franzke, N. Middendorf, F. Weigend        
              J. Chem. Phys. 148: 104110 (2018)               
                                         




              +--------------------------------------------------+
              |      general information about current run       |
              +--------------------------------------------------+

 

 DENSITY CONVERGENCE CHECK SWITCHED ON !
 SCF CONVERGENCE IF RMS(delta[D]) <     0.1000000000E-06

 PBE functional
 exchange:    LDA + PBE
 correlation: LDA (PW) + PBE
 A DFT calculation using the RI-J approximation will be carried out.
 Allocatable memory for RI due to $ricore (MB):                   500


              +--------------------------------------------------+
              | Atomic coordinate, charge and isotop information |
              +--------------------------------------------------+

                    atomic coordinates            atom    charge  isotop
         -0.05522347   -0.57510791   -0.08341062    c      6.000     0
         -4.13903954   -4.98261240   -1.85515007    cl    17.000     0
         -6.60027365   -7.64093173   -2.92198173    cl    17.000     0
         -1.91611238    0.26574274   -0.28419591    h      1.000     0
         -0.11563234   -2.05311752    1.33858940    h      1.000     0
          1.28180879    0.86862396    0.49611925    h      1.000     0
          0.54060718   -1.36918784   -1.87914934    h      1.000     0
 
       center of nuclear mass  :   -4.38895253   -5.25315108   -1.96318196
       center of nuclear charge:   -4.16156804   -5.00770083   -1.86455320

              +--------------------------------------------------+
              |               basis set information              |
              +--------------------------------------------------+

              we will work with the 1s 3p 5d 7f 9g ... basis set
              ...i.e. with spherical basis functions...

   type   atoms  prim   cont   basis
   ---------------------------------------------------------------------------
    c        1     77     57   def2-QZVP   [7s4p3d2f1g|15s8p3d2f1g]
    cl       2    105     70   def2-QZVP   [9s6p4d2f1g|20s14p4d2f1g]
    h        4     33     30   def2-QZVP   [4s3p2d1f|7s3p2d1f]
   ---------------------------------------------------------------------------
   total:    7    419    317
   ---------------------------------------------------------------------------

   total number of primitive shells          :   83
   total number of contracted shells         :  101
   total number of cartesian basis functions :  384
   total number of SCF-basis functions       :  317


 integral neglect threshold       :  0.87E-11
 integral storage threshold THIZE :  0.10E-04
 integral storage threshold THIME :         5

 RI-J AUXILIARY BASIS SET information:

              we will work with the 1s 3p 5d 7f 9g ... basis set
              ...i.e. with spherical basis functions...

   type   atoms  prim   cont   basis
   ---------------------------------------------------------------------------
    c        1     70     49   def2-QZVP   [6s4p3d1f1g|12s5p4d2f1g]
    cl       2     77     51   def2-QZVP   [8s4p3d1f1g|14s5p5d2f1g]
    h        4     16     11   def2-QZVP   [3s1p1d|5s2p1d]
   ---------------------------------------------------------------------------
   total:    7    288    195
   ---------------------------------------------------------------------------

   total number of primitive shells          :   59
   total number of contracted shells         :   69
   total number of cartesian basis functions :  235
   total number of SCF-basis functions       :  195


 symmetry group of the molecule :   c1 

 the group has the following generators :
   c1(z)

    1 symmetry operations found

 there are 1 real representations :   a   

 maximum number of shells which are related by symmetry :  1


    mo occupation :
   irrep   mo's   occupied
    a      317       22
 
 number of basis functions   :                    317
 number of occupied orbitals :                     22
 
  
           ------------------
           density functional
           ------------------
 PBE functional
 exchange:    LDA + PBE
 correlation: LDA (PW) + PBE

 spherical integration : Lebedev's spherical grid
 spherical gridsize    :                     5
    i.e. gridpoints    :                   590
 value for diffuse not defined
 radial integration    : Chebyshev 2nd kind (scaling 3)
 radial gridsize       :                     8
 integration cells     :                     7
 partition function    : becke
 partition sharpness   :                     3
  

 biggest AO integral is expected to be    12.165751258
  
           ------------------------
               RI-J - INFORMATION
           ------------------------
 Contributions to RI integral batches: 
  neglected integral batches:                  1146
  direct contribution:                            0
  memory contribution:                  4005
 Memory core needed for (P|Q) and Cholesky      1 MByte
 Memory core minimum needed except of (P|Q)     1 MByte
 Total minimum memory core needed (sum)         1 MByte
  
 ****************************************
 Memory allocated for RI-J   105 MByte
 ****************************************
                                            

          ------------------------
          nuclear repulsion energy  :   133.863181572    
          ------------------------


         -----------------
         -S,T+V- integrals
         -----------------

 1e-integrals will be neglected if expon. factor < 0.870302E-12
 
   Difference densities algorithm switched on.
   The maximal number of linear combinations of
   difference densities is                    20 .

 DIIS switched on: error vector is FDS-SDF
 Max. Iterations for DIIS is     :   4
 DIIS matrix (see manual) 
    Scaling factor of diagonals  :  1.200
    threshold for scaling factor :  0.000

 scf convergence criterion : increment of total energy < .1000000D-06
                  and increment of one-electron energy < .1000000D-03

  MOs are in ASCII format !


 automatic virtual orbital shift switched on 
      shift if e(lumo)-e(homo) < 0.10000000    


 reading orbital data $scfmo  from file mos
 orbital characterization : expanded
 mo provided and orthogonalized by Cholesky decomposition

 DSCF restart information will be dumped onto file mos


 Starting SCF iterations

          Overall gridpoints after grid construction =        114476

 ITERATION  ENERGY          1e-ENERGY        2e-ENERGY     RMS[dD(SAO)]   TOL
   1  -960.19312111522    -1586.7428813     492.68657863    0.000D+00 0.868D-11
                            Exc = -62.6142118060     Coul =  555.300790436    
                              N = 43.999999899    
                            current damping = 0.300
 
          max. resid. norm for Fia-block=  4.310D-01 for orbital     14a         
          max. resid. fock norm         =  1.490D+02 for orbital    268a         

 ITERATION  ENERGY          1e-ENERGY        2e-ENERGY     RMS[dD(SAO)]   TOL
   2  -960.48922595972    -1591.1671433     496.81473580    0.320D-02 0.553D-11
                            Exc = -62.9520662072     Coul =  559.766802007    
                              N = 43.999999819    
                            current damping = 0.250
 
          Norm of current diis error: 0.92776    
          max. resid. norm for Fia-block=  6.475D-02 for orbital     13a         
          max. resid. fock norm         =  1.102D-01 for orbital    255a         

 ITERATION  ENERGY          1e-ENERGY        2e-ENERGY     RMS[dD(SAO)]   TOL
   3  -960.51463792003    -1589.5954183     495.21759879    0.146D-02 0.442D-11
                            Exc = -62.8492146998     Coul =  558.066813485    
                              N = 43.999999804    
                            current damping = 0.200
 
          Norm of current diis error: 0.39493    
          max. resid. norm for Fia-block=  1.706D-02 for orbital     14a         
          max. resid. fock norm         =  1.732D-02 for orbital     14a         

 ITERATION  ENERGY          1e-ENERGY        2e-ENERGY     RMS[dD(SAO)]   TOL
   4  -960.51944257886    -1590.3306741     495.94804996    0.523D-03 0.397D-11
                            Exc = -62.9133428557     Coul =  558.861392819    
                              N = 43.999999811    
                            current damping = 0.250
 
          Norm of current diis error: 0.77401E-01
          max. resid. norm for Fia-block=  3.066D-03 for orbital     18a         
          max. resid. fock norm         =  6.508D-03 for orbital    196a         

 ITERATION  ENERGY          1e-ENERGY        2e-ENERGY     RMS[dD(SAO)]   TOL
   5  -960.51957537075    -1590.3067566     495.92399962    0.922D-04 0.377D-11
                            Exc = -62.9086341053     Coul =  558.832633724    
                              N = 43.999999808    
                            current damping = 0.300
 
          Norm of current diis error: 0.21150E-01
          max. resid. norm for Fia-block=  1.436D-03 for orbital     15a         
          max. resid. fock norm         =  2.132D-03 for orbital    112a         
          mo-orthogonalization: Cholesky decomposition

 ITERATION  ENERGY          1e-ENERGY        2e-ENERGY     RMS[dD(SAO)]   TOL
   6  -960.51958796765    -1590.2461741     495.86340455    0.340D-04 0.369D-11
                            Exc = -62.9055057252     Coul =  558.768910274    
                              N = 43.999999809    
                            current damping = 0.150
 
          Norm of current diis error: 0.12641E-01
          max. resid. norm for Fia-block=  6.881D-04 for orbital     15a         
          max. resid. fock norm         =  1.486D-03 for orbital    316a         

 ITERATION  ENERGY          1e-ENERGY        2e-ENERGY     RMS[dD(SAO)]   TOL
   7  -960.51959444411    -1590.2517151     495.86893909    0.157D-04 0.363D-11
                            Exc = -62.9057358252     Coul =  558.774674917    
                              N = 43.999999809    
                            current damping = 0.200
 
          Norm of current diis error: 0.45664E-02
          max. resid. norm for Fia-block=  3.762D-04 for orbital     15a         
          max. resid. fock norm         =  8.490D-04 for orbital    316a         

 ITERATION  ENERGY          1e-ENERGY        2e-ENERGY     RMS[dD(SAO)]   TOL
   8  -960.51959545384    -1590.2631697     495.88039270    0.766D-05 0.361D-11
                            Exc = -62.9062987866     Coul =  558.786691490    
                              N = 43.999999809    
                            current damping = 0.100
 
          Norm of current diis error: 0.25587E-02
          max. resid. norm for Fia-block=  1.354D-04 for orbital     15a         
          max. resid. fock norm         =  2.877D-04 for orbital    316a         

 ITERATION  ENERGY          1e-ENERGY        2e-ENERGY     RMS[dD(SAO)]   TOL
   9  -960.51959585919    -1590.2610071     495.87822971    0.295D-05 0.358D-11
                            Exc = -62.9062459405     Coul =  558.784475650    
                              N = 43.999999809    
                            current damping = 0.150
 
          Norm of current diis error: 0.53818E-03
          max. resid. norm for Fia-block=  2.253D-05 for orbital     18a         
          max. resid. fock norm         =  4.143D-05 for orbital    291a         

 ITERATION  ENERGY          1e-ENERGY        2e-ENERGY     RMS[dD(SAO)]   TOL
  10  -960.51959586952    -1590.2601969     495.87741941    0.590D-06 0.354D-11
                            Exc = -62.9061944634     Coul =  558.783613874    
                              N = 43.999999809    
                            current damping = 0.100
 
          Norm of current diis error: 0.27408E-03
          max. resid. norm for Fia-block=  8.950D-06 for orbital     19a         
          max. resid. fock norm         =  1.247D-05 for orbital    255a         
          mo-orthogonalization: Cholesky decomposition

 ENERGY & DENSITY CONVERGED !


 ITERATION  ENERGY          1e-ENERGY        2e-ENERGY     RMS[dD(SAO)]   TOL
  11  -960.51959587089    -1590.2599277     495.87715021    0.132D-06 0.348D-11
                            Exc = -62.9061659210     Coul =  558.783316131    
                              N = 43.999999809    
                            current damping = 0.100
 
          Norm of current diis error: 0.59040E-04
          max. resid. norm for Fia-block=  4.514D-06 for orbital     15a         
          max. resid. fock norm         =  6.903D-06 for orbital    269a         

 End of SCF iterations

   convergence criteria satisfied after    11 iterations


                  ------------------------------------------ 
                 |  total energy      =   -960.51959587089  |
                  ------------------------------------------ 
                 :  kinetic energy    =    958.97654517085  :
                 :  potential energy  =  -1919.49614104174  :
                 :  virial theorem    =      1.99839352502  :
                 :  wavefunction norm =      1.00000000000  :
                  .......................................... 


 <geterg> : there is no data group $energy 


 <skperg> : $end is missing 


 orbitals $scfmo  will be written to file mos

    irrep                 18a         19a         20a         21a         22a   
 eigenvalues H         -0.35427    -0.35427    -0.35391    -0.26631    -0.26631
            eV          -9.6403     -9.6403     -9.6304     -7.2466     -7.2466
 occupation              2.0000      2.0000      2.0000      2.0000      2.0000

    irrep                 23a         24a         25a         26a         27a   
 eigenvalues H         -0.15370     0.01259     0.07428     0.07429     0.07773
            eV          -4.1824      0.3426      2.0213      2.0216      2.1152
 
 
 
 
 ==============================================================================
                           electrostatic moments
 ==============================================================================

 reference point for electrostatic moments:    0.00000   0.00000   0.00000

 
              nuc           elec       ->  total
 ------------------------------------------------------------------------------
                          charge      
 ------------------------------------------------------------------------------
          44.000000     -44.000000      -0.000000
 
 ------------------------------------------------------------------------------
                       dipole moment  
 ------------------------------------------------------------------------------
   x    -183.108994     183.175857       0.066863
   y    -220.338836     220.410986       0.072150
   z     -82.040341      82.069355       0.029014
 
   | dipole moment | =     0.1026 a.u. =     0.2607 debye 
 
 ------------------------------------------------------------------------------
                     quadrupole moment
 ------------------------------------------------------------------------------
  xx    1037.457875   -1061.930278     -24.472403
  yy    1423.474077   -1447.910820     -24.436743
  zz     209.344172    -234.354325     -25.010152
  xy    1208.234979   -1207.558771       0.676208
  xz     458.432567    -458.151539       0.281028
  yz     537.160528    -536.871846       0.288683
 
     1/3  trace=     -24.639766
     anisotropy=       1.472528
 
 ==============================================================================
 
HOMO-LUMO Separation
 HOMO         :   -0.26630648 H =     -7.24657 eV
 LUMO         :   -0.15370079 H =     -4.18241 eV
 HOMO-LUMO gap:    0.11260569 H =     +3.06416 eV
 
 ==============================================================================


    ------------------------------------------------------------------------
         total  cpu-time :  20.67 seconds
         total wall-time :  20.67 seconds
    ------------------------------------------------------------------------

   ****  ridft : all done  ****


    2020-07-17 18:02:40.220 

