
 ridft (riogrande) : TURBOMOLE rev. V7.4.1 (b987a8a8) compiled 15 Oct 2019 at 12:03:25
 Copyright (C) 2019 TURBOMOLE GmbH, Karlsruhe


    2020-07-20 18:17:41.401 



                                  r i d f t

                        DFT program with RI approximation 
                                for coulomb part 




                                                 
                                 References:     
                                                 
          TURBOMOLE:                             
              R. Ahlrichs, M. Baer, M. Haeser, H. Horn, and
              C. Koelmel
              Electronic structure calculations on workstation
              computers: the program system TURBOMOLE
              Chem. Phys. Lett. 162: 165 (1989)
          Density Functional:                              
              O. Treutler and R. Ahlrichs                      
              Efficient Molecular Numerical Integration Schemes
              J. Chem. Phys. 102: 346 (1995)                   
          Parallel Version:                                
              Performance of parallel TURBOMOLE for Density    
              Functional Calculations                          
              M. v. Arnim and R. Ahlrichs                      
              J. Comp. Chem. 19: 1746 (1998)                   
          RI-J Method:                                     
              Auxiliary Basis Sets to approximate Coulomb      
              Potentials                                       
              Chem. Phys. Lett. 240: 283 (1995)                
              K. Eichkorn, O. Treutler, H. Oehm, M. Haeser     
              and R. Ahlrichs                                  
              Chem. Phys. Lett. 242: 652 (1995)                
                                                           
              Auxiliary Basis Sets for Main Row Atoms and their
              Use to approximate Coulomb Potentials            
              K. Eichkorn, F. Weigend, O. Treutler and         
              R. Ahlrichs                                      
              Theo. Chem. Acc. 97: 119 (1997)                   
                                                           
              Accurate Coulomb-fitting basis sets for H to Rn 
              F. Weigend                                        
              Phys. Chem. Chem. Phys. 8: 1057 (2006)            
                                                           
          Multipole accelerated RI-J (MARI-J):             
              Fast evaluation of the Coulomb potential for     
              electron densities using multipole accelerated   
              resolution of identity approximation             
              M. Sierka, A. Hogekamp and R. Ahlrichs           
              J. Chem. Phys. 118: 9136 (2003)                  
          RI-JK Method:                                     
              A fully direct RI-HF algorithm: Implementation,
              optimised auxiliary basis sets, demonstration of
              accuracy and efficiency                         
              F. Weigend                                      
              Phys. Chem. Chem. Phys. 4: 4285 (2002)           
          Two-component HF and DFT with spin-orbit coupling:  
              Self-consistent treatment of spin-orbit         
              interactions with efficient Hartree-Fock and    
              density functional methods                      
              M. K. Armbruster, F. Weigend, C. van Wüllen and 
              W. Klopper                                      
              Phys. Chem. Chem. Phys. 10: 1748 (2008)         
          Two-component difference density and DIIS algorithm 
              Efficient two-component self-consistent field   
              procedures and gradients: implementation in     
              TURBOMOLE and application to Au20-              
              A. Baldes, F. Weigend                           
              Mol. Phys. 111: 2617 (2013)                     
          Relativistic all-electron 2c calculations           
              An efficient implementation of two-component    
              relativistic exact-decoupling methods for large 
              molecules                                       
              D. Peng, N. Middendorf, F. Weigend, M. Reiher   
              J. Chem. Phys. 138: 184105 (2013)               
          Finite nucleus model and SNSO approximation         
              Efficient implementation of one- and two-       
              component analytical energy gradients in exact  
              two-component theory                            
              Y. J. Franzke, N. Middendorf, F. Weigend        
              J. Chem. Phys. 148: 104110 (2018)               
                                         




              +--------------------------------------------------+
              |      general information about current run       |
              +--------------------------------------------------+

 

 DENSITY CONVERGENCE CHECK SWITCHED ON !
 SCF CONVERGENCE IF RMS(delta[D]) <     0.1000000000E-06

 PBE functional
 exchange:    LDA + PBE
 correlation: LDA (PW) + PBE
 A DFT calculation using the RI-J approximation will be carried out.
 Allocatable memory for RI due to $ricore (MB):                   500


              +--------------------------------------------------+
              | Atomic coordinate, charge and isotop information |
              +--------------------------------------------------+

                    atomic coordinates            atom    charge  isotop
          9.25494407    1.65700410    2.62712790    o      8.000     0
          9.81610707    0.45033512    0.76563532    c      6.000     0
         11.79982107    0.10298271    0.24257186    h      1.000     0
          8.37164867   -0.35655414   -0.49167589    h      1.000     0
 
       center of nuclear mass  :    9.53519785    1.05455289    1.69775227
       center of nuclear charge:    9.56922904    0.98152951    1.58510820

              +--------------------------------------------------+
              |               basis set information              |
              +--------------------------------------------------+

              we will work with the 1s 3p 5d 7f 9g ... basis set
              ...i.e. with spherical basis functions...

   type   atoms  prim   cont   basis
   ---------------------------------------------------------------------------
    o        1     77     55   cc-pVQZ   [5s4p3d2f1g|21s6p3d2f1g]
    c        1     77     55   cc-pVQZ   [5s4p3d2f1g|21s6p3d2f1g]
    h        2     32     30   cc-pVQZ   [4s3p2d1f|6s3p2d1f]
   ---------------------------------------------------------------------------
   total:    4    218    170
   ---------------------------------------------------------------------------

   total number of primitive shells          :   78
   total number of contracted shells         :   50
   total number of cartesian basis functions :  210
   total number of SCF-basis functions       :  170


 integral neglect threshold       :  0.16E-10
 integral storage threshold THIZE :  0.10E-04
 integral storage threshold THIME :         5

 RI-J AUXILIARY BASIS SET information:

              we will work with the 1s 3p 5d 7f 9g ... basis set
              ...i.e. with spherical basis functions...

   type   atoms  prim   cont   basis
   ---------------------------------------------------------------------------
    o        1     70     49   cc-pVQZ   [6s4p3d1f1g|12s5p4d2f1g]
    c        1     70     49   cc-pVQZ   [6s4p3d1f1g|12s5p4d2f1g]
    h        2     16     11   cc-pVQZ   [3s1p1d|5s2p1d]
   ---------------------------------------------------------------------------
   total:    4    172    120
   ---------------------------------------------------------------------------

   total number of primitive shells          :   56
   total number of contracted shells         :   40
   total number of cartesian basis functions :  146
   total number of SCF-basis functions       :  120


 symmetry group of the molecule :   c1 

 the group has the following generators :
   c1(z)

    1 symmetry operations found

 there are 1 real representations :   a   

 maximum number of shells which are related by symmetry :  1


    mo occupation :
   irrep   mo's   occupied
    a      170        8
 
 number of basis functions   :                    170
 number of occupied orbitals :                      8
 
  
           ------------------
           density functional
           ------------------
 PBE functional
 exchange:    LDA + PBE
 correlation: LDA (PW) + PBE

 spherical integration : Lebedev's spherical grid
 spherical gridsize    :                     5
    i.e. gridpoints    :                   590
 value for diffuse not defined
 radial integration    : Chebyshev 2nd kind (scaling 3)
 radial gridsize       :                     8
 integration cells     :                     4
 partition function    : becke
 partition sharpness   :                     3
  

 biggest AO integral is expected to be     4.785886462
  
           ------------------------
               RI-J - INFORMATION
           ------------------------
 Contributions to RI integral batches: 
  neglected integral batches:                     6
  direct contribution:                            0
  memory contribution:                  1269
 Memory core needed for (P|Q) and Cholesky      1 MByte
 Memory core minimum needed except of (P|Q)     1 MByte
 Total minimum memory core needed (sum)         1 MByte
  
 ****************************************
 Memory allocated for RI-J    25 MByte
 ****************************************
                                            

          ------------------------
          nuclear repulsion energy  :   31.2221936583    
          ------------------------


         -----------------
         -S,T+V- integrals
         -----------------

 1e-integrals will be neglected if expon. factor < 0.159141E-11
 
   Difference densities algorithm switched on.
   The maximal number of linear combinations of
   difference densities is                    20 .

 DIIS switched on: error vector is FDS-SDF
 Max. Iterations for DIIS is     :   4
 DIIS matrix (see manual) 
    Scaling factor of diagonals  :  1.200
    threshold for scaling factor :  0.000

 scf convergence criterion : increment of total energy < .1000000D-06
                  and increment of one-electron energy < .1000000D-03

  MOs are in ASCII format !


 automatic virtual orbital shift switched on 
      shift if e(lumo)-e(homo) < 0.10000000    


 reading orbital data $scfmo  from file mos
 orbital characterization : expanded
 mo provided and orthogonalized by Cholesky decomposition

 DSCF restart information will be dumped onto file mos


 Starting SCF iterations

          Overall gridpoints after grid construction =         65130

 ITERATION  ENERGY          1e-ENERGY        2e-ENERGY     RMS[dD(SAO)]   TOL
   1  -113.79600605028    -216.27374087     71.255541158    0.000D+00 0.159D-10
                            Exc = -14.5160292655     Coul =  85.7715704237    
                              N = 15.999999994    
                            current damping = 0.300
 
          max. resid. norm for Fia-block=  4.401D-01 for orbital      7a         
          max. resid. fock norm         =  1.368D+01 for orbital    160a         

 ITERATION  ENERGY          1e-ENERGY        2e-ENERGY     RMS[dD(SAO)]   TOL
   2  -114.28253354336    -216.45347758     70.948750377    0.851D-02 0.109D-10
                            Exc = -14.4281817267     Coul =  85.3769321034    
                              N = 16.000000010    
                            current damping = 0.250
 
          Norm of current diis error:  2.4421    
          max. resid. norm for Fia-block=  1.492D-01 for orbital      3a         
          max. resid. fock norm         =  3.662D-01 for orbital     87a         

 ITERATION  ENERGY          1e-ENERGY        2e-ENERGY     RMS[dD(SAO)]   TOL
   3  -114.41083285539    -218.19729180     72.564265284    0.383D-02 0.885D-11
                            Exc = -14.6741644851     Coul =  87.2384297691    
                              N = 15.999999999    
                            current damping = 0.200
 
          Norm of current diis error: 0.68637    
          max. resid. norm for Fia-block=  5.059D-02 for orbital      8a         
          max. resid. fock norm         =  5.358D-02 for orbital     27a         

 ITERATION  ENERGY          1e-ENERGY        2e-ENERGY     RMS[dD(SAO)]   TOL
   4  -114.41690413959    -216.72464844     71.085550646    0.340D-02 0.744D-11
                            Exc = -14.4924676381     Coul =  85.5780182843    
                              N = 15.999999986    
                            current damping = 0.250
 
          Norm of current diis error: 0.51924    
          max. resid. norm for Fia-block=  1.728D-02 for orbital      8a         
          max. resid. fock norm         =  3.023D-02 for orbital    149a         

 ITERATION  ENERGY          1e-ENERGY        2e-ENERGY     RMS[dD(SAO)]   TOL
   5  -114.42449281287    -217.38282357     71.736137098    0.832D-03 0.731D-11
                            Exc = -14.5687294409     Coul =  86.3048665387    
                              N = 15.999999990    
                            current damping = 0.300
 
          Norm of current diis error: 0.37178E-01
          max. resid. norm for Fia-block=  1.990D-03 for orbital      3a         
          max. resid. fock norm         =  2.452D-03 for orbital    125a         
          mo-orthogonalization: Cholesky decomposition

 ITERATION  ENERGY          1e-ENERGY        2e-ENERGY     RMS[dD(SAO)]   TOL
   6  -114.42452484919    -217.37447710     71.727758589    0.983D-04 0.702D-11
                            Exc = -14.5688250789     Coul =  86.2965836683    
                              N = 15.999999989    
                            current damping = 0.350
 
          Norm of current diis error: 0.87184E-02
          max. resid. norm for Fia-block=  4.353D-04 for orbital      6a         
          max. resid. fock norm         =  6.771D-04 for orbital    149a         

 ITERATION  ENERGY          1e-ENERGY        2e-ENERGY     RMS[dD(SAO)]   TOL
   7  -114.42452718846    -217.38692612     71.740205277    0.111D-04 0.676D-11
                            Exc = -14.5703858799     Coul =  86.3105911569    
                              N = 15.999999989    
                            current damping = 0.400
 
          Norm of current diis error: 0.73973E-03
          max. resid. norm for Fia-block=  4.963D-05 for orbital      4a         
          max. resid. fock norm         =  9.826D-05 for orbital    161a         

 ITERATION  ENERGY          1e-ENERGY        2e-ENERGY     RMS[dD(SAO)]   TOL
   8  -114.42452720499    -217.38687868     71.740157821    0.456D-05 0.654D-11
                            Exc = -14.5703699936     Coul =  86.3105278146    
                              N = 15.999999989    
                            current damping = 0.450
 
          Norm of current diis error: 0.16827E-03
          max. resid. norm for Fia-block=  1.409D-05 for orbital      3a         
          max. resid. fock norm         =  1.992D-05 for orbital    153a         

 ITERATION  ENERGY          1e-ENERGY        2e-ENERGY     RMS[dD(SAO)]   TOL
   9  -114.42452720602    -217.38698775     71.740266890    0.119D-05 0.632D-11
                            Exc = -14.5703844616     Coul =  86.3106513512    
                              N = 15.999999989    
                            current damping = 0.500
 
          Norm of current diis error: 0.10359E-03
          max. resid. norm for Fia-block=  6.034D-06 for orbital      3a         
          max. resid. fock norm         =  1.084D-05 for orbital    164a         

 ENERGY & DENSITY CONVERGED !


 ITERATION  ENERGY          1e-ENERGY        2e-ENERGY     RMS[dD(SAO)]   TOL
  10  -114.42452720629    -217.38702092     71.740300057    0.373D-06 0.620D-11
                            Exc = -14.5703902750     Coul =  86.3106903323    
                              N = 15.999999989    
                            current damping = 0.350
 
          Norm of current diis error: 0.29303E-04
          max. resid. norm for Fia-block=  1.853D-06 for orbital      5a         
          max. resid. fock norm         =  2.248D-06 for orbital    144a         

 End of SCF iterations

   convergence criteria satisfied after    10 iterations


                  ------------------------------------------ 
                 |  total energy      =   -114.42452720629  |
                  ------------------------------------------ 
                 :  kinetic energy    =    114.00991234868  :
                 :  potential energy  =   -228.43443955497  :
                 :  virial theorem    =      1.99637652112  :
                 :  wavefunction norm =      1.00000000000  :
                  .......................................... 


 <geterg> : there is no data group $energy 


 <skperg> : $end is missing 


 orbitals $scfmo  will be written to file mos

    irrep                  4a          5a          6a          7a          8a   
 eigenvalues H         -0.57955    -0.44729    -0.40149    -0.36778    -0.22798
            eV         -15.7704    -12.1716    -10.9251    -10.0078     -6.2037
 occupation              2.0000      2.0000      2.0000      2.0000      2.0000

    irrep                  9a         10a         11a         12a         13a   
 eigenvalues H         -0.09676     0.01763     0.07232     0.09082     0.18068
            eV          -2.6331      0.4796      1.9679      2.4714      4.9166
 
 
 
 
 ==============================================================================
                           electrostatic moments
 ==============================================================================

 reference point for electrostatic moments:    0.00000   0.00000   0.00000

 
              nuc           elec       ->  total
 ------------------------------------------------------------------------------
                          charge      
 ------------------------------------------------------------------------------
          16.000000     -16.000000      -0.000000
 
 ------------------------------------------------------------------------------
                       dipole moment  
 ------------------------------------------------------------------------------
   x     153.107665    -152.894695       0.212969
   y      15.704472     -16.163743      -0.459271
   z      25.361731     -26.070221      -0.708490
 
   | dipole moment | =     0.8708 a.u. =     2.2133 debye 
 
 ------------------------------------------------------------------------------
                     quadrupole moment
 ------------------------------------------------------------------------------
  xx    1472.687944   -1477.348449      -4.660505
  yy      23.319847     -33.051677      -9.731830
  zz      59.032179     -70.282135     -11.249955
  xy     147.437300    -151.564352      -4.127052
  xz     238.350891    -244.702358      -6.351467
  yz      37.094338     -38.711846      -1.617508
 
     1/3  trace=      -8.547430
     anisotropy=      14.686457
 
 ==============================================================================
 
HOMO-LUMO Separation
 HOMO         :   -0.22797937 H =     -6.20364 eV
 LUMO         :   -0.09676333 H =     -2.63307 eV
 HOMO-LUMO gap:    0.13121603 H =     +3.57057 eV
 
 ==============================================================================


    ------------------------------------------------------------------------
         total  cpu-time :   7.42 seconds
         total wall-time :   7.42 seconds
    ------------------------------------------------------------------------

   ****  ridft : all done  ****


    2020-07-20 18:17:48.813 

