
 ridft (riogrande) : TURBOMOLE rev. V7.4.1 (b987a8a8) compiled 15 Oct 2019 at 12:03:25
 Copyright (C) 2019 TURBOMOLE GmbH, Karlsruhe


    2020-07-20 17:33:42.101 



                                  r i d f t

                        DFT program with RI approximation 
                                for coulomb part 




                                                 
                                 References:     
                                                 
          TURBOMOLE:                             
              R. Ahlrichs, M. Baer, M. Haeser, H. Horn, and
              C. Koelmel
              Electronic structure calculations on workstation
              computers: the program system TURBOMOLE
              Chem. Phys. Lett. 162: 165 (1989)
          Density Functional:                              
              O. Treutler and R. Ahlrichs                      
              Efficient Molecular Numerical Integration Schemes
              J. Chem. Phys. 102: 346 (1995)                   
          Parallel Version:                                
              Performance of parallel TURBOMOLE for Density    
              Functional Calculations                          
              M. v. Arnim and R. Ahlrichs                      
              J. Comp. Chem. 19: 1746 (1998)                   
          RI-J Method:                                     
              Auxiliary Basis Sets to approximate Coulomb      
              Potentials                                       
              Chem. Phys. Lett. 240: 283 (1995)                
              K. Eichkorn, O. Treutler, H. Oehm, M. Haeser     
              and R. Ahlrichs                                  
              Chem. Phys. Lett. 242: 652 (1995)                
                                                           
              Auxiliary Basis Sets for Main Row Atoms and their
              Use to approximate Coulomb Potentials            
              K. Eichkorn, F. Weigend, O. Treutler and         
              R. Ahlrichs                                      
              Theo. Chem. Acc. 97: 119 (1997)                   
                                                           
              Accurate Coulomb-fitting basis sets for H to Rn 
              F. Weigend                                        
              Phys. Chem. Chem. Phys. 8: 1057 (2006)            
                                                           
          Multipole accelerated RI-J (MARI-J):             
              Fast evaluation of the Coulomb potential for     
              electron densities using multipole accelerated   
              resolution of identity approximation             
              M. Sierka, A. Hogekamp and R. Ahlrichs           
              J. Chem. Phys. 118: 9136 (2003)                  
          RI-JK Method:                                     
              A fully direct RI-HF algorithm: Implementation,
              optimised auxiliary basis sets, demonstration of
              accuracy and efficiency                         
              F. Weigend                                      
              Phys. Chem. Chem. Phys. 4: 4285 (2002)           
          Two-component HF and DFT with spin-orbit coupling:  
              Self-consistent treatment of spin-orbit         
              interactions with efficient Hartree-Fock and    
              density functional methods                      
              M. K. Armbruster, F. Weigend, C. van Wüllen and 
              W. Klopper                                      
              Phys. Chem. Chem. Phys. 10: 1748 (2008)         
          Two-component difference density and DIIS algorithm 
              Efficient two-component self-consistent field   
              procedures and gradients: implementation in     
              TURBOMOLE and application to Au20-              
              A. Baldes, F. Weigend                           
              Mol. Phys. 111: 2617 (2013)                     
          Relativistic all-electron 2c calculations           
              An efficient implementation of two-component    
              relativistic exact-decoupling methods for large 
              molecules                                       
              D. Peng, N. Middendorf, F. Weigend, M. Reiher   
              J. Chem. Phys. 138: 184105 (2013)               
          Finite nucleus model and SNSO approximation         
              Efficient implementation of one- and two-       
              component analytical energy gradients in exact  
              two-component theory                            
              Y. J. Franzke, N. Middendorf, F. Weigend        
              J. Chem. Phys. 148: 104110 (2018)               
                                         




              +--------------------------------------------------+
              |      general information about current run       |
              +--------------------------------------------------+

 

 DENSITY CONVERGENCE CHECK SWITCHED ON !
 SCF CONVERGENCE IF RMS(delta[D]) <     0.1000000000E-06

 PBE functional
 exchange:    LDA + PBE
 correlation: LDA (PW) + PBE
 A DFT calculation using the RI-J approximation will be carried out.
 Allocatable memory for RI due to $ricore (MB):                   500


              +--------------------------------------------------+
              | Atomic coordinate, charge and isotop information |
              +--------------------------------------------------+

                    atomic coordinates            atom    charge  isotop
          0.09850255   -0.06031914    3.47834386    c      6.000     0
         -2.81893433    1.60098997    3.31681837    cl    17.000     0
          1.53428586    1.04827978    2.52895368    h      1.000     0
         -0.12814461   -1.86945823    2.54695911    h      1.000     0
          0.58807766   -0.32719434    5.44846428    h      1.000     0
 
       center of nuclear mass  :   -1.91622410    1.08694748    3.36670349
       center of nuclear charge:   -1.74371729    0.98871315    3.37616740

              +--------------------------------------------------+
              |               basis set information              |
              +--------------------------------------------------+

              we will work with the 1s 3p 5d 7f 9g ... basis set
              ...i.e. with spherical basis functions...

   type   atoms  prim   cont   basis
   ---------------------------------------------------------------------------
    c        1     77     57   def2-QZVP   [7s4p3d2f1g|15s8p3d2f1g]
    cl       1    105     70   def2-QZVP   [9s6p4d2f1g|20s14p4d2f1g]
    h        3     33     30   def2-QZVP   [4s3p2d1f|7s3p2d1f]
   ---------------------------------------------------------------------------
   total:    5    281    217
   ---------------------------------------------------------------------------

   total number of primitive shells          :   83
   total number of contracted shells         :   69
   total number of cartesian basis functions :  263
   total number of SCF-basis functions       :  217


 integral neglect threshold       :  0.13E-10
 integral storage threshold THIZE :  0.10E-04
 integral storage threshold THIME :         5

 RI-J AUXILIARY BASIS SET information:

              we will work with the 1s 3p 5d 7f 9g ... basis set
              ...i.e. with spherical basis functions...

   type   atoms  prim   cont   basis
   ---------------------------------------------------------------------------
    c        1     70     49   def2-QZVP   [6s4p3d1f1g|12s5p4d2f1g]
    cl       1     77     51   def2-QZVP   [8s4p3d1f1g|14s5p5d2f1g]
    h        3     16     11   def2-QZVP   [3s1p1d|5s2p1d]
   ---------------------------------------------------------------------------
   total:    5    195    133
   ---------------------------------------------------------------------------

   total number of primitive shells          :   59
   total number of contracted shells         :   47
   total number of cartesian basis functions :  160
   total number of SCF-basis functions       :  133


 symmetry group of the molecule :   c1 

 the group has the following generators :
   c1(z)

    1 symmetry operations found

 there are 1 real representations :   a   

 maximum number of shells which are related by symmetry :  1


    mo occupation :
   irrep   mo's   occupied
    a      217       13
 
 number of basis functions   :                    217
 number of occupied orbitals :                     13
 
  
           ------------------
           density functional
           ------------------
 PBE functional
 exchange:    LDA + PBE
 correlation: LDA (PW) + PBE

 spherical integration : Lebedev's spherical grid
 spherical gridsize    :                     5
    i.e. gridpoints    :                   590
 value for diffuse not defined
 radial integration    : Chebyshev 2nd kind (scaling 3)
 radial gridsize       :                     8
 integration cells     :                     5
 partition function    : becke
 partition sharpness   :                     3
  

 biggest AO integral is expected to be    12.165751258
  
           ------------------------
               RI-J - INFORMATION
           ------------------------
 Contributions to RI integral batches: 
  neglected integral batches:                    89
  direct contribution:                            0
  memory contribution:                  2326
 Memory core needed for (P|Q) and Cholesky      1 MByte
 Memory core minimum needed except of (P|Q)     1 MByte
 Total minimum memory core needed (sum)         1 MByte
  
 ****************************************
 Memory allocated for RI-J    43 MByte
 ****************************************
                                            

          ------------------------
          nuclear repulsion energy  :   51.4704469139    
          ------------------------


         -----------------
         -S,T+V- integrals
         -----------------

 1e-integrals will be neglected if expon. factor < 0.127071E-11
 
   Difference densities algorithm switched on.
   The maximal number of linear combinations of
   difference densities is                    20 .

 DIIS switched on: error vector is FDS-SDF
 Max. Iterations for DIIS is     :   4
 DIIS matrix (see manual) 
    Scaling factor of diagonals  :  1.200
    threshold for scaling factor :  0.000

 scf convergence criterion : increment of total energy < .1000000D-06
                  and increment of one-electron energy < .1000000D-03

  MOs are in ASCII format !


 automatic virtual orbital shift switched on 
      shift if e(lumo)-e(homo) < 0.10000000    


 reading orbital data $scfmo  from file mos
 orbital characterization : expanded
 mo provided and orthogonalized by Cholesky decomposition

 DSCF restart information will be dumped onto file mos


 Starting SCF iterations

          Overall gridpoints after grid construction =         80101

 ITERATION  ENERGY          1e-ENERGY        2e-ENERGY     RMS[dD(SAO)]   TOL
   1  -499.59364747209    -788.66864905     237.60455466    0.000D+00 0.127D-10
                            Exc = -34.2893035491     Coul =  271.893858212    
                              N = 25.999999871    
                            current damping = 0.300
 
          max. resid. norm for Fia-block=  4.163D-01 for orbital      8a         
          max. resid. fock norm         =  1.471D+02 for orbital    198a         

 ITERATION  ENERGY          1e-ENERGY        2e-ENERGY     RMS[dD(SAO)]   TOL
   2  -499.87579943315    -790.91536205     239.56911570    0.572D-02 0.836D-11
                            Exc = -34.5370087208     Coul =  274.106124421    
                              N = 25.999999910    
                            current damping = 0.250
 
          Norm of current diis error:  1.1412    
          max. resid. norm for Fia-block=  7.080D-02 for orbital     10a         
          max. resid. fock norm         =  1.870D-01 for orbital     97a         

 ITERATION  ENERGY          1e-ENERGY        2e-ENERGY     RMS[dD(SAO)]   TOL
   3  -499.90244386758    -790.46062094     239.08773015    0.240D-02 0.666D-11
                            Exc = -34.5024219077     Coul =  273.590152062    
                              N = 25.999999899    
                            current damping = 0.200
 
          Norm of current diis error: 0.47585    
          max. resid. norm for Fia-block=  1.862D-02 for orbital     11a         
          max. resid. fock norm         =  2.052D-02 for orbital     14a         

 ITERATION  ENERGY          1e-ENERGY        2e-ENERGY     RMS[dD(SAO)]   TOL
   4  -499.90861581030    -790.57967660     239.20061388    0.808D-03 0.597D-11
                            Exc = -34.5205595560     Coul =  273.721173433    
                              N = 25.999999909    
                            current damping = 0.250
 
          Norm of current diis error: 0.64232E-01
          max. resid. norm for Fia-block=  4.446D-03 for orbital     11a         
          max. resid. fock norm         =  9.529D-03 for orbital    211a         

 ITERATION  ENERGY          1e-ENERGY        2e-ENERGY     RMS[dD(SAO)]   TOL
   5  -499.90873449525    -790.69982898     239.32064757    0.155D-03 0.565D-11
                            Exc = -34.5277207662     Coul =  273.848368333    
                              N = 25.999999909    
                            current damping = 0.100
 
          Norm of current diis error: 0.20311E-01
          max. resid. norm for Fia-block=  1.542D-03 for orbital     11a         
          max. resid. fock norm         =  2.404D-03 for orbital    190a         
          mo-orthogonalization: Cholesky decomposition

 ITERATION  ENERGY          1e-ENERGY        2e-ENERGY     RMS[dD(SAO)]   TOL
   6  -499.90875457015    -790.60314969     239.22394821    0.645D-04 0.555D-11
                            Exc = -34.5216701071     Coul =  273.745618313    
                              N = 25.999999908    
                            current damping = 0.150
 
          Norm of current diis error: 0.98272E-02
          max. resid. norm for Fia-block=  5.386D-04 for orbital     11a         
          max. resid. fock norm         =  1.039D-03 for orbital    211a         

 ITERATION  ENERGY          1e-ENERGY        2e-ENERGY     RMS[dD(SAO)]   TOL
   7  -499.90875976456    -790.63501988     239.25581320    0.162D-04 0.542D-11
                            Exc = -34.5237436785     Coul =  273.779556879    
                              N = 25.999999909    
                            current damping = 0.200
 
          Norm of current diis error: 0.83709E-03
          max. resid. norm for Fia-block=  5.700D-05 for orbital     11a         
          max. resid. fock norm         =  8.112D-05 for orbital     11a         

 ENERGY & DENSITY CONVERGED !


 ITERATION  ENERGY          1e-ENERGY        2e-ENERGY     RMS[dD(SAO)]   TOL
   8  -499.90875978463    -790.63497567     239.25576897    0.143D-05 0.529D-11
                            Exc = -34.5237297990     Coul =  273.779498770    
                              N = 25.999999909    
                            current damping = 0.250
 
          Norm of current diis error: 0.41384E-03
          max. resid. norm for Fia-block=  1.675D-05 for orbital     11a         
          max. resid. fock norm         =  2.480D-05 for orbital     11a         

 End of SCF iterations

   convergence criteria satisfied after     8 iterations


                  ------------------------------------------ 
                 |  total energy      =   -499.90875978463  |
                  ------------------------------------------ 
                 :  kinetic energy    =    499.05732187141  :
                 :  potential energy  =   -998.96608165604  :
                 :  virial theorem    =      1.99829681338  :
                 :  wavefunction norm =      1.00000000000  :
                  .......................................... 


 <geterg> : there is no data group $energy 


 <skperg> : $end is missing 


 orbitals $scfmo  will be written to file mos

    irrep                  9a         10a         11a         12a         13a   
 eigenvalues H         -0.40552    -0.40510    -0.37873    -0.25955    -0.25949
            eV         -11.0349    -11.0233    -10.3058     -7.0629     -7.0612
 occupation              2.0000      2.0000      2.0000      2.0000      2.0000

    irrep                 14a         15a         16a         17a         18a   
 eigenvalues H         -0.02152     0.01423     0.06039     0.06040     0.09337
            eV          -0.5855      0.3872      1.6433      1.6435      2.5408
 
 
 
 
 ==============================================================================
                           electrostatic moments
 ==============================================================================

 reference point for electrostatic moments:    0.00000   0.00000   0.00000

 
              nuc           elec       ->  total
 ------------------------------------------------------------------------------
                          charge      
 ------------------------------------------------------------------------------
          26.000000     -26.000000      -0.000000
 
 ------------------------------------------------------------------------------
                       dipole moment  
 ------------------------------------------------------------------------------
   x     -45.336649      45.975254       0.638604
   y      25.706542     -26.070198      -0.363656
   z      87.780352     -87.745433       0.034919
 
   | dipole moment | =     0.7357 a.u. =     1.8700 debye 
 
 ------------------------------------------------------------------------------
                     quadrupole moment
 ------------------------------------------------------------------------------
  xx     137.863149    -153.997670     -16.134520
  yy      48.296522     -63.570600     -15.274078
  zz     302.183456    -316.803147     -14.619692
  xy     -75.102598      75.822331       0.719733
  xz    -150.134550     152.280518       2.145968
  yz      85.121326     -86.343520      -1.222194
 
     1/3  trace=     -15.342763
     anisotropy=       4.645696
 
 ==============================================================================
 
HOMO-LUMO Separation
 HOMO         :   -0.25949240 H =     -7.06115 eV
 LUMO         :   -0.02151738 H =     -0.58552 eV
 HOMO-LUMO gap:    0.23797503 H =     +6.47563 eV
 
 ==============================================================================


    ------------------------------------------------------------------------
         total  cpu-time :  10.03 seconds
         total wall-time :  10.03 seconds
    ------------------------------------------------------------------------

   ****  ridft : all done  ****


    2020-07-20 17:33:52.126 

