           SMPCPUS    set: Shared-memory Parallelization with  10 CPUs.

           SMP Parallelization Reference:
           C. van Wullen, J. Comput. Chem. 32 (2011) 1195--1201

 ridft (c-14-10) : TURBOMOLE rev. V7.5.0 compiled 13 Jun 2020 at 23:29:25
 Copyright (C) 2020 TURBOMOLE GmbH, Karlsruhe


    2020-08-03 21:30:54.071 



                                  r i d f t

                        DFT program with RI approximation 
                                for coulomb part 




                                                 
                                 References:     
                                                 
          TURBOMOLE:                             
              R. Ahlrichs, M. Baer, M. Haeser, H. Horn, and
              C. Koelmel
              Electronic structure calculations on workstation
              computers: the program system TURBOMOLE
              Chem. Phys. Lett. 162: 165 (1989)
          Density Functional:                              
              O. Treutler and R. Ahlrichs                      
              Efficient Molecular Numerical Integration Schemes
              J. Chem. Phys. 102: 346 (1995)                   
          Parallel Version:                                
              Performance of parallel TURBOMOLE for Density    
              Functional Calculations                          
              M. v. Arnim and R. Ahlrichs                      
              J. Comp. Chem. 19: 1746 (1998)                   
          RI-J Method:                                     
              Auxiliary Basis Sets to approximate Coulomb      
              Potentials                                       
              Chem. Phys. Lett. 240: 283 (1995)                
              K. Eichkorn, O. Treutler, H. Oehm, M. Haeser     
              and R. Ahlrichs                                  
              Chem. Phys. Lett. 242: 652 (1995)                
                                                           
              Auxiliary Basis Sets for Main Row Atoms and their
              Use to approximate Coulomb Potentials            
              K. Eichkorn, F. Weigend, O. Treutler and         
              R. Ahlrichs                                      
              Theo. Chem. Acc. 97: 119 (1997)                   
                                                           
              Accurate Coulomb-fitting basis sets for H to Rn 
              F. Weigend                                        
              Phys. Chem. Chem. Phys. 8: 1057 (2006)            
                                                           
          Multipole accelerated RI-J (MARI-J):             
              Fast evaluation of the Coulomb potential for     
              electron densities using multipole accelerated   
              resolution of identity approximation             
              M. Sierka, A. Hogekamp and R. Ahlrichs           
              J. Chem. Phys. 118: 9136 (2003)                  
          RI-JK Method:                                     
              A fully direct RI-HF algorithm: Implementation,
              optimised auxiliary basis sets, demonstration of
              accuracy and efficiency                         
              F. Weigend                                      
              Phys. Chem. Chem. Phys. 4: 4285 (2002)           
          Two-component HF and DFT with spin-orbit coupling:  
              Self-consistent treatment of spin-orbit         
              interactions with efficient Hartree-Fock and    
              density functional methods                      
              M. K. Armbruster, F. Weigend, C. van Wüllen and 
              W. Klopper                                      
              Phys. Chem. Chem. Phys. 10: 1748 (2008)         
          Two-component difference density and DIIS algorithm 
              Efficient two-component self-consistent field   
              procedures and gradients: implementation in     
              TURBOMOLE and application to Au20-              
              A. Baldes, F. Weigend                           
              Mol. Phys. 111: 2617 (2013)                     
          Relativistic all-electron 2c calculations           
              An efficient implementation of two-component    
              relativistic exact-decoupling methods for large 
              molecules                                       
              D. Peng, N. Middendorf, F. Weigend, M. Reiher   
              J. Chem. Phys. 138: 184105 (2013)               
          Finite nucleus model and SNSO approximation         
              Efficient implementation of one- and two-       
              component analytical energy gradients in exact  
              two-component theory                            
              Y. J. Franzke, N. Middendorf, F. Weigend        
              J. Chem. Phys. 148: 104110 (2018)               
          Grids for all-electron relativistic methods         
              Error-consistent segmented contracted all-      
              electron relativistic basis sets of double-     
              and triple-zeta quality for NMR shielding       
              constants                                       
              Y. J. Franzke, R. Tress, T. M. Pazdera,         
              F. Weigend                                      
              Phys. Chem. Chem. Phys. 21: 166658 (2019)       
          Seminumerical exchange algorithms                   
              Seminumerical calculation of the Hartree-Fock   
              exchange matirx: Application to two-component   
              procedures and efficient evaluation of local    
              hybrid functionsl                               
              P. Plessow, F. Weigend,                         
              J. Comput. Chem. 33: 810 (2012)                 
          Improved seminumerical algorithms                   
              C. Holzer, in preparation (2020)                
                                         




              +--------------------------------------------------+
              |      general information about current run       |
              +--------------------------------------------------+

 

 DENSITY CONVERGENCE CHECK SWITCHED ON !
 SCF CONVERGENCE IF RMS(delta[D]) <     0.1000000000E-06

 PBE functional
 exchange:    LDA + PBE
 correlation: LDA (PW) + PBE
 A DFT calculation using the RI-J approximation will be carried out.
 Allocatable memory for RI due to $ricore (MB):                  5000


              +--------------------------------------------------+
              | Atomic coordinate, charge and isotop information |
              +--------------------------------------------------+

                    atomic coordinates            atom    charge  isotop
          0.71381366   -0.00000091    0.01215199    cl    17.000     0
          0.09336999   -0.00000356    2.37277133    h      1.000     0
         -0.41984235    0.00001343    5.82511825    o      8.000     0
         -1.95470332   -0.00001013    6.79118023    h      1.000     0
          1.66789091    0.00000211    7.52351189    c      6.000     0
          3.36227822   -0.00000076    6.36857718    h      1.000     0
          1.68368815    1.67993146    8.71335779    h      1.000     0
          1.68367994   -1.67993167    8.71335162    h      1.000     0
 
       center of nuclear mass  :    0.63544308    0.00000282    3.17089626
       center of nuclear charge:    0.65699311    0.00000250    3.46966220

              +--------------------------------------------------+
              |               basis set information              |
              +--------------------------------------------------+

              we will work with the 1s 3p 5d 7f 9g ... basis set
              ...i.e. with spherical basis functions...

   type   atoms  prim   cont   basis
   ---------------------------------------------------------------------------
    cl       1    111     39   cc-pV(T+d)Z   [5s4p3d1f|41s16p3d1f]
    h        5     16     14   cc-pVTZ   [3s2p1d|5s2p1d]
    o        1     50     30   cc-pVTZ   [4s3p2d1f|18s5p2d1f]
    c        1     50     30   cc-pVTZ   [4s3p2d1f|18s5p2d1f]
   ---------------------------------------------------------------------------
   total:    8    291    169
   ---------------------------------------------------------------------------

   total number of primitive shells          :  121
   total number of contracted shells         :   63
   total number of cartesian basis functions :  190
   total number of SCF-basis functions       :  169


 integral neglect threshold       :  0.18E-10
 integral storage threshold THIZE :  0.10E-04
 integral storage threshold THIME :         5

 RI-J AUXILIARY BASIS SET information:

              we will work with the 1s 3p 5d 7f 9g ... basis set
              ...i.e. with spherical basis functions...

   type   atoms  prim   cont   basis
   ---------------------------------------------------------------------------
    cl       1     77     51   universal   [8s4p3d1f1g|14s5p5d2f1g]
    h        5     16     11   cc-pVTZ   [3s1p1d|5s2p1d]
    o        1     70     49   cc-pVTZ   [6s4p3d1f1g|12s5p4d2f1g]
    c        1     70     49   cc-pVTZ   [6s4p3d1f1g|12s5p4d2f1g]
   ---------------------------------------------------------------------------
   total:    8    297    204
   ---------------------------------------------------------------------------

   total number of primitive shells          :   83
   total number of contracted shells         :   72
   total number of cartesian basis functions :  245
   total number of SCF-basis functions       :  204


 symmetry group of the molecule :   c1 

 the group has the following generators :
   c1(z)

    1 symmetry operations found

 there are 1 real representations :   a   

 maximum number of shells which are related by symmetry :  1

  
           ------------------
           density functional
           ------------------
 PBE functional
 exchange:    LDA + PBE
 correlation: LDA (PW) + PBE

 spherical integration : Lebedev's spherical grid
 spherical gridsize    :                     5
    i.e. gridpoints    :                   590
 value for diffuse not defined
 radial integration    : Chebyshev 2nd kind (scaling 3)
 radial gridsize       :                     8
 integration cells     :                     8
 partition function    : becke
 partition sharpness   :                     3
  

 biggest AO integral is expected to be    10.299856942

          ------------------------
          nuclear repulsion energy  :   96.4222561684    
          ------------------------


         -----------------
         -S,T+V- integrals
         -----------------

 1e-integrals will be neglected if expon. factor < 0.175893E-11
 
   Difference densities algorithm switched on.
   The maximal number of linear combinations of
   difference densities is                    20 .

 DIIS switched on: error vector is FDS-SDF
 Max. Iterations for DIIS is     :   4
 DIIS matrix (see manual) 
    Scaling factor of diagonals  :  1.200
    threshold for scaling factor :  0.000

 scf convergence criterion : increment of total energy < .1000000D-06
                  and increment of one-electron energy < .1000000D-03

 MOs are in ASCII format !


    mo occupation :
   irrep   mo's   occupied
    a      169       18
 
 number of basis functions   :   169
 number of occupied orbitals :    18
 

 reading orbital data $scfmo  from file mos
 orbital characterization : expanded
 virtual MOs provided and orthogonalized by Cholesky decomposition

 automatic virtual orbital shift switched on 
      shift if e(lumo)-e(homo) < 0.10000000    

  
           ------------------------
               RI-J - INFORMATION
           ------------------------
 Contributions to RI integral batches: 
  neglected integral batches:                   113
  direct contribution:                            0
  memory contribution:                  1903
 Memory core needed for (P|Q) and Cholesky      1 MByte
 Memory core minimum needed except of (P|Q)     1 MByte
 Total minimum memory core needed (sum)         1 MByte
  
 ****************************************
 Memory allocated for RI-J    33 MByte
 ****************************************
                                            

 DSCF restart information will be dumped onto file mos


 Starting SCF iterations

          Overall gridpoints after grid construction =        124937

 ITERATION  ENERGY          1e-ENERGY        2e-ENERGY     RMS[dD(SAO)]   TOL
   1  -575.73594405682    -984.63204351     312.47384328    0.000D+00 0.175D-10
                            Exc = -43.7006873370     Coul =  356.174530620    
                              N = 35.999999413    
                            current damping = 0.300
 
          max. resid. norm for Fia-block=  3.033D-01 for orbital      2a         
          max. resid. fock norm         =  4.873D+00 for orbital    169a         

 ITERATION  ENERGY          1e-ENERGY        2e-ENERGY     RMS[dD(SAO)]   TOL
   2  -576.21003128868    -984.49918329     311.86689583    0.555D-02 0.114D-10
                            Exc = -43.6353284042     Coul =  355.502224237    
                              N = 35.999999808    
                            current damping = 0.250
 
          Norm of current diis error:  1.1375    
          max. resid. norm for Fia-block=  1.021D-01 for orbital      8a         
          max. resid. fock norm         =  1.798D-01 for orbital     99a         

 ITERATION  ENERGY          1e-ENERGY        2e-ENERGY     RMS[dD(SAO)]   TOL
   3  -576.25793699911    -985.55464661     312.87445344    0.260D-02 0.957D-11
                            Exc = -43.8159860645     Coul =  356.690439509    
                              N = 35.999999937    
                            current damping = 0.200
 
          Norm of current diis error: 0.54137    
          max. resid. norm for Fia-block=  3.753D-02 for orbital     16a         
          max. resid. fock norm         =  4.907D-02 for orbital     15a         

 ITERATION  ENERGY          1e-ENERGY        2e-ENERGY     RMS[dD(SAO)]   TOL
   4  -576.26800838187    -984.80073035     312.11046580    0.177D-02 0.838D-11
                            Exc = -43.7238783347     Coul =  355.834344134    
                              N = 35.999999945    
                            current damping = 0.250
 
          Norm of current diis error: 0.27321    
          max. resid. norm for Fia-block=  1.133D-02 for orbital     11a         
          max. resid. fock norm         =  1.587D-02 for orbital     12a         

 ITERATION  ENERGY          1e-ENERGY        2e-ENERGY     RMS[dD(SAO)]   TOL
   5  -576.27119641653    -985.18147230     312.48801972    0.475D-03 0.812D-11
                            Exc = -43.7638662704     Coul =  356.251885988    
                              N = 35.999999974    
                            current damping = 0.300
 
          Norm of current diis error: 0.63422E-01
          max. resid. norm for Fia-block=  3.263D-03 for orbital     13a         
          max. resid. fock norm         =  4.464D-03 for orbital     91a         
          mo-orthogonalization: Cholesky decomposition

 ITERATION  ENERGY          1e-ENERGY        2e-ENERGY     RMS[dD(SAO)]   TOL
   6  -576.27133987705    -985.11209400     312.41849795    0.114D-03 0.784D-11
                            Exc = -43.7575525064     Coul =  356.176050458    
                              N = 35.999999967    
                            current damping = 0.350
 
          Norm of current diis error: 0.11717E-01
          max. resid. norm for Fia-block=  7.397D-04 for orbital      5a         
          max. resid. fock norm         =  1.109D-03 for orbital      5a         

 ITERATION  ENERGY          1e-ENERGY        2e-ENERGY     RMS[dD(SAO)]   TOL
   7  -576.27134443202    -985.13563922     312.44203862    0.234D-04 0.769D-11
                            Exc = -43.7603676295     Coul =  356.202406250    
                              N = 35.999999968    
                            current damping = 0.400
 
          Norm of current diis error: 0.50353E-02
          max. resid. norm for Fia-block=  3.012D-04 for orbital     17a         
          max. resid. fock norm         =  4.250D-04 for orbital      9a         

 ITERATION  ENERGY          1e-ENERGY        2e-ENERGY     RMS[dD(SAO)]   TOL
   8  -576.27134609914    -985.13012882     312.43652655    0.973D-05 0.757D-11
                            Exc = -43.7597804655     Coul =  356.196307018    
                              N = 35.999999968    
                            current damping = 0.450
 
          Norm of current diis error: 0.61150E-03
          max. resid. norm for Fia-block=  3.969D-05 for orbital      9a         
          max. resid. fock norm         =  6.819D-05 for orbital     83a         

 ITERATION  ENERGY          1e-ENERGY        2e-ENERGY     RMS[dD(SAO)]   TOL
   9  -576.27134611640    -985.13105314     312.43745085    0.135D-05 0.742D-11
                            Exc = -43.7598307857     Coul =  356.197281636    
                              N = 35.999999968    
                            current damping = 0.500
 
          Norm of current diis error: 0.17154E-03
          max. resid. norm for Fia-block=  1.022D-05 for orbital     15a         
          max. resid. fock norm         =  1.191D-05 for orbital     28a         

 ITERATION  ENERGY          1e-ENERGY        2e-ENERGY     RMS[dD(SAO)]   TOL
  10  -576.27134611798    -985.13040167     312.43679939    0.499D-06 0.728D-11
                            Exc = -43.7597704353     Coul =  356.196569821    
                              N = 35.999999968    
                            current damping = 0.550
 
          Norm of current diis error: 0.21890E-04
          max. resid. norm for Fia-block=  1.853D-06 for orbital      9a         
          max. resid. fock norm         =  3.032D-06 for orbital     81a         
          mo-orthogonalization: Cholesky decomposition

 ENERGY & DENSITY CONVERGED !


 ITERATION  ENERGY          1e-ENERGY        2e-ENERGY     RMS[dD(SAO)]   TOL
  11  -576.27134611804    -985.13044662     312.43684433    0.768D-07 0.709D-11
                            Exc = -43.7597737442     Coul =  356.196618078    
                              N = 35.999999968    
                            current damping = 0.600
 
          Norm of current diis error: 0.64835E-05
          max. resid. norm for Fia-block=  7.267D-07 for orbital     15a         
          max. resid. fock norm         =  8.528D-07 for orbital     83a         

 End of SCF iterations

   convergence criteria satisfied after    11 iterations


                  ------------------------------------------ 
                 |  total energy      =   -576.27134611804  |
                  ------------------------------------------ 
                 :  kinetic energy    =    574.38649682678  :
                 :  potential energy  =  -1150.65784294481  :
                 :  virial theorem    =      1.99672923302  :
                 :  wavefunction norm =      1.00000000000  :
                  .......................................... 


 <geterg> : there is no data group $energy 


 <skperg> : $end is missing 


 orbitals $scfmo  will be written to file mos

    irrep                 14a         15a         16a         17a         18a   
 eigenvalues H         -0.38203    -0.31752    -0.26339    -0.26228    -0.25432
            eV         -10.3956     -8.6401     -7.1672     -7.1371     -6.9204
 occupation              2.0000      2.0000      2.0000      2.0000      2.0000

    irrep                 19a         20a         21a         22a         23a   
 eigenvalues H         -0.01137     0.03206     0.05610     0.08122     0.09446
            eV          -0.3094      0.8723      1.5267      2.2101      2.5704
 
 
 
 
 ==============================================================================
                           electrostatic moments
 ==============================================================================

 reference point for electrostatic moments:    0.00000   0.00000   0.00000

 
              nuc           elec       ->  total
 ------------------------------------------------------------------------------
                          charge      
 ------------------------------------------------------------------------------
          36.000000     -36.000000      -0.000000
 
 ------------------------------------------------------------------------------
                       dipole moment  
 ------------------------------------------------------------------------------
   x      23.651752     -23.873796      -0.222044
   y       0.000090      -0.000099      -0.000009
   z     124.907839    -123.368947       1.538893
 
   | dipole moment | =     1.5548 a.u. =     3.9520 debye 
 
 ------------------------------------------------------------------------------
                     quadrupole moment
 ------------------------------------------------------------------------------
  xx      47.567392     -65.781462     -18.214070
  yy       5.644340     -26.177878     -20.533538
  zz     855.231967    -862.305918      -7.073952
  xy      -0.000005       0.000022       0.000017
  xz      93.573598     -94.511218      -0.937620
  yz       0.000647      -0.000710      -0.000063
 
     1/3  trace=     -15.273853
     anisotropy=      12.568162
 
 ==============================================================================
 
HOMO-LUMO Separation
 HOMO         :   -0.25431688 H =     -6.92032 eV
 LUMO         :   -0.01137095 H =     -0.30942 eV
 HOMO-LUMO gap:    0.24294593 H =     +6.61090 eV
 
 ==============================================================================


    ------------------------------------------------------------------------
         total  cpu-time :  49.08 seconds
         total wall-time :   3.77 seconds
    ------------------------------------------------------------------------

   ****  ridft : all done  ****


    2020-08-03 21:30:57.833 

