           SMPCPUS    set: Shared-memory Parallelization with  20 CPUs.

           SMP Parallelization Reference:
           C. van Wullen, J. Comput. Chem. 32 (2011) 1195--1201
 operating system is UNIX !

 ridft (c-19-412) : TURBOMOLE rev. V7.5.0 compiled 13 Jun 2020 at 23:29:25
 Copyright (C) 2020 TURBOMOLE GmbH, Karlsruhe


    2020-08-04 20:35:45.436 



                                  r i d f t

                        DFT program with RI approximation 
                                for coulomb part 




                                                 
                                 References:     
                                                 
          TURBOMOLE:                             
              R. Ahlrichs, M. Baer, M. Haeser, H. Horn, and
              C. Koelmel
              Electronic structure calculations on workstation
              computers: the program system TURBOMOLE
              Chem. Phys. Lett. 162: 165 (1989)
          Density Functional:                              
              O. Treutler and R. Ahlrichs                      
              Efficient Molecular Numerical Integration Schemes
              J. Chem. Phys. 102: 346 (1995)                   
          Parallel Version:                                
              Performance of parallel TURBOMOLE for Density    
              Functional Calculations                          
              M. v. Arnim and R. Ahlrichs                      
              J. Comp. Chem. 19: 1746 (1998)                   
          RI-J Method:                                     
              Auxiliary Basis Sets to approximate Coulomb      
              Potentials                                       
              Chem. Phys. Lett. 240: 283 (1995)                
              K. Eichkorn, O. Treutler, H. Oehm, M. Haeser     
              and R. Ahlrichs                                  
              Chem. Phys. Lett. 242: 652 (1995)                
                                                           
              Auxiliary Basis Sets for Main Row Atoms and their
              Use to approximate Coulomb Potentials            
              K. Eichkorn, F. Weigend, O. Treutler and         
              R. Ahlrichs                                      
              Theo. Chem. Acc. 97: 119 (1997)                   
                                                           
              Accurate Coulomb-fitting basis sets for H to Rn 
              F. Weigend                                        
              Phys. Chem. Chem. Phys. 8: 1057 (2006)            
                                                           
          Multipole accelerated RI-J (MARI-J):             
              Fast evaluation of the Coulomb potential for     
              electron densities using multipole accelerated   
              resolution of identity approximation             
              M. Sierka, A. Hogekamp and R. Ahlrichs           
              J. Chem. Phys. 118: 9136 (2003)                  
          RI-JK Method:                                     
              A fully direct RI-HF algorithm: Implementation,
              optimised auxiliary basis sets, demonstration of
              accuracy and efficiency                         
              F. Weigend                                      
              Phys. Chem. Chem. Phys. 4: 4285 (2002)           
          Two-component HF and DFT with spin-orbit coupling:  
              Self-consistent treatment of spin-orbit         
              interactions with efficient Hartree-Fock and    
              density functional methods                      
              M. K. Armbruster, F. Weigend, C. van Wüllen and 
              W. Klopper                                      
              Phys. Chem. Chem. Phys. 10: 1748 (2008)         
          Two-component difference density and DIIS algorithm 
              Efficient two-component self-consistent field   
              procedures and gradients: implementation in     
              TURBOMOLE and application to Au20-              
              A. Baldes, F. Weigend                           
              Mol. Phys. 111: 2617 (2013)                     
          Relativistic all-electron 2c calculations           
              An efficient implementation of two-component    
              relativistic exact-decoupling methods for large 
              molecules                                       
              D. Peng, N. Middendorf, F. Weigend, M. Reiher   
              J. Chem. Phys. 138: 184105 (2013)               
          Finite nucleus model and SNSO approximation         
              Efficient implementation of one- and two-       
              component analytical energy gradients in exact  
              two-component theory                            
              Y. J. Franzke, N. Middendorf, F. Weigend        
              J. Chem. Phys. 148: 104110 (2018)               
          Grids for all-electron relativistic methods         
              Error-consistent segmented contracted all-      
              electron relativistic basis sets of double-     
              and triple-zeta quality for NMR shielding       
              constants                                       
              Y. J. Franzke, R. Tress, T. M. Pazdera,         
              F. Weigend                                      
              Phys. Chem. Chem. Phys. 21: 166658 (2019)       
          Seminumerical exchange algorithms                   
              Seminumerical calculation of the Hartree-Fock   
              exchange matirx: Application to two-component   
              procedures and efficient evaluation of local    
              hybrid functionsl                               
              P. Plessow, F. Weigend,                         
              J. Comput. Chem. 33: 810 (2012)                 
          Improved seminumerical algorithms                   
              C. Holzer, in preparation (2020)                
                                         




              +--------------------------------------------------+
              |      general information about current run       |
              +--------------------------------------------------+

 

 DENSITY CONVERGENCE CHECK SWITCHED ON !
 SCF CONVERGENCE IF RMS(delta[D]) <     0.1000000000E-06

 PBE functional
 exchange:    LDA + PBE
 correlation: LDA (PW) + PBE
 A DFT calculation using the RI-J approximation will be carried out.
 Allocatable memory for RI due to $ricore (MB):                  5000


              +--------------------------------------------------+
              | Atomic coordinate, charge and isotop information |
              +--------------------------------------------------+

                    atomic coordinates            atom    charge  isotop
          0.01456626    0.40492510    0.09888092    h      1.000     0
          0.01962598    0.37884067    2.14227777    c      6.000     0
          2.30145606    0.46519130    3.45523585    c      6.000     0
          2.30783896    0.42175528    6.08813778    c      6.000     0
          0.03307789    0.29183866    7.40872067    c      6.000     0
         -2.24838635    0.20481689    6.09667869    c      6.000     0
         -2.25561624    0.24835256    3.46337140    c      6.000     0
          4.06678791    0.55714614    2.42983815    h      1.000     0
          4.07870707    0.48222857    7.10647302    h      1.000     0
          0.03868116    0.25185810    9.45197139    h      1.000     0
         -4.01326243    0.09567522    7.12116408    h      1.000     0
         -4.02539051    0.17176080    2.44437658    h      1.000     0
         -0.07118067   -6.22678634    3.35093796    br     0.000     0
          0.17180336   -9.86932596    3.53184484    c      0.000     0
          0.04199013  -10.61780554    1.63124050    h      0.000     0
          1.97359391  -10.35070488    4.37521977    h      0.000     0
         -1.37165089  -10.55903652    4.68572358    h      0.000     0
 
       center of nuclear mass  :   -0.00529457   -3.59280146    4.01032903
       center of nuclear charge:    0.02638255    0.33400871    4.77569612

              +--------------------------------------------------+
              |               basis set information              |
              +--------------------------------------------------+

              we will work with the 1s 3p 5d 7f 9g ... basis set
              ...i.e. with spherical basis functions...

   type   atoms  prim   cont   basis
   ---------------------------------------------------------------------------
    h        9     16     14   cc-pVTZ   [3s2p1d|5s2p1d]
    c        7     50     30   cc-pVTZ   [4s3p2d1f|18s5p2d1f]
    br       1    129     39   cc-pVTZ-PP   [5s4p3d1f|17s20p9d1f]
   ---------------------------------------------------------------------------
   total:   17    623    375
   ---------------------------------------------------------------------------

   total number of primitive shells          :   81
   total number of contracted shells         :  137
   total number of cartesian basis functions :  425
   total number of SCF-basis functions       :  375

 number of unique ecp types :                     1

 integral neglect threshold       :  0.78E-11
 integral storage threshold THIZE :  0.10E-04
 integral storage threshold THIME :         5

 RI-J AUXILIARY BASIS SET information:

              we will work with the 1s 3p 5d 7f 9g ... basis set
              ...i.e. with spherical basis functions...

   type   atoms  prim   cont   basis
   ---------------------------------------------------------------------------
    h        9     16     11   cc-pVTZ   [3s1p1d|5s2p1d]
    c        7     70     49   cc-pVTZ   [6s4p3d1f1g|12s5p4d2f1g]
    br       1     89     58   universal   [8s4p3d2f1g|19s5p5d3f1g]
   ---------------------------------------------------------------------------
   total:   17    723    500
   ---------------------------------------------------------------------------

   total number of primitive shells          :   65
   total number of contracted shells         :  168
   total number of cartesian basis functions :  608
   total number of SCF-basis functions       :  500


 symmetry group of the molecule :   c1 

 the group has the following generators :
   c1(z)

    1 symmetry operations found

 there are 1 real representations :   a   

 maximum number of shells which are related by symmetry :  1

  
           ------------------
           density functional
           ------------------
 Dummy atoms with grid-point found.
 DFT quadrature threshold dgrenze tightened by factor 1/10.

 PBE functional
 exchange:    LDA + PBE
 correlation: LDA (PW) + PBE
 Dummy atoms with grid-point found.
 DFT quadrature threshold dgrenze tightened by factor 1/10.

 Dummy atoms with grid-point found.
 DFT quadrature threshold dgrenze tightened by factor 1/10.


 spherical integration : Lebedev's spherical grid
 spherical gridsize    :                     5
    i.e. gridpoints    :                   590
 value for diffuse not defined
 radial integration    : Chebyshev 2nd kind (scaling 3)
 radial gridsize       :                     8
 integration cells     :                    17
 partition function    : becke
 partition sharpness   :                     3
  
 found dummy atom(s) with basis: included in dft

 biggest AO integral is expected to be     3.593180334

          ------------------------
          nuclear repulsion energy  :   203.709217419    
          ------------------------


         -----------------
         -S,T+V- integrals
         -----------------

 1e-integrals will be neglected if expon. factor < 0.786344E-12


          ----------------
          -ecp-  integrals
          ----------------
 
   Difference densities algorithm switched on.
   The maximal number of linear combinations of
   difference densities is                    20 .

 DIIS switched on: error vector is FDS-SDF
 Max. Iterations for DIIS is     :   4
 DIIS matrix (see manual) 
    Scaling factor of diagonals  :  1.200
    threshold for scaling factor :  0.000

 scf convergence criterion : increment of total energy < .1000000D-06
                  and increment of one-electron energy < .1000000D-03

 MOs are in ASCII format !


    mo occupation :
   irrep   mo's   occupied
    a      375       21
 
 number of basis functions   :   375
 number of occupied orbitals :    21
 

 reading orbital data $scfmo  from file mos
 orbital characterization : expanded
 virtual MOs provided and orthogonalized by Cholesky decomposition

 automatic virtual orbital shift switched on 
      shift if e(lumo)-e(homo) < 0.10000000    

  
           ------------------------
               RI-J - INFORMATION
           ------------------------
 Contributions to RI integral batches: 
  neglected integral batches:                  1839
  direct contribution:                            0
  memory contribution:                  7614
 Memory core needed for (P|Q) and Cholesky      2 MByte
 Memory core minimum needed except of (P|Q)     1 MByte
 Total minimum memory core needed (sum)         3 MByte
  
 ****************************************
 Memory allocated for RI-J   332 MByte
 ****************************************
                                            

 DSCF restart information will be dumped onto file mos


 Starting SCF iterations

          Overall gridpoints after grid construction =        270960

 ITERATION  ENERGY          1e-ENERGY        2e-ENERGY     RMS[dD(SAO)]   TOL
   1  -231.26609197691    -704.59133225     269.61602286    0.000D+00 0.784D-11
                            Exc = -33.4925408741     Coul =  303.108563731    
                              N = 42.000000057    
                            current damping = 0.300
 
          max. resid. norm for Fia-block=  2.642D-01 for orbital     12a         
          max. resid. fock norm         =  1.254D+01 for orbital    338a         

 ITERATION  ENERGY          1e-ENERGY        2e-ENERGY     RMS[dD(SAO)]   TOL
   2  -231.95344427396    -715.79380662     280.13114493    0.346D-02 0.510D-11
                            Exc = -34.4983481085     Coul =  314.629493038    
                              N = 42.000000652    
                            current damping = 0.250
 
          Norm of current diis error:  1.1790    
          max. resid. norm for Fia-block=  6.623D-02 for orbital      4a         
          max. resid. fock norm         =  1.595D-01 for orbital     64a         

 ITERATION  ENERGY          1e-ENERGY        2e-ENERGY     RMS[dD(SAO)]   TOL
   3  -231.99997473447    -713.12757360     277.41838144    0.127D-02 0.420D-11
                            Exc = -34.3709309284     Coul =  311.789312372    
                              N = 42.000000669    
                            current damping = 0.200
 
          Norm of current diis error: 0.66363    
          max. resid. norm for Fia-block=  2.547D-02 for orbital     12a         
          max. resid. fock norm         =  3.260D-02 for orbital     12a         

 ITERATION  ENERGY          1e-ENERGY        2e-ENERGY     RMS[dD(SAO)]   TOL
   4  -232.01442374108    -714.88766681     279.16402565    0.464D-03 0.390D-11
                            Exc = -34.4778528150     Coul =  313.641878466    
                              N = 42.000000777    
                            current damping = 0.250
 
          Norm of current diis error: 0.93095E-01
          max. resid. norm for Fia-block=  4.093D-03 for orbital     12a         
          max. resid. fock norm         =  6.766D-03 for orbital     82a         

 ITERATION  ENERGY          1e-ENERGY        2e-ENERGY     RMS[dD(SAO)]   TOL
   5  -232.01471440282    -714.86113543     279.13720361    0.809D-04 0.366D-11
                            Exc = -34.4859076369     Coul =  313.623111246    
                              N = 42.000000777    
                            current damping = 0.300
 
          Norm of current diis error: 0.16503E-01
          max. resid. norm for Fia-block=  8.582D-04 for orbital      7a         
          max. resid. fock norm         =  1.486D-03 for orbital    213a         
          mo-orthogonalization: Cholesky decomposition

 ITERATION  ENERGY          1e-ENERGY        2e-ENERGY     RMS[dD(SAO)]   TOL
   6  -232.01472498042    -714.82086263     279.09692023    0.161D-04 0.349D-11
                            Exc = -34.4829328658     Coul =  313.579853099    
                              N = 42.000000779    
                            current damping = 0.150
 
          Norm of current diis error: 0.37953E-02
          max. resid. norm for Fia-block=  1.724D-04 for orbital     12a         
          max. resid. fock norm         =  3.478D-04 for orbital      3a         

 ITERATION  ENERGY          1e-ENERGY        2e-ENERGY     RMS[dD(SAO)]   TOL
   7  -232.01472496899    -714.82947859     279.10553620    0.557D-05 0.337D-11
                            Exc = -34.4835839863     Coul =  313.589120186    
                              N = 42.000000779    
                            current damping = 0.200
 
          Norm of current diis error: 0.39163E-02
          max. resid. norm for Fia-block=  1.341D-04 for orbital     21a         
          max. resid. fock norm         =  2.536D-04 for orbital      4a         

 ITERATION  ENERGY          1e-ENERGY        2e-ENERGY     RMS[dD(SAO)]   TOL
   8  -232.01472545748    -714.83405291     279.11011003    0.362D-05 0.336D-11
                            Exc = -34.4839024967     Coul =  313.594012528    
                              N = 42.000000780    
                            current damping = 0.100
 
          Norm of current diis error: 0.19836E-02
          max. resid. norm for Fia-block=  5.079D-05 for orbital     21a         
          max. resid. fock norm         =  7.729D-05 for orbital     78a         

 ITERATION  ENERGY          1e-ENERGY        2e-ENERGY     RMS[dD(SAO)]   TOL
   9  -232.01472560654    -714.82874080     279.10479778    0.144D-05 0.330D-11
                            Exc = -34.4835424030     Coul =  313.588340180    
                              N = 42.000000779    
                            current damping = 0.150
 
          Norm of current diis error: 0.27457E-03
          max. resid. norm for Fia-block=  9.454D-06 for orbital     16a         
          max. resid. fock norm         =  1.363D-05 for orbital     12a         

 ITERATION  ENERGY          1e-ENERGY        2e-ENERGY     RMS[dD(SAO)]   TOL
  10  -232.01472560863    -714.82904703     279.10510400    0.179D-06 0.321D-11
                            Exc = -34.4835440497     Coul =  313.588648052    
                              N = 42.000000779    
                            current damping = 0.200
 
          Norm of current diis error: 0.73050E-04
          max. resid. norm for Fia-block=  2.953D-06 for orbital     20a         
          max. resid. fock norm         =  4.322D-06 for orbital      6a         
          mo-orthogonalization: Cholesky decomposition

 ENERGY & DENSITY CONVERGED !


 ITERATION  ENERGY          1e-ENERGY        2e-ENERGY     RMS[dD(SAO)]   TOL
  11  -232.01472560879    -714.82919044     279.10524742    0.623D-07 0.320D-11
                            Exc = -34.4835599998     Coul =  313.588807416    
                              N = 42.000000779    
                            current damping = 0.100
 
          Norm of current diis error: 0.34323E-04
          max. resid. norm for Fia-block=  1.258D-06 for orbital     14a         
          max. resid. fock norm         =  2.802D-06 for orbital      6a         

 End of SCF iterations

   convergence criteria satisfied after    11 iterations


                  ------------------------------------------ 
                 |  total energy      =   -232.01472560879  |
                  ------------------------------------------ 
                 :  kinetic energy    =    230.54036697201  :
                 :  potential energy  =   -462.55509258080  :
                 :  virial theorem    =      1.99364540922  :
                 :  wavefunction norm =      1.00000000000  :
                  .......................................... 


 orbitals $scfmo  will be written to file mos

    irrep                 17a         18a         19a         20a         21a   
 eigenvalues H         -0.33145    -0.30040    -0.30037    -0.23057    -0.23053
            eV          -9.0193     -8.1744     -8.1736     -6.2741     -6.2731
 occupation              2.0000      2.0000      2.0000      2.0000      2.0000

    irrep                 22a         23a         24a         25a         26a   
 eigenvalues H         -0.04031    -0.04027     0.02146     0.05478     0.05523
            eV          -1.0969     -1.0958      0.5840      1.4906      1.5029
 
 
 
 
 ==============================================================================
                           electrostatic moments
 ==============================================================================

 reference point for electrostatic moments:    0.00000   0.00000   0.00000

 
              nuc           elec       ->  total
 ------------------------------------------------------------------------------
                          charge      
 ------------------------------------------------------------------------------
          42.000000     -42.000000      -0.000000
 
 ------------------------------------------------------------------------------
                       dipole moment  
 ------------------------------------------------------------------------------
   x       1.108067      -1.107556       0.000511
   y      14.028366     -14.026189       0.002177
   z     200.579237    -200.577244       0.001993
 
   | dipole moment | =     0.0030 a.u. =     0.0076 debye 
 
 ------------------------------------------------------------------------------
                     quadrupole moment
 ------------------------------------------------------------------------------
  xx     190.090442    -213.893202     -23.802760
  yy       5.168605     -34.452420     -29.283815
  zz    1148.323597   -1172.100337     -23.776740
  xy       9.415052      -9.155855       0.259198
  xz       5.434631      -5.428698       0.005933
  yz      63.848218     -63.937476      -0.089258
 
     1/3  trace=     -25.621105
     anisotropy=       5.514600
 
 ==============================================================================
 
HOMO-LUMO Separation
 HOMO         :   -0.23053094 H =     -6.27307 eV
 LUMO         :   -0.04030926 H =     -1.09687 eV
 HOMO-LUMO gap:    0.19022168 H =     +5.17620 eV
 
 ==============================================================================


    ------------------------------------------------------------------------
         total  cpu-time :  3 minutes and 17 seconds
         total wall-time :  13.49 seconds
    ------------------------------------------------------------------------

   ****  ridft : all done  ****


    2020-08-04 20:35:58.903 

