
 ridft (riogrande) : TURBOMOLE rev. V7.4.1 (b987a8a8) compiled 15 Oct 2019 at 12:03:25
 Copyright (C) 2019 TURBOMOLE GmbH, Karlsruhe


    2020-07-20 18:19:54.679 



                                  r i d f t

                        DFT program with RI approximation 
                                for coulomb part 




                                                 
                                 References:     
                                                 
          TURBOMOLE:                             
              R. Ahlrichs, M. Baer, M. Haeser, H. Horn, and
              C. Koelmel
              Electronic structure calculations on workstation
              computers: the program system TURBOMOLE
              Chem. Phys. Lett. 162: 165 (1989)
          Density Functional:                              
              O. Treutler and R. Ahlrichs                      
              Efficient Molecular Numerical Integration Schemes
              J. Chem. Phys. 102: 346 (1995)                   
          Parallel Version:                                
              Performance of parallel TURBOMOLE for Density    
              Functional Calculations                          
              M. v. Arnim and R. Ahlrichs                      
              J. Comp. Chem. 19: 1746 (1998)                   
          RI-J Method:                                     
              Auxiliary Basis Sets to approximate Coulomb      
              Potentials                                       
              Chem. Phys. Lett. 240: 283 (1995)                
              K. Eichkorn, O. Treutler, H. Oehm, M. Haeser     
              and R. Ahlrichs                                  
              Chem. Phys. Lett. 242: 652 (1995)                
                                                           
              Auxiliary Basis Sets for Main Row Atoms and their
              Use to approximate Coulomb Potentials            
              K. Eichkorn, F. Weigend, O. Treutler and         
              R. Ahlrichs                                      
              Theo. Chem. Acc. 97: 119 (1997)                   
                                                           
              Accurate Coulomb-fitting basis sets for H to Rn 
              F. Weigend                                        
              Phys. Chem. Chem. Phys. 8: 1057 (2006)            
                                                           
          Multipole accelerated RI-J (MARI-J):             
              Fast evaluation of the Coulomb potential for     
              electron densities using multipole accelerated   
              resolution of identity approximation             
              M. Sierka, A. Hogekamp and R. Ahlrichs           
              J. Chem. Phys. 118: 9136 (2003)                  
          RI-JK Method:                                     
              A fully direct RI-HF algorithm: Implementation,
              optimised auxiliary basis sets, demonstration of
              accuracy and efficiency                         
              F. Weigend                                      
              Phys. Chem. Chem. Phys. 4: 4285 (2002)           
          Two-component HF and DFT with spin-orbit coupling:  
              Self-consistent treatment of spin-orbit         
              interactions with efficient Hartree-Fock and    
              density functional methods                      
              M. K. Armbruster, F. Weigend, C. van Wüllen and 
              W. Klopper                                      
              Phys. Chem. Chem. Phys. 10: 1748 (2008)         
          Two-component difference density and DIIS algorithm 
              Efficient two-component self-consistent field   
              procedures and gradients: implementation in     
              TURBOMOLE and application to Au20-              
              A. Baldes, F. Weigend                           
              Mol. Phys. 111: 2617 (2013)                     
          Relativistic all-electron 2c calculations           
              An efficient implementation of two-component    
              relativistic exact-decoupling methods for large 
              molecules                                       
              D. Peng, N. Middendorf, F. Weigend, M. Reiher   
              J. Chem. Phys. 138: 184105 (2013)               
          Finite nucleus model and SNSO approximation         
              Efficient implementation of one- and two-       
              component analytical energy gradients in exact  
              two-component theory                            
              Y. J. Franzke, N. Middendorf, F. Weigend        
              J. Chem. Phys. 148: 104110 (2018)               
                                         




              +--------------------------------------------------+
              |      general information about current run       |
              +--------------------------------------------------+

 

 DENSITY CONVERGENCE CHECK SWITCHED ON !
 SCF CONVERGENCE IF RMS(delta[D]) <     0.1000000000E-06

 PBE functional
 exchange:    LDA + PBE
 correlation: LDA (PW) + PBE
 A DFT calculation using the RI-J approximation will be carried out.
 Allocatable memory for RI due to $ricore (MB):                   500


              +--------------------------------------------------+
              | Atomic coordinate, charge and isotop information |
              +--------------------------------------------------+

                    atomic coordinates            atom    charge  isotop
          9.08817343    1.58175870    2.20996205    o      8.000     0
         10.50034028    0.44433106    0.80876398    c      6.000     0
         12.56305893    0.56003370    1.01420267    h      1.000     0
          9.78322879   -0.75397152   -0.73041289    h      1.000     0
 
       center of nuclear mass  :    9.79304847    1.01405904    1.51060960
       center of nuclear charge:    9.87835730    0.94538238    1.42600438

              +--------------------------------------------------+
              |               basis set information              |
              +--------------------------------------------------+

              we will work with the 1s 3p 5d 7f 9g ... basis set
              ...i.e. with spherical basis functions...

   type   atoms  prim   cont   basis
   ---------------------------------------------------------------------------
    o        1     77     57   def2-QZVP   [7s4p3d2f1g|15s8p3d2f1g]
    c        1     77     57   def2-QZVP   [7s4p3d2f1g|15s8p3d2f1g]
    h        2     33     30   def2-QZVP   [4s3p2d1f|7s3p2d1f]
   ---------------------------------------------------------------------------
   total:    4    220    174
   ---------------------------------------------------------------------------

   total number of primitive shells          :   71
   total number of contracted shells         :   54
   total number of cartesian basis functions :  214
   total number of SCF-basis functions       :  174


 integral neglect threshold       :  0.16E-10
 integral storage threshold THIZE :  0.10E-04
 integral storage threshold THIME :         5

 RI-J AUXILIARY BASIS SET information:

              we will work with the 1s 3p 5d 7f 9g ... basis set
              ...i.e. with spherical basis functions...

   type   atoms  prim   cont   basis
   ---------------------------------------------------------------------------
    o        1     70     49   def2-QZVP   [6s4p3d1f1g|12s5p4d2f1g]
    c        1     70     49   def2-QZVP   [6s4p3d1f1g|12s5p4d2f1g]
    h        2     16     11   def2-QZVP   [3s1p1d|5s2p1d]
   ---------------------------------------------------------------------------
   total:    4    172    120
   ---------------------------------------------------------------------------

   total number of primitive shells          :   56
   total number of contracted shells         :   40
   total number of cartesian basis functions :  146
   total number of SCF-basis functions       :  120


 symmetry group of the molecule :   c1 

 the group has the following generators :
   c1(z)

    1 symmetry operations found

 there are 1 real representations :   a   

 maximum number of shells which are related by symmetry :  1


    mo occupation :
   irrep   mo's   occupied
    a      174        8
 
 number of basis functions   :                    174
 number of occupied orbitals :                      8
 
  
           ------------------
           density functional
           ------------------
 PBE functional
 exchange:    LDA + PBE
 correlation: LDA (PW) + PBE

 spherical integration : Lebedev's spherical grid
 spherical gridsize    :                     5
    i.e. gridpoints    :                   590
 value for diffuse not defined
 radial integration    : Chebyshev 2nd kind (scaling 3)
 radial gridsize       :                     8
 integration cells     :                     4
 partition function    : becke
 partition sharpness   :                     3
  

 biggest AO integral is expected to be     6.990327543
  
           ------------------------
               RI-J - INFORMATION
           ------------------------
 Contributions to RI integral batches: 
  neglected integral batches:                    20
  direct contribution:                            0
  memory contribution:                  1465
 Memory core needed for (P|Q) and Cholesky      1 MByte
 Memory core minimum needed except of (P|Q)     1 MByte
 Total minimum memory core needed (sum)         1 MByte
  
 ****************************************
 Memory allocated for RI-J    26 MByte
 ****************************************
                                            

          ------------------------
          nuclear repulsion energy  :   31.1983314531    
          ------------------------


         -----------------
         -S,T+V- integrals
         -----------------

 1e-integrals will be neglected if expon. factor < 0.156166E-11
 
   Difference densities algorithm switched on.
   The maximal number of linear combinations of
   difference densities is                    20 .

 DIIS switched on: error vector is FDS-SDF
 Max. Iterations for DIIS is     :   4
 DIIS matrix (see manual) 
    Scaling factor of diagonals  :  1.200
    threshold for scaling factor :  0.000

 scf convergence criterion : increment of total energy < .1000000D-06
                  and increment of one-electron energy < .1000000D-03

  MOs are in ASCII format !


 automatic virtual orbital shift switched on 
      shift if e(lumo)-e(homo) < 0.10000000    


 reading orbital data $scfmo  from file mos
 orbital characterization : expanded
 mo provided and orthogonalized by Cholesky decomposition

 DSCF restart information will be dumped onto file mos


 Starting SCF iterations

          Overall gridpoints after grid construction =         65135

 ITERATION  ENERGY          1e-ENERGY        2e-ENERGY     RMS[dD(SAO)]   TOL
   1  -113.78958995448    -216.24589953     71.257978121    0.000D+00 0.156D-10
                            Exc = -14.5207683810     Coul =  85.7787465024    
                              N = 15.999999875    
                            current damping = 0.300
 
          max. resid. norm for Fia-block=  8.296D-01 for orbital      3a         
          max. resid. fock norm         =  9.960D+01 for orbital    160a         

 ITERATION  ENERGY          1e-ENERGY        2e-ENERGY     RMS[dD(SAO)]   TOL
   2  -114.28377626461    -216.40134330     70.919235579    0.742D-02 0.112D-10
                            Exc = -14.4226575892     Coul =  85.3418931686    
                              N = 15.999999914    
                            current damping = 0.250
 
          Norm of current diis error:  2.4481    
          max. resid. norm for Fia-block=  1.534D-01 for orbital      3a         
          max. resid. fock norm         =  3.508D-01 for orbital     94a         

 ITERATION  ENERGY          1e-ENERGY        2e-ENERGY     RMS[dD(SAO)]   TOL
   3  -114.40712926839    -218.21391244     72.608451715    0.360D-02 0.959D-11
                            Exc = -14.6802887480     Coul =  87.2887404629    
                              N = 15.999999898    
                            current damping = 0.200
 
          Norm of current diis error: 0.82398    
          max. resid. norm for Fia-block=  5.395D-02 for orbital      8a         
          max. resid. fock norm         =  5.658D-02 for orbital     20a         

 ITERATION  ENERGY          1e-ENERGY        2e-ENERGY     RMS[dD(SAO)]   TOL
   4  -114.41764362916    -216.58410001     70.968124930    0.259D-02 0.793D-11
                            Exc = -14.4762001761     Coul =  85.4443251060    
                              N = 15.999999836    
                            current damping = 0.250
 
          Norm of current diis error: 0.58415    
          max. resid. norm for Fia-block=  1.901D-02 for orbital      8a         
          max. resid. fock norm         =  2.683D-02 for orbital    140a         

 ITERATION  ENERGY          1e-ENERGY        2e-ENERGY     RMS[dD(SAO)]   TOL
   5  -114.42725569321    -217.31706054     71.691473396    0.697D-03 0.762D-11
                            Exc = -14.5613303173     Coul =  86.2528037131    
                              N = 15.999999858    
                            current damping = 0.300
 
          Norm of current diis error: 0.51991E-01
          max. resid. norm for Fia-block=  2.449D-03 for orbital      5a         
          max. resid. fock norm         =  3.161D-03 for orbital    118a         
          mo-orthogonalization: Cholesky decomposition

 ITERATION  ENERGY          1e-ENERGY        2e-ENERGY     RMS[dD(SAO)]   TOL
   6  -114.42731759559    -217.30097799     71.675328946    0.108D-03 0.722D-11
                            Exc = -14.5608475254     Coul =  86.2361764709    
                              N = 15.999999854    
                            current damping = 0.350
 
          Norm of current diis error: 0.10131E-01
          max. resid. norm for Fia-block=  5.785D-04 for orbital      6a         
          max. resid. fock norm         =  6.217D-04 for orbital     95a         

 ITERATION  ENERGY          1e-ENERGY        2e-ENERGY     RMS[dD(SAO)]   TOL
   7  -114.42732085429    -217.31784810     71.692195795    0.140D-04 0.692D-11
                            Exc = -14.5629195599     Coul =  86.2551153547    
                              N = 15.999999855    
                            current damping = 0.400
 
          Norm of current diis error: 0.23279E-02
          max. resid. norm for Fia-block=  1.120D-04 for orbital      7a         
          max. resid. fock norm         =  1.966D-04 for orbital     89a         

 ITERATION  ENERGY          1e-ENERGY        2e-ENERGY     RMS[dD(SAO)]   TOL
   8  -114.42732098709    -217.31821607     71.692563633    0.505D-05 0.671D-11
                            Exc = -14.5629664345     Coul =  86.2555300679    
                              N = 15.999999854    
                            current damping = 0.250
 
          Norm of current diis error: 0.42609E-03
          max. resid. norm for Fia-block=  2.338D-05 for orbital      7a         
          max. resid. fock norm         =  2.563D-05 for orbital      6a         

 ITERATION  ENERGY          1e-ENERGY        2e-ENERGY     RMS[dD(SAO)]   TOL
   9  -114.42732099234    -217.31777009     71.692117645    0.214D-05 0.646D-11
                            Exc = -14.5629071756     Coul =  86.2550248210    
                              N = 15.999999854    
                            current damping = 0.300
 
          Norm of current diis error: 0.20919E-03
          max. resid. norm for Fia-block=  7.289D-06 for orbital      7a         
          max. resid. fock norm         =  9.814D-06 for orbital    170a         

 ENERGY & DENSITY CONVERGED !


 ITERATION  ENERGY          1e-ENERGY        2e-ENERGY     RMS[dD(SAO)]   TOL
  10  -114.42732099349    -217.31788567     71.692233223    0.312D-06 0.629D-11
                            Exc = -14.5629239149     Coul =  86.2551571375    
                              N = 15.999999854    
                            current damping = 0.350
 
          Norm of current diis error: 0.22409E-04
          max. resid. norm for Fia-block=  1.386D-06 for orbital      8a         
          max. resid. fock norm         =  2.303D-06 for orbital    157a         

 End of SCF iterations

   convergence criteria satisfied after    10 iterations


                  ------------------------------------------ 
                 |  total energy      =   -114.42732099349  |
                  ------------------------------------------ 
                 :  kinetic energy    =    114.00969196464  :
                 :  potential energy  =   -228.43701295813  :
                 :  virial theorem    =      1.99635026823  :
                 :  wavefunction norm =      1.00000000000  :
                  .......................................... 


 <geterg> : there is no data group $energy 


 <skperg> : $end is missing 


 orbitals $scfmo  will be written to file mos

    irrep                  4a          5a          6a          7a          8a   
 eigenvalues H         -0.58085    -0.44842    -0.40237    -0.36840    -0.22940
            eV         -15.8059    -12.2022    -10.9492    -10.0247     -6.2424
 occupation              2.0000      2.0000      2.0000      2.0000      2.0000

    irrep                  9a         10a         11a         12a         13a   
 eigenvalues H         -0.09937     0.01208     0.06482     0.06883     0.11085
            eV          -2.7040      0.3288      1.7637      1.8731      3.0164
 
 
 
 
 ==============================================================================
                           electrostatic moments
 ==============================================================================

 reference point for electrostatic moments:    0.00000   0.00000   0.00000

 
              nuc           elec       ->  total
 ------------------------------------------------------------------------------
                          charge      
 ------------------------------------------------------------------------------
          16.000000     -16.000000       0.000000
 
 ------------------------------------------------------------------------------
                       dipole moment  
 ------------------------------------------------------------------------------
   x     158.053717    -157.507089       0.546628
   y      15.126118     -15.566007      -0.439889
   z      22.816070     -23.357967      -0.541897
 
   | dipole moment | =     0.8865 a.u. =     2.2534 debye 
 
 ------------------------------------------------------------------------------
                     quadrupole moment
 ------------------------------------------------------------------------------
  xx    1575.844062   -1573.962730       1.881332
  yy      22.082376     -31.766377      -9.684001
  zz      44.558163     -55.017254     -10.459090
  xy     142.655604    -146.335973      -3.680369
  xz     217.225621    -221.616583      -4.390962
  yz      31.239866     -32.525557      -1.285692
 
     1/3  trace=      -6.087253
     anisotropy=      15.708528
 
 ==============================================================================
 
HOMO-LUMO Separation
 HOMO         :   -0.22940114 H =     -6.24233 eV
 LUMO         :   -0.09936895 H =     -2.70397 eV
 HOMO-LUMO gap:    0.13003219 H =     +3.53836 eV
 
 ==============================================================================


    ------------------------------------------------------------------------
         total  cpu-time :   7.95 seconds
         total wall-time :   7.95 seconds
    ------------------------------------------------------------------------

   ****  ridft : all done  ****


    2020-07-20 18:20:02.614 

