
 rirpa (riogrande) : TURBOMOLE rev. V7.4.1 (b987a8a8) compiled 15 Oct 2019 at 12:03:25
 Copyright (C) 2019 TURBOMOLE GmbH, Karlsruhe


    2020-07-20 18:20:02.624 

 
 
    *************************************************************************
    *************************** PROGRAM RIRPA *******************************
    ******                                                             ******
    ******              H. Eshuis, J. E. Bates and F. Furche           ******
    ******                                                             ******
    ****** Nov 2011                                                    ******
    ****** Copyright TURBOMOLE GmbH                                    ******
    *************************************************************************
    
    
                                References:                                  
    
                   RIRPA:                                                    
                     H. Eshuis, J. Yarkony, and F. Furche                    
                     Fast Computation of Molecular Random Phase              
                     Approximation Correlation Energies Using Resolution     
                     of the Identity and Imaginary Frequency Integration     
                     J. Chem. Phys. 132: 234114 (2010)                       
    
                     H. Eshuis, J. E. Bates, and F. Furche                   
                     Electron Correlation Methods Based on                   
                     the Random Phase Approximation                          
                     Theor. Chem. Acc.  131: 1084 (2012)                     
    
                     G. P. Chen, V. K. Voora, M. M. Agee,                    
                     S. G. Balasubramani, and F. Furche                      
                     Random-Phase Approximation Methods                      
                     Annu. Rev. Phys. Chem. 68: 421 (2017)                   
    
                   TWO-COMPONENT RIRPA:                                      
                     M. Kuehn                                                
                     Correlation Energies from the                           
                     Two-Component Random-Phase Approximation                
                     J. Chem. Theory Comput. 10: 623 (2014)                  
    
                   RIRPA GRADIENTS:                                          
                     A. M. Burow, J. E. Bates, F. Furche*, and H. Eshuis     
                     Analytical First-Order Molecular Properties and Forces  
                     within the Adiabatic Connection Random Phase            
                     Approximation                                           
                     J. Chem. Theory Comput. 10: 180 (2014)                  
    
                   RI-AXK/RI-ACSOSEX/RI-ACSOX:                               
                     G. P. Chen, M. M. Agee, and F. Furche                   
                     Performance and Scope of Perturbative Corrections to    
                     Random-Phase Approximation Energies                     
                     J. Chem. Theory Comput. 14: 5701 (2018)                 
    
                   GKS-RPA:                                                  
                     V. K. Voora, S. G. Balasubramani, and F. Furche         
                     Variational Generalized Kohn-Sham Approach Combining    
                     the Random-Phase-Approximation and Green’s-Function     
                     Methods                                                 
                     Phys. Rev. A (accepted)                                 
    
    
    

   *-----------------------------------------------------------------------*
   |                     program will use  1 thread(s)                     |
   *-----------------------------------------------------------------------*

 MAXIMUM CORE MEMORY WHICH CAN BE ALLOCATED DYNAMICALLY = 500 MiB
              ( or 65536000 double words per process)

 
                FOUND RI-J FLAG
 
  HF exact exchange energy will be computed using RI-J.


              +--------------------------------------------------+
              | Atomic coordinate, charge and isotop information |
              +--------------------------------------------------+

                    atomic coordinates            atom    charge  isotop
          9.08817343    1.58175870    2.20996205    o      8.000     0
         10.50034028    0.44433106    0.80876398    c      6.000     0
         12.56305893    0.56003370    1.01420267    h      1.000     0
          9.78322879   -0.75397152   -0.73041289    h      1.000     0
 
       center of nuclear mass  :    9.79304847    1.01405904    1.51060960
       center of nuclear charge:    9.87835730    0.94538238    1.42600438
              +-------------------------------------------------+
              |        Rotational Constants Section             |
              +-------------------------------------------------+
                                   Center of Mass [a.u]:
               9.79304846532542         1.01405904063988         1.51060959646841
                     Principal Moments of Inertia [a.u.]
               6.29865936915404        46.85955041004036        53.15820977482394
                       Rotational constants A,B,C [a.u.]
               0.07938197173332         0.01067018346580         0.00940588485049
                     Rotational constants A,B,C [cm**-1]
               9.55753962363213         1.28468339900147         1.13246263844202
                        Rotational constants A,B,C [MHz]
          286527.82962010696065     38513.83939384460973     33950.37579716983601

   * BASIS SET information:

              +--------------------------------------------------+
              |               basis set information              |
              +--------------------------------------------------+

              we will work with the 1s 3p 5d 7f 9g ... basis set
              ...i.e. with spherical basis functions...

   type   atoms  prim   cont   basis
   ---------------------------------------------------------------------------
    o        1     77     57   def2-QZVP   [7s4p3d2f1g|15s8p3d2f1g]
    c        1     77     57   def2-QZVP   [7s4p3d2f1g|15s8p3d2f1g]
    h        2     33     30   def2-QZVP   [4s3p2d1f|7s3p2d1f]
   ---------------------------------------------------------------------------
   total:    4    220    174
   ---------------------------------------------------------------------------

   total number of primitive shells          :   71
   total number of contracted shells         :   54
   total number of cartesian basis functions :  214
   total number of SCF-basis functions       :  174


   * AUXILIARY BASIS SET information:

              +--------------------------------------------------+
              |               basis set information              |
              +--------------------------------------------------+

              we will work with the 1s 3p 5d 7f 9g ... basis set
              ...i.e. with spherical basis functions...

   type   atoms  prim   cont   basis
   ---------------------------------------------------------------------------
    o        1    141    141   def2-QZVP   [9s8p7d5f3g1h|9s8p7d5f3g1h]
    c        1    141    141   def2-QZVP   [9s8p7d5f3g1h|9s8p7d5f3g1h]
    h        2     56     56   def2-QZVP   [6s4p3d2f1g|6s4p3d2f1g]
   ---------------------------------------------------------------------------
   total:    4    394    394
   ---------------------------------------------------------------------------

   total number of primitive shells          :   82
   total number of contracted shells         :   98
   total number of cartesian basis functions :  524
   total number of SCF-basis functions       :  394


   * RIJ AUXILIARY BASIS SET information:

              +--------------------------------------------------+
              |               basis set information              |
              +--------------------------------------------------+

              we will work with the 1s 3p 5d 7f 9g ... basis set
              ...i.e. with spherical basis functions...

   type   atoms  prim   cont   basis
   ---------------------------------------------------------------------------
    o        1     70     49   def2-QZVP   [6s4p3d1f1g|12s5p4d2f1g]
    c        1     70     49   def2-QZVP   [6s4p3d1f1g|12s5p4d2f1g]
    h        2     16     11   def2-QZVP   [3s1p1d|5s2p1d]
   ---------------------------------------------------------------------------
   total:    4    172    120
   ---------------------------------------------------------------------------

   total number of primitive shells          :   56
   total number of contracted shells         :   40
   total number of cartesian basis functions :  146
   total number of SCF-basis functions       :  120


 reading orbital data $scfmo  from file mos
 orbital characterization : scfconv=7

 integral neglect threshold       :  0.26E+02

 scfconv                     7

 there are 1 real representations :   a   

 maximum number of shells which are related by symmetry :  1

 entered riccmos at 2020-07-20 18:20:02.664
  MOs are in ASCII format !


 reading orbital data $scfmo  from file mos
 orbital characterization : scfconv=7
 time elapsed for calculating density matrices :   0.001 sec



              +--------------------------------------------+
              | list of orbitals that will be kept frozen: |
              +--------------------------------------------+
              |   irrep   index      energy     occ/vir    |
              +--------------------------------------------+
              |   a         1      -18.7741     occupied   |
              |   a         2       -9.9827     occupied   |
              +--------------------------------------------+



   Molecular Orbital Statistic:
   ============================

   -----------------------------
   orbitals in total:
   -----------------------------
    frozen occupied :      2
    active occupied :      6
    active virtual  :    166
    frozen virtual  :      0
    all together    :    174
   -----------------------------


     time in riccmoinp     cpu:  0.02 sec    wall:  0.02 sec    ratio:  1.0
     time in scfdens       cpu:  0.00 sec    wall:  0.00 sec    ratio:  0.7
     time in mkiao         cpu:  0.00 sec    wall:  0.00 sec    ratio:  0.0
     time in ricclmos      cpu:  0.00 sec    wall:  0.00 sec    ratio:  0.0
     time in riccmos       cpu:  0.02 sec    wall:  0.02 sec    ratio:  1.0
 leave riccmos at 2020-07-20 18:20:02.689

     total memory allocated for calculation of (Q|P)**(-1/2) : 2 MiB


     calculation of (P|Q) ...
     time in lp2sym        cpu:  0.01 sec    wall:  0.01 sec    ratio:  0.9


     calculation of the Cholesky decomposition of (P|Q)**(-1) ...
     time in invmetri      cpu:  0.01 sec    wall:  0.01 sec    ratio:  1.0

   threshold for RMS(d[D]) in SCF was     :  0.10E-06
   integral neglect threshold             :  0.64E-11
   derivative integral neglect threshold  :  0.10E-06


 setting up bound for integral derivative estimation

 increment for numerical differentiation : 0.00050000
 
 Occupied orbital block size for RIRPA:                     6
 
 Number of passes for spin                     1 is                     1
 
 Number of eigenvalues < 6e-3:                      0
 
 
            -----------------------------
            Complex frequency integration
            -----------------------------
 
 Number of Clenshaw-Curtis nodes:                    100
 Optimized scaling parameter    :    4.09358690533079     
 Sensitivity measure            :  -2.258562430759725E-007
 
 Done with rirpa frequency point #                     1
 Done with rirpa frequency point #                     2
 Done with rirpa frequency point #                     3
 Done with rirpa frequency point #                     4
 Done with rirpa frequency point #                     5
 Done with rirpa frequency point #                     6
 Done with rirpa frequency point #                     7
 Done with rirpa frequency point #                     8
 Done with rirpa frequency point #                     9
 Done with rirpa frequency point #                    10
 Done with rirpa frequency point #                    11
 Done with rirpa frequency point #                    12
 Done with rirpa frequency point #                    13
 Done with rirpa frequency point #                    14
 Done with rirpa frequency point #                    15
 Done with rirpa frequency point #                    16
 Done with rirpa frequency point #                    17
 Done with rirpa frequency point #                    18
 Done with rirpa frequency point #                    19
 Done with rirpa frequency point #                    20
 Done with rirpa frequency point #                    21
 Done with rirpa frequency point #                    22
 Done with rirpa frequency point #                    23
 Done with rirpa frequency point #                    24
 Done with rirpa frequency point #                    25
 Done with rirpa frequency point #                    26
 Done with rirpa frequency point #                    27
 Done with rirpa frequency point #                    28
 Done with rirpa frequency point #                    29
 Done with rirpa frequency point #                    30
 Done with rirpa frequency point #                    31
 Done with rirpa frequency point #                    32
 Done with rirpa frequency point #                    33
 Done with rirpa frequency point #                    34
 Done with rirpa frequency point #                    35
 Done with rirpa frequency point #                    36
 Done with rirpa frequency point #                    37
 Done with rirpa frequency point #                    38
 Done with rirpa frequency point #                    39
 Done with rirpa frequency point #                    40
 Done with rirpa frequency point #                    41
 Done with rirpa frequency point #                    42
 Done with rirpa frequency point #                    43
 Done with rirpa frequency point #                    44
 Done with rirpa frequency point #                    45
 Done with rirpa frequency point #                    46
 Done with rirpa frequency point #                    47
 Done with rirpa frequency point #                    48
 Done with rirpa frequency point #                    49
 Done with rirpa frequency point #                    50
 Done with rirpa frequency point #                    51
 Done with rirpa frequency point #                    52
 Done with rirpa frequency point #                    53
 Done with rirpa frequency point #                    54
 Done with rirpa frequency point #                    55
 Done with rirpa frequency point #                    56
 Done with rirpa frequency point #                    57
 Done with rirpa frequency point #                    58
 Done with rirpa frequency point #                    59
 Done with rirpa frequency point #                    60
 Done with rirpa frequency point #                    61
 Done with rirpa frequency point #                    62
 Done with rirpa frequency point #                    63
 Done with rirpa frequency point #                    64
 Done with rirpa frequency point #                    65
 Done with rirpa frequency point #                    66
 Done with rirpa frequency point #                    67
 Done with rirpa frequency point #                    68
 Done with rirpa frequency point #                    69
 Done with rirpa frequency point #                    70
 Done with rirpa frequency point #                    71
 Done with rirpa frequency point #                    72
 Done with rirpa frequency point #                    73
 Done with rirpa frequency point #                    74
 Done with rirpa frequency point #                    75
 Done with rirpa frequency point #                    76
 Done with rirpa frequency point #                    77
 Done with rirpa frequency point #                    78
 Done with rirpa frequency point #                    79
 Done with rirpa frequency point #                    80
 Done with rirpa frequency point #                    81
 Done with rirpa frequency point #                    82
 Done with rirpa frequency point #                    83
 Done with rirpa frequency point #                    84
 Done with rirpa frequency point #                    85
 Done with rirpa frequency point #                    86
 Done with rirpa frequency point #                    87
 Done with rirpa frequency point #                    88
 Done with rirpa frequency point #                    89
 Done with rirpa frequency point #                    90
 Done with rirpa frequency point #                    91
 Done with rirpa frequency point #                    92
 Done with rirpa frequency point #                    93
 Done with rirpa frequency point #                    94
 Done with rirpa frequency point #                    95
 Done with rirpa frequency point #                    96
 Done with rirpa frequency point #                    97
 Done with rirpa frequency point #                    98
 Done with rirpa frequency point #                    99
 Done with rirpa frequency point #                   100
 


 RI-RPA correlation energy: -0.6769952122504027E+00
 Allocatable memory for RI due to $ricore (MB):                   500

 there are 1 real representations :   a   

 maximum number of shells which are related by symmetry :  1

  
           ------------------------
               RI-J - INFORMATION
           ------------------------
 Contributions to RI integral batches: 
  neglected integral batches:                     9
  direct contribution:                            0
  memory contribution:                  1476

         -----------------
         -S,T+V- integrals
         -----------------

 1e-integrals will be neglected if expon. factor < 0.636132E-11

          ------------------------
          nuclear repulsion energy  :   31.1983314531    
          ------------------------


                  --------------------------------------------------- 
                 |  HXX+RIRPA total energy     =   -114.57473489211  |
                  ---------------------------------------------------- 
                 :  RIRPA correlation energy   =     -0.67699521225  :
                 :  HXX total energy           =   -113.89773967986  :
                 :  Hartree energy             =     86.25515713748  :
                 :  Exact Exchange energy      =    -14.03334260124  :
                  .................................................... 


    ------------------------------------------------------------------------
    Rirpa profiling                cpu                    wall         ratio
    ------------------------------------------------------------------------
    module                         sec     %               sec     %
    ------------------------------------------------------------------------
    RIRPA                         5.5  100.00            5.5  100.00   1.0
    STARTUP                       0.0    0.70            0.0    0.71   1.0
    riccmos                       0.0    0.45            0.0    0.45   1.0
    riccaux                       0.0    0.31            0.0    0.31   1.0
    riccbound                     0.4    6.46            0.4    6.45   1.0
    ccmkbaoi                      0.3    4.96            0.3    4.97   1.0
    ecrpa                         0.8   13.79            0.8   13.79   1.0
    qbuild                        0.6   11.47            0.6   11.51   1.0
    rparenrm                      0.1    1.67            0.1    1.67   1.0
    ehxx                          4.0   73.25            4.0   73.25   1.0
    ------------------------------------------------------------------------
    sum                          11.8  213.11           11.8  213.16   1.0
    ------------------------------------------------------------------------


    ------------------------------------------------------------------------
         total  cpu-time :   5.53 seconds
         total wall-time :   5.53 seconds
    ------------------------------------------------------------------------

   ****  rirpa : all done  ****


    2020-07-20 18:20:08.144 

