
 ridft (tigris) : TURBOMOLE rev. V7.4.1 (b987a8a8) compiled 15 Oct 2019 at 12:03:25
 Copyright (C) 2019 TURBOMOLE GmbH, Karlsruhe


    2020-08-30 22:40:22.159 



                                  r i d f t

                        DFT program with RI approximation 
                                for coulomb part 




                                                 
                                 References:     
                                                 
          TURBOMOLE:                             
              R. Ahlrichs, M. Baer, M. Haeser, H. Horn, and
              C. Koelmel
              Electronic structure calculations on workstation
              computers: the program system TURBOMOLE
              Chem. Phys. Lett. 162: 165 (1989)
          Density Functional:                              
              O. Treutler and R. Ahlrichs                      
              Efficient Molecular Numerical Integration Schemes
              J. Chem. Phys. 102: 346 (1995)                   
          Parallel Version:                                
              Performance of parallel TURBOMOLE for Density    
              Functional Calculations                          
              M. v. Arnim and R. Ahlrichs                      
              J. Comp. Chem. 19: 1746 (1998)                   
          RI-J Method:                                     
              Auxiliary Basis Sets to approximate Coulomb      
              Potentials                                       
              Chem. Phys. Lett. 240: 283 (1995)                
              K. Eichkorn, O. Treutler, H. Oehm, M. Haeser     
              and R. Ahlrichs                                  
              Chem. Phys. Lett. 242: 652 (1995)                
                                                           
              Auxiliary Basis Sets for Main Row Atoms and their
              Use to approximate Coulomb Potentials            
              K. Eichkorn, F. Weigend, O. Treutler and         
              R. Ahlrichs                                      
              Theo. Chem. Acc. 97: 119 (1997)                   
                                                           
              Accurate Coulomb-fitting basis sets for H to Rn 
              F. Weigend                                        
              Phys. Chem. Chem. Phys. 8: 1057 (2006)            
                                                           
          Multipole accelerated RI-J (MARI-J):             
              Fast evaluation of the Coulomb potential for     
              electron densities using multipole accelerated   
              resolution of identity approximation             
              M. Sierka, A. Hogekamp and R. Ahlrichs           
              J. Chem. Phys. 118: 9136 (2003)                  
          RI-JK Method:                                     
              A fully direct RI-HF algorithm: Implementation,
              optimised auxiliary basis sets, demonstration of
              accuracy and efficiency                         
              F. Weigend                                      
              Phys. Chem. Chem. Phys. 4: 4285 (2002)           
          Two-component HF and DFT with spin-orbit coupling:  
              Self-consistent treatment of spin-orbit         
              interactions with efficient Hartree-Fock and    
              density functional methods                      
              M. K. Armbruster, F. Weigend, C. van Wüllen and 
              W. Klopper                                      
              Phys. Chem. Chem. Phys. 10: 1748 (2008)         
          Two-component difference density and DIIS algorithm 
              Efficient two-component self-consistent field   
              procedures and gradients: implementation in     
              TURBOMOLE and application to Au20-              
              A. Baldes, F. Weigend                           
              Mol. Phys. 111: 2617 (2013)                     
          Relativistic all-electron 2c calculations           
              An efficient implementation of two-component    
              relativistic exact-decoupling methods for large 
              molecules                                       
              D. Peng, N. Middendorf, F. Weigend, M. Reiher   
              J. Chem. Phys. 138: 184105 (2013)               
          Finite nucleus model and SNSO approximation         
              Efficient implementation of one- and two-       
              component analytical energy gradients in exact  
              two-component theory                            
              Y. J. Franzke, N. Middendorf, F. Weigend        
              J. Chem. Phys. 148: 104110 (2018)               
                                         




              +--------------------------------------------------+
              |      general information about current run       |
              +--------------------------------------------------+

 

 DENSITY CONVERGENCE CHECK SWITCHED ON !
 SCF CONVERGENCE IF RMS(delta[D]) <     0.1000000000E-06

 PBE functional
 exchange:    LDA + PBE
 correlation: LDA (PW) + PBE
 A DFT calculation using the RI-J approximation will be carried out.
 Allocatable memory for RI due to $ricore (MB):                   500


              +--------------------------------------------------+
              | Atomic coordinate, charge and isotop information |
              +--------------------------------------------------+

                    atomic coordinates            atom    charge  isotop
          1.61603962   -0.00001534   -1.11264478    h      1.000     0
          0.51314770    0.00003091    0.33182175    o      8.000     0
          2.04855846    0.00000341    2.52326058    c      6.000     0
          0.78958731   -0.00000470    4.14414062    h      1.000     0
          3.24747464   -1.67488874    2.64190427    h      1.000     0
          3.24749163    1.67488173    2.64193240    h      1.000     0
 
       center of nuclear mass  :    1.30411861    0.00001586    1.37311109
       center of nuclear charge:    1.40539587    0.00001337    1.45052611

              +--------------------------------------------------+
              |               basis set information              |
              +--------------------------------------------------+

              we will work with the 1s 3p 5d 7f 9g ... basis set
              ...i.e. with spherical basis functions...

   type   atoms  prim   cont   basis
   ---------------------------------------------------------------------------
    h        4     33     30   def2-QZVP   [4s3p2d1f|7s3p2d1f]
    o        1     77     57   def2-QZVP   [7s4p3d2f1g|15s8p3d2f1g]
    c        1     77     57   def2-QZVP   [7s4p3d2f1g|15s8p3d2f1g]
   ---------------------------------------------------------------------------
   total:    6    286    234
   ---------------------------------------------------------------------------

   total number of primitive shells          :   71
   total number of contracted shells         :   74
   total number of cartesian basis functions :  284
   total number of SCF-basis functions       :  234


 integral neglect threshold       :  0.12E-10
 integral storage threshold THIZE :  0.10E-04
 integral storage threshold THIME :         5

 RI-J AUXILIARY BASIS SET information:

              we will work with the 1s 3p 5d 7f 9g ... basis set
              ...i.e. with spherical basis functions...

   type   atoms  prim   cont   basis
   ---------------------------------------------------------------------------
    h        4     16     11   def2-QZVP   [3s1p1d|5s2p1d]
    o        1     70     49   def2-QZVP   [6s4p3d1f1g|12s5p4d2f1g]
    c        1     70     49   def2-QZVP   [6s4p3d1f1g|12s5p4d2f1g]
   ---------------------------------------------------------------------------
   total:    6    204    142
   ---------------------------------------------------------------------------

   total number of primitive shells          :   56
   total number of contracted shells         :   50
   total number of cartesian basis functions :  170
   total number of SCF-basis functions       :  142


 symmetry group of the molecule :   c1 

 the group has the following generators :
   c1(z)

    1 symmetry operations found

 there are 1 real representations :   a   

 maximum number of shells which are related by symmetry :  1


    mo occupation :
   irrep   mo's   occupied
    a      234        9
 
 number of basis functions   :                    234
 number of occupied orbitals :                      9
 
  
           ------------------
           density functional
           ------------------
 PBE functional
 exchange:    LDA + PBE
 correlation: LDA (PW) + PBE

 spherical integration : Lebedev's spherical grid
 spherical gridsize    :                     5
    i.e. gridpoints    :                   590
 value for diffuse not defined
 radial integration    : Chebyshev 2nd kind (scaling 3)
 radial gridsize       :                     8
 integration cells     :                     6
 partition function    : becke
 partition sharpness   :                     3
  

 biggest AO integral is expected to be     6.990327543
  
           ------------------------
               RI-J - INFORMATION
           ------------------------
 Contributions to RI integral batches: 
  neglected integral batches:                    42
  direct contribution:                            0
  memory contribution:                  2733
 Memory core needed for (P|Q) and Cholesky      1 MByte
 Memory core minimum needed except of (P|Q)     1 MByte
 Total minimum memory core needed (sum)         1 MByte
  
 ****************************************
 Memory allocated for RI-J    53 MByte
 ****************************************
                                            

          ------------------------
          nuclear repulsion energy  :   40.3992442258    
          ------------------------

  _________________________________
 |                                 |
 |         DFTD3 V3.1 Rev 0        |
 | S.Grimme, University Bonn       |
 |            June  2014           |
 |   see standalone version        |
 |       dftd3 -h for options      |
 |_________________________________|
 
 Please cite DFT-D3 work done with this code as:
 S. Grimme, J. Antony, S. Ehrlich and H. Krieg,
 J. Chem. Phys, 132 (2010), 154104.
 If used with BJ-damping cite also
 S. Grimme, S. Ehrlich and L. Goerigk,
 J. Comput. Chem. 32 (2011), 1456-1465
 For DFT-D2 the reference is
 S. Grimme, J. Comput. Chem., 27 (2006), 1787-1799
 
C6 coefficients used:
                     2  C6 for element                      1
Z=  1 CN= 0.912     C6(AA)=    3.03
Z=  1 CN= 0.000     C6(AA)=    7.59
                     5  C6 for element                      6
Z=  6 CN= 0.000     C6(AA)=   49.11
Z=  6 CN= 0.987     C6(AA)=   43.25
Z=  6 CN= 1.998     C6(AA)=   29.36
Z=  6 CN= 2.999     C6(AA)=   25.78
Z=  6 CN= 3.984     C6(AA)=   18.21
                     3  C6 for element                      8
Z=  8 CN= 0.000     C6(AA)=   15.51
Z=  8 CN= 0.993     C6(AA)=   12.82
Z=  8 CN= 1.989     C6(AA)=   10.37

#           XYZ [au]              R0(AA) [Ang.]  CN          C6(AA)     C8(AA)   C10(AA) [au]
  1   1.61604  -0.00002  -1.11264   h   0.395  1.008         3.1        37.3       552.6
  2   0.51315   0.00003   0.33182   o   0.510  1.992        10.4       210.1      5194.3
  3   2.04856   0.00000   2.52326   c   0.610  3.985        18.3       530.4     18792.9
  4   0.78959  -0.00000   4.14414   h   0.395  0.996         3.1        37.4       553.5
  5   3.24747  -1.67489   2.64190   h   0.395  0.995         3.1        37.4       553.6
  6   3.24749   1.67488   2.64193   h   0.395  0.995         3.1        37.4       553.6

molecular C6(AA) [au] =       208.71

           DFT-D V3(BJ)
 DF pbe                                               
 parameters
 s6       :    1.0000
 s8       :    0.7875
 a1       :    0.4289
 a2       :    4.4407
 k1-k3    :   16.0000    1.3333   -4.0000
 
 Edisp /kcal,au:    -1.1921 -0.00189967

 E6    /kcal :    -0.8843
 E8    /kcal :    -0.3077
 % E8        : 25.81
 nuclear repulsion energy                  =      40.399244226
 empirical dispersive energy correction    =      -0.001899668
 nuclear repulsion + dispersion correction =      40.397344558


         -----------------
         -S,T+V- integrals
         -----------------

 1e-integrals will be neglected if expon. factor < 0.117675E-11
 
   Difference densities algorithm switched on.
   The maximal number of linear combinations of
   difference densities is                    20 .

 DIIS switched on: error vector is FDS-SDF
 Max. Iterations for DIIS is     :   4
 DIIS matrix (see manual) 
    Scaling factor of diagonals  :  1.200
    threshold for scaling factor :  0.000

 scf convergence criterion : increment of total energy < .1000000D-06
                  and increment of one-electron energy < .1000000D-03

  MOs are in ASCII format !


 automatic virtual orbital shift switched on 
      shift if e(lumo)-e(homo) < 0.10000000    


 reading orbital data $scfmo  from file mos
 orbital characterization : scfconv=7

 DSCF restart information will be dumped onto file mos


 Starting SCF iterations

          Overall gridpoints after grid construction =         91111

 ITERATION  ENERGY          1e-ENERGY        2e-ENERGY     RMS[dD(SAO)]   TOL
   1  -115.64256960587    -237.13254106     81.092626894    0.000D+00 0.117D-10
                            Exc = -15.3631944996     Coul =  96.4558213940    
                              N = 18.000000006    
                            current damping = 0.300
 
          max. resid. norm for Fia-block=  1.038D-05 for orbital      9a         
          max. resid. fock norm         =  1.285D-05 for orbital      9a         

 ITERATION  ENERGY          1e-ENERGY        2e-ENERGY     RMS[dD(SAO)]   TOL
   2  -115.64256960568    -237.13228998     81.092375818    0.319D-06 0.744D-11
                            Exc = -15.3631653376     Coul =  96.4555411556    
                              N = 18.000000006    
                            current damping = 0.300
 
          Norm of current diis error: 0.16226E-03
          max. resid. norm for Fia-block=  4.150D-06 for orbital      5a         
          max. resid. fock norm         =  6.050D-06 for orbital    121a         

 ENERGY & DENSITY CONVERGED !


 ITERATION  ENERGY          1e-ENERGY        2e-ENERGY     RMS[dD(SAO)]   TOL
   3  -115.64256960624    -237.13240095     81.092486789    0.705D-07 0.658D-11
                            Exc = -15.3631794205     Coul =  96.4556662097    
                              N = 18.000000006    
                            current damping = 0.350
 
          Norm of current diis error: 0.48484E-04
          max. resid. norm for Fia-block=  1.402D-06 for orbital      5a         
          max. resid. fock norm         =  2.308D-06 for orbital      5a         

 End of SCF iterations

   convergence criteria satisfied after     3 iterations


                  ------------------------------------------ 
                 |  total energy      =   -115.64256960624  |
                  ------------------------------------------ 
                 :  kinetic energy    =    115.22285684597  :
                 :  potential energy  =   -230.86542645221  :
                 :  virial theorem    =      1.99637060330  :
                 :  wavefunction norm =      1.00000000000  :
                  .......................................... 


 orbitals $scfmo  will be written to file mos

    irrep                  5a          6a          7a          8a          9a   
 eigenvalues H         -0.46065    -0.39136    -0.38097    -0.29400    -0.23019
            eV         -12.5350    -10.6494    -10.3668     -8.0003     -6.2639
 occupation              2.0000      2.0000      2.0000      2.0000      2.0000

    irrep                 10a         11a         12a         13a         14a   
 eigenvalues H         -0.00553     0.02922     0.07183     0.07335     0.09382
            eV          -0.1505      0.7951      1.9546      1.9960      2.5529
 
 
 
 
 ==============================================================================
                           electrostatic moments
 ==============================================================================

 reference point for electrostatic moments:    0.00000   0.00000   0.00000

 
              nuc           elec       ->  total
 ------------------------------------------------------------------------------
                          charge      
 ------------------------------------------------------------------------------
          18.000000     -18.000000       0.000000
 
 ------------------------------------------------------------------------------
                       dipole moment  
 ------------------------------------------------------------------------------
   x      25.297126     -24.668161       0.628964
   y       0.000241      -0.000262      -0.000021
   z      26.109470     -26.126424      -0.016954
 
   | dipole moment | =     0.6292 a.u. =     1.5992 debye 
 
 ------------------------------------------------------------------------------
                     quadrupole moment
 ------------------------------------------------------------------------------
  xx      51.613441     -60.578091      -8.964650
  yy       5.610481     -15.991457     -10.380976
  zz      71.453254     -79.757376      -8.304122
  xy       0.000146      -0.000168      -0.000022
  xz      51.009723     -51.226742      -0.217019
  yz       0.000160      -0.000144       0.000015
 
     1/3  trace=      -9.216583
     anisotropy=       1.875924
 
 ==============================================================================
 
HOMO-LUMO Separation
 HOMO         :   -0.23019369 H =     -6.26389 eV
 LUMO         :   -0.00553153 H =     -0.15052 eV
 HOMO-LUMO gap:    0.22466216 H =     +6.11337 eV
 
 ==============================================================================


    ------------------------------------------------------------------------
         total  cpu-time :   4.46 seconds
         total wall-time :   4.46 seconds
    ------------------------------------------------------------------------

   ****  ridft : all done  ****


    2020-08-30 22:40:26.610 

 ridft ended normally
