           SMPCPUS    set: Shared-memory Parallelization with  10 CPUs.

           SMP Parallelization Reference:
           C. van Wullen, J. Comput. Chem. 32 (2011) 1195--1201

 ridft (c-14-10) : TURBOMOLE rev. V7.5.0 compiled 13 Jun 2020 at 23:29:25
 Copyright (C) 2020 TURBOMOLE GmbH, Karlsruhe


    2020-08-03 21:58:53.885 



                                  r i d f t

                        DFT program with RI approximation 
                                for coulomb part 




                                                 
                                 References:     
                                                 
          TURBOMOLE:                             
              R. Ahlrichs, M. Baer, M. Haeser, H. Horn, and
              C. Koelmel
              Electronic structure calculations on workstation
              computers: the program system TURBOMOLE
              Chem. Phys. Lett. 162: 165 (1989)
          Density Functional:                              
              O. Treutler and R. Ahlrichs                      
              Efficient Molecular Numerical Integration Schemes
              J. Chem. Phys. 102: 346 (1995)                   
          Parallel Version:                                
              Performance of parallel TURBOMOLE for Density    
              Functional Calculations                          
              M. v. Arnim and R. Ahlrichs                      
              J. Comp. Chem. 19: 1746 (1998)                   
          RI-J Method:                                     
              Auxiliary Basis Sets to approximate Coulomb      
              Potentials                                       
              Chem. Phys. Lett. 240: 283 (1995)                
              K. Eichkorn, O. Treutler, H. Oehm, M. Haeser     
              and R. Ahlrichs                                  
              Chem. Phys. Lett. 242: 652 (1995)                
                                                           
              Auxiliary Basis Sets for Main Row Atoms and their
              Use to approximate Coulomb Potentials            
              K. Eichkorn, F. Weigend, O. Treutler and         
              R. Ahlrichs                                      
              Theo. Chem. Acc. 97: 119 (1997)                   
                                                           
              Accurate Coulomb-fitting basis sets for H to Rn 
              F. Weigend                                        
              Phys. Chem. Chem. Phys. 8: 1057 (2006)            
                                                           
          Multipole accelerated RI-J (MARI-J):             
              Fast evaluation of the Coulomb potential for     
              electron densities using multipole accelerated   
              resolution of identity approximation             
              M. Sierka, A. Hogekamp and R. Ahlrichs           
              J. Chem. Phys. 118: 9136 (2003)                  
          RI-JK Method:                                     
              A fully direct RI-HF algorithm: Implementation,
              optimised auxiliary basis sets, demonstration of
              accuracy and efficiency                         
              F. Weigend                                      
              Phys. Chem. Chem. Phys. 4: 4285 (2002)           
          Two-component HF and DFT with spin-orbit coupling:  
              Self-consistent treatment of spin-orbit         
              interactions with efficient Hartree-Fock and    
              density functional methods                      
              M. K. Armbruster, F. Weigend, C. van Wüllen and 
              W. Klopper                                      
              Phys. Chem. Chem. Phys. 10: 1748 (2008)         
          Two-component difference density and DIIS algorithm 
              Efficient two-component self-consistent field   
              procedures and gradients: implementation in     
              TURBOMOLE and application to Au20-              
              A. Baldes, F. Weigend                           
              Mol. Phys. 111: 2617 (2013)                     
          Relativistic all-electron 2c calculations           
              An efficient implementation of two-component    
              relativistic exact-decoupling methods for large 
              molecules                                       
              D. Peng, N. Middendorf, F. Weigend, M. Reiher   
              J. Chem. Phys. 138: 184105 (2013)               
          Finite nucleus model and SNSO approximation         
              Efficient implementation of one- and two-       
              component analytical energy gradients in exact  
              two-component theory                            
              Y. J. Franzke, N. Middendorf, F. Weigend        
              J. Chem. Phys. 148: 104110 (2018)               
          Grids for all-electron relativistic methods         
              Error-consistent segmented contracted all-      
              electron relativistic basis sets of double-     
              and triple-zeta quality for NMR shielding       
              constants                                       
              Y. J. Franzke, R. Tress, T. M. Pazdera,         
              F. Weigend                                      
              Phys. Chem. Chem. Phys. 21: 166658 (2019)       
          Seminumerical exchange algorithms                   
              Seminumerical calculation of the Hartree-Fock   
              exchange matirx: Application to two-component   
              procedures and efficient evaluation of local    
              hybrid functionsl                               
              P. Plessow, F. Weigend,                         
              J. Comput. Chem. 33: 810 (2012)                 
          Improved seminumerical algorithms                   
              C. Holzer, in preparation (2020)                
                                         




              +--------------------------------------------------+
              |      general information about current run       |
              +--------------------------------------------------+

 

 DENSITY CONVERGENCE CHECK SWITCHED ON !
 SCF CONVERGENCE IF RMS(delta[D]) <     0.1000000000E-06

 PBE functional
 exchange:    LDA + PBE
 correlation: LDA (PW) + PBE
 A DFT calculation using the RI-J approximation will be carried out.
 Allocatable memory for RI due to $ricore (MB):                  5000


              +--------------------------------------------------+
              | Atomic coordinate, charge and isotop information |
              +--------------------------------------------------+

                    atomic coordinates            atom    charge  isotop
          0.09850255   -0.06031914    3.47834386    c      6.000     0
         -2.81893433    1.60098997    3.31681837    cl    17.000     0
          1.53428586    1.04827978    2.52895368    h      1.000     0
         -0.12814461   -1.86945823    2.54695911    h      1.000     0
          0.58807766   -0.32719434    5.44846428    h      1.000     0
 
       center of nuclear mass  :   -1.91622410    1.08694748    3.36670349
       center of nuclear charge:   -1.74371729    0.98871315    3.37616740

              +--------------------------------------------------+
              |               basis set information              |
              +--------------------------------------------------+

              we will work with the 1s 3p 5d 7f 9g ... basis set
              ...i.e. with spherical basis functions...

   type   atoms  prim   cont   basis
   ---------------------------------------------------------------------------
    c        1     50     30   cc-pVTZ   [4s3p2d1f|18s5p2d1f]
    cl       1    111     39   cc-pV(T+d)Z   [5s4p3d1f|41s16p3d1f]
    h        3     16     14   cc-pVTZ   [3s2p1d|5s2p1d]
   ---------------------------------------------------------------------------
   total:    5    209    111
   ---------------------------------------------------------------------------

   total number of primitive shells          :   95
   total number of contracted shells         :   41
   total number of cartesian basis functions :  125
   total number of SCF-basis functions       :  111


 integral neglect threshold       :  0.27E-10
 integral storage threshold THIZE :  0.10E-04
 integral storage threshold THIME :         5

 RI-J AUXILIARY BASIS SET information:

              we will work with the 1s 3p 5d 7f 9g ... basis set
              ...i.e. with spherical basis functions...

   type   atoms  prim   cont   basis
   ---------------------------------------------------------------------------
    c        1     70     49   cc-pVTZ   [6s4p3d1f1g|12s5p4d2f1g]
    cl       1     77     51   universal   [8s4p3d1f1g|14s5p5d2f1g]
    h        3     16     11   cc-pVTZ   [3s1p1d|5s2p1d]
   ---------------------------------------------------------------------------
   total:    5    195    133
   ---------------------------------------------------------------------------

   total number of primitive shells          :   59
   total number of contracted shells         :   47
   total number of cartesian basis functions :  160
   total number of SCF-basis functions       :  133


 symmetry group of the molecule :   c1 

 the group has the following generators :
   c1(z)

    1 symmetry operations found

 there are 1 real representations :   a   

 maximum number of shells which are related by symmetry :  1

  
           ------------------
           density functional
           ------------------
 PBE functional
 exchange:    LDA + PBE
 correlation: LDA (PW) + PBE

 spherical integration : Lebedev's spherical grid
 spherical gridsize    :                     5
    i.e. gridpoints    :                   590
 value for diffuse not defined
 radial integration    : Chebyshev 2nd kind (scaling 3)
 radial gridsize       :                     8
 integration cells     :                     5
 partition function    : becke
 partition sharpness   :                     3
  

 biggest AO integral is expected to be    10.299856942

          ------------------------
          nuclear repulsion energy  :   51.4704469139    
          ------------------------


         -----------------
         -S,T+V- integrals
         -----------------

 1e-integrals will be neglected if expon. factor < 0.267357E-11
 
   Difference densities algorithm switched on.
   The maximal number of linear combinations of
   difference densities is                    20 .

 DIIS switched on: error vector is FDS-SDF
 Max. Iterations for DIIS is     :   4
 DIIS matrix (see manual) 
    Scaling factor of diagonals  :  1.200
    threshold for scaling factor :  0.000

 scf convergence criterion : increment of total energy < .1000000D-06
                  and increment of one-electron energy < .1000000D-03

 MOs are in ASCII format !


    mo occupation :
   irrep   mo's   occupied
    a      111       13
 
 number of basis functions   :   111
 number of occupied orbitals :    13
 

 reading orbital data $scfmo  from file mos
 orbital characterization : expanded
 virtual MOs provided and orthogonalized by Cholesky decomposition

 automatic virtual orbital shift switched on 
      shift if e(lumo)-e(homo) < 0.10000000    

  
           ------------------------
               RI-J - INFORMATION
           ------------------------
 Contributions to RI integral batches: 
  neglected integral batches:                     0
  direct contribution:                            0
  memory contribution:                   861
 Memory core needed for (P|Q) and Cholesky      1 MByte
 Memory core minimum needed except of (P|Q)     1 MByte
 Total minimum memory core needed (sum)         1 MByte
  
 ****************************************
 Memory allocated for RI-J    10 MByte
 ****************************************
                                            

 DSCF restart information will be dumped onto file mos


 Starting SCF iterations

          Overall gridpoints after grid construction =         80101

 ITERATION  ENERGY          1e-ENERGY        2e-ENERGY     RMS[dD(SAO)]   TOL
   1  -499.59735658729    -788.61281054     237.54500704    0.000D+00 0.267D-10
                            Exc = -34.2890208694     Coul =  271.834027911    
                              N = 26.000000008    
                            current damping = 0.300
 
          max. resid. norm for Fia-block=  2.645D-01 for orbital      8a         
          max. resid. fock norm         =  4.695D+00 for orbital    111a         

 ITERATION  ENERGY          1e-ENERGY        2e-ENERGY     RMS[dD(SAO)]   TOL
   2  -499.86616238742    -790.74373591     239.40712661    0.597D-02 0.173D-10
                            Exc = -34.5196856801     Coul =  273.926812291    
                              N = 26.000000022    
                            current damping = 0.250
 
          Norm of current diis error: 0.77840    
          max. resid. norm for Fia-block=  6.630D-02 for orbital     10a         
          max. resid. fock norm         =  1.972D-01 for orbital     56a         

 ITERATION  ENERGY          1e-ENERGY        2e-ENERGY     RMS[dD(SAO)]   TOL
   3  -499.89373629053    -790.45260874     239.08842553    0.252D-02 0.148D-10
                            Exc = -34.4986208652     Coul =  273.587046399    
                              N = 26.000000028    
                            current damping = 0.200
 
          Norm of current diis error: 0.23676    
          max. resid. norm for Fia-block=  1.387D-02 for orbital      8a         
          max. resid. fock norm         =  1.785D-02 for orbital     14a         

 ITERATION  ENERGY          1e-ENERGY        2e-ENERGY     RMS[dD(SAO)]   TOL
   4  -499.89673447953    -790.53012186     239.16294047    0.739D-03 0.132D-10
                            Exc = -34.5110590808     Coul =  273.673999550    
                              N = 26.000000030    
                            current damping = 0.250
 
          Norm of current diis error: 0.31444E-01
          max. resid. norm for Fia-block=  2.878D-03 for orbital      7a         
          max. resid. fock norm         =  5.612D-03 for orbital     99a         

 ITERATION  ENERGY          1e-ENERGY        2e-ENERGY     RMS[dD(SAO)]   TOL
   5  -499.89678924230    -790.60110529     239.23386914    0.128D-03 0.124D-10
                            Exc = -34.5153857163     Coul =  273.749254853    
                              N = 26.000000030    
                            current damping = 0.100
 
          Norm of current diis error: 0.91830E-02
          max. resid. norm for Fia-block=  9.490D-04 for orbital     12a         
          max. resid. fock norm         =  1.149D-03 for orbital     31a         
          mo-orthogonalization: Cholesky decomposition

 ITERATION  ENERGY          1e-ENERGY        2e-ENERGY     RMS[dD(SAO)]   TOL
   6  -499.89679501133    -790.54674859     239.17950666    0.637D-04 0.121D-10
                            Exc = -34.5121777629     Coul =  273.691684424    
                              N = 26.000000030    
                            current damping = 0.150
 
          Norm of current diis error: 0.49090E-02
          max. resid. norm for Fia-block=  3.460D-04 for orbital     11a         
          max. resid. fock norm         =  5.002D-04 for orbital     99a         

 ITERATION  ENERGY          1e-ENERGY        2e-ENERGY     RMS[dD(SAO)]   TOL
   7  -499.89679691571    -790.56557928     239.19833545    0.176D-04 0.118D-10
                            Exc = -34.5133205106     Coul =  273.711655957    
                              N = 26.000000030    
                            current damping = 0.200
 
          Norm of current diis error: 0.43643E-03
          max. resid. norm for Fia-block=  4.275D-05 for orbital      4a         
          max. resid. fock norm         =  6.766D-05 for orbital      4a         

 ITERATION  ENERGY          1e-ENERGY        2e-ENERGY     RMS[dD(SAO)]   TOL
   8  -499.89679692029    -790.56596443     239.19872059    0.180D-05 0.116D-10
                            Exc = -34.5133501965     Coul =  273.712070787    
                              N = 26.000000030    
                            current damping = 0.100
 
          Norm of current diis error: 0.31935E-03
          max. resid. norm for Fia-block=  2.267D-05 for orbital     11a         
          max. resid. fock norm         =  3.161D-05 for orbital     11a         

 ITERATION  ENERGY          1e-ENERGY        2e-ENERGY     RMS[dD(SAO)]   TOL
   9  -499.89679692509    -790.56587459     239.19863076    0.109D-05 0.115D-10
                            Exc = -34.5133343175     Coul =  273.711965073    
                              N = 26.000000030    
                            current damping = 0.150
 
          Norm of current diis error: 0.17269E-03
          max. resid. norm for Fia-block=  7.549D-06 for orbital     10a         
          max. resid. fock norm         =  1.013D-05 for orbital     62a         

 ENERGY & DENSITY CONVERGED !


 ITERATION  ENERGY          1e-ENERGY        2e-ENERGY     RMS[dD(SAO)]   TOL
  10  -499.89679692641    -790.56598650     239.19874266    0.343D-06 0.112D-10
                            Exc = -34.5133465386     Coul =  273.712089202    
                              N = 26.000000030    
                            current damping = 0.200
 
          Norm of current diis error: 0.20224E-04
          max. resid. norm for Fia-block=  1.742D-06 for orbital     11a         
          max. resid. fock norm         =  2.204D-06 for orbital     99a         

 End of SCF iterations

   convergence criteria satisfied after    10 iterations


                  ------------------------------------------ 
                 |  total energy      =   -499.89679692641  |
                  ------------------------------------------ 
                 :  kinetic energy    =    498.39958357773  :
                 :  potential energy  =   -998.29638050414  :
                 :  virial theorem    =      1.99700495511  :
                 :  wavefunction norm =      1.00000000000  :
                  .......................................... 


 <geterg> : there is no data group $energy 


 <skperg> : $end is missing 


 orbitals $scfmo  will be written to file mos

    irrep                  9a         10a         11a         12a         13a   
 eigenvalues H         -0.40426    -0.40383    -0.37684    -0.25713    -0.25706
            eV         -11.0005    -10.9889    -10.2543     -6.9968     -6.9951
 occupation              2.0000      2.0000      2.0000      2.0000      2.0000

    irrep                 14a         15a         16a         17a         18a   
 eigenvalues H         -0.01315     0.03270     0.07626     0.07630     0.19006
            eV          -0.3579      0.8900      2.0752      2.0763      5.1720
 
 
 
 
 ==============================================================================
                           electrostatic moments
 ==============================================================================

 reference point for electrostatic moments:    0.00000   0.00000   0.00000

 
              nuc           elec       ->  total
 ------------------------------------------------------------------------------
                          charge      
 ------------------------------------------------------------------------------
          26.000000     -26.000000      -0.000000
 
 ------------------------------------------------------------------------------
                       dipole moment  
 ------------------------------------------------------------------------------
   x     -45.336649      45.969565       0.632915
   y      25.706542     -26.066958      -0.360416
   z      87.780352     -87.745761       0.034592
 
   | dipole moment | =     0.7292 a.u. =     1.8533 debye 
 
 ------------------------------------------------------------------------------
                     quadrupole moment
 ------------------------------------------------------------------------------
  xx     137.863149    -153.883669     -16.020519
  yy      48.296522     -63.471534     -15.175012
  zz     302.183456    -316.713307     -14.529851
  xy     -75.102598      75.809793       0.707195
  xz    -150.134550     152.262007       2.127457
  yz      85.121326     -86.332979      -1.211653
 
     1/3  trace=     -15.241794
     anisotropy=       4.599946
 
 ==============================================================================
 
HOMO-LUMO Separation
 HOMO         :   -0.25706495 H =     -6.99510 eV
 LUMO         :   -0.01315391 H =     -0.35794 eV
 HOMO-LUMO gap:    0.24391104 H =     +6.63716 eV
 
 ==============================================================================


    ------------------------------------------------------------------------
         total  cpu-time :  27.83 seconds
         total wall-time :   2.04 seconds
    ------------------------------------------------------------------------

   ****  ridft : all done  ****


    2020-08-03 21:58:55.915 

