           SMPCPUS    set: Shared-memory Parallelization with  10 CPUs.

           SMP Parallelization Reference:
           C. van Wullen, J. Comput. Chem. 32 (2011) 1195--1201

 ridft (c-15-19) : TURBOMOLE rev. V7.5.0 compiled 13 Jun 2020 at 23:29:25
 Copyright (C) 2020 TURBOMOLE GmbH, Karlsruhe


    2020-12-12 23:41:06.429 



                                  r i d f t

                        DFT program with RI approximation 
                                for coulomb part 




                                                 
                                 References:     
                                                 
          TURBOMOLE:                             
              R. Ahlrichs, M. Baer, M. Haeser, H. Horn, and
              C. Koelmel
              Electronic structure calculations on workstation
              computers: the program system TURBOMOLE
              Chem. Phys. Lett. 162: 165 (1989)
          Density Functional:                              
              O. Treutler and R. Ahlrichs                      
              Efficient Molecular Numerical Integration Schemes
              J. Chem. Phys. 102: 346 (1995)                   
          Parallel Version:                                
              Performance of parallel TURBOMOLE for Density    
              Functional Calculations                          
              M. v. Arnim and R. Ahlrichs                      
              J. Comp. Chem. 19: 1746 (1998)                   
          RI-J Method:                                     
              Auxiliary Basis Sets to approximate Coulomb      
              Potentials                                       
              Chem. Phys. Lett. 240: 283 (1995)                
              K. Eichkorn, O. Treutler, H. Oehm, M. Haeser     
              and R. Ahlrichs                                  
              Chem. Phys. Lett. 242: 652 (1995)                
                                                           
              Auxiliary Basis Sets for Main Row Atoms and their
              Use to approximate Coulomb Potentials            
              K. Eichkorn, F. Weigend, O. Treutler and         
              R. Ahlrichs                                      
              Theo. Chem. Acc. 97: 119 (1997)                   
                                                           
              Accurate Coulomb-fitting basis sets for H to Rn 
              F. Weigend                                        
              Phys. Chem. Chem. Phys. 8: 1057 (2006)            
                                                           
          Multipole accelerated RI-J (MARI-J):             
              Fast evaluation of the Coulomb potential for     
              electron densities using multipole accelerated   
              resolution of identity approximation             
              M. Sierka, A. Hogekamp and R. Ahlrichs           
              J. Chem. Phys. 118: 9136 (2003)                  
          RI-JK Method:                                     
              A fully direct RI-HF algorithm: Implementation,
              optimised auxiliary basis sets, demonstration of
              accuracy and efficiency                         
              F. Weigend                                      
              Phys. Chem. Chem. Phys. 4: 4285 (2002)           
          Two-component HF and DFT with spin-orbit coupling:  
              Self-consistent treatment of spin-orbit         
              interactions with efficient Hartree-Fock and    
              density functional methods                      
              M. K. Armbruster, F. Weigend, C. van Wüllen and 
              W. Klopper                                      
              Phys. Chem. Chem. Phys. 10: 1748 (2008)         
          Two-component difference density and DIIS algorithm 
              Efficient two-component self-consistent field   
              procedures and gradients: implementation in     
              TURBOMOLE and application to Au20-              
              A. Baldes, F. Weigend                           
              Mol. Phys. 111: 2617 (2013)                     
          Relativistic all-electron 2c calculations           
              An efficient implementation of two-component    
              relativistic exact-decoupling methods for large 
              molecules                                       
              D. Peng, N. Middendorf, F. Weigend, M. Reiher   
              J. Chem. Phys. 138: 184105 (2013)               
          Finite nucleus model and SNSO approximation         
              Efficient implementation of one- and two-       
              component analytical energy gradients in exact  
              two-component theory                            
              Y. J. Franzke, N. Middendorf, F. Weigend        
              J. Chem. Phys. 148: 104110 (2018)               
          Grids for all-electron relativistic methods         
              Error-consistent segmented contracted all-      
              electron relativistic basis sets of double-     
              and triple-zeta quality for NMR shielding       
              constants                                       
              Y. J. Franzke, R. Tress, T. M. Pazdera,         
              F. Weigend                                      
              Phys. Chem. Chem. Phys. 21: 166658 (2019)       
          Seminumerical exchange algorithms                   
              Seminumerical calculation of the Hartree-Fock   
              exchange matirx: Application to two-component   
              procedures and efficient evaluation of local    
              hybrid functionsl                               
              P. Plessow, F. Weigend,                         
              J. Comput. Chem. 33: 810 (2012)                 
          Improved seminumerical algorithms                   
              C. Holzer, in preparation (2020)                
                                         




              +--------------------------------------------------+
              |      general information about current run       |
              +--------------------------------------------------+

 

 DENSITY CONVERGENCE CHECK SWITCHED ON !
 SCF CONVERGENCE IF RMS(delta[D]) <     0.1000000000E-06

 TPSS global hybrid functional
 exchange:    9/10 (LDA+TPSS) + 1/10 HF
 correlation: LDA (PW) + TPSS
 A Hybrid-DFT calculation using the RI-J approximation will be carried out.
 Allocatable memory for RI due to $ricore (MB):                  5000


              +--------------------------------------------------+
              | Atomic coordinate, charge and isotop information |
              +--------------------------------------------------+

                    atomic coordinates            atom    charge  isotop
         -0.20259637   -0.31617110   -0.03783818    cl    17.000     0
          0.01800950    0.01536137    2.46574834    h      1.000     0
          0.12378732    0.13079216    5.63236034    n      0.000     0
          1.92218202    0.17132367    6.28007515    h      0.000     0
         -1.17477919   -2.16015395    6.50263359    c      0.000     0
         -3.09045648   -2.15523634    5.76369796    h      0.000     0
         -0.21384154   -3.80016434    5.72620126    h      0.000     0
         -1.25417634   -2.34570047    8.55261264    h      0.000     0
         -0.74102162    1.69369613    6.31415805    h      0.000     0
 
       center of nuclear mass  :   -0.33983673   -0.61901506    2.82937552
       center of nuclear charge:   -0.19034048   -0.29775263    0.10124996

              +--------------------------------------------------+
              |               basis set information              |
              +--------------------------------------------------+

              we will work with the 1s 3p 5d 7f 9g ... basis set
              ...i.e. with spherical basis functions...

   type   atoms  prim   cont   basis
   ---------------------------------------------------------------------------
    cl       1    106     34   cc-pVTZ   [5s4p2d1f|41s16p2d1f]
    h        6     16     14   cc-pVTZ   [3s2p1d|5s2p1d]
    n        1     50     30   cc-pVTZ   [4s3p2d1f|18s5p2d1f]
    c        1     50     30   cc-pVTZ   [4s3p2d1f|18s5p2d1f]
   ---------------------------------------------------------------------------
   total:    9    302    178
   ---------------------------------------------------------------------------

   total number of primitive shells          :  120
   total number of contracted shells         :   68
   total number of cartesian basis functions :  199
   total number of SCF-basis functions       :  178


 integral neglect threshold       :  0.17E-10
 integral storage threshold THIZE :  0.10E-04
 integral storage threshold THIME :         5

 RI-J AUXILIARY BASIS SET information:

              we will work with the 1s 3p 5d 7f 9g ... basis set
              ...i.e. with spherical basis functions...

   type   atoms  prim   cont   basis
   ---------------------------------------------------------------------------
    cl       1     77     51   cc-pVTZ   [8s4p3d1f1g|14s5p5d2f1g]
    h        6     16     11   cc-pVTZ   [3s1p1d|5s2p1d]
    n        1     70     49   cc-pVTZ   [6s4p3d1f1g|12s5p4d2f1g]
    c        1     70     49   cc-pVTZ   [6s4p3d1f1g|12s5p4d2f1g]
   ---------------------------------------------------------------------------
   total:    9    313    215
   ---------------------------------------------------------------------------

   total number of primitive shells          :   83
   total number of contracted shells         :   77
   total number of cartesian basis functions :  257
   total number of SCF-basis functions       :  215


 symmetry group of the molecule :   c1 

 the group has the following generators :
   c1(z)

    1 symmetry operations found

 there are 1 real representations :   a   

 maximum number of shells which are related by symmetry :  1

  
           ------------------
           density functional
           ------------------
 Dummy atoms with grid-point found.
 DFT quadrature threshold dgrenze tightened by factor 1/10.

 TPSS global hybrid functional
 exchange:    9/10 (LDA+TPSS) + 1/10 HF
 correlation: LDA (PW) + TPSS
 Dummy atoms with grid-point found.
 DFT quadrature threshold dgrenze tightened by factor 1/10.

 Dummy atoms with grid-point found.
 DFT quadrature threshold dgrenze tightened by factor 1/10.


 spherical integration : Lebedev's spherical grid
 spherical gridsize    :                     5
    i.e. gridpoints    :                   590
 value for diffuse not defined
 radial integration    : Chebyshev 2nd kind (scaling 3)
 radial gridsize       :                     8
 integration cells     :                     9
 partition function    : becke
 partition sharpness   :                     3
  
 found dummy atom(s) with basis: included in dft

 biggest AO integral is expected to be    10.299856942

          ------------------------
          nuclear repulsion energy  :   6.70595723415    
          ------------------------


         -----------------
         -S,T+V- integrals
         -----------------

 1e-integrals will be neglected if expon. factor < 0.167938E-11
 
   Difference densities algorithm switched on.
   The maximal number of linear combinations of
   difference densities is                    20 .

 DIIS switched on: error vector is FDS-SDF
 Max. Iterations for DIIS is     :   4
 DIIS matrix (see manual) 
    Scaling factor of diagonals  :  1.200
    threshold for scaling factor :  0.000

 scf convergence criterion : increment of total energy < .1000000D-06
                  and increment of one-electron energy < .1000000D-03

 MOs are in ASCII format !


    mo occupation :
   irrep   mo's   occupied
    a      178        9
 
 number of basis functions   :   178
 number of occupied orbitals :     9
 

 reading orbital data $scfmo  from file mos
 orbital characterization : scfconv=7
 mo-orthogonalization by Cholesky decomposition

 automatic virtual orbital shift switched on 
      shift if e(lumo)-e(homo) < 0.10000000    

  
           ------------------------
               RI-J - INFORMATION
           ------------------------
 Contributions to RI integral batches: 
  neglected integral batches:                    44
  direct contribution:                            0
  memory contribution:                  2302
 Memory core needed for (P|Q) and Cholesky      1 MByte
 Memory core minimum needed except of (P|Q)     1 MByte
 Total minimum memory core needed (sum)         1 MByte
  
 ****************************************
 Memory allocated for RI-J    39 MByte
 ****************************************
                                            

 DSCF restart information will be dumped onto file mos


 Starting SCF iterations

          Overall gridpoints after grid construction =        137765

 ITERATION  ENERGY          1e-ENERGY        2e-ENERGY     RMS[dD(SAO)]   TOL
   1  -460.83914274606    -649.26294932     181.71784934    0.000D+00 0.168D-10
                            Exc = -25.7961215809     Coul =  210.297854979    
                            exK = -2.78388406293    
                              N = 17.999999327    
                            current damping = 0.300
 
          max. resid. norm for Fia-block=  1.087D-02 for orbital      2a         
          max. resid. fock norm         =  2.058D-02 for orbital    151a         

 ITERATION  ENERGY          1e-ENERGY        2e-ENERGY     RMS[dD(SAO)]   TOL
   2  -460.83922064956    -649.29509482     181.74991694    0.961D-04 0.106D-10
                            Exc = -25.8002297867      Eck =  207.550146728    
                              N = 17.999999330    
                            current damping = 0.250
 
          Norm of current diis error: 0.65701E-02
          max. resid. norm for Fia-block=  1.890D-03 for orbital      2a         
          max. resid. fock norm         =  5.255D-03 for orbital    151a         

 ITERATION  ENERGY          1e-ENERGY        2e-ENERGY     RMS[dD(SAO)]   TOL
   3  -460.83922459530    -649.27859960     181.73341777    0.225D-04 0.874D-11
                            Exc = -25.7995850109      Eck =  207.533002778    
                              N = 17.999999329    
                            current damping = 0.200
 
          Norm of current diis error: 0.28112E-02
          max. resid. norm for Fia-block=  4.963D-04 for orbital      2a         
          max. resid. fock norm         =  6.965D-04 for orbital    151a         

 ITERATION  ENERGY          1e-ENERGY        2e-ENERGY     RMS[dD(SAO)]   TOL
   4  -460.83922530534    -649.29010225     181.74491971    0.104D-04 0.830D-11
                            Exc = -25.8003817601      Eck =  207.545301474    
                              N = 17.999999330    
                            current damping = 0.250
 
          Norm of current diis error: 0.81320E-03
          max. resid. norm for Fia-block=  9.742D-05 for orbital      7a         
          max. resid. fock norm         =  1.944D-04 for orbital    151a         

 ITERATION  ENERGY          1e-ENERGY        2e-ENERGY     RMS[dD(SAO)]   TOL
   5  -460.83922535947    -649.28860267     181.74342008    0.166D-05 0.786D-11
                            Exc = -25.8003105684      Eck =  207.543730648    
                              N = 17.999999330    
                            current damping = 0.300
 
          Norm of current diis error: 0.11667E-03
          max. resid. norm for Fia-block=  1.919D-05 for orbital      6a         
          max. resid. fock norm         =  4.759D-05 for orbital    151a         
          mo-orthogonalization: Cholesky decomposition

 ITERATION  ENERGY          1e-ENERGY        2e-ENERGY     RMS[dD(SAO)]   TOL
   6  -460.83922536079    -649.28807125     181.74288866    0.327D-06 0.769D-11
                            Exc = -25.8002773974      Eck =  207.543166056    
                              N = 17.999999330    
                            current damping = 0.150
 
          Norm of current diis error: 0.28857E-04
          max. resid. norm for Fia-block=  4.233D-06 for orbital      7a         
          max. resid. fock norm         =  5.864D-06 for orbital     88a         

 ENERGY & DENSITY CONVERGED !


 ITERATION  ENERGY          1e-ENERGY        2e-ENERGY     RMS[dD(SAO)]   TOL
   7  -460.83922536093    -649.28815245     181.74296985    0.807D-07 0.738D-11
                            Exc = -25.8002838909      Eck =  207.543253745    
                              N = 17.999999330    
                            current damping = 0.200
 
          Norm of current diis error: 0.20303E-05
          max. resid. norm for Fia-block=  6.399D-07 for orbital      7a         
          max. resid. fock norm         =  1.237D-06 for orbital     88a         

 End of SCF iterations

   convergence criteria satisfied after     7 iterations


                  ------------------------------------------ 
                 |  total energy      =   -460.83922536093  |
                  ------------------------------------------ 
                 :  kinetic energy    =    459.53063147495  :
                 :  potential energy  =   -920.36985683588  :
                 :  virial theorem    =      1.99716041124  :
                 :  wavefunction norm =      1.00000000000  :
                  .......................................... 


 orbitals $scfmo  will be written to file mos

    irrep                  5a          6a          7a          8a          9a   
 eigenvalues H         -7.13430    -0.81536    -0.45114    -0.31718    -0.31716
            eV        -194.1357    -22.1873    -12.2761     -8.6311     -8.6305
 occupation              2.0000      2.0000      2.0000      2.0000      2.0000

    irrep                 10a         11a         12a         13a         14a   
 eigenvalues H         -0.02821     0.06917     0.11685     0.12519     0.16495
            eV          -0.7677      1.8821      3.1797      3.4065      4.4884
 
 
 
 
 ==============================================================================
                           electrostatic moments
 ==============================================================================

 reference point for electrostatic moments:    0.00000   0.00000   0.00000

 
              nuc           elec       ->  total
 ------------------------------------------------------------------------------
                          charge      
 ------------------------------------------------------------------------------
          18.000000     -18.000000      -0.000000
 
 ------------------------------------------------------------------------------
                       dipole moment  
 ------------------------------------------------------------------------------
   x      -3.426129       3.471069       0.044941
   y      -5.359547       5.427910       0.068362
   z       1.822499      -1.350240       0.472260
 
   | dipole moment | =     0.4793 a.u. =     1.2182 debye 
 
 ------------------------------------------------------------------------------
                     quadrupole moment
 ------------------------------------------------------------------------------
  xx       0.698094     -11.045536     -10.347442
  yy       1.699627     -12.049499     -10.349873
  zz       6.104254     -13.707676      -7.603422
  xy       1.089214      -1.088230       0.000983
  xz       0.174727      -0.015935       0.158792
  yz       0.241254      -0.005422       0.235832
 
     1/3  trace=      -9.433579
     anisotropy=       2.789053
 
 ==============================================================================
 
HOMO-LUMO Separation
 HOMO         :   -0.31716429 H =     -8.63048 eV
 LUMO         :   -0.02821403 H =     -0.76774 eV
 HOMO-LUMO gap:    0.28895026 H =     +7.86274 eV
 
 ==============================================================================


    ------------------------------------------------------------------------
         total  cpu-time :  2 minutes and 39 seconds
         total wall-time :  18.64 seconds
    ------------------------------------------------------------------------

   ****  ridft : all done  ****


    2020-12-12 23:41:24.992 

