
 ridft (tigris) : TURBOMOLE rev. V7.4.1 (b987a8a8) compiled 15 Oct 2019 at 12:03:25
 Copyright (C) 2019 TURBOMOLE GmbH, Karlsruhe


    2020-08-30 23:38:03.099 



                                  r i d f t

                        DFT program with RI approximation 
                                for coulomb part 




                                                 
                                 References:     
                                                 
          TURBOMOLE:                             
              R. Ahlrichs, M. Baer, M. Haeser, H. Horn, and
              C. Koelmel
              Electronic structure calculations on workstation
              computers: the program system TURBOMOLE
              Chem. Phys. Lett. 162: 165 (1989)
          Density Functional:                              
              O. Treutler and R. Ahlrichs                      
              Efficient Molecular Numerical Integration Schemes
              J. Chem. Phys. 102: 346 (1995)                   
          Parallel Version:                                
              Performance of parallel TURBOMOLE for Density    
              Functional Calculations                          
              M. v. Arnim and R. Ahlrichs                      
              J. Comp. Chem. 19: 1746 (1998)                   
          RI-J Method:                                     
              Auxiliary Basis Sets to approximate Coulomb      
              Potentials                                       
              Chem. Phys. Lett. 240: 283 (1995)                
              K. Eichkorn, O. Treutler, H. Oehm, M. Haeser     
              and R. Ahlrichs                                  
              Chem. Phys. Lett. 242: 652 (1995)                
                                                           
              Auxiliary Basis Sets for Main Row Atoms and their
              Use to approximate Coulomb Potentials            
              K. Eichkorn, F. Weigend, O. Treutler and         
              R. Ahlrichs                                      
              Theo. Chem. Acc. 97: 119 (1997)                   
                                                           
              Accurate Coulomb-fitting basis sets for H to Rn 
              F. Weigend                                        
              Phys. Chem. Chem. Phys. 8: 1057 (2006)            
                                                           
          Multipole accelerated RI-J (MARI-J):             
              Fast evaluation of the Coulomb potential for     
              electron densities using multipole accelerated   
              resolution of identity approximation             
              M. Sierka, A. Hogekamp and R. Ahlrichs           
              J. Chem. Phys. 118: 9136 (2003)                  
          RI-JK Method:                                     
              A fully direct RI-HF algorithm: Implementation,
              optimised auxiliary basis sets, demonstration of
              accuracy and efficiency                         
              F. Weigend                                      
              Phys. Chem. Chem. Phys. 4: 4285 (2002)           
          Two-component HF and DFT with spin-orbit coupling:  
              Self-consistent treatment of spin-orbit         
              interactions with efficient Hartree-Fock and    
              density functional methods                      
              M. K. Armbruster, F. Weigend, C. van Wüllen and 
              W. Klopper                                      
              Phys. Chem. Chem. Phys. 10: 1748 (2008)         
          Two-component difference density and DIIS algorithm 
              Efficient two-component self-consistent field   
              procedures and gradients: implementation in     
              TURBOMOLE and application to Au20-              
              A. Baldes, F. Weigend                           
              Mol. Phys. 111: 2617 (2013)                     
          Relativistic all-electron 2c calculations           
              An efficient implementation of two-component    
              relativistic exact-decoupling methods for large 
              molecules                                       
              D. Peng, N. Middendorf, F. Weigend, M. Reiher   
              J. Chem. Phys. 138: 184105 (2013)               
          Finite nucleus model and SNSO approximation         
              Efficient implementation of one- and two-       
              component analytical energy gradients in exact  
              two-component theory                            
              Y. J. Franzke, N. Middendorf, F. Weigend        
              J. Chem. Phys. 148: 104110 (2018)               
                                         




              +--------------------------------------------------+
              |      general information about current run       |
              +--------------------------------------------------+

 

 DENSITY CONVERGENCE CHECK SWITCHED ON !
 SCF CONVERGENCE IF RMS(delta[D]) <     0.1000000000E-06

 PBE functional
 exchange:    LDA + PBE
 correlation: LDA (PW) + PBE
 A DFT calculation using the RI-J approximation will be carried out.
 Allocatable memory for RI due to $ricore (MB):                   500


              +--------------------------------------------------+
              | Atomic coordinate, charge and isotop information |
              +--------------------------------------------------+

                    atomic coordinates            atom    charge  isotop
         -0.07118067   -6.22678634    3.35093796    br    35.000     0
          0.17180336   -9.86932596    3.53184484    c      6.000     0
          0.04199013  -10.61780554    1.63124050    h      1.000     0
          1.97359391  -10.35070488    4.37521977    h      1.000     0
         -1.37165089  -10.55903652    4.68572358    h      1.000     0
 
       center of nuclear mass  :   -0.03133798   -6.82398715    3.38061191
       center of nuclear charge:   -0.01855841   -7.01547783    3.39013822

              +--------------------------------------------------+
              |               basis set information              |
              +--------------------------------------------------+

              we will work with the 1s 3p 5d 7f 9g ... basis set
              ...i.e. with spherical basis functions...

   type   atoms  prim   cont   basis
   ---------------------------------------------------------------------------
    br       1    157     75   def2-QZVP   [11s7p4d2f1g|24s20p10d2f1g]
    c        1     77     57   def2-QZVP   [7s4p3d2f1g|15s8p3d2f1g]
    h        3     33     30   def2-QZVP   [4s3p2d1f|7s3p2d1f]
   ---------------------------------------------------------------------------
   total:    5    333    222
   ---------------------------------------------------------------------------

   total number of primitive shells          :   99
   total number of contracted shells         :   72
   total number of cartesian basis functions :  268
   total number of SCF-basis functions       :  222


 integral neglect threshold       :  0.12E-10
 integral storage threshold THIZE :  0.10E-04
 integral storage threshold THIME :         5

 RI-J AUXILIARY BASIS SET information:

              we will work with the 1s 3p 5d 7f 9g ... basis set
              ...i.e. with spherical basis functions...

   type   atoms  prim   cont   basis
   ---------------------------------------------------------------------------
    br       1     89     58   def2-QZVP   [8s4p3d2f1g|19s5p5d3f1g]
    c        1     70     49   def2-QZVP   [6s4p3d1f1g|12s5p4d2f1g]
    h        3     16     11   def2-QZVP   [3s1p1d|5s2p1d]
   ---------------------------------------------------------------------------
   total:    5    207    140
   ---------------------------------------------------------------------------

   total number of primitive shells          :   65
   total number of contracted shells         :   48
   total number of cartesian basis functions :  170
   total number of SCF-basis functions       :  140


 symmetry group of the molecule :   c1 

 the group has the following generators :
   c1(z)

    1 symmetry operations found

 there are 1 real representations :   a   

 maximum number of shells which are related by symmetry :  1


    mo occupation :
   irrep   mo's   occupied
    a      222       22
 
 number of basis functions   :                    222
 number of occupied orbitals :                     22
 
  
           ------------------
           density functional
           ------------------
 PBE functional
 exchange:    LDA + PBE
 correlation: LDA (PW) + PBE

 spherical integration : Lebedev's spherical grid
 spherical gridsize    :                     5
    i.e. gridpoints    :                   590
 value for diffuse not defined
 radial integration    : Chebyshev 2nd kind (scaling 3)
 radial gridsize       :                     8
 integration cells     :                     5
 partition function    : becke
 partition sharpness   :                     3
  

 biggest AO integral is expected to be    23.942244026
  
           ------------------------
               RI-J - INFORMATION
           ------------------------
 Contributions to RI integral batches: 
  neglected integral batches:                   143
  direct contribution:                            0
  memory contribution:                  2485
 Memory core needed for (P|Q) and Cholesky      1 MByte
 Memory core minimum needed except of (P|Q)     1 MByte
 Total minimum memory core needed (sum)         1 MByte
  
 ****************************************
 Memory allocated for RI-J    47 MByte
 ****************************************
                                            

          ------------------------
          nuclear repulsion energy  :   89.4025330840    
          ------------------------

      -----------------------------------------------------------      
     |                   =====================                   |     
     |                        D F T - D 4                        |     
     |                   =====================                   |     
     |                         S. Grimme                         |     
     |          Mulliken Center for Theoretical Chemistry        |     
     |                    University of Bonn                     |     
      -----------------------------------------------------------      

           -------------------------------------------------
          |                Calculation Setup                |
           -------------------------------------------------
   charge               :      0
   non-additivity corr. : ATM
   charge model         : EEQ
   damping parameters
   s6                   :     1.0000
   s8                   :     0.9595
   a1                   :     0.3857
   a2                   :     4.8069

        q(ref)        CN(ref)   cov. CN(ref)  alpha(AIM,ref)
     0.0000000      0.0000000      0.0000000     20.8160782
    -0.1449078      0.9973539      0.8714136     21.9234833
        q(ref)        CN(ref)   cov. CN(ref)  alpha(AIM,ref)
     0.0000000      0.0000000      0.0000000     12.3555336
    -0.1712371      0.9867893      0.9189476     12.8040100
    -0.1421000      1.9984766      1.9078606      9.6347083
    -0.2225085      2.9987259      2.8312240      9.6866280
    -0.2565392      3.9843988      3.7487004      7.6947605
    -0.1044135      3.1417713      2.9183271      9.3751067
     0.2103031      0.9999501      0.8556099      7.7402501
        q(ref)        CN(ref)   cov. CN(ref)  alpha(AIM,ref)
     0.0000000      0.0000000      0.0000000      5.0540161
     0.0000000      0.9117922      0.8942243      2.7207580
========================================================================
 Edisp  /kcal,au:    -1.2686  -0.0020215752
========================================================================
 nuclear repulsion energy                  =      89.402533084
 empirical dispersive energy correction    =      -0.002021575
 nuclear repulsion + dispersion correction =      89.400511509


         -----------------
         -S,T+V- integrals
         -----------------

 1e-integrals will be neglected if expon. factor < 0.124700E-11
 
   Difference densities algorithm switched on.
   The maximal number of linear combinations of
   difference densities is                    20 .

 DIIS switched on: error vector is FDS-SDF
 Max. Iterations for DIIS is     :   4
 DIIS matrix (see manual) 
    Scaling factor of diagonals  :  1.200
    threshold for scaling factor :  0.000

 scf convergence criterion : increment of total energy < .1000000D-06
                  and increment of one-electron energy < .1000000D-03

  MOs are in ASCII format !


 automatic virtual orbital shift switched on 
      shift if e(lumo)-e(homo) < 0.10000000    


 reading orbital data $scfmo  from file mos
 orbital characterization : scfconv=7

 DSCF restart information will be dumped onto file mos


 Starting SCF iterations

          Overall gridpoints after grid construction =         83253

 ITERATION  ENERGY          1e-ENERGY        2e-ENERGY     RMS[dD(SAO)]   TOL
   1  -2613.6956219896    -3813.2890680     1110.1929345    0.000D+00 0.124D-10
                            Exc = -97.3867128591     Coul =  1207.57964736    
                              N = 43.999999853    
                            current damping = 0.300
 
          max. resid. norm for Fia-block=  4.819D-06 for orbital     19a         
          max. resid. fock norm         =  5.564D-06 for orbital    170a         

 ITERATION  ENERGY          1e-ENERGY        2e-ENERGY     RMS[dD(SAO)]   TOL
   2  -2613.6956219896    -3813.2891795     1110.1930460    0.145D-06 0.789D-11
                            Exc = -97.3867279409     Coul =  1207.57977395    
                              N = 43.999999853    
                            current damping = 0.300
 
          Norm of current diis error: 0.61851E-04
          max. resid. norm for Fia-block=  2.218D-06 for orbital     20a         
          max. resid. fock norm         =  2.730D-06 for orbital    134a         

 ENERGY & DENSITY CONVERGED !


 ITERATION  ENERGY          1e-ENERGY        2e-ENERGY     RMS[dD(SAO)]   TOL
   3  -2613.6956219897    -3813.2891951     1110.1930616    0.486D-07 0.689D-11
                            Exc = -97.3867248030     Coul =  1207.57978639    
                              N = 43.999999853    
                            current damping = 0.150
 
          Norm of current diis error: 0.10025E-04
          max. resid. norm for Fia-block=  7.125D-07 for orbital     15a         
          max. resid. fock norm         =  1.027D-06 for orbital    137a         

 End of SCF iterations

   convergence criteria satisfied after     3 iterations


                  ------------------------------------------ 
                 |  total energy      =  -2613.69562198972  |
                  ------------------------------------------ 
                 :  kinetic energy    =   2609.41171489406  :
                 :  potential energy  =  -5223.10733688378  :
                 :  virial theorem    =      1.99836097706  :
                 :  wavefunction norm =      1.00000000000  :
                  .......................................... 


 orbitals $scfmo  will be written to file mos

    irrep                 18a         19a         20a         21a         22a   
 eigenvalues H         -0.40021    -0.40019    -0.35642    -0.24494    -0.24493
            eV         -10.8903    -10.8899     -9.6989     -6.6652     -6.6649
 occupation              2.0000      2.0000      2.0000      2.0000      2.0000

    irrep                 23a         24a         25a         26a         27a   
 eigenvalues H         -0.04124     0.01181     0.05971     0.05971     0.09113
            eV          -1.1221      0.3215      1.6247      1.6248      2.4798
 
 
 
 
 ==============================================================================
                           electrostatic moments
 ==============================================================================

 reference point for electrostatic moments:    0.00000   0.00000   0.00000

 
              nuc           elec       ->  total
 ------------------------------------------------------------------------------
                          charge      
 ------------------------------------------------------------------------------
          44.000000     -44.000000       0.000000
 
 ------------------------------------------------------------------------------
                       dipole moment  
 ------------------------------------------------------------------------------
   x      -0.816570       0.864385       0.047815
   y    -308.681025     307.964917      -0.716107
   z     149.166081    -149.130388       0.035694
 
   | dipole moment | =     0.7186 a.u. =     1.8265 debye 
 
 ------------------------------------------------------------------------------
                     quadrupole moment
 ------------------------------------------------------------------------------
  xx       6.132695     -25.409654     -19.276959
  yy    2272.840093   -2279.452134      -6.612042
  zz     511.610549    -530.648617     -19.038068
  xy      -1.051180       0.554012      -0.497168
  xz      -2.431347       2.601481       0.170134
  yz   -1051.520212    1048.712119      -2.808093
 
     1/3  trace=     -14.975690
     anisotropy=      13.487631
 
 ==============================================================================
 
HOMO-LUMO Separation
 HOMO         :   -0.24492834 H =     -6.66484 eV
 LUMO         :   -0.04123577 H =     -1.12208 eV
 HOMO-LUMO gap:    0.20369257 H =     +5.54276 eV
 
 ==============================================================================


    ------------------------------------------------------------------------
         total  cpu-time :   3.79 seconds
         total wall-time :   3.80 seconds
    ------------------------------------------------------------------------

   ****  ridft : all done  ****


    2020-08-30 23:38:06.882 

 ridft ended normally
