
 ridft (tigris) : TURBOMOLE rev. V7.4.1 (b987a8a8) compiled 15 Oct 2019 at 12:03:25
 Copyright (C) 2019 TURBOMOLE GmbH, Karlsruhe


    2020-12-20 19:37:16.212 



                                  r i d f t

                        DFT program with RI approximation 
                                for coulomb part 




                                                 
                                 References:     
                                                 
          TURBOMOLE:                             
              R. Ahlrichs, M. Baer, M. Haeser, H. Horn, and
              C. Koelmel
              Electronic structure calculations on workstation
              computers: the program system TURBOMOLE
              Chem. Phys. Lett. 162: 165 (1989)
          Density Functional:                              
              O. Treutler and R. Ahlrichs                      
              Efficient Molecular Numerical Integration Schemes
              J. Chem. Phys. 102: 346 (1995)                   
          Parallel Version:                                
              Performance of parallel TURBOMOLE for Density    
              Functional Calculations                          
              M. v. Arnim and R. Ahlrichs                      
              J. Comp. Chem. 19: 1746 (1998)                   
          RI-J Method:                                     
              Auxiliary Basis Sets to approximate Coulomb      
              Potentials                                       
              Chem. Phys. Lett. 240: 283 (1995)                
              K. Eichkorn, O. Treutler, H. Oehm, M. Haeser     
              and R. Ahlrichs                                  
              Chem. Phys. Lett. 242: 652 (1995)                
                                                           
              Auxiliary Basis Sets for Main Row Atoms and their
              Use to approximate Coulomb Potentials            
              K. Eichkorn, F. Weigend, O. Treutler and         
              R. Ahlrichs                                      
              Theo. Chem. Acc. 97: 119 (1997)                   
                                                           
              Accurate Coulomb-fitting basis sets for H to Rn 
              F. Weigend                                        
              Phys. Chem. Chem. Phys. 8: 1057 (2006)            
                                                           
          Multipole accelerated RI-J (MARI-J):             
              Fast evaluation of the Coulomb potential for     
              electron densities using multipole accelerated   
              resolution of identity approximation             
              M. Sierka, A. Hogekamp and R. Ahlrichs           
              J. Chem. Phys. 118: 9136 (2003)                  
          RI-JK Method:                                     
              A fully direct RI-HF algorithm: Implementation,
              optimised auxiliary basis sets, demonstration of
              accuracy and efficiency                         
              F. Weigend                                      
              Phys. Chem. Chem. Phys. 4: 4285 (2002)           
          Two-component HF and DFT with spin-orbit coupling:  
              Self-consistent treatment of spin-orbit         
              interactions with efficient Hartree-Fock and    
              density functional methods                      
              M. K. Armbruster, F. Weigend, C. van Wüllen and 
              W. Klopper                                      
              Phys. Chem. Chem. Phys. 10: 1748 (2008)         
          Two-component difference density and DIIS algorithm 
              Efficient two-component self-consistent field   
              procedures and gradients: implementation in     
              TURBOMOLE and application to Au20-              
              A. Baldes, F. Weigend                           
              Mol. Phys. 111: 2617 (2013)                     
          Relativistic all-electron 2c calculations           
              An efficient implementation of two-component    
              relativistic exact-decoupling methods for large 
              molecules                                       
              D. Peng, N. Middendorf, F. Weigend, M. Reiher   
              J. Chem. Phys. 138: 184105 (2013)               
          Finite nucleus model and SNSO approximation         
              Efficient implementation of one- and two-       
              component analytical energy gradients in exact  
              two-component theory                            
              Y. J. Franzke, N. Middendorf, F. Weigend        
              J. Chem. Phys. 148: 104110 (2018)               
                                         




              +--------------------------------------------------+
              |      general information about current run       |
              +--------------------------------------------------+

 

 DENSITY CONVERGENCE CHECK SWITCHED ON !
 SCF CONVERGENCE IF RMS(delta[D]) <     0.1000000000E-06

 TPSS global hybrid functional
 exchange:    9/10 (LDA+TPSS) + 1/10 HF
 correlation: LDA (PW) + TPSS
 A Hybrid-DFT calculation using the RI-J approximation will be carried out.
 Allocatable memory for RI due to $ricore (MB):                   500


              +--------------------------------------------------+
              | Atomic coordinate, charge and isotop information |
              +--------------------------------------------------+

                    atomic coordinates            atom    charge  isotop
          0.12378732    0.13079216    5.63236034    n      7.000     0
          1.92218202    0.17132367    6.28007515    h      1.000     0
         -1.17477919   -2.16015395    6.50263359    c      6.000     0
         -3.09045648   -2.15523634    5.76369796    h      1.000     0
         -0.21384154   -3.80016434    5.72620126    h      1.000     0
         -1.25417634   -2.34570047    8.55261264    h      1.000     0
         -0.74102162    1.69369613    6.31415805    h      1.000     0
 
       center of nuclear mass  :   -0.50811323   -0.98530617    6.11416006
       center of nuclear charge:   -0.53108210   -1.02674777    6.17105939

              +--------------------------------------------------+
              |               basis set information              |
              +--------------------------------------------------+

              we will work with the 1s 3p 5d 7f 9g ... basis set
              ...i.e. with spherical basis functions...

   type   atoms  prim   cont   basis
   ---------------------------------------------------------------------------
    n        1     50     30   cc-pVTZ   [4s3p2d1f|18s5p2d1f]
    h        5     16     14   cc-pVTZ   [3s2p1d|5s2p1d]
    c        1     50     30   cc-pVTZ   [4s3p2d1f|18s5p2d1f]
   ---------------------------------------------------------------------------
   total:    7    180    130
   ---------------------------------------------------------------------------

   total number of primitive shells          :   60
   total number of contracted shells         :   50
   total number of cartesian basis functions :  145
   total number of SCF-basis functions       :  130


 integral neglect threshold       :  0.23E-10
 integral storage threshold THIZE :  0.10E-04
 integral storage threshold THIME :         5

 RI-J AUXILIARY BASIS SET information:

              we will work with the 1s 3p 5d 7f 9g ... basis set
              ...i.e. with spherical basis functions...

   type   atoms  prim   cont   basis
   ---------------------------------------------------------------------------
    n        1     70     49   cc-pVTZ   [6s4p3d1f1g|12s5p4d2f1g]
    h        5     16     11   cc-pVTZ   [3s1p1d|5s2p1d]
    c        1     70     49   cc-pVTZ   [6s4p3d1f1g|12s5p4d2f1g]
   ---------------------------------------------------------------------------
   total:    7    220    153
   ---------------------------------------------------------------------------

   total number of primitive shells          :   56
   total number of contracted shells         :   55
   total number of cartesian basis functions :  182
   total number of SCF-basis functions       :  153


 symmetry group of the molecule :   c1 

 the group has the following generators :
   c1(z)

    1 symmetry operations found

 there are 1 real representations :   a   

 maximum number of shells which are related by symmetry :  1


    mo occupation :
   irrep   mo's   occupied
    a      130        9
 
 number of basis functions   :                    130
 number of occupied orbitals :                      9
 
  
           ------------------
           density functional
           ------------------
 TPSS global hybrid functional
 exchange:    9/10 (LDA+TPSS) + 1/10 HF
 correlation: LDA (PW) + TPSS

 spherical integration : Lebedev's spherical grid
 spherical gridsize    :                     5
    i.e. gridpoints    :                   590
 value for diffuse not defined
 radial integration    : Chebyshev 2nd kind (scaling 3)
 radial gridsize       :                     8
 integration cells     :                     7
 partition function    : becke
 partition sharpness   :                     3
  

 biggest AO integral is expected to be     4.229423036
  
           ------------------------
               RI-J - INFORMATION
           ------------------------
 Contributions to RI integral batches: 
  neglected integral batches:                     0
  direct contribution:                            0
  memory contribution:                  1275
 Memory core needed for (P|Q) and Cholesky      1 MByte
 Memory core minimum needed except of (P|Q)     1 MByte
 Total minimum memory core needed (sum)         1 MByte
  
 ****************************************
 Memory allocated for RI-J    15 MByte
 ****************************************
                                            

          ------------------------
          nuclear repulsion energy  :   42.0380643283    
          ------------------------


         -----------------
         -S,T+V- integrals
         -----------------

 1e-integrals will be neglected if expon. factor < 0.230480E-11
 
   Difference densities algorithm switched on.
   The maximal number of linear combinations of
   difference densities is                    20 .

 DIIS switched on: error vector is FDS-SDF
 Max. Iterations for DIIS is     :   4
 DIIS matrix (see manual) 
    Scaling factor of diagonals  :  1.200
    threshold for scaling factor :  0.000

 scf convergence criterion : increment of total energy < .1000000D-06
                  and increment of one-electron energy < .1000000D-03

  MOs are in ASCII format !


 automatic virtual orbital shift switched on 
      shift if e(lumo)-e(homo) < 0.10000000    


 reading orbital data $scfmo  from file mos
 orbital characterization : scfconv=7

 DSCF restart information will be dumped onto file mos


 Starting SCF iterations

          Overall gridpoints after grid construction =        103891

 ITERATION  ENERGY          1e-ENERGY        2e-ENERGY     RMS[dD(SAO)]   TOL
   1  -95.896553148903    -211.67898988     73.744372398    0.000D+00 0.230D-10
                            Exc = -12.8602973962     Coul =  87.9601512036    
                            exK = -1.35548140901    
                              N = 18.000000014    
                            current damping = 0.300
 
          max. resid. norm for Fia-block=  4.235D-02 for orbital      1a         
          max. resid. fock norm         =  7.305D-02 for orbital    113a         

 ITERATION  ENERGY          1e-ENERGY        2e-ENERGY     RMS[dD(SAO)]   TOL
   2  -95.898375130221    -211.66621373     73.729774269    0.804D-03 0.145D-10
                            Exc = -12.8762141017      Eck =  86.6059883712    
                              N = 18.000000010    
                            current damping = 0.250
 
          Norm of current diis error: 0.48646E-01
          max. resid. norm for Fia-block=  1.007D-02 for orbital      2a         
          max. resid. fock norm         =  1.972D-02 for orbital    113a         

 ITERATION  ENERGY          1e-ENERGY        2e-ENERGY     RMS[dD(SAO)]   TOL
   3  -95.898468188291    -211.70773455     73.771202035    0.199D-03 0.119D-10
                            Exc = -12.8824641848      Eck =  86.6536662195    
                              N = 18.000000009    
                            current damping = 0.200
 
          Norm of current diis error: 0.32479E-01
          max. resid. norm for Fia-block=  2.142D-03 for orbital      1a         
          max. resid. fock norm         =  5.328D-03 for orbital    113a         

 ITERATION  ENERGY          1e-ENERGY        2e-ENERGY     RMS[dD(SAO)]   TOL
   4  -95.898507132373    -211.69508222     73.758510757    0.650D-04 0.114D-10
                            Exc = -12.8824850279      Eck =  86.6409957851    
                              N = 18.000000010    
                            current damping = 0.250
 
          Norm of current diis error: 0.41546E-02
          max. resid. norm for Fia-block=  3.493D-04 for orbital      9a         
          max. resid. fock norm         =  8.978D-04 for orbital    113a         

 ITERATION  ENERGY          1e-ENERGY        2e-ENERGY     RMS[dD(SAO)]   TOL
   5  -95.898507622208    -211.68771238     73.751140432    0.133D-04 0.106D-10
                            Exc = -12.8818655831      Eck =  86.6330060155    
                              N = 18.000000010    
                            current damping = 0.100
 
          Norm of current diis error: 0.24870E-02
          max. resid. norm for Fia-block=  1.271D-04 for orbital      9a         
          max. resid. fock norm         =  2.345D-04 for orbital    113a         
          mo-orthogonalization: Cholesky decomposition

 ITERATION  ENERGY          1e-ENERGY        2e-ENERGY     RMS[dD(SAO)]   TOL
   6  -95.898507851921    -211.69245093     73.755878751    0.614D-05 0.104D-10
                            Exc = -12.8823500535      Eck =  86.6382288048    
                              N = 18.000000009    
                            current damping = 0.150
 
          Norm of current diis error: 0.40369E-03
          max. resid. norm for Fia-block=  2.676D-05 for orbital      5a         
          max. resid. fock norm         =  3.658D-05 for orbital     92a         

 ITERATION  ENERGY          1e-ENERGY        2e-ENERGY     RMS[dD(SAO)]   TOL
   7  -95.898507857634    -211.69185009     73.755277906    0.999D-06 0.102D-10
                            Exc = -12.8822965209      Eck =  86.6375744265    
                              N = 18.000000009    
                            current damping = 0.200
 
          Norm of current diis error: 0.89619E-04
          max. resid. norm for Fia-block=  6.145D-06 for orbital      9a         
          max. resid. fock norm         =  8.128D-06 for orbital      9a         

 ENERGY & DENSITY CONVERGED !


 ITERATION  ENERGY          1e-ENERGY        2e-ENERGY     RMS[dD(SAO)]   TOL
   8  -95.898507857976    -211.69185042     73.755278232    0.228D-06 0.989D-11
                            Exc = -12.8822974420      Eck =  86.6375756742    
                              N = 18.000000009    
                            current damping = 0.250
 
          Norm of current diis error: 0.28820E-04
          max. resid. norm for Fia-block=  2.098D-06 for orbital      7a         
          max. resid. fock norm         =  2.952D-06 for orbital     62a         

 End of SCF iterations

   convergence criteria satisfied after     8 iterations


                  ------------------------------------------ 
                 |  total energy      =    -95.89850785798  |
                  ------------------------------------------ 
                 :  kinetic energy    =     95.36134920389  :
                 :  potential energy  =   -191.25985706187  :
                 :  virial theorem    =      1.99439867558  :
                 :  wavefunction norm =      1.00000000000  :
                  .......................................... 


 <geterg> : there is no data group $energy 


 <skperg> : $end is missing 


 orbitals $scfmo  will be written to file mos

    irrep                  5a          6a          7a          8a          9a   
 eigenvalues H         -0.46773    -0.41782    -0.38362    -0.35143    -0.21675
            eV         -12.7275    -11.3696    -10.4389     -9.5629     -5.8981
 occupation              2.0000      2.0000      2.0000      2.0000      2.0000

    irrep                 10a         11a         12a         13a         14a   
 eigenvalues H          0.03793     0.07639     0.09680     0.11842     0.13407
            eV           1.0323      2.0788      2.6340      3.2223      3.6481
 
 
 
 
 ==============================================================================
                           electrostatic moments
 ==============================================================================

 reference point for electrostatic moments:    0.00000   0.00000   0.00000

 
              nuc           elec       ->  total
 ------------------------------------------------------------------------------
                          charge      
 ------------------------------------------------------------------------------
          18.000000     -18.000000       0.000000
 
 ------------------------------------------------------------------------------
                       dipole moment  
 ------------------------------------------------------------------------------
   x      -9.559478       9.581984       0.022506
   y     -18.481460      18.509827       0.028367
   z     111.079069    -110.585461       0.493608
 
   | dipole moment | =     0.4949 a.u. =     1.2580 debye 
 
 ------------------------------------------------------------------------------
                     quadrupole moment
 ------------------------------------------------------------------------------
  xx      23.801405     -33.228383      -9.426978
  yy      55.603898     -65.265075      -9.661177
  zz     694.234556    -700.013188      -5.778631
  xy      24.829025     -25.013219      -0.184194
  xz     -63.325370      63.712332       0.386962
  yz    -121.597772     122.215519       0.617747
 
     1/3  trace=      -8.288929
     anisotropy=       3.989430
 
 ==============================================================================
 
HOMO-LUMO Separation
 HOMO         :   -0.21675091 H =     -5.89810 eV
 LUMO         :    0.03793499 H =     +1.03226 eV
 HOMO-LUMO gap:    0.25468590 H =     +6.93036 eV
 
 ==============================================================================


    ------------------------------------------------------------------------
         total  cpu-time :  37.72 seconds
         total wall-time :  2 minutes and 32 seconds
    ------------------------------------------------------------------------

   ****  ridft : all done  ****


    2020-12-20 19:39:48.385 

 ridft ended normally
