           SMPCPUS    set: Shared-memory Parallelization with  10 CPUs.

           SMP Parallelization Reference:
           C. van Wullen, J. Comput. Chem. 32 (2011) 1195--1201

 ridft (c-19-411) : TURBOMOLE rev. V7.5.0 compiled 13 Jun 2020 at 23:29:25
 Copyright (C) 2020 TURBOMOLE GmbH, Karlsruhe


    2020-08-03 15:26:22.075 



                                  r i d f t

                        DFT program with RI approximation 
                                for coulomb part 




                                                 
                                 References:     
                                                 
          TURBOMOLE:                             
              R. Ahlrichs, M. Baer, M. Haeser, H. Horn, and
              C. Koelmel
              Electronic structure calculations on workstation
              computers: the program system TURBOMOLE
              Chem. Phys. Lett. 162: 165 (1989)
          Density Functional:                              
              O. Treutler and R. Ahlrichs                      
              Efficient Molecular Numerical Integration Schemes
              J. Chem. Phys. 102: 346 (1995)                   
          Parallel Version:                                
              Performance of parallel TURBOMOLE for Density    
              Functional Calculations                          
              M. v. Arnim and R. Ahlrichs                      
              J. Comp. Chem. 19: 1746 (1998)                   
          RI-J Method:                                     
              Auxiliary Basis Sets to approximate Coulomb      
              Potentials                                       
              Chem. Phys. Lett. 240: 283 (1995)                
              K. Eichkorn, O. Treutler, H. Oehm, M. Haeser     
              and R. Ahlrichs                                  
              Chem. Phys. Lett. 242: 652 (1995)                
                                                           
              Auxiliary Basis Sets for Main Row Atoms and their
              Use to approximate Coulomb Potentials            
              K. Eichkorn, F. Weigend, O. Treutler and         
              R. Ahlrichs                                      
              Theo. Chem. Acc. 97: 119 (1997)                   
                                                           
              Accurate Coulomb-fitting basis sets for H to Rn 
              F. Weigend                                        
              Phys. Chem. Chem. Phys. 8: 1057 (2006)            
                                                           
          Multipole accelerated RI-J (MARI-J):             
              Fast evaluation of the Coulomb potential for     
              electron densities using multipole accelerated   
              resolution of identity approximation             
              M. Sierka, A. Hogekamp and R. Ahlrichs           
              J. Chem. Phys. 118: 9136 (2003)                  
          RI-JK Method:                                     
              A fully direct RI-HF algorithm: Implementation,
              optimised auxiliary basis sets, demonstration of
              accuracy and efficiency                         
              F. Weigend                                      
              Phys. Chem. Chem. Phys. 4: 4285 (2002)           
          Two-component HF and DFT with spin-orbit coupling:  
              Self-consistent treatment of spin-orbit         
              interactions with efficient Hartree-Fock and    
              density functional methods                      
              M. K. Armbruster, F. Weigend, C. van Wüllen and 
              W. Klopper                                      
              Phys. Chem. Chem. Phys. 10: 1748 (2008)         
          Two-component difference density and DIIS algorithm 
              Efficient two-component self-consistent field   
              procedures and gradients: implementation in     
              TURBOMOLE and application to Au20-              
              A. Baldes, F. Weigend                           
              Mol. Phys. 111: 2617 (2013)                     
          Relativistic all-electron 2c calculations           
              An efficient implementation of two-component    
              relativistic exact-decoupling methods for large 
              molecules                                       
              D. Peng, N. Middendorf, F. Weigend, M. Reiher   
              J. Chem. Phys. 138: 184105 (2013)               
          Finite nucleus model and SNSO approximation         
              Efficient implementation of one- and two-       
              component analytical energy gradients in exact  
              two-component theory                            
              Y. J. Franzke, N. Middendorf, F. Weigend        
              J. Chem. Phys. 148: 104110 (2018)               
          Grids for all-electron relativistic methods         
              Error-consistent segmented contracted all-      
              electron relativistic basis sets of double-     
              and triple-zeta quality for NMR shielding       
              constants                                       
              Y. J. Franzke, R. Tress, T. M. Pazdera,         
              F. Weigend                                      
              Phys. Chem. Chem. Phys. 21: 166658 (2019)       
          Seminumerical exchange algorithms                   
              Seminumerical calculation of the Hartree-Fock   
              exchange matirx: Application to two-component   
              procedures and efficient evaluation of local    
              hybrid functionsl                               
              P. Plessow, F. Weigend,                         
              J. Comput. Chem. 33: 810 (2012)                 
          Improved seminumerical algorithms                   
              C. Holzer, in preparation (2020)                
                                         




              +--------------------------------------------------+
              |      general information about current run       |
              +--------------------------------------------------+

 

 DENSITY CONVERGENCE CHECK SWITCHED ON !
 SCF CONVERGENCE IF RMS(delta[D]) <     0.1000000000E-06

 PBE functional
 exchange:    LDA + PBE
 correlation: LDA (PW) + PBE
 A DFT calculation using the RI-J approximation will be carried out.
 Allocatable memory for RI due to $ricore (MB):                  5000


              +--------------------------------------------------+
              | Atomic coordinate, charge and isotop information |
              +--------------------------------------------------+

                    atomic coordinates            atom    charge  isotop
         -0.05522347   -0.57510791   -0.08341062    c      6.000     0
         -4.13903954   -4.98261240   -1.85515007    cl    17.000     0
         -6.60027365   -7.64093173   -2.92198173    cl    17.000     0
         -1.91611238    0.26574274   -0.28419591    h      1.000     0
         -0.11563234   -2.05311752    1.33858940    h      1.000     0
          1.28180879    0.86862396    0.49611925    h      1.000     0
          0.54060718   -1.36918784   -1.87914934    h      1.000     0
 
       center of nuclear mass  :   -4.38895253   -5.25315108   -1.96318196
       center of nuclear charge:   -4.16156804   -5.00770083   -1.86455320

              +--------------------------------------------------+
              |               basis set information              |
              +--------------------------------------------------+

              we will work with the 1s 3p 5d 7f 9g ... basis set
              ...i.e. with spherical basis functions...

   type   atoms  prim   cont   basis
   ---------------------------------------------------------------------------
    c        1    118     91   cc-pV5Z   [6s5p4d3f2g1h|24s8p4d3f2g1h]
    cl       2    187    100   cc-pV(5+d)Z   [7s6p5d3f2g1h|52s20p5d3f2g1h]
    h        4     58     55   cc-pV5Z   [5s4p3d2f1g|8s4p3d2f1g]
   ---------------------------------------------------------------------------
   total:    7    724    511
   ---------------------------------------------------------------------------

   total number of primitive shells          :  143
   total number of contracted shells         :  129
   total number of cartesian basis functions :  678
   total number of SCF-basis functions       :  511


 integral neglect threshold       :  0.49E-11
 integral storage threshold THIZE :  0.10E-04
 integral storage threshold THIME :         5

 RI-J AUXILIARY BASIS SET information:

              we will work with the 1s 3p 5d 7f 9g ... basis set
              ...i.e. with spherical basis functions...

   type   atoms  prim   cont   basis
   ---------------------------------------------------------------------------
    c        1     70     49   cc-pV5Z   [6s4p3d1f1g|12s5p4d2f1g]
    cl       2     77     51   universal   [8s4p3d1f1g|14s5p5d2f1g]
    h        4     16     11   cc-pV5Z   [3s1p1d|5s2p1d]
   ---------------------------------------------------------------------------
   total:    7    288    195
   ---------------------------------------------------------------------------

   total number of primitive shells          :   59
   total number of contracted shells         :   69
   total number of cartesian basis functions :  235
   total number of SCF-basis functions       :  195


 symmetry group of the molecule :   c1 

 the group has the following generators :
   c1(z)

    1 symmetry operations found

 there are 1 real representations :   a   

 maximum number of shells which are related by symmetry :  1

  
           ------------------
           density functional
           ------------------
 PBE functional
 exchange:    LDA + PBE
 correlation: LDA (PW) + PBE

 spherical integration : Lebedev's spherical grid
 spherical gridsize    :                     5
    i.e. gridpoints    :                   590
 value for diffuse not defined
 radial integration    : Chebyshev 2nd kind (scaling 3)
 radial gridsize       :                     8
 integration cells     :                     7
 partition function    : becke
 partition sharpness   :                     3
  

 biggest AO integral is expected to be    10.299436986

          ------------------------
          nuclear repulsion energy  :   133.863181572    
          ------------------------


         -----------------
         -S,T+V- integrals
         -----------------

 1e-integrals will be neglected if expon. factor < 0.492915E-12
 
   Difference densities algorithm switched on.
   The maximal number of linear combinations of
   difference densities is                    20 .

 DIIS switched on: error vector is FDS-SDF
 Max. Iterations for DIIS is     :   4
 DIIS matrix (see manual) 
    Scaling factor of diagonals  :  1.200
    threshold for scaling factor :  0.000

 scf convergence criterion : increment of total energy < .1000000D-06
                  and increment of one-electron energy < .1000000D-03

 MOs are in ASCII format !


    mo occupation :
   irrep   mo's   occupied
    a      511       22
 
 number of basis functions   :   511
 number of occupied orbitals :    22
 

 reading orbital data $scfmo  from file mos
 orbital characterization : expanded
 virtual MOs provided and orthogonalized by Cholesky decomposition

 automatic virtual orbital shift switched on 
      shift if e(lumo)-e(homo) < 0.10000000    

  
           ------------------------
               RI-J - INFORMATION
           ------------------------
 Contributions to RI integral batches: 
  neglected integral batches:                  1696
  direct contribution:                            0
  memory contribution:                  6689
 Memory core needed for (P|Q) and Cholesky      1 MByte
 Memory core minimum needed except of (P|Q)     2 MByte
 Total minimum memory core needed (sum)         2 MByte
  
 ****************************************
 Memory allocated for RI-J   324 MByte
 ****************************************
                                            

 DSCF restart information will be dumped onto file mos


 Starting SCF iterations

          Overall gridpoints after grid construction =        114476

 ITERATION  ENERGY          1e-ENERGY        2e-ENERGY     RMS[dD(SAO)]   TOL
   1  -960.19178954505    -1586.5519566     492.49698548    0.000D+00 0.492D-11
                            Exc = -62.5833957344     Coul =  555.080381217    
                              N = 44.000000068    
                            current damping = 0.300
 
          max. resid. norm for Fia-block=  3.832D-01 for orbital      1a         
          max. resid. fock norm         =  2.710D+01 for orbital    496a         

 ITERATION  ENERGY          1e-ENERGY        2e-ENERGY     RMS[dD(SAO)]   TOL
   2  -960.48819217034    -1591.2814243     496.93005060    0.106D-01 0.313D-11
                            Exc = -62.9722855089     Coul =  559.902336113    
                              N = 43.999999905    
                            current damping = 0.250
 
          Norm of current diis error:  1.1095    
          max. resid. norm for Fia-block=  6.436D-02 for orbital     13a         
          max. resid. fock norm         =  1.067D-01 for orbital    363a         

 ITERATION  ENERGY          1e-ENERGY        2e-ENERGY     RMS[dD(SAO)]   TOL
   3  -960.51477402997    -1589.6703998     495.29244415    0.208D-02 0.268D-11
                            Exc = -62.8668932266     Coul =  558.159337377    
                              N = 43.999999833    
                            current damping = 0.200
 
          Norm of current diis error: 0.42585    
          max. resid. norm for Fia-block=  1.618D-02 for orbital     14a         
          max. resid. fock norm         =  1.650D-02 for orbital     14a         

 ITERATION  ENERGY          1e-ENERGY        2e-ENERGY     RMS[dD(SAO)]   TOL
   4  -960.51903258175    -1590.3677703     495.98555618    0.663D-03 0.235D-11
                            Exc = -62.9281349949     Coul =  558.913691177    
                              N = 43.999999824    
                            current damping = 0.250
 
          Norm of current diis error: 0.92278E-01
          max. resid. norm for Fia-block=  2.943D-03 for orbital     18a         
          max. resid. fock norm         =  6.094D-03 for orbital    218a         

 ITERATION  ENERGY          1e-ENERGY        2e-ENERGY     RMS[dD(SAO)]   TOL
   5  -960.51916352282    -1590.3513319     495.96898684    0.114D-03 0.219D-11
                            Exc = -62.9245691647     Coul =  558.893556007    
                              N = 43.999999815    
                            current damping = 0.300
 
          Norm of current diis error: 0.22346E-01
          max. resid. norm for Fia-block=  1.461D-03 for orbital     15a         
          max. resid. fock norm         =  2.475D-03 for orbital    186a         
          mo-orthogonalization: Cholesky decomposition

 ITERATION  ENERGY          1e-ENERGY        2e-ENERGY     RMS[dD(SAO)]   TOL
   6  -960.51917381598    -1590.2821818     495.89982643    0.292D-04 0.210D-11
                            Exc = -62.9207403167     Coul =  558.820566748    
                              N = 43.999999815    
                            current damping = 0.150
 
          Norm of current diis error: 0.14843E-01
          max. resid. norm for Fia-block=  7.043D-04 for orbital     15a         
          max. resid. fock norm         =  1.344D-03 for orbital    507a         

 ITERATION  ENERGY          1e-ENERGY        2e-ENERGY     RMS[dD(SAO)]   TOL
   7  -960.51918154836    -1590.2910553     495.90869216    0.123D-04 0.207D-11
                            Exc = -62.9211025268     Coul =  558.829794687    
                              N = 43.999999814    
                            current damping = 0.200
 
          Norm of current diis error: 0.45185E-02
          max. resid. norm for Fia-block=  3.833D-04 for orbital     15a         
          max. resid. fock norm         =  7.840D-04 for orbital    507a         

 ITERATION  ENERGY          1e-ENERGY        2e-ENERGY     RMS[dD(SAO)]   TOL
   8  -960.51918228392    -1590.3033618     495.92099795    0.569D-05 0.206D-11
                            Exc = -62.9217472677     Coul =  558.842745222    
                              N = 43.999999814    
                            current damping = 0.100
 
          Norm of current diis error: 0.30377E-02
          max. resid. norm for Fia-block=  1.535D-04 for orbital     15a         
          max. resid. fock norm         =  3.077D-04 for orbital    507a         

 ITERATION  ENERGY          1e-ENERGY        2e-ENERGY     RMS[dD(SAO)]   TOL
   9  -960.51918281689    -1590.3012564     495.91889205    0.230D-05 0.204D-11
                            Exc = -62.9217142218     Coul =  558.840606268    
                              N = 43.999999814    
                            current damping = 0.150
 
          Norm of current diis error: 0.54629E-03
          max. resid. norm for Fia-block=  2.712D-05 for orbital     15a         
          max. resid. fock norm         =  5.289D-05 for orbital    316a         

 ITERATION  ENERGY          1e-ENERGY        2e-ENERGY     RMS[dD(SAO)]   TOL
  10  -960.51918282849    -1590.2997682     495.91740375    0.760D-06 0.201D-11
                            Exc = -62.9216076795     Coul =  558.839011432    
                              N = 43.999999814    
                            current damping = 0.100
 
          Norm of current diis error: 0.28376E-03
          max. resid. norm for Fia-block=  7.626D-06 for orbital     18a         
          max. resid. fock norm         =  1.037D-05 for orbital    404a         
          mo-orthogonalization: Cholesky decomposition

 ENERGY & DENSITY CONVERGED !


 ITERATION  ENERGY          1e-ENERGY        2e-ENERGY     RMS[dD(SAO)]   TOL
  11  -960.51918282959    -1590.2996577     495.91729326    0.771D-07 0.198D-11
                            Exc = -62.9215933536     Coul =  558.838886614    
                              N = 43.999999814    
                            current damping = 0.100
 
          Norm of current diis error: 0.72623E-04
          max. resid. norm for Fia-block=  4.918D-06 for orbital     15a         
          max. resid. fock norm         =  8.250D-06 for orbital    316a         

 End of SCF iterations

   convergence criteria satisfied after    11 iterations


                  ------------------------------------------ 
                 |  total energy      =   -960.51918282959  |
                  ------------------------------------------ 
                 :  kinetic energy    =    959.53309803097  :
                 :  potential energy  =  -1920.05228086055  :
                 :  virial theorem    =      1.99897338354  :
                 :  wavefunction norm =      1.00000000000  :
                  .......................................... 


 <geterg> : there is no data group $energy 


 <skperg> : $end is missing 


 orbitals $scfmo  will be written to file mos

    irrep                 18a         19a         20a         21a         22a   
 eigenvalues H         -0.35434    -0.35434    -0.35397    -0.26642    -0.26642
            eV          -9.6422     -9.6421     -9.6322     -7.2497     -7.2497
 occupation              2.0000      2.0000      2.0000      2.0000      2.0000

    irrep                 23a         24a         25a         26a         27a   
 eigenvalues H         -0.15382     0.00616     0.06159     0.06160     0.06302
            eV          -4.1856      0.1676      1.6761      1.6762      1.7149
 
 
 
 
 ==============================================================================
                           electrostatic moments
 ==============================================================================

 reference point for electrostatic moments:    0.00000   0.00000   0.00000

 
              nuc           elec       ->  total
 ------------------------------------------------------------------------------
                          charge      
 ------------------------------------------------------------------------------
          44.000000     -44.000000      -0.000000
 
 ------------------------------------------------------------------------------
                       dipole moment  
 ------------------------------------------------------------------------------
   x    -183.108994     183.176449       0.067455
   y    -220.338836     220.411624       0.072787
   z     -82.040341      82.069613       0.029272
 
   | dipole moment | =     0.1035 a.u. =     0.2630 debye 
 
 ------------------------------------------------------------------------------
                     quadrupole moment
 ------------------------------------------------------------------------------
  xx    1037.457875   -1061.942267     -24.484391
  yy    1423.474077   -1447.924639     -24.450562
  zz     209.344172    -234.360585     -25.016413
  xy    1208.234979   -1207.566736       0.668244
  xz     458.432567    -458.154652       0.277915
  yz     537.160528    -536.875338       0.285190
 
     1/3  trace=     -24.650455
     anisotropy=       1.455180
 
 ==============================================================================
 
HOMO-LUMO Separation
 HOMO         :   -0.26641793 H =     -7.24960 eV
 LUMO         :   -0.15381777 H =     -4.18560 eV
 HOMO-LUMO gap:    0.11260017 H =     +3.06401 eV
 
 ==============================================================================


    ------------------------------------------------------------------------
         total  cpu-time :  1 minutes and 56 seconds
         total wall-time :  13.54 seconds
    ------------------------------------------------------------------------

   ****  ridft : all done  ****


    2020-08-03 15:26:35.600 

