
 ridft (tigris) : TURBOMOLE rev. V7.4.1 (b987a8a8) compiled 15 Oct 2019 at 12:03:25
 Copyright (C) 2019 TURBOMOLE GmbH, Karlsruhe


    2020-12-12 01:57:09.636 



                                  r i d f t

                        DFT program with RI approximation 
                                for coulomb part 




                                                 
                                 References:     
                                                 
          TURBOMOLE:                             
              R. Ahlrichs, M. Baer, M. Haeser, H. Horn, and
              C. Koelmel
              Electronic structure calculations on workstation
              computers: the program system TURBOMOLE
              Chem. Phys. Lett. 162: 165 (1989)
          Density Functional:                              
              O. Treutler and R. Ahlrichs                      
              Efficient Molecular Numerical Integration Schemes
              J. Chem. Phys. 102: 346 (1995)                   
          Parallel Version:                                
              Performance of parallel TURBOMOLE for Density    
              Functional Calculations                          
              M. v. Arnim and R. Ahlrichs                      
              J. Comp. Chem. 19: 1746 (1998)                   
          RI-J Method:                                     
              Auxiliary Basis Sets to approximate Coulomb      
              Potentials                                       
              Chem. Phys. Lett. 240: 283 (1995)                
              K. Eichkorn, O. Treutler, H. Oehm, M. Haeser     
              and R. Ahlrichs                                  
              Chem. Phys. Lett. 242: 652 (1995)                
                                                           
              Auxiliary Basis Sets for Main Row Atoms and their
              Use to approximate Coulomb Potentials            
              K. Eichkorn, F. Weigend, O. Treutler and         
              R. Ahlrichs                                      
              Theo. Chem. Acc. 97: 119 (1997)                   
                                                           
              Accurate Coulomb-fitting basis sets for H to Rn 
              F. Weigend                                        
              Phys. Chem. Chem. Phys. 8: 1057 (2006)            
                                                           
          Multipole accelerated RI-J (MARI-J):             
              Fast evaluation of the Coulomb potential for     
              electron densities using multipole accelerated   
              resolution of identity approximation             
              M. Sierka, A. Hogekamp and R. Ahlrichs           
              J. Chem. Phys. 118: 9136 (2003)                  
          RI-JK Method:                                     
              A fully direct RI-HF algorithm: Implementation,
              optimised auxiliary basis sets, demonstration of
              accuracy and efficiency                         
              F. Weigend                                      
              Phys. Chem. Chem. Phys. 4: 4285 (2002)           
          Two-component HF and DFT with spin-orbit coupling:  
              Self-consistent treatment of spin-orbit         
              interactions with efficient Hartree-Fock and    
              density functional methods                      
              M. K. Armbruster, F. Weigend, C. van Wüllen and 
              W. Klopper                                      
              Phys. Chem. Chem. Phys. 10: 1748 (2008)         
          Two-component difference density and DIIS algorithm 
              Efficient two-component self-consistent field   
              procedures and gradients: implementation in     
              TURBOMOLE and application to Au20-              
              A. Baldes, F. Weigend                           
              Mol. Phys. 111: 2617 (2013)                     
          Relativistic all-electron 2c calculations           
              An efficient implementation of two-component    
              relativistic exact-decoupling methods for large 
              molecules                                       
              D. Peng, N. Middendorf, F. Weigend, M. Reiher   
              J. Chem. Phys. 138: 184105 (2013)               
          Finite nucleus model and SNSO approximation         
              Efficient implementation of one- and two-       
              component analytical energy gradients in exact  
              two-component theory                            
              Y. J. Franzke, N. Middendorf, F. Weigend        
              J. Chem. Phys. 148: 104110 (2018)               
                                         




              +--------------------------------------------------+
              |      general information about current run       |
              +--------------------------------------------------+

 

 DENSITY CONVERGENCE CHECK SWITCHED ON !
 SCF CONVERGENCE IF RMS(delta[D]) <     0.1000000000E-06

 TPSS meta-GGA functional
 exchange:    LDA + TPSS
 correlation: LDA (PW) + TPSS
 A DFT calculation using the RI-J approximation will be carried out.
 Allocatable memory for RI due to $ricore (MB):                   500


              +--------------------------------------------------+
              | Atomic coordinate, charge and isotop information |
              +--------------------------------------------------+

                    atomic coordinates            atom    charge  isotop
         -0.20259637   -0.31617110   -0.03783818    cl    17.000     0
          0.01800950    0.01536137    2.46574834    h      1.000     0
 
       center of nuclear mass  :   -0.19649768   -0.30700583    0.03137391
       center of nuclear charge:   -0.19034048   -0.29775263    0.10124996

              +--------------------------------------------------+
              |               basis set information              |
              +--------------------------------------------------+

              we will work with the 1s 3p 5d 7f 9g ... basis set
              ...i.e. with spherical basis functions...

   type   atoms  prim   cont   basis
   ---------------------------------------------------------------------------
    cl       1    105     70   def2-QZVP   [9s6p4d2f1g|20s14p4d2f1g]
    h        1     33     30   def2-QZVP   [4s3p2d1f|7s3p2d1f]
   ---------------------------------------------------------------------------
   total:    2    138    100
   ---------------------------------------------------------------------------

   total number of primitive shells          :   54
   total number of contracted shells         :   32
   total number of cartesian basis functions :  121
   total number of SCF-basis functions       :  100


 integral neglect threshold       :  0.28E-10
 integral storage threshold THIZE :  0.10E-04
 integral storage threshold THIME :         5

 RI-J AUXILIARY BASIS SET information:

              we will work with the 1s 3p 5d 7f 9g ... basis set
              ...i.e. with spherical basis functions...

   type   atoms  prim   cont   basis
   ---------------------------------------------------------------------------
    cl       1     77     51   def2-QZVP   [8s4p3d1f1g|14s5p5d2f1g]
    h        1     16     11   def2-QZVP   [3s1p1d|5s2p1d]
   ---------------------------------------------------------------------------
   total:    2     93     62
   ---------------------------------------------------------------------------

   total number of primitive shells          :   35
   total number of contracted shells         :   22
   total number of cartesian basis functions :   75
   total number of SCF-basis functions       :   62


 symmetry group of the molecule :   c1 

 the group has the following generators :
   c1(z)

    1 symmetry operations found

 there are 1 real representations :   a   

 maximum number of shells which are related by symmetry :  1


    mo occupation :
   irrep   mo's   occupied
    a      100        9
 
 number of basis functions   :                    100
 number of occupied orbitals :                      9
 
  
           ------------------
           density functional
           ------------------
 TPSS meta-GGA functional
 exchange:    LDA + TPSS
 correlation: LDA (PW) + TPSS

 spherical integration : Lebedev's spherical grid
 spherical gridsize    :                     5
    i.e. gridpoints    :                   590
 value for diffuse not defined
 radial integration    : Chebyshev 2nd kind (scaling 3)
 radial gridsize       :                     8
 integration cells     :                     2
 partition function    : becke
 partition sharpness   :                     3
  

 biggest AO integral is expected to be    12.165751258
  
           ------------------------
               RI-J - INFORMATION
           ------------------------
 Contributions to RI integral batches: 
  neglected integral batches:                     0
  direct contribution:                            0
  memory contribution:                   528
 Memory core needed for (P|Q) and Cholesky      1 MByte
 Memory core minimum needed except of (P|Q)     1 MByte
 Total minimum memory core needed (sum)         1 MByte
  
 ****************************************
 Memory allocated for RI-J     5 MByte
 ****************************************
                                            

          ------------------------
          nuclear repulsion energy  :   6.70595723415    
          ------------------------


         -----------------
         -S,T+V- integrals
         -----------------

 1e-integrals will be neglected if expon. factor < 0.276195E-11
 
   Difference densities algorithm switched on.
   The maximal number of linear combinations of
   difference densities is                    20 .

 DIIS switched on: error vector is FDS-SDF
 Max. Iterations for DIIS is     :   4
 DIIS matrix (see manual) 
    Scaling factor of diagonals  :  1.200
    threshold for scaling factor :  0.000

 scf convergence criterion : increment of total energy < .1000000D-06
                  and increment of one-electron energy < .1000000D-03

  MOs are in ASCII format !


 automatic virtual orbital shift switched on 
      shift if e(lumo)-e(homo) < 0.10000000    


 reading orbital data $scfmo  from file mos
 orbital characterization : scfconv=7

 DSCF restart information will be dumped onto file mos


 Starting SCF iterations

          Overall gridpoints after grid construction =         34774

 ITERATION  ENERGY          1e-ENERGY        2e-ENERGY     RMS[dD(SAO)]   TOL
   1  -460.85074257949    -649.30060774     181.74390792    0.000D+00 0.275D-10
                            Exc = -28.5820343761     Coul =  210.325942300    
                              N = 17.999999975    
                            current damping = 0.300
 
          max. resid. norm for Fia-block=  1.839D-01 for orbital      1a         
          max. resid. fock norm         =  1.972D-01 for orbital    100a         

 ITERATION  ENERGY          1e-ENERGY        2e-ENERGY     RMS[dD(SAO)]   TOL
   2  -460.85147717620    -649.36067423     181.80323982    0.846D-03 0.175D-10
                            Exc = -28.5958582466     Coul =  210.399098070    
                              N = 17.999999977    
                            current damping = 0.250
 
          Norm of current diis error: 0.45074E-01
          max. resid. norm for Fia-block=  4.285D-02 for orbital      1a         
          max. resid. fock norm         =  4.768D-02 for orbital    100a         

 ITERATION  ENERGY          1e-ENERGY        2e-ENERGY     RMS[dD(SAO)]   TOL
   3  -460.85151439666    -649.33739351     181.77992188    0.181D-03 0.143D-10
                            Exc = -28.5955766021     Coul =  210.375498481    
                              N = 17.999999977    
                            current damping = 0.200
 
          Norm of current diis error: 0.10380E-01
          max. resid. norm for Fia-block=  8.801D-03 for orbital      1a         
          max. resid. fock norm         =  9.710D-03 for orbital    100a         

 ITERATION  ENERGY          1e-ENERGY        2e-ENERGY     RMS[dD(SAO)]   TOL
   4  -460.85151590744    -649.36460745     181.80713431    0.651D-04 0.135D-10
                            Exc = -28.5979354254     Coul =  210.405069736    
                              N = 17.999999978    
                            current damping = 0.250
 
          Norm of current diis error: 0.52238E-02
          max. resid. norm for Fia-block=  1.439D-03 for orbital      1a         
          max. resid. fock norm         =  1.616D-03 for orbital    100a         

 ITERATION  ENERGY          1e-ENERGY        2e-ENERGY     RMS[dD(SAO)]   TOL
   5  -460.85151725219    -649.35161825     181.79414376    0.158D-04 0.131D-10
                            Exc = -28.5971051341     Coul =  210.391248894    
                              N = 17.999999977    
                            current damping = 0.300
 
          Norm of current diis error: 0.75166E-03
          max. resid. norm for Fia-block=  2.914D-04 for orbital      1a         
          max. resid. fock norm         =  3.840D-04 for orbital     89a         
          mo-orthogonalization: Cholesky decomposition

 ITERATION  ENERGY          1e-ENERGY        2e-ENERGY     RMS[dD(SAO)]   TOL
   6  -460.85151727177    -649.35148429     181.79400979    0.238D-05 0.127D-10
                            Exc = -28.5970850859     Coul =  210.391094874    
                              N = 17.999999977    
                            current damping = 0.150
 
          Norm of current diis error: 0.18739E-03
          max. resid. norm for Fia-block=  7.062D-05 for orbital      1a         
          max. resid. fock norm         =  1.041D-04 for orbital     89a         

 ITERATION  ENERGY          1e-ENERGY        2e-ENERGY     RMS[dD(SAO)]   TOL
   7  -460.85151727365    -649.35236826     181.79489375    0.111D-05 0.125D-10
                            Exc = -28.5971543305     Coul =  210.392048084    
                              N = 17.999999977    
                            current damping = 0.200
 
          Norm of current diis error: 0.57637E-04
          max. resid. norm for Fia-block=  8.999D-06 for orbital      1a         
          max. resid. fock norm         =  1.191D-05 for orbital     89a         

 ENERGY & DENSITY CONVERGED !


 ITERATION  ENERGY          1e-ENERGY        2e-ENERGY     RMS[dD(SAO)]   TOL
   8  -460.85151727384    -649.35218758     181.79471307    0.181D-06 0.121D-10
                            Exc = -28.5971419038     Coul =  210.391854973    
                              N = 17.999999977    
                            current damping = 0.250
 
          Norm of current diis error: 0.41240E-05
          max. resid. norm for Fia-block=  1.447D-06 for orbital      1a         
          max. resid. fock norm         =  3.002D-06 for orbital     89a         

 End of SCF iterations

   convergence criteria satisfied after     8 iterations


                  ------------------------------------------ 
                 |  total energy      =   -460.85151727384  |
                  ------------------------------------------ 
                 :  kinetic energy    =    460.12990490340  :
                 :  potential energy  =   -920.98142217724  :
                 :  virial theorem    =      1.99843417599  :
                 :  wavefunction norm =      1.00000000000  :
                  .......................................... 


 <geterg> : there is no data group $energy 


 <skperg> : $end is missing 


 orbitals $scfmo  will be written to file mos

    irrep                  5a          6a          7a          8a          9a   
 eigenvalues H         -7.02590    -0.77996    -0.43109    -0.29717    -0.29717
            eV        -191.1860    -21.2239    -11.7307     -8.0866     -8.0866
 occupation              2.0000      2.0000      2.0000      2.0000      2.0000

    irrep                 10a         11a         12a         13a         14a   
 eigenvalues H         -0.04205     0.09438     0.16825     0.17541     0.17541
            eV          -1.1442      2.5683      4.5785      4.7732      4.7732
 
 
 
 
 ==============================================================================
                           electrostatic moments
 ==============================================================================

 reference point for electrostatic moments:    0.00000   0.00000   0.00000

 
              nuc           elec       ->  total
 ------------------------------------------------------------------------------
                          charge      
 ------------------------------------------------------------------------------
          18.000000     -18.000000      -0.000000
 
 ------------------------------------------------------------------------------
                       dipole moment  
 ------------------------------------------------------------------------------
   x      -3.426129       3.466615       0.040486
   y      -5.359547       5.420391       0.060844
   z       1.822499      -1.363037       0.459462
 
   | dipole moment | =     0.4652 a.u. =     1.1825 debye 
 
 ------------------------------------------------------------------------------
                     quadrupole moment
 ------------------------------------------------------------------------------
  xx       0.698094     -11.123207     -10.425113
  yy       1.699627     -12.118892     -10.419266
  zz       6.104254     -13.712921      -7.608667
  xy       1.089214      -1.081004       0.008210
  xz       0.174727      -0.017597       0.157130
  yz       0.241254      -0.010493       0.230761
 
     1/3  trace=      -9.484348
     anisotropy=       2.854814
 
 ==============================================================================
 
HOMO-LUMO Separation
 HOMO         :   -0.29717419 H =     -8.08653 eV
 LUMO         :   -0.04204730 H =     -1.14417 eV
 HOMO-LUMO gap:    0.25512689 H =     +6.94236 eV
 
 ==============================================================================


    ------------------------------------------------------------------------
         total  cpu-time :   7.37 seconds
         total wall-time :  14.40 seconds
    ------------------------------------------------------------------------

   ****  ridft : all done  ****


    2020-12-12 01:57:23.997 

 ridft ended normally
