
 ridft (riogrande) : TURBOMOLE rev. V7.4.1 (b987a8a8) compiled 15 Oct 2019 at 12:03:25
 Copyright (C) 2019 TURBOMOLE GmbH, Karlsruhe


    2020-07-20 16:34:10.524 



                                  r i d f t

                        DFT program with RI approximation 
                                for coulomb part 




                                                 
                                 References:     
                                                 
          TURBOMOLE:                             
              R. Ahlrichs, M. Baer, M. Haeser, H. Horn, and
              C. Koelmel
              Electronic structure calculations on workstation
              computers: the program system TURBOMOLE
              Chem. Phys. Lett. 162: 165 (1989)
          Density Functional:                              
              O. Treutler and R. Ahlrichs                      
              Efficient Molecular Numerical Integration Schemes
              J. Chem. Phys. 102: 346 (1995)                   
          Parallel Version:                                
              Performance of parallel TURBOMOLE for Density    
              Functional Calculations                          
              M. v. Arnim and R. Ahlrichs                      
              J. Comp. Chem. 19: 1746 (1998)                   
          RI-J Method:                                     
              Auxiliary Basis Sets to approximate Coulomb      
              Potentials                                       
              Chem. Phys. Lett. 240: 283 (1995)                
              K. Eichkorn, O. Treutler, H. Oehm, M. Haeser     
              and R. Ahlrichs                                  
              Chem. Phys. Lett. 242: 652 (1995)                
                                                           
              Auxiliary Basis Sets for Main Row Atoms and their
              Use to approximate Coulomb Potentials            
              K. Eichkorn, F. Weigend, O. Treutler and         
              R. Ahlrichs                                      
              Theo. Chem. Acc. 97: 119 (1997)                   
                                                           
              Accurate Coulomb-fitting basis sets for H to Rn 
              F. Weigend                                        
              Phys. Chem. Chem. Phys. 8: 1057 (2006)            
                                                           
          Multipole accelerated RI-J (MARI-J):             
              Fast evaluation of the Coulomb potential for     
              electron densities using multipole accelerated   
              resolution of identity approximation             
              M. Sierka, A. Hogekamp and R. Ahlrichs           
              J. Chem. Phys. 118: 9136 (2003)                  
          RI-JK Method:                                     
              A fully direct RI-HF algorithm: Implementation,
              optimised auxiliary basis sets, demonstration of
              accuracy and efficiency                         
              F. Weigend                                      
              Phys. Chem. Chem. Phys. 4: 4285 (2002)           
          Two-component HF and DFT with spin-orbit coupling:  
              Self-consistent treatment of spin-orbit         
              interactions with efficient Hartree-Fock and    
              density functional methods                      
              M. K. Armbruster, F. Weigend, C. van Wüllen and 
              W. Klopper                                      
              Phys. Chem. Chem. Phys. 10: 1748 (2008)         
          Two-component difference density and DIIS algorithm 
              Efficient two-component self-consistent field   
              procedures and gradients: implementation in     
              TURBOMOLE and application to Au20-              
              A. Baldes, F. Weigend                           
              Mol. Phys. 111: 2617 (2013)                     
          Relativistic all-electron 2c calculations           
              An efficient implementation of two-component    
              relativistic exact-decoupling methods for large 
              molecules                                       
              D. Peng, N. Middendorf, F. Weigend, M. Reiher   
              J. Chem. Phys. 138: 184105 (2013)               
          Finite nucleus model and SNSO approximation         
              Efficient implementation of one- and two-       
              component analytical energy gradients in exact  
              two-component theory                            
              Y. J. Franzke, N. Middendorf, F. Weigend        
              J. Chem. Phys. 148: 104110 (2018)               
                                         




              +--------------------------------------------------+
              |      general information about current run       |
              +--------------------------------------------------+

 

 DENSITY CONVERGENCE CHECK SWITCHED ON !
 SCF CONVERGENCE IF RMS(delta[D]) <     0.1000000000E-06

 PBE functional
 exchange:    LDA + PBE
 correlation: LDA (PW) + PBE
 A DFT calculation using the RI-J approximation will be carried out.
 Allocatable memory for RI due to $ricore (MB):                   500


              +--------------------------------------------------+
              | Atomic coordinate, charge and isotop information |
              +--------------------------------------------------+

                    atomic coordinates            atom    charge  isotop
          0.04177555    0.63819838    0.08372503    h      1.000     0
          0.05087020    0.56154583    2.13122035    c      6.000     0
          2.32893630    0.70729684    3.44536097    c      6.000     0
          2.34043601    0.60150710    6.07667182    c      6.000     0
          0.07454499    0.34873190    7.39498056    c      6.000     0
         -2.20383634    0.20241513    6.08232762    c      6.000     0
         -2.21661103    0.30975144    3.44972282    c      6.000     0
          4.09226324    0.89632747    2.41943551    h      1.000     0
          4.11323339    0.70889513    7.09814220    h      1.000     0
          0.08450285    0.25896932    9.44179092    h      1.000     0
         -3.96627362   -0.00106365    7.10716006    h      1.000     0
         -3.98865082    0.19200493    2.42756130    h      1.000     0
         -0.38800690   -6.36557709    3.55980701    i     53.000     0
          0.13076310  -10.34044725    3.53898313    c      6.000     0
          0.13908587  -10.97106267    1.58704091    h      1.000     0
          1.92383316  -10.75227843    4.44636905    h      1.000     0
         -1.42272644  -11.19100473    4.57391752    h      1.000     0
 
       center of nuclear mass  :   -0.19153322   -4.22475951    3.98557359
       center of nuclear charge:   -0.15881445   -3.97357494    4.04394728

              +--------------------------------------------------+
              |               basis set information              |
              +--------------------------------------------------+

              we will work with the 1s 3p 5d 7f 9g ... basis set
              ...i.e. with spherical basis functions...

   type   atoms  prim   cont   basis
   ---------------------------------------------------------------------------
    h        9     32     30   cc-pVQZ   [4s3p2d1f|6s3p2d1f]
    c        7     77     55   cc-pVQZ   [5s4p3d2f1g|21s6p3d2f1g]
    i        1    161     67   cc-pVQZ-PP   [6s6p4d2f1g|24s18p12d2f1g]
   ---------------------------------------------------------------------------
   total:   17    988    722
   ---------------------------------------------------------------------------

   total number of primitive shells          :  102
   total number of contracted shells         :  214
   total number of cartesian basis functions :  888
   total number of SCF-basis functions       :  722


 integral neglect threshold       :  0.38E-11
 integral storage threshold THIZE :  0.10E-04
 integral storage threshold THIME :         5

 number of unique ecp types :                     1
 RI-J AUXILIARY BASIS SET information:

              we will work with the 1s 3p 5d 7f 9g ... basis set
              ...i.e. with spherical basis functions...

   type   atoms  prim   cont   basis
   ---------------------------------------------------------------------------
    h        9     16     11   cc-pVQZ   [3s1p1d|5s2p1d]
    c        7     70     49   cc-pVQZ   [6s4p3d1f1g|12s5p4d2f1g]
    i        1     81     58   universal-ecp-2   [8s4p3d2f1g|11s5p5d3f1g]
   ---------------------------------------------------------------------------
   total:   17    715    500
   ---------------------------------------------------------------------------

   total number of primitive shells          :   57
   total number of contracted shells         :  168
   total number of cartesian basis functions :  608
   total number of SCF-basis functions       :  500


 symmetry group of the molecule :   c1 

 the group has the following generators :
   c1(z)

    1 symmetry operations found

 there are 1 real representations :   a   

 maximum number of shells which are related by symmetry :  1


    mo occupation :
   irrep   mo's   occupied
    a      722       38
 
 number of basis functions   :                    722
 number of occupied orbitals :                     38
 
  
           ------------------
           density functional
           ------------------
 PBE functional
 exchange:    LDA + PBE
 correlation: LDA (PW) + PBE

 spherical integration : Lebedev's spherical grid
 spherical gridsize    :                     5
    i.e. gridpoints    :                   590
 value for diffuse not defined
 radial integration    : Chebyshev 2nd kind (scaling 3)
 radial gridsize       :                     8
 integration cells     :                    17
 partition function    : becke
 partition sharpness   :                     3
  

 biggest AO integral is expected to be     3.537514283
  
           ------------------------
               RI-J - INFORMATION
           ------------------------
 Contributions to RI integral batches: 
  neglected integral batches:                  6417
  direct contribution:                         8252
  memory contribution:                  8336
 Memory core needed for (P|Q) and Cholesky      2 MByte
 Memory core minimum needed except of (P|Q)     1 MByte
 Total minimum memory core needed (sum)         3 MByte
  
 ****************************************
 Memory allocated for RI-J   430 MByte
 ****************************************
                                            

          ------------------------
          nuclear repulsion energy  :   438.125703388    
          ------------------------


         -----------------
         -S,T+V- integrals
         -----------------

 1e-integrals will be neglected if expon. factor < 0.376347E-12


          ----------------
          -ecp-  integrals
          ----------------
 
   Difference densities algorithm switched on.
   The maximal number of linear combinations of
   difference densities is                    20 .

 DIIS switched on: error vector is FDS-SDF
 Max. Iterations for DIIS is     :   4
 DIIS matrix (see manual) 
    Scaling factor of diagonals  :  1.200
    threshold for scaling factor :  0.000

 scf convergence criterion : increment of total energy < .1000000D-06
                  and increment of one-electron energy < .1000000D-03

  MOs are in ASCII format !


 automatic virtual orbital shift switched on 
      shift if e(lumo)-e(homo) < 0.10000000    


 reading orbital data $scfmo  from file mos
 orbital characterization : expanded
 mo provided and orthogonalized by Cholesky decomposition

 DSCF restart information will be dumped onto file mos


 Starting SCF iterations

          Overall gridpoints after grid construction =        270892

 ITERATION  ENERGY          1e-ENERGY        2e-ENERGY     RMS[dD(SAO)]   TOL
   1  -566.62119087598    -1738.0656337     733.31873943    0.000D+00 0.375D-11
                            Exc = -61.7337514059     Coul =  795.052490837    
                              N = 76.000000288    
                            current damping = 0.300
 
          max. resid. norm for Fia-block=  3.073D-01 for orbital     34a         
          max. resid. fock norm         =  1.099D+01 for orbital    690a         

 ITERATION  ENERGY          1e-ENERGY        2e-ENERGY     RMS[dD(SAO)]   TOL
   2  -567.51481864626    -1751.5346513     745.89412928    0.410D-02 0.247D-11
                            Exc = -63.0369536379     Coul =  808.931082917    
                              N = 76.000000460    
                            current damping = 0.250
 
          Norm of current diis error:  1.8314    
          max. resid. norm for Fia-block=  7.269D-02 for orbital     20a         
          max. resid. fock norm         =  1.537D-01 for orbital     91a         

 ITERATION  ENERGY          1e-ENERGY        2e-ENERGY     RMS[dD(SAO)]   TOL
   3  -567.57563245225    -1748.8701306     743.16879478    0.146D-02 0.198D-11
                            Exc = -62.8782150108     Coul =  806.047009792    
                              N = 76.000000342    
                            current damping = 0.200
 
          Norm of current diis error:  1.0541    
          max. resid. norm for Fia-block=  2.830D-02 for orbital     27a         
          max. resid. fock norm         =  3.272D-02 for orbital    433a         

 ITERATION  ENERGY          1e-ENERGY        2e-ENERGY     RMS[dD(SAO)]   TOL
   4  -567.59901534604    -1750.3595727     744.63485394    0.484D-03 0.180D-11
                            Exc = -63.0145280682     Coul =  807.649382005    
                              N = 76.000000428    
                            current damping = 0.250
 
          Norm of current diis error: 0.29366    
          max. resid. norm for Fia-block=  1.521D-02 for orbital     32a         
          max. resid. fock norm         =  2.175D-02 for orbital    430a         

 ITERATION  ENERGY          1e-ENERGY        2e-ENERGY     RMS[dD(SAO)]   TOL
   5  -567.59976897080    -1751.0641417     745.33866934    0.187D-03 0.174D-11
                            Exc = -63.0309569611     Coul =  808.369626301    
                              N = 76.000000435    
                            current damping = 0.150
 
          Norm of current diis error: 0.25527    
          max. resid. norm for Fia-block=  6.344D-03 for orbital     32a         
          max. resid. fock norm         =  9.049D-03 for orbital    433a         
          mo-orthogonalization: Cholesky decomposition

 ITERATION  ENERGY          1e-ENERGY        2e-ENERGY     RMS[dD(SAO)]   TOL
   6  -567.60162343961    -1750.6193874     744.89206054    0.105D-03 0.170D-11
                            Exc = -63.0225046498     Coul =  807.914565193    
                              N = 76.000000419    
                            current damping = 0.200
 
          Norm of current diis error: 0.46002E-01
          max. resid. norm for Fia-block=  1.723D-03 for orbital     36a         
          max. resid. fock norm         =  3.966D-03 for orbital    713a         

 ITERATION  ENERGY          1e-ENERGY        2e-ENERGY     RMS[dD(SAO)]   TOL
   7  -567.60160416695    -1750.5703913     744.84308376    0.264D-04 0.166D-11
                            Exc = -63.0183295600     Coul =  807.861413323    
                              N = 76.000000427    
                            current damping = 0.250
 
          Norm of current diis error: 0.52955E-01
          max. resid. norm for Fia-block=  7.818D-04 for orbital     36a         
          max. resid. fock norm         =  1.812D-03 for orbital    713a         

 ITERATION  ENERGY          1e-ENERGY        2e-ENERGY     RMS[dD(SAO)]   TOL
   8  -567.60166796345    -1750.6015109     744.87413957    0.120D-04 0.164D-11
                            Exc = -63.0195270865     Coul =  807.893666656    
                              N = 76.000000425    
                            current damping = 0.300
 
          Norm of current diis error: 0.12097E-01
          max. resid. norm for Fia-block=  2.183D-04 for orbital     36a         
          max. resid. fock norm         =  4.687D-04 for orbital    713a         

 ITERATION  ENERGY          1e-ENERGY        2e-ENERGY     RMS[dD(SAO)]   TOL
   9  -567.60167151144    -1750.6141822     744.88680732    0.374D-05 0.160D-11
                            Exc = -63.0204593696     Coul =  807.907266694    
                              N = 76.000000424    
                            current damping = 0.150
 
          Norm of current diis error: 0.13912E-02
          max. resid. norm for Fia-block=  5.414D-05 for orbital     32a         
          max. resid. fock norm         =  8.195D-05 for orbital     21a         

 ITERATION  ENERGY          1e-ENERGY        2e-ENERGY     RMS[dD(SAO)]   TOL
  10  -567.60167153008    -1750.6100515     744.88267656    0.107D-05 0.158D-11
                            Exc = -63.0203111800     Coul =  807.902987736    
                              N = 76.000000424    
                            current damping = 0.200
 
          Norm of current diis error: 0.89879E-03
          max. resid. norm for Fia-block=  3.679D-05 for orbital     32a         
          max. resid. fock norm         =  5.589D-05 for orbital     21a         
          mo-orthogonalization: Cholesky decomposition

 ITERATION  ENERGY          1e-ENERGY        2e-ENERGY     RMS[dD(SAO)]   TOL
  11  -567.60167156127    -1750.6121464     744.88477144    0.566D-06 0.155D-11
                            Exc = -63.0203835572     Coul =  807.905155000    
                              N = 76.000000424    
                            current damping = 0.250
 
          Norm of current diis error: 0.27424E-03
          max. resid. norm for Fia-block=  1.102D-05 for orbital     32a         
          max. resid. fock norm         =  1.468D-05 for orbital     39a         

 ENERGY & DENSITY CONVERGED !


 ITERATION  ENERGY          1e-ENERGY        2e-ENERGY     RMS[dD(SAO)]   TOL
  12  -567.60167156291    -1750.6124345     744.88505950    0.139D-06 0.154D-11
                            Exc = -63.0204215291     Coul =  807.905481029    
                              N = 76.000000424    
                            current damping = 0.100
 
          Norm of current diis error: 0.12615E-03
          max. resid. norm for Fia-block=  3.843D-06 for orbital     37a         
          max. resid. fock norm         =  5.215D-06 for orbital      9a         

 End of SCF iterations

   convergence criteria satisfied after    12 iterations


                  ------------------------------------------ 
                 |  total energy      =   -567.60167156291  |
                  ------------------------------------------ 
                 :  kinetic energy    =    381.23673387000  :
                 :  potential energy  =   -948.83840543291  :
                 :  virial theorem    =      1.67166245797  :
                 :  wavefunction norm =      1.00000000000  :
                  .......................................... 


 <geterg> : there is no data group $energy 


 <skperg> : $end is missing 


 orbitals $scfmo  will be written to file mos

    irrep                 34a         35a         36a         37a         38a   
 eigenvalues H         -0.30043    -0.23502    -0.23379    -0.21511    -0.21388
            eV          -8.1753     -6.3953     -6.3618     -5.8535     -5.8200
 occupation              2.0000      2.0000      2.0000      2.0000      2.0000

    irrep                 39a         40a         41a         42a         43a   
 eigenvalues H         -0.04907    -0.04250    -0.04146     0.01027     0.02493
            eV          -1.3352     -1.1565     -1.1283      0.2795      0.6783
 
 
 
 
 ==============================================================================
                           electrostatic moments
 ==============================================================================

 reference point for electrostatic moments:    0.00000   0.00000   0.00000

 
              nuc           elec       ->  total
 ------------------------------------------------------------------------------
                          charge      
 ------------------------------------------------------------------------------
          76.000000     -76.000000       0.000000
 
 ------------------------------------------------------------------------------
                       dipole moment  
 ------------------------------------------------------------------------------
   x      -5.652510       5.755553       0.103043
   y    -235.015635     234.582675      -0.432961
   z     320.895921    -320.857660       0.038261
 
   | dipole moment | =     0.4467 a.u. =     1.1354 debye 
 
 ------------------------------------------------------------------------------
                     quadrupole moment
 ------------------------------------------------------------------------------
  xx     199.005745    -248.854302     -49.848557
  yy    2026.210517   -2071.445617     -45.235101
  zz    1578.475693   -1627.985652     -49.509959
  xy      65.076786     -65.550561      -0.473776
  xz     -16.332072      16.703179       0.371107
  yz    -819.318501     817.441191      -1.877310
 
     1/3  trace=     -48.197872
     anisotropy=       5.612125
 
 ==============================================================================
 
HOMO-LUMO Separation
 HOMO         :   -0.21388105 H =     -5.82000 eV
 LUMO         :   -0.04906590 H =     -1.33515 eV
 HOMO-LUMO gap:    0.16481515 H =     +4.48485 eV
 
 ==============================================================================


    ------------------------------------------------------------------------
         total  cpu-time :  2 minutes and 52 seconds
         total wall-time :  2 minutes and 52 seconds
    ------------------------------------------------------------------------

   ****  ridft : all done  ****


    2020-07-20 16:37:02.795 

 ridft ended normally
