           SMPCPUS    set: Shared-memory Parallelization with  20 CPUs.

           SMP Parallelization Reference:
           C. van Wullen, J. Comput. Chem. 32 (2011) 1195--1201

 ridft (c-12-33) : TURBOMOLE rev. V7.5.0 compiled 13 Jun 2020 at 23:29:25
 Copyright (C) 2020 TURBOMOLE GmbH, Karlsruhe


    2020-07-20 01:44:29.735 



                                  r i d f t

                        DFT program with RI approximation 
                                for coulomb part 




                                                 
                                 References:     
                                                 
          TURBOMOLE:                             
              R. Ahlrichs, M. Baer, M. Haeser, H. Horn, and
              C. Koelmel
              Electronic structure calculations on workstation
              computers: the program system TURBOMOLE
              Chem. Phys. Lett. 162: 165 (1989)
          Density Functional:                              
              O. Treutler and R. Ahlrichs                      
              Efficient Molecular Numerical Integration Schemes
              J. Chem. Phys. 102: 346 (1995)                   
          Parallel Version:                                
              Performance of parallel TURBOMOLE for Density    
              Functional Calculations                          
              M. v. Arnim and R. Ahlrichs                      
              J. Comp. Chem. 19: 1746 (1998)                   
          RI-J Method:                                     
              Auxiliary Basis Sets to approximate Coulomb      
              Potentials                                       
              Chem. Phys. Lett. 240: 283 (1995)                
              K. Eichkorn, O. Treutler, H. Oehm, M. Haeser     
              and R. Ahlrichs                                  
              Chem. Phys. Lett. 242: 652 (1995)                
                                                           
              Auxiliary Basis Sets for Main Row Atoms and their
              Use to approximate Coulomb Potentials            
              K. Eichkorn, F. Weigend, O. Treutler and         
              R. Ahlrichs                                      
              Theo. Chem. Acc. 97: 119 (1997)                   
                                                           
              Accurate Coulomb-fitting basis sets for H to Rn 
              F. Weigend                                        
              Phys. Chem. Chem. Phys. 8: 1057 (2006)            
                                                           
          Multipole accelerated RI-J (MARI-J):             
              Fast evaluation of the Coulomb potential for     
              electron densities using multipole accelerated   
              resolution of identity approximation             
              M. Sierka, A. Hogekamp and R. Ahlrichs           
              J. Chem. Phys. 118: 9136 (2003)                  
          RI-JK Method:                                     
              A fully direct RI-HF algorithm: Implementation,
              optimised auxiliary basis sets, demonstration of
              accuracy and efficiency                         
              F. Weigend                                      
              Phys. Chem. Chem. Phys. 4: 4285 (2002)           
          Two-component HF and DFT with spin-orbit coupling:  
              Self-consistent treatment of spin-orbit         
              interactions with efficient Hartree-Fock and    
              density functional methods                      
              M. K. Armbruster, F. Weigend, C. van Wüllen and 
              W. Klopper                                      
              Phys. Chem. Chem. Phys. 10: 1748 (2008)         
          Two-component difference density and DIIS algorithm 
              Efficient two-component self-consistent field   
              procedures and gradients: implementation in     
              TURBOMOLE and application to Au20-              
              A. Baldes, F. Weigend                           
              Mol. Phys. 111: 2617 (2013)                     
          Relativistic all-electron 2c calculations           
              An efficient implementation of two-component    
              relativistic exact-decoupling methods for large 
              molecules                                       
              D. Peng, N. Middendorf, F. Weigend, M. Reiher   
              J. Chem. Phys. 138: 184105 (2013)               
          Finite nucleus model and SNSO approximation         
              Efficient implementation of one- and two-       
              component analytical energy gradients in exact  
              two-component theory                            
              Y. J. Franzke, N. Middendorf, F. Weigend        
              J. Chem. Phys. 148: 104110 (2018)               
          Grids for all-electron relativistic methods         
              Error-consistent segmented contracted all-      
              electron relativistic basis sets of double-     
              and triple-zeta quality for NMR shielding       
              constants                                       
              Y. J. Franzke, R. Tress, T. M. Pazdera,         
              F. Weigend                                      
              Phys. Chem. Chem. Phys. 21: 166658 (2019)       
          Seminumerical exchange algorithms                   
              Seminumerical calculation of the Hartree-Fock   
              exchange matirx: Application to two-component   
              procedures and efficient evaluation of local    
              hybrid functionsl                               
              P. Plessow, F. Weigend,                         
              J. Comput. Chem. 33: 810 (2012)                 
          Improved seminumerical algorithms                   
              C. Holzer, in preparation (2020)                
                                         




              +--------------------------------------------------+
              |      general information about current run       |
              +--------------------------------------------------+

 

 DENSITY CONVERGENCE CHECK SWITCHED ON !
 SCF CONVERGENCE IF RMS(delta[D]) <     0.1000000000E-06

 PBE functional
 exchange:    LDA + PBE
 correlation: LDA (PW) + PBE
 A DFT calculation using the RI-J approximation will be carried out.
 Allocatable memory for RI due to $ricore (MB):                  5000


              +--------------------------------------------------+
              | Atomic coordinate, charge and isotop information |
              +--------------------------------------------------+

                    atomic coordinates            atom    charge  isotop
          0.00004424    0.00019986    3.88014771    c      0.000     0
         -2.04567902    1.18172116    3.00431867    f      0.000     0
          2.04586982    1.18152814    3.00451762    f      0.000     0
         -0.00004509   -2.36181794    3.00327514    f      0.000     0
         -0.00007929   -0.00052924    5.93013460    h      0.000     0
         -0.00001902   -0.00015604   -3.29396544    c      6.000     0
         -0.00000683    0.00020031   -5.34531593    h      1.000     0
         -1.67365208   -0.96678499   -2.60746550    h      1.000     0
          1.67378243   -0.96649203   -2.60744590    h      1.000     0
         -0.00019169    1.93234111   -2.60692521    h      1.000     0
 
       center of nuclear mass  :    0.00003396    0.00030729    1.98660224
       center of nuclear charge:   -0.00001823   -0.00016718   -3.29309452

              +--------------------------------------------------+
              |               basis set information              |
              +--------------------------------------------------+

              we will work with the 1s 3p 5d 7f 9g ... basis set
              ...i.e. with spherical basis functions...

   type   atoms  prim   cont   basis
   ---------------------------------------------------------------------------
    c        2     50     30   cc-pVTZ   [4s3p2d1f|18s5p2d1f]
    f        3     50     30   cc-pVTZ   [4s3p2d1f|18s5p2d1f]
    h        5     16     14   cc-pVTZ   [3s2p1d|5s2p1d]
   ---------------------------------------------------------------------------
   total:   10    330    220
   ---------------------------------------------------------------------------

   total number of primitive shells          :   60
   total number of contracted shells         :   80
   total number of cartesian basis functions :  250
   total number of SCF-basis functions       :  220


 integral neglect threshold       :  0.13E-10
 integral storage threshold THIZE :  0.10E-04
 integral storage threshold THIME :         5

 RI-J AUXILIARY BASIS SET information:

              we will work with the 1s 3p 5d 7f 9g ... basis set
              ...i.e. with spherical basis functions...

   type   atoms  prim   cont   basis
   ---------------------------------------------------------------------------
    c        2     70     49   cc-pVTZ   [6s4p3d1f1g|12s5p4d2f1g]
    f        3     70     49   cc-pVTZ   [6s4p3d1f1g|12s5p4d2f1g]
    h        5     16     11   cc-pVTZ   [3s1p1d|5s2p1d]
   ---------------------------------------------------------------------------
   total:   10    430    300
   ---------------------------------------------------------------------------

   total number of primitive shells          :   56
   total number of contracted shells         :  100
   total number of cartesian basis functions :  365
   total number of SCF-basis functions       :  300


 symmetry group of the molecule :   c1 

 the group has the following generators :
   c1(z)

    1 symmetry operations found

 there are 1 real representations :   a   

 maximum number of shells which are related by symmetry :  1

  
           ------------------
           density functional
           ------------------
 Dummy atoms with grid-point found.
 DFT quadrature threshold dgrenze tightened by factor 1/10.

 PBE functional
 exchange:    LDA + PBE
 correlation: LDA (PW) + PBE
 Dummy atoms with grid-point found.
 DFT quadrature threshold dgrenze tightened by factor 1/10.

 Dummy atoms with grid-point found.
 DFT quadrature threshold dgrenze tightened by factor 1/10.


 spherical integration : Lebedev's spherical grid
 spherical gridsize    :                     5
    i.e. gridpoints    :                   590
 value for diffuse not defined
 radial integration    : Chebyshev 2nd kind (scaling 3)
 radial gridsize       :                     8
 integration cells     :                    10
 partition function    : becke
 partition sharpness   :                     3
  
 found dummy atom(s) with basis: included in dft

 biggest AO integral is expected to be     5.499692413

          ------------------------
          nuclear repulsion energy  :   13.4923926197    
          ------------------------


         -----------------
         -S,T+V- integrals
         -----------------

 1e-integrals will be neglected if expon. factor < 0.133678E-11
 
   Difference densities algorithm switched on.
   The maximal number of linear combinations of
   difference densities is                    20 .

 DIIS switched on: error vector is FDS-SDF
 Max. Iterations for DIIS is     :   4
 DIIS matrix (see manual) 
    Scaling factor of diagonals  :  1.200
    threshold for scaling factor :  0.000

 scf convergence criterion : increment of total energy < .1000000D-06
                  and increment of one-electron energy < .1000000D-03

 MOs are in ASCII format !


    mo occupation :
   irrep   mo's   occupied
    a      220        5
 
 number of basis functions   :   220
 number of occupied orbitals :     5
 

 reading orbital data $scfmo  from file mos
 orbital characterization : expanded
 virtual MOs provided and orthogonalized by Cholesky decomposition

 automatic virtual orbital shift switched on 
      shift if e(lumo)-e(homo) < 0.10000000    

  
           ------------------------
               RI-J - INFORMATION
           ------------------------
 Contributions to RI integral batches: 
  neglected integral batches:                   337
  direct contribution:                            0
  memory contribution:                  2903
 Memory core needed for (P|Q) and Cholesky      1 MByte
 Memory core minimum needed except of (P|Q)     1 MByte
 Total minimum memory core needed (sum)         1 MByte
  
 ****************************************
 Memory allocated for RI-J    78 MByte
 ****************************************
                                            

 DSCF restart information will be dumped onto file mos


 Starting SCF iterations

          Overall gridpoints after grid construction =        160804

 ITERATION  ENERGY          1e-ENERGY        2e-ENERGY     RMS[dD(SAO)]   TOL
   1  -40.282673506235    -78.206828908     24.431762782    0.000D+00 0.133D-10
                            Exc = -6.52015612850     Coul =  30.9519189104    
                              N = 10.000000438    
                            current damping = 0.300
 
          max. resid. norm for Fia-block=  2.522D-01 for orbital      2a         
          max. resid. fock norm         =  1.724D+01 for orbital    201a         

 ITERATION  ENERGY          1e-ENERGY        2e-ENERGY     RMS[dD(SAO)]   TOL
   2  -40.449061741521    -80.092347703     26.150893341    0.198D-02 0.850D-11
                            Exc = -6.81390552304     Coul =  32.9647988645    
                              N = 10.000000293    
                            current damping = 0.250
 
          Norm of current diis error: 0.53633    
          max. resid. norm for Fia-block=  7.178D-02 for orbital      2a         
          max. resid. fock norm         =  1.071D-01 for orbital     58a         

 ITERATION  ENERGY          1e-ENERGY        2e-ENERGY     RMS[dD(SAO)]   TOL
   3  -40.461156699858    -79.708758947     25.755209627    0.813D-03 0.725D-11
                            Exc = -6.79937838477     Coul =  32.5545880117    
                              N = 10.000000254    
                            current damping = 0.200
 
          Norm of current diis error: 0.22863    
          max. resid. norm for Fia-block=  1.507D-02 for orbital      2a         
          max. resid. fock norm         =  1.610D-02 for orbital      6a         

 ITERATION  ENERGY          1e-ENERGY        2e-ENERGY     RMS[dD(SAO)]   TOL
   4  -40.463238774350    -79.979101925     26.023470531    0.228D-03 0.659D-11
                            Exc = -6.83762537249     Coul =  32.8610959034    
                              N = 10.000000236    
                            current damping = 0.250
 
          Norm of current diis error: 0.24540E-01
          max. resid. norm for Fia-block=  2.101D-03 for orbital      1a         
          max. resid. fock norm         =  4.872D-03 for orbital     67a         

 ITERATION  ENERGY          1e-ENERGY        2e-ENERGY     RMS[dD(SAO)]   TOL
   5  -40.463259969499    -79.960385200     26.004732611    0.290D-04 0.625D-11
                            Exc = -6.83569797877     Coul =  32.8404305900    
                              N = 10.000000235    
                            current damping = 0.300
 
          Norm of current diis error: 0.28879E-02
          max. resid. norm for Fia-block=  4.202D-04 for orbital      1a         
          max. resid. fock norm         =  9.302D-04 for orbital     67a         
          mo-orthogonalization: Cholesky decomposition

 ITERATION  ENERGY          1e-ENERGY        2e-ENERGY     RMS[dD(SAO)]   TOL
   6  -40.463260393347    -79.959483750     26.003830737    0.496D-05 0.590D-11
                            Exc = -6.83568899456     Coul =  32.8395197317    
                              N = 10.000000235    
                            current damping = 0.150
 
          Norm of current diis error: 0.68568E-03
          max. resid. norm for Fia-block=  9.665D-05 for orbital      1a         
          max. resid. fock norm         =  2.805D-04 for orbital    217a         

 ITERATION  ENERGY          1e-ENERGY        2e-ENERGY     RMS[dD(SAO)]   TOL
   7  -40.463260418625    -79.959229444     26.003576405    0.143D-05 0.556D-11
                            Exc = -6.83568558009     Coul =  32.8392619855    
                              N = 10.000000235    
                            current damping = 0.100
 
          Norm of current diis error: 0.93025E-04
          max. resid. norm for Fia-block=  1.248D-05 for orbital      1a         
          max. resid. fock norm         =  5.341D-05 for orbital    217a         

 ENERGY & DENSITY CONVERGED !


 ITERATION  ENERGY          1e-ENERGY        2e-ENERGY     RMS[dD(SAO)]   TOL
   8  -40.463260419073    -79.959192961     26.003539922    0.220D-06 0.541D-11
                            Exc = -6.83568331865     Coul =  32.8392232404    
                              N = 10.000000235    
                            current damping = 0.100
 
          Norm of current diis error: 0.20913E-04
          max. resid. norm for Fia-block=  1.694D-06 for orbital      3a         
          max. resid. fock norm         =  7.352D-06 for orbital    217a         

 End of SCF iterations

   convergence criteria satisfied after     8 iterations


                  ------------------------------------------ 
                 |  total energy      =    -40.46326041907  |
                  ------------------------------------------ 
                 :  kinetic energy    =     40.19931959186  :
                 :  potential energy  =    -80.66258001094  :
                 :  virial theorem    =      1.99347702522  :
                 :  wavefunction norm =      1.00000000000  :
                  .......................................... 


 <geterg> : there is no data group $energy 


 <skperg> : $end is missing 


 orbitals $scfmo  will be written to file mos

    irrep                  1a          2a          3a          4a          5a   
 eigenvalues H         -9.86278    -0.62756    -0.34740    -0.34700    -0.34699
            eV        -268.3819    -17.0769     -9.4534     -9.4424     -9.4422
 occupation              2.0000      2.0000      2.0000      2.0000      2.0000

    irrep                  6a          7a          8a          9a         10a   
 eigenvalues H          0.02563     0.09357     0.10090     0.10090     0.10398
            eV           0.6975      2.5462      2.7457      2.7458      2.8296
 
 
 
 
 ==============================================================================
                           electrostatic moments
 ==============================================================================

 reference point for electrostatic moments:    0.00000   0.00000   0.00000

 
              nuc           elec       ->  total
 ------------------------------------------------------------------------------
                          charge      
 ------------------------------------------------------------------------------
          10.000000     -10.000000       0.000000
 
 ------------------------------------------------------------------------------
                       dipole moment  
 ------------------------------------------------------------------------------
   x      -0.000182       0.000182      -0.000000
   y      -0.001672       0.001670      -0.000002
   z     -32.930945      32.929667      -0.001278
 
   | dipole moment | =     0.0013 a.u. =     0.0032 debye 
 
 ------------------------------------------------------------------------------
                     quadrupole moment
 ------------------------------------------------------------------------------
  xx       5.602659     -11.890166      -6.287507
  yy       5.602722     -11.890169      -6.287446
  zz     114.067362    -120.350845      -6.283484
  xy      -0.000006       0.000007       0.000001
  xz       0.000605      -0.000604       0.000001
  yz       0.005479      -0.005468       0.000011
 
     1/3  trace=      -6.286146
     anisotropy=       0.003993
 
 ==============================================================================
 
HOMO-LUMO Separation
 HOMO         :   -0.34699143 H =     -9.44212 eV
 LUMO         :    0.02563376 H =     +0.69753 eV
 HOMO-LUMO gap:    0.37262519 H =    +10.13965 eV
 
 ==============================================================================


    ------------------------------------------------------------------------
         total  cpu-time :  2 minutes and 11 seconds
         total wall-time :   9.46 seconds
    ------------------------------------------------------------------------

   ****  ridft : all done  ****


    2020-07-20 01:44:39.169 

