           SMPCPUS    set: Shared-memory Parallelization with  20 CPUs.

           SMP Parallelization Reference:
           C. van Wullen, J. Comput. Chem. 32 (2011) 1195--1201

 ridft (c-15-19) : TURBOMOLE rev. V7.5.0 compiled 13 Jun 2020 at 23:29:25
 Copyright (C) 2020 TURBOMOLE GmbH, Karlsruhe


    2020-07-20 15:37:38.532 



                                  r i d f t

                        DFT program with RI approximation 
                                for coulomb part 




                                                 
                                 References:     
                                                 
          TURBOMOLE:                             
              R. Ahlrichs, M. Baer, M. Haeser, H. Horn, and
              C. Koelmel
              Electronic structure calculations on workstation
              computers: the program system TURBOMOLE
              Chem. Phys. Lett. 162: 165 (1989)
          Density Functional:                              
              O. Treutler and R. Ahlrichs                      
              Efficient Molecular Numerical Integration Schemes
              J. Chem. Phys. 102: 346 (1995)                   
          Parallel Version:                                
              Performance of parallel TURBOMOLE for Density    
              Functional Calculations                          
              M. v. Arnim and R. Ahlrichs                      
              J. Comp. Chem. 19: 1746 (1998)                   
          RI-J Method:                                     
              Auxiliary Basis Sets to approximate Coulomb      
              Potentials                                       
              Chem. Phys. Lett. 240: 283 (1995)                
              K. Eichkorn, O. Treutler, H. Oehm, M. Haeser     
              and R. Ahlrichs                                  
              Chem. Phys. Lett. 242: 652 (1995)                
                                                           
              Auxiliary Basis Sets for Main Row Atoms and their
              Use to approximate Coulomb Potentials            
              K. Eichkorn, F. Weigend, O. Treutler and         
              R. Ahlrichs                                      
              Theo. Chem. Acc. 97: 119 (1997)                   
                                                           
              Accurate Coulomb-fitting basis sets for H to Rn 
              F. Weigend                                        
              Phys. Chem. Chem. Phys. 8: 1057 (2006)            
                                                           
          Multipole accelerated RI-J (MARI-J):             
              Fast evaluation of the Coulomb potential for     
              electron densities using multipole accelerated   
              resolution of identity approximation             
              M. Sierka, A. Hogekamp and R. Ahlrichs           
              J. Chem. Phys. 118: 9136 (2003)                  
          RI-JK Method:                                     
              A fully direct RI-HF algorithm: Implementation,
              optimised auxiliary basis sets, demonstration of
              accuracy and efficiency                         
              F. Weigend                                      
              Phys. Chem. Chem. Phys. 4: 4285 (2002)           
          Two-component HF and DFT with spin-orbit coupling:  
              Self-consistent treatment of spin-orbit         
              interactions with efficient Hartree-Fock and    
              density functional methods                      
              M. K. Armbruster, F. Weigend, C. van Wüllen and 
              W. Klopper                                      
              Phys. Chem. Chem. Phys. 10: 1748 (2008)         
          Two-component difference density and DIIS algorithm 
              Efficient two-component self-consistent field   
              procedures and gradients: implementation in     
              TURBOMOLE and application to Au20-              
              A. Baldes, F. Weigend                           
              Mol. Phys. 111: 2617 (2013)                     
          Relativistic all-electron 2c calculations           
              An efficient implementation of two-component    
              relativistic exact-decoupling methods for large 
              molecules                                       
              D. Peng, N. Middendorf, F. Weigend, M. Reiher   
              J. Chem. Phys. 138: 184105 (2013)               
          Finite nucleus model and SNSO approximation         
              Efficient implementation of one- and two-       
              component analytical energy gradients in exact  
              two-component theory                            
              Y. J. Franzke, N. Middendorf, F. Weigend        
              J. Chem. Phys. 148: 104110 (2018)               
          Grids for all-electron relativistic methods         
              Error-consistent segmented contracted all-      
              electron relativistic basis sets of double-     
              and triple-zeta quality for NMR shielding       
              constants                                       
              Y. J. Franzke, R. Tress, T. M. Pazdera,         
              F. Weigend                                      
              Phys. Chem. Chem. Phys. 21: 166658 (2019)       
          Seminumerical exchange algorithms                   
              Seminumerical calculation of the Hartree-Fock   
              exchange matirx: Application to two-component   
              procedures and efficient evaluation of local    
              hybrid functionsl                               
              P. Plessow, F. Weigend,                         
              J. Comput. Chem. 33: 810 (2012)                 
          Improved seminumerical algorithms                   
              C. Holzer, in preparation (2020)                
                                         




              +--------------------------------------------------+
              |      general information about current run       |
              +--------------------------------------------------+

 

 DENSITY CONVERGENCE CHECK SWITCHED ON !
 SCF CONVERGENCE IF RMS(delta[D]) <     0.1000000000E-06

 PBE functional
 exchange:    LDA + PBE
 correlation: LDA (PW) + PBE
 A DFT calculation using the RI-J approximation will be carried out.
 Allocatable memory for RI due to $ricore (MB):                  5000


              +--------------------------------------------------+
              | Atomic coordinate, charge and isotop information |
              +--------------------------------------------------+

                    atomic coordinates            atom    charge  isotop
          0.09629604    0.10424521   -0.06222091    c      0.000     0
         -1.93592170    0.13656892    0.22213007    h      0.000     0
          0.96064036   -1.20359052    1.26209139    h      0.000     0
          0.85172434    1.98489401    0.25561443    h      0.000     0
          0.51823099   -0.47638482   -1.98486114    h      0.000     0
         -2.31895861   -5.71744406   -1.11161471    br    35.000     0
         -3.94539075   -9.65591621   -1.81583524    br    35.000     0
 
       center of nuclear mass  :   -2.83760108   -6.97580774   -1.33584979
       center of nuclear charge:   -3.13217468   -7.68668014   -1.46372498

              +--------------------------------------------------+
              |               basis set information              |
              +--------------------------------------------------+

              we will work with the 1s 3p 5d 7f 9g ... basis set
              ...i.e. with spherical basis functions...

   type   atoms  prim   cont   basis
   ---------------------------------------------------------------------------
    c        1    118     91   cc-pV5Z   [6s5p4d3f2g1h|24s8p4d3f2g1h]
    h        4     58     55   cc-pV5Z   [5s4p3d2f1g|8s4p3d2f1g]
    br       2    336    104   cc-pV5Z   [8s7p5d3f2g1h|92s43p13d3f2g1h]
   ---------------------------------------------------------------------------
   total:    7   1022    519
   ---------------------------------------------------------------------------

   total number of primitive shells          :  214
   total number of contracted shells         :  133
   total number of cartesian basis functions :  686
   total number of SCF-basis functions       :  519


 integral neglect threshold       :  0.49E-11
 integral storage threshold THIZE :  0.10E-04
 integral storage threshold THIME :         5

 RI-J AUXILIARY BASIS SET information:

              we will work with the 1s 3p 5d 7f 9g ... basis set
              ...i.e. with spherical basis functions...

   type   atoms  prim   cont   basis
   ---------------------------------------------------------------------------
    c        1     70     49   cc-pV5Z   [6s4p3d1f1g|12s5p4d2f1g]
    h        4     16     11   cc-pV5Z   [3s1p1d|5s2p1d]
    br       2     89     58   universal   [8s4p3d2f1g|19s5p5d3f1g]
   ---------------------------------------------------------------------------
   total:    7    312    209
   ---------------------------------------------------------------------------

   total number of primitive shells          :   65
   total number of contracted shells         :   71
   total number of cartesian basis functions :  255
   total number of SCF-basis functions       :  209


 symmetry group of the molecule :   c1 

 the group has the following generators :
   c1(z)

    1 symmetry operations found

 there are 1 real representations :   a   

 maximum number of shells which are related by symmetry :  1

  
           ------------------
           density functional
           ------------------
 Dummy atoms with grid-point found.
 DFT quadrature threshold dgrenze tightened by factor 1/10.

 PBE functional
 exchange:    LDA + PBE
 correlation: LDA (PW) + PBE
 Dummy atoms with grid-point found.
 DFT quadrature threshold dgrenze tightened by factor 1/10.

 Dummy atoms with grid-point found.
 DFT quadrature threshold dgrenze tightened by factor 1/10.


 spherical integration : Lebedev's spherical grid
 spherical gridsize    :                     5
    i.e. gridpoints    :                   590
 value for diffuse not defined
 radial integration    : Chebyshev 2nd kind (scaling 3)
 radial gridsize       :                     8
 integration cells     :                     7
 partition function    : becke
 partition sharpness   :                     3
  
 found dummy atom(s) with basis: included in dft

 biggest AO integral is expected to be    21.504685501

          ------------------------
          nuclear repulsion energy  :   283.637996811    
          ------------------------


         -----------------
         -S,T+V- integrals
         -----------------

 1e-integrals will be neglected if expon. factor < 0.487166E-12
 
   Difference densities algorithm switched on.
   The maximal number of linear combinations of
   difference densities is                    20 .

 DIIS switched on: error vector is FDS-SDF
 Max. Iterations for DIIS is     :   4
 DIIS matrix (see manual) 
    Scaling factor of diagonals  :  1.200
    threshold for scaling factor :  0.000

 scf convergence criterion : increment of total energy < .1000000D-06
                  and increment of one-electron energy < .1000000D-03

 MOs are in ASCII format !


    mo occupation :
   irrep   mo's   occupied
    a      519       35
 
 number of basis functions   :   519
 number of occupied orbitals :    35
 

 reading orbital data $scfmo  from file mos
 orbital characterization : expanded
 virtual MOs provided and orthogonalized by Cholesky decomposition

 automatic virtual orbital shift switched on 
      shift if e(lumo)-e(homo) < 0.10000000    

  
           ------------------------
               RI-J - INFORMATION
           ------------------------
 Contributions to RI integral batches: 
  neglected integral batches:                  1837
  direct contribution:                            0
  memory contribution:                  7074
 Memory core needed for (P|Q) and Cholesky      1 MByte
 Memory core minimum needed except of (P|Q)     2 MByte
 Total minimum memory core needed (sum)         2 MByte
  
 ****************************************
 Memory allocated for RI-J   363 MByte
 ****************************************
                                            

 DSCF restart information will be dumped onto file mos


 Starting SCF iterations

          Overall gridpoints after grid construction =        121033

 ITERATION  ENERGY          1e-ENERGY        2e-ENERGY     RMS[dD(SAO)]   TOL
   1  -5147.4847347182    -7727.6611894     2296.5384578    0.000D+00 0.486D-11
                            Exc = -181.956658200     Coul =  2478.49511603    
                              N = 70.000000186    
                            current damping = 0.300
 
          max. resid. norm for Fia-block=  2.638D-01 for orbital      1a         
          max. resid. fock norm         =  2.725D+01 for orbital    507a         

 ITERATION  ENERGY          1e-ENERGY        2e-ENERGY     RMS[dD(SAO)]   TOL
   2  -5147.6265387176    -7730.1053213     2298.8407858    0.134D-01 0.371D-11
                            Exc = -181.884831885     Coul =  2480.72561765    
                              N = 69.999999989    
                            current damping = 0.250
 
          Norm of current diis error: 0.43340    
          max. resid. norm for Fia-block=  5.759D-02 for orbital      1a         
          max. resid. fock norm         =  8.197D-02 for orbital     36a         

 ITERATION  ENERGY          1e-ENERGY        2e-ENERGY     RMS[dD(SAO)]   TOL
   3  -5147.6405224317    -7728.8901151     2297.6115959    0.210D-02 0.273D-11
                            Exc = -181.846489323     Coul =  2479.45808521    
                              N = 69.999999932    
                            current damping = 0.200
 
          Norm of current diis error: 0.19029    
          max. resid. norm for Fia-block=  1.551D-02 for orbital     30a         
          max. resid. fock norm         =  1.882D-02 for orbital     36a         

 ITERATION  ENERGY          1e-ENERGY        2e-ENERGY     RMS[dD(SAO)]   TOL
   4  -5147.6428275299    -7729.7312859     2298.4504616    0.589D-03 0.236D-11
                            Exc = -181.867013659     Coul =  2480.31747522    
                              N = 69.999999903    
                            current damping = 0.250
 
          Norm of current diis error: 0.56534E-01
          max. resid. norm for Fia-block=  3.036D-03 for orbital     35a         
          max. resid. fock norm         =  4.555D-03 for orbital    196a         

 ITERATION  ENERGY          1e-ENERGY        2e-ENERGY     RMS[dD(SAO)]   TOL
   5  -5147.6429882622    -7729.3213824     2298.0403974    0.121D-03 0.222D-11
                            Exc = -181.849335806     Coul =  2479.88973317    
                              N = 69.999999900    
                            current damping = 0.300
 
          Norm of current diis error: 0.81133E-02
          max. resid. norm for Fia-block=  9.620D-04 for orbital     20a         
          max. resid. fock norm         =  1.089D-03 for orbital     14a         
          mo-orthogonalization: Cholesky decomposition

 ITERATION  ENERGY          1e-ENERGY        2e-ENERGY     RMS[dD(SAO)]   TOL
   6  -5147.6429921237    -7729.4398970     2298.1589080    0.596D-04 0.215D-11
                            Exc = -181.855926076     Coul =  2480.01483412    
                              N = 69.999999899    
                            current damping = 0.350
 
          Norm of current diis error: 0.34879E-02
          max. resid. norm for Fia-block=  2.036D-04 for orbital     25a         
          max. resid. fock norm         =  3.274D-04 for orbital    436a         

 ITERATION  ENERGY          1e-ENERGY        2e-ENERGY     RMS[dD(SAO)]   TOL
   7  -5147.6429926868    -7729.4066875     2298.1256980    0.807D-05 0.208D-11
                            Exc = -181.854179041     Coul =  2479.97987702    
                              N = 69.999999899    
                            current damping = 0.400
 
          Norm of current diis error: 0.64833E-03
          max. resid. norm for Fia-block=  5.362D-05 for orbital     31a         
          max. resid. fock norm         =  9.850D-05 for orbital     19a         

 ITERATION  ENERGY          1e-ENERGY        2e-ENERGY     RMS[dD(SAO)]   TOL
   8  -5147.6429926911    -7729.4044402     2298.1234507    0.189D-05 0.204D-11
                            Exc = -181.853997629     Coul =  2479.97744834    
                              N = 69.999999899    
                            current damping = 0.250
 
          Norm of current diis error: 0.49357E-03
          max. resid. norm for Fia-block=  3.348D-05 for orbital     31a         
          max. resid. fock norm         =  6.518D-05 for orbital     19a         

 ITERATION  ENERGY          1e-ENERGY        2e-ENERGY     RMS[dD(SAO)]   TOL
   9  -5147.6429927090    -7729.4027500     2298.1217604    0.721D-06 0.201D-11
                            Exc = -181.853918179     Coul =  2479.97567862    
                              N = 69.999999899    
                            current damping = 0.100
 
          Norm of current diis error: 0.10654E-03
          max. resid. norm for Fia-block=  7.251D-06 for orbital     31a         
          max. resid. fock norm         =  1.338D-05 for orbital     20a         
          irrep a   : virtual orbitals shifted by    0.00383

 ITERATION  ENERGY          1e-ENERGY        2e-ENERGY     RMS[dD(SAO)]   TOL
  10  -5147.6429927099    -7729.4021116     2298.1211221    0.237D-06 0.198D-11
                            Exc = -181.853896898     Coul =  2479.97501896    
                              N = 69.999999899    
                            current damping = 0.100
 
          Norm of current diis error: 0.37663E-04
          max. resid. norm for Fia-block=  2.424D-06 for orbital     31a         
          max. resid. fock norm         =  3.556D-06 for orbital    436a         
          irrep a   : virtual orbitals shifted by    0.00383
          mo-orthogonalization: Cholesky decomposition

 ENERGY & DENSITY CONVERGED !


 ITERATION  ENERGY          1e-ENERGY        2e-ENERGY     RMS[dD(SAO)]   TOL
  11  -5147.6429927100    -7729.4025541     2298.1215646    0.465D-07 0.195D-11
                            Exc = -181.853911903     Coul =  2479.97547647    
                              N = 69.999999899    
                            current damping = 0.150
 
          Norm of current diis error: 0.19751E-04
          max. resid. norm for Fia-block=  8.308D-07 for orbital     30a         
          max. resid. fock norm         =  1.191D-06 for orbital     31a         

 End of SCF iterations

   convergence criteria satisfied after    11 iterations


                  ------------------------------------------ 
                 |  total energy      =  -5147.64299270998  |
                  ------------------------------------------ 
                 :  kinetic energy    =   5141.13416052628  :
                 :  potential energy  = -10288.77715323626  :
                 :  virial theorem    =      1.99873557040  :
                 :  wavefunction norm =      1.00000000000  :
                  .......................................... 


 <geterg> : there is no data group $energy 


 <skperg> : $end is missing 


 orbitals $scfmo  will be written to file mos

    irrep                 31a         32a         33a         34a         35a   
 eigenvalues H         -0.40031    -0.32843    -0.32843    -0.25170    -0.25170
            eV         -10.8931     -8.9371     -8.9371     -6.8491     -6.8491
 occupation              2.0000      2.0000      2.0000      2.0000      2.0000

    irrep                 36a         37a         38a         39a         40a   
 eigenvalues H         -0.16427     0.02689     0.05949     0.07441     0.07639
            eV          -4.4699      0.7318      1.6189      2.0249      2.0787
 
 
 
 
 ==============================================================================
                           electrostatic moments
 ==============================================================================

 reference point for electrostatic moments:    0.00000   0.00000   0.00000

 
              nuc           elec       ->  total
 ------------------------------------------------------------------------------
                          charge      
 ------------------------------------------------------------------------------
          70.000000     -70.000000       0.000000
 
 ------------------------------------------------------------------------------
                       dipole moment  
 ------------------------------------------------------------------------------
   x    -219.252228     219.251217      -0.001011
   y    -538.067609     538.065162      -0.002447
   z    -102.460748     102.460311      -0.000437
 
   | dipole moment | =     0.0027 a.u. =     0.0068 debye 
 
 ------------------------------------------------------------------------------
                     quadrupole moment
 ------------------------------------------------------------------------------
  xx     733.028704    -760.147539     -27.118836
  yy    4407.405957   -4432.128324     -24.722367
  zz     158.653071    -186.172042     -27.518971
  xy    1797.420754   -1796.227815       1.192940
  xz     340.968882    -340.755474       0.213409
  yz     836.120175    -835.603406       0.516769
 
     1/3  trace=     -26.453391
     anisotropy=       3.474072
 
 ==============================================================================
 
HOMO-LUMO Separation
 HOMO         :   -0.25169602 H =     -6.84900 eV
 LUMO         :   -0.16426624 H =     -4.46991 eV
 HOMO-LUMO gap:    0.08742978 H =     +2.37909 eV
 
 ==============================================================================


    ------------------------------------------------------------------------
         total  cpu-time : 13 minutes and 42 seconds
         total wall-time :  1 minutes and 12 seconds
    ------------------------------------------------------------------------

   ****  ridft : all done  ****


    2020-07-20 15:38:50.070 

