
 ridft (tigris) : TURBOMOLE rev. V7.4.1 (b987a8a8) compiled 15 Oct 2019 at 12:03:25
 Copyright (C) 2019 TURBOMOLE GmbH, Karlsruhe


    2020-08-30 23:08:22.585 



                                  r i d f t

                        DFT program with RI approximation 
                                for coulomb part 




                                                 
                                 References:     
                                                 
          TURBOMOLE:                             
              R. Ahlrichs, M. Baer, M. Haeser, H. Horn, and
              C. Koelmel
              Electronic structure calculations on workstation
              computers: the program system TURBOMOLE
              Chem. Phys. Lett. 162: 165 (1989)
          Density Functional:                              
              O. Treutler and R. Ahlrichs                      
              Efficient Molecular Numerical Integration Schemes
              J. Chem. Phys. 102: 346 (1995)                   
          Parallel Version:                                
              Performance of parallel TURBOMOLE for Density    
              Functional Calculations                          
              M. v. Arnim and R. Ahlrichs                      
              J. Comp. Chem. 19: 1746 (1998)                   
          RI-J Method:                                     
              Auxiliary Basis Sets to approximate Coulomb      
              Potentials                                       
              Chem. Phys. Lett. 240: 283 (1995)                
              K. Eichkorn, O. Treutler, H. Oehm, M. Haeser     
              and R. Ahlrichs                                  
              Chem. Phys. Lett. 242: 652 (1995)                
                                                           
              Auxiliary Basis Sets for Main Row Atoms and their
              Use to approximate Coulomb Potentials            
              K. Eichkorn, F. Weigend, O. Treutler and         
              R. Ahlrichs                                      
              Theo. Chem. Acc. 97: 119 (1997)                   
                                                           
              Accurate Coulomb-fitting basis sets for H to Rn 
              F. Weigend                                        
              Phys. Chem. Chem. Phys. 8: 1057 (2006)            
                                                           
          Multipole accelerated RI-J (MARI-J):             
              Fast evaluation of the Coulomb potential for     
              electron densities using multipole accelerated   
              resolution of identity approximation             
              M. Sierka, A. Hogekamp and R. Ahlrichs           
              J. Chem. Phys. 118: 9136 (2003)                  
          RI-JK Method:                                     
              A fully direct RI-HF algorithm: Implementation,
              optimised auxiliary basis sets, demonstration of
              accuracy and efficiency                         
              F. Weigend                                      
              Phys. Chem. Chem. Phys. 4: 4285 (2002)           
          Two-component HF and DFT with spin-orbit coupling:  
              Self-consistent treatment of spin-orbit         
              interactions with efficient Hartree-Fock and    
              density functional methods                      
              M. K. Armbruster, F. Weigend, C. van Wüllen and 
              W. Klopper                                      
              Phys. Chem. Chem. Phys. 10: 1748 (2008)         
          Two-component difference density and DIIS algorithm 
              Efficient two-component self-consistent field   
              procedures and gradients: implementation in     
              TURBOMOLE and application to Au20-              
              A. Baldes, F. Weigend                           
              Mol. Phys. 111: 2617 (2013)                     
          Relativistic all-electron 2c calculations           
              An efficient implementation of two-component    
              relativistic exact-decoupling methods for large 
              molecules                                       
              D. Peng, N. Middendorf, F. Weigend, M. Reiher   
              J. Chem. Phys. 138: 184105 (2013)               
          Finite nucleus model and SNSO approximation         
              Efficient implementation of one- and two-       
              component analytical energy gradients in exact  
              two-component theory                            
              Y. J. Franzke, N. Middendorf, F. Weigend        
              J. Chem. Phys. 148: 104110 (2018)               
                                         




              +--------------------------------------------------+
              |      general information about current run       |
              +--------------------------------------------------+

 

 DENSITY CONVERGENCE CHECK SWITCHED ON !
 SCF CONVERGENCE IF RMS(delta[D]) <     0.1000000000E-06

 PBE functional
 exchange:    LDA + PBE
 correlation: LDA (PW) + PBE
 A DFT calculation using the RI-J approximation will be carried out.
 Allocatable memory for RI due to $ricore (MB):                   500


              +--------------------------------------------------+
              | Atomic coordinate, charge and isotop information |
              +--------------------------------------------------+

                    atomic coordinates            atom    charge  isotop
         -3.74681273   -4.21354278    6.24129599    h      1.000     0
         -4.62886412    0.36598999    5.90254171    h      1.000     0
          0.24109320   -3.70311265    6.83064654    c      6.000     0
         -2.22182292   -2.86448304    6.41745106    c      6.000     0
         -2.71823825   -0.28460013    6.22563119    c      6.000     0
         -0.75377280    1.45614014    6.44823295    c      6.000     0
          1.70861426    0.61598908    6.86022001    c      6.000     0
          2.20687944   -1.96348829    7.05240112    c      6.000     0
         -1.13942001    3.45795522    6.29787280    h      1.000     0
          3.23423106    1.96584304    7.03001735    h      1.000     0
          0.62628987   -5.70480388    6.98482589    h      1.000     0
          4.11838418   -2.61333850    7.36901106    h      1.000     0
 
       center of nuclear mass  :   -0.25619423   -1.12390442    6.63898078
       center of nuclear charge:   -0.25618272   -1.12388634    6.63888243

              +--------------------------------------------------+
              |               basis set information              |
              +--------------------------------------------------+

              we will work with the 1s 3p 5d 7f 9g ... basis set
              ...i.e. with spherical basis functions...

   type   atoms  prim   cont   basis
   ---------------------------------------------------------------------------
    h        6     33     30   def2-QZVP   [4s3p2d1f|7s3p2d1f]
    c        6     77     57   def2-QZVP   [7s4p3d2f1g|15s8p3d2f1g]
   ---------------------------------------------------------------------------
   total:   12    660    522
   ---------------------------------------------------------------------------

   total number of primitive shells          :   42
   total number of contracted shells         :  162
   total number of cartesian basis functions :  642
   total number of SCF-basis functions       :  522


 integral neglect threshold       :  0.52E-11
 integral storage threshold THIZE :  0.10E-04
 integral storage threshold THIME :         5

 RI-J AUXILIARY BASIS SET information:

              we will work with the 1s 3p 5d 7f 9g ... basis set
              ...i.e. with spherical basis functions...

   type   atoms  prim   cont   basis
   ---------------------------------------------------------------------------
    h        6     16     11   def2-QZVP   [3s1p1d|5s2p1d]
    c        6     70     49   def2-QZVP   [6s4p3d1f1g|12s5p4d2f1g]
   ---------------------------------------------------------------------------
   total:   12    516    360
   ---------------------------------------------------------------------------

   total number of primitive shells          :   32
   total number of contracted shells         :  120
   total number of cartesian basis functions :  438
   total number of SCF-basis functions       :  360


 symmetry group of the molecule :   c1 

 the group has the following generators :
   c1(z)

    1 symmetry operations found

 there are 1 real representations :   a   

 maximum number of shells which are related by symmetry :  1


    mo occupation :
   irrep   mo's   occupied
    a      522       21
 
 number of basis functions   :                    522
 number of occupied orbitals :                     21
 
  
           ------------------
           density functional
           ------------------
 PBE functional
 exchange:    LDA + PBE
 correlation: LDA (PW) + PBE

 spherical integration : Lebedev's spherical grid
 spherical gridsize    :                     5
    i.e. gridpoints    :                   590
 value for diffuse not defined
 radial integration    : Chebyshev 2nd kind (scaling 3)
 radial gridsize       :                     8
 integration cells     :                    12
 partition function    : becke
 partition sharpness   :                     3
  

 biggest AO integral is expected to be     5.262544080
  
           ------------------------
               RI-J - INFORMATION
           ------------------------
 Contributions to RI integral batches: 
  neglected integral batches:                  1440
  direct contribution:                         2246
  memory contribution:                  9517
 Memory core needed for (P|Q) and Cholesky      1 MByte
 Memory core minimum needed except of (P|Q)     2 MByte
 Total minimum memory core needed (sum)         3 MByte
  
 ****************************************
 Memory allocated for RI-J   434 MByte
 ****************************************
                                            

          ------------------------
          nuclear repulsion energy  :   203.665173298    
          ------------------------

  _________________________________
 |                                 |
 |         DFTD3 V3.1 Rev 0        |
 | S.Grimme, University Bonn       |
 |            June  2014           |
 |   see standalone version        |
 |       dftd3 -h for options      |
 |_________________________________|
 
 Please cite DFT-D3 work done with this code as:
 S. Grimme, J. Antony, S. Ehrlich and H. Krieg,
 J. Chem. Phys, 132 (2010), 154104.
 If used with BJ-damping cite also
 S. Grimme, S. Ehrlich and L. Goerigk,
 J. Comput. Chem. 32 (2011), 1456-1465
 For DFT-D2 the reference is
 S. Grimme, J. Comput. Chem., 27 (2006), 1787-1799
 
C6 coefficients used:
                     2  C6 for element                      1
Z=  1 CN= 0.912     C6(AA)=    3.03
Z=  1 CN= 0.000     C6(AA)=    7.59
                     5  C6 for element                      6
Z=  6 CN= 0.000     C6(AA)=   49.11
Z=  6 CN= 0.987     C6(AA)=   43.25
Z=  6 CN= 1.998     C6(AA)=   29.36
Z=  6 CN= 2.999     C6(AA)=   25.78
Z=  6 CN= 3.984     C6(AA)=   18.21

#           XYZ [au]              R0(AA) [Ang.]  CN          C6(AA)     C8(AA)   C10(AA) [au]
  1  -3.74681  -4.21354   6.24130   h   0.395  1.003         3.1        37.3       553.0
  2  -4.62886   0.36599   5.90254   h   0.395  1.003         3.1        37.3       553.0
  3   0.24109  -3.70311   6.83065   c   0.610  3.133        25.3       732.7     25957.3
  4  -2.22182  -2.86448   6.41745   c   0.610  3.132        25.3       732.7     25959.3
  5  -2.71824  -0.28460   6.22563   c   0.610  3.133        25.3       732.7     25957.3
  6  -0.75377   1.45614   6.44823   c   0.610  3.133        25.3       732.7     25959.2
  7   1.70861   0.61599   6.86022   c   0.610  3.133        25.3       732.7     25957.3
  8   2.20688  -1.96349   7.05240   c   0.610  3.132        25.3       732.7     25959.3
  9  -1.13942   3.45796   6.29787   h   0.395  1.003         3.1        37.3       553.0
 10   3.23423   1.96584   7.03002   h   0.395  1.003         3.1        37.3       553.0
 11   0.62629  -5.70480   6.98483   h   0.395  1.003         3.1        37.3       553.0
 12   4.11838  -2.61334   7.36901   h   0.395  1.003         3.1        37.3       553.0

molecular C6(AA) [au] =      1659.18

           DFT-D V3(BJ)
 DF pbe                                               
 parameters
 s6       :    1.0000
 s8       :    0.7875
 a1       :    0.4289
 a2       :    4.4407
 k1-k3    :   16.0000    1.3333   -4.0000
 
 Edisp /kcal,au:    -6.8849 -0.01097179

 E6    /kcal :    -4.7900
 E8    /kcal :    -2.0949
 % E8        : 30.43
 nuclear repulsion energy                  =     203.665173298
 empirical dispersive energy correction    =      -0.010971790
 nuclear repulsion + dispersion correction =     203.654201508


         -----------------
         -S,T+V- integrals
         -----------------

 1e-integrals will be neglected if expon. factor < 0.520555E-12
 
   Difference densities algorithm switched on.
   The maximal number of linear combinations of
   difference densities is                    20 .

 DIIS switched on: error vector is FDS-SDF
 Max. Iterations for DIIS is     :   4
 DIIS matrix (see manual) 
    Scaling factor of diagonals  :  1.200
    threshold for scaling factor :  0.000

 scf convergence criterion : increment of total energy < .1000000D-06
                  and increment of one-electron energy < .1000000D-03

  MOs are in ASCII format !


 automatic virtual orbital shift switched on 
      shift if e(lumo)-e(homo) < 0.10000000    


 reading orbital data $scfmo  from file mos
 orbital characterization : scfconv=7

 DSCF restart information will be dumped onto file mos


 Starting SCF iterations

          Overall gridpoints after grid construction =        188473

 ITERATION  ENERGY          1e-ENERGY        2e-ENERGY     RMS[dD(SAO)]   TOL
   1  -232.04711103983    -714.71415834     279.01284579    0.000D+00 0.519D-11
                            Exc = -34.4880181896     Coul =  313.500863982    
                              N = 42.000000510    
                            current damping = 0.300
 
          max. resid. norm for Fia-block=  3.254D-05 for orbital     21a         
          max. resid. fock norm         =  7.793D-05 for orbital      2a         

 ITERATION  ENERGY          1e-ENERGY        2e-ENERGY     RMS[dD(SAO)]   TOL
   2  -232.04711103030    -714.71449416     279.01318162    0.352D-06 0.329D-11
                            Exc = -34.4880447380     Coul =  313.501226358    
                              N = 42.000000510    
                            current damping = 0.300
 
          Norm of current diis error: 0.79294E-03
          max. resid. norm for Fia-block=  1.385D-05 for orbital     21a         
          max. resid. fock norm         =  3.358D-05 for orbital    518a         

 ENERGY & DENSITY CONVERGED !


 ITERATION  ENERGY          1e-ENERGY        2e-ENERGY     RMS[dD(SAO)]   TOL
   3  -232.04711104344    -714.71444506     279.01313251    0.158D-06 0.312D-11
                            Exc = -34.4880418876     Coul =  313.501174393    
                              N = 42.000000510    
                            current damping = 0.350
 
          Norm of current diis error: 0.24452E-03
          max. resid. norm for Fia-block=  5.884D-06 for orbital     21a         
          max. resid. fock norm         =  1.391D-05 for orbital    518a         

 End of SCF iterations

   convergence criteria satisfied after     3 iterations


                  ------------------------------------------ 
                 |  total energy      =   -232.04711104344  |
                  ------------------------------------------ 
                 :  kinetic energy    =    231.02514782525  :
                 :  potential energy  =   -463.07225886869  :
                 :  virial theorem    =      1.99559588045  :
                 :  wavefunction norm =      1.00000000000  :
                  .......................................... 


 orbitals $scfmo  will be written to file mos

    irrep                 17a         18a         19a         20a         21a   
 eigenvalues H         -0.33327    -0.30204    -0.30192    -0.23259    -0.23257
            eV          -9.0689     -8.2190     -8.2156     -6.3292     -6.3286
 occupation              2.0000      2.0000      2.0000      2.0000      2.0000

    irrep                 22a         23a         24a         25a         26a   
 eigenvalues H         -0.04399    -0.04398     0.00729     0.03331     0.03334
            eV          -1.1970     -1.1967      0.1984      0.9065      0.9071
 
 
 
 
 ==============================================================================
                           electrostatic moments
 ==============================================================================

 reference point for electrostatic moments:    0.00000   0.00000   0.00000

 
              nuc           elec       ->  total
 ------------------------------------------------------------------------------
                          charge      
 ------------------------------------------------------------------------------
          42.000000     -42.000000       0.000000
 
 ------------------------------------------------------------------------------
                       dipole moment  
 ------------------------------------------------------------------------------
   x     -10.759674      10.759824       0.000150
   y     -47.203226      47.203425       0.000199
   z     278.833062    -278.834219      -0.001157
 
   | dipole moment | =     0.0012 a.u. =     0.0030 debye 
 
 ------------------------------------------------------------------------------
                     quadrupole moment
 ------------------------------------------------------------------------------
  xx     189.024616    -213.100003     -24.075387
  yy     243.210469    -267.180027     -23.969558
  zz    1855.839731   -1885.195911     -29.356180
  xy      13.376952     -13.338038       0.038914
  xz     -43.080908      43.905373       0.824465
  yz    -321.731432     321.488446      -0.242986
 
     1/3  trace=     -25.800375
     anisotropy=       5.538748
 
 ==============================================================================
 
HOMO-LUMO Separation
 HOMO         :   -0.23257095 H =     -6.32858 eV
 LUMO         :   -0.04399025 H =     -1.19704 eV
 HOMO-LUMO gap:    0.18858070 H =     +5.13154 eV
 
 ==============================================================================


    ------------------------------------------------------------------------
         total  cpu-time :  25.86 seconds
         total wall-time :  25.87 seconds
    ------------------------------------------------------------------------

   ****  ridft : all done  ****


    2020-08-30 23:08:48.445 

 ridft ended normally
