
 ridft (riogrande) : TURBOMOLE rev. V7.4.1 (b987a8a8) compiled 15 Oct 2019 at 12:03:25
 Copyright (C) 2019 TURBOMOLE GmbH, Karlsruhe


    2020-07-20 17:34:30.996 



                                  r i d f t

                        DFT program with RI approximation 
                                for coulomb part 




                                                 
                                 References:     
                                                 
          TURBOMOLE:                             
              R. Ahlrichs, M. Baer, M. Haeser, H. Horn, and
              C. Koelmel
              Electronic structure calculations on workstation
              computers: the program system TURBOMOLE
              Chem. Phys. Lett. 162: 165 (1989)
          Density Functional:                              
              O. Treutler and R. Ahlrichs                      
              Efficient Molecular Numerical Integration Schemes
              J. Chem. Phys. 102: 346 (1995)                   
          Parallel Version:                                
              Performance of parallel TURBOMOLE for Density    
              Functional Calculations                          
              M. v. Arnim and R. Ahlrichs                      
              J. Comp. Chem. 19: 1746 (1998)                   
          RI-J Method:                                     
              Auxiliary Basis Sets to approximate Coulomb      
              Potentials                                       
              Chem. Phys. Lett. 240: 283 (1995)                
              K. Eichkorn, O. Treutler, H. Oehm, M. Haeser     
              and R. Ahlrichs                                  
              Chem. Phys. Lett. 242: 652 (1995)                
                                                           
              Auxiliary Basis Sets for Main Row Atoms and their
              Use to approximate Coulomb Potentials            
              K. Eichkorn, F. Weigend, O. Treutler and         
              R. Ahlrichs                                      
              Theo. Chem. Acc. 97: 119 (1997)                   
                                                           
              Accurate Coulomb-fitting basis sets for H to Rn 
              F. Weigend                                        
              Phys. Chem. Chem. Phys. 8: 1057 (2006)            
                                                           
          Multipole accelerated RI-J (MARI-J):             
              Fast evaluation of the Coulomb potential for     
              electron densities using multipole accelerated   
              resolution of identity approximation             
              M. Sierka, A. Hogekamp and R. Ahlrichs           
              J. Chem. Phys. 118: 9136 (2003)                  
          RI-JK Method:                                     
              A fully direct RI-HF algorithm: Implementation,
              optimised auxiliary basis sets, demonstration of
              accuracy and efficiency                         
              F. Weigend                                      
              Phys. Chem. Chem. Phys. 4: 4285 (2002)           
          Two-component HF and DFT with spin-orbit coupling:  
              Self-consistent treatment of spin-orbit         
              interactions with efficient Hartree-Fock and    
              density functional methods                      
              M. K. Armbruster, F. Weigend, C. van Wüllen and 
              W. Klopper                                      
              Phys. Chem. Chem. Phys. 10: 1748 (2008)         
          Two-component difference density and DIIS algorithm 
              Efficient two-component self-consistent field   
              procedures and gradients: implementation in     
              TURBOMOLE and application to Au20-              
              A. Baldes, F. Weigend                           
              Mol. Phys. 111: 2617 (2013)                     
          Relativistic all-electron 2c calculations           
              An efficient implementation of two-component    
              relativistic exact-decoupling methods for large 
              molecules                                       
              D. Peng, N. Middendorf, F. Weigend, M. Reiher   
              J. Chem. Phys. 138: 184105 (2013)               
          Finite nucleus model and SNSO approximation         
              Efficient implementation of one- and two-       
              component analytical energy gradients in exact  
              two-component theory                            
              Y. J. Franzke, N. Middendorf, F. Weigend        
              J. Chem. Phys. 148: 104110 (2018)               
                                         




              +--------------------------------------------------+
              |      general information about current run       |
              +--------------------------------------------------+

 

 DENSITY CONVERGENCE CHECK SWITCHED ON !
 SCF CONVERGENCE IF RMS(delta[D]) <     0.1000000000E-06

 PBE functional
 exchange:    LDA + PBE
 correlation: LDA (PW) + PBE
 A DFT calculation using the RI-J approximation will be carried out.
 Allocatable memory for RI due to $ricore (MB):                   500


              +--------------------------------------------------+
              | Atomic coordinate, charge and isotop information |
              +--------------------------------------------------+

                    atomic coordinates            atom    charge  isotop
          0.00004424    0.00019986    3.88014771    c      6.000     0
         -2.04567902    1.18172116    3.00431867    f      9.000     0
          2.04586982    1.18152814    3.00451762    f      9.000     0
         -0.00004509   -2.36181794    3.00327514    f      9.000     0
         -0.00007929   -0.00052924    5.93013460    h      1.000     0
 
       center of nuclear mass  :    0.00004599    0.00041507    3.19646226
       center of nuclear charge:    0.00004405    0.00039859    3.24470658

              +--------------------------------------------------+
              |               basis set information              |
              +--------------------------------------------------+

              we will work with the 1s 3p 5d 7f 9g ... basis set
              ...i.e. with spherical basis functions...

   type   atoms  prim   cont   basis
   ---------------------------------------------------------------------------
    c        1     77     57   def2-QZVP   [7s4p3d2f1g|15s8p3d2f1g]
    f        3     77     57   def2-QZVP   [7s4p3d2f1g|15s8p3d2f1g]
    h        1     33     30   def2-QZVP   [4s3p2d1f|7s3p2d1f]
   ---------------------------------------------------------------------------
   total:    5    341    258
   ---------------------------------------------------------------------------

   total number of primitive shells          :   71
   total number of contracted shells         :   78
   total number of cartesian basis functions :  323
   total number of SCF-basis functions       :  258


 integral neglect threshold       :  0.10E-10
 integral storage threshold THIZE :  0.10E-04
 integral storage threshold THIME :         5

 RI-J AUXILIARY BASIS SET information:

              we will work with the 1s 3p 5d 7f 9g ... basis set
              ...i.e. with spherical basis functions...

   type   atoms  prim   cont   basis
   ---------------------------------------------------------------------------
    c        1     70     49   def2-QZVP   [6s4p3d1f1g|12s5p4d2f1g]
    f        3     70     49   def2-QZVP   [6s4p3d1f1g|12s5p4d2f1g]
    h        1     16     11   def2-QZVP   [3s1p1d|5s2p1d]
   ---------------------------------------------------------------------------
   total:    5    296    207
   ---------------------------------------------------------------------------

   total number of primitive shells          :   56
   total number of contracted shells         :   65
   total number of cartesian basis functions :  256
   total number of SCF-basis functions       :  207


 symmetry group of the molecule :   c1 

 the group has the following generators :
   c1(z)

    1 symmetry operations found

 there are 1 real representations :   a   

 maximum number of shells which are related by symmetry :  1


    mo occupation :
   irrep   mo's   occupied
    a      258       17
 
 number of basis functions   :                    258
 number of occupied orbitals :                     17
 
  
           ------------------
           density functional
           ------------------
 PBE functional
 exchange:    LDA + PBE
 correlation: LDA (PW) + PBE

 spherical integration : Lebedev's spherical grid
 spherical gridsize    :                     5
    i.e. gridpoints    :                   590
 value for diffuse not defined
 radial integration    : Chebyshev 2nd kind (scaling 3)
 radial gridsize       :                     8
 integration cells     :                     5
 partition function    : becke
 partition sharpness   :                     3
  

 biggest AO integral is expected to be     7.609020457
  
           ------------------------
               RI-J - INFORMATION
           ------------------------
 Contributions to RI integral batches: 
  neglected integral batches:                   228
  direct contribution:                            0
  memory contribution:                  2853
 Memory core needed for (P|Q) and Cholesky      1 MByte
 Memory core minimum needed except of (P|Q)     1 MByte
 Total minimum memory core needed (sum)         1 MByte
  
 ****************************************
 Memory allocated for RI-J   100 MByte
 ****************************************
                                            

          ------------------------
          nuclear repulsion energy  :   133.794993333    
          ------------------------


         -----------------
         -S,T+V- integrals
         -----------------

 1e-integrals will be neglected if expon. factor < 0.103466E-11
 
   Difference densities algorithm switched on.
   The maximal number of linear combinations of
   difference densities is                    20 .

 DIIS switched on: error vector is FDS-SDF
 Max. Iterations for DIIS is     :   4
 DIIS matrix (see manual) 
    Scaling factor of diagonals  :  1.200
    threshold for scaling factor :  0.000

 scf convergence criterion : increment of total energy < .1000000D-06
                  and increment of one-electron energy < .1000000D-03

  MOs are in ASCII format !


 automatic virtual orbital shift switched on 
      shift if e(lumo)-e(homo) < 0.10000000    


 reading orbital data $scfmo  from file mos
 orbital characterization : expanded
 mo provided and orthogonalized by Cholesky decomposition

 DSCF restart information will be dumped onto file mos


 Starting SCF iterations

          Overall gridpoints after grid construction =         89337

 ITERATION  ENERGY          1e-ENERGY        2e-ENERGY     RMS[dD(SAO)]   TOL
   1  -337.01703497065    -734.04763727     263.23560896    0.000D+00 0.103D-10
                            Exc = -37.3253900949     Coul =  300.560999059    
                              N = 34.000000276    
                            current damping = 0.300
 
          max. resid. norm for Fia-block=  1.212D+00 for orbital      6a         
          max. resid. fock norm         =  1.121D+02 for orbital    242a         

 ITERATION  ENERGY          1e-ENERGY        2e-ENERGY     RMS[dD(SAO)]   TOL
   2  -337.90046362395    -733.91484282     262.21938586    0.741D-02 0.764D-11
                            Exc = -36.5025648989     Coul =  298.721950758    
                              N = 34.000000200    
                            current damping = 0.250
 
          Norm of current diis error:  2.7981    
          max. resid. norm for Fia-block=  1.216D-01 for orbital     17a         
          max. resid. fock norm         =  4.021D-01 for orbital    151a         

 ITERATION  ENERGY          1e-ENERGY        2e-ENERGY     RMS[dD(SAO)]   TOL
   3  -338.07707350614    -736.31024252     264.43817568    0.262D-02 0.605D-11
                            Exc = -37.0098416663     Coul =  301.448017344    
                              N = 34.000000259    
                            current damping = 0.200
 
          Norm of current diis error: 0.48853    
          max. resid. norm for Fia-block=  2.969D-02 for orbital     17a         
          max. resid. fock norm         =  4.659D-02 for orbital     22a         

 ITERATION  ENERGY          1e-ENERGY        2e-ENERGY     RMS[dD(SAO)]   TOL
   4  -338.08264940084    -734.35257941     262.47493668    0.978D-03 0.524D-11
                            Exc = -36.7427375562     Coul =  299.217674235    
                              N = 34.000000237    
                            current damping = 0.250
 
          Norm of current diis error: 0.31383    
          max. resid. norm for Fia-block=  1.188D-02 for orbital     17a         
          max. resid. fock norm         =  1.718D-02 for orbital    145a         

 ITERATION  ENERGY          1e-ENERGY        2e-ENERGY     RMS[dD(SAO)]   TOL
   5  -338.08590560883    -735.19405004     263.31315110    0.237D-03 0.498D-11
                            Exc = -36.8461968715     Coul =  300.159347968    
                              N = 34.000000247    
                            current damping = 0.300
 
          Norm of current diis error: 0.43835E-01
          max. resid. norm for Fia-block=  2.011D-03 for orbital      9a         
          max. resid. fock norm         =  3.564D-03 for orbital    175a         
          mo-orthogonalization: Cholesky decomposition

 ITERATION  ENERGY          1e-ENERGY        2e-ENERGY     RMS[dD(SAO)]   TOL
   6  -338.08595460817    -735.19688383     263.31593589    0.447D-04 0.475D-11
                            Exc = -36.8507102371     Coul =  300.166646131    
                              N = 34.000000248    
                            current damping = 0.150
 
          Norm of current diis error: 0.46782E-02
          max. resid. norm for Fia-block=  2.515D-04 for orbital     17a         
          max. resid. fock norm         =  3.759D-04 for orbital    135a         

 ITERATION  ENERGY          1e-ENERGY        2e-ENERGY     RMS[dD(SAO)]   TOL
   7  -338.08595539949    -735.21093418     263.32998545    0.777D-05 0.456D-11
                            Exc = -36.8523964841     Coul =  300.182381936    
                              N = 34.000000248    
                            current damping = 0.100
 
          Norm of current diis error: 0.98883E-03
          max. resid. norm for Fia-block=  4.956D-05 for orbital     17a         
          max. resid. fock norm         =  7.674D-05 for orbital     24a         

 ITERATION  ENERGY          1e-ENERGY        2e-ENERGY     RMS[dD(SAO)]   TOL
   8  -338.08595543102    -735.20845475     263.32750598    0.183D-05 0.443D-11
                            Exc = -36.8521124523     Coul =  300.179618433    
                              N = 34.000000248    
                            current damping = 0.150
 
          Norm of current diis error: 0.22338E-03
          max. resid. norm for Fia-block=  1.046D-05 for orbital     11a         
          max. resid. fock norm         =  2.457D-05 for orbital    257a         

 ENERGY & DENSITY CONVERGED !


 ITERATION  ENERGY          1e-ENERGY        2e-ENERGY     RMS[dD(SAO)]   TOL
   9  -338.08595543160    -735.20852296     263.32757419    0.228D-06 0.432D-11
                            Exc = -36.8521362037     Coul =  300.179710396    
                              N = 34.000000248    
                            current damping = 0.200
 
          Norm of current diis error: 0.14648E-03
          max. resid. norm for Fia-block=  7.322D-06 for orbital     14a         
          max. resid. fock norm         =  2.239D-05 for orbital    257a         

 End of SCF iterations

   convergence criteria satisfied after     9 iterations


                  ------------------------------------------ 
                 |  total energy      =   -338.08595543160  |
                  ------------------------------------------ 
                 :  kinetic energy    =    337.15267830305  :
                 :  potential energy  =   -675.23863373464  :
                 :  virial theorem    =      1.99723952707  :
                 :  wavefunction norm =      1.00000000000  :
                  .......................................... 


 <geterg> : there is no data group $energy 


 <skperg> : $end is missing 


 orbitals $scfmo  will be written to file mos

    irrep                 13a         14a         15a         16a         17a   
 eigenvalues H         -0.41803    -0.38329    -0.38329    -0.36058    -0.34954
            eV         -11.3752    -10.4300    -10.4298     -9.8120     -9.5117
 occupation              2.0000      2.0000      2.0000      2.0000      2.0000

    irrep                 18a         19a         20a         21a         22a   
 eigenvalues H          0.01691     0.05830     0.05830     0.07783     0.15957
            eV           0.4602      1.5863      1.5865      2.1179      4.3421
 
 
 
 
 ==============================================================================
                           electrostatic moments
 ==============================================================================

 reference point for electrostatic moments:    0.00000   0.00000   0.00000

 
              nuc           elec       ->  total
 ------------------------------------------------------------------------------
                          charge      
 ------------------------------------------------------------------------------
          34.000000     -34.000000      -0.000000
 
 ------------------------------------------------------------------------------
                       dipole moment  
 ------------------------------------------------------------------------------
   x       0.001498      -0.001404       0.000094
   y       0.013552      -0.013688      -0.000136
   z     110.320024    -109.740128       0.579896
 
   | dipole moment | =     0.5799 a.u. =     1.4739 debye 
 
 ------------------------------------------------------------------------------
                     quadrupole moment
 ------------------------------------------------------------------------------
  xx      75.333474     -91.890171     -16.556697
  yy      75.335919     -91.892784     -16.556865
  zz     369.154239    -379.512722     -10.358483
  xy      -0.000566       0.000701       0.000134
  xz       0.008163      -0.007964       0.000200
  yz       0.064514      -0.065550      -0.001035
 
     1/3  trace=     -14.490681
     anisotropy=       6.198298
 
 ==============================================================================
 
HOMO-LUMO Separation
 HOMO         :   -0.34954444 H =     -9.51159 eV
 LUMO         :    0.01691215 H =     +0.46020 eV
 HOMO-LUMO gap:    0.36645660 H =     +9.97180 eV
 
 ==============================================================================


    ------------------------------------------------------------------------
         total  cpu-time :  14.21 seconds
         total wall-time :  14.22 seconds
    ------------------------------------------------------------------------

   ****  ridft : all done  ****


    2020-07-20 17:34:45.208 

