
 ridft (riogrande) : TURBOMOLE rev. V7.4.1 (b987a8a8) compiled 15 Oct 2019 at 12:03:25
 Copyright (C) 2019 TURBOMOLE GmbH, Karlsruhe


    2020-07-20 17:33:24.100 



                                  r i d f t

                        DFT program with RI approximation 
                                for coulomb part 




                                                 
                                 References:     
                                                 
          TURBOMOLE:                             
              R. Ahlrichs, M. Baer, M. Haeser, H. Horn, and
              C. Koelmel
              Electronic structure calculations on workstation
              computers: the program system TURBOMOLE
              Chem. Phys. Lett. 162: 165 (1989)
          Density Functional:                              
              O. Treutler and R. Ahlrichs                      
              Efficient Molecular Numerical Integration Schemes
              J. Chem. Phys. 102: 346 (1995)                   
          Parallel Version:                                
              Performance of parallel TURBOMOLE for Density    
              Functional Calculations                          
              M. v. Arnim and R. Ahlrichs                      
              J. Comp. Chem. 19: 1746 (1998)                   
          RI-J Method:                                     
              Auxiliary Basis Sets to approximate Coulomb      
              Potentials                                       
              Chem. Phys. Lett. 240: 283 (1995)                
              K. Eichkorn, O. Treutler, H. Oehm, M. Haeser     
              and R. Ahlrichs                                  
              Chem. Phys. Lett. 242: 652 (1995)                
                                                           
              Auxiliary Basis Sets for Main Row Atoms and their
              Use to approximate Coulomb Potentials            
              K. Eichkorn, F. Weigend, O. Treutler and         
              R. Ahlrichs                                      
              Theo. Chem. Acc. 97: 119 (1997)                   
                                                           
              Accurate Coulomb-fitting basis sets for H to Rn 
              F. Weigend                                        
              Phys. Chem. Chem. Phys. 8: 1057 (2006)            
                                                           
          Multipole accelerated RI-J (MARI-J):             
              Fast evaluation of the Coulomb potential for     
              electron densities using multipole accelerated   
              resolution of identity approximation             
              M. Sierka, A. Hogekamp and R. Ahlrichs           
              J. Chem. Phys. 118: 9136 (2003)                  
          RI-JK Method:                                     
              A fully direct RI-HF algorithm: Implementation,
              optimised auxiliary basis sets, demonstration of
              accuracy and efficiency                         
              F. Weigend                                      
              Phys. Chem. Chem. Phys. 4: 4285 (2002)           
          Two-component HF and DFT with spin-orbit coupling:  
              Self-consistent treatment of spin-orbit         
              interactions with efficient Hartree-Fock and    
              density functional methods                      
              M. K. Armbruster, F. Weigend, C. van Wüllen and 
              W. Klopper                                      
              Phys. Chem. Chem. Phys. 10: 1748 (2008)         
          Two-component difference density and DIIS algorithm 
              Efficient two-component self-consistent field   
              procedures and gradients: implementation in     
              TURBOMOLE and application to Au20-              
              A. Baldes, F. Weigend                           
              Mol. Phys. 111: 2617 (2013)                     
          Relativistic all-electron 2c calculations           
              An efficient implementation of two-component    
              relativistic exact-decoupling methods for large 
              molecules                                       
              D. Peng, N. Middendorf, F. Weigend, M. Reiher   
              J. Chem. Phys. 138: 184105 (2013)               
          Finite nucleus model and SNSO approximation         
              Efficient implementation of one- and two-       
              component analytical energy gradients in exact  
              two-component theory                            
              Y. J. Franzke, N. Middendorf, F. Weigend        
              J. Chem. Phys. 148: 104110 (2018)               
                                         




              +--------------------------------------------------+
              |      general information about current run       |
              +--------------------------------------------------+

 

 DENSITY CONVERGENCE CHECK SWITCHED ON !
 SCF CONVERGENCE IF RMS(delta[D]) <     0.1000000000E-06

 PBE functional
 exchange:    LDA + PBE
 correlation: LDA (PW) + PBE
 A DFT calculation using the RI-J approximation will be carried out.
 Allocatable memory for RI due to $ricore (MB):                   500


              +--------------------------------------------------+
              | Atomic coordinate, charge and isotop information |
              +--------------------------------------------------+

                    atomic coordinates            atom    charge  isotop
          0.01118463   -0.00660748    3.50332358    c      6.000     0
         -2.21578488    1.27522039    3.05112817    f      9.000     0
          1.56981410    1.03188172    2.66066408    h      1.000     0
         -0.10593435   -1.87791123    2.66518542    h      1.000     0
          0.29494474   -0.16691713    5.53135889    h      1.000     0
 
       center of nuclear mass  :   -1.18087273    0.67953020    3.26117999
       center of nuclear charge:   -1.00645176    0.57913289    3.29651686

              +--------------------------------------------------+
              |               basis set information              |
              +--------------------------------------------------+

              we will work with the 1s 3p 5d 7f 9g ... basis set
              ...i.e. with spherical basis functions...

   type   atoms  prim   cont   basis
   ---------------------------------------------------------------------------
    c        1     77     55   cc-pVQZ   [5s4p3d2f1g|21s6p3d2f1g]
    f        1     77     55   cc-pVQZ   [5s4p3d2f1g|21s6p3d2f1g]
    h        3     32     30   cc-pVQZ   [4s3p2d1f|6s3p2d1f]
   ---------------------------------------------------------------------------
   total:    5    250    200
   ---------------------------------------------------------------------------

   total number of primitive shells          :   78
   total number of contracted shells         :   60
   total number of cartesian basis functions :  245
   total number of SCF-basis functions       :  200


 integral neglect threshold       :  0.14E-10
 integral storage threshold THIZE :  0.10E-04
 integral storage threshold THIME :         5

 RI-J AUXILIARY BASIS SET information:

              we will work with the 1s 3p 5d 7f 9g ... basis set
              ...i.e. with spherical basis functions...

   type   atoms  prim   cont   basis
   ---------------------------------------------------------------------------
    c        1     70     49   cc-pVQZ   [6s4p3d1f1g|12s5p4d2f1g]
    f        1     70     49   cc-pVQZ   [6s4p3d1f1g|12s5p4d2f1g]
    h        3     16     11   cc-pVQZ   [3s1p1d|5s2p1d]
   ---------------------------------------------------------------------------
   total:    5    188    131
   ---------------------------------------------------------------------------

   total number of primitive shells          :   56
   total number of contracted shells         :   45
   total number of cartesian basis functions :  158
   total number of SCF-basis functions       :  131


 symmetry group of the molecule :   c1 

 the group has the following generators :
   c1(z)

    1 symmetry operations found

 there are 1 real representations :   a   

 maximum number of shells which are related by symmetry :  1


    mo occupation :
   irrep   mo's   occupied
    a      200        9
 
 number of basis functions   :                    200
 number of occupied orbitals :                      9
 
  
           ------------------
           density functional
           ------------------
 PBE functional
 exchange:    LDA + PBE
 correlation: LDA (PW) + PBE

 spherical integration : Lebedev's spherical grid
 spherical gridsize    :                     5
    i.e. gridpoints    :                   590
 value for diffuse not defined
 radial integration    : Chebyshev 2nd kind (scaling 3)
 radial gridsize       :                     8
 integration cells     :                     5
 partition function    : becke
 partition sharpness   :                     3
  

 biggest AO integral is expected to be     5.406832293
  
           ------------------------
               RI-J - INFORMATION
           ------------------------
 Contributions to RI integral batches: 
  neglected integral batches:                    16
  direct contribution:                            0
  memory contribution:                  1814
 Memory core needed for (P|Q) and Cholesky      1 MByte
 Memory core minimum needed except of (P|Q)     1 MByte
 Total minimum memory core needed (sum)         1 MByte
  
 ****************************************
 Memory allocated for RI-J    37 MByte
 ****************************************
                                            

          ------------------------
          nuclear repulsion energy  :   37.4349367388    
          ------------------------


         -----------------
         -S,T+V- integrals
         -----------------

 1e-integrals will be neglected if expon. factor < 0.136407E-11
 
   Difference densities algorithm switched on.
   The maximal number of linear combinations of
   difference densities is                    20 .

 DIIS switched on: error vector is FDS-SDF
 Max. Iterations for DIIS is     :   4
 DIIS matrix (see manual) 
    Scaling factor of diagonals  :  1.200
    threshold for scaling factor :  0.000

 scf convergence criterion : increment of total energy < .1000000D-06
                  and increment of one-electron energy < .1000000D-03

  MOs are in ASCII format !


 automatic virtual orbital shift switched on 
      shift if e(lumo)-e(homo) < 0.10000000    


 reading orbital data $scfmo  from file mos
 orbital characterization : expanded
 mo provided and orthogonalized by Cholesky decomposition

 DSCF restart information will be dumped onto file mos


 Starting SCF iterations

          Overall gridpoints after grid construction =         78056

 ITERATION  ENERGY          1e-ENERGY        2e-ENERGY     RMS[dD(SAO)]   TOL
   1  -139.21337191605    -265.72763455     89.079325898    0.000D+00 0.136D-10
                            Exc = -16.7743633596     Coul =  105.853689258    
                              N = 18.000000425    
                            current damping = 0.300
 
          max. resid. norm for Fia-block=  3.373D-01 for orbital      4a         
          max. resid. fock norm         =  1.930D+01 for orbital    195a         

 ITERATION  ENERGY          1e-ENERGY        2e-ENERGY     RMS[dD(SAO)]   TOL
   2  -139.59162757816    -265.84582947     88.819265149    0.694D-02 0.935D-11
                            Exc = -16.6992931596     Coul =  105.518558309    
                              N = 18.000000365    
                            current damping = 0.250
 
          Norm of current diis error:  1.6031    
          max. resid. norm for Fia-block=  1.149D-01 for orbital      9a         
          max. resid. fock norm         =  3.020D-01 for orbital     89a         

 ITERATION  ENERGY          1e-ENERGY        2e-ENERGY     RMS[dD(SAO)]   TOL
   3  -139.64554606335    -267.16166910     90.081186298    0.237D-02 0.758D-11
                            Exc = -16.9247273053     Coul =  107.005913603    
                              N = 18.000000409    
                            current damping = 0.200
 
          Norm of current diis error: 0.49004    
          max. resid. norm for Fia-block=  3.623D-02 for orbital      8a         
          max. resid. fock norm         =  4.104D-02 for orbital     16a         

 ITERATION  ENERGY          1e-ENERGY        2e-ENERGY     RMS[dD(SAO)]   TOL
   4  -139.65041412460    -266.07928882     88.993937959    0.167D-02 0.649D-11
                            Exc = -16.7861100256     Coul =  105.780047985    
                              N = 18.000000376    
                            current damping = 0.250
 
          Norm of current diis error: 0.28969    
          max. resid. norm for Fia-block=  1.279D-02 for orbital      5a         
          max. resid. fock norm         =  1.857D-02 for orbital      9a         

 ITERATION  ENERGY          1e-ENERGY        2e-ENERGY     RMS[dD(SAO)]   TOL
   5  -139.65286032036    -266.60027811     89.512481053    0.357D-03 0.631D-11
                            Exc = -16.8459490329     Coul =  106.358430086    
                              N = 18.000000385    
                            current damping = 0.300
 
          Norm of current diis error: 0.40344E-01
          max. resid. norm for Fia-block=  1.660D-03 for orbital      4a         
          max. resid. fock norm         =  2.403D-03 for orbital     96a         
          mo-orthogonalization: Cholesky decomposition

 ITERATION  ENERGY          1e-ENERGY        2e-ENERGY     RMS[dD(SAO)]   TOL
   6  -139.65289526221    -266.57098928     89.483157281    0.608D-04 0.606D-11
                            Exc = -16.8440360494     Coul =  106.327193330    
                              N = 18.000000385    
                            current damping = 0.350
 
          Norm of current diis error: 0.43308E-02
          max. resid. norm for Fia-block=  2.993D-04 for orbital      5a         
          max. resid. fock norm         =  3.447D-04 for orbital     89a         

 ITERATION  ENERGY          1e-ENERGY        2e-ENERGY     RMS[dD(SAO)]   TOL
   7  -139.65289589729    -266.57799614     89.490163507    0.743D-05 0.586D-11
                            Exc = -16.8449397737     Coul =  106.335103280    
                              N = 18.000000385    
                            current damping = 0.400
 
          Norm of current diis error: 0.81600E-03
          max. resid. norm for Fia-block=  4.711D-05 for orbital      4a         
          max. resid. fock norm         =  1.017D-04 for orbital    100a         

 ITERATION  ENERGY          1e-ENERGY        2e-ENERGY     RMS[dD(SAO)]   TOL
   8  -139.65289591171    -266.57822741     89.490394762    0.206D-05 0.568D-11
                            Exc = -16.8449652735     Coul =  106.335360035    
                              N = 18.000000385    
                            current damping = 0.250
 
          Norm of current diis error: 0.11428E-03
          max. resid. norm for Fia-block=  1.005D-05 for orbital      8a         
          max. resid. fock norm         =  1.602D-05 for orbital     18a         

 ITERATION  ENERGY          1e-ENERGY        2e-ENERGY     RMS[dD(SAO)]   TOL
   9  -139.65289591215    -266.57810203     89.490269376    0.884D-06 0.546D-11
                            Exc = -16.8449506450     Coul =  106.335220021    
                              N = 18.000000385    
                            current damping = 0.300
 
          Norm of current diis error: 0.73929E-04
          max. resid. norm for Fia-block=  5.561D-06 for orbital      5a         
          max. resid. fock norm         =  8.682D-06 for orbital     98a         

 ENERGY & DENSITY CONVERGED !


 ITERATION  ENERGY          1e-ENERGY        2e-ENERGY     RMS[dD(SAO)]   TOL
  10  -139.65289591226    -266.57819230     89.490359644    0.119D-06 0.530D-11
                            Exc = -16.8449637172     Coul =  106.335323361    
                              N = 18.000000385    
                            current damping = 0.350
 
          Norm of current diis error: 0.38426E-04
          max. resid. norm for Fia-block=  1.740D-06 for orbital      5a         
          max. resid. fock norm         =  1.792D-06 for orbital      5a         

 End of SCF iterations

   convergence criteria satisfied after    10 iterations


                  ------------------------------------------ 
                 |  total energy      =   -139.65289591226  |
                  ------------------------------------------ 
                 :  kinetic energy    =    139.22455017602  :
                 :  potential energy  =   -278.87744608828  :
                 :  virial theorem    =      1.99693278300  :
                 :  wavefunction norm =      1.00000000000  :
                  .......................................... 


 <geterg> : there is no data group $energy 


 <skperg> : $end is missing 


 orbitals $scfmo  will be written to file mos

    irrep                  5a          6a          7a          8a          9a   
 eigenvalues H         -0.43958    -0.42725    -0.42701    -0.29317    -0.29304
            eV         -11.9617    -11.6262    -11.6196     -7.9777     -7.9742
 occupation              2.0000      2.0000      2.0000      2.0000      2.0000

    irrep                 10a         11a         12a         13a         14a   
 eigenvalues H          0.01552     0.04089     0.07738     0.07742     0.16854
            eV           0.4223      1.1126      2.1057      2.1067      4.5862
 
 
 
 
 ==============================================================================
                           electrostatic moments
 ==============================================================================

 reference point for electrostatic moments:    0.00000   0.00000   0.00000

 
              nuc           elec       ->  total
 ------------------------------------------------------------------------------
                          charge      
 ------------------------------------------------------------------------------
          18.000000     -18.000000       0.000000
 
 ------------------------------------------------------------------------------
                       dipole moment  
 ------------------------------------------------------------------------------
   x     -18.116132      18.680308       0.564177
   y      10.424392     -10.749128      -0.324736
   z      59.337303     -59.223075       0.114229
 
   | dipole moment | =     0.6609 a.u. =     1.6799 debye 
 
 ------------------------------------------------------------------------------
                     quadrupole moment
 ------------------------------------------------------------------------------
  xx      46.750605     -57.127394     -10.376789
  yy      19.255137     -28.644909      -9.389772
  zz     202.202382    -210.358998      -8.156615
  xy     -23.661403      24.510800       0.849396
  xz     -55.084834      56.758469       1.673635
  yz      31.696089     -32.659464      -0.963375
 
     1/3  trace=      -9.307725
     anisotropy=       4.130845
 
 ==============================================================================
 
HOMO-LUMO Separation
 HOMO         :   -0.29304332 H =     -7.97412 eV
 LUMO         :    0.01551931 H =     +0.42230 eV
 HOMO-LUMO gap:    0.30856263 H =     +8.39642 eV
 
 ==============================================================================


    ------------------------------------------------------------------------
         total  cpu-time :  10.29 seconds
         total wall-time :  10.30 seconds
    ------------------------------------------------------------------------

   ****  ridft : all done  ****


    2020-07-20 17:33:34.394 

