           SMPCPUS    set: Shared-memory Parallelization with  20 CPUs.

           SMP Parallelization Reference:
           C. van Wullen, J. Comput. Chem. 32 (2011) 1195--1201

 ridft (c-12-33) : TURBOMOLE rev. V7.5.0 compiled 13 Jun 2020 at 23:29:25
 Copyright (C) 2020 TURBOMOLE GmbH, Karlsruhe


    2020-07-20 03:02:01.745 



                                  r i d f t

                        DFT program with RI approximation 
                                for coulomb part 




                                                 
                                 References:     
                                                 
          TURBOMOLE:                             
              R. Ahlrichs, M. Baer, M. Haeser, H. Horn, and
              C. Koelmel
              Electronic structure calculations on workstation
              computers: the program system TURBOMOLE
              Chem. Phys. Lett. 162: 165 (1989)
          Density Functional:                              
              O. Treutler and R. Ahlrichs                      
              Efficient Molecular Numerical Integration Schemes
              J. Chem. Phys. 102: 346 (1995)                   
          Parallel Version:                                
              Performance of parallel TURBOMOLE for Density    
              Functional Calculations                          
              M. v. Arnim and R. Ahlrichs                      
              J. Comp. Chem. 19: 1746 (1998)                   
          RI-J Method:                                     
              Auxiliary Basis Sets to approximate Coulomb      
              Potentials                                       
              Chem. Phys. Lett. 240: 283 (1995)                
              K. Eichkorn, O. Treutler, H. Oehm, M. Haeser     
              and R. Ahlrichs                                  
              Chem. Phys. Lett. 242: 652 (1995)                
                                                           
              Auxiliary Basis Sets for Main Row Atoms and their
              Use to approximate Coulomb Potentials            
              K. Eichkorn, F. Weigend, O. Treutler and         
              R. Ahlrichs                                      
              Theo. Chem. Acc. 97: 119 (1997)                   
                                                           
              Accurate Coulomb-fitting basis sets for H to Rn 
              F. Weigend                                        
              Phys. Chem. Chem. Phys. 8: 1057 (2006)            
                                                           
          Multipole accelerated RI-J (MARI-J):             
              Fast evaluation of the Coulomb potential for     
              electron densities using multipole accelerated   
              resolution of identity approximation             
              M. Sierka, A. Hogekamp and R. Ahlrichs           
              J. Chem. Phys. 118: 9136 (2003)                  
          RI-JK Method:                                     
              A fully direct RI-HF algorithm: Implementation,
              optimised auxiliary basis sets, demonstration of
              accuracy and efficiency                         
              F. Weigend                                      
              Phys. Chem. Chem. Phys. 4: 4285 (2002)           
          Two-component HF and DFT with spin-orbit coupling:  
              Self-consistent treatment of spin-orbit         
              interactions with efficient Hartree-Fock and    
              density functional methods                      
              M. K. Armbruster, F. Weigend, C. van Wüllen and 
              W. Klopper                                      
              Phys. Chem. Chem. Phys. 10: 1748 (2008)         
          Two-component difference density and DIIS algorithm 
              Efficient two-component self-consistent field   
              procedures and gradients: implementation in     
              TURBOMOLE and application to Au20-              
              A. Baldes, F. Weigend                           
              Mol. Phys. 111: 2617 (2013)                     
          Relativistic all-electron 2c calculations           
              An efficient implementation of two-component    
              relativistic exact-decoupling methods for large 
              molecules                                       
              D. Peng, N. Middendorf, F. Weigend, M. Reiher   
              J. Chem. Phys. 138: 184105 (2013)               
          Finite nucleus model and SNSO approximation         
              Efficient implementation of one- and two-       
              component analytical energy gradients in exact  
              two-component theory                            
              Y. J. Franzke, N. Middendorf, F. Weigend        
              J. Chem. Phys. 148: 104110 (2018)               
          Grids for all-electron relativistic methods         
              Error-consistent segmented contracted all-      
              electron relativistic basis sets of double-     
              and triple-zeta quality for NMR shielding       
              constants                                       
              Y. J. Franzke, R. Tress, T. M. Pazdera,         
              F. Weigend                                      
              Phys. Chem. Chem. Phys. 21: 166658 (2019)       
          Seminumerical exchange algorithms                   
              Seminumerical calculation of the Hartree-Fock   
              exchange matirx: Application to two-component   
              procedures and efficient evaluation of local    
              hybrid functionsl                               
              P. Plessow, F. Weigend,                         
              J. Comput. Chem. 33: 810 (2012)                 
          Improved seminumerical algorithms                   
              C. Holzer, in preparation (2020)                
                                         




              +--------------------------------------------------+
              |      general information about current run       |
              +--------------------------------------------------+

 

 DENSITY CONVERGENCE CHECK SWITCHED ON !
 SCF CONVERGENCE IF RMS(delta[D]) <     0.1000000000E-06

 PBE functional
 exchange:    LDA + PBE
 correlation: LDA (PW) + PBE
 A DFT calculation using the RI-J approximation will be carried out.
 Allocatable memory for RI due to $ricore (MB):                  5000


              +--------------------------------------------------+
              | Atomic coordinate, charge and isotop information |
              +--------------------------------------------------+

                    atomic coordinates            atom    charge  isotop
          0.15415922   -0.15037868   -0.23101620    c      6.000     0
          3.39498431    0.75046410    1.18992087    br    35.000     0
          0.02504930   -2.19211284   -0.29627091    h      1.000     0
         -1.30819558    0.62626071    0.97224225    h      1.000     0
          0.03435698    0.64218134   -2.11440623    h      1.000     0
          9.17464406    1.60232877    2.54930299    o      0.000     0
         10.06168450    0.45731230    0.77705811    c      0.000     0
         12.11604461    0.27689071    0.50786001    h      0.000     0
          8.85539078   -0.45681484   -0.64786197    h      0.000     0
 
       center of nuclear mass  :    4.48635674    0.70560120    1.12698775
       center of nuclear charge:    2.69319584    0.55546138    0.88233405

              +--------------------------------------------------+
              |               basis set information              |
              +--------------------------------------------------+

              we will work with the 1s 3p 5d 7f 9g ... basis set
              ...i.e. with spherical basis functions...

   type   atoms  prim   cont   basis
   ---------------------------------------------------------------------------
    c        2     77     55   cc-pVQZ   [5s4p3d2f1g|21s6p3d2f1g]
    br       1    284     68   cc-pVQZ   [7s6p4d2f1g|75s42p12d2f1g]
    h        5     32     30   cc-pVQZ   [4s3p2d1f|6s3p2d1f]
    o        1     77     55   cc-pVQZ   [5s4p3d2f1g|21s6p3d2f1g]
   ---------------------------------------------------------------------------
   total:    9    675    383
   ---------------------------------------------------------------------------

   total number of primitive shells          :  210
   total number of contracted shells         :  115
   total number of cartesian basis functions :  469
   total number of SCF-basis functions       :  383


 integral neglect threshold       :  0.71E-11
 integral storage threshold THIZE :  0.10E-04
 integral storage threshold THIME :         5

 RI-J AUXILIARY BASIS SET information:

              we will work with the 1s 3p 5d 7f 9g ... basis set
              ...i.e. with spherical basis functions...

   type   atoms  prim   cont   basis
   ---------------------------------------------------------------------------
    c        2     70     49   cc-pVQZ   [6s4p3d1f1g|12s5p4d2f1g]
    br       1     89     58   universal   [8s4p3d2f1g|19s5p5d3f1g]
    h        5     16     11   cc-pVQZ   [3s1p1d|5s2p1d]
    o        1     70     49   cc-pVQZ   [6s4p3d1f1g|12s5p4d2f1g]
   ---------------------------------------------------------------------------
   total:    9    379    260
   ---------------------------------------------------------------------------

   total number of primitive shells          :   89
   total number of contracted shells         :   88
   total number of cartesian basis functions :  316
   total number of SCF-basis functions       :  260


 symmetry group of the molecule :   c1 

 the group has the following generators :
   c1(z)

    1 symmetry operations found

 there are 1 real representations :   a   

 maximum number of shells which are related by symmetry :  1

  
           ------------------
           density functional
           ------------------
 Dummy atoms with grid-point found.
 DFT quadrature threshold dgrenze tightened by factor 1/10.

 PBE functional
 exchange:    LDA + PBE
 correlation: LDA (PW) + PBE
 Dummy atoms with grid-point found.
 DFT quadrature threshold dgrenze tightened by factor 1/10.

 Dummy atoms with grid-point found.
 DFT quadrature threshold dgrenze tightened by factor 1/10.


 spherical integration : Lebedev's spherical grid
 spherical gridsize    :                     5
    i.e. gridpoints    :                   590
 value for diffuse not defined
 radial integration    : Chebyshev 2nd kind (scaling 3)
 radial gridsize       :                     8
 integration cells     :                     9
 partition function    : becke
 partition sharpness   :                     3
  
 found dummy atom(s) with basis: included in dft

 biggest AO integral is expected to be    21.504699348

          ------------------------
          nuclear repulsion energy  :   89.4754716964    
          ------------------------


         -----------------
         -S,T+V- integrals
         -----------------

 1e-integrals will be neglected if expon. factor < 0.712572E-12
 
   Difference densities algorithm switched on.
   The maximal number of linear combinations of
   difference densities is                    20 .

 DIIS switched on: error vector is FDS-SDF
 Max. Iterations for DIIS is     :   4
 DIIS matrix (see manual) 
    Scaling factor of diagonals  :  1.200
    threshold for scaling factor :  0.000

 scf convergence criterion : increment of total energy < .1000000D-06
                  and increment of one-electron energy < .1000000D-03

 MOs are in ASCII format !


    mo occupation :
   irrep   mo's   occupied
    a      383       22
 
 number of basis functions   :   383
 number of occupied orbitals :    22
 

 reading orbital data $scfmo  from file mos
 orbital characterization : expanded
 virtual MOs provided and orthogonalized by Cholesky decomposition

 automatic virtual orbital shift switched on 
      shift if e(lumo)-e(homo) < 0.10000000    

  
           ------------------------
               RI-J - INFORMATION
           ------------------------
 Contributions to RI integral batches: 
  neglected integral batches:                  1652
  direct contribution:                            0
  memory contribution:                  5018
 Memory core needed for (P|Q) and Cholesky      1 MByte
 Memory core minimum needed except of (P|Q)     1 MByte
 Total minimum memory core needed (sum)         2 MByte
  
 ****************************************
 Memory allocated for RI-J   195 MByte
 ****************************************
                                            

 DSCF restart information will be dumped onto file mos


 Starting SCF iterations

          Overall gridpoints after grid construction =        148190

 ITERATION  ENERGY          1e-ENERGY        2e-ENERGY     RMS[dD(SAO)]   TOL
   1  -2613.3991177144    -3812.2033237     1109.3287342    0.000D+00 0.711D-11
                            Exc = -97.1830440137     Coul =  1206.51177825    
                              N = 43.999999716    
                            current damping = 0.300
 
          max. resid. norm for Fia-block=  2.738D-01 for orbital      2a         
          max. resid. fock norm         =  3.889D+01 for orbital    373a         

 ITERATION  ENERGY          1e-ENERGY        2e-ENERGY     RMS[dD(SAO)]   TOL
   2  -2613.6556480435    -3812.6363263     1109.5052066    0.376D-02 0.455D-11
                            Exc = -97.3692508072     Coul =  1206.87445736    
                              N = 43.999999769    
                            current damping = 0.250
 
          Norm of current diis error:  1.0111    
          max. resid. norm for Fia-block=  7.135D-02 for orbital     16a         
          max. resid. fock norm         =  1.845D-01 for orbital    219a         

 ITERATION  ENERGY          1e-ENERGY        2e-ENERGY     RMS[dD(SAO)]   TOL
   3  -2613.6799925604    -3813.4236576     1110.2681933    0.104D-02 0.381D-11
                            Exc = -97.3705191390     Coul =  1207.63871248    
                              N = 43.999999759    
                            current damping = 0.150
 
          Norm of current diis error: 0.46677    
          max. resid. norm for Fia-block=  1.770D-02 for orbital     20a         
          max. resid. fock norm         =  2.236D-02 for orbital     23a         

 ITERATION  ENERGY          1e-ENERGY        2e-ENERGY     RMS[dD(SAO)]   TOL
   4  -2613.6863682727    -3812.7932972     1109.6314573    0.433D-03 0.344D-11
                            Exc = -97.3738510249     Coul =  1207.00530829    
                              N = 43.999999763    
                            current damping = 0.200
 
          Norm of current diis error: 0.82665E-01
          max. resid. norm for Fia-block=  5.974D-03 for orbital     20a         
          max. resid. fock norm         =  8.865D-03 for orbital     17a         

 ITERATION  ENERGY          1e-ENERGY        2e-ENERGY     RMS[dD(SAO)]   TOL
   5  -2613.6865915422    -3813.3001444     1110.1380812    0.101D-03 0.327D-11
                            Exc = -97.3873731987     Coul =  1207.52545441    
                              N = 43.999999762    
                            current damping = 0.250
 
          Norm of current diis error: 0.29072E-01
          max. resid. norm for Fia-block=  2.115D-03 for orbital     20a         
          max. resid. fock norm         =  2.738D-03 for orbital    207a         
          mo-orthogonalization: Cholesky decomposition

 ITERATION  ENERGY          1e-ENERGY        2e-ENERGY     RMS[dD(SAO)]   TOL
   6  -2613.6866480658    -3813.0225414     1109.8604217    0.460D-04 0.319D-11
                            Exc = -97.3781350558     Coul =  1207.23855672    
                              N = 43.999999762    
                            current damping = 0.300
 
          Norm of current diis error: 0.54098E-02
          max. resid. norm for Fia-block=  3.663D-04 for orbital     11a         
          max. resid. fock norm         =  5.063D-04 for orbital    359a         

 ITERATION  ENERGY          1e-ENERGY        2e-ENERGY     RMS[dD(SAO)]   TOL
   7  -2613.6866500125    -3813.0758798     1109.9137581    0.772D-05 0.312D-11
                            Exc = -97.3803751124     Coul =  1207.29413318    
                              N = 43.999999762    
                            current damping = 0.350
 
          Norm of current diis error: 0.96266E-03
          max. resid. norm for Fia-block=  6.917D-05 for orbital     11a         
          max. resid. fock norm         =  9.750D-05 for orbital    122a         

 ITERATION  ENERGY          1e-ENERGY        2e-ENERGY     RMS[dD(SAO)]   TOL
   8  -2613.6866500579    -3813.0738577     1109.9117360    0.135D-05 0.305D-11
                            Exc = -97.3801691725     Coul =  1207.29190513    
                              N = 43.999999762    
                            current damping = 0.400
 
          Norm of current diis error: 0.19214E-03
          max. resid. norm for Fia-block=  1.421D-05 for orbital     16a         
          max. resid. fock norm         =  2.034D-05 for orbital      8a         

 ITERATION  ENERGY          1e-ENERGY        2e-ENERGY     RMS[dD(SAO)]   TOL
   9  -2613.6866500602    -3813.0751191     1109.9129973    0.296D-06 0.297D-11
                            Exc = -97.3802252118     Coul =  1207.29322251    
                              N = 43.999999762    
                            current damping = 0.450
 
          Norm of current diis error: 0.35266E-04
          max. resid. norm for Fia-block=  3.456D-06 for orbital     11a         
          max. resid. fock norm         =  6.696D-06 for orbital     67a         

 ENERGY & DENSITY CONVERGED !


 ITERATION  ENERGY          1e-ENERGY        2e-ENERGY     RMS[dD(SAO)]   TOL
  10  -2613.6866500603    -3813.0752816     1109.9131599    0.725D-07 0.291D-11
                            Exc = -97.3802354176     Coul =  1207.29339527    
                              N = 43.999999762    
                            current damping = 0.300
 
          Norm of current diis error: 0.91770E-05
          max. resid. norm for Fia-block=  7.225D-07 for orbital     18a         
          max. resid. fock norm         =  2.425D-06 for orbital     67a         

 End of SCF iterations

   convergence criteria satisfied after    10 iterations


                  ------------------------------------------ 
                 |  total energy      =  -2613.68665006030  |
                  ------------------------------------------ 
                 :  kinetic energy    =   2609.55089469597  :
                 :  potential energy  =  -5223.23754475626  :
                 :  virial theorem    =      1.99841765448  :
                 :  wavefunction norm =      1.00000000000  :
                  .......................................... 


 <geterg> : there is no data group $energy 


 <skperg> : $end is missing 


 orbitals $scfmo  will be written to file mos

    irrep                 18a         19a         20a         21a         22a   
 eigenvalues H         -0.40046    -0.40037    -0.35671    -0.24505    -0.24501
            eV         -10.8973    -10.8947     -9.7066     -6.6683     -6.6671
 occupation              2.0000      2.0000      2.0000      2.0000      2.0000

    irrep                 23a         24a         25a         26a         27a   
 eigenvalues H         -0.04078     0.01347     0.06149     0.06253     0.06793
            eV          -1.1097      0.3667      1.6731      1.7016      1.8486
 
 
 
 
 ==============================================================================
                           electrostatic moments
 ==============================================================================

 reference point for electrostatic moments:    0.00000   0.00000   0.00000

 
              nuc           elec       ->  total
 ------------------------------------------------------------------------------
                          charge      
 ------------------------------------------------------------------------------
          44.000000     -44.000000       0.000000
 
 ------------------------------------------------------------------------------
                       dipole moment  
 ------------------------------------------------------------------------------
   x     118.500617    -119.139832      -0.639215
   y      24.440301     -24.615808      -0.175508
   z      38.822698     -39.099580      -0.276882
 
   | dipole moment | =     0.7184 a.u. =     1.8259 debye 
 
 ------------------------------------------------------------------------------
                     quadrupole moment
 ------------------------------------------------------------------------------
  xx     405.262921    -425.939046     -20.676125
  yy      25.457514     -44.786607     -19.329094
  zz      55.380865     -74.766409     -19.385545
  xy      88.182273     -88.429394      -0.247121
  xz     139.826066    -140.220144      -0.394078
  yz      31.363695     -31.421065      -0.057370
 
     1/3  trace=     -19.796921
     anisotropy=       1.549390
 
 ==============================================================================
 
HOMO-LUMO Separation
 HOMO         :   -0.24500775 H =     -6.66700 eV
 LUMO         :   -0.04078010 H =     -1.10968 eV
 HOMO-LUMO gap:    0.20422765 H =     +5.55732 eV
 
 ==============================================================================


    ------------------------------------------------------------------------
         total  cpu-time :  4 minutes and  8 seconds
         total wall-time :  20.67 seconds
    ------------------------------------------------------------------------

   ****  ridft : all done  ****


    2020-07-20 03:02:22.382 

