           SMPCPUS    set: Shared-memory Parallelization with  10 CPUs.

           SMP Parallelization Reference:
           C. van Wullen, J. Comput. Chem. 32 (2011) 1195--1201

 ridft (c-14-10) : TURBOMOLE rev. V7.5.0 compiled 13 Jun 2020 at 23:29:25
 Copyright (C) 2020 TURBOMOLE GmbH, Karlsruhe


    2020-08-03 22:04:54.652 



                                  r i d f t

                        DFT program with RI approximation 
                                for coulomb part 




                                                 
                                 References:     
                                                 
          TURBOMOLE:                             
              R. Ahlrichs, M. Baer, M. Haeser, H. Horn, and
              C. Koelmel
              Electronic structure calculations on workstation
              computers: the program system TURBOMOLE
              Chem. Phys. Lett. 162: 165 (1989)
          Density Functional:                              
              O. Treutler and R. Ahlrichs                      
              Efficient Molecular Numerical Integration Schemes
              J. Chem. Phys. 102: 346 (1995)                   
          Parallel Version:                                
              Performance of parallel TURBOMOLE for Density    
              Functional Calculations                          
              M. v. Arnim and R. Ahlrichs                      
              J. Comp. Chem. 19: 1746 (1998)                   
          RI-J Method:                                     
              Auxiliary Basis Sets to approximate Coulomb      
              Potentials                                       
              Chem. Phys. Lett. 240: 283 (1995)                
              K. Eichkorn, O. Treutler, H. Oehm, M. Haeser     
              and R. Ahlrichs                                  
              Chem. Phys. Lett. 242: 652 (1995)                
                                                           
              Auxiliary Basis Sets for Main Row Atoms and their
              Use to approximate Coulomb Potentials            
              K. Eichkorn, F. Weigend, O. Treutler and         
              R. Ahlrichs                                      
              Theo. Chem. Acc. 97: 119 (1997)                   
                                                           
              Accurate Coulomb-fitting basis sets for H to Rn 
              F. Weigend                                        
              Phys. Chem. Chem. Phys. 8: 1057 (2006)            
                                                           
          Multipole accelerated RI-J (MARI-J):             
              Fast evaluation of the Coulomb potential for     
              electron densities using multipole accelerated   
              resolution of identity approximation             
              M. Sierka, A. Hogekamp and R. Ahlrichs           
              J. Chem. Phys. 118: 9136 (2003)                  
          RI-JK Method:                                     
              A fully direct RI-HF algorithm: Implementation,
              optimised auxiliary basis sets, demonstration of
              accuracy and efficiency                         
              F. Weigend                                      
              Phys. Chem. Chem. Phys. 4: 4285 (2002)           
          Two-component HF and DFT with spin-orbit coupling:  
              Self-consistent treatment of spin-orbit         
              interactions with efficient Hartree-Fock and    
              density functional methods                      
              M. K. Armbruster, F. Weigend, C. van Wüllen and 
              W. Klopper                                      
              Phys. Chem. Chem. Phys. 10: 1748 (2008)         
          Two-component difference density and DIIS algorithm 
              Efficient two-component self-consistent field   
              procedures and gradients: implementation in     
              TURBOMOLE and application to Au20-              
              A. Baldes, F. Weigend                           
              Mol. Phys. 111: 2617 (2013)                     
          Relativistic all-electron 2c calculations           
              An efficient implementation of two-component    
              relativistic exact-decoupling methods for large 
              molecules                                       
              D. Peng, N. Middendorf, F. Weigend, M. Reiher   
              J. Chem. Phys. 138: 184105 (2013)               
          Finite nucleus model and SNSO approximation         
              Efficient implementation of one- and two-       
              component analytical energy gradients in exact  
              two-component theory                            
              Y. J. Franzke, N. Middendorf, F. Weigend        
              J. Chem. Phys. 148: 104110 (2018)               
          Grids for all-electron relativistic methods         
              Error-consistent segmented contracted all-      
              electron relativistic basis sets of double-     
              and triple-zeta quality for NMR shielding       
              constants                                       
              Y. J. Franzke, R. Tress, T. M. Pazdera,         
              F. Weigend                                      
              Phys. Chem. Chem. Phys. 21: 166658 (2019)       
          Seminumerical exchange algorithms                   
              Seminumerical calculation of the Hartree-Fock   
              exchange matirx: Application to two-component   
              procedures and efficient evaluation of local    
              hybrid functionsl                               
              P. Plessow, F. Weigend,                         
              J. Comput. Chem. 33: 810 (2012)                 
          Improved seminumerical algorithms                   
              C. Holzer, in preparation (2020)                
                                         




              +--------------------------------------------------+
              |      general information about current run       |
              +--------------------------------------------------+

 

 DENSITY CONVERGENCE CHECK SWITCHED ON !
 SCF CONVERGENCE IF RMS(delta[D]) <     0.1000000000E-06

 PBE functional
 exchange:    LDA + PBE
 correlation: LDA (PW) + PBE
 A DFT calculation using the RI-J approximation will be carried out.
 Allocatable memory for RI due to $ricore (MB):                  5000


              +--------------------------------------------------+
              | Atomic coordinate, charge and isotop information |
              +--------------------------------------------------+

                    atomic coordinates            atom    charge  isotop
          0.56909502   -0.32714580    5.22411092    c      6.000     0
         -0.04699906   -0.14660898    1.92215596    cl    17.000     0
          2.35743761    0.59451280    5.60238548    h      1.000     0
          0.65409308   -2.30063220    5.76146533    h      1.000     0
         -0.94809264    0.62018077    6.21974095    h      1.000     0
 
       center of nuclear mass  :    0.14358071   -0.20245815    2.94361693
       center of nuclear charge:    0.17996246   -0.21312177    3.13865033

              +--------------------------------------------------+
              |               basis set information              |
              +--------------------------------------------------+

              we will work with the 1s 3p 5d 7f 9g ... basis set
              ...i.e. with spherical basis functions...

   type   atoms  prim   cont   basis
   ---------------------------------------------------------------------------
    c        1    118     91   cc-pV5Z   [6s5p4d3f2g1h|24s8p4d3f2g1h]
    cl       1    187    100   cc-pV(5+d)Z   [7s6p5d3f2g1h|52s20p5d3f2g1h]
    h        3     58     55   cc-pV5Z   [5s4p3d2f1g|8s4p3d2f1g]
   ---------------------------------------------------------------------------
   total:    5    479    356
   ---------------------------------------------------------------------------

   total number of primitive shells          :  143
   total number of contracted shells         :   90
   total number of cartesian basis functions :  472
   total number of SCF-basis functions       :  356


 integral neglect threshold       :  0.71E-11
 integral storage threshold THIZE :  0.10E-04
 integral storage threshold THIME :         5

 RI-J AUXILIARY BASIS SET information:

              we will work with the 1s 3p 5d 7f 9g ... basis set
              ...i.e. with spherical basis functions...

   type   atoms  prim   cont   basis
   ---------------------------------------------------------------------------
    c        1     70     49   cc-pV5Z   [6s4p3d1f1g|12s5p4d2f1g]
    cl       1     77     51   universal   [8s4p3d1f1g|14s5p5d2f1g]
    h        3     16     11   cc-pV5Z   [3s1p1d|5s2p1d]
   ---------------------------------------------------------------------------
   total:    5    195    133
   ---------------------------------------------------------------------------

   total number of primitive shells          :   59
   total number of contracted shells         :   47
   total number of cartesian basis functions :  160
   total number of SCF-basis functions       :  133


 symmetry group of the molecule :   c1 

 the group has the following generators :
   c1(z)

    1 symmetry operations found

 there are 1 real representations :   a   

 maximum number of shells which are related by symmetry :  1

  
           ------------------
           density functional
           ------------------
 PBE functional
 exchange:    LDA + PBE
 correlation: LDA (PW) + PBE

 spherical integration : Lebedev's spherical grid
 spherical gridsize    :                     5
    i.e. gridpoints    :                   590
 value for diffuse not defined
 radial integration    : Chebyshev 2nd kind (scaling 3)
 radial gridsize       :                     8
 integration cells     :                     5
 partition function    : becke
 partition sharpness   :                     3
  

 biggest AO integral is expected to be    10.299436986

          ------------------------
          nuclear repulsion energy  :   51.4486459205    
          ------------------------


         -----------------
         -S,T+V- integrals
         -----------------

 1e-integrals will be neglected if expon. factor < 0.708043E-12
 
   Difference densities algorithm switched on.
   The maximal number of linear combinations of
   difference densities is                    20 .

 DIIS switched on: error vector is FDS-SDF
 Max. Iterations for DIIS is     :   4
 DIIS matrix (see manual) 
    Scaling factor of diagonals  :  1.200
    threshold for scaling factor :  0.000

 scf convergence criterion : increment of total energy < .1000000D-06
                  and increment of one-electron energy < .1000000D-03

 MOs are in ASCII format !


    mo occupation :
   irrep   mo's   occupied
    a      356       13
 
 number of basis functions   :   356
 number of occupied orbitals :    13
 

 reading orbital data $scfmo  from file mos
 orbital characterization : expanded
 virtual MOs provided and orthogonalized by Cholesky decomposition

 automatic virtual orbital shift switched on 
      shift if e(lumo)-e(homo) < 0.10000000    

  
           ------------------------
               RI-J - INFORMATION
           ------------------------
 Contributions to RI integral batches: 
  neglected integral batches:                    81
  direct contribution:                            0
  memory contribution:                  4014
 Memory core needed for (P|Q) and Cholesky      1 MByte
 Memory core minimum needed except of (P|Q)     1 MByte
 Total minimum memory core needed (sum)         2 MByte
  
 ****************************************
 Memory allocated for RI-J   136 MByte
 ****************************************
                                            

 DSCF restart information will be dumped onto file mos


 Starting SCF iterations

          Overall gridpoints after grid construction =         80029

 ITERATION  ENERGY          1e-ENERGY        2e-ENERGY     RMS[dD(SAO)]   TOL
   1  -499.59227237712    -788.52000710     237.47908880    0.000D+00 0.706D-11
                            Exc = -34.2726221981     Coul =  271.751710999    
                              N = 25.999999971    
                            current damping = 0.300
 
          max. resid. norm for Fia-block=  4.036D-01 for orbital      1a         
          max. resid. fock norm         =  2.278D+01 for orbital    333a         

 ITERATION  ENERGY          1e-ENERGY        2e-ENERGY     RMS[dD(SAO)]   TOL
   2  -499.87544784768    -790.93339745     239.60930368    0.112D-01 0.474D-11
                            Exc = -34.5482391625     Coul =  274.157542844    
                              N = 25.999999914    
                            current damping = 0.250
 
          Norm of current diis error:  1.3673    
          max. resid. norm for Fia-block=  7.006D-02 for orbital      1a         
          max. resid. fock norm         =  2.050D-01 for orbital    236a         

 ITERATION  ENERGY          1e-ENERGY        2e-ENERGY     RMS[dD(SAO)]   TOL
   3  -499.90444273233    -790.47557647     239.12248781    0.241D-02 0.386D-11
                            Exc = -34.5150783978     Coul =  273.637566211    
                              N = 25.999999880    
                            current damping = 0.200
 
          Norm of current diis error: 0.44957    
          max. resid. norm for Fia-block=  1.590D-02 for orbital      8a         
          max. resid. fock norm         =  1.856D-02 for orbital     14a         

 ITERATION  ENERGY          1e-ENERGY        2e-ENERGY     RMS[dD(SAO)]   TOL
   4  -499.90863960108    -790.57365594     239.21637042    0.704D-03 0.339D-11
                            Exc = -34.5297300761     Coul =  273.746100492    
                              N = 25.999999880    
                            current damping = 0.250
 
          Norm of current diis error: 0.71967E-01
          max. resid. norm for Fia-block=  3.958D-03 for orbital     11a         
          max. resid. fock norm         =  7.265D-03 for orbital    212a         

 ITERATION  ENERGY          1e-ENERGY        2e-ENERGY     RMS[dD(SAO)]   TOL
   5  -499.90874835362    -790.66882098     239.31142670    0.151D-03 0.317D-11
                            Exc = -34.5355093771     Coul =  273.846936082    
                              N = 25.999999880    
                            current damping = 0.100
 
          Norm of current diis error: 0.18963E-01
          max. resid. norm for Fia-block=  1.386D-03 for orbital     11a         
          max. resid. fock norm         =  1.862D-03 for orbital    208a         
          mo-orthogonalization: Cholesky decomposition

 ITERATION  ENERGY          1e-ENERGY        2e-ENERGY     RMS[dD(SAO)]   TOL
   6  -499.90875989356    -790.58213804     239.22473222    0.543D-04 0.305D-11
                            Exc = -34.5301435976     Coul =  273.754875819    
                              N = 25.999999879    
                            current damping = 0.150
 
          Norm of current diis error: 0.12062E-01
          max. resid. norm for Fia-block=  5.681D-04 for orbital     11a         
          max. resid. fock norm         =  8.537D-04 for orbital    235a         

 ITERATION  ENERGY          1e-ENERGY        2e-ENERGY     RMS[dD(SAO)]   TOL
   7  -499.90876585444    -790.61395802     239.25654625    0.125D-04 0.298D-11
                            Exc = -34.5321537411     Coul =  273.788699986    
                              N = 25.999999880    
                            current damping = 0.200
 
          Norm of current diis error: 0.84431E-03
          max. resid. norm for Fia-block=  4.671D-05 for orbital     11a         
          max. resid. fock norm         =  6.307D-05 for orbital    212a         

 ITERATION  ENERGY          1e-ENERGY        2e-ENERGY     RMS[dD(SAO)]   TOL
   8  -499.90876587658    -790.61522243     239.25781063    0.104D-05 0.290D-11
                            Exc = -34.5322303501     Coul =  273.790040982    
                              N = 25.999999880    
                            current damping = 0.100
 
          Norm of current diis error: 0.16670E-03
          max. resid. norm for Fia-block=  8.125D-06 for orbital     11a         
          max. resid. fock norm         =  1.159D-05 for orbital     11a         

 ENERGY & DENSITY CONVERGED !


 ITERATION  ENERGY          1e-ENERGY        2e-ENERGY     RMS[dD(SAO)]   TOL
   9  -499.90876587697    -790.61527254     239.25786074    0.193D-06 0.283D-11
                            Exc = -34.5322328545     Coul =  273.790093598    
                              N = 25.999999880    
                            current damping = 0.100
 
          Norm of current diis error: 0.99458E-04
          max. resid. norm for Fia-block=  3.337D-06 for orbital      4a         
          max. resid. fock norm         =  4.972D-06 for orbital      4a         

 End of SCF iterations

   convergence criteria satisfied after     9 iterations


                  ------------------------------------------ 
                 |  total energy      =   -499.90876587697  |
                  ------------------------------------------ 
                 :  kinetic energy    =    499.34535367579  :
                 :  potential energy  =   -999.25411955276  :
                 :  virial theorem    =      1.99887296995  :
                 :  wavefunction norm =      1.00000000000  :
                  .......................................... 


 <geterg> : there is no data group $energy 


 <skperg> : $end is missing 


 orbitals $scfmo  will be written to file mos

    irrep                  9a         10a         11a         12a         13a   
 eigenvalues H         -0.40551    -0.40551    -0.37849    -0.25960    -0.25959
            eV         -11.0347    -11.0346    -10.2994     -7.0641     -7.0640
 occupation              2.0000      2.0000      2.0000      2.0000      2.0000

    irrep                 14a         15a         16a         17a         18a   
 eigenvalues H         -0.02334     0.00955     0.05026     0.05026     0.08762
            eV          -0.6351      0.2598      1.3675      1.3676      2.3844
 
 
 
 
 ==============================================================================
                           electrostatic moments
 ==============================================================================

 reference point for electrostatic moments:    0.00000   0.00000   0.00000

 
              nuc           elec       ->  total
 ------------------------------------------------------------------------------
                          charge      
 ------------------------------------------------------------------------------
          26.000000     -26.000000      -0.000000
 
 ------------------------------------------------------------------------------
                       dipole moment  
 ------------------------------------------------------------------------------
   x       4.679024      -4.544434       0.134590
   y      -5.541166       5.501714      -0.039453
   z      81.604909     -80.883344       0.721564
 
   | dipole moment | =     0.7351 a.u. =     1.8684 debye 
 
 ------------------------------------------------------------------------------
                     quadrupole moment
 ------------------------------------------------------------------------------
  xx       8.864996     -23.634348     -14.769353
  yy       7.038526     -21.877870     -14.839344
  zz     329.824013    -338.951343      -9.127330
  xy      -1.691214       1.643174      -0.048039
  xz      27.381239     -26.604249       0.776991
  yz     -21.111925      20.768551      -0.343374
 
     1/3  trace=     -12.912009
     anisotropy=       5.865492
 
 ==============================================================================
 
HOMO-LUMO Separation
 HOMO         :   -0.25959394 H =     -7.06391 eV
 LUMO         :   -0.02334114 H =     -0.63515 eV
 HOMO-LUMO gap:    0.23625280 H =     +6.42877 eV
 
 ==============================================================================


    ------------------------------------------------------------------------
         total  cpu-time :  1 minutes and 21 seconds
         total wall-time :   7.62 seconds
    ------------------------------------------------------------------------

   ****  ridft : all done  ****


    2020-08-03 22:05:02.265 

