
 ridft (tigris) : TURBOMOLE rev. V7.4.1 (b987a8a8) compiled 15 Oct 2019 at 12:03:25
 Copyright (C) 2019 TURBOMOLE GmbH, Karlsruhe


    2020-12-20 18:09:59.532 



                                  r i d f t

                        DFT program with RI approximation 
                                for coulomb part 




                                                 
                                 References:     
                                                 
          TURBOMOLE:                             
              R. Ahlrichs, M. Baer, M. Haeser, H. Horn, and
              C. Koelmel
              Electronic structure calculations on workstation
              computers: the program system TURBOMOLE
              Chem. Phys. Lett. 162: 165 (1989)
          Density Functional:                              
              O. Treutler and R. Ahlrichs                      
              Efficient Molecular Numerical Integration Schemes
              J. Chem. Phys. 102: 346 (1995)                   
          Parallel Version:                                
              Performance of parallel TURBOMOLE for Density    
              Functional Calculations                          
              M. v. Arnim and R. Ahlrichs                      
              J. Comp. Chem. 19: 1746 (1998)                   
          RI-J Method:                                     
              Auxiliary Basis Sets to approximate Coulomb      
              Potentials                                       
              Chem. Phys. Lett. 240: 283 (1995)                
              K. Eichkorn, O. Treutler, H. Oehm, M. Haeser     
              and R. Ahlrichs                                  
              Chem. Phys. Lett. 242: 652 (1995)                
                                                           
              Auxiliary Basis Sets for Main Row Atoms and their
              Use to approximate Coulomb Potentials            
              K. Eichkorn, F. Weigend, O. Treutler and         
              R. Ahlrichs                                      
              Theo. Chem. Acc. 97: 119 (1997)                   
                                                           
              Accurate Coulomb-fitting basis sets for H to Rn 
              F. Weigend                                        
              Phys. Chem. Chem. Phys. 8: 1057 (2006)            
                                                           
          Multipole accelerated RI-J (MARI-J):             
              Fast evaluation of the Coulomb potential for     
              electron densities using multipole accelerated   
              resolution of identity approximation             
              M. Sierka, A. Hogekamp and R. Ahlrichs           
              J. Chem. Phys. 118: 9136 (2003)                  
          RI-JK Method:                                     
              A fully direct RI-HF algorithm: Implementation,
              optimised auxiliary basis sets, demonstration of
              accuracy and efficiency                         
              F. Weigend                                      
              Phys. Chem. Chem. Phys. 4: 4285 (2002)           
          Two-component HF and DFT with spin-orbit coupling:  
              Self-consistent treatment of spin-orbit         
              interactions with efficient Hartree-Fock and    
              density functional methods                      
              M. K. Armbruster, F. Weigend, C. van Wüllen and 
              W. Klopper                                      
              Phys. Chem. Chem. Phys. 10: 1748 (2008)         
          Two-component difference density and DIIS algorithm 
              Efficient two-component self-consistent field   
              procedures and gradients: implementation in     
              TURBOMOLE and application to Au20-              
              A. Baldes, F. Weigend                           
              Mol. Phys. 111: 2617 (2013)                     
          Relativistic all-electron 2c calculations           
              An efficient implementation of two-component    
              relativistic exact-decoupling methods for large 
              molecules                                       
              D. Peng, N. Middendorf, F. Weigend, M. Reiher   
              J. Chem. Phys. 138: 184105 (2013)               
          Finite nucleus model and SNSO approximation         
              Efficient implementation of one- and two-       
              component analytical energy gradients in exact  
              two-component theory                            
              Y. J. Franzke, N. Middendorf, F. Weigend        
              J. Chem. Phys. 148: 104110 (2018)               
                                         




              +--------------------------------------------------+
              |      general information about current run       |
              +--------------------------------------------------+

 

 DENSITY CONVERGENCE CHECK SWITCHED ON !
 SCF CONVERGENCE IF RMS(delta[D]) <     0.1000000000E-06

 TPSS global hybrid functional
 exchange:    9/10 (LDA+TPSS) + 1/10 HF
 correlation: LDA (PW) + TPSS
 A Hybrid-DFT calculation using the RI-J approximation will be carried out.
 Allocatable memory for RI due to $ricore (MB):                   500


              +--------------------------------------------------+
              | Atomic coordinate, charge and isotop information |
              +--------------------------------------------------+

                    atomic coordinates            atom    charge  isotop
         -0.18855525   -0.09299929   -0.09412689    c      6.000     0
         -1.53518235    1.45402691   -0.10169520    h      1.000     0
         -0.73061756   -1.46251230    1.33370845    h      1.000     0
          1.68289912    0.63053325    0.33111986    h      1.000     0
         -0.16974744   -0.99054160   -1.93859631    h      1.000     0
         -1.99375517   -5.80629287   -1.13705932    f      9.000     0
         -2.78092477   -8.29068845   -1.57863710    f      9.000     0
 
       center of nuclear mass  :   -1.73454823   -4.98351954   -0.98266250
       center of nuclear charge:   -1.60200354   -4.56426148   -0.90648187

              +--------------------------------------------------+
              |               basis set information              |
              +--------------------------------------------------+

              we will work with the 1s 3p 5d 7f 9g ... basis set
              ...i.e. with spherical basis functions...

   type   atoms  prim   cont   basis
   ---------------------------------------------------------------------------
    c        1     77     57   def2-QZVP   [7s4p3d2f1g|15s8p3d2f1g]
    h        4     33     30   def2-QZVP   [4s3p2d1f|7s3p2d1f]
    f        2     77     57   def2-QZVP   [7s4p3d2f1g|15s8p3d2f1g]
   ---------------------------------------------------------------------------
   total:    7    363    291
   ---------------------------------------------------------------------------

   total number of primitive shells          :   71
   total number of contracted shells         :   91
   total number of cartesian basis functions :  356
   total number of SCF-basis functions       :  291


 integral neglect threshold       :  0.94E-11
 integral storage threshold THIZE :  0.10E-04
 integral storage threshold THIME :         5

 RI-J AUXILIARY BASIS SET information:

              we will work with the 1s 3p 5d 7f 9g ... basis set
              ...i.e. with spherical basis functions...

   type   atoms  prim   cont   basis
   ---------------------------------------------------------------------------
    c        1     70     49   def2-QZVP   [6s4p3d1f1g|12s5p4d2f1g]
    h        4     16     11   def2-QZVP   [3s1p1d|5s2p1d]
    f        2     70     49   def2-QZVP   [6s4p3d1f1g|12s5p4d2f1g]
   ---------------------------------------------------------------------------
   total:    7    274    191
   ---------------------------------------------------------------------------

   total number of primitive shells          :   56
   total number of contracted shells         :   65
   total number of cartesian basis functions :  231
   total number of SCF-basis functions       :  191


 symmetry group of the molecule :   c1 

 the group has the following generators :
   c1(z)

    1 symmetry operations found

 there are 1 real representations :   a   

 maximum number of shells which are related by symmetry :  1


    mo occupation :
   irrep   mo's   occupied
    a      291       14
 
 number of basis functions   :                    291
 number of occupied orbitals :                     14
 
  
           ------------------
           density functional
           ------------------
 TPSS global hybrid functional
 exchange:    9/10 (LDA+TPSS) + 1/10 HF
 correlation: LDA (PW) + TPSS

 spherical integration : Lebedev's spherical grid
 spherical gridsize    :                     5
    i.e. gridpoints    :                   590
 value for diffuse not defined
 radial integration    : Chebyshev 2nd kind (scaling 3)
 radial gridsize       :                     8
 integration cells     :                     7
 partition function    : becke
 partition sharpness   :                     3
  

 biggest AO integral is expected to be     7.609020457
  
           ------------------------
               RI-J - INFORMATION
           ------------------------
 Contributions to RI integral batches: 
  neglected integral batches:                   862
  direct contribution:                            0
  memory contribution:                  3324
 Memory core needed for (P|Q) and Cholesky      1 MByte
 Memory core minimum needed except of (P|Q)     1 MByte
 Total minimum memory core needed (sum)         1 MByte
  
 ****************************************
 Memory allocated for RI-J    86 MByte
 ****************************************
                                            

          ------------------------
          nuclear repulsion energy  :   69.2127682712    
          ------------------------


         -----------------
         -S,T+V- integrals
         -----------------

 1e-integrals will be neglected if expon. factor < 0.938753E-12
 
   Difference densities algorithm switched on.
   The maximal number of linear combinations of
   difference densities is                    20 .

 DIIS switched on: error vector is FDS-SDF
 Max. Iterations for DIIS is     :   4
 DIIS matrix (see manual) 
    Scaling factor of diagonals  :  1.200
    threshold for scaling factor :  0.000

 scf convergence criterion : increment of total energy < .1000000D-06
                  and increment of one-electron energy < .1000000D-03

  MOs are in ASCII format !


 automatic virtual orbital shift switched on 
      shift if e(lumo)-e(homo) < 0.10000000    


 reading orbital data $scfmo  from file mos
 orbital characterization : scfconv=7

 DSCF restart information will be dumped onto file mos


 Starting SCF iterations

          Overall gridpoints after grid construction =        110579

 ITERATION  ENERGY          1e-ENERGY        2e-ENERGY     RMS[dD(SAO)]   TOL
   1  -240.14217594060    -469.22639031     159.87144610    0.000D+00 0.936D-11
                            Exc = -25.0022086112     Coul =  187.519487814    
                            exK = -2.64583310090    
                              N = 27.999999832    
                            current damping = 0.300
 
          max. resid. norm for Fia-block=  1.714D-01 for orbital      1a         
          max. resid. fock norm         =  2.905D-01 for orbital    291a         

 ITERATION  ENERGY          1e-ENERGY        2e-ENERGY     RMS[dD(SAO)]   TOL
   2  -240.14595459325    -469.36609818     160.00737532    0.384D-03 0.593D-11
                            Exc = -25.0420786100      Eck =  185.049453926    
                              N = 27.999999853    
                            current damping = 0.250
 
          Norm of current diis error: 0.10267    
          max. resid. norm for Fia-block=  4.284D-02 for orbital      2a         
          max. resid. fock norm         =  7.288D-02 for orbital    291a         

 ITERATION  ENERGY          1e-ENERGY        2e-ENERGY     RMS[dD(SAO)]   TOL
   3  -240.14615212411    -469.32084845     159.96192806    0.126D-03 0.476D-11
                            Exc = -25.0400871929      Eck =  185.002015248    
                              N = 27.999999859    
                            current damping = 0.200
 
          Norm of current diis error: 0.45125E-01
          max. resid. norm for Fia-block=  9.259D-03 for orbital      1a         
          max. resid. fock norm         =  1.481D-02 for orbital    291a         

 ITERATION  ENERGY          1e-ENERGY        2e-ENERGY     RMS[dD(SAO)]   TOL
   4  -240.14620473763    -469.35195932     159.99298632    0.360D-04 0.448D-11
                            Exc = -25.0452533721      Eck =  185.038239688    
                              N = 27.999999858    
                            current damping = 0.250
 
          Norm of current diis error: 0.12559E-01
          max. resid. norm for Fia-block=  1.601D-03 for orbital      2a         
          max. resid. fock norm         =  3.244D-03 for orbital    259a         

 ITERATION  ENERGY          1e-ENERGY        2e-ENERGY     RMS[dD(SAO)]   TOL
   5  -240.14620719339    -469.35368409     159.99470863    0.102D-04 0.425D-11
                            Exc = -25.0456930839      Eck =  185.040401710    
                              N = 27.999999859    
                            current damping = 0.100
 
          Norm of current diis error: 0.62304E-02
          max. resid. norm for Fia-block=  5.351D-04 for orbital      7a         
          max. resid. fock norm         =  1.225D-03 for orbital    291a         
          mo-orthogonalization: Cholesky decomposition

 ITERATION  ENERGY          1e-ENERGY        2e-ENERGY     RMS[dD(SAO)]   TOL
   6  -240.14620772341    -469.35107907     159.99210308    0.662D-05 0.423D-11
                            Exc = -25.0452536963      Eck =  185.037356776    
                              N = 27.999999859    
                            current damping = 0.150
 
          Norm of current diis error: 0.51719E-02
          max. resid. norm for Fia-block=  2.666D-04 for orbital      7a         
          max. resid. fock norm         =  5.627D-04 for orbital    290a         

 ITERATION  ENERGY          1e-ENERGY        2e-ENERGY     RMS[dD(SAO)]   TOL
   7  -240.14620878524    -469.34855217     159.98957511    0.328D-05 0.419D-11
                            Exc = -25.0450150072      Eck =  185.034590119    
                              N = 27.999999859    
                            current damping = 0.100
 
          Norm of current diis error: 0.71822E-03
          max. resid. norm for Fia-block=  6.315D-05 for orbital     11a         
          max. resid. fock norm         =  7.937D-05 for orbital    168a         

 ITERATION  ENERGY          1e-ENERGY        2e-ENERGY     RMS[dD(SAO)]   TOL
   8  -240.14620880332    -469.35127905     159.99230197    0.889D-06 0.412D-11
                            Exc = -25.0453475853      Eck =  185.037649557    
                              N = 27.999999859    
                            current damping = 0.150
 
          Norm of current diis error: 0.36782E-03
          max. resid. norm for Fia-block=  2.138D-05 for orbital     11a         
          max. resid. fock norm         =  2.557D-05 for orbital    116a         

 ITERATION  ENERGY          1e-ENERGY        2e-ENERGY     RMS[dD(SAO)]   TOL
   9  -240.14620880963    -469.35036866     159.99139158    0.278D-06 0.405D-11
                            Exc = -25.0452380370      Eck =  185.036629614    
                              N = 27.999999859    
                            current damping = 0.200
 
          Norm of current diis error: 0.27618E-04
          max. resid. norm for Fia-block=  2.278D-06 for orbital      7a         
          max. resid. fock norm         =  3.148D-06 for orbital    259a         

 ENERGY & DENSITY CONVERGED !


 ITERATION  ENERGY          1e-ENERGY        2e-ENERGY     RMS[dD(SAO)]   TOL
  10  -240.14620880915    -469.35032487     159.99134779    0.299D-07 0.396D-11
                            Exc = -25.0452319722      Eck =  185.036579760    
                              N = 27.999999859    
                            current damping = 0.100
 
          Norm of current diis error: 0.12946E-04
          max. resid. norm for Fia-block=  4.683D-07 for orbital     12a         
          max. resid. fock norm         =  1.379D-06 for orbital    259a         

 End of SCF iterations

   convergence criteria satisfied after    10 iterations


                  ------------------------------------------ 
                 |  total energy      =   -240.14620880915  |
                  ------------------------------------------ 
                 :  kinetic energy    =    239.36057145752  :
                 :  potential energy  =   -479.50678026667  :
                 :  virial theorem    =      1.99672850404  :
                 :  wavefunction norm =      1.00000000000  :
                  .......................................... 


 <geterg> : there is no data group $energy 


 <skperg> : $end is missing 


 orbitals $scfmo  will be written to file mos

    irrep                 10a         11a         12a         13a         14a   
 eigenvalues H         -0.38480    -0.38337    -0.37939    -0.37912    -0.37836
            eV         -10.4710    -10.4321    -10.3239    -10.3166    -10.2957
 occupation              2.0000      2.0000      2.0000      2.0000      2.0000

    irrep                 15a         16a         17a         18a         19a   
 eigenvalues H         -0.16632     0.03042     0.09987     0.10085     0.10158
            eV          -4.5258      0.8277      2.7177      2.7442      2.7641
 
 
 
 
 ==============================================================================
                           electrostatic moments
 ==============================================================================

 reference point for electrostatic moments:    0.00000   0.00000   0.00000

 
              nuc           elec       ->  total
 ------------------------------------------------------------------------------
                          charge      
 ------------------------------------------------------------------------------
          28.000000     -28.000000       0.000000
 
 ------------------------------------------------------------------------------
                       dipole moment  
 ------------------------------------------------------------------------------
   x     -44.856099      44.865559       0.009459
   y    -127.799321     127.828895       0.029574
   z     -25.381492      25.386888       0.005396
 
   | dipole moment | =     0.0315 a.u. =     0.0801 debye 
 
 ------------------------------------------------------------------------------
                     quadrupole moment
 ------------------------------------------------------------------------------
  xx     111.342289    -124.691592     -13.349303
  yy     927.720741    -940.745680     -13.024939
  zz      39.775066     -53.142777     -13.367711
  xy     311.859785    -311.750716       0.109069
  xz      60.088292     -60.070337       0.017955
  yz     177.293922    -177.233050       0.060872
 
     1/3  trace=     -13.247318
     anisotropy=       0.399116
 
 ==============================================================================
 
HOMO-LUMO Separation
 HOMO         :   -0.37835662 H =    -10.29561 eV
 LUMO         :   -0.16631962 H =     -4.52579 eV
 HOMO-LUMO gap:    0.21203700 H =     +5.76982 eV
 
 ==============================================================================


    ------------------------------------------------------------------------
         total  cpu-time :  1 minutes and 29 seconds
         total wall-time :  1 minutes and 29 seconds
    ------------------------------------------------------------------------

   ****  ridft : all done  ****


    2020-12-20 18:11:28.681 

 ridft ended normally
