
 rirpa (riogrande) : TURBOMOLE rev. V7.4.1 (b987a8a8) compiled 15 Oct 2019 at 12:03:25
 Copyright (C) 2019 TURBOMOLE GmbH, Karlsruhe


    2020-07-20 18:21:25.386 

 
 
    *************************************************************************
    *************************** PROGRAM RIRPA *******************************
    ******                                                             ******
    ******              H. Eshuis, J. E. Bates and F. Furche           ******
    ******                                                             ******
    ****** Nov 2011                                                    ******
    ****** Copyright TURBOMOLE GmbH                                    ******
    *************************************************************************
    
    
                                References:                                  
    
                   RIRPA:                                                    
                     H. Eshuis, J. Yarkony, and F. Furche                    
                     Fast Computation of Molecular Random Phase              
                     Approximation Correlation Energies Using Resolution     
                     of the Identity and Imaginary Frequency Integration     
                     J. Chem. Phys. 132: 234114 (2010)                       
    
                     H. Eshuis, J. E. Bates, and F. Furche                   
                     Electron Correlation Methods Based on                   
                     the Random Phase Approximation                          
                     Theor. Chem. Acc.  131: 1084 (2012)                     
    
                     G. P. Chen, V. K. Voora, M. M. Agee,                    
                     S. G. Balasubramani, and F. Furche                      
                     Random-Phase Approximation Methods                      
                     Annu. Rev. Phys. Chem. 68: 421 (2017)                   
    
                   TWO-COMPONENT RIRPA:                                      
                     M. Kuehn                                                
                     Correlation Energies from the                           
                     Two-Component Random-Phase Approximation                
                     J. Chem. Theory Comput. 10: 623 (2014)                  
    
                   RIRPA GRADIENTS:                                          
                     A. M. Burow, J. E. Bates, F. Furche*, and H. Eshuis     
                     Analytical First-Order Molecular Properties and Forces  
                     within the Adiabatic Connection Random Phase            
                     Approximation                                           
                     J. Chem. Theory Comput. 10: 180 (2014)                  
    
                   RI-AXK/RI-ACSOSEX/RI-ACSOX:                               
                     G. P. Chen, M. M. Agee, and F. Furche                   
                     Performance and Scope of Perturbative Corrections to    
                     Random-Phase Approximation Energies                     
                     J. Chem. Theory Comput. 14: 5701 (2018)                 
    
                   GKS-RPA:                                                  
                     V. K. Voora, S. G. Balasubramani, and F. Furche         
                     Variational Generalized Kohn-Sham Approach Combining    
                     the Random-Phase-Approximation and Green’s-Function     
                     Methods                                                 
                     Phys. Rev. A (accepted)                                 
    
    
    

   *-----------------------------------------------------------------------*
   |                     program will use  1 thread(s)                     |
   *-----------------------------------------------------------------------*

 MAXIMUM CORE MEMORY WHICH CAN BE ALLOCATED DYNAMICALLY = 500 MiB
              ( or 65536000 double words per process)

 
                FOUND RI-J FLAG
 
  HF exact exchange energy will be computed using RI-J.


              +--------------------------------------------------+
              | Atomic coordinate, charge and isotop information |
              +--------------------------------------------------+

                    atomic coordinates            atom    charge  isotop
         -6.98551044    0.00028910   -6.83819615    o      8.000     0
         -9.15381403    0.00367392   -6.06869569    c      6.000     0
        -11.34421035   -0.00104379   -7.91016108    c      6.000     0
         -9.69846403    0.01260673   -3.26027633    c      6.000     0
        -11.18295192    1.65030363   -9.12623191    h      1.000     0
        -11.18499719   -1.66050043   -9.11538362    h      1.000     0
        -13.17748539    0.00309493   -6.99015869    h      1.000     0
        -11.70320706    0.01522221   -2.82569347    h      1.000     0
         -8.81092409   -1.63861198   -2.41280431    h      1.000     0
         -8.80878418    1.66781395   -2.42292515    h      1.000     0
 
       center of nuclear mass  :   -9.29472539    0.00387836   -6.01963106
       center of nuclear charge:   -9.43535512    0.00409551   -5.96979891
              +-------------------------------------------------+
              |        Rotational Constants Section             |
              +-------------------------------------------------+
                                   Center of Mass [a.u]:
              -9.29472538968913         0.00387835632960        -6.01963105935200
                     Principal Moments of Inertia [a.u.]
             172.69512701379708       217.95586165116208       368.58238783304375
                       Rotational constants A,B,C [a.u.]
               0.00289527567249         0.00229404245526         0.00135654881108
                     Rotational constants A,B,C [cm**-1]
               0.34858937560897         0.27620127323210         0.16332762628832
                        Rotational constants A,B,C [MHz]
           10450.44657464986994      8280.30586049823432      4896.43905442804498

   * BASIS SET information:

              +--------------------------------------------------+
              |               basis set information              |
              +--------------------------------------------------+

              we will work with the 1s 3p 5d 7f 9g ... basis set
              ...i.e. with spherical basis functions...

   type   atoms  prim   cont   basis
   ---------------------------------------------------------------------------
    o        1     77     57   def2-QZVP   [7s4p3d2f1g|15s8p3d2f1g]
    c        3     77     57   def2-QZVP   [7s4p3d2f1g|15s8p3d2f1g]
    h        6     33     30   def2-QZVP   [4s3p2d1f|7s3p2d1f]
   ---------------------------------------------------------------------------
   total:   10    506    408
   ---------------------------------------------------------------------------

   total number of primitive shells          :   71
   total number of contracted shells         :  128
   total number of cartesian basis functions :  498
   total number of SCF-basis functions       :  408


   * AUXILIARY BASIS SET information:

              +--------------------------------------------------+
              |               basis set information              |
              +--------------------------------------------------+

              we will work with the 1s 3p 5d 7f 9g ... basis set
              ...i.e. with spherical basis functions...

   type   atoms  prim   cont   basis
   ---------------------------------------------------------------------------
    o        1    141    141   def2-QZVP   [9s8p7d5f3g1h|9s8p7d5f3g1h]
    c        3    141    141   def2-QZVP   [9s8p7d5f3g1h|9s8p7d5f3g1h]
    h        6     56     56   def2-QZVP   [6s4p3d2f1g|6s4p3d2f1g]
   ---------------------------------------------------------------------------
   total:   10    900    900
   ---------------------------------------------------------------------------

   total number of primitive shells          :   82
   total number of contracted shells         :  228
   total number of cartesian basis functions : 1190
   total number of SCF-basis functions       :  900


   * RIJ AUXILIARY BASIS SET information:

              +--------------------------------------------------+
              |               basis set information              |
              +--------------------------------------------------+

              we will work with the 1s 3p 5d 7f 9g ... basis set
              ...i.e. with spherical basis functions...

   type   atoms  prim   cont   basis
   ---------------------------------------------------------------------------
    o        1     70     49   def2-QZVP   [6s4p3d1f1g|12s5p4d2f1g]
    c        3     70     49   def2-QZVP   [6s4p3d1f1g|12s5p4d2f1g]
    h        6     16     11   def2-QZVP   [3s1p1d|5s2p1d]
   ---------------------------------------------------------------------------
   total:   10    376    262
   ---------------------------------------------------------------------------

   total number of primitive shells          :   56
   total number of contracted shells         :   90
   total number of cartesian basis functions :  316
   total number of SCF-basis functions       :  262


 reading orbital data $scfmo  from file mos
 orbital characterization : scfconv=7

 integral neglect threshold       :  0.27E+02

 scfconv                     7

 there are 1 real representations :   a   

 maximum number of shells which are related by symmetry :  1

 entered riccmos at 2020-07-20 18:21:25.588
  MOs are in ASCII format !


 reading orbital data $scfmo  from file mos
 orbital characterization : scfconv=7
 time elapsed for calculating density matrices :   0.007 sec



              +--------------------------------------------+
              | list of orbitals that will be kept frozen: |
              +--------------------------------------------+
              |   irrep   index      energy     occ/vir    |
              +--------------------------------------------+
              |   a         1      -18.7380     occupied   |
              |   a         2       -9.9756     occupied   |
              |   a         3       -9.8899     occupied   |
              |   a         4       -9.8898     occupied   |
              +--------------------------------------------+



   Molecular Orbital Statistic:
   ============================

   -----------------------------
   orbitals in total:
   -----------------------------
    frozen occupied :      4
    active occupied :     12
    active virtual  :    392
    frozen virtual  :      0
    all together    :    408
   -----------------------------


     time in riccmoinp     cpu:  0.10 sec    wall:  0.10 sec    ratio:  1.0
     time in scfdens       cpu:  0.01 sec    wall:  0.01 sec    ratio:  0.9
     time in mkiao         cpu:  0.00 sec    wall:  0.00 sec    ratio:  0.0
     time in ricclmos      cpu:  0.00 sec    wall:  0.00 sec    ratio:  0.0
     time in riccmos       cpu:  0.13 sec    wall:  0.13 sec    ratio:  1.0
 leave riccmos at 2020-07-20 18:21:25.714

     total memory allocated for calculation of (Q|P)**(-1/2) : 10 MiB


     calculation of (P|Q) ...
     time in lp2sym        cpu:  0.03 sec    wall:  0.03 sec    ratio:  1.0


     calculation of the Cholesky decomposition of (P|Q)**(-1) ...
     time in invmetri      cpu:  0.06 sec    wall:  0.06 sec    ratio:  1.0

   threshold for RMS(d[D]) in SCF was     :  0.10E-06
   integral neglect threshold             :  0.28E-11
   derivative integral neglect threshold  :  0.10E-06


 setting up bound for integral derivative estimation

 increment for numerical differentiation : 0.00050000
 
 Occupied orbital block size for RIRPA:                    12
 
 Number of passes for spin                     1 is                     1
 
 Number of eigenvalues < 6e-3:                      0
 
 
            -----------------------------
            Complex frequency integration
            -----------------------------
 
 Number of Clenshaw-Curtis nodes:                    100
 Optimized scaling parameter    :    4.42133507610182     
 Sensitivity measure            :  -1.231299360630878E-007
 
 Done with rirpa frequency point #                     1
 Done with rirpa frequency point #                     2
 Done with rirpa frequency point #                     3
 Done with rirpa frequency point #                     4
 Done with rirpa frequency point #                     5
 Done with rirpa frequency point #                     6
 Done with rirpa frequency point #                     7
 Done with rirpa frequency point #                     8
 Done with rirpa frequency point #                     9
 Done with rirpa frequency point #                    10
 Done with rirpa frequency point #                    11
 Done with rirpa frequency point #                    12
 Done with rirpa frequency point #                    13
 Done with rirpa frequency point #                    14
 Done with rirpa frequency point #                    15
 Done with rirpa frequency point #                    16
 Done with rirpa frequency point #                    17
 Done with rirpa frequency point #                    18
 Done with rirpa frequency point #                    19
 Done with rirpa frequency point #                    20
 Done with rirpa frequency point #                    21
 Done with rirpa frequency point #                    22
 Done with rirpa frequency point #                    23
 Done with rirpa frequency point #                    24
 Done with rirpa frequency point #                    25
 Done with rirpa frequency point #                    26
 Done with rirpa frequency point #                    27
 Done with rirpa frequency point #                    28
 Done with rirpa frequency point #                    29
 Done with rirpa frequency point #                    30
 Done with rirpa frequency point #                    31
 Done with rirpa frequency point #                    32
 Done with rirpa frequency point #                    33
 Done with rirpa frequency point #                    34
 Done with rirpa frequency point #                    35
 Done with rirpa frequency point #                    36
 Done with rirpa frequency point #                    37
 Done with rirpa frequency point #                    38
 Done with rirpa frequency point #                    39
 Done with rirpa frequency point #                    40
 Done with rirpa frequency point #                    41
 Done with rirpa frequency point #                    42
 Done with rirpa frequency point #                    43
 Done with rirpa frequency point #                    44
 Done with rirpa frequency point #                    45
 Done with rirpa frequency point #                    46
 Done with rirpa frequency point #                    47
 Done with rirpa frequency point #                    48
 Done with rirpa frequency point #                    49
 Done with rirpa frequency point #                    50
 Done with rirpa frequency point #                    51
 Done with rirpa frequency point #                    52
 Done with rirpa frequency point #                    53
 Done with rirpa frequency point #                    54
 Done with rirpa frequency point #                    55
 Done with rirpa frequency point #                    56
 Done with rirpa frequency point #                    57
 Done with rirpa frequency point #                    58
 Done with rirpa frequency point #                    59
 Done with rirpa frequency point #                    60
 Done with rirpa frequency point #                    61
 Done with rirpa frequency point #                    62
 Done with rirpa frequency point #                    63
 Done with rirpa frequency point #                    64
 Done with rirpa frequency point #                    65
 Done with rirpa frequency point #                    66
 Done with rirpa frequency point #                    67
 Done with rirpa frequency point #                    68
 Done with rirpa frequency point #                    69
 Done with rirpa frequency point #                    70
 Done with rirpa frequency point #                    71
 Done with rirpa frequency point #                    72
 Done with rirpa frequency point #                    73
 Done with rirpa frequency point #                    74
 Done with rirpa frequency point #                    75
 Done with rirpa frequency point #                    76
 Done with rirpa frequency point #                    77
 Done with rirpa frequency point #                    78
 Done with rirpa frequency point #                    79
 Done with rirpa frequency point #                    80
 Done with rirpa frequency point #                    81
 Done with rirpa frequency point #                    82
 Done with rirpa frequency point #                    83
 Done with rirpa frequency point #                    84
 Done with rirpa frequency point #                    85
 Done with rirpa frequency point #                    86
 Done with rirpa frequency point #                    87
 Done with rirpa frequency point #                    88
 Done with rirpa frequency point #                    89
 Done with rirpa frequency point #                    90
 Done with rirpa frequency point #                    91
 Done with rirpa frequency point #                    92
 Done with rirpa frequency point #                    93
 Done with rirpa frequency point #                    94
 Done with rirpa frequency point #                    95
 Done with rirpa frequency point #                    96
 Done with rirpa frequency point #                    97
 Done with rirpa frequency point #                    98
 Done with rirpa frequency point #                    99
 Done with rirpa frequency point #                   100
 


 RI-RPA correlation energy: -0.1295713355506368E+01
 Allocatable memory for RI due to $ricore (MB):                   500

 there are 1 real representations :   a   

 maximum number of shells which are related by symmetry :  1

  
           ------------------------
               RI-J - INFORMATION
           ------------------------
 Contributions to RI integral batches: 
  neglected integral batches:                   460
  direct contribution:                            0
  memory contribution:                  7796

         -----------------
         -S,T+V- integrals
         -----------------

 1e-integrals will be neglected if expon. factor < 0.280112E-11

          ------------------------
          nuclear repulsion energy  :   119.362125919    
          ------------------------


                  --------------------------------------------------- 
                 |  HXX+RIRPA total energy     =   -193.29576257731  |
                  ---------------------------------------------------- 
                 :  RIRPA correlation energy   =     -1.29571335551  :
                 :  HXX total energy           =   -192.00004922181  :
                 :  Hartree energy             =    211.84346741459  :
                 :  Exact Exchange energy      =    -25.84349966700  :
                  .................................................... 


    ------------------------------------------------------------------------
    Rirpa profiling                cpu                    wall         ratio
    ------------------------------------------------------------------------
    module                         sec     %               sec     %
    ------------------------------------------------------------------------
    RIRPA                        97.7  100.00           97.7  100.00   1.0
    STARTUP                       0.2    0.21            0.2    0.20   1.0
    riccmos                       0.1    0.13            0.1    0.13   1.0
    riccbound                     1.1    1.13            1.1    1.14   1.0
    ccmkbaoi                      5.1    5.20            5.1    5.20   1.0
    ecrpa                        13.8   14.17           13.9   14.18   1.0
    qbuild                       12.8   13.10           12.8   13.09   1.0
    rparenrm                      1.0    0.98            1.0    0.98   1.0
    ehxx                         77.2   79.04           77.2   79.04   1.0
    ------------------------------------------------------------------------
    sum                         209.2  214.09          209.2  214.08   1.0
    ------------------------------------------------------------------------


    ------------------------------------------------------------------------
         total  cpu-time :  1 minutes and 38 seconds
         total wall-time :  1 minutes and 38 seconds
    ------------------------------------------------------------------------

   ****  rirpa : all done  ****


    2020-07-20 18:23:03.103 

