
   OpenMP run-time library returned nthreads = 20

 rirpa (c-12-33) : TURBOMOLE rev. V7.5.0 compiled 17 Jun 2020 at 09:15:30
 Copyright (C) 2020 TURBOMOLE GmbH, Karlsruhe


    2020-07-20 07:17:58.746 

 
 
    *************************************************************************
    *************************** PROGRAM RIRPA *******************************
    ******                                                             ******
    ******              H. Eshuis, J. E. Bates and F. Furche           ******
    ******                                                             ******
    ****** Nov 2011                                                    ******
    ****** Copyright TURBOMOLE GmbH                                    ******
    *************************************************************************
    
    
                                References:                                  
    
                   RIRPA:                                                    
                     H. Eshuis, J. Yarkony, and F. Furche                    
                     Fast Computation of Molecular Random Phase              
                     Approximation Correlation Energies Using Resolution     
                     of the Identity and Imaginary Frequency Integration     
                     J. Chem. Phys. 132: 234114 (2010)                       
    
                     H. Eshuis, J. E. Bates, and F. Furche                   
                     Electron Correlation Methods Based on                   
                     the Random Phase Approximation                          
                     Theor. Chem. Acc.  131: 1084 (2012)                     
    
                     G. P. Chen, V. K. Voora, M. M. Agee,                    
                     S. G. Balasubramani, and F. Furche                      
                     Random-Phase Approximation Methods                      
                     Annu. Rev. Phys. Chem. 68: 421 (2017)                   
    
                   TWO-COMPONENT RIRPA:                                      
                     M. Kuehn                                                
                     Correlation Energies from the                           
                     Two-Component Random-Phase Approximation                
                     J. Chem. Theory Comput. 10: 623 (2014)                  
    
                   RIRPA GRADIENTS:                                          
                     A. M. Burow, J. E. Bates, F. Furche*, and H. Eshuis     
                     Analytical First-Order Molecular Properties and Forces  
                     within the Adiabatic Connection Random Phase            
                     Approximation                                           
                     J. Chem. Theory Comput. 10: 180 (2014)                  
    
                   RI-AXK/RI-ACSOSEX/RI-ACSOX:                               
                     G. P. Chen, M. M. Agee, and F. Furche                   
                     Performance and Scope of Perturbative Corrections to    
                     Random-Phase Approximation Energies                     
                     J. Chem. Theory Comput. 14: 5701 (2018)                 
    
                   GKS-RPA:                                                  
                     V. K. Voora, S. G. Balasubramani, and F. Furche         
                     Variational Generalized Kohn-Sham Approach Combining    
                     the Random-Phase-Approximation and Green’s-Function     
                     Methods                                                 
                     Phys. Rev. A 99: 012518 (2019)                          
    
    
    
      ... OpenMP parallelization enabled, threads:   20

   *-----------------------------------------------------------------------*
   |                     program will use 20 thread(s)                     |
   *-----------------------------------------------------------------------*

 MAXIMUM CORE MEMORY WHICH CAN BE ALLOCATED DYNAMICALLY = 100000 MiB
              ( or 13107200000 double words per process)

 
                FOUND RI-J FLAG
 
  HF exact exchange energy will be computed using RI-J.


              +--------------------------------------------------+
              | Atomic coordinate, charge and isotop information |
              +--------------------------------------------------+

                    atomic coordinates            atom    charge  isotop
         -1.47034606    0.38916560   -0.00707545    o      8.000     0
          0.38667911    0.57853973   -0.00992153    h      1.000     0
         -2.01194047   -2.07844413   -0.00007110    c      6.000     0
         -5.32553116   -2.43410546    0.00442219    cl    17.000     0
         -0.73426214   -3.67767304   -2.73523262    cl    17.000     0
         -0.72841593   -3.66344674    2.74066828    cl    17.000     0
          3.68457817    0.71381736   -0.01366419    o      0.000     0
          4.38424290   -0.15555493   -1.44654072    h      0.000     0
          4.38614526   -0.14954524    1.42199350    h      0.000     0
 
       center of nuclear mass  :   -1.43534495   -2.30521082   -0.00011688
       center of nuclear charge:   -2.10374681   -2.65087317    0.00152472
              +-------------------------------------------------+
              |        Rotational Constants Section             |
              +-------------------------------------------------+
                                   Center of Mass [a.u]:
              -1.43534494724061        -2.30521081662085        -0.00011688235669
                     Principal Moments of Inertia [a.u.]
             879.15616459194484      1479.82582132439074      1672.04775192087391
                       Rotational constants A,B,C [a.u.]
               0.00056872717287         0.00033787760208         0.00029903452185
                     Rotational constants A,B,C [cm**-1]
               0.06847439501763         0.04068025143836         0.03600356893354
                        Rotational constants A,B,C [MHz]
            2052.81071923976060      1219.56325707635074      1079.35984273579834

   * BASIS SET information:

              +--------------------------------------------------+
              |               basis set information              |
              +--------------------------------------------------+

              we will work with the 1s 3p 5d 7f 9g ... basis set
              ...i.e. with spherical basis functions...

   type   atoms  prim   cont   basis
   ---------------------------------------------------------------------------
    o        2     50     30   cc-pVTZ   [4s3p2d1f|18s5p2d1f]
    h        3     16     14   cc-pVTZ   [3s2p1d|5s2p1d]
    c        1     50     30   cc-pVTZ   [4s3p2d1f|18s5p2d1f]
    cl       3    106     34   cc-pVTZ   [5s4p2d1f|41s16p2d1f]
   ---------------------------------------------------------------------------
   total:    9    516    234
   ---------------------------------------------------------------------------

   total number of primitive shells          :  120
   total number of contracted shells         :   84
   total number of cartesian basis functions :  267
   total number of SCF-basis functions       :  234


   * AUXILIARY BASIS SET information:

              +--------------------------------------------------+
              |               basis set information              |
              +--------------------------------------------------+

              we will work with the 1s 3p 5d 7f 9g ... basis set
              ...i.e. with spherical basis functions...

   type   atoms  prim   cont   basis
   ---------------------------------------------------------------------------
    o        2     81     81   cc-pVTZ   [8s6p5d3f1g|8s6p5d3f1g]
    h        3     30     30   cc-pVTZ   [4s3p2d1f|4s3p2d1f]
    c        1     81     81   cc-pVTZ   [8s6p5d3f1g|8s6p5d3f1g]
    cl       3    122    122   cc-pVTZ   [10s8p7d5f2g|10s8p7d5f2g]
   ---------------------------------------------------------------------------
   total:    9    699    699
   ---------------------------------------------------------------------------

   total number of primitive shells          :   88
   total number of contracted shells         :  195
   total number of cartesian basis functions :  876
   total number of SCF-basis functions       :  699


   * RIJ AUXILIARY BASIS SET information:

              +--------------------------------------------------+
              |               basis set information              |
              +--------------------------------------------------+

              we will work with the 1s 3p 5d 7f 9g ... basis set
              ...i.e. with spherical basis functions...

   type   atoms  prim   cont   basis
   ---------------------------------------------------------------------------
    o        2     70     49   cc-pVTZ   [6s4p3d1f1g|12s5p4d2f1g]
    h        3     16     11   cc-pVTZ   [3s1p1d|5s2p1d]
    c        1     70     49   cc-pVTZ   [6s4p3d1f1g|12s5p4d2f1g]
    cl       3     77     51   cc-pVTZ   [8s4p3d1f1g|14s5p5d2f1g]
   ---------------------------------------------------------------------------
   total:    9    489    333
   ---------------------------------------------------------------------------

   total number of primitive shells          :   83
   total number of contracted shells         :  111
   total number of cartesian basis functions :  408
   total number of SCF-basis functions       :  333


 reading orbital data $scfmo  from file mos
 orbital characterization : scfconv=7

 integral neglect threshold       :  0.26E+02

 scfconv                     7

 there are 1 real representations :   a   

 maximum number of shells which are related by symmetry :  1

 time elapsed for calculating density matrices :   0.160 sec

     total memory allocated for calculation of (Q|P)**(-1/2) : 6 MiB


     calculation of (P|Q) ...
     time in lp2sym        cpu:  0.55 sec    wall:  0.03 sec    ratio: 19.9


     calculation of the Cholesky decomposition of (P|Q)**(-1) ...
     time in invmetri      cpu:  1.40 sec    wall:  0.07 sec    ratio: 19.9

   threshold for RMS(d[D]) in SCF was     :  0.10E-06
   integral neglect threshold             :  0.38E-11
   derivative integral neglect threshold  :  0.10E-06


 setting up bound for integral derivative estimation

 increment for numerical differentiation : 0.00050000
 
 Occupied orbital block size for RIRPA:                    16
 
 Number of passes for spin                     1 is                     1
 
 Number of eigenvalues < 6e-3:                      0
 
 
            -----------------------------
            Complex frequency integration
            -----------------------------
 
 Number of Clenshaw-Curtis nodes:                    100
 Optimized scaling parameter    :    1.00000000000000     
 Sensitivity measure            :  -8.578138199766272E-013
 
 Done with rirpa frequency point #                     1
 Done with rirpa frequency point #                     2
 Done with rirpa frequency point #                     3
 Done with rirpa frequency point #                     4
 Done with rirpa frequency point #                     5
 Done with rirpa frequency point #                     6
 Done with rirpa frequency point #                     7
 Done with rirpa frequency point #                     8
 Done with rirpa frequency point #                     9
 Done with rirpa frequency point #                    10
 Done with rirpa frequency point #                    11
 Done with rirpa frequency point #                    12
 Done with rirpa frequency point #                    13
 Done with rirpa frequency point #                    14
 Done with rirpa frequency point #                    15
 Done with rirpa frequency point #                    16
 Done with rirpa frequency point #                    17
 Done with rirpa frequency point #                    18
 Done with rirpa frequency point #                    19
 Done with rirpa frequency point #                    20
 Done with rirpa frequency point #                    21
 Done with rirpa frequency point #                    22
 Done with rirpa frequency point #                    23
 Done with rirpa frequency point #                    24
 Done with rirpa frequency point #                    25
 Done with rirpa frequency point #                    26
 Done with rirpa frequency point #                    27
 Done with rirpa frequency point #                    28
 Done with rirpa frequency point #                    29
 Done with rirpa frequency point #                    30
 Done with rirpa frequency point #                    31
 Done with rirpa frequency point #                    32
 Done with rirpa frequency point #                    33
 Done with rirpa frequency point #                    34
 Done with rirpa frequency point #                    35
 Done with rirpa frequency point #                    36
 Done with rirpa frequency point #                    37
 Done with rirpa frequency point #                    38
 Done with rirpa frequency point #                    39
 Done with rirpa frequency point #                    40
 Done with rirpa frequency point #                    41
 Done with rirpa frequency point #                    42
 Done with rirpa frequency point #                    43
 Done with rirpa frequency point #                    44
 Done with rirpa frequency point #                    45
 Done with rirpa frequency point #                    46
 Done with rirpa frequency point #                    47
 Done with rirpa frequency point #                    48
 Done with rirpa frequency point #                    49
 Done with rirpa frequency point #                    50
 Done with rirpa frequency point #                    51
 Done with rirpa frequency point #                    52
 Done with rirpa frequency point #                    53
 Done with rirpa frequency point #                    54
 Done with rirpa frequency point #                    55
 Done with rirpa frequency point #                    56
 Done with rirpa frequency point #                    57
 Done with rirpa frequency point #                    58
 Done with rirpa frequency point #                    59
 Done with rirpa frequency point #                    60
 Done with rirpa frequency point #                    61
 Done with rirpa frequency point #                    62
 Done with rirpa frequency point #                    63
 Done with rirpa frequency point #                    64
 Done with rirpa frequency point #                    65
 Done with rirpa frequency point #                    66
 Done with rirpa frequency point #                    67
 Done with rirpa frequency point #                    68
 Done with rirpa frequency point #                    69
 Done with rirpa frequency point #                    70
 Done with rirpa frequency point #                    71
 Done with rirpa frequency point #                    72
 Done with rirpa frequency point #                    73
 Done with rirpa frequency point #                    74
 Done with rirpa frequency point #                    75
 Done with rirpa frequency point #                    76
 Done with rirpa frequency point #                    77
 Done with rirpa frequency point #                    78
 Done with rirpa frequency point #                    79
 Done with rirpa frequency point #                    80
 Done with rirpa frequency point #                    81
 Done with rirpa frequency point #                    82
 Done with rirpa frequency point #                    83
 Done with rirpa frequency point #                    84
 Done with rirpa frequency point #                    85
 Done with rirpa frequency point #                    86
 Done with rirpa frequency point #                    87
 Done with rirpa frequency point #                    88
 Done with rirpa frequency point #                    89
 Done with rirpa frequency point #                    90
 Done with rirpa frequency point #                    91
 Done with rirpa frequency point #                    92
 Done with rirpa frequency point #                    93
 Done with rirpa frequency point #                    94
 Done with rirpa frequency point #                    95
 Done with rirpa frequency point #                    96
 Done with rirpa frequency point #                    97
 Done with rirpa frequency point #                    98
 Done with rirpa frequency point #                    99
 Done with rirpa frequency point #                   100
 


 RI-RPA correlation energy: -0.1537692238251178E+01
 Allocatable memory for RI due to $ricore (MB):                  5000

 there are 1 real representations :   a   

 maximum number of shells which are related by symmetry :  1

  
           ------------------------
               RI-J - INFORMATION
           ------------------------
 Contributions to RI integral batches: 
  neglected integral batches:                   113
  direct contribution:                            0
  memory contribution:                  3457

          ------------------------
          nuclear repulsion energy  :   365.941276362    
          ------------------------


         -----------------
         -S,T+V- integrals
         -----------------

 1e-integrals will be neglected if expon. factor < 0.380518E-11

                  --------------------------------------------------- 
                 |  HXX+RIRPA total energy     =  -1493.36571090715  |
                  ---------------------------------------------------- 
                 :  RIRPA correlation energy   =     -1.53769223825  :
                 :  HXX total energy           =  -1491.82801866890  :
                 :  Hartree energy             =   1028.79626642197  :
                 :  Exact Exchange energy      =    -96.25268722878  :
                  .................................................... 


    ------------------------------------------------------------------------
    Rirpa profiling                cpu                    wall         ratio
    ------------------------------------------------------------------------
    module                         sec     %               sec     %
    ------------------------------------------------------------------------
    RIRPA                       235.2  100.00           14.0  100.00  16.8
    STARTUP                       3.5    1.47            0.2    1.24  19.9
    riccmos                       0.8    0.36            0.1    0.71   8.4
    riccaux                       2.0    0.86            0.1    0.73  19.9
    riccbound                     4.7    2.02            1.2    8.45   4.0
    ccmkbaoi                      6.5    2.75            0.4    2.55  18.1
    cc3idxnrm                     0.4    0.19            0.0    0.16  20.0
    ecrpa                       168.1   71.47            8.4   60.12  20.0
    qbuild                      158.3   67.28            7.9   56.60  20.0
    rparenrm                      6.6    2.79            0.3    2.35  20.0
    ehxx                         48.8   20.73            3.6   25.89  13.5
    ------------------------------------------------------------------------
    sum                         635.2  270.04           36.2  258.92  17.5
    ------------------------------------------------------------------------


    ------------------------------------------------------------------------
         total  cpu-time :  3 minutes and 56 seconds
         total wall-time :  14.04 seconds
    ------------------------------------------------------------------------

   ****  rirpa : all done  ****


    2020-07-20 07:18:12.747 

