
 ridft (tigris) : TURBOMOLE rev. V7.4.1 (b987a8a8) compiled 15 Oct 2019 at 12:03:25
 Copyright (C) 2019 TURBOMOLE GmbH, Karlsruhe


    2020-08-30 22:12:50.536 



                                  r i d f t

                        DFT program with RI approximation 
                                for coulomb part 




                                                 
                                 References:     
                                                 
          TURBOMOLE:                             
              R. Ahlrichs, M. Baer, M. Haeser, H. Horn, and
              C. Koelmel
              Electronic structure calculations on workstation
              computers: the program system TURBOMOLE
              Chem. Phys. Lett. 162: 165 (1989)
          Density Functional:                              
              O. Treutler and R. Ahlrichs                      
              Efficient Molecular Numerical Integration Schemes
              J. Chem. Phys. 102: 346 (1995)                   
          Parallel Version:                                
              Performance of parallel TURBOMOLE for Density    
              Functional Calculations                          
              M. v. Arnim and R. Ahlrichs                      
              J. Comp. Chem. 19: 1746 (1998)                   
          RI-J Method:                                     
              Auxiliary Basis Sets to approximate Coulomb      
              Potentials                                       
              Chem. Phys. Lett. 240: 283 (1995)                
              K. Eichkorn, O. Treutler, H. Oehm, M. Haeser     
              and R. Ahlrichs                                  
              Chem. Phys. Lett. 242: 652 (1995)                
                                                           
              Auxiliary Basis Sets for Main Row Atoms and their
              Use to approximate Coulomb Potentials            
              K. Eichkorn, F. Weigend, O. Treutler and         
              R. Ahlrichs                                      
              Theo. Chem. Acc. 97: 119 (1997)                   
                                                           
              Accurate Coulomb-fitting basis sets for H to Rn 
              F. Weigend                                        
              Phys. Chem. Chem. Phys. 8: 1057 (2006)            
                                                           
          Multipole accelerated RI-J (MARI-J):             
              Fast evaluation of the Coulomb potential for     
              electron densities using multipole accelerated   
              resolution of identity approximation             
              M. Sierka, A. Hogekamp and R. Ahlrichs           
              J. Chem. Phys. 118: 9136 (2003)                  
          RI-JK Method:                                     
              A fully direct RI-HF algorithm: Implementation,
              optimised auxiliary basis sets, demonstration of
              accuracy and efficiency                         
              F. Weigend                                      
              Phys. Chem. Chem. Phys. 4: 4285 (2002)           
          Two-component HF and DFT with spin-orbit coupling:  
              Self-consistent treatment of spin-orbit         
              interactions with efficient Hartree-Fock and    
              density functional methods                      
              M. K. Armbruster, F. Weigend, C. van Wüllen and 
              W. Klopper                                      
              Phys. Chem. Chem. Phys. 10: 1748 (2008)         
          Two-component difference density and DIIS algorithm 
              Efficient two-component self-consistent field   
              procedures and gradients: implementation in     
              TURBOMOLE and application to Au20-              
              A. Baldes, F. Weigend                           
              Mol. Phys. 111: 2617 (2013)                     
          Relativistic all-electron 2c calculations           
              An efficient implementation of two-component    
              relativistic exact-decoupling methods for large 
              molecules                                       
              D. Peng, N. Middendorf, F. Weigend, M. Reiher   
              J. Chem. Phys. 138: 184105 (2013)               
          Finite nucleus model and SNSO approximation         
              Efficient implementation of one- and two-       
              component analytical energy gradients in exact  
              two-component theory                            
              Y. J. Franzke, N. Middendorf, F. Weigend        
              J. Chem. Phys. 148: 104110 (2018)               
                                         




              +--------------------------------------------------+
              |      general information about current run       |
              +--------------------------------------------------+

 

 DENSITY CONVERGENCE CHECK SWITCHED ON !
 SCF CONVERGENCE IF RMS(delta[D]) <     0.1000000000E-06

 PBE functional
 exchange:    LDA + PBE
 correlation: LDA (PW) + PBE
 A DFT calculation using the RI-J approximation will be carried out.
 Allocatable memory for RI due to $ricore (MB):                   500


              +--------------------------------------------------+
              | Atomic coordinate, charge and isotop information |
              +--------------------------------------------------+

                    atomic coordinates            atom    charge  isotop
          2.30002309    0.00016318   -1.39328096    c      6.000     0
          4.21916859    0.00033017    0.40912567    c      6.000     0
          3.63811981    0.00024587    2.97726249    c      6.000     0
          1.11968566    0.00033662    3.74535757    c      6.000     0
         -0.81834438    0.00013275    1.96298476    c      6.000     0
          2.73689415   -0.00003840   -3.38787335    h      1.000     0
          6.16926311    0.00019357   -0.20229949    h      1.000     0
          5.13456349   -0.00004375    4.36760885    h      1.000     0
          0.65329249    0.00020694    5.73519283    h      1.000     0
         -2.77506558   -0.00017614    2.54654764    h      1.000     0
         -0.20991404   -0.00020548   -0.59868573    c      6.000     0
         -2.82278970   -0.00330279   -3.03577474    br    35.000     0
 
       center of nuclear mass  :   -0.57607738   -0.00160322   -0.94348487
       center of nuclear charge:   -0.33402973   -0.00143996   -0.71810996

              +--------------------------------------------------+
              |               basis set information              |
              +--------------------------------------------------+

              we will work with the 1s 3p 5d 7f 9g ... basis set
              ...i.e. with spherical basis functions...

   type   atoms  prim   cont   basis
   ---------------------------------------------------------------------------
    c        6     77     57   def2-QZVP   [7s4p3d2f1g|15s8p3d2f1g]
    h        5     33     30   def2-QZVP   [4s3p2d1f|7s3p2d1f]
    br       1    157     75   def2-QZVP   [11s7p4d2f1g|24s20p10d2f1g]
   ---------------------------------------------------------------------------
   total:   12    784    567
   ---------------------------------------------------------------------------

   total number of primitive shells          :   99
   total number of contracted shells         :  177
   total number of cartesian basis functions :  698
   total number of SCF-basis functions       :  567


 integral neglect threshold       :  0.48E-11
 integral storage threshold THIZE :  0.10E-04
 integral storage threshold THIME :         5

 RI-J AUXILIARY BASIS SET information:

              we will work with the 1s 3p 5d 7f 9g ... basis set
              ...i.e. with spherical basis functions...

   type   atoms  prim   cont   basis
   ---------------------------------------------------------------------------
    c        6     70     49   def2-QZVP   [6s4p3d1f1g|12s5p4d2f1g]
    h        5     16     11   def2-QZVP   [3s1p1d|5s2p1d]
    br       1     89     58   def2-QZVP   [8s4p3d2f1g|19s5p5d3f1g]
   ---------------------------------------------------------------------------
   total:   12    589    407
   ---------------------------------------------------------------------------

   total number of primitive shells          :   65
   total number of contracted shells         :  133
   total number of cartesian basis functions :  499
   total number of SCF-basis functions       :  407


 symmetry group of the molecule :   c1 

 the group has the following generators :
   c1(z)

    1 symmetry operations found

 there are 1 real representations :   a   

 maximum number of shells which are related by symmetry :  1


    mo occupation :
   irrep   mo's   occupied
    a      567       38
 
 number of basis functions   :                    567
 number of occupied orbitals :                     38
 
  
           ------------------
           density functional
           ------------------
 PBE functional
 exchange:    LDA + PBE
 correlation: LDA (PW) + PBE

 spherical integration : Lebedev's spherical grid
 spherical gridsize    :                     5
    i.e. gridpoints    :                   590
 value for diffuse not defined
 radial integration    : Chebyshev 2nd kind (scaling 3)
 radial gridsize       :                     8
 integration cells     :                    12
 partition function    : becke
 partition sharpness   :                     3
  

 biggest AO integral is expected to be    23.942244026
  
           ------------------------
               RI-J - INFORMATION
           ------------------------
 Contributions to RI integral batches: 
  neglected integral batches:                  2492
  direct contribution:                         3611
  memory contribution:                  9650
 Memory core needed for (P|Q) and Cholesky      2 MByte
 Memory core minimum needed except of (P|Q)     2 MByte
 Total minimum memory core needed (sum)         3 MByte
  
 ****************************************
 Memory allocated for RI-J   475 MByte
 ****************************************
                                            

          ------------------------
          nuclear repulsion energy  :   431.739071068    
          ------------------------

      -----------------------------------------------------------      
     |                   =====================                   |     
     |                        D F T - D 4                        |     
     |                   =====================                   |     
     |                         S. Grimme                         |     
     |          Mulliken Center for Theoretical Chemistry        |     
     |                    University of Bonn                     |     
      -----------------------------------------------------------      

           -------------------------------------------------
          |                Calculation Setup                |
           -------------------------------------------------
   charge               :      0
   non-additivity corr. : ATM
   charge model         : EEQ
   damping parameters
   s6                   :     1.0000
   s8                   :     0.9595
   a1                   :     0.3857
   a2                   :     4.8069

        q(ref)        CN(ref)   cov. CN(ref)  alpha(AIM,ref)
     0.0000000      0.0000000      0.0000000     12.3555336
    -0.1712371      0.9867893      0.9189476     12.8040100
    -0.1421000      1.9984766      1.9078606      9.6347083
    -0.2225085      2.9987259      2.8312240      9.6866280
    -0.2565392      3.9843988      3.7487004      7.6947605
    -0.1044135      3.1417713      2.9183271      9.3751067
     0.2103031      0.9999501      0.8556099      7.7402501
        q(ref)        CN(ref)   cov. CN(ref)  alpha(AIM,ref)
     0.0000000      0.0000000      0.0000000      5.0540161
     0.0000000      0.9117922      0.8942243      2.7207580
        q(ref)        CN(ref)   cov. CN(ref)  alpha(AIM,ref)
     0.0000000      0.0000000      0.0000000     20.8160782
    -0.1449078      0.9973539      0.8714136     21.9234833
========================================================================
 Edisp  /kcal,au:    -8.4559  -0.0134753537
========================================================================
 nuclear repulsion energy                  =     431.739071068
 empirical dispersive energy correction    =      -0.013475354
 nuclear repulsion + dispersion correction =     431.725595714


         -----------------
         -S,T+V- integrals
         -----------------

 1e-integrals will be neglected if expon. factor < 0.478791E-12
 
   Difference densities algorithm switched on.
   The maximal number of linear combinations of
   difference densities is                    20 .

 DIIS switched on: error vector is FDS-SDF
 Max. Iterations for DIIS is     :   4
 DIIS matrix (see manual) 
    Scaling factor of diagonals  :  1.200
    threshold for scaling factor :  0.000

 scf convergence criterion : increment of total energy < .1000000D-06
                  and increment of one-electron energy < .1000000D-03

  MOs are in ASCII format !


 automatic virtual orbital shift switched on 
      shift if e(lumo)-e(homo) < 0.10000000    


 reading orbital data $scfmo  from file mos
 orbital characterization : scfconv=7

 DSCF restart information will be dumped onto file mos


 Starting SCF iterations

          Overall gridpoints after grid construction =        199222

 ITERATION  ENERGY          1e-ENERGY        2e-ENERGY     RMS[dD(SAO)]   TOL
   1  -2805.2809617045    -4751.7345061     1514.7279486    0.000D+00 0.478D-11
                            Exc = -125.042886363     Coul =  1639.77083501    
                              N = 76.000001336    
                            current damping = 0.300
 
          max. resid. norm for Fia-block=  2.655D-06 for orbital     37a         
          max. resid. fock norm         =  8.765D-06 for orbital    563a         

 ITERATION  ENERGY          1e-ENERGY        2e-ENERGY     RMS[dD(SAO)]   TOL
   2  -2805.2809617043    -4751.7344781     1514.7279207    0.482D-07 0.303D-11
                            Exc = -125.042883344     Coul =  1639.77080402    
                              N = 76.000001336    
                            current damping = 0.300
 
          Norm of current diis error: 0.94969E-04
          max. resid. norm for Fia-block=  1.253D-06 for orbital     37a         
          max. resid. fock norm         =  3.836D-06 for orbital    563a         

 ENERGY & DENSITY CONVERGED !


 ITERATION  ENERGY          1e-ENERGY        2e-ENERGY     RMS[dD(SAO)]   TOL
   3  -2805.2809617045    -4751.7344379     1514.7278805    0.214D-07 0.283D-11
                            Exc = -125.042883537     Coul =  1639.77076405    
                              N = 76.000001336    
                            current damping = 0.150
 
          Norm of current diis error: 0.28118E-04
          max. resid. norm for Fia-block=  4.173D-07 for orbital     28a         
          max. resid. fock norm         =  1.288D-06 for orbital    563a         

 End of SCF iterations

   convergence criteria satisfied after     3 iterations


                  ------------------------------------------ 
                 |  total energy      =  -2805.28096170449  |
                  ------------------------------------------ 
                 :  kinetic energy    =   2800.16735869468  :
                 :  potential energy  =  -5605.44832039917  :
                 :  virial theorem    =      1.99817715121  :
                 :  wavefunction norm =      1.00000000000  :
                  .......................................... 


 orbitals $scfmo  will be written to file mos

    irrep                 34a         35a         36a         37a         38a   
 eigenvalues H         -0.31876    -0.28795    -0.25769    -0.24599    -0.22314
            eV          -8.6739     -7.8357     -7.0122     -6.6939     -6.0720
 occupation              2.0000      2.0000      2.0000      2.0000      2.0000

    irrep                 39a         40a         41a         42a         43a   
 eigenvalues H         -0.05762    -0.05643    -0.03556     0.01137     0.02846
            eV          -1.5680     -1.5356     -0.9677      0.3094      0.7744
 
 
 
 
 ==============================================================================
                           electrostatic moments
 ==============================================================================

 reference point for electrostatic moments:    0.00000   0.00000   0.00000

 
              nuc           elec       ->  total
 ------------------------------------------------------------------------------
                          charge      
 ------------------------------------------------------------------------------
          76.000000     -76.000000      -0.000000
 
 ------------------------------------------------------------------------------
                       dipole moment  
 ------------------------------------------------------------------------------
   x     -25.386259      25.858387       0.472128
   y      -0.109437       0.109478       0.000041
   z     -54.576357      55.015727       0.439371
 
   | dipole moment | =     0.6449 a.u. =     1.6393 debye 
 
 ------------------------------------------------------------------------------
                     quadrupole moment
 ------------------------------------------------------------------------------
  xx     588.695996    -625.466031     -36.770034
  yy       0.000384     -42.340308     -42.339924
  zz     567.802317    -604.836773     -37.034456
  xy       0.345642      -0.345783      -0.000140
  xz     380.909541    -381.654333      -0.744792
  yz       0.365272      -0.365516      -0.000245
 
     1/3  trace=     -38.714805
     anisotropy=       5.593294
 
 ==============================================================================
 
HOMO-LUMO Separation
 HOMO         :   -0.22313836 H =     -6.07191 eV
 LUMO         :   -0.05762408 H =     -1.56803 eV
 HOMO-LUMO gap:    0.16551428 H =     +4.50388 eV
 
 ==============================================================================


    ------------------------------------------------------------------------
         total  cpu-time :  29.08 seconds
         total wall-time :  29.08 seconds
    ------------------------------------------------------------------------

   ****  ridft : all done  ****


    2020-08-30 22:13:19.612 

 ridft ended normally
