           SMPCPUS    set: Shared-memory Parallelization with  20 CPUs.

           SMP Parallelization Reference:
           C. van Wullen, J. Comput. Chem. 32 (2011) 1195--1201

 ridft (c-12-33) : TURBOMOLE rev. V7.5.0 compiled 13 Jun 2020 at 23:29:25
 Copyright (C) 2020 TURBOMOLE GmbH, Karlsruhe


    2020-07-20 07:29:27.075 



                                  r i d f t

                        DFT program with RI approximation 
                                for coulomb part 




                                                 
                                 References:     
                                                 
          TURBOMOLE:                             
              R. Ahlrichs, M. Baer, M. Haeser, H. Horn, and
              C. Koelmel
              Electronic structure calculations on workstation
              computers: the program system TURBOMOLE
              Chem. Phys. Lett. 162: 165 (1989)
          Density Functional:                              
              O. Treutler and R. Ahlrichs                      
              Efficient Molecular Numerical Integration Schemes
              J. Chem. Phys. 102: 346 (1995)                   
          Parallel Version:                                
              Performance of parallel TURBOMOLE for Density    
              Functional Calculations                          
              M. v. Arnim and R. Ahlrichs                      
              J. Comp. Chem. 19: 1746 (1998)                   
          RI-J Method:                                     
              Auxiliary Basis Sets to approximate Coulomb      
              Potentials                                       
              Chem. Phys. Lett. 240: 283 (1995)                
              K. Eichkorn, O. Treutler, H. Oehm, M. Haeser     
              and R. Ahlrichs                                  
              Chem. Phys. Lett. 242: 652 (1995)                
                                                           
              Auxiliary Basis Sets for Main Row Atoms and their
              Use to approximate Coulomb Potentials            
              K. Eichkorn, F. Weigend, O. Treutler and         
              R. Ahlrichs                                      
              Theo. Chem. Acc. 97: 119 (1997)                   
                                                           
              Accurate Coulomb-fitting basis sets for H to Rn 
              F. Weigend                                        
              Phys. Chem. Chem. Phys. 8: 1057 (2006)            
                                                           
          Multipole accelerated RI-J (MARI-J):             
              Fast evaluation of the Coulomb potential for     
              electron densities using multipole accelerated   
              resolution of identity approximation             
              M. Sierka, A. Hogekamp and R. Ahlrichs           
              J. Chem. Phys. 118: 9136 (2003)                  
          RI-JK Method:                                     
              A fully direct RI-HF algorithm: Implementation,
              optimised auxiliary basis sets, demonstration of
              accuracy and efficiency                         
              F. Weigend                                      
              Phys. Chem. Chem. Phys. 4: 4285 (2002)           
          Two-component HF and DFT with spin-orbit coupling:  
              Self-consistent treatment of spin-orbit         
              interactions with efficient Hartree-Fock and    
              density functional methods                      
              M. K. Armbruster, F. Weigend, C. van Wüllen and 
              W. Klopper                                      
              Phys. Chem. Chem. Phys. 10: 1748 (2008)         
          Two-component difference density and DIIS algorithm 
              Efficient two-component self-consistent field   
              procedures and gradients: implementation in     
              TURBOMOLE and application to Au20-              
              A. Baldes, F. Weigend                           
              Mol. Phys. 111: 2617 (2013)                     
          Relativistic all-electron 2c calculations           
              An efficient implementation of two-component    
              relativistic exact-decoupling methods for large 
              molecules                                       
              D. Peng, N. Middendorf, F. Weigend, M. Reiher   
              J. Chem. Phys. 138: 184105 (2013)               
          Finite nucleus model and SNSO approximation         
              Efficient implementation of one- and two-       
              component analytical energy gradients in exact  
              two-component theory                            
              Y. J. Franzke, N. Middendorf, F. Weigend        
              J. Chem. Phys. 148: 104110 (2018)               
          Grids for all-electron relativistic methods         
              Error-consistent segmented contracted all-      
              electron relativistic basis sets of double-     
              and triple-zeta quality for NMR shielding       
              constants                                       
              Y. J. Franzke, R. Tress, T. M. Pazdera,         
              F. Weigend                                      
              Phys. Chem. Chem. Phys. 21: 166658 (2019)       
          Seminumerical exchange algorithms                   
              Seminumerical calculation of the Hartree-Fock   
              exchange matirx: Application to two-component   
              procedures and efficient evaluation of local    
              hybrid functionsl                               
              P. Plessow, F. Weigend,                         
              J. Comput. Chem. 33: 810 (2012)                 
          Improved seminumerical algorithms                   
              C. Holzer, in preparation (2020)                
                                         




              +--------------------------------------------------+
              |      general information about current run       |
              +--------------------------------------------------+

 

 DENSITY CONVERGENCE CHECK SWITCHED ON !
 SCF CONVERGENCE IF RMS(delta[D]) <     0.1000000000E-06

 PBE functional
 exchange:    LDA + PBE
 correlation: LDA (PW) + PBE
 A DFT calculation using the RI-J approximation will be carried out.
 Allocatable memory for RI due to $ricore (MB):                  5000


              +--------------------------------------------------+
              | Atomic coordinate, charge and isotop information |
              +--------------------------------------------------+

                    atomic coordinates            atom    charge  isotop
         -0.20259637   -0.31617110   -0.03783818    cl     0.000     0
          0.01800950    0.01536137    2.46574834    h      0.000     0
          0.12378732    0.13079216    5.63236034    n      7.000     0
          1.92218202    0.17132367    6.28007515    h      1.000     0
         -1.17477919   -2.16015395    6.50263359    c      6.000     0
         -3.09045648   -2.15523634    5.76369796    h      1.000     0
         -0.21384154   -3.80016434    5.72620126    h      1.000     0
         -1.25417634   -2.34570047    8.55261264    h      1.000     0
         -0.74102162    1.69369613    6.31415805    h      1.000     0
 
       center of nuclear mass  :   -0.33983673   -0.61901506    2.82937552
       center of nuclear charge:   -0.53108210   -1.02674777    6.17105939

              +--------------------------------------------------+
              |               basis set information              |
              +--------------------------------------------------+

              we will work with the 1s 3p 5d 7f 9g ... basis set
              ...i.e. with spherical basis functions...

   type   atoms  prim   cont   basis
   ---------------------------------------------------------------------------
    cl       1    137     59   cc-pVQZ   [6s5p3d2f1g|42s19p3d2f1g]
    h        6     32     30   cc-pVQZ   [4s3p2d1f|6s3p2d1f]
    n        1     77     55   cc-pVQZ   [5s4p3d2f1g|21s6p3d2f1g]
    c        1     77     55   cc-pVQZ   [5s4p3d2f1g|21s6p3d2f1g]
   ---------------------------------------------------------------------------
   total:    9    483    349
   ---------------------------------------------------------------------------

   total number of primitive shells          :  145
   total number of contracted shells         :  107
   total number of cartesian basis functions :  424
   total number of SCF-basis functions       :  349


 integral neglect threshold       :  0.79E-11
 integral storage threshold THIZE :  0.10E-04
 integral storage threshold THIME :         5

 RI-J AUXILIARY BASIS SET information:

              we will work with the 1s 3p 5d 7f 9g ... basis set
              ...i.e. with spherical basis functions...

   type   atoms  prim   cont   basis
   ---------------------------------------------------------------------------
    cl       1     77     51   cc-pVQZ   [8s4p3d1f1g|14s5p5d2f1g]
    h        6     16     11   cc-pVQZ   [3s1p1d|5s2p1d]
    n        1     70     49   cc-pVQZ   [6s4p3d1f1g|12s5p4d2f1g]
    c        1     70     49   cc-pVQZ   [6s4p3d1f1g|12s5p4d2f1g]
   ---------------------------------------------------------------------------
   total:    9    313    215
   ---------------------------------------------------------------------------

   total number of primitive shells          :   83
   total number of contracted shells         :   77
   total number of cartesian basis functions :  257
   total number of SCF-basis functions       :  215


 symmetry group of the molecule :   c1 

 the group has the following generators :
   c1(z)

    1 symmetry operations found

 there are 1 real representations :   a   

 maximum number of shells which are related by symmetry :  1

  
           ------------------
           density functional
           ------------------
 Dummy atoms with grid-point found.
 DFT quadrature threshold dgrenze tightened by factor 1/10.

 PBE functional
 exchange:    LDA + PBE
 correlation: LDA (PW) + PBE
 Dummy atoms with grid-point found.
 DFT quadrature threshold dgrenze tightened by factor 1/10.

 Dummy atoms with grid-point found.
 DFT quadrature threshold dgrenze tightened by factor 1/10.


 spherical integration : Lebedev's spherical grid
 spherical gridsize    :                     5
    i.e. gridpoints    :                   590
 value for diffuse not defined
 radial integration    : Chebyshev 2nd kind (scaling 3)
 radial gridsize       :                     8
 integration cells     :                     9
 partition function    : becke
 partition sharpness   :                     3
  
 found dummy atom(s) with basis: included in dft

 biggest AO integral is expected to be    10.299525420

          ------------------------
          nuclear repulsion energy  :   42.0380643283    
          ------------------------


         -----------------
         -S,T+V- integrals
         -----------------

 1e-integrals will be neglected if expon. factor < 0.788198E-12
 
   Difference densities algorithm switched on.
   The maximal number of linear combinations of
   difference densities is                    20 .

 DIIS switched on: error vector is FDS-SDF
 Max. Iterations for DIIS is     :   4
 DIIS matrix (see manual) 
    Scaling factor of diagonals  :  1.200
    threshold for scaling factor :  0.000

 scf convergence criterion : increment of total energy < .1000000D-06
                  and increment of one-electron energy < .1000000D-03

 MOs are in ASCII format !


    mo occupation :
   irrep   mo's   occupied
    a      349        9
 
 number of basis functions   :   349
 number of occupied orbitals :     9
 

 reading orbital data $scfmo  from file mos
 orbital characterization : expanded
 virtual MOs provided and orthogonalized by Cholesky decomposition

 automatic virtual orbital shift switched on 
      shift if e(lumo)-e(homo) < 0.10000000    

  
           ------------------------
               RI-J - INFORMATION
           ------------------------
 Contributions to RI integral batches: 
  neglected integral batches:                   423
  direct contribution:                            0
  memory contribution:                  5355
 Memory core needed for (P|Q) and Cholesky      1 MByte
 Memory core minimum needed except of (P|Q)     1 MByte
 Total minimum memory core needed (sum)         2 MByte
  
 ****************************************
 Memory allocated for RI-J   169 MByte
 ****************************************
                                            

 DSCF restart information will be dumped onto file mos


 Starting SCF iterations

          Overall gridpoints after grid construction =        137765

 ITERATION  ENERGY          1e-ENERGY        2e-ENERGY     RMS[dD(SAO)]   TOL
   1  -95.389786987712    -210.05986661     72.632015290    0.000D+00 0.786D-11
                            Exc = -13.8127622643     Coul =  86.4447775544    
                              N = 18.000001326    
                            current damping = 0.300
 
          max. resid. norm for Fia-block=  2.872D-01 for orbital      1a         
          max. resid. fock norm         =  2.777D+01 for orbital    160a         

 ITERATION  ENERGY          1e-ENERGY        2e-ENERGY     RMS[dD(SAO)]   TOL
   2  -95.732973411221    -211.52520848     73.754170737    0.371D-02 0.532D-11
                            Exc = -14.0203518562     Coul =  87.7745225930    
                              N = 18.000000842    
                            current damping = 0.250
 
          Norm of current diis error:  1.2171    
          max. resid. norm for Fia-block=  8.310D-02 for orbital      3a         
          max. resid. fock norm         =  1.525D-01 for orbital    218a         

 ITERATION  ENERGY          1e-ENERGY        2e-ENERGY     RMS[dD(SAO)]   TOL
   3  -95.763590846103    -211.68699091     73.885335737    0.117D-02 0.427D-11
                            Exc = -14.0902019390     Coul =  87.9755376762    
                              N = 18.000000751    
                            current damping = 0.100
 
          Norm of current diis error: 0.62084    
          max. resid. norm for Fia-block=  3.203D-02 for orbital      9a         
          max. resid. fock norm         =  3.291D-02 for orbital      9a         

 ITERATION  ENERGY          1e-ENERGY        2e-ENERGY     RMS[dD(SAO)]   TOL
   4  -95.771374963143    -211.43502783     73.625588540    0.782D-03 0.369D-11
                            Exc = -14.0579233848     Coul =  87.6835119244    
                              N = 18.000000634    
                            current damping = 0.150
 
          Norm of current diis error: 0.28677    
          max. resid. norm for Fia-block=  9.878D-03 for orbital      3a         
          max. resid. fock norm         =  1.443D-02 for orbital    316a         

 ITERATION  ENERGY          1e-ENERGY        2e-ENERGY     RMS[dD(SAO)]   TOL
   5  -95.772574513159    -211.79675044     73.986111597    0.166D-03 0.358D-11
                            Exc = -14.0981606651     Coul =  88.0842722624    
                              N = 18.000000628    
                            current damping = 0.200
 
          Norm of current diis error: 0.12150    
          max. resid. norm for Fia-block=  3.942D-03 for orbital      8a         
          max. resid. fock norm         =  4.951D-03 for orbital    186a         
          mo-orthogonalization: Cholesky decomposition

 ITERATION  ENERGY          1e-ENERGY        2e-ENERGY     RMS[dD(SAO)]   TOL
   6  -95.772853723871    -211.60571381     73.794795756    0.863D-04 0.350D-11
                            Exc = -14.0787017105     Coul =  87.8734974663    
                              N = 18.000000636    
                            current damping = 0.250
 
          Norm of current diis error: 0.26697E-01
          max. resid. norm for Fia-block=  9.353D-04 for orbital      9a         
          max. resid. fock norm         =  1.080D-03 for orbital      6a         

 ITERATION  ENERGY          1e-ENERGY        2e-ENERGY     RMS[dD(SAO)]   TOL
   7  -95.772867819485    -211.63782903     73.826896880    0.176D-04 0.343D-11
                            Exc = -14.0820369424     Coul =  87.9089338220    
                              N = 18.000000634    
                            current damping = 0.300
 
          Norm of current diis error: 0.35206E-02
          max. resid. norm for Fia-block=  1.734D-04 for orbital      9a         
          max. resid. fock norm         =  2.320D-04 for orbital      9a         

 ITERATION  ENERGY          1e-ENERGY        2e-ENERGY     RMS[dD(SAO)]   TOL
   8  -95.772868042004    -211.63875972     73.827827351    0.310D-05 0.336D-11
                            Exc = -14.0821264228     Coul =  87.9099537740    
                              N = 18.000000634    
                            current damping = 0.150
 
          Norm of current diis error: 0.89388E-03
          max. resid. norm for Fia-block=  3.847D-05 for orbital      7a         
          max. resid. fock norm         =  7.437D-05 for orbital    198a         

 ENERGY & DENSITY CONVERGED !


 ITERATION  ENERGY          1e-ENERGY        2e-ENERGY     RMS[dD(SAO)]   TOL
   9  -95.772868052261    -211.63870223     73.827769853    0.603D-06 0.328D-11
                            Exc = -14.0821329821     Coul =  87.9099028347    
                              N = 18.000000634    
                            current damping = 0.200
 
          Norm of current diis error: 0.53656E-03
          max. resid. norm for Fia-block=  1.803D-05 for orbital      9a         
          max. resid. fock norm         =  2.628D-05 for orbital    316a         

 End of SCF iterations

   convergence criteria satisfied after     9 iterations


                  ------------------------------------------ 
                 |  total energy      =    -95.77286805226  |
                  ------------------------------------------ 
                 :  kinetic energy    =     95.36482406125  :
                 :  potential energy  =   -191.13769211351  :
                 :  virial theorem    =      1.99573946151  :
                 :  wavefunction norm =      1.00000000000  :
                  .......................................... 


 <geterg> : there is no data group $energy 


 <skperg> : $end is missing 


 orbitals $scfmo  will be written to file mos

    irrep                  5a          6a          7a          8a          9a   
 eigenvalues H         -0.44030    -0.39274    -0.35921    -0.32473    -0.19635
            eV         -11.9813    -10.6870     -9.7748     -8.8364     -5.3430
 occupation              2.0000      2.0000      2.0000      2.0000      2.0000

    irrep                 10a         11a         12a         13a         14a   
 eigenvalues H          0.00233     0.03996     0.05934     0.07023     0.09515
            eV           0.0633      1.0874      1.6147      1.9112      2.5893
 
 
 
 
 ==============================================================================
                           electrostatic moments
 ==============================================================================

 reference point for electrostatic moments:    0.00000   0.00000   0.00000

 
              nuc           elec       ->  total
 ------------------------------------------------------------------------------
                          charge      
 ------------------------------------------------------------------------------
          18.000000     -18.000000       0.000000
 
 ------------------------------------------------------------------------------
                       dipole moment  
 ------------------------------------------------------------------------------
   x      -9.559478       9.574995       0.015518
   y     -18.481460      18.497003       0.015543
   z     111.079069    -110.558561       0.520508
 
   | dipole moment | =     0.5210 a.u. =     1.3242 debye 
 
 ------------------------------------------------------------------------------
                     quadrupole moment
 ------------------------------------------------------------------------------
  xx      23.801405     -33.412121      -9.610716
  yy      55.603898     -65.465877      -9.861979
  zz     694.234556    -700.024306      -5.789750
  xy      24.829025     -25.028064      -0.199039
  xz     -63.325370      63.692339       0.366968
  yz    -121.597772     122.177964       0.580192
 
     1/3  trace=      -8.420815
     anisotropy=       4.141944
 
 ==============================================================================
 
HOMO-LUMO Separation
 HOMO         :   -0.19635177 H =     -5.34301 eV
 LUMO         :    0.00232557 H =     +0.06328 eV
 HOMO-LUMO gap:    0.19867734 H =     +5.40629 eV
 
 ==============================================================================


    ------------------------------------------------------------------------
         total  cpu-time :  3 minutes and 45 seconds
         total wall-time :  16.51 seconds
    ------------------------------------------------------------------------

   ****  ridft : all done  ****


    2020-07-20 07:29:43.553 

