
   OpenMP run-time library returned nthreads = 20

 rirpa (c-14-12) : TURBOMOLE rev. V7.5.0 compiled 17 Jun 2020 at 09:15:30
 Copyright (C) 2020 TURBOMOLE GmbH, Karlsruhe


    2020-08-03 14:57:09.269 

 
 
    *************************************************************************
    *************************** PROGRAM RIRPA *******************************
    ******                                                             ******
    ******              H. Eshuis, J. E. Bates and F. Furche           ******
    ******                                                             ******
    ****** Nov 2011                                                    ******
    ****** Copyright TURBOMOLE GmbH                                    ******
    *************************************************************************
    
    
                                References:                                  
    
                   RIRPA:                                                    
                     H. Eshuis, J. Yarkony, and F. Furche                    
                     Fast Computation of Molecular Random Phase              
                     Approximation Correlation Energies Using Resolution     
                     of the Identity and Imaginary Frequency Integration     
                     J. Chem. Phys. 132: 234114 (2010)                       
    
                     H. Eshuis, J. E. Bates, and F. Furche                   
                     Electron Correlation Methods Based on                   
                     the Random Phase Approximation                          
                     Theor. Chem. Acc.  131: 1084 (2012)                     
    
                     G. P. Chen, V. K. Voora, M. M. Agee,                    
                     S. G. Balasubramani, and F. Furche                      
                     Random-Phase Approximation Methods                      
                     Annu. Rev. Phys. Chem. 68: 421 (2017)                   
    
                   TWO-COMPONENT RIRPA:                                      
                     M. Kuehn                                                
                     Correlation Energies from the                           
                     Two-Component Random-Phase Approximation                
                     J. Chem. Theory Comput. 10: 623 (2014)                  
    
                   RIRPA GRADIENTS:                                          
                     A. M. Burow, J. E. Bates, F. Furche*, and H. Eshuis     
                     Analytical First-Order Molecular Properties and Forces  
                     within the Adiabatic Connection Random Phase            
                     Approximation                                           
                     J. Chem. Theory Comput. 10: 180 (2014)                  
    
                   RI-AXK/RI-ACSOSEX/RI-ACSOX:                               
                     G. P. Chen, M. M. Agee, and F. Furche                   
                     Performance and Scope of Perturbative Corrections to    
                     Random-Phase Approximation Energies                     
                     J. Chem. Theory Comput. 14: 5701 (2018)                 
    
                   GKS-RPA:                                                  
                     V. K. Voora, S. G. Balasubramani, and F. Furche         
                     Variational Generalized Kohn-Sham Approach Combining    
                     the Random-Phase-Approximation and Green’s-Function     
                     Methods                                                 
                     Phys. Rev. A 99: 012518 (2019)                          
    
    
    
      ... OpenMP parallelization enabled, threads:   20

   *-----------------------------------------------------------------------*
   |                     program will use 20 thread(s)                     |
   *-----------------------------------------------------------------------*

 MAXIMUM CORE MEMORY WHICH CAN BE ALLOCATED DYNAMICALLY = 100000 MiB
              ( or 13107200000 double words per process)

 number of unique ecp types :                     1
  Effective Core Potentials (ECPs) detected!
 
                FOUND RI-J FLAG
 
  HF exact exchange energy will be computed using RI-J.


              +--------------------------------------------------+
              | Atomic coordinate, charge and isotop information |
              +--------------------------------------------------+

                    atomic coordinates            atom    charge  isotop
          0.15415922   -0.15037868   -0.23101620    c      0.000     0
          3.39498431    0.75046410    1.18992087    br     0.000     0
          0.02504930   -2.19211284   -0.29627091    h      0.000     0
         -1.30819558    0.62626071    0.97224225    h      0.000     0
          0.03435698    0.64218134   -2.11440623    h      0.000     0
          9.17464406    1.60232877    2.54930299    o      8.000     0
         10.06168450    0.45731230    0.77705811    c      6.000     0
         12.11604461    0.27689071    0.50786001    h      1.000     0
          8.85539078   -0.45681484   -0.64786197    h      1.000     0
 
       center of nuclear mass  :    4.48635674    0.70560120    1.12698775
       center of nuclear charge:    9.67116843    0.96141124    1.55729816
              +-------------------------------------------------+
              |        Rotational Constants Section             |
              +-------------------------------------------------+
                                   Center of Mass [a.u]:
               4.48635673598066         0.70560120259486         1.12698775331431
                     Principal Moments of Inertia [a.u.]
              74.79624584600481      1233.45957571284112      1296.82650692844550
                       Rotational constants A,B,C [a.u.]
               0.00668482748492         0.00040536391289         0.00038555658550
                     Rotational constants A,B,C [cm**-1]
               0.80484903774976         0.04880556094565         0.04642077114774
                        Rotational constants A,B,C [MHz]
           24128.76713459354505      1463.15390799659031      1391.65970846371602

   * BASIS SET information:

              +--------------------------------------------------+
              |               basis set information              |
              +--------------------------------------------------+

              we will work with the 1s 3p 5d 7f 9g ... basis set
              ...i.e. with spherical basis functions...

   type   atoms  prim   cont   basis
   ---------------------------------------------------------------------------
    c        2     77     55   cc-pVQZ   [5s4p3d2f1g|21s6p3d2f1g]
    br       1    178     78   cc-pV(Q+2f)Z-P   [6s5p4d4f1g|24s19p12d4f1g]
    h        5     32     30   cc-pVQZ   [4s3p2d1f|6s3p2d1f]
    o        1     77     55   cc-pVQZ   [5s4p3d2f1g|21s6p3d2f1g]
   ---------------------------------------------------------------------------
   total:    9    569    393
   ---------------------------------------------------------------------------

   total number of primitive shells          :  138
   total number of contracted shells         :  115
   total number of cartesian basis functions :  485
   total number of SCF-basis functions       :  393


   * AUXILIARY BASIS SET information:

              +--------------------------------------------------+
              |               basis set information              |
              +--------------------------------------------------+

              we will work with the 1s 3p 5d 7f 9g ... basis set
              ...i.e. with spherical basis functions...

   type   atoms  prim   cont   basis
   ---------------------------------------------------------------------------
    c        2    132    132   cc-pVQZ   [8s7p6d5f3g1h|8s7p6d5f3g1h]
    br       1    241    241   cc-pVQZ-PP   [10s10p9d8f6g3h1i|10s10p9d8f6g3h1i]
    h        5     55     55   cc-pVQZ   [5s4p3d2f1g|5s4p3d2f1g]
    o        1    132    132   cc-pVQZ   [8s7p6d5f3g1h|8s7p6d5f3g1h]
   ---------------------------------------------------------------------------
   total:    9    912    912
   ---------------------------------------------------------------------------

   total number of primitive shells          :  122
   total number of contracted shells         :  212
   total number of cartesian basis functions : 1248
   total number of SCF-basis functions       :  912


   * RIJ AUXILIARY BASIS SET information:

              +--------------------------------------------------+
              |               basis set information              |
              +--------------------------------------------------+

              we will work with the 1s 3p 5d 7f 9g ... basis set
              ...i.e. with spherical basis functions...

   type   atoms  prim   cont   basis
   ---------------------------------------------------------------------------
    c        2     70     49   cc-pVQZ   [6s4p3d1f1g|12s5p4d2f1g]
    br       1     89     58   universal   [8s4p3d2f1g|19s5p5d3f1g]
    h        5     16     11   cc-pVQZ   [3s1p1d|5s2p1d]
    o        1     70     49   cc-pVQZ   [6s4p3d1f1g|12s5p4d2f1g]
   ---------------------------------------------------------------------------
   total:    9    379    260
   ---------------------------------------------------------------------------

   total number of primitive shells          :   89
   total number of contracted shells         :   88
   total number of cartesian basis functions :  316
   total number of SCF-basis functions       :  260


 reading orbital data $scfmo  from file mos
 orbital characterization : scfconv=7

 integral neglect threshold       :  0.27E+02

 scfconv                     7

 there are 1 real representations :   a   

 maximum number of shells which are related by symmetry :  1

 entered riccmos at 2020-08-03 14:57:09.563
VM size:      1500 MB
  MOs are in ASCII format !


 reading orbital data $scfmo  from file mos
 orbital characterization : scfconv=7
after riccmoinp VM size:      1420 MB
registered memory usage:         2 MB
 time elapsed for calculating density matrices :   0.350 sec



              +--------------------------------------------+
              | list of orbitals that will be kept frozen: |
              +--------------------------------------------+
              |   irrep   index      energy     occ/vir    |
              +--------------------------------------------+
              |   a         1      -18.7690     occupied   |
              |   a         2       -9.9792     occupied   |
              +--------------------------------------------+



   Molecular Orbital Statistic:
   ============================

   -----------------------------
   orbitals in total:
   -----------------------------
    frozen occupied :      2
    active occupied :      6
    active virtual  :    385
    frozen virtual  :      0
    all together    :    393
   -----------------------------


     time in riccmoinp     cpu:  0.07 sec    wall:  0.07 sec    ratio:  1.0
     time in scfdens       cpu:  0.35 sec    wall:  0.02 sec    ratio: 17.4
     time in mkiao         cpu:  0.00 sec    wall:  0.00 sec    ratio:  0.0
     time in mkiho         cpu:  0.00 sec    wall:  0.00 sec    ratio:  0.0
     time in sao2ao        cpu:  0.07 sec    wall:  0.00 sec    ratio: 19.5
     time in ricclmos      cpu:  0.00 sec    wall:  0.00 sec    ratio:  0.0
     time in riccmos       cpu:  0.82 sec    wall:  0.11 sec    ratio:  7.3
 leave riccmos at 2020-08-03 14:57:09.676

     total memory allocated for calculation of (Q|P)**(-1/2) : 10 MiB


     calculation of (P|Q) ...
     time in lp2sym        cpu:  0.47 sec    wall:  0.02 sec    ratio: 19.9


     calculation of the Cholesky decomposition of (P|Q)**(-1) ...
     time in invmetri      cpu:  1.51 sec    wall:  0.11 sec    ratio: 13.8

   threshold for RMS(d[D]) in SCF was     :  0.10E-06
   integral neglect threshold             :  0.27E-11
   derivative integral neglect threshold  :  0.10E-06


 setting up bound for integral derivative estimation

 increment for numerical differentiation : 0.00050000
 
 Occupied orbital block size for RIRPA:                     6
 
 Number of passes for spin                     1 is                     1
 
 Number of eigenvalues < 6e-3:                      0
 
 
            -----------------------------
            Complex frequency integration
            -----------------------------
 
 Number of Clenshaw-Curtis nodes:                    100
 Optimized scaling parameter    :    2.21330038295531     
 Sensitivity measure            :  -2.925242686968588E-011
 
 Done with rirpa frequency point #                     1
 Done with rirpa frequency point #                     2
 Done with rirpa frequency point #                     3
 Done with rirpa frequency point #                     4
 Done with rirpa frequency point #                     5
 Done with rirpa frequency point #                     6
 Done with rirpa frequency point #                     7
 Done with rirpa frequency point #                     8
 Done with rirpa frequency point #                     9
 Done with rirpa frequency point #                    10
 Done with rirpa frequency point #                    11
 Done with rirpa frequency point #                    12
 Done with rirpa frequency point #                    13
 Done with rirpa frequency point #                    14
 Done with rirpa frequency point #                    15
 Done with rirpa frequency point #                    16
 Done with rirpa frequency point #                    17
 Done with rirpa frequency point #                    18
 Done with rirpa frequency point #                    19
 Done with rirpa frequency point #                    20
 Done with rirpa frequency point #                    21
 Done with rirpa frequency point #                    22
 Done with rirpa frequency point #                    23
 Done with rirpa frequency point #                    24
 Done with rirpa frequency point #                    25
 Done with rirpa frequency point #                    26
 Done with rirpa frequency point #                    27
 Done with rirpa frequency point #                    28
 Done with rirpa frequency point #                    29
 Done with rirpa frequency point #                    30
 Done with rirpa frequency point #                    31
 Done with rirpa frequency point #                    32
 Done with rirpa frequency point #                    33
 Done with rirpa frequency point #                    34
 Done with rirpa frequency point #                    35
 Done with rirpa frequency point #                    36
 Done with rirpa frequency point #                    37
 Done with rirpa frequency point #                    38
 Done with rirpa frequency point #                    39
 Done with rirpa frequency point #                    40
 Done with rirpa frequency point #                    41
 Done with rirpa frequency point #                    42
 Done with rirpa frequency point #                    43
 Done with rirpa frequency point #                    44
 Done with rirpa frequency point #                    45
 Done with rirpa frequency point #                    46
 Done with rirpa frequency point #                    47
 Done with rirpa frequency point #                    48
 Done with rirpa frequency point #                    49
 Done with rirpa frequency point #                    50
 Done with rirpa frequency point #                    51
 Done with rirpa frequency point #                    52
 Done with rirpa frequency point #                    53
 Done with rirpa frequency point #                    54
 Done with rirpa frequency point #                    55
 Done with rirpa frequency point #                    56
 Done with rirpa frequency point #                    57
 Done with rirpa frequency point #                    58
 Done with rirpa frequency point #                    59
 Done with rirpa frequency point #                    60
 Done with rirpa frequency point #                    61
 Done with rirpa frequency point #                    62
 Done with rirpa frequency point #                    63
 Done with rirpa frequency point #                    64
 Done with rirpa frequency point #                    65
 Done with rirpa frequency point #                    66
 Done with rirpa frequency point #                    67
 Done with rirpa frequency point #                    68
 Done with rirpa frequency point #                    69
 Done with rirpa frequency point #                    70
 Done with rirpa frequency point #                    71
 Done with rirpa frequency point #                    72
 Done with rirpa frequency point #                    73
 Done with rirpa frequency point #                    74
 Done with rirpa frequency point #                    75
 Done with rirpa frequency point #                    76
 Done with rirpa frequency point #                    77
 Done with rirpa frequency point #                    78
 Done with rirpa frequency point #                    79
 Done with rirpa frequency point #                    80
 Done with rirpa frequency point #                    81
 Done with rirpa frequency point #                    82
 Done with rirpa frequency point #                    83
 Done with rirpa frequency point #                    84
 Done with rirpa frequency point #                    85
 Done with rirpa frequency point #                    86
 Done with rirpa frequency point #                    87
 Done with rirpa frequency point #                    88
 Done with rirpa frequency point #                    89
 Done with rirpa frequency point #                    90
 Done with rirpa frequency point #                    91
 Done with rirpa frequency point #                    92
 Done with rirpa frequency point #                    93
 Done with rirpa frequency point #                    94
 Done with rirpa frequency point #                    95
 Done with rirpa frequency point #                    96
 Done with rirpa frequency point #                    97
 Done with rirpa frequency point #                    98
 Done with rirpa frequency point #                    99
 Done with rirpa frequency point #                   100
 


 RI-RPA correlation energy: -0.6788000099776210E+00
 Allocatable memory for RI due to $ricore (MB):                  5000

 there are 1 real representations :   a   

 maximum number of shells which are related by symmetry :  1

  
           ------------------------
               RI-J - INFORMATION
           ------------------------
 Contributions to RI integral batches: 
  neglected integral batches:                  1343
  direct contribution:                            0
  memory contribution:                  5327

          ------------------------
          nuclear repulsion energy  :   31.2171710035    
          ------------------------


         -----------------
         -S,T+V- integrals
         -----------------

 1e-integrals will be neglected if expon. factor < 0.267094E-11


          ----------------
          -ecp-  integrals
          ----------------

                  --------------------------------------------------- 
                 |  HXX+RIRPA total energy     =   -114.57601618372  |
                  ---------------------------------------------------- 
                 :  RIRPA correlation energy   =     -0.67880000998  :
                 :  HXX total energy           =   -113.89721617374  :
                 :  Hartree energy             =     86.29507735564  :
                 :  Exact Exchange energy      =    -14.04136128171  :
                  .................................................... 


    ------------------------------------------------------------------------
    Rirpa profiling                cpu                    wall         ratio
    ------------------------------------------------------------------------
    module                         sec     %               sec     %
    ------------------------------------------------------------------------
    RIRPA                        96.3  100.00            8.1  100.00  11.9
    STARTUP                       3.5    3.63            0.3    3.54  12.2
    riccmos                       0.8    0.85            0.1    1.39   7.3
    riccaux                       2.1    2.15            0.1    1.69  15.0
    riccbound                     5.0    5.21            1.5   18.76   3.3
    ccmkbaoi                      5.1    5.32            0.3    3.33  19.0
    cc3idxnrm                     0.1    0.13            0.0    0.07  20.0
    ecrpa                        31.7   32.95            1.6   19.66  19.9
    rpa3idxget                    0.1    0.12            0.0    0.07  20.0
    qbuild                       27.8   28.86            1.4   17.14  20.0
    rparenrm                      2.1    2.15            0.1    1.38  18.5
    ehxx                         47.8   49.65            4.2   51.21  11.5
    ------------------------------------------------------------------------
    sum                         222.4  231.01           17.7  218.31  12.6
    ------------------------------------------------------------------------


    ------------------------------------------------------------------------
         total  cpu-time :  1 minutes and 37 seconds
         total wall-time :   8.19 seconds
    ------------------------------------------------------------------------

   ****  rirpa : all done  ****


    2020-08-03 14:57:17.392 

