
 ridft (riogrande) : TURBOMOLE rev. V7.4.1 (b987a8a8) compiled 15 Oct 2019 at 12:03:25
 Copyright (C) 2019 TURBOMOLE GmbH, Karlsruhe


    2020-07-20 18:20:08.159 



                                  r i d f t

                        DFT program with RI approximation 
                                for coulomb part 




                                                 
                                 References:     
                                                 
          TURBOMOLE:                             
              R. Ahlrichs, M. Baer, M. Haeser, H. Horn, and
              C. Koelmel
              Electronic structure calculations on workstation
              computers: the program system TURBOMOLE
              Chem. Phys. Lett. 162: 165 (1989)
          Density Functional:                              
              O. Treutler and R. Ahlrichs                      
              Efficient Molecular Numerical Integration Schemes
              J. Chem. Phys. 102: 346 (1995)                   
          Parallel Version:                                
              Performance of parallel TURBOMOLE for Density    
              Functional Calculations                          
              M. v. Arnim and R. Ahlrichs                      
              J. Comp. Chem. 19: 1746 (1998)                   
          RI-J Method:                                     
              Auxiliary Basis Sets to approximate Coulomb      
              Potentials                                       
              Chem. Phys. Lett. 240: 283 (1995)                
              K. Eichkorn, O. Treutler, H. Oehm, M. Haeser     
              and R. Ahlrichs                                  
              Chem. Phys. Lett. 242: 652 (1995)                
                                                           
              Auxiliary Basis Sets for Main Row Atoms and their
              Use to approximate Coulomb Potentials            
              K. Eichkorn, F. Weigend, O. Treutler and         
              R. Ahlrichs                                      
              Theo. Chem. Acc. 97: 119 (1997)                   
                                                           
              Accurate Coulomb-fitting basis sets for H to Rn 
              F. Weigend                                        
              Phys. Chem. Chem. Phys. 8: 1057 (2006)            
                                                           
          Multipole accelerated RI-J (MARI-J):             
              Fast evaluation of the Coulomb potential for     
              electron densities using multipole accelerated   
              resolution of identity approximation             
              M. Sierka, A. Hogekamp and R. Ahlrichs           
              J. Chem. Phys. 118: 9136 (2003)                  
          RI-JK Method:                                     
              A fully direct RI-HF algorithm: Implementation,
              optimised auxiliary basis sets, demonstration of
              accuracy and efficiency                         
              F. Weigend                                      
              Phys. Chem. Chem. Phys. 4: 4285 (2002)           
          Two-component HF and DFT with spin-orbit coupling:  
              Self-consistent treatment of spin-orbit         
              interactions with efficient Hartree-Fock and    
              density functional methods                      
              M. K. Armbruster, F. Weigend, C. van Wüllen and 
              W. Klopper                                      
              Phys. Chem. Chem. Phys. 10: 1748 (2008)         
          Two-component difference density and DIIS algorithm 
              Efficient two-component self-consistent field   
              procedures and gradients: implementation in     
              TURBOMOLE and application to Au20-              
              A. Baldes, F. Weigend                           
              Mol. Phys. 111: 2617 (2013)                     
          Relativistic all-electron 2c calculations           
              An efficient implementation of two-component    
              relativistic exact-decoupling methods for large 
              molecules                                       
              D. Peng, N. Middendorf, F. Weigend, M. Reiher   
              J. Chem. Phys. 138: 184105 (2013)               
          Finite nucleus model and SNSO approximation         
              Efficient implementation of one- and two-       
              component analytical energy gradients in exact  
              two-component theory                            
              Y. J. Franzke, N. Middendorf, F. Weigend        
              J. Chem. Phys. 148: 104110 (2018)               
                                         




              +--------------------------------------------------+
              |      general information about current run       |
              +--------------------------------------------------+

 

 DENSITY CONVERGENCE CHECK SWITCHED ON !
 SCF CONVERGENCE IF RMS(delta[D]) <     0.1000000000E-06

 PBE functional
 exchange:    LDA + PBE
 correlation: LDA (PW) + PBE
 A DFT calculation using the RI-J approximation will be carried out.
 Allocatable memory for RI due to $ricore (MB):                   500


              +--------------------------------------------------+
              | Atomic coordinate, charge and isotop information |
              +--------------------------------------------------+

                    atomic coordinates            atom    charge  isotop
          9.08817343    1.58175870    2.20996205    o      8.000     0
         10.50034028    0.44433106    0.80876398    c      6.000     0
         12.56305893    0.56003370    1.01420267    h      1.000     0
          9.78322879   -0.75397152   -0.73041289    h      1.000     0
 
       center of nuclear mass  :    9.79304847    1.01405904    1.51060960
       center of nuclear charge:    9.87835730    0.94538238    1.42600438

              +--------------------------------------------------+
              |               basis set information              |
              +--------------------------------------------------+

              we will work with the 1s 3p 5d 7f 9g ... basis set
              ...i.e. with spherical basis functions...

   type   atoms  prim   cont   basis
   ---------------------------------------------------------------------------
    o        1     50     30   cc-pVTZ   [4s3p2d1f|18s5p2d1f]
    c        1     50     30   cc-pVTZ   [4s3p2d1f|18s5p2d1f]
    h        2     16     14   cc-pVTZ   [3s2p1d|5s2p1d]
   ---------------------------------------------------------------------------
   total:    4    132     88
   ---------------------------------------------------------------------------

   total number of primitive shells          :   60
   total number of contracted shells         :   32
   total number of cartesian basis functions :  100
   total number of SCF-basis functions       :   88


 integral neglect threshold       :  0.33E-10
 integral storage threshold THIZE :  0.10E-04
 integral storage threshold THIME :         5

 RI-J AUXILIARY BASIS SET information:

              we will work with the 1s 3p 5d 7f 9g ... basis set
              ...i.e. with spherical basis functions...

   type   atoms  prim   cont   basis
   ---------------------------------------------------------------------------
    o        1     70     49   cc-pVTZ   [6s4p3d1f1g|12s5p4d2f1g]
    c        1     70     49   cc-pVTZ   [6s4p3d1f1g|12s5p4d2f1g]
    h        2     16     11   cc-pVTZ   [3s1p1d|5s2p1d]
   ---------------------------------------------------------------------------
   total:    4    172    120
   ---------------------------------------------------------------------------

   total number of primitive shells          :   56
   total number of contracted shells         :   40
   total number of cartesian basis functions :  146
   total number of SCF-basis functions       :  120


 symmetry group of the molecule :   c1 

 the group has the following generators :
   c1(z)

    1 symmetry operations found

 there are 1 real representations :   a   

 maximum number of shells which are related by symmetry :  1


    mo occupation :
   irrep   mo's   occupied
    a       88        8
 
 number of basis functions   :                     88
 number of occupied orbitals :                      8
 
  
           ------------------
           density functional
           ------------------
 PBE functional
 exchange:    LDA + PBE
 correlation: LDA (PW) + PBE

 spherical integration : Lebedev's spherical grid
 spherical gridsize    :                     5
    i.e. gridpoints    :                   590
 value for diffuse not defined
 radial integration    : Chebyshev 2nd kind (scaling 3)
 radial gridsize       :                     8
 integration cells     :                     4
 partition function    : becke
 partition sharpness   :                     3
  

 biggest AO integral is expected to be     4.866064444
  
           ------------------------
               RI-J - INFORMATION
           ------------------------
 Contributions to RI integral batches: 
  neglected integral batches:                     0
  direct contribution:                            0
  memory contribution:                   528
 Memory core needed for (P|Q) and Cholesky      1 MByte
 Memory core minimum needed except of (P|Q)     1 MByte
 Total minimum memory core needed (sum)         1 MByte
  
 ****************************************
 Memory allocated for RI-J     6 MByte
 ****************************************
                                            

          ------------------------
          nuclear repulsion energy  :   31.1983314531    
          ------------------------


         -----------------
         -S,T+V- integrals
         -----------------

 1e-integrals will be neglected if expon. factor < 0.334196E-11
 
   Difference densities algorithm switched on.
   The maximal number of linear combinations of
   difference densities is                    20 .

 DIIS switched on: error vector is FDS-SDF
 Max. Iterations for DIIS is     :   4
 DIIS matrix (see manual) 
    Scaling factor of diagonals  :  1.200
    threshold for scaling factor :  0.000

 scf convergence criterion : increment of total energy < .1000000D-06
                  and increment of one-electron energy < .1000000D-03

  MOs are in ASCII format !


 automatic virtual orbital shift switched on 
      shift if e(lumo)-e(homo) < 0.10000000    


 reading orbital data $scfmo  from file mos
 orbital characterization : expanded
 mo provided and orthogonalized by Cholesky decomposition

 DSCF restart information will be dumped onto file mos


 Starting SCF iterations

          Overall gridpoints after grid construction =         65135

 ITERATION  ENERGY          1e-ENERGY        2e-ENERGY     RMS[dD(SAO)]   TOL
   1  -113.79364030442    -216.25027819     71.258306429    0.000D+00 0.333D-10
                            Exc = -14.5333906582     Coul =  85.7916970872    
                              N = 16.000000102    
                            current damping = 0.300
 
          max. resid. norm for Fia-block=  4.306D-01 for orbital      7a         
          max. resid. fock norm         =  4.782D+00 for orbital     87a         

 ITERATION  ENERGY          1e-ENERGY        2e-ENERGY     RMS[dD(SAO)]   TOL
   2  -114.27224357456    -216.37089678     70.900321750    0.119D-01 0.222D-10
                            Exc = -14.4166562846     Coul =  85.3169780342    
                              N = 16.000000087    
                            current damping = 0.250
 
          Norm of current diis error:  1.8632    
          max. resid. norm for Fia-block=  1.465D-01 for orbital      3a         
          max. resid. fock norm         =  3.993D-01 for orbital     87a         

 ITERATION  ENERGY          1e-ENERGY        2e-ENERGY     RMS[dD(SAO)]   TOL
   3  -114.40298717019    -218.10792448     72.506605854    0.529D-02 0.195D-10
                            Exc = -14.6592362920     Coul =  87.1658421457    
                              N = 16.000000095    
                            current damping = 0.200
 
          Norm of current diis error: 0.45900    
          max. resid. norm for Fia-block=  4.841D-02 for orbital      8a         
          max. resid. fock norm         =  5.883D-02 for orbital     18a         

 ITERATION  ENERGY          1e-ENERGY        2e-ENERGY     RMS[dD(SAO)]   TOL
   4  -114.40685132354    -216.73294460     71.127761821    0.452D-02 0.161D-10
                            Exc = -14.4910877377     Coul =  85.6188495588    
                              N = 16.000000101    
                            current damping = 0.250
 
          Norm of current diis error: 0.38275    
          max. resid. norm for Fia-block=  1.603D-02 for orbital      8a         
          max. resid. fock norm         =  2.539D-02 for orbital     65a         

 ITERATION  ENERGY          1e-ENERGY        2e-ENERGY     RMS[dD(SAO)]   TOL
   5  -114.41383202498    -217.32445132     71.712287842    0.137D-02 0.159D-10
                            Exc = -14.5595922735     Coul =  86.2718801151    
                              N = 16.000000098    
                            current damping = 0.300
 
          Norm of current diis error: 0.31769E-01
          max. resid. norm for Fia-block=  2.184D-03 for orbital      3a         
          max. resid. fock norm         =  2.897D-03 for orbital     87a         
          mo-orthogonalization: Cholesky decomposition

 ITERATION  ENERGY          1e-ENERGY        2e-ENERGY     RMS[dD(SAO)]   TOL
   6  -114.41387221089    -217.33669208     71.724488411    0.109D-03 0.152D-10
                            Exc = -14.5620633049     Coul =  86.2865517162    
                              N = 16.000000099    
                            current damping = 0.150
 
          Norm of current diis error: 0.70658E-02
          max. resid. norm for Fia-block=  4.058D-04 for orbital      6a         
          max. resid. fock norm         =  5.898D-04 for orbital     66a         

 ITERATION  ENERGY          1e-ENERGY        2e-ENERGY     RMS[dD(SAO)]   TOL
   7  -114.41387459975    -217.35011277     71.737906713    0.229D-04 0.146D-10
                            Exc = -14.5637549090     Coul =  86.3016616217    
                              N = 16.000000099    
                            current damping = 0.100
 
          Norm of current diis error: 0.11072E-02
          max. resid. norm for Fia-block=  7.645D-05 for orbital      6a         
          max. resid. fock norm         =  9.034D-05 for orbital      6a         

 ITERATION  ENERGY          1e-ENERGY        2e-ENERGY     RMS[dD(SAO)]   TOL
   8  -114.41387465594    -217.34805852     71.735852408    0.862D-05 0.141D-10
                            Exc = -14.5634830781     Coul =  86.2993354861    
                              N = 16.000000099    
                            current damping = 0.150
 
          Norm of current diis error: 0.49992E-03
          max. resid. norm for Fia-block=  2.639D-05 for orbital      7a         
          max. resid. fock norm         =  3.658D-05 for orbital      6a         

 ITERATION  ENERGY          1e-ENERGY        2e-ENERGY     RMS[dD(SAO)]   TOL
   9  -114.41387466598    -217.34820120     71.735995076    0.133D-05 0.140D-10
                            Exc = -14.5635115635     Coul =  86.2995066394    
                              N = 16.000000099    
                            current damping = 0.200
 
          Norm of current diis error: 0.14903E-03
          max. resid. norm for Fia-block=  8.981D-06 for orbital      5a         
          max. resid. fock norm         =  1.056D-05 for orbital     36a         

 ITERATION  ENERGY          1e-ENERGY        2e-ENERGY     RMS[dD(SAO)]   TOL
  10  -114.41387466702    -217.34840792     71.736201797    0.609D-06 0.138D-10
                            Exc = -14.5635345052     Coul =  86.2997363027    
                              N = 16.000000099    
                            current damping = 0.100
 
          Norm of current diis error: 0.24802E-04
          max. resid. norm for Fia-block=  1.319D-06 for orbital      4a         
          max. resid. fock norm         =  1.472D-06 for orbital     35a         
          mo-orthogonalization: Cholesky decomposition

 ENERGY & DENSITY CONVERGED !


 ITERATION  ENERGY          1e-ENERGY        2e-ENERGY     RMS[dD(SAO)]   TOL
  11  -114.41387466705    -217.34838405     71.736177927    0.908D-07 0.135D-10
                            Exc = -14.5635320626     Coul =  86.2997099899    
                              N = 16.000000099    
                            current damping = 0.150
 
          Norm of current diis error: 0.27302E-05
          max. resid. norm for Fia-block=  1.727D-07 for orbital      7a         
          max. resid. fock norm         =  2.419D-07 for orbital     87a         

 End of SCF iterations

   convergence criteria satisfied after    11 iterations


                  ------------------------------------------ 
                 |  total energy      =   -114.41387466705  |
                  ------------------------------------------ 
                 :  kinetic energy    =    113.76372977751  :
                 :  potential energy  =   -228.17760444455  :
                 :  virial theorem    =      1.99431760447  :
                 :  wavefunction norm =      1.00000000000  :
                  .......................................... 


 <geterg> : there is no data group $energy 


 <skperg> : $end is missing 


 orbitals $scfmo  will be written to file mos

    irrep                  4a          5a          6a          7a          8a   
 eigenvalues H         -0.57803    -0.44510    -0.39813    -0.36458    -0.22458
            eV         -15.7291    -12.1120    -10.8338     -9.9209     -6.1111
 occupation              2.0000      2.0000      2.0000      2.0000      2.0000

    irrep                  9a         10a         11a         12a         13a   
 eigenvalues H         -0.09334     0.03014     0.08886     0.12200     0.25676
            eV          -2.5399      0.8203      2.4181      3.3198      6.9868
 
 
 
 
 ==============================================================================
                           electrostatic moments
 ==============================================================================

 reference point for electrostatic moments:    0.00000   0.00000   0.00000

 
              nuc           elec       ->  total
 ------------------------------------------------------------------------------
                          charge      
 ------------------------------------------------------------------------------
          16.000000     -16.000000       0.000000
 
 ------------------------------------------------------------------------------
                       dipole moment  
 ------------------------------------------------------------------------------
   x     158.053717    -157.530498       0.523218
   y      15.126118     -15.547135      -0.421017
   z      22.816070     -23.334716      -0.518646
 
   | dipole moment | =     0.8485 a.u. =     2.1568 debye 
 
 ------------------------------------------------------------------------------
                     quadrupole moment
 ------------------------------------------------------------------------------
  xx    1575.844062   -1574.327512       1.516550
  yy      22.082376     -31.633293      -9.550917
  zz      44.558163     -54.844902     -10.286739
  xy     142.655604    -146.205772      -3.550169
  xz     217.225621    -221.462968      -4.237347
  yz      31.239866     -32.454449      -1.214583
 
     1/3  trace=      -6.107035
     anisotropy=      15.075676
 
 ==============================================================================
 
HOMO-LUMO Separation
 HOMO         :   -0.22457790 H =     -6.11108 eV
 LUMO         :   -0.09333997 H =     -2.53991 eV
 HOMO-LUMO gap:    0.13123793 H =     +3.57117 eV
 
 ==============================================================================


    ------------------------------------------------------------------------
         total  cpu-time :   3.21 seconds
         total wall-time :   3.21 seconds
    ------------------------------------------------------------------------

   ****  ridft : all done  ****


    2020-07-20 18:20:11.360 

