
 ridft (tigris) : TURBOMOLE rev. V7.4.1 (b987a8a8) compiled 15 Oct 2019 at 12:03:25
 Copyright (C) 2019 TURBOMOLE GmbH, Karlsruhe


    2020-08-30 23:36:23.174 



                                  r i d f t

                        DFT program with RI approximation 
                                for coulomb part 




                                                 
                                 References:     
                                                 
          TURBOMOLE:                             
              R. Ahlrichs, M. Baer, M. Haeser, H. Horn, and
              C. Koelmel
              Electronic structure calculations on workstation
              computers: the program system TURBOMOLE
              Chem. Phys. Lett. 162: 165 (1989)
          Density Functional:                              
              O. Treutler and R. Ahlrichs                      
              Efficient Molecular Numerical Integration Schemes
              J. Chem. Phys. 102: 346 (1995)                   
          Parallel Version:                                
              Performance of parallel TURBOMOLE for Density    
              Functional Calculations                          
              M. v. Arnim and R. Ahlrichs                      
              J. Comp. Chem. 19: 1746 (1998)                   
          RI-J Method:                                     
              Auxiliary Basis Sets to approximate Coulomb      
              Potentials                                       
              Chem. Phys. Lett. 240: 283 (1995)                
              K. Eichkorn, O. Treutler, H. Oehm, M. Haeser     
              and R. Ahlrichs                                  
              Chem. Phys. Lett. 242: 652 (1995)                
                                                           
              Auxiliary Basis Sets for Main Row Atoms and their
              Use to approximate Coulomb Potentials            
              K. Eichkorn, F. Weigend, O. Treutler and         
              R. Ahlrichs                                      
              Theo. Chem. Acc. 97: 119 (1997)                   
                                                           
              Accurate Coulomb-fitting basis sets for H to Rn 
              F. Weigend                                        
              Phys. Chem. Chem. Phys. 8: 1057 (2006)            
                                                           
          Multipole accelerated RI-J (MARI-J):             
              Fast evaluation of the Coulomb potential for     
              electron densities using multipole accelerated   
              resolution of identity approximation             
              M. Sierka, A. Hogekamp and R. Ahlrichs           
              J. Chem. Phys. 118: 9136 (2003)                  
          RI-JK Method:                                     
              A fully direct RI-HF algorithm: Implementation,
              optimised auxiliary basis sets, demonstration of
              accuracy and efficiency                         
              F. Weigend                                      
              Phys. Chem. Chem. Phys. 4: 4285 (2002)           
          Two-component HF and DFT with spin-orbit coupling:  
              Self-consistent treatment of spin-orbit         
              interactions with efficient Hartree-Fock and    
              density functional methods                      
              M. K. Armbruster, F. Weigend, C. van Wüllen and 
              W. Klopper                                      
              Phys. Chem. Chem. Phys. 10: 1748 (2008)         
          Two-component difference density and DIIS algorithm 
              Efficient two-component self-consistent field   
              procedures and gradients: implementation in     
              TURBOMOLE and application to Au20-              
              A. Baldes, F. Weigend                           
              Mol. Phys. 111: 2617 (2013)                     
          Relativistic all-electron 2c calculations           
              An efficient implementation of two-component    
              relativistic exact-decoupling methods for large 
              molecules                                       
              D. Peng, N. Middendorf, F. Weigend, M. Reiher   
              J. Chem. Phys. 138: 184105 (2013)               
          Finite nucleus model and SNSO approximation         
              Efficient implementation of one- and two-       
              component analytical energy gradients in exact  
              two-component theory                            
              Y. J. Franzke, N. Middendorf, F. Weigend        
              J. Chem. Phys. 148: 104110 (2018)               
                                         




              +--------------------------------------------------+
              |      general information about current run       |
              +--------------------------------------------------+

 

 DENSITY CONVERGENCE CHECK SWITCHED ON !
 SCF CONVERGENCE IF RMS(delta[D]) <     0.1000000000E-06

 PBE functional
 exchange:    LDA + PBE
 correlation: LDA (PW) + PBE
 A DFT calculation using the RI-J approximation will be carried out.
 Allocatable memory for RI due to $ricore (MB):                   500


              +--------------------------------------------------+
              | Atomic coordinate, charge and isotop information |
              +--------------------------------------------------+

                    atomic coordinates            atom    charge  isotop
         -5.88211879   11.88491819    2.31866456    s     16.000     0
         -8.18022701   10.95619985    1.83940856    h      1.000     0
         -5.08172874   12.66714386   -0.92419492    c      6.000     0
         -3.18311711   13.44626574   -0.86977614    h      1.000     0
         -5.07177400   10.99164969   -2.10739192    h      1.000     0
         -6.35955321   14.08073003   -1.68204314    h      1.000     0
 
       center of nuclear mass  :   -5.66690581   12.12076783    1.25559071
       center of nuclear charge:   -5.66919017   12.13986152    1.10514080

              +--------------------------------------------------+
              |               basis set information              |
              +--------------------------------------------------+

              we will work with the 1s 3p 5d 7f 9g ... basis set
              ...i.e. with spherical basis functions...

   type   atoms  prim   cont   basis
   ---------------------------------------------------------------------------
    s        1    105     70   def2-QZVP   [9s6p4d2f1g|20s14p4d2f1g]
    h        4     33     30   def2-QZVP   [4s3p2d1f|7s3p2d1f]
    c        1     77     57   def2-QZVP   [7s4p3d2f1g|15s8p3d2f1g]
   ---------------------------------------------------------------------------
   total:    6    314    247
   ---------------------------------------------------------------------------

   total number of primitive shells          :   83
   total number of contracted shells         :   79
   total number of cartesian basis functions :  298
   total number of SCF-basis functions       :  247


 integral neglect threshold       :  0.11E-10
 integral storage threshold THIZE :  0.10E-04
 integral storage threshold THIME :         5

 RI-J AUXILIARY BASIS SET information:

              we will work with the 1s 3p 5d 7f 9g ... basis set
              ...i.e. with spherical basis functions...

   type   atoms  prim   cont   basis
   ---------------------------------------------------------------------------
    s        1     77     51   def2-QZVP   [8s4p3d1f1g|14s5p5d2f1g]
    h        4     16     11   def2-QZVP   [3s1p1d|5s2p1d]
    c        1     70     49   def2-QZVP   [6s4p3d1f1g|12s5p4d2f1g]
   ---------------------------------------------------------------------------
   total:    6    211    144
   ---------------------------------------------------------------------------

   total number of primitive shells          :   59
   total number of contracted shells         :   52
   total number of cartesian basis functions :  172
   total number of SCF-basis functions       :  144


 symmetry group of the molecule :   c1 

 the group has the following generators :
   c1(z)

    1 symmetry operations found

 there are 1 real representations :   a   

 maximum number of shells which are related by symmetry :  1


    mo occupation :
   irrep   mo's   occupied
    a      247       13
 
 number of basis functions   :                    247
 number of occupied orbitals :                     13
 
  
           ------------------
           density functional
           ------------------
 PBE functional
 exchange:    LDA + PBE
 correlation: LDA (PW) + PBE

 spherical integration : Lebedev's spherical grid
 spherical gridsize    :                     5
    i.e. gridpoints    :                   590
 value for diffuse not defined
 radial integration    : Chebyshev 2nd kind (scaling 3)
 radial gridsize       :                     8
 integration cells     :                     6
 partition function    : becke
 partition sharpness   :                     3
  

 biggest AO integral is expected to be    11.378194954
  
           ------------------------
               RI-J - INFORMATION
           ------------------------
 Contributions to RI integral batches: 
  neglected integral batches:                   122
  direct contribution:                            0
  memory contribution:                  3038
 Memory core needed for (P|Q) and Cholesky      1 MByte
 Memory core minimum needed except of (P|Q)     1 MByte
 Total minimum memory core needed (sum)         1 MByte
  
 ****************************************
 Memory allocated for RI-J    58 MByte
 ****************************************
                                            

          ------------------------
          nuclear repulsion energy  :   56.4476538025    
          ------------------------

  _________________________________
 |                                 |
 |         DFTD3 V3.1 Rev 0        |
 | S.Grimme, University Bonn       |
 |            June  2014           |
 |   see standalone version        |
 |       dftd3 -h for options      |
 |_________________________________|
 
 Please cite DFT-D3 work done with this code as:
 S. Grimme, J. Antony, S. Ehrlich and H. Krieg,
 J. Chem. Phys, 132 (2010), 154104.
 If used with BJ-damping cite also
 S. Grimme, S. Ehrlich and L. Goerigk,
 J. Comput. Chem. 32 (2011), 1456-1465
 For DFT-D2 the reference is
 S. Grimme, J. Comput. Chem., 27 (2006), 1787-1799
 
C6 coefficients used:
                     2  C6 for element                      1
Z=  1 CN= 0.912     C6(AA)=    3.03
Z=  1 CN= 0.000     C6(AA)=    7.59
                     5  C6 for element                      6
Z=  6 CN= 0.000     C6(AA)=   49.11
Z=  6 CN= 0.987     C6(AA)=   43.25
Z=  6 CN= 1.998     C6(AA)=   29.36
Z=  6 CN= 2.999     C6(AA)=   25.78
Z=  6 CN= 3.984     C6(AA)=   18.21
                     3  C6 for element                     16
Z= 16 CN= 0.000     C6(AA)=  134.01
Z= 16 CN= 0.995     C6(AA)=  131.00
Z= 16 CN= 1.990     C6(AA)=  125.81

#           XYZ [au]              R0(AA) [Ang.]  CN          C6(AA)     C8(AA)   C10(AA) [au]
  1  -5.88212  11.88492   2.31866   s   0.794  2.036       125.9      6166.9    370101.4
  2  -8.18023  10.95620   1.83941   h   0.395  0.997         3.1        37.4       553.5
  3  -5.08173  12.66714  -0.92419   c   0.610  3.974        18.4       530.8     18805.2
  4  -3.18312  13.44627  -0.86978   h   0.395  1.014         3.1        37.3       552.1
  5  -5.07177  10.99165  -2.10739   h   0.395  1.008         3.1        37.3       552.6
  6  -6.35955  14.08073  -1.68204   h   0.395  1.008         3.1        37.3       552.6

molecular C6(AA) [au] =       505.43

           DFT-D V3(BJ)
 DF pbe                                               
 parameters
 s6       :    1.0000
 s8       :    0.7875
 a1       :    0.4289
 a2       :    4.4407
 k1-k3    :   16.0000    1.3333   -4.0000
 
 Edisp /kcal,au:    -1.8907 -0.00301296

 E6    /kcal :    -1.3141
 E8    /kcal :    -0.5765
 % E8        : 30.49
 nuclear repulsion energy                  =      56.447653803
 empirical dispersive energy correction    =      -0.003012964
 nuclear repulsion + dispersion correction =      56.444640839


         -----------------
         -S,T+V- integrals
         -----------------

 1e-integrals will be neglected if expon. factor < 0.112146E-11
 
   Difference densities algorithm switched on.
   The maximal number of linear combinations of
   difference densities is                    20 .

 DIIS switched on: error vector is FDS-SDF
 Max. Iterations for DIIS is     :   4
 DIIS matrix (see manual) 
    Scaling factor of diagonals  :  1.200
    threshold for scaling factor :  0.000

 scf convergence criterion : increment of total energy < .1000000D-06
                  and increment of one-electron energy < .1000000D-03

  MOs are in ASCII format !


 automatic virtual orbital shift switched on 
      shift if e(lumo)-e(homo) < 0.10000000    


 reading orbital data $scfmo  from file mos
 orbital characterization : scfconv=7

 DSCF restart information will be dumped onto file mos


 Starting SCF iterations

          Overall gridpoints after grid construction =         93277

 ITERATION  ENERGY          1e-ENERGY        2e-ENERGY     RMS[dD(SAO)]   TOL
   1  -438.51509150381    -715.72219950     220.76246716    0.000D+00 0.112D-10
                            Exc = -32.3534116929     Coul =  253.115878853    
                              N = 25.999999930    
                            current damping = 0.300
 
          max. resid. norm for Fia-block=  1.606D-06 for orbital      4a         
          max. resid. fock norm         =  2.221D-06 for orbital    146a         

 ITERATION  ENERGY          1e-ENERGY        2e-ENERGY     RMS[dD(SAO)]   TOL
   2  -438.51509150383    -715.72221871     220.76248636    0.432D-07 0.709D-11
                            Exc = -32.3534111815     Coul =  253.115897544    
                              N = 25.999999930    
                            current damping = 0.300
 
          Norm of current diis error: 0.17725E-04
          max. resid. norm for Fia-block=  6.313D-07 for orbital     12a         
          max. resid. fock norm         =  9.158D-07 for orbital    215a         

 ENERGY & DENSITY CONVERGED !


 ITERATION  ENERGY          1e-ENERGY        2e-ENERGY     RMS[dD(SAO)]   TOL
   3  -438.51509150387    -715.72220173     220.76246938    0.172D-07 0.666D-11
                            Exc = -32.3534103246     Coul =  253.115879708    
                              N = 25.999999930    
                            current damping = 0.350
 
          Norm of current diis error: 0.30709E-05
          max. resid. norm for Fia-block=  1.518D-07 for orbital      4a         
          max. resid. fock norm         =  1.783D-07 for orbital      4a         

 End of SCF iterations

   convergence criteria satisfied after     3 iterations


                  ------------------------------------------ 
                 |  total energy      =   -438.51509150387  |
                  ------------------------------------------ 
                 :  kinetic energy    =    437.76534983082  :
                 :  potential energy  =   -876.28044133469  :
                 :  virial theorem    =      1.99829027167  :
                 :  wavefunction norm =      1.00000000000  :
                  .......................................... 


 orbitals $scfmo  will be written to file mos

    irrep                  9a         10a         11a         12a         13a   
 eigenvalues H         -0.40722    -0.38697    -0.35336    -0.29839    -0.20491
            eV         -11.0810    -10.5300     -9.6156     -8.1197     -5.5759
 occupation              2.0000      2.0000      2.0000      2.0000      2.0000

    irrep                 14a         15a         16a         17a         18a   
 eigenvalues H         -0.02361     0.00416     0.03667     0.05914     0.06069
            eV          -0.6426      0.1132      0.9979      1.6092      1.6514
 
 
 
 
 ==============================================================================
                           electrostatic moments
 ==============================================================================

 reference point for electrostatic moments:    0.00000   0.00000   0.00000

 
              nuc           elec       ->  total
 ------------------------------------------------------------------------------
                          charge      
 ------------------------------------------------------------------------------
          26.000000     -26.000000      -0.000000
 
 ------------------------------------------------------------------------------
                       dipole moment  
 ------------------------------------------------------------------------------
   x    -147.398944     147.287914      -0.111031
   y     315.636400    -315.605063       0.031336
   z      28.733661     -29.330223      -0.596562
 
   | dipole moment | =     0.6076 a.u. =     1.5444 debye 
 
 ------------------------------------------------------------------------------
                     quadrupole moment
 ------------------------------------------------------------------------------
  xx     851.748103    -864.906704     -13.158601
  yy    3842.683388   -3858.242272     -15.558884
  zz     102.554407    -119.517985     -16.963578
  xy   -1782.481500    1782.046802      -0.434699
  xz    -180.932441     183.816505       2.884064
  yz     332.282335    -339.809549      -7.527213
 
     1/3  trace=     -15.227021
     anisotropy=      14.373704
 
 ==============================================================================
 
HOMO-LUMO Separation
 HOMO         :   -0.20491069 H =     -5.57591 eV
 LUMO         :   -0.02361443 H =     -0.64258 eV
 HOMO-LUMO gap:    0.18129626 H =     +4.93333 eV
 
 ==============================================================================


    ------------------------------------------------------------------------
         total  cpu-time :   4.52 seconds
         total wall-time :   4.52 seconds
    ------------------------------------------------------------------------

   ****  ridft : all done  ****


    2020-08-30 23:36:27.685 

 ridft ended normally
