           SMPCPUS    set: Shared-memory Parallelization with  10 CPUs.

           SMP Parallelization Reference:
           C. van Wullen, J. Comput. Chem. 32 (2011) 1195--1201

 ridft (c-12-29) : TURBOMOLE rev. V7.5.0 compiled 13 Jun 2020 at 23:29:25
 Copyright (C) 2020 TURBOMOLE GmbH, Karlsruhe


    2020-12-12 20:39:37.753 



                                  r i d f t

                        DFT program with RI approximation 
                                for coulomb part 




                                                 
                                 References:     
                                                 
          TURBOMOLE:                             
              R. Ahlrichs, M. Baer, M. Haeser, H. Horn, and
              C. Koelmel
              Electronic structure calculations on workstation
              computers: the program system TURBOMOLE
              Chem. Phys. Lett. 162: 165 (1989)
          Density Functional:                              
              O. Treutler and R. Ahlrichs                      
              Efficient Molecular Numerical Integration Schemes
              J. Chem. Phys. 102: 346 (1995)                   
          Parallel Version:                                
              Performance of parallel TURBOMOLE for Density    
              Functional Calculations                          
              M. v. Arnim and R. Ahlrichs                      
              J. Comp. Chem. 19: 1746 (1998)                   
          RI-J Method:                                     
              Auxiliary Basis Sets to approximate Coulomb      
              Potentials                                       
              Chem. Phys. Lett. 240: 283 (1995)                
              K. Eichkorn, O. Treutler, H. Oehm, M. Haeser     
              and R. Ahlrichs                                  
              Chem. Phys. Lett. 242: 652 (1995)                
                                                           
              Auxiliary Basis Sets for Main Row Atoms and their
              Use to approximate Coulomb Potentials            
              K. Eichkorn, F. Weigend, O. Treutler and         
              R. Ahlrichs                                      
              Theo. Chem. Acc. 97: 119 (1997)                   
                                                           
              Accurate Coulomb-fitting basis sets for H to Rn 
              F. Weigend                                        
              Phys. Chem. Chem. Phys. 8: 1057 (2006)            
                                                           
          Multipole accelerated RI-J (MARI-J):             
              Fast evaluation of the Coulomb potential for     
              electron densities using multipole accelerated   
              resolution of identity approximation             
              M. Sierka, A. Hogekamp and R. Ahlrichs           
              J. Chem. Phys. 118: 9136 (2003)                  
          RI-JK Method:                                     
              A fully direct RI-HF algorithm: Implementation,
              optimised auxiliary basis sets, demonstration of
              accuracy and efficiency                         
              F. Weigend                                      
              Phys. Chem. Chem. Phys. 4: 4285 (2002)           
          Two-component HF and DFT with spin-orbit coupling:  
              Self-consistent treatment of spin-orbit         
              interactions with efficient Hartree-Fock and    
              density functional methods                      
              M. K. Armbruster, F. Weigend, C. van Wüllen and 
              W. Klopper                                      
              Phys. Chem. Chem. Phys. 10: 1748 (2008)         
          Two-component difference density and DIIS algorithm 
              Efficient two-component self-consistent field   
              procedures and gradients: implementation in     
              TURBOMOLE and application to Au20-              
              A. Baldes, F. Weigend                           
              Mol. Phys. 111: 2617 (2013)                     
          Relativistic all-electron 2c calculations           
              An efficient implementation of two-component    
              relativistic exact-decoupling methods for large 
              molecules                                       
              D. Peng, N. Middendorf, F. Weigend, M. Reiher   
              J. Chem. Phys. 138: 184105 (2013)               
          Finite nucleus model and SNSO approximation         
              Efficient implementation of one- and two-       
              component analytical energy gradients in exact  
              two-component theory                            
              Y. J. Franzke, N. Middendorf, F. Weigend        
              J. Chem. Phys. 148: 104110 (2018)               
          Grids for all-electron relativistic methods         
              Error-consistent segmented contracted all-      
              electron relativistic basis sets of double-     
              and triple-zeta quality for NMR shielding       
              constants                                       
              Y. J. Franzke, R. Tress, T. M. Pazdera,         
              F. Weigend                                      
              Phys. Chem. Chem. Phys. 21: 166658 (2019)       
          Seminumerical exchange algorithms                   
              Seminumerical calculation of the Hartree-Fock   
              exchange matirx: Application to two-component   
              procedures and efficient evaluation of local    
              hybrid functionsl                               
              P. Plessow, F. Weigend,                         
              J. Comput. Chem. 33: 810 (2012)                 
          Improved seminumerical algorithms                   
              C. Holzer, in preparation (2020)                
                                         




              +--------------------------------------------------+
              |      general information about current run       |
              +--------------------------------------------------+

 

 DENSITY CONVERGENCE CHECK SWITCHED ON !
 SCF CONVERGENCE IF RMS(delta[D]) <     0.1000000000E-06

 TPSS meta-GGA functional
 exchange:    LDA + TPSS
 correlation: LDA (PW) + TPSS
 A DFT calculation using the RI-J approximation will be carried out.
 Allocatable memory for RI due to $ricore (MB):                  5000


              +--------------------------------------------------+
              | Atomic coordinate, charge and isotop information |
              +--------------------------------------------------+

                    atomic coordinates            atom    charge  isotop
         -0.18855525   -0.09299929   -0.09412689    c      0.000     0
         -1.53518235    1.45402691   -0.10169520    h      0.000     0
         -0.73061756   -1.46251230    1.33370845    h      0.000     0
          1.68289912    0.63053325    0.33111986    h      0.000     0
         -0.16974744   -0.99054160   -1.93859631    h      0.000     0
         -1.99375517   -5.80629287   -1.13705932    f      9.000     0
         -2.78092477   -8.29068845   -1.57863710    f      9.000     0
 
       center of nuclear mass  :   -1.73454823   -4.98351954   -0.98266250
       center of nuclear charge:   -2.38733997   -7.04849066   -1.35784821

              +--------------------------------------------------+
              |               basis set information              |
              +--------------------------------------------------+

              we will work with the 1s 3p 5d 7f 9g ... basis set
              ...i.e. with spherical basis functions...

   type   atoms  prim   cont   basis
   ---------------------------------------------------------------------------
    c        1     50     30   cc-pVTZ   [4s3p2d1f|18s5p2d1f]
    h        4     16     14   cc-pVTZ   [3s2p1d|5s2p1d]
    f        2     50     30   cc-pVTZ   [4s3p2d1f|18s5p2d1f]
   ---------------------------------------------------------------------------
   total:    7    214    146
   ---------------------------------------------------------------------------

   total number of primitive shells          :   60
   total number of contracted shells         :   54
   total number of cartesian basis functions :  165
   total number of SCF-basis functions       :  146


 integral neglect threshold       :  0.20E-10
 integral storage threshold THIZE :  0.10E-04
 integral storage threshold THIME :         5

 RI-J AUXILIARY BASIS SET information:

              we will work with the 1s 3p 5d 7f 9g ... basis set
              ...i.e. with spherical basis functions...

   type   atoms  prim   cont   basis
   ---------------------------------------------------------------------------
    c        1     70     49   cc-pVTZ   [6s4p3d1f1g|12s5p4d2f1g]
    h        4     16     11   cc-pVTZ   [3s1p1d|5s2p1d]
    f        2     70     49   cc-pVTZ   [6s4p3d1f1g|12s5p4d2f1g]
   ---------------------------------------------------------------------------
   total:    7    274    191
   ---------------------------------------------------------------------------

   total number of primitive shells          :   56
   total number of contracted shells         :   65
   total number of cartesian basis functions :  231
   total number of SCF-basis functions       :  191


 symmetry group of the molecule :   c1 

 the group has the following generators :
   c1(z)

    1 symmetry operations found

 there are 1 real representations :   a   

 maximum number of shells which are related by symmetry :  1

  
           ------------------
           density functional
           ------------------
 Dummy atoms with grid-point found.
 DFT quadrature threshold dgrenze tightened by factor 1/10.

 TPSS meta-GGA functional
 exchange:    LDA + TPSS
 correlation: LDA (PW) + TPSS
 Dummy atoms with grid-point found.
 DFT quadrature threshold dgrenze tightened by factor 1/10.

 Dummy atoms with grid-point found.
 DFT quadrature threshold dgrenze tightened by factor 1/10.


 spherical integration : Lebedev's spherical grid
 spherical gridsize    :                     5
    i.e. gridpoints    :                   590
 value for diffuse not defined
 radial integration    : Chebyshev 2nd kind (scaling 3)
 radial gridsize       :                     8
 integration cells     :                     7
 partition function    : becke
 partition sharpness   :                     3
  
 found dummy atom(s) with basis: included in dft

 biggest AO integral is expected to be     5.499692413

          ------------------------
          nuclear repulsion energy  :   30.6439228983    
          ------------------------


         -----------------
         -S,T+V- integrals
         -----------------

 1e-integrals will be neglected if expon. factor < 0.202543E-11
 
   Difference densities algorithm switched on.
   The maximal number of linear combinations of
   difference densities is                    20 .

 DIIS switched on: error vector is FDS-SDF
 Max. Iterations for DIIS is     :   4
 DIIS matrix (see manual) 
    Scaling factor of diagonals  :  1.200
    threshold for scaling factor :  0.000

 scf convergence criterion : increment of total energy < .1000000D-06
                  and increment of one-electron energy < .1000000D-03

 MOs are in ASCII format !


    mo occupation :
   irrep   mo's   occupied
    a      146        9
 
 number of basis functions   :   146
 number of occupied orbitals :     9
 

 reading orbital data $scfmo  from file mos
 orbital characterization : scfconv=7
 mo-orthogonalization by Cholesky decomposition

 automatic virtual orbital shift switched on 
      shift if e(lumo)-e(homo) < 0.10000000    

  
           ------------------------
               RI-J - INFORMATION
           ------------------------
 Contributions to RI integral batches: 
  neglected integral batches:                   224
  direct contribution:                            0
  memory contribution:                  1261
 Memory core needed for (P|Q) and Cholesky      1 MByte
 Memory core minimum needed except of (P|Q)     1 MByte
 Total minimum memory core needed (sum)         1 MByte
  
 ****************************************
 Memory allocated for RI-J    20 MByte
 ****************************************
                                            

 DSCF restart information will be dumped onto file mos


 Starting SCF iterations

          Overall gridpoints after grid construction =        110861

 ITERATION  ENERGY          1e-ENERGY        2e-ENERGY     RMS[dD(SAO)]   TOL
   1  -199.60704074126    -339.17244872     108.92148509    0.000D+00 0.202D-10
                            Exc = -20.7721938597     Coul =  129.693678945    
                              N = 18.000000010    
                            current damping = 0.300
 
          max. resid. norm for Fia-block=  4.207D-02 for orbital      1a         
          max. resid. fock norm         =  4.678D-02 for orbital      1a         

 ITERATION  ENERGY          1e-ENERGY        2e-ENERGY     RMS[dD(SAO)]   TOL
   2  -199.60755393371    -339.29856998     109.04709315    0.249D-03 0.128D-10
                            Exc = -20.7982116890     Coul =  129.845304834    
                              N = 18.000000010    
                            current damping = 0.250
 
          Norm of current diis error: 0.25328E-01
          max. resid. norm for Fia-block=  8.129D-03 for orbital      2a         
          max. resid. fock norm         =  1.485D-02 for orbital    113a         

 ITERATION  ENERGY          1e-ENERGY        2e-ENERGY     RMS[dD(SAO)]   TOL
   3  -199.60757793478    -339.21549080     108.96398997    0.621D-04 0.112D-10
                            Exc = -20.7883967789     Coul =  129.752386744    
                              N = 18.000000010    
                            current damping = 0.200
 
          Norm of current diis error: 0.13487E-01
          max. resid. norm for Fia-block=  2.064D-03 for orbital      1a         
          max. resid. fock norm         =  2.339D-03 for orbital      1a         

 ITERATION  ENERGY          1e-ENERGY        2e-ENERGY     RMS[dD(SAO)]   TOL
   4  -199.60759343739    -339.25911242     109.00759609    0.387D-04 0.104D-10
                            Exc = -20.7948223101     Coul =  129.802418397    
                              N = 18.000000010    
                            current damping = 0.250
 
          Norm of current diis error: 0.24772E-02
          max. resid. norm for Fia-block=  4.202D-04 for orbital      5a         
          max. resid. fock norm         =  5.450D-04 for orbital    139a         

 ITERATION  ENERGY          1e-ENERGY        2e-ENERGY     RMS[dD(SAO)]   TOL
   5  -199.60759250938    -339.25946030     109.00794489    0.110D-04 0.101D-10
                            Exc = -20.7949540520     Coul =  129.802898945    
                              N = 18.000000010    
                            current damping = 0.300
 
          Norm of current diis error: 0.45465E-02
          max. resid. norm for Fia-block=  1.970D-04 for orbital      5a         
          max. resid. fock norm         =  2.440D-04 for orbital    139a         
          mo-orthogonalization: Cholesky decomposition

 ITERATION  ENERGY          1e-ENERGY        2e-ENERGY     RMS[dD(SAO)]   TOL
   6  -199.60759368215    -339.25876972     109.00725314    0.495D-05 0.101D-10
                            Exc = -20.7948725968     Coul =  129.802125737    
                              N = 18.000000010    
                            current damping = 0.350
 
          Norm of current diis error: 0.14562E-02
          max. resid. norm for Fia-block=  9.171D-05 for orbital      5a         
          max. resid. fock norm         =  1.120D-04 for orbital    139a         

 ITERATION  ENERGY          1e-ENERGY        2e-ENERGY     RMS[dD(SAO)]   TOL
   7  -199.60759381581    -339.25836039     109.00684368    0.220D-05 0.959D-11
                            Exc = -20.7948111513     Coul =  129.801654828    
                              N = 18.000000010    
                            current damping = 0.200
 
          Norm of current diis error: 0.88005E-04
          max. resid. norm for Fia-block=  6.058D-06 for orbital      5a         
          max. resid. fock norm         =  1.026D-05 for orbital    146a         

 ENERGY & DENSITY CONVERGED !


 ITERATION  ENERGY          1e-ENERGY        2e-ENERGY     RMS[dD(SAO)]   TOL
   8  -199.60759381627    -339.25840251     109.00688579    0.144D-06 0.887D-11
                            Exc = -20.7948151055     Coul =  129.801700899    
                              N = 18.000000010    
                            current damping = 0.250
 
          Norm of current diis error: 0.12364E-04
          max. resid. norm for Fia-block=  1.167D-06 for orbital      4a         
          max. resid. fock norm         =  1.922D-06 for orbital     77a         

 End of SCF iterations

   convergence criteria satisfied after     8 iterations


                  ------------------------------------------ 
                 |  total energy      =   -199.60759381627  |
                  ------------------------------------------ 
                 :  kinetic energy    =    198.82201941624  :
                 :  potential energy  =   -398.42961323251  :
                 :  virial theorem    =      1.99606440624  :
                 :  wavefunction norm =      1.00000000000  :
                  .......................................... 


 orbitals $scfmo  will be written to file mos

    irrep                  5a          6a          7a          8a          9a   
 eigenvalues H         -0.55980    -0.47417    -0.47413    -0.34433    -0.34424
            eV         -15.2331    -12.9029    -12.9018     -9.3697     -9.3672
 occupation              2.0000      2.0000      2.0000      2.0000      2.0000

    irrep                 10a         11a         12a         13a         14a   
 eigenvalues H         -0.18775     0.06376     0.16525     0.17682     0.18926
            eV          -5.1089      1.7350      4.4968      4.8116      5.1500
 
 
 
 
 ==============================================================================
                           electrostatic moments
 ==============================================================================

 reference point for electrostatic moments:    0.00000   0.00000   0.00000

 
              nuc           elec       ->  total
 ------------------------------------------------------------------------------
                          charge      
 ------------------------------------------------------------------------------
          18.000000     -18.000000       0.000000
 
 ------------------------------------------------------------------------------
                       dipole moment  
 ------------------------------------------------------------------------------
   x     -42.972119      42.966894      -0.005225
   y    -126.872832     126.857173      -0.015659
   z     -24.441268      24.438105      -0.003162
 
   | dipole moment | =     0.0168 a.u. =     0.0427 debye 
 
 ------------------------------------------------------------------------------
                     quadrupole moment
 ------------------------------------------------------------------------------
  xx     105.377420    -112.408335      -7.030915
  yy     922.036966    -928.405788      -6.368821
  zz      34.064991     -41.158117      -7.093126
  xy     311.688966    -311.451834       0.237132
  xz      59.913800     -59.868709       0.045091
  yz     177.210790    -177.074828       0.135961
 
     1/3  trace=      -6.830954
     anisotropy=       0.844795
 
 ==============================================================================
 
HOMO-LUMO Separation
 HOMO         :   -0.34423649 H =     -9.36716 eV
 LUMO         :   -0.18774738 H =     -5.10887 eV
 HOMO-LUMO gap:    0.15648910 H =     +4.25829 eV
 
 ==============================================================================


    ------------------------------------------------------------------------
         total  cpu-time :  1 minutes and  3 seconds
         total wall-time :   6.25 seconds
    ------------------------------------------------------------------------

   ****  ridft : all done  ****


    2020-12-12 20:39:43.977 

