           SMPCPUS    set: Shared-memory Parallelization with  20 CPUs.

           SMP Parallelization Reference:
           C. van Wullen, J. Comput. Chem. 32 (2011) 1195--1201

 ridft (c-15-19) : TURBOMOLE rev. V7.5.0 compiled 13 Jun 2020 at 23:29:25
 Copyright (C) 2020 TURBOMOLE GmbH, Karlsruhe


    2020-07-22 06:06:59.144 



                                  r i d f t

                        DFT program with RI approximation 
                                for coulomb part 




                                                 
                                 References:     
                                                 
          TURBOMOLE:                             
              R. Ahlrichs, M. Baer, M. Haeser, H. Horn, and
              C. Koelmel
              Electronic structure calculations on workstation
              computers: the program system TURBOMOLE
              Chem. Phys. Lett. 162: 165 (1989)
          Density Functional:                              
              O. Treutler and R. Ahlrichs                      
              Efficient Molecular Numerical Integration Schemes
              J. Chem. Phys. 102: 346 (1995)                   
          Parallel Version:                                
              Performance of parallel TURBOMOLE for Density    
              Functional Calculations                          
              M. v. Arnim and R. Ahlrichs                      
              J. Comp. Chem. 19: 1746 (1998)                   
          RI-J Method:                                     
              Auxiliary Basis Sets to approximate Coulomb      
              Potentials                                       
              Chem. Phys. Lett. 240: 283 (1995)                
              K. Eichkorn, O. Treutler, H. Oehm, M. Haeser     
              and R. Ahlrichs                                  
              Chem. Phys. Lett. 242: 652 (1995)                
                                                           
              Auxiliary Basis Sets for Main Row Atoms and their
              Use to approximate Coulomb Potentials            
              K. Eichkorn, F. Weigend, O. Treutler and         
              R. Ahlrichs                                      
              Theo. Chem. Acc. 97: 119 (1997)                   
                                                           
              Accurate Coulomb-fitting basis sets for H to Rn 
              F. Weigend                                        
              Phys. Chem. Chem. Phys. 8: 1057 (2006)            
                                                           
          Multipole accelerated RI-J (MARI-J):             
              Fast evaluation of the Coulomb potential for     
              electron densities using multipole accelerated   
              resolution of identity approximation             
              M. Sierka, A. Hogekamp and R. Ahlrichs           
              J. Chem. Phys. 118: 9136 (2003)                  
          RI-JK Method:                                     
              A fully direct RI-HF algorithm: Implementation,
              optimised auxiliary basis sets, demonstration of
              accuracy and efficiency                         
              F. Weigend                                      
              Phys. Chem. Chem. Phys. 4: 4285 (2002)           
          Two-component HF and DFT with spin-orbit coupling:  
              Self-consistent treatment of spin-orbit         
              interactions with efficient Hartree-Fock and    
              density functional methods                      
              M. K. Armbruster, F. Weigend, C. van Wüllen and 
              W. Klopper                                      
              Phys. Chem. Chem. Phys. 10: 1748 (2008)         
          Two-component difference density and DIIS algorithm 
              Efficient two-component self-consistent field   
              procedures and gradients: implementation in     
              TURBOMOLE and application to Au20-              
              A. Baldes, F. Weigend                           
              Mol. Phys. 111: 2617 (2013)                     
          Relativistic all-electron 2c calculations           
              An efficient implementation of two-component    
              relativistic exact-decoupling methods for large 
              molecules                                       
              D. Peng, N. Middendorf, F. Weigend, M. Reiher   
              J. Chem. Phys. 138: 184105 (2013)               
          Finite nucleus model and SNSO approximation         
              Efficient implementation of one- and two-       
              component analytical energy gradients in exact  
              two-component theory                            
              Y. J. Franzke, N. Middendorf, F. Weigend        
              J. Chem. Phys. 148: 104110 (2018)               
          Grids for all-electron relativistic methods         
              Error-consistent segmented contracted all-      
              electron relativistic basis sets of double-     
              and triple-zeta quality for NMR shielding       
              constants                                       
              Y. J. Franzke, R. Tress, T. M. Pazdera,         
              F. Weigend                                      
              Phys. Chem. Chem. Phys. 21: 166658 (2019)       
          Seminumerical exchange algorithms                   
              Seminumerical calculation of the Hartree-Fock   
              exchange matirx: Application to two-component   
              procedures and efficient evaluation of local    
              hybrid functionsl                               
              P. Plessow, F. Weigend,                         
              J. Comput. Chem. 33: 810 (2012)                 
          Improved seminumerical algorithms                   
              C. Holzer, in preparation (2020)                
                                         




              +--------------------------------------------------+
              |      general information about current run       |
              +--------------------------------------------------+

 

 DENSITY CONVERGENCE CHECK SWITCHED ON !
 SCF CONVERGENCE IF RMS(delta[D]) <     0.1000000000E-06

 PBE functional
 exchange:    LDA + PBE
 correlation: LDA (PW) + PBE
 A DFT calculation using the RI-J approximation will be carried out.
 Allocatable memory for RI due to $ricore (MB):                  5000


              +--------------------------------------------------+
              | Atomic coordinate, charge and isotop information |
              +--------------------------------------------------+

                    atomic coordinates            atom    charge  isotop
         -0.13554824   -0.20570696    0.49256133    f      0.000     0
         -0.00608206   -0.01997481    2.27293093    h      0.000     0
          0.09828793    0.08987989    5.43003855    n      7.000     0
          1.90262578    0.15148693    6.05833553    h      1.000     0
         -1.17884191   -2.16607419    6.42088963    c      6.000     0
         -3.11178096   -2.19234802    5.73016835    h      1.000     0
         -0.23584972   -3.83735220    5.69179462    h      1.000     0
         -1.21285710   -2.27353036    8.47846879    h      1.000     0
         -0.75038918    1.66892749    6.09360293    h      1.000     0
 
       center of nuclear mass  :   -0.36815128   -0.68973826    3.86056068
       center of nuclear charge:   -0.54407151   -1.04722789    6.03266544

              +--------------------------------------------------+
              |               basis set information              |
              +--------------------------------------------------+

              we will work with the 1s 3p 5d 7f 9g ... basis set
              ...i.e. with spherical basis functions...

   type   atoms  prim   cont   basis
   ---------------------------------------------------------------------------
    f        1    118     91   cc-pV5Z   [6s5p4d3f2g1h|24s8p4d3f2g1h]
    h        6     58     55   cc-pV5Z   [5s4p3d2f1g|8s4p3d2f1g]
    n        1    118     91   cc-pV5Z   [6s5p4d3f2g1h|24s8p4d3f2g1h]
    c        1    118     91   cc-pV5Z   [6s5p4d3f2g1h|24s8p4d3f2g1h]
   ---------------------------------------------------------------------------
   total:    9    702    603
   ---------------------------------------------------------------------------

   total number of primitive shells          :  144
   total number of contracted shells         :  153
   total number of cartesian basis functions :  798
   total number of SCF-basis functions       :  603


 integral neglect threshold       :  0.42E-11
 integral storage threshold THIZE :  0.10E-04
 integral storage threshold THIME :         5

 RI-J AUXILIARY BASIS SET information:

              we will work with the 1s 3p 5d 7f 9g ... basis set
              ...i.e. with spherical basis functions...

   type   atoms  prim   cont   basis
   ---------------------------------------------------------------------------
    f        1     70     49   cc-pV5Z   [6s4p3d1f1g|12s5p4d2f1g]
    h        6     16     11   cc-pV5Z   [3s1p1d|5s2p1d]
    n        1     70     49   cc-pV5Z   [6s4p3d1f1g|12s5p4d2f1g]
    c        1     70     49   cc-pV5Z   [6s4p3d1f1g|12s5p4d2f1g]
   ---------------------------------------------------------------------------
   total:    9    306    213
   ---------------------------------------------------------------------------

   total number of primitive shells          :   80
   total number of contracted shells         :   75
   total number of cartesian basis functions :  255
   total number of SCF-basis functions       :  213


 symmetry group of the molecule :   c1 

 the group has the following generators :
   c1(z)

    1 symmetry operations found

 there are 1 real representations :   a   

 maximum number of shells which are related by symmetry :  1

  
           ------------------
           density functional
           ------------------
 Dummy atoms with grid-point found.
 DFT quadrature threshold dgrenze tightened by factor 1/10.

 PBE functional
 exchange:    LDA + PBE
 correlation: LDA (PW) + PBE
 Dummy atoms with grid-point found.
 DFT quadrature threshold dgrenze tightened by factor 1/10.

 Dummy atoms with grid-point found.
 DFT quadrature threshold dgrenze tightened by factor 1/10.


 spherical integration : Lebedev's spherical grid
 spherical gridsize    :                     5
    i.e. gridpoints    :                   590
 value for diffuse not defined
 radial integration    : Chebyshev 2nd kind (scaling 3)
 radial gridsize       :                     8
 integration cells     :                     9
 partition function    : becke
 partition sharpness   :                     3
  
 found dummy atom(s) with basis: included in dft

 biggest AO integral is expected to be     5.590494100

          ------------------------
          nuclear repulsion energy  :   42.0363718325    
          ------------------------


         -----------------
         -S,T+V- integrals
         -----------------

 1e-integrals will be neglected if expon. factor < 0.418792E-12
 
   Difference densities algorithm switched on.
   The maximal number of linear combinations of
   difference densities is                    20 .

 DIIS switched on: error vector is FDS-SDF
 Max. Iterations for DIIS is     :   4
 DIIS matrix (see manual) 
    Scaling factor of diagonals  :  1.200
    threshold for scaling factor :  0.000

 scf convergence criterion : increment of total energy < .1000000D-06
                  and increment of one-electron energy < .1000000D-03

 MOs are in ASCII format !


    mo occupation :
   irrep   mo's   occupied
    a      603        9
 
 number of basis functions   :   603
 number of occupied orbitals :     9
 

 reading orbital data $scfmo  from file mos
 orbital characterization : expanded
 virtual MOs provided and orthogonalized by Cholesky decomposition

 automatic virtual orbital shift switched on 
      shift if e(lumo)-e(homo) < 0.10000000    

  
           ------------------------
               RI-J - INFORMATION
           ------------------------
 Contributions to RI integral batches: 
  neglected integral batches:                  1244
  direct contribution:                            0
  memory contribution:                 10537
 Memory core needed for (P|Q) and Cholesky      1 MByte
 Memory core minimum needed except of (P|Q)     3 MByte
 Total minimum memory core needed (sum)         3 MByte
  
 ****************************************
 Memory allocated for RI-J   547 MByte
 ****************************************
                                            

 DSCF restart information will be dumped onto file mos


 Starting SCF iterations

          Overall gridpoints after grid construction =        135814

 ITERATION  ENERGY          1e-ENERGY        2e-ENERGY     RMS[dD(SAO)]   TOL
   1  -95.389489790145    -210.05432261     72.628460990    0.000D+00 0.418D-11
                            Exc = -13.8163120878     Coul =  86.4447730777    
                              N = 18.000000890    
                            current damping = 0.300
 
          max. resid. norm for Fia-block=  3.090D-01 for orbital      1a         
          max. resid. fock norm         =  4.507D+01 for orbital    557a         

 ITERATION  ENERGY          1e-ENERGY        2e-ENERGY     RMS[dD(SAO)]   TOL
   2  -95.735207442470    -211.52124764     73.749668367    0.445D-02 0.357D-11
                            Exc = -14.0200262924     Coul =  87.7696946594    
                              N = 18.000000432    
                            current damping = 0.250
 
          Norm of current diis error:  1.5574    
          max. resid. norm for Fia-block=  8.347D-02 for orbital      3a         
          max. resid. fock norm         =  1.882D-01 for orbital    374a         

 ITERATION  ENERGY          1e-ENERGY        2e-ENERGY     RMS[dD(SAO)]   TOL
   3  -95.766520248590    -211.67303906     73.870146982    0.146D-02 0.230D-11
                            Exc = -14.0885184466     Coul =  87.9586654286    
                              N = 18.000000316    
                            current damping = 0.100
 
          Norm of current diis error: 0.78449    
          max. resid. norm for Fia-block=  3.208D-02 for orbital      9a         
          max. resid. fock norm         =  3.292D-02 for orbital      9a         

 ITERATION  ENERGY          1e-ENERGY        2e-ENERGY     RMS[dD(SAO)]   TOL
   4  -95.774228583539    -211.41583625     73.605235833    0.666D-03 0.194D-11
                            Exc = -14.0554327720     Coul =  87.6606686050    
                              N = 18.000000194    
                            current damping = 0.150
 
          Norm of current diis error: 0.37459    
          max. resid. norm for Fia-block=  1.001D-02 for orbital      3a         
          max. resid. fock norm         =  1.823D-02 for orbital    540a         

 ITERATION  ENERGY          1e-ENERGY        2e-ENERGY     RMS[dD(SAO)]   TOL
   5  -95.775501134838    -211.78230421     73.970431243    0.977D-04 0.187D-11
                            Exc = -14.0962728115     Coul =  88.0667040544    
                              N = 18.000000204    
                            current damping = 0.200
 
          Norm of current diis error: 0.15584    
          max. resid. norm for Fia-block=  4.036D-03 for orbital      8a         
          max. resid. fock norm         =  5.630D-03 for orbital    360a         
          mo-orthogonalization: Cholesky decomposition

 ITERATION  ENERGY          1e-ENERGY        2e-ENERGY     RMS[dD(SAO)]   TOL
   6  -95.775787999088    -211.58581201     73.773652177    0.615D-04 0.181D-11
                            Exc = -14.0762199797     Coul =  87.8498721571    
                              N = 18.000000200    
                            current damping = 0.250
 
          Norm of current diis error: 0.35935E-01
          max. resid. norm for Fia-block=  9.630D-04 for orbital      9a         
          max. resid. fock norm         =  1.179D-03 for orbital    320a         

 ITERATION  ENERGY          1e-ENERGY        2e-ENERGY     RMS[dD(SAO)]   TOL
   7  -95.775804085599    -211.62035482     73.808178899    0.111D-04 0.177D-11
                            Exc = -14.0798210992     Coul =  87.8879999978    
                              N = 18.000000200    
                            current damping = 0.300
 
          Norm of current diis error: 0.44197E-02
          max. resid. norm for Fia-block=  1.749D-04 for orbital      9a         
          max. resid. fock norm         =  2.325D-04 for orbital      9a         

 ITERATION  ENERGY          1e-ENERGY        2e-ENERGY     RMS[dD(SAO)]   TOL
   8  -95.775804309536    -211.62144010     73.809263960    0.325D-05 0.174D-11
                            Exc = -14.0799277863     Coul =  87.8891917467    
                              N = 18.000000200    
                            current damping = 0.150
 
          Norm of current diis error: 0.11663E-02
          max. resid. norm for Fia-block=  3.908D-05 for orbital      7a         
          max. resid. fock norm         =  6.922D-05 for orbital    360a         

 ENERGY & DENSITY CONVERGED !


 ITERATION  ENERGY          1e-ENERGY        2e-ENERGY     RMS[dD(SAO)]   TOL
   9  -95.775804320700    -211.62144442     73.809268267    0.428D-06 0.170D-11
                            Exc = -14.0799406329     Coul =  87.8892088997    
                              N = 18.000000200    
                            current damping = 0.100
 
          Norm of current diis error: 0.69068E-03
          max. resid. norm for Fia-block=  1.824D-05 for orbital      9a         
          max. resid. fock norm         =  2.960D-05 for orbital    540a         

 End of SCF iterations

   convergence criteria satisfied after     9 iterations


                  ------------------------------------------ 
                 |  total energy      =    -95.77580432070  |
                  ------------------------------------------ 
                 :  kinetic energy    =     95.38534618947  :
                 :  potential energy  =   -191.16115051017  :
                 :  virial theorem    =      1.99592320697  :
                 :  wavefunction norm =      1.00000000000  :
                  .......................................... 


 <geterg> : there is no data group $energy 


 <skperg> : $end is missing 


 orbitals $scfmo  will be written to file mos

    irrep                  5a          6a          7a          8a          9a   
 eigenvalues H         -0.44062    -0.39356    -0.35916    -0.32512    -0.19885
            eV         -11.9901    -10.7095     -9.7732     -8.8470     -5.4109
 occupation              2.0000      2.0000      2.0000      2.0000      2.0000

    irrep                 10a         11a         12a         13a         14a   
 eigenvalues H         -0.00584     0.02750     0.04274     0.05362     0.08108
            eV          -0.1590      0.7483      1.1631      1.4592      2.2063
 
 
 
 
 ==============================================================================
                           electrostatic moments
 ==============================================================================

 reference point for electrostatic moments:    0.00000   0.00000   0.00000

 
              nuc           elec       ->  total
 ------------------------------------------------------------------------------
                          charge      
 ------------------------------------------------------------------------------
          18.000000     -18.000000       0.000000
 
 ------------------------------------------------------------------------------
                       dipole moment  
 ------------------------------------------------------------------------------
   x      -9.793287       9.816453       0.023166
   y     -18.850102      18.878578       0.028476
   z     108.587978    -108.071100       0.516877
 
   | dipole moment | =     0.5182 a.u. =     1.3171 debye 
 
 ------------------------------------------------------------------------------
                     quadrupole moment
 ------------------------------------------------------------------------------
  xx      23.798530     -33.433374      -9.634844
  yy      55.716683     -65.593026      -9.876343
  zz     664.715387    -670.815027      -6.099640
  xy      24.903083     -25.094727      -0.191643
  xz     -64.181768      64.538668       0.356900
  yz    -122.624841     123.191914       0.567073
 
     1/3  trace=      -8.536942
     anisotropy=       3.855745
 
 ==============================================================================
 
HOMO-LUMO Separation
 HOMO         :   -0.19884639 H =     -5.41089 eV
 LUMO         :   -0.00584142 H =     -0.15895 eV
 HOMO-LUMO gap:    0.19300497 H =     +5.25194 eV
 
 ==============================================================================


    ------------------------------------------------------------------------
         total  cpu-time : 14 minutes and 49 seconds
         total wall-time :  1 minutes and 21 seconds
    ------------------------------------------------------------------------

   ****  ridft : all done  ****


    2020-07-22 06:08:20.097 

