           SMPCPUS    set: Shared-memory Parallelization with  10 CPUs.

           SMP Parallelization Reference:
           C. van Wullen, J. Comput. Chem. 32 (2011) 1195--1201

 ridft (c-14-10) : TURBOMOLE rev. V7.5.0 compiled 13 Jun 2020 at 23:29:25
 Copyright (C) 2020 TURBOMOLE GmbH, Karlsruhe


    2020-08-03 23:18:53.931 



                                  r i d f t

                        DFT program with RI approximation 
                                for coulomb part 




                                                 
                                 References:     
                                                 
          TURBOMOLE:                             
              R. Ahlrichs, M. Baer, M. Haeser, H. Horn, and
              C. Koelmel
              Electronic structure calculations on workstation
              computers: the program system TURBOMOLE
              Chem. Phys. Lett. 162: 165 (1989)
          Density Functional:                              
              O. Treutler and R. Ahlrichs                      
              Efficient Molecular Numerical Integration Schemes
              J. Chem. Phys. 102: 346 (1995)                   
          Parallel Version:                                
              Performance of parallel TURBOMOLE for Density    
              Functional Calculations                          
              M. v. Arnim and R. Ahlrichs                      
              J. Comp. Chem. 19: 1746 (1998)                   
          RI-J Method:                                     
              Auxiliary Basis Sets to approximate Coulomb      
              Potentials                                       
              Chem. Phys. Lett. 240: 283 (1995)                
              K. Eichkorn, O. Treutler, H. Oehm, M. Haeser     
              and R. Ahlrichs                                  
              Chem. Phys. Lett. 242: 652 (1995)                
                                                           
              Auxiliary Basis Sets for Main Row Atoms and their
              Use to approximate Coulomb Potentials            
              K. Eichkorn, F. Weigend, O. Treutler and         
              R. Ahlrichs                                      
              Theo. Chem. Acc. 97: 119 (1997)                   
                                                           
              Accurate Coulomb-fitting basis sets for H to Rn 
              F. Weigend                                        
              Phys. Chem. Chem. Phys. 8: 1057 (2006)            
                                                           
          Multipole accelerated RI-J (MARI-J):             
              Fast evaluation of the Coulomb potential for     
              electron densities using multipole accelerated   
              resolution of identity approximation             
              M. Sierka, A. Hogekamp and R. Ahlrichs           
              J. Chem. Phys. 118: 9136 (2003)                  
          RI-JK Method:                                     
              A fully direct RI-HF algorithm: Implementation,
              optimised auxiliary basis sets, demonstration of
              accuracy and efficiency                         
              F. Weigend                                      
              Phys. Chem. Chem. Phys. 4: 4285 (2002)           
          Two-component HF and DFT with spin-orbit coupling:  
              Self-consistent treatment of spin-orbit         
              interactions with efficient Hartree-Fock and    
              density functional methods                      
              M. K. Armbruster, F. Weigend, C. van Wüllen and 
              W. Klopper                                      
              Phys. Chem. Chem. Phys. 10: 1748 (2008)         
          Two-component difference density and DIIS algorithm 
              Efficient two-component self-consistent field   
              procedures and gradients: implementation in     
              TURBOMOLE and application to Au20-              
              A. Baldes, F. Weigend                           
              Mol. Phys. 111: 2617 (2013)                     
          Relativistic all-electron 2c calculations           
              An efficient implementation of two-component    
              relativistic exact-decoupling methods for large 
              molecules                                       
              D. Peng, N. Middendorf, F. Weigend, M. Reiher   
              J. Chem. Phys. 138: 184105 (2013)               
          Finite nucleus model and SNSO approximation         
              Efficient implementation of one- and two-       
              component analytical energy gradients in exact  
              two-component theory                            
              Y. J. Franzke, N. Middendorf, F. Weigend        
              J. Chem. Phys. 148: 104110 (2018)               
          Grids for all-electron relativistic methods         
              Error-consistent segmented contracted all-      
              electron relativistic basis sets of double-     
              and triple-zeta quality for NMR shielding       
              constants                                       
              Y. J. Franzke, R. Tress, T. M. Pazdera,         
              F. Weigend                                      
              Phys. Chem. Chem. Phys. 21: 166658 (2019)       
          Seminumerical exchange algorithms                   
              Seminumerical calculation of the Hartree-Fock   
              exchange matirx: Application to two-component   
              procedures and efficient evaluation of local    
              hybrid functionsl                               
              P. Plessow, F. Weigend,                         
              J. Comput. Chem. 33: 810 (2012)                 
          Improved seminumerical algorithms                   
              C. Holzer, in preparation (2020)                
                                         




              +--------------------------------------------------+
              |      general information about current run       |
              +--------------------------------------------------+

 

 DENSITY CONVERGENCE CHECK SWITCHED ON !
 SCF CONVERGENCE IF RMS(delta[D]) <     0.1000000000E-06

 PBE functional
 exchange:    LDA + PBE
 correlation: LDA (PW) + PBE
 A DFT calculation using the RI-J approximation will be carried out.
 Allocatable memory for RI due to $ricore (MB):                  5000


              +--------------------------------------------------+
              | Atomic coordinate, charge and isotop information |
              +--------------------------------------------------+

                    atomic coordinates            atom    charge  isotop
          0.07512478   -0.03894023   -3.22635700    c      6.000     0
         -0.06099414    0.02087545   -5.27222067    h      1.000     0
         -1.56211788   -1.00778521   -2.45918748    h      1.000     0
          1.78514677   -1.03829019   -2.68949583    h      1.000     0
          0.13143558    1.87402854   -2.48796790    h      1.000     0
 
       center of nuclear mass  :    0.07468317   -0.03865188   -3.22657337
       center of nuclear charge:    0.07442190   -0.03848128   -3.22670139

              +--------------------------------------------------+
              |               basis set information              |
              +--------------------------------------------------+

              we will work with the 1s 3p 5d 7f 9g ... basis set
              ...i.e. with spherical basis functions...

   type   atoms  prim   cont   basis
   ---------------------------------------------------------------------------
    c        1     50     30   cc-pVTZ   [4s3p2d1f|18s5p2d1f]
    h        4     16     14   cc-pVTZ   [3s2p1d|5s2p1d]
   ---------------------------------------------------------------------------
   total:    5    114     86
   ---------------------------------------------------------------------------

   total number of primitive shells          :   34
   total number of contracted shells         :   34
   total number of cartesian basis functions :   95
   total number of SCF-basis functions       :   86


 integral neglect threshold       :  0.35E-10
 integral storage threshold THIZE :  0.10E-04
 integral storage threshold THIME :         5

 RI-J AUXILIARY BASIS SET information:

              we will work with the 1s 3p 5d 7f 9g ... basis set
              ...i.e. with spherical basis functions...

   type   atoms  prim   cont   basis
   ---------------------------------------------------------------------------
    c        1     70     49   cc-pVTZ   [6s4p3d1f1g|12s5p4d2f1g]
    h        4     16     11   cc-pVTZ   [3s1p1d|5s2p1d]
   ---------------------------------------------------------------------------
   total:    5    134     93
   ---------------------------------------------------------------------------

   total number of primitive shells          :   32
   total number of contracted shells         :   35
   total number of cartesian basis functions :  109
   total number of SCF-basis functions       :   93


 symmetry group of the molecule :   c1 

 the group has the following generators :
   c1(z)

    1 symmetry operations found

 there are 1 real representations :   a   

 maximum number of shells which are related by symmetry :  1

  
           ------------------
           density functional
           ------------------
 PBE functional
 exchange:    LDA + PBE
 correlation: LDA (PW) + PBE

 spherical integration : Lebedev's spherical grid
 spherical gridsize    :                     5
    i.e. gridpoints    :                   590
 value for diffuse not defined
 radial integration    : Chebyshev 2nd kind (scaling 3)
 radial gridsize       :                     8
 integration cells     :                     5
 partition function    : becke
 partition sharpness   :                     3
  

 biggest AO integral is expected to be     3.593180334

          ------------------------
          nuclear repulsion energy  :   13.4898574003    
          ------------------------


         -----------------
         -S,T+V- integrals
         -----------------

 1e-integrals will be neglected if expon. factor < 0.351785E-11
 
   Difference densities algorithm switched on.
   The maximal number of linear combinations of
   difference densities is                    20 .

 DIIS switched on: error vector is FDS-SDF
 Max. Iterations for DIIS is     :   4
 DIIS matrix (see manual) 
    Scaling factor of diagonals  :  1.200
    threshold for scaling factor :  0.000

 scf convergence criterion : increment of total energy < .1000000D-06
                  and increment of one-electron energy < .1000000D-03

 MOs are in ASCII format !


    mo occupation :
   irrep   mo's   occupied
    a       86        5
 
 number of basis functions   :    86
 number of occupied orbitals :     5
 

 reading orbital data $scfmo  from file mos
 orbital characterization : expanded
 virtual MOs provided and orthogonalized by Cholesky decomposition

 automatic virtual orbital shift switched on 
      shift if e(lumo)-e(homo) < 0.10000000    

  
           ------------------------
               RI-J - INFORMATION
           ------------------------
 Contributions to RI integral batches: 
  neglected integral batches:                     0
  direct contribution:                            0
  memory contribution:                   595
 Memory core needed for (P|Q) and Cholesky      1 MByte
 Memory core minimum needed except of (P|Q)     1 MByte
 Total minimum memory core needed (sum)         1 MByte
  
 ****************************************
 Memory allocated for RI-J     4 MByte
 ****************************************
                                            

 DSCF restart information will be dumped onto file mos


 Starting SCF iterations

          Overall gridpoints after grid construction =         72359

 ITERATION  ENERGY          1e-ENERGY        2e-ENERGY     RMS[dD(SAO)]   TOL
   1  -40.282895629295    -78.203307236     24.430554207    0.000D+00 0.351D-10
                            Exc = -6.52018408499     Coul =  30.9507382917    
                              N = 10.000000011    
                            current damping = 0.300
 
          max. resid. norm for Fia-block=  2.521D-01 for orbital      2a         
          max. resid. fock norm         =  4.985D+00 for orbital     85a         

 ITERATION  ENERGY          1e-ENERGY        2e-ENERGY     RMS[dD(SAO)]   TOL
   2  -40.449096137854    -80.087124371     26.148170833    0.505D-02 0.224D-10
                            Exc = -6.81352782904     Coul =  32.9616986623    
                              N = 10.000000001    
                            current damping = 0.250
 
          Norm of current diis error: 0.53477    
          max. resid. norm for Fia-block=  7.176D-02 for orbital      2a         
          max. resid. fock norm         =  1.073D-01 for orbital     34a         

 ITERATION  ENERGY          1e-ENERGY        2e-ENERGY     RMS[dD(SAO)]   TOL
   3  -40.461159689765    -79.704952002     25.753934912    0.199D-02 0.192D-10
                            Exc = -6.79919488942     Coul =  32.5531298013    
                              N = 9.9999999982    
                            current damping = 0.200
 
          Norm of current diis error: 0.22711    
          max. resid. norm for Fia-block=  1.505D-02 for orbital      2a         
          max. resid. fock norm         =  1.658D-02 for orbital      6a         

 ITERATION  ENERGY          1e-ENERGY        2e-ENERGY     RMS[dD(SAO)]   TOL
   4  -40.463230929149    -79.974937690     26.021849361    0.581D-03 0.174D-10
                            Exc = -6.83741807946     Coul =  32.8592674401    
                              N = 9.9999999956    
                            current damping = 0.250
 
          Norm of current diis error: 0.24525E-01
          max. resid. norm for Fia-block=  2.099D-03 for orbital      1a         
          max. resid. fock norm         =  3.799D-03 for orbital     15a         

 ITERATION  ENERGY          1e-ENERGY        2e-ENERGY     RMS[dD(SAO)]   TOL
   5  -40.463252111870    -79.956221423     26.003111911    0.706D-04 0.165D-10
                            Exc = -6.83548827324     Coul =  32.8386001839    
                              N = 9.9999999958    
                            current damping = 0.300
 
          Norm of current diis error: 0.28946E-02
          max. resid. norm for Fia-block=  4.200D-04 for orbital      1a         
          max. resid. fock norm         =  6.083D-04 for orbital     13a         
          mo-orthogonalization: Cholesky decomposition

 ITERATION  ENERGY          1e-ENERGY        2e-ENERGY     RMS[dD(SAO)]   TOL
   6  -40.463252534198    -79.955265292     26.002155357    0.120D-04 0.156D-10
                            Exc = -6.83547069537     Coul =  32.8376260527    
                              N = 9.9999999958    
                            current damping = 0.150
 
          Norm of current diis error: 0.68588E-03
          max. resid. norm for Fia-block=  9.663D-05 for orbital      1a         
          max. resid. fock norm         =  1.417D-04 for orbital     14a         

 ITERATION  ENERGY          1e-ENERGY        2e-ENERGY     RMS[dD(SAO)]   TOL
   7  -40.463252559350    -79.955000214     26.001890254    0.350D-05 0.147D-10
                            Exc = -6.83546544791     Coul =  32.8373557023    
                              N = 9.9999999958    
                            current damping = 0.100
 
          Norm of current diis error: 0.93953E-04
          max. resid. norm for Fia-block=  1.248D-05 for orbital      1a         
          max. resid. fock norm         =  2.018D-05 for orbital     13a         

 ENERGY & DENSITY CONVERGED !


 ITERATION  ENERGY          1e-ENERGY        2e-ENERGY     RMS[dD(SAO)]   TOL
   8  -40.463252559801    -79.954961080     26.001851120    0.540D-06 0.143D-10
                            Exc = -6.83546277798     Coul =  32.8373138976    
                              N = 9.9999999958    
                            current damping = 0.100
 
          Norm of current diis error: 0.21356E-04
          max. resid. norm for Fia-block=  1.701D-06 for orbital      4a         
          max. resid. fock norm         =  2.874D-06 for orbital     35a         

 End of SCF iterations

   convergence criteria satisfied after     8 iterations


                  ------------------------------------------ 
                 |  total energy      =    -40.46325255980  |
                  ------------------------------------------ 
                 :  kinetic energy    =     40.19795654134  :
                 :  potential energy  =    -80.66120910114  :
                 :  virial theorem    =      1.99344353205  :
                 :  wavefunction norm =      1.00000000000  :
                  .......................................... 


 <geterg> : there is no data group $energy 


 <skperg> : $end is missing 


 orbitals $scfmo  will be written to file mos

    irrep                  1a          2a          3a          4a          5a   
 eigenvalues H         -9.86281    -0.62744    -0.34788    -0.34671    -0.34653
            eV        -268.3828    -17.0737     -9.4664     -9.4346     -9.4297
 occupation              2.0000      2.0000      2.0000      2.0000      2.0000

    irrep                  6a          7a          8a          9a         10a   
 eigenvalues H          0.03125     0.10338     0.10342     0.10357     0.21821
            eV           0.8504      2.8133      2.8143      2.8182      5.9379
 
 
 
 
 ==============================================================================
                           electrostatic moments
 ==============================================================================

 reference point for electrostatic moments:    0.00000   0.00000   0.00000

 
              nuc           elec       ->  total
 ------------------------------------------------------------------------------
                          charge      
 ------------------------------------------------------------------------------
          10.000000     -10.000000       0.000000
 
 ------------------------------------------------------------------------------
                       dipole moment  
 ------------------------------------------------------------------------------
   x       0.744219      -0.744876      -0.000657
   y      -0.384813       0.385229       0.000416
   z     -32.267014      32.266709      -0.000304
 
   | dipole moment | =     0.0008 a.u. =     0.0021 debye 
 
 ------------------------------------------------------------------------------
                     quadrupole moment
 ------------------------------------------------------------------------------
  xx       5.681819     -11.963464      -6.281645
  yy       5.615194     -11.905220      -6.290026
  zz     109.723563    -116.009305      -6.285742
  xy      -0.051733       0.044344      -0.007388
  xz      -2.419313       2.415575      -0.003738
  yz       1.252038      -1.250021       0.002016
 
     1/3  trace=      -6.285804
     anisotropy=       0.016449
 
 ==============================================================================
 
HOMO-LUMO Separation
 HOMO         :   -0.34653249 H =     -9.42963 eV
 LUMO         :    0.03125066 H =     +0.85037 eV
 HOMO-LUMO gap:    0.37778315 H =    +10.28001 eV
 
 ==============================================================================


    ------------------------------------------------------------------------
         total  cpu-time :  18.10 seconds
         total wall-time :   1.43 seconds
    ------------------------------------------------------------------------

   ****  ridft : all done  ****


    2020-08-03 23:18:55.344 

