
 ridft (tigris) : TURBOMOLE rev. V7.4.1 (b987a8a8) compiled 15 Oct 2019 at 12:03:25
 Copyright (C) 2019 TURBOMOLE GmbH, Karlsruhe


    2020-08-30 23:10:07.355 



                                  r i d f t

                        DFT program with RI approximation 
                                for coulomb part 




                                                 
                                 References:     
                                                 
          TURBOMOLE:                             
              R. Ahlrichs, M. Baer, M. Haeser, H. Horn, and
              C. Koelmel
              Electronic structure calculations on workstation
              computers: the program system TURBOMOLE
              Chem. Phys. Lett. 162: 165 (1989)
          Density Functional:                              
              O. Treutler and R. Ahlrichs                      
              Efficient Molecular Numerical Integration Schemes
              J. Chem. Phys. 102: 346 (1995)                   
          Parallel Version:                                
              Performance of parallel TURBOMOLE for Density    
              Functional Calculations                          
              M. v. Arnim and R. Ahlrichs                      
              J. Comp. Chem. 19: 1746 (1998)                   
          RI-J Method:                                     
              Auxiliary Basis Sets to approximate Coulomb      
              Potentials                                       
              Chem. Phys. Lett. 240: 283 (1995)                
              K. Eichkorn, O. Treutler, H. Oehm, M. Haeser     
              and R. Ahlrichs                                  
              Chem. Phys. Lett. 242: 652 (1995)                
                                                           
              Auxiliary Basis Sets for Main Row Atoms and their
              Use to approximate Coulomb Potentials            
              K. Eichkorn, F. Weigend, O. Treutler and         
              R. Ahlrichs                                      
              Theo. Chem. Acc. 97: 119 (1997)                   
                                                           
              Accurate Coulomb-fitting basis sets for H to Rn 
              F. Weigend                                        
              Phys. Chem. Chem. Phys. 8: 1057 (2006)            
                                                           
          Multipole accelerated RI-J (MARI-J):             
              Fast evaluation of the Coulomb potential for     
              electron densities using multipole accelerated   
              resolution of identity approximation             
              M. Sierka, A. Hogekamp and R. Ahlrichs           
              J. Chem. Phys. 118: 9136 (2003)                  
          RI-JK Method:                                     
              A fully direct RI-HF algorithm: Implementation,
              optimised auxiliary basis sets, demonstration of
              accuracy and efficiency                         
              F. Weigend                                      
              Phys. Chem. Chem. Phys. 4: 4285 (2002)           
          Two-component HF and DFT with spin-orbit coupling:  
              Self-consistent treatment of spin-orbit         
              interactions with efficient Hartree-Fock and    
              density functional methods                      
              M. K. Armbruster, F. Weigend, C. van Wüllen and 
              W. Klopper                                      
              Phys. Chem. Chem. Phys. 10: 1748 (2008)         
          Two-component difference density and DIIS algorithm 
              Efficient two-component self-consistent field   
              procedures and gradients: implementation in     
              TURBOMOLE and application to Au20-              
              A. Baldes, F. Weigend                           
              Mol. Phys. 111: 2617 (2013)                     
          Relativistic all-electron 2c calculations           
              An efficient implementation of two-component    
              relativistic exact-decoupling methods for large 
              molecules                                       
              D. Peng, N. Middendorf, F. Weigend, M. Reiher   
              J. Chem. Phys. 138: 184105 (2013)               
          Finite nucleus model and SNSO approximation         
              Efficient implementation of one- and two-       
              component analytical energy gradients in exact  
              two-component theory                            
              Y. J. Franzke, N. Middendorf, F. Weigend        
              J. Chem. Phys. 148: 104110 (2018)               
                                         




              +--------------------------------------------------+
              |      general information about current run       |
              +--------------------------------------------------+

 

 DENSITY CONVERGENCE CHECK SWITCHED ON !
 SCF CONVERGENCE IF RMS(delta[D]) <     0.1000000000E-06

 PBE functional
 exchange:    LDA + PBE
 correlation: LDA (PW) + PBE
 A DFT calculation using the RI-J approximation will be carried out.
 Allocatable memory for RI due to $ricore (MB):                   500


              +--------------------------------------------------+
              | Atomic coordinate, charge and isotop information |
              +--------------------------------------------------+

                    atomic coordinates            atom    charge  isotop
         -3.24894118   -2.48134383    6.11348075    h      1.000     0
         -4.00077778    2.13835057    6.14313510    h      1.000     0
          0.77380143   -2.12779362    6.57015159    c      6.000     0
         -1.67621279   -1.19059781    6.31563450    c      6.000     0
         -2.09984565    1.41048552    6.33585616    c      6.000     0
         -0.07448888    3.07353123    6.61331496    c      6.000     0
          2.37419739    2.13558089    6.86885313    c      6.000     0
          2.79888957   -0.46446715    6.84738339    c      6.000     0
         -0.40374023    5.09048173    6.62796980    h      1.000     0
          3.94495959    3.42530592    7.07970864    h      1.000     0
          1.10290261   -4.14563556    6.55865225    h      1.000     0
          4.69857801   -1.19201103    7.04318971    h      1.000     0
 
       center of nuclear mass  :    0.34934682    0.47276931    6.59205844
       center of nuclear charge:    0.34931018    0.47275196    6.59222140

              +--------------------------------------------------+
              |               basis set information              |
              +--------------------------------------------------+

              we will work with the 1s 3p 5d 7f 9g ... basis set
              ...i.e. with spherical basis functions...

   type   atoms  prim   cont   basis
   ---------------------------------------------------------------------------
    h        6     33     30   def2-QZVP   [4s3p2d1f|7s3p2d1f]
    c        6     77     57   def2-QZVP   [7s4p3d2f1g|15s8p3d2f1g]
   ---------------------------------------------------------------------------
   total:   12    660    522
   ---------------------------------------------------------------------------

   total number of primitive shells          :   42
   total number of contracted shells         :  162
   total number of cartesian basis functions :  642
   total number of SCF-basis functions       :  522


 integral neglect threshold       :  0.52E-11
 integral storage threshold THIZE :  0.10E-04
 integral storage threshold THIME :         5

 RI-J AUXILIARY BASIS SET information:

              we will work with the 1s 3p 5d 7f 9g ... basis set
              ...i.e. with spherical basis functions...

   type   atoms  prim   cont   basis
   ---------------------------------------------------------------------------
    h        6     16     11   def2-QZVP   [3s1p1d|5s2p1d]
    c        6     70     49   def2-QZVP   [6s4p3d1f1g|12s5p4d2f1g]
   ---------------------------------------------------------------------------
   total:   12    516    360
   ---------------------------------------------------------------------------

   total number of primitive shells          :   32
   total number of contracted shells         :  120
   total number of cartesian basis functions :  438
   total number of SCF-basis functions       :  360


 symmetry group of the molecule :   c1 

 the group has the following generators :
   c1(z)

    1 symmetry operations found

 there are 1 real representations :   a   

 maximum number of shells which are related by symmetry :  1


    mo occupation :
   irrep   mo's   occupied
    a      522       21
 
 number of basis functions   :                    522
 number of occupied orbitals :                     21
 
  
           ------------------
           density functional
           ------------------
 PBE functional
 exchange:    LDA + PBE
 correlation: LDA (PW) + PBE

 spherical integration : Lebedev's spherical grid
 spherical gridsize    :                     5
    i.e. gridpoints    :                   590
 value for diffuse not defined
 radial integration    : Chebyshev 2nd kind (scaling 3)
 radial gridsize       :                     8
 integration cells     :                    12
 partition function    : becke
 partition sharpness   :                     3
  

 biggest AO integral is expected to be     5.262544080
  
           ------------------------
               RI-J - INFORMATION
           ------------------------
 Contributions to RI integral batches: 
  neglected integral batches:                  1439
  direct contribution:                         2224
  memory contribution:                  9540
 Memory core needed for (P|Q) and Cholesky      1 MByte
 Memory core minimum needed except of (P|Q)     2 MByte
 Total minimum memory core needed (sum)         3 MByte
  
 ****************************************
 Memory allocated for RI-J   434 MByte
 ****************************************
                                            

          ------------------------
          nuclear repulsion energy  :   203.607446306    
          ------------------------

  _________________________________
 |                                 |
 |         DFTD3 V3.1 Rev 0        |
 | S.Grimme, University Bonn       |
 |            June  2014           |
 |   see standalone version        |
 |       dftd3 -h for options      |
 |_________________________________|
 
 Please cite DFT-D3 work done with this code as:
 S. Grimme, J. Antony, S. Ehrlich and H. Krieg,
 J. Chem. Phys, 132 (2010), 154104.
 If used with BJ-damping cite also
 S. Grimme, S. Ehrlich and L. Goerigk,
 J. Comput. Chem. 32 (2011), 1456-1465
 For DFT-D2 the reference is
 S. Grimme, J. Comput. Chem., 27 (2006), 1787-1799
 
C6 coefficients used:
                     2  C6 for element                      1
Z=  1 CN= 0.912     C6(AA)=    3.03
Z=  1 CN= 0.000     C6(AA)=    7.59
                     5  C6 for element                      6
Z=  6 CN= 0.000     C6(AA)=   49.11
Z=  6 CN= 0.987     C6(AA)=   43.25
Z=  6 CN= 1.998     C6(AA)=   29.36
Z=  6 CN= 2.999     C6(AA)=   25.78
Z=  6 CN= 3.984     C6(AA)=   18.21

#           XYZ [au]              R0(AA) [Ang.]  CN          C6(AA)     C8(AA)   C10(AA) [au]
  1  -3.24894  -2.48134   6.11348   h   0.395  1.003         3.1        37.3       553.0
  2  -4.00078   2.13835   6.14314   h   0.395  1.003         3.1        37.3       553.0
  3   0.77380  -2.12779   6.57015   c   0.610  3.132        25.3       732.7     25960.3
  4  -1.67621  -1.19060   6.31563   c   0.610  3.132        25.3       732.8     25961.4
  5  -2.09985   1.41049   6.33586   c   0.610  3.132        25.3       732.7     25960.3
  6  -0.07449   3.07353   6.61331   c   0.610  3.132        25.3       732.7     25960.5
  7   2.37420   2.13558   6.86885   c   0.610  3.132        25.3       732.7     25959.6
  8   2.79889  -0.46447   6.84738   c   0.610  3.132        25.3       732.7     25960.4
  9  -0.40374   5.09048   6.62797   h   0.395  1.003         3.1        37.3       553.0
 10   3.94496   3.42531   7.07971   h   0.395  1.003         3.1        37.3       552.9
 11   1.10290  -4.14564   6.55865   h   0.395  1.003         3.1        37.3       553.0
 12   4.69858  -1.19201   7.04319   h   0.395  1.003         3.1        37.3       553.0

molecular C6(AA) [au] =      1659.28

           DFT-D V3(BJ)
 DF pbe                                               
 parameters
 s6       :    1.0000
 s8       :    0.7875
 a1       :    0.4289
 a2       :    4.4407
 k1-k3    :   16.0000    1.3333   -4.0000
 
 Edisp /kcal,au:    -6.8839 -0.01097012

 E6    /kcal :    -4.7892
 E8    /kcal :    -2.0946
 % E8        : 30.43
 nuclear repulsion energy                  =     203.607446306
 empirical dispersive energy correction    =      -0.010970121
 nuclear repulsion + dispersion correction =     203.596476185


         -----------------
         -S,T+V- integrals
         -----------------

 1e-integrals will be neglected if expon. factor < 0.520555E-12
 
   Difference densities algorithm switched on.
   The maximal number of linear combinations of
   difference densities is                    20 .

 DIIS switched on: error vector is FDS-SDF
 Max. Iterations for DIIS is     :   4
 DIIS matrix (see manual) 
    Scaling factor of diagonals  :  1.200
    threshold for scaling factor :  0.000

 scf convergence criterion : increment of total energy < .1000000D-06
                  and increment of one-electron energy < .1000000D-03

  MOs are in ASCII format !


 automatic virtual orbital shift switched on 
      shift if e(lumo)-e(homo) < 0.10000000    


 reading orbital data $scfmo  from file mos
 orbital characterization : scfconv=7

 DSCF restart information will be dumped onto file mos


 Starting SCF iterations

          Overall gridpoints after grid construction =        188437

 ITERATION  ENERGY          1e-ENERGY        2e-ENERGY     RMS[dD(SAO)]   TOL
   1  -232.04712548093    -714.60001681     278.95641515    0.000D+00 0.519D-11
                            Exc = -34.4863676953     Coul =  313.442782840    
                              N = 42.000000327    
                            current damping = 0.300
 
          max. resid. norm for Fia-block=  4.146D-06 for orbital     14a         
          max. resid. fock norm         =  9.645D-06 for orbital      6a         

 ITERATION  ENERGY          1e-ENERGY        2e-ENERGY     RMS[dD(SAO)]   TOL
   2  -232.04712548078    -714.59984155     278.95623988    0.538D-07 0.329D-11
                            Exc = -34.4863587421     Coul =  313.442598627    
                              N = 42.000000327    
                            current damping = 0.300
 
          Norm of current diis error: 0.10743E-03
          max. resid. norm for Fia-block=  1.693D-06 for orbital     21a         
          max. resid. fock norm         =  4.239D-06 for orbital      6a         

 ENERGY & DENSITY CONVERGED !


 ITERATION  ENERGY          1e-ENERGY        2e-ENERGY     RMS[dD(SAO)]   TOL
   3  -232.04712548102    -714.59990072     278.95629905    0.245D-07 0.308D-11
                            Exc = -34.4863625257     Coul =  313.442661575    
                              N = 42.000000327    
                            current damping = 0.350
 
          Norm of current diis error: 0.29478E-04
          max. resid. norm for Fia-block=  5.891D-07 for orbital     15a         
          max. resid. fock norm         =  1.023D-06 for orbital      3a         

 End of SCF iterations

   convergence criteria satisfied after     3 iterations


                  ------------------------------------------ 
                 |  total energy      =   -232.04712548102  |
                  ------------------------------------------ 
                 :  kinetic energy    =    231.01793412339  :
                 :  potential energy  =   -463.06505960440  :
                 :  virial theorem    =      1.99556473128  :
                 :  wavefunction norm =      1.00000000000  :
                  .......................................... 


 orbitals $scfmo  will be written to file mos

    irrep                 17a         18a         19a         20a         21a   
 eigenvalues H         -0.33314    -0.30204    -0.30198    -0.23255    -0.23252
            eV          -9.0653     -8.2190     -8.2174     -6.3281     -6.3274
 occupation              2.0000      2.0000      2.0000      2.0000      2.0000

    irrep                 22a         23a         24a         25a         26a   
 eigenvalues H         -0.04409    -0.04407     0.00730     0.03332     0.03333
            eV          -1.1998     -1.1992      0.1986      0.9066      0.9069
 
 
 
 
 ==============================================================================
                           electrostatic moments
 ==============================================================================

 reference point for electrostatic moments:    0.00000   0.00000   0.00000

 
              nuc           elec       ->  total
 ------------------------------------------------------------------------------
                          charge      
 ------------------------------------------------------------------------------
          42.000000     -42.000000       0.000000
 
 ------------------------------------------------------------------------------
                       dipole moment  
 ------------------------------------------------------------------------------
   x      14.671028     -14.671038      -0.000010
   y      19.855582     -19.855477       0.000105
   z     276.873299    -276.871320       0.001978
 
   | dipole moment | =     0.0020 a.u. =     0.0050 debye 
 
 ------------------------------------------------------------------------------
                     quadrupole moment
 ------------------------------------------------------------------------------
  xx     193.344310    -217.365394     -24.021084
  yy     199.927688    -223.882955     -23.955267
  zz    1827.793104   -1857.178640     -29.385536
  xy       6.363695      -6.379912      -0.016216
  xz     118.182800    -117.571979       0.610821
  yz     135.883892    -135.747178       0.136714
 
     1/3  trace=     -25.787295
     anisotropy=       5.505535
 
 ==============================================================================
 
HOMO-LUMO Separation
 HOMO         :   -0.23252432 H =     -6.32731 eV
 LUMO         :   -0.04409296 H =     -1.19983 eV
 HOMO-LUMO gap:    0.18843135 H =     +5.12748 eV
 
 ==============================================================================


    ------------------------------------------------------------------------
         total  cpu-time :  24.73 seconds
         total wall-time :  24.75 seconds
    ------------------------------------------------------------------------

   ****  ridft : all done  ****


    2020-08-30 23:10:32.090 

 ridft ended normally
