
 ridft (tigris) : TURBOMOLE rev. V7.4.1 (b987a8a8) compiled 15 Oct 2019 at 12:03:25
 Copyright (C) 2019 TURBOMOLE GmbH, Karlsruhe


    2020-08-30 23:03:45.808 



                                  r i d f t

                        DFT program with RI approximation 
                                for coulomb part 




                                                 
                                 References:     
                                                 
          TURBOMOLE:                             
              R. Ahlrichs, M. Baer, M. Haeser, H. Horn, and
              C. Koelmel
              Electronic structure calculations on workstation
              computers: the program system TURBOMOLE
              Chem. Phys. Lett. 162: 165 (1989)
          Density Functional:                              
              O. Treutler and R. Ahlrichs                      
              Efficient Molecular Numerical Integration Schemes
              J. Chem. Phys. 102: 346 (1995)                   
          Parallel Version:                                
              Performance of parallel TURBOMOLE for Density    
              Functional Calculations                          
              M. v. Arnim and R. Ahlrichs                      
              J. Comp. Chem. 19: 1746 (1998)                   
          RI-J Method:                                     
              Auxiliary Basis Sets to approximate Coulomb      
              Potentials                                       
              Chem. Phys. Lett. 240: 283 (1995)                
              K. Eichkorn, O. Treutler, H. Oehm, M. Haeser     
              and R. Ahlrichs                                  
              Chem. Phys. Lett. 242: 652 (1995)                
                                                           
              Auxiliary Basis Sets for Main Row Atoms and their
              Use to approximate Coulomb Potentials            
              K. Eichkorn, F. Weigend, O. Treutler and         
              R. Ahlrichs                                      
              Theo. Chem. Acc. 97: 119 (1997)                   
                                                           
              Accurate Coulomb-fitting basis sets for H to Rn 
              F. Weigend                                        
              Phys. Chem. Chem. Phys. 8: 1057 (2006)            
                                                           
          Multipole accelerated RI-J (MARI-J):             
              Fast evaluation of the Coulomb potential for     
              electron densities using multipole accelerated   
              resolution of identity approximation             
              M. Sierka, A. Hogekamp and R. Ahlrichs           
              J. Chem. Phys. 118: 9136 (2003)                  
          RI-JK Method:                                     
              A fully direct RI-HF algorithm: Implementation,
              optimised auxiliary basis sets, demonstration of
              accuracy and efficiency                         
              F. Weigend                                      
              Phys. Chem. Chem. Phys. 4: 4285 (2002)           
          Two-component HF and DFT with spin-orbit coupling:  
              Self-consistent treatment of spin-orbit         
              interactions with efficient Hartree-Fock and    
              density functional methods                      
              M. K. Armbruster, F. Weigend, C. van Wüllen and 
              W. Klopper                                      
              Phys. Chem. Chem. Phys. 10: 1748 (2008)         
          Two-component difference density and DIIS algorithm 
              Efficient two-component self-consistent field   
              procedures and gradients: implementation in     
              TURBOMOLE and application to Au20-              
              A. Baldes, F. Weigend                           
              Mol. Phys. 111: 2617 (2013)                     
          Relativistic all-electron 2c calculations           
              An efficient implementation of two-component    
              relativistic exact-decoupling methods for large 
              molecules                                       
              D. Peng, N. Middendorf, F. Weigend, M. Reiher   
              J. Chem. Phys. 138: 184105 (2013)               
          Finite nucleus model and SNSO approximation         
              Efficient implementation of one- and two-       
              component analytical energy gradients in exact  
              two-component theory                            
              Y. J. Franzke, N. Middendorf, F. Weigend        
              J. Chem. Phys. 148: 104110 (2018)               
                                         




              +--------------------------------------------------+
              |      general information about current run       |
              +--------------------------------------------------+

 

 DENSITY CONVERGENCE CHECK SWITCHED ON !
 SCF CONVERGENCE IF RMS(delta[D]) <     0.1000000000E-06

 PBE functional
 exchange:    LDA + PBE
 correlation: LDA (PW) + PBE
 A DFT calculation using the RI-J approximation will be carried out.
 Allocatable memory for RI due to $ricore (MB):                   500


              +--------------------------------------------------+
              | Atomic coordinate, charge and isotop information |
              +--------------------------------------------------+

                    atomic coordinates            atom    charge  isotop
         -0.00004364    0.00087290   -3.59105597    c      6.000     0
          0.00004647   -0.00265902   -5.64283756    h      1.000     0
         -1.67335301   -0.96427450   -2.90105739    h      1.000     0
          1.67358558   -0.96399050   -2.90098855    h      1.000     0
         -0.00017619    1.93439607   -2.90600719    h      1.000     0
 
       center of nuclear mass  :   -0.00002621    0.00087167   -3.59021825
       center of nuclear charge:   -0.00001590    0.00087095   -3.58972265

              +--------------------------------------------------+
              |               basis set information              |
              +--------------------------------------------------+

              we will work with the 1s 3p 5d 7f 9g ... basis set
              ...i.e. with spherical basis functions...

   type   atoms  prim   cont   basis
   ---------------------------------------------------------------------------
    c        1     77     57   def2-QZVP   [7s4p3d2f1g|15s8p3d2f1g]
    h        4     33     30   def2-QZVP   [4s3p2d1f|7s3p2d1f]
   ---------------------------------------------------------------------------
   total:    5    209    177
   ---------------------------------------------------------------------------

   total number of primitive shells          :   42
   total number of contracted shells         :   57
   total number of cartesian basis functions :  212
   total number of SCF-basis functions       :  177


 integral neglect threshold       :  0.16E-10
 integral storage threshold THIZE :  0.10E-04
 integral storage threshold THIME :         5

 RI-J AUXILIARY BASIS SET information:

              we will work with the 1s 3p 5d 7f 9g ... basis set
              ...i.e. with spherical basis functions...

   type   atoms  prim   cont   basis
   ---------------------------------------------------------------------------
    c        1     70     49   def2-QZVP   [6s4p3d1f1g|12s5p4d2f1g]
    h        4     16     11   def2-QZVP   [3s1p1d|5s2p1d]
   ---------------------------------------------------------------------------
   total:    5    134     93
   ---------------------------------------------------------------------------

   total number of primitive shells          :   32
   total number of contracted shells         :   35
   total number of cartesian basis functions :  109
   total number of SCF-basis functions       :   93


 symmetry group of the molecule :   c1 

 the group has the following generators :
   c1(z)

    1 symmetry operations found

 there are 1 real representations :   a   

 maximum number of shells which are related by symmetry :  1


    mo occupation :
   irrep   mo's   occupied
    a      177        5
 
 number of basis functions   :                    177
 number of occupied orbitals :                      5
 
  
           ------------------
           density functional
           ------------------
 PBE functional
 exchange:    LDA + PBE
 correlation: LDA (PW) + PBE

 spherical integration : Lebedev's spherical grid
 spherical gridsize    :                     5
    i.e. gridpoints    :                   590
 value for diffuse not defined
 radial integration    : Chebyshev 2nd kind (scaling 3)
 radial gridsize       :                     8
 integration cells     :                     5
 partition function    : becke
 partition sharpness   :                     3
  

 biggest AO integral is expected to be     5.262544080
  
           ------------------------
               RI-J - INFORMATION
           ------------------------
 Contributions to RI integral batches: 
  neglected integral batches:                     0
  direct contribution:                            0
  memory contribution:                  1653
 Memory core needed for (P|Q) and Cholesky      1 MByte
 Memory core minimum needed except of (P|Q)     1 MByte
 Total minimum memory core needed (sum)         1 MByte
  
 ****************************************
 Memory allocated for RI-J    20 MByte
 ****************************************
                                            

          ------------------------
          nuclear repulsion energy  :   13.4902513177    
          ------------------------

  _________________________________
 |                                 |
 |         DFTD3 V3.1 Rev 0        |
 | S.Grimme, University Bonn       |
 |            June  2014           |
 |   see standalone version        |
 |       dftd3 -h for options      |
 |_________________________________|
 
 Please cite DFT-D3 work done with this code as:
 S. Grimme, J. Antony, S. Ehrlich and H. Krieg,
 J. Chem. Phys, 132 (2010), 154104.
 If used with BJ-damping cite also
 S. Grimme, S. Ehrlich and L. Goerigk,
 J. Comput. Chem. 32 (2011), 1456-1465
 For DFT-D2 the reference is
 S. Grimme, J. Comput. Chem., 27 (2006), 1787-1799
 
C6 coefficients used:
                     2  C6 for element                      1
Z=  1 CN= 0.912     C6(AA)=    3.03
Z=  1 CN= 0.000     C6(AA)=    7.59
                     5  C6 for element                      6
Z=  6 CN= 0.000     C6(AA)=   49.11
Z=  6 CN= 0.987     C6(AA)=   43.25
Z=  6 CN= 1.998     C6(AA)=   29.36
Z=  6 CN= 2.999     C6(AA)=   25.78
Z=  6 CN= 3.984     C6(AA)=   18.21

#           XYZ [au]              R0(AA) [Ang.]  CN          C6(AA)     C8(AA)   C10(AA) [au]
  1  -0.00004   0.00087  -3.59106   c   0.610  3.974        18.4       530.8     18805.1
  2   0.00005  -0.00266  -5.64284   h   0.395  0.994         3.1        37.4       553.7
  3  -1.67335  -0.96427  -2.90106   h   0.395  0.994         3.1        37.4       553.7
  4   1.67359  -0.96399  -2.90099   h   0.395  0.994         3.1        37.4       553.7
  5  -0.00018   1.93440  -2.90601   h   0.395  0.994         3.1        37.4       553.7

molecular C6(AA) [au] =       127.64

           DFT-D V3(BJ)
 DF pbe                                               
 parameters
 s6       :    1.0000
 s8       :    0.7875
 a1       :    0.4289
 a2       :    4.4407
 k1-k3    :   16.0000    1.3333   -4.0000
 
 Edisp /kcal,au:    -0.7435 -0.00118490

 E6    /kcal :    -0.5600
 E8    /kcal :    -0.1836
 % E8        : 24.69
 nuclear repulsion energy                  =      13.490251318
 empirical dispersive energy correction    =      -0.001184904
 nuclear repulsion + dispersion correction =      13.489066414


         -----------------
         -S,T+V- integrals
         -----------------

 1e-integrals will be neglected if expon. factor < 0.157640E-11
 
   Difference densities algorithm switched on.
   The maximal number of linear combinations of
   difference densities is                    20 .

 DIIS switched on: error vector is FDS-SDF
 Max. Iterations for DIIS is     :   4
 DIIS matrix (see manual) 
    Scaling factor of diagonals  :  1.200
    threshold for scaling factor :  0.000

 scf convergence criterion : increment of total energy < .1000000D-06
                  and increment of one-electron energy < .1000000D-03

  MOs are in ASCII format !


 automatic virtual orbital shift switched on 
      shift if e(lumo)-e(homo) < 0.10000000    


 reading orbital data $scfmo  from file mos
 orbital characterization : scfconv=7

 DSCF restart information will be dumped onto file mos


 Starting SCF iterations

          Overall gridpoints after grid construction =         72303

 ITERATION  ENERGY          1e-ENERGY        2e-ENERGY     RMS[dD(SAO)]   TOL
   1  -40.468580335226    -79.958998106     26.001351357    0.000D+00 0.157D-10
                            Exc = -6.83617639148     Coul =  32.8375277482    
                              N = 9.9999998992    
                            current damping = 0.300
 
          max. resid. norm for Fia-block=  2.660D-06 for orbital      3a         
          max. resid. fock norm         =  4.348D-06 for orbital    160a         

 ITERATION  ENERGY          1e-ENERGY        2e-ENERGY     RMS[dD(SAO)]   TOL
   2  -40.468580335247    -79.958979306     26.001332557    0.548D-07 0.997D-11
                            Exc = -6.83617444771     Coul =  32.8375070044    
                              N = 9.9999998992    
                            current damping = 0.300
 
          Norm of current diis error: 0.16526E-04
          max. resid. norm for Fia-block=  7.868D-07 for orbital      5a         
          max. resid. fock norm         =  9.219D-07 for orbital     95a         

 ENERGY & DENSITY CONVERGED !


 ITERATION  ENERGY          1e-ENERGY        2e-ENERGY     RMS[dD(SAO)]   TOL
   3  -40.468580335250    -79.958991808     26.001345058    0.193D-07 0.847D-11
                            Exc = -6.83617603878     Coul =  32.8375210973    
                              N = 9.9999998992    
                            current damping = 0.350
 
          Norm of current diis error: 0.47689E-05
          max. resid. norm for Fia-block=  2.823D-07 for orbital      3a         
          max. resid. fock norm         =  3.484D-07 for orbital    101a         

 End of SCF iterations

   convergence criteria satisfied after     3 iterations


                  ------------------------------------------ 
                 |  total energy      =    -40.46858033525  |
                  ------------------------------------------ 
                 :  kinetic energy    =     40.27509227849  :
                 :  potential energy  =    -80.74367261374  :
                 :  virial theorem    =      1.99521880790  :
                 :  wavefunction norm =      1.00000000000  :
                  .......................................... 


 orbitals $scfmo  will be written to file mos

    irrep                  1a          2a          3a          4a          5a   
 eigenvalues H         -9.86279    -0.62777    -0.34804    -0.34745    -0.34743
            eV        -268.3824    -17.0825     -9.4706     -9.4545     -9.4541
 occupation              2.0000      2.0000      2.0000      2.0000      2.0000

    irrep                  6a          7a          8a          9a         10a   
 eigenvalues H          0.01291     0.08489     0.08494     0.08494     0.11315
            eV           0.3514      2.3099      2.3112      2.3114      3.0791
 
 
 
 
 ==============================================================================
                           electrostatic moments
 ==============================================================================

 reference point for electrostatic moments:    0.00000   0.00000   0.00000

 
              nuc           elec       ->  total
 ------------------------------------------------------------------------------
                          charge      
 ------------------------------------------------------------------------------
          10.000000     -10.000000       0.000000
 
 ------------------------------------------------------------------------------
                       dipole moment  
 ------------------------------------------------------------------------------
   x      -0.000159       0.000155      -0.000004
   y       0.008709      -0.008707       0.000002
   z     -35.897226      35.898264       0.001038
 
   | dipole moment | =     0.0010 a.u. =     0.0026 debye 
 
 ------------------------------------------------------------------------------
                     quadrupole moment
 ------------------------------------------------------------------------------
  xx       5.600999     -11.910903      -6.309904
  yy       5.601003     -11.910888      -6.309885
  zz     134.492460    -140.799298      -6.306839
  xy      -0.000090       0.000131       0.000041
  xz       0.000631      -0.000647      -0.000016
  yz      -0.031231       0.031244       0.000012
 
     1/3  trace=      -6.308876
     anisotropy=       0.003057
 
 ==============================================================================
 
HOMO-LUMO Separation
 HOMO         :   -0.34743025 H =     -9.45406 eV
 LUMO         :    0.01291500 H =     +0.35144 eV
 HOMO-LUMO gap:    0.36034525 H =     +9.80550 eV
 
 ==============================================================================


    ------------------------------------------------------------------------
         total  cpu-time :   2.53 seconds
         total wall-time :   2.53 seconds
    ------------------------------------------------------------------------

   ****  ridft : all done  ****


    2020-08-30 23:03:48.327 

 ridft ended normally
