
 ridft (riogrande) : TURBOMOLE rev. V7.4.1 (b987a8a8) compiled 15 Oct 2019 at 12:03:25
 Copyright (C) 2019 TURBOMOLE GmbH, Karlsruhe


    2020-07-20 18:32:18.208 



                                  r i d f t

                        DFT program with RI approximation 
                                for coulomb part 




                                                 
                                 References:     
                                                 
          TURBOMOLE:                             
              R. Ahlrichs, M. Baer, M. Haeser, H. Horn, and
              C. Koelmel
              Electronic structure calculations on workstation
              computers: the program system TURBOMOLE
              Chem. Phys. Lett. 162: 165 (1989)
          Density Functional:                              
              O. Treutler and R. Ahlrichs                      
              Efficient Molecular Numerical Integration Schemes
              J. Chem. Phys. 102: 346 (1995)                   
          Parallel Version:                                
              Performance of parallel TURBOMOLE for Density    
              Functional Calculations                          
              M. v. Arnim and R. Ahlrichs                      
              J. Comp. Chem. 19: 1746 (1998)                   
          RI-J Method:                                     
              Auxiliary Basis Sets to approximate Coulomb      
              Potentials                                       
              Chem. Phys. Lett. 240: 283 (1995)                
              K. Eichkorn, O. Treutler, H. Oehm, M. Haeser     
              and R. Ahlrichs                                  
              Chem. Phys. Lett. 242: 652 (1995)                
                                                           
              Auxiliary Basis Sets for Main Row Atoms and their
              Use to approximate Coulomb Potentials            
              K. Eichkorn, F. Weigend, O. Treutler and         
              R. Ahlrichs                                      
              Theo. Chem. Acc. 97: 119 (1997)                   
                                                           
              Accurate Coulomb-fitting basis sets for H to Rn 
              F. Weigend                                        
              Phys. Chem. Chem. Phys. 8: 1057 (2006)            
                                                           
          Multipole accelerated RI-J (MARI-J):             
              Fast evaluation of the Coulomb potential for     
              electron densities using multipole accelerated   
              resolution of identity approximation             
              M. Sierka, A. Hogekamp and R. Ahlrichs           
              J. Chem. Phys. 118: 9136 (2003)                  
          RI-JK Method:                                     
              A fully direct RI-HF algorithm: Implementation,
              optimised auxiliary basis sets, demonstration of
              accuracy and efficiency                         
              F. Weigend                                      
              Phys. Chem. Chem. Phys. 4: 4285 (2002)           
          Two-component HF and DFT with spin-orbit coupling:  
              Self-consistent treatment of spin-orbit         
              interactions with efficient Hartree-Fock and    
              density functional methods                      
              M. K. Armbruster, F. Weigend, C. van Wüllen and 
              W. Klopper                                      
              Phys. Chem. Chem. Phys. 10: 1748 (2008)         
          Two-component difference density and DIIS algorithm 
              Efficient two-component self-consistent field   
              procedures and gradients: implementation in     
              TURBOMOLE and application to Au20-              
              A. Baldes, F. Weigend                           
              Mol. Phys. 111: 2617 (2013)                     
          Relativistic all-electron 2c calculations           
              An efficient implementation of two-component    
              relativistic exact-decoupling methods for large 
              molecules                                       
              D. Peng, N. Middendorf, F. Weigend, M. Reiher   
              J. Chem. Phys. 138: 184105 (2013)               
          Finite nucleus model and SNSO approximation         
              Efficient implementation of one- and two-       
              component analytical energy gradients in exact  
              two-component theory                            
              Y. J. Franzke, N. Middendorf, F. Weigend        
              J. Chem. Phys. 148: 104110 (2018)               
                                         




              +--------------------------------------------------+
              |      general information about current run       |
              +--------------------------------------------------+

 

 DENSITY CONVERGENCE CHECK SWITCHED ON !
 SCF CONVERGENCE IF RMS(delta[D]) <     0.1000000000E-06

 PBE functional
 exchange:    LDA + PBE
 correlation: LDA (PW) + PBE
 A DFT calculation using the RI-J approximation will be carried out.
 Allocatable memory for RI due to $ricore (MB):                   500


              +--------------------------------------------------+
              | Atomic coordinate, charge and isotop information |
              +--------------------------------------------------+

                    atomic coordinates            atom    charge  isotop
          0.33979232   -0.14588223   -0.22303425    c      6.000     0
          3.25539243    0.75405978    1.18689182    cl    17.000     0
          0.24634602   -2.19033621   -0.29308993    h      1.000     0
         -1.19142922    0.59401413    0.91747534    h      1.000     0
          0.25503586    0.63447211   -2.11439189    h      1.000     0
 
       center of nuclear mass  :    2.35301529    0.47559664    0.75063482
       center of nuclear charge:    2.18039915    0.42237972    0.66726727

              +--------------------------------------------------+
              |               basis set information              |
              +--------------------------------------------------+

              we will work with the 1s 3p 5d 7f 9g ... basis set
              ...i.e. with spherical basis functions...

   type   atoms  prim   cont   basis
   ---------------------------------------------------------------------------
    c        1     50     30   cc-pVTZ   [4s3p2d1f|18s5p2d1f]
    cl       1    106     34   cc-pVTZ   [5s4p2d1f|41s16p2d1f]
    h        3     16     14   cc-pVTZ   [3s2p1d|5s2p1d]
   ---------------------------------------------------------------------------
   total:    5    204    106
   ---------------------------------------------------------------------------

   total number of primitive shells          :   94
   total number of contracted shells         :   40
   total number of cartesian basis functions :  119
   total number of SCF-basis functions       :  106


 integral neglect threshold       :  0.28E-10
 integral storage threshold THIZE :  0.10E-04
 integral storage threshold THIME :         5

 RI-J AUXILIARY BASIS SET information:

              we will work with the 1s 3p 5d 7f 9g ... basis set
              ...i.e. with spherical basis functions...

   type   atoms  prim   cont   basis
   ---------------------------------------------------------------------------
    c        1     70     49   cc-pVTZ   [6s4p3d1f1g|12s5p4d2f1g]
    cl       1     77     51   cc-pVTZ   [8s4p3d1f1g|14s5p5d2f1g]
    h        3     16     11   cc-pVTZ   [3s1p1d|5s2p1d]
   ---------------------------------------------------------------------------
   total:    5    195    133
   ---------------------------------------------------------------------------

   total number of primitive shells          :   59
   total number of contracted shells         :   47
   total number of cartesian basis functions :  160
   total number of SCF-basis functions       :  133


 symmetry group of the molecule :   c1 

 the group has the following generators :
   c1(z)

    1 symmetry operations found

 there are 1 real representations :   a   

 maximum number of shells which are related by symmetry :  1


    mo occupation :
   irrep   mo's   occupied
    a      106       13
 
 number of basis functions   :                    106
 number of occupied orbitals :                     13
 
  
           ------------------
           density functional
           ------------------
 PBE functional
 exchange:    LDA + PBE
 correlation: LDA (PW) + PBE

 spherical integration : Lebedev's spherical grid
 spherical gridsize    :                     5
    i.e. gridpoints    :                   590
 value for diffuse not defined
 radial integration    : Chebyshev 2nd kind (scaling 3)
 radial gridsize       :                     8
 integration cells     :                     5
 partition function    : becke
 partition sharpness   :                     3
  

 biggest AO integral is expected to be    10.299856942
  
           ------------------------
               RI-J - INFORMATION
           ------------------------
 Contributions to RI integral batches: 
  neglected integral batches:                     0
  direct contribution:                            0
  memory contribution:                   820
 Memory core needed for (P|Q) and Cholesky      1 MByte
 Memory core minimum needed except of (P|Q)     1 MByte
 Total minimum memory core needed (sum)         1 MByte
  
 ****************************************
 Memory allocated for RI-J     9 MByte
 ****************************************
                                            

          ------------------------
          nuclear repulsion energy  :   51.4606601793    
          ------------------------


         -----------------
         -S,T+V- integrals
         -----------------

 1e-integrals will be neglected if expon. factor < 0.280837E-11
 
   Difference densities algorithm switched on.
   The maximal number of linear combinations of
   difference densities is                    20 .

 DIIS switched on: error vector is FDS-SDF
 Max. Iterations for DIIS is     :   4
 DIIS matrix (see manual) 
    Scaling factor of diagonals  :  1.200
    threshold for scaling factor :  0.000

 scf convergence criterion : increment of total energy < .1000000D-06
                  and increment of one-electron energy < .1000000D-03

  MOs are in ASCII format !


 automatic virtual orbital shift switched on 
      shift if e(lumo)-e(homo) < 0.10000000    


 reading orbital data $scfmo  from file mos
 orbital characterization : expanded
 mo provided and orthogonalized by Cholesky decomposition

 DSCF restart information will be dumped onto file mos


 Starting SCF iterations

          Overall gridpoints after grid construction =         80048

 ITERATION  ENERGY          1e-ENERGY        2e-ENERGY     RMS[dD(SAO)]   TOL
   1  -499.59756973212    -788.59313206     237.53490215    0.000D+00 0.280D-10
                            Exc = -34.2887471764     Coul =  271.823649322    
                              N = 25.999999998    
                            current damping = 0.300
 
          max. resid. norm for Fia-block=  2.645D-01 for orbital      8a         
          max. resid. fock norm         =  4.648D+00 for orbital    104a         

 ITERATION  ENERGY          1e-ENERGY        2e-ENERGY     RMS[dD(SAO)]   TOL
   2  -499.86580448822    -790.71096096     239.38449629    0.625D-02 0.181D-10
                            Exc = -34.5189415974     Coul =  273.903437886    
                              N = 25.999999994    
                            current damping = 0.250
 
          Norm of current diis error: 0.76134    
          max. resid. norm for Fia-block=  6.638D-02 for orbital      7a         
          max. resid. fock norm         =  1.958D-01 for orbital     56a         

 ITERATION  ENERGY          1e-ENERGY        2e-ENERGY     RMS[dD(SAO)]   TOL
   3  -499.89263605270    -790.42297331     239.06967708    0.263D-02 0.156D-10
                            Exc = -34.4977817917     Coul =  273.567458870    
                              N = 25.999999987    
                            current damping = 0.200
 
          Norm of current diis error: 0.24128    
          max. resid. norm for Fia-block=  1.387D-02 for orbital      8a         
          max. resid. fock norm         =  1.778D-02 for orbital     14a         

 ITERATION  ENERGY          1e-ENERGY        2e-ENERGY     RMS[dD(SAO)]   TOL
   4  -499.89571539413    -790.49633761     239.13996204    0.775D-03 0.139D-10
                            Exc = -34.5104199573     Coul =  273.650381998    
                              N = 25.999999985    
                            current damping = 0.250
 
          Norm of current diis error: 0.28637E-01
          max. resid. norm for Fia-block=  2.863D-03 for orbital      7a         
          max. resid. fock norm         =  5.359D-03 for orbital     99a         

 ITERATION  ENERGY          1e-ENERGY        2e-ENERGY     RMS[dD(SAO)]   TOL
   5  -499.89576230794    -790.57441645     239.21799396    0.133D-03 0.130D-10
                            Exc = -34.5152344118     Coul =  273.733228375    
                              N = 25.999999985    
                            current damping = 0.100
 
          Norm of current diis error: 0.95918E-02
          max. resid. norm for Fia-block=  9.683D-04 for orbital     12a         
          max. resid. fock norm         =  1.146D-03 for orbital     14a         
          mo-orthogonalization: Cholesky decomposition

 ITERATION  ENERGY          1e-ENERGY        2e-ENERGY     RMS[dD(SAO)]   TOL
   6  -499.89576902969    -790.52004852     239.16361931    0.651D-04 0.127D-10
                            Exc = -34.5120037489     Coul =  273.675623062    
                              N = 25.999999985    
                            current damping = 0.150
 
          Norm of current diis error: 0.43876E-02
          max. resid. norm for Fia-block=  3.160D-04 for orbital     11a         
          max. resid. fock norm         =  4.468D-04 for orbital     99a         

 ITERATION  ENERGY          1e-ENERGY        2e-ENERGY     RMS[dD(SAO)]   TOL
   7  -499.89577050605    -790.53701634     239.18058565    0.168D-04 0.124D-10
                            Exc = -34.5130358682     Coul =  273.693621519    
                              N = 25.999999985    
                            current damping = 0.200
 
          Norm of current diis error: 0.61242E-03
          max. resid. norm for Fia-block=  6.767D-05 for orbital     11a         
          max. resid. fock norm         =  9.881D-05 for orbital     11a         

 ITERATION  ENERGY          1e-ENERGY        2e-ENERGY     RMS[dD(SAO)]   TOL
   8  -499.89577051840    -790.53714682     239.18071612    0.335D-05 0.123D-10
                            Exc = -34.5130557636     Coul =  273.693771888    
                              N = 25.999999985    
                            current damping = 0.100
 
          Norm of current diis error: 0.50602E-03
          max. resid. norm for Fia-block=  3.017D-05 for orbital     11a         
          max. resid. fock norm         =  4.032D-05 for orbital     11a         

 ENERGY & DENSITY CONVERGED !


 ITERATION  ENERGY          1e-ENERGY        2e-ENERGY     RMS[dD(SAO)]   TOL
   9  -499.89577053309    -790.53713516     239.18070445    0.151D-05 0.121D-10
                            Exc = -34.5130401972     Coul =  273.693744645    
                              N = 25.999999985    
                            current damping = 0.150
 
          Norm of current diis error: 0.15906E-03
          max. resid. norm for Fia-block=  8.804D-06 for orbital     10a         
          max. resid. fock norm         =  1.034D-05 for orbital     62a         

 End of SCF iterations

   convergence criteria satisfied after     9 iterations


                  ------------------------------------------ 
                 |  total energy      =   -499.89577053309  |
                  ------------------------------------------ 
                 :  kinetic energy    =    498.40091933486  :
                 :  potential energy  =   -998.29668986795  :
                 :  virial theorem    =      1.99700967424  :
                 :  wavefunction norm =      1.00000000000  :
                  .......................................... 


 <geterg> : there is no data group $energy 


 <skperg> : $end is missing 


 orbitals $scfmo  will be written to file mos

    irrep                  9a         10a         11a         12a         13a   
 eigenvalues H         -0.40396    -0.40386    -0.37697    -0.25733    -0.25726
            eV         -10.9923    -10.9896    -10.2580     -7.0024     -7.0005
 occupation              2.0000      2.0000      2.0000      2.0000      2.0000

    irrep                 14a         15a         16a         17a         18a   
 eigenvalues H         -0.01143     0.03273     0.07676     0.07676     0.19531
            eV          -0.3109      0.8906      2.0888      2.0889      5.3148
 
 
 
 
 ==============================================================================
                           electrostatic moments
 ==============================================================================

 reference point for electrostatic moments:    0.00000   0.00000   0.00000

 
              nuc           elec       ->  total
 ------------------------------------------------------------------------------
                          charge      
 ------------------------------------------------------------------------------
          26.000000     -26.000000      -0.000000
 
 ------------------------------------------------------------------------------
                       dipole moment  
 ------------------------------------------------------------------------------
   x      56.690378     -57.324939      -0.634561
   y      10.981873     -11.177418      -0.195545
   z      17.348949     -17.655278      -0.306329
 
   | dipole moment | =     0.7313 a.u. =     1.8587 debye 
 
 ------------------------------------------------------------------------------
                     quadrupole moment
 ------------------------------------------------------------------------------
  xx     182.396844    -198.988363     -16.591519
  yy      15.346975     -30.192663     -14.845689
  zz      29.644889     -44.602786     -14.957897
  xy      40.348017     -40.748550      -0.400533
  xz      63.525311     -64.156379      -0.631068
  yz      15.255442     -15.373974      -0.118532
 
     1/3  trace=     -15.465035
     anisotropy=       2.140745
 
 ==============================================================================
 
HOMO-LUMO Separation
 HOMO         :   -0.25726186 H =     -7.00046 eV
 LUMO         :   -0.01142554 H =     -0.31090 eV
 HOMO-LUMO gap:    0.24583632 H =     +6.68955 eV
 
 ==============================================================================


    ------------------------------------------------------------------------
         total  cpu-time :   4.33 seconds
         total wall-time :   4.33 seconds
    ------------------------------------------------------------------------

   ****  ridft : all done  ****


    2020-07-20 18:32:22.525 

