
 ridft (tigris) : TURBOMOLE rev. V7.4.1 (b987a8a8) compiled 15 Oct 2019 at 12:03:25
 Copyright (C) 2019 TURBOMOLE GmbH, Karlsruhe


    2020-08-30 22:36:49.947 



                                  r i d f t

                        DFT program with RI approximation 
                                for coulomb part 




                                                 
                                 References:     
                                                 
          TURBOMOLE:                             
              R. Ahlrichs, M. Baer, M. Haeser, H. Horn, and
              C. Koelmel
              Electronic structure calculations on workstation
              computers: the program system TURBOMOLE
              Chem. Phys. Lett. 162: 165 (1989)
          Density Functional:                              
              O. Treutler and R. Ahlrichs                      
              Efficient Molecular Numerical Integration Schemes
              J. Chem. Phys. 102: 346 (1995)                   
          Parallel Version:                                
              Performance of parallel TURBOMOLE for Density    
              Functional Calculations                          
              M. v. Arnim and R. Ahlrichs                      
              J. Comp. Chem. 19: 1746 (1998)                   
          RI-J Method:                                     
              Auxiliary Basis Sets to approximate Coulomb      
              Potentials                                       
              Chem. Phys. Lett. 240: 283 (1995)                
              K. Eichkorn, O. Treutler, H. Oehm, M. Haeser     
              and R. Ahlrichs                                  
              Chem. Phys. Lett. 242: 652 (1995)                
                                                           
              Auxiliary Basis Sets for Main Row Atoms and their
              Use to approximate Coulomb Potentials            
              K. Eichkorn, F. Weigend, O. Treutler and         
              R. Ahlrichs                                      
              Theo. Chem. Acc. 97: 119 (1997)                   
                                                           
              Accurate Coulomb-fitting basis sets for H to Rn 
              F. Weigend                                        
              Phys. Chem. Chem. Phys. 8: 1057 (2006)            
                                                           
          Multipole accelerated RI-J (MARI-J):             
              Fast evaluation of the Coulomb potential for     
              electron densities using multipole accelerated   
              resolution of identity approximation             
              M. Sierka, A. Hogekamp and R. Ahlrichs           
              J. Chem. Phys. 118: 9136 (2003)                  
          RI-JK Method:                                     
              A fully direct RI-HF algorithm: Implementation,
              optimised auxiliary basis sets, demonstration of
              accuracy and efficiency                         
              F. Weigend                                      
              Phys. Chem. Chem. Phys. 4: 4285 (2002)           
          Two-component HF and DFT with spin-orbit coupling:  
              Self-consistent treatment of spin-orbit         
              interactions with efficient Hartree-Fock and    
              density functional methods                      
              M. K. Armbruster, F. Weigend, C. van Wüllen and 
              W. Klopper                                      
              Phys. Chem. Chem. Phys. 10: 1748 (2008)         
          Two-component difference density and DIIS algorithm 
              Efficient two-component self-consistent field   
              procedures and gradients: implementation in     
              TURBOMOLE and application to Au20-              
              A. Baldes, F. Weigend                           
              Mol. Phys. 111: 2617 (2013)                     
          Relativistic all-electron 2c calculations           
              An efficient implementation of two-component    
              relativistic exact-decoupling methods for large 
              molecules                                       
              D. Peng, N. Middendorf, F. Weigend, M. Reiher   
              J. Chem. Phys. 138: 184105 (2013)               
          Finite nucleus model and SNSO approximation         
              Efficient implementation of one- and two-       
              component analytical energy gradients in exact  
              two-component theory                            
              Y. J. Franzke, N. Middendorf, F. Weigend        
              J. Chem. Phys. 148: 104110 (2018)               
                                         




              +--------------------------------------------------+
              |      general information about current run       |
              +--------------------------------------------------+

 

 DENSITY CONVERGENCE CHECK SWITCHED ON !
 SCF CONVERGENCE IF RMS(delta[D]) <     0.1000000000E-06

 PBE functional
 exchange:    LDA + PBE
 correlation: LDA (PW) + PBE
 A DFT calculation using the RI-J approximation will be carried out.
 Allocatable memory for RI due to $ricore (MB):                   500


              +--------------------------------------------------+
              | Atomic coordinate, charge and isotop information |
              +--------------------------------------------------+

                    atomic coordinates            atom    charge  isotop
          0.93420645    0.00025838   -0.56537988    i     53.000     0
         -0.05067953    0.00001856    2.32016743    h      1.000     0
 
       center of nuclear mass  :    0.92644536    0.00025649   -0.54264123
       center of nuclear charge:    0.91596782    0.00025394   -0.51194382

              +--------------------------------------------------+
              |               basis set information              |
              +--------------------------------------------------+

              we will work with the 1s 3p 5d 7f 9g ... basis set
              ...i.e. with spherical basis functions...

   type   atoms  prim   cont   basis
   ---------------------------------------------------------------------------
    i        1    151     82   def2-QZVP   [7s6p4d4f1g|17s14p11d4f1g]
    h        1     33     30   def2-QZVP   [4s3p2d1f|7s3p2d1f]
   ---------------------------------------------------------------------------
   total:    2    184    112
   ---------------------------------------------------------------------------

   total number of primitive shells          :   60
   total number of contracted shells         :   32
   total number of cartesian basis functions :  139
   total number of SCF-basis functions       :  112


 integral neglect threshold       :  0.24E-10
 integral storage threshold THIZE :  0.10E-04
 integral storage threshold THIME :         5

 number of unique ecp types :                     1
 RI-J AUXILIARY BASIS SET information:

              we will work with the 1s 3p 5d 7f 9g ... basis set
              ...i.e. with spherical basis functions...

   type   atoms  prim   cont   basis
   ---------------------------------------------------------------------------
    i        1     81     58   def2-QZVP   [8s4p3d2f1g|11s5p5d3f1g]
    h        1     16     11   def2-QZVP   [3s1p1d|5s2p1d]
   ---------------------------------------------------------------------------
   total:    2     97     69
   ---------------------------------------------------------------------------

   total number of primitive shells          :   33
   total number of contracted shells         :   23
   total number of cartesian basis functions :   85
   total number of SCF-basis functions       :   69


 symmetry group of the molecule :   c1 

 the group has the following generators :
   c1(z)

    1 symmetry operations found

 there are 1 real representations :   a   

 maximum number of shells which are related by symmetry :  1


    mo occupation :
   irrep   mo's   occupied
    a      112       13
 
 number of basis functions   :                    112
 number of occupied orbitals :                     13
 
  
           ------------------
           density functional
           ------------------
 PBE functional
 exchange:    LDA + PBE
 correlation: LDA (PW) + PBE

 spherical integration : Lebedev's spherical grid
 spherical gridsize    :                     5
    i.e. gridpoints    :                   590
 value for diffuse not defined
 radial integration    : Chebyshev 2nd kind (scaling 3)
 radial gridsize       :                     8
 integration cells     :                     2
 partition function    : becke
 partition sharpness   :                     3
  

 biggest AO integral is expected to be     1.853302183
  
           ------------------------
               RI-J - INFORMATION
           ------------------------
 Contributions to RI integral batches: 
  neglected integral batches:                     0
  direct contribution:                            0
  memory contribution:                   528
 Memory core needed for (P|Q) and Cholesky      1 MByte
 Memory core minimum needed except of (P|Q)     1 MByte
 Total minimum memory core needed (sum)         1 MByte
  
 ****************************************
 Memory allocated for RI-J     7 MByte
 ****************************************
                                            

          ------------------------
          nuclear repulsion energy  :   8.19941727171    
          ------------------------

  _________________________________
 |                                 |
 |         DFTD3 V3.1 Rev 0        |
 | S.Grimme, University Bonn       |
 |            June  2014           |
 |   see standalone version        |
 |       dftd3 -h for options      |
 |_________________________________|
 
 Please cite DFT-D3 work done with this code as:
 S. Grimme, J. Antony, S. Ehrlich and H. Krieg,
 J. Chem. Phys, 132 (2010), 154104.
 If used with BJ-damping cite also
 S. Grimme, S. Ehrlich and L. Goerigk,
 J. Comput. Chem. 32 (2011), 1456-1465
 For DFT-D2 the reference is
 S. Grimme, J. Comput. Chem., 27 (2006), 1787-1799
 
C6 coefficients used:
                     2  C6 for element                      1
Z=  1 CN= 0.912     C6(AA)=    3.03
Z=  1 CN= 0.000     C6(AA)=    7.59
                     2  C6 for element                     53
Z= 53 CN= 0.000     C6(AA)=  351.97
Z= 53 CN= 0.997     C6(AA)=  358.50

#           XYZ [au]              R0(AA) [Ang.]  CN          C6(AA)     C8(AA)   C10(AA) [au]
  1   0.93421   0.00026  -0.56538   i   1.088  0.997       358.4     32916.9   3703663.4
  2  -0.05068   0.00002   2.32017   h   0.395  0.997         3.1        37.4       553.5

molecular C6(AA) [au] =       427.82

           DFT-D V3(BJ)
 DF pbe                                               
 parameters
 s6       :    1.0000
 s8       :    0.7875
 a1       :    0.4289
 a2       :    4.4407
 k1-k3    :   16.0000    1.3333   -4.0000
 
 Edisp /kcal,au:    -0.2929 -0.00046678

 E6    /kcal :    -0.1888
 E8    /kcal :    -0.1042
 % E8        : 35.56
 nuclear repulsion energy                  =       8.199417272
 empirical dispersive energy correction    =      -0.000466783
 nuclear repulsion + dispersion correction =       8.198950489


         -----------------
         -S,T+V- integrals
         -----------------

 1e-integrals will be neglected if expon. factor < 0.240429E-11


          ----------------
          -ecp-  integrals
          ----------------
 
   Difference densities algorithm switched on.
   The maximal number of linear combinations of
   difference densities is                    20 .

 DIIS switched on: error vector is FDS-SDF
 Max. Iterations for DIIS is     :   4
 DIIS matrix (see manual) 
    Scaling factor of diagonals  :  1.200
    threshold for scaling factor :  0.000

 scf convergence criterion : increment of total energy < .1000000D-06
                  and increment of one-electron energy < .1000000D-03

  MOs are in ASCII format !


 automatic virtual orbital shift switched on 
      shift if e(lumo)-e(homo) < 0.10000000    


 reading orbital data $scfmo  from file mos
 orbital characterization : scfconv=7

 DSCF restart information will be dumped onto file mos


 Starting SCF iterations

          Overall gridpoints after grid construction =         39367

 ITERATION  ENERGY          1e-ENERGY        2e-ENERGY     RMS[dD(SAO)]   TOL
   1  -298.29343786096    -534.71554558     228.22315723    0.000D+00 0.240D-10
                            Exc = -22.5417187313     Coul =  250.764875962    
                              N = 25.999999869    
                            current damping = 0.300
 
          max. resid. norm for Fia-block=  7.871D-07 for orbital     10a         
          max. resid. fock norm         =  1.077D-06 for orbital     80a         

 ITERATION  ENERGY          1e-ENERGY        2e-ENERGY     RMS[dD(SAO)]   TOL
   2  -298.29343786098    -534.71558522     228.22319687    0.478D-07 0.152D-10
                            Exc = -22.5417218343     Coul =  250.764918703    
                              N = 25.999999869    
                            current damping = 0.300
 
          Norm of current diis error: 0.45693E-05
          max. resid. norm for Fia-block=  3.241D-07 for orbital      5a         
          max. resid. fock norm         =  4.094D-07 for orbital      5a         

 ENERGY & DENSITY CONVERGED !


 ITERATION  ENERGY          1e-ENERGY        2e-ENERGY     RMS[dD(SAO)]   TOL
   3  -298.29343786096    -534.71557512     228.22318677    0.137D-07 0.138D-10
                            Exc = -22.5417210329     Coul =  250.764907799    
                              N = 25.999999869    
                            current damping = 0.350
 
          Norm of current diis error: 0.80069E-06
          max. resid. norm for Fia-block=  8.428D-08 for orbital      5a         
          max. resid. fock norm         =  1.563D-07 for orbital     82a         

 End of SCF iterations

   convergence criteria satisfied after     3 iterations


                  ------------------------------------------ 
                 |  total energy      =   -298.29343786096  |
                  ------------------------------------------ 
                 :  kinetic energy    =    114.02069904049  :
                 :  potential energy  =   -412.31413690145  :
                 :  virial theorem    =      1.38224340387  :
                 :  wavefunction norm =      1.00000000000  :
                  .......................................... 


 orbitals $scfmo  will be written to file mos

    irrep                  9a         10a         11a         12a         13a   
 eigenvalues H         -1.81198    -0.65807    -0.37581    -0.24955    -0.24955
            eV         -49.3068    -17.9071    -10.2264     -6.7908     -6.7908
 occupation              2.0000      2.0000      2.0000      2.0000      2.0000

    irrep                 14a         15a         16a         17a         18a   
 eigenvalues H         -0.06519     0.04933     0.08658     0.10756     0.10756
            eV          -1.7738      1.3422      2.3560      2.9270      2.9270
 
 
 
 
 ==============================================================================
                           electrostatic moments
 ==============================================================================

 reference point for electrostatic moments:    0.00000   0.00000   0.00000

 
              nuc           elec       ->  total
 ------------------------------------------------------------------------------
                          charge      
 ------------------------------------------------------------------------------
          26.000000     -26.000000      -0.000000
 
 ------------------------------------------------------------------------------
                       dipole moment  
 ------------------------------------------------------------------------------
   x      23.304482     -23.359690      -0.055208
   y       0.006478      -0.006491      -0.000013
   z     -11.814330      11.976081       0.161751
 
   | dipole moment | =     0.1709 a.u. =     0.4344 debye 
 
 ------------------------------------------------------------------------------
                     quadrupole moment
 ------------------------------------------------------------------------------
  xx      21.821111     -42.923525     -21.102414
  yy       0.000002     -21.351676     -21.351674
  zz      13.374537     -31.884045     -18.509508
  xy       0.006034      -0.005975       0.000059
  xz     -13.322123      12.471939      -0.850184
  yz      -0.003609       0.003407      -0.000202
 
     1/3  trace=     -20.321199
     anisotropy=       3.098393
 
 ==============================================================================
 
HOMO-LUMO Separation
 HOMO         :   -0.24955387 H =     -6.79071 eV
 LUMO         :   -0.06518707 H =     -1.77383 eV
 HOMO-LUMO gap:    0.18436680 H =     +5.01688 eV
 
 ==============================================================================


    ------------------------------------------------------------------------
         total  cpu-time :   0.82 seconds
         total wall-time :   0.82 seconds
    ------------------------------------------------------------------------

   ****  ridft : all done  ****


    2020-08-30 22:36:50.750 

 ridft ended normally
