
 ridft (tigris) : TURBOMOLE rev. V7.4.1 (b987a8a8) compiled 15 Oct 2019 at 12:03:25
 Copyright (C) 2019 TURBOMOLE GmbH, Karlsruhe


    2020-08-30 22:22:27.088 



                                  r i d f t

                        DFT program with RI approximation 
                                for coulomb part 




                                                 
                                 References:     
                                                 
          TURBOMOLE:                             
              R. Ahlrichs, M. Baer, M. Haeser, H. Horn, and
              C. Koelmel
              Electronic structure calculations on workstation
              computers: the program system TURBOMOLE
              Chem. Phys. Lett. 162: 165 (1989)
          Density Functional:                              
              O. Treutler and R. Ahlrichs                      
              Efficient Molecular Numerical Integration Schemes
              J. Chem. Phys. 102: 346 (1995)                   
          Parallel Version:                                
              Performance of parallel TURBOMOLE for Density    
              Functional Calculations                          
              M. v. Arnim and R. Ahlrichs                      
              J. Comp. Chem. 19: 1746 (1998)                   
          RI-J Method:                                     
              Auxiliary Basis Sets to approximate Coulomb      
              Potentials                                       
              Chem. Phys. Lett. 240: 283 (1995)                
              K. Eichkorn, O. Treutler, H. Oehm, M. Haeser     
              and R. Ahlrichs                                  
              Chem. Phys. Lett. 242: 652 (1995)                
                                                           
              Auxiliary Basis Sets for Main Row Atoms and their
              Use to approximate Coulomb Potentials            
              K. Eichkorn, F. Weigend, O. Treutler and         
              R. Ahlrichs                                      
              Theo. Chem. Acc. 97: 119 (1997)                   
                                                           
              Accurate Coulomb-fitting basis sets for H to Rn 
              F. Weigend                                        
              Phys. Chem. Chem. Phys. 8: 1057 (2006)            
                                                           
          Multipole accelerated RI-J (MARI-J):             
              Fast evaluation of the Coulomb potential for     
              electron densities using multipole accelerated   
              resolution of identity approximation             
              M. Sierka, A. Hogekamp and R. Ahlrichs           
              J. Chem. Phys. 118: 9136 (2003)                  
          RI-JK Method:                                     
              A fully direct RI-HF algorithm: Implementation,
              optimised auxiliary basis sets, demonstration of
              accuracy and efficiency                         
              F. Weigend                                      
              Phys. Chem. Chem. Phys. 4: 4285 (2002)           
          Two-component HF and DFT with spin-orbit coupling:  
              Self-consistent treatment of spin-orbit         
              interactions with efficient Hartree-Fock and    
              density functional methods                      
              M. K. Armbruster, F. Weigend, C. van Wüllen and 
              W. Klopper                                      
              Phys. Chem. Chem. Phys. 10: 1748 (2008)         
          Two-component difference density and DIIS algorithm 
              Efficient two-component self-consistent field   
              procedures and gradients: implementation in     
              TURBOMOLE and application to Au20-              
              A. Baldes, F. Weigend                           
              Mol. Phys. 111: 2617 (2013)                     
          Relativistic all-electron 2c calculations           
              An efficient implementation of two-component    
              relativistic exact-decoupling methods for large 
              molecules                                       
              D. Peng, N. Middendorf, F. Weigend, M. Reiher   
              J. Chem. Phys. 138: 184105 (2013)               
          Finite nucleus model and SNSO approximation         
              Efficient implementation of one- and two-       
              component analytical energy gradients in exact  
              two-component theory                            
              Y. J. Franzke, N. Middendorf, F. Weigend        
              J. Chem. Phys. 148: 104110 (2018)               
                                         




              +--------------------------------------------------+
              |      general information about current run       |
              +--------------------------------------------------+

 

 DENSITY CONVERGENCE CHECK SWITCHED ON !
 SCF CONVERGENCE IF RMS(delta[D]) <     0.1000000000E-06

 PBE functional
 exchange:    LDA + PBE
 correlation: LDA (PW) + PBE
 A DFT calculation using the RI-J approximation will be carried out.
 Allocatable memory for RI due to $ricore (MB):                   500


              +--------------------------------------------------+
              | Atomic coordinate, charge and isotop information |
              +--------------------------------------------------+

                    atomic coordinates            atom    charge  isotop
         -1.42754170   -1.50508962   -1.93430551    c      6.000     0
          1.19860573   -1.66299115   -2.03189644    c      6.000     0
          2.65876001    0.37736955   -1.23426392    c      6.000     0
          1.50963368    2.57230374   -0.34128059    c      6.000     0
         -1.12092278    2.71045691   -0.25246349    c      6.000     0
         -2.60071518    0.67879950   -1.04550708    c      6.000     0
         -2.86169588    5.99660766    1.08394900    i     53.000     0
          2.09930989   -3.36144811   -2.72237695    h      1.000     0
          2.64405246    4.15317840    0.27856973    h      1.000     0
          4.69864866    0.26922272   -1.30274049    h      1.000     0
         -4.63786461    0.79856259   -0.96906660    h      1.000     0
         -2.57447519   -3.08132039   -2.54875518    h      1.000     0
 
       center of nuclear mass  :   -1.75626503    3.91081106    0.23568528
       center of nuclear charge:   -1.57588608    3.57046271    0.09730453

              +--------------------------------------------------+
              |               basis set information              |
              +--------------------------------------------------+

              we will work with the 1s 3p 5d 7f 9g ... basis set
              ...i.e. with spherical basis functions...

   type   atoms  prim   cont   basis
   ---------------------------------------------------------------------------
    c        6     77     57   def2-QZVP   [7s4p3d2f1g|15s8p3d2f1g]
    i        1    151     82   def2-QZVP   [7s6p4d4f1g|17s14p11d4f1g]
    h        5     33     30   def2-QZVP   [4s3p2d1f|7s3p2d1f]
   ---------------------------------------------------------------------------
   total:   12    778    574
   ---------------------------------------------------------------------------

   total number of primitive shells          :   89
   total number of contracted shells         :  174
   total number of cartesian basis functions :  711
   total number of SCF-basis functions       :  574


 integral neglect threshold       :  0.47E-11
 integral storage threshold THIZE :  0.10E-04
 integral storage threshold THIME :         5

 number of unique ecp types :                     1
 RI-J AUXILIARY BASIS SET information:

              we will work with the 1s 3p 5d 7f 9g ... basis set
              ...i.e. with spherical basis functions...

   type   atoms  prim   cont   basis
   ---------------------------------------------------------------------------
    c        6     70     49   def2-QZVP   [6s4p3d1f1g|12s5p4d2f1g]
    i        1     81     58   def2-QZVP   [8s4p3d2f1g|11s5p5d3f1g]
    h        5     16     11   def2-QZVP   [3s1p1d|5s2p1d]
   ---------------------------------------------------------------------------
   total:   12    581    407
   ---------------------------------------------------------------------------

   total number of primitive shells          :   57
   total number of contracted shells         :  133
   total number of cartesian basis functions :  499
   total number of SCF-basis functions       :  407


 symmetry group of the molecule :   c1 

 the group has the following generators :
   c1(z)

    1 symmetry operations found

 there are 1 real representations :   a   

 maximum number of shells which are related by symmetry :  1


    mo occupation :
   irrep   mo's   occupied
    a      574       33
 
 number of basis functions   :                    574
 number of occupied orbitals :                     33
 
  
           ------------------
           density functional
           ------------------
 PBE functional
 exchange:    LDA + PBE
 correlation: LDA (PW) + PBE

 spherical integration : Lebedev's spherical grid
 spherical gridsize    :                     5
    i.e. gridpoints    :                   590
 value for diffuse not defined
 radial integration    : Chebyshev 2nd kind (scaling 3)
 radial gridsize       :                     8
 integration cells     :                    12
 partition function    : becke
 partition sharpness   :                     3
  

 biggest AO integral is expected to be     5.262544080
  
           ------------------------
               RI-J - INFORMATION
           ------------------------
 Contributions to RI integral batches: 
  neglected integral batches:                  2027
  direct contribution:                         3670
  memory contribution:                  9528
 Memory core needed for (P|Q) and Cholesky      2 MByte
 Memory core minimum needed except of (P|Q)     2 MByte
 Total minimum memory core needed (sum)         3 MByte
  
 ****************************************
 Memory allocated for RI-J   496 MByte
 ****************************************
                                            

          ------------------------
          nuclear repulsion energy  :   353.285252306    
          ------------------------

  _________________________________
 |                                 |
 |         DFTD3 V3.1 Rev 0        |
 | S.Grimme, University Bonn       |
 |            June  2014           |
 |   see standalone version        |
 |       dftd3 -h for options      |
 |_________________________________|
 
 Please cite DFT-D3 work done with this code as:
 S. Grimme, J. Antony, S. Ehrlich and H. Krieg,
 J. Chem. Phys, 132 (2010), 154104.
 If used with BJ-damping cite also
 S. Grimme, S. Ehrlich and L. Goerigk,
 J. Comput. Chem. 32 (2011), 1456-1465
 For DFT-D2 the reference is
 S. Grimme, J. Comput. Chem., 27 (2006), 1787-1799
 
C6 coefficients used:
                     2  C6 for element                      1
Z=  1 CN= 0.912     C6(AA)=    3.03
Z=  1 CN= 0.000     C6(AA)=    7.59
                     5  C6 for element                      6
Z=  6 CN= 0.000     C6(AA)=   49.11
Z=  6 CN= 0.987     C6(AA)=   43.25
Z=  6 CN= 1.998     C6(AA)=   29.36
Z=  6 CN= 2.999     C6(AA)=   25.78
Z=  6 CN= 3.984     C6(AA)=   18.21
                     2  C6 for element                     53
Z= 53 CN= 0.000     C6(AA)=  351.97
Z= 53 CN= 0.997     C6(AA)=  358.50

#           XYZ [au]              R0(AA) [Ang.]  CN          C6(AA)     C8(AA)   C10(AA) [au]
  1  -1.42754  -1.50509  -1.93431   c   0.610  3.139        25.3       732.0     25933.2
  2   1.19861  -1.66299  -2.03190   c   0.610  3.131        25.3       732.8     25963.8
  3   2.65876   0.37737  -1.23426   c   0.610  3.139        25.3       732.0     25933.2
  4   1.50963   2.57230  -0.34128   c   0.610  3.315        24.1       697.9     24726.1
  5  -1.12092   2.71046  -0.25246   c   0.610  3.138        25.3       732.2     25940.3
  6  -2.60072   0.67880  -1.04551   c   0.610  3.315        24.1       698.1     24731.7
  7  -2.86170   5.99661   1.08395   i   1.088  1.400       358.5     32927.6   3704865.2
  8   2.09931  -3.36145  -2.72238   h   0.395  1.004         3.1        37.3       552.9
  9   2.64405   4.15318   0.27857   h   0.395  1.012         3.1        37.3       552.3
 10   4.69865   0.26922  -1.30274   h   0.395  1.004         3.1        37.3       552.9
 11  -4.63786   0.79856  -0.96907   h   0.395  1.012         3.1        37.3       552.3
 12  -2.57448  -3.08132  -2.54876   h   0.395  1.004         3.1        37.3       552.9

molecular C6(AA) [au] =      3319.23

           DFT-D V3(BJ)
 DF pbe                                               
 parameters
 s6       :    1.0000
 s8       :    0.7875
 a1       :    0.4289
 a2       :    4.4407
 k1-k3    :   16.0000    1.3333   -4.0000
 
 Edisp /kcal,au:    -8.7278 -0.01390864

 E6    /kcal :    -5.7938
 E8    /kcal :    -2.9341
 % E8        : 33.62
 nuclear repulsion energy                  =     353.285252306
 empirical dispersive energy correction    =      -0.013908637
 nuclear repulsion + dispersion correction =     353.271343669


         -----------------
         -S,T+V- integrals
         -----------------

 1e-integrals will be neglected if expon. factor < 0.470037E-12


          ----------------
          -ecp-  integrals
          ----------------
 
   Difference densities algorithm switched on.
   The maximal number of linear combinations of
   difference densities is                    20 .

 DIIS switched on: error vector is FDS-SDF
 Max. Iterations for DIIS is     :   4
 DIIS matrix (see manual) 
    Scaling factor of diagonals  :  1.200
    threshold for scaling factor :  0.000

 scf convergence criterion : increment of total energy < .1000000D-06
                  and increment of one-electron energy < .1000000D-03

  MOs are in ASCII format !


 automatic virtual orbital shift switched on 
      shift if e(lumo)-e(homo) < 0.10000000    


 reading orbital data $scfmo  from file mos
 orbital characterization : scfconv=7

 DSCF restart information will be dumped onto file mos


 Starting SCF iterations

          Overall gridpoints after grid construction =        200641

 ITERATION  ENERGY          1e-ENERGY        2e-ENERGY     RMS[dD(SAO)]   TOL
   1  -529.15161550046    -1530.8335215     648.41056228    0.000D+00 0.469D-11
                            Exc = -56.3318203305     Coul =  704.742382613    
                              N = 66.000000779    
                            current damping = 0.300
 
          max. resid. norm for Fia-block=  1.019D-05 for orbital     29a         
          max. resid. fock norm         =  1.688D-05 for orbital    264a         

 ITERATION  ENERGY          1e-ENERGY        2e-ENERGY     RMS[dD(SAO)]   TOL
   2  -529.15161549952    -1530.8335919     648.41063277    0.210D-06 0.297D-11
                            Exc = -56.3318156939     Coul =  704.742448461    
                              N = 66.000000779    
                            current damping = 0.300
 
          Norm of current diis error: 0.22341E-03
          max. resid. norm for Fia-block=  3.618D-06 for orbital     29a         
          max. resid. fock norm         =  6.028D-06 for orbital     34a         

 ENERGY & DENSITY CONVERGED !


 ITERATION  ENERGY          1e-ENERGY        2e-ENERGY     RMS[dD(SAO)]   TOL
   3  -529.15161550096    -1530.8333922     648.41043308    0.700D-07 0.275D-11
                            Exc = -56.3318083598     Coul =  704.742241440    
                              N = 66.000000779    
                            current damping = 0.350
 
          Norm of current diis error: 0.74212E-04
          max. resid. norm for Fia-block=  2.095D-06 for orbital     29a         
          max. resid. fock norm         =  4.449D-06 for orbital    293a         

 End of SCF iterations

   convergence criteria satisfied after     3 iterations


                  ------------------------------------------ 
                 |  total energy      =   -529.15161550096  |
                  ------------------------------------------ 
                 :  kinetic energy    =    343.88986491453  :
                 :  potential energy  =   -873.04148041549  :
                 :  virial theorem    =      1.64988909575  :
                 :  wavefunction norm =      1.00000000000  :
                  .......................................... 


 orbitals $scfmo  will be written to file mos

    irrep                 29a         30a         31a         32a         33a   
 eigenvalues H         -0.30573    -0.27162    -0.24585    -0.23543    -0.21574
            eV          -8.3195     -7.3913     -6.6899     -6.4064     -5.8705
 occupation              2.0000      2.0000      2.0000      2.0000      2.0000

    irrep                 34a         35a         36a         37a         38a   
 eigenvalues H         -0.06247    -0.05810    -0.05785     0.00967     0.02820
            eV          -1.7000     -1.5810     -1.5742      0.2630      0.7673
 
 
 
 
 ==============================================================================
                           electrostatic moments
 ==============================================================================

 reference point for electrostatic moments:    0.00000   0.00000   0.00000

 
              nuc           elec       ->  total
 ------------------------------------------------------------------------------
                          charge      
 ------------------------------------------------------------------------------
          66.000000     -66.000000      -0.000000
 
 ------------------------------------------------------------------------------
                       dipole moment  
 ------------------------------------------------------------------------------
   x     -68.005807      68.276635       0.270827
   y     167.718480    -168.229550      -0.511070
   z     -21.203947      20.996948      -0.206999
 
   | dipole moment | =     0.6143 a.u. =     1.5614 debye 
 
 ------------------------------------------------------------------------------
                     quadrupole moment
 ------------------------------------------------------------------------------
  xx     391.402010    -434.736401     -43.334391
  yy    1055.319532   -1101.563183     -46.243651
  zz     109.996011    -157.929006     -47.932996
  xy    -418.163234     419.426386       1.263153
  xz     -80.405301      80.472677       0.067377
  yz     200.853625    -199.114068       1.739557
 
     1/3  trace=     -45.837012
     anisotropy=       5.487338
 
 ==============================================================================
 
HOMO-LUMO Separation
 HOMO         :   -0.21573541 H =     -5.87046 eV
 LUMO         :   -0.06247280 H =     -1.69997 eV
 HOMO-LUMO gap:    0.15326261 H =     +4.17049 eV
 
 ==============================================================================


    ------------------------------------------------------------------------
         total  cpu-time :  30.77 seconds
         total wall-time :  30.77 seconds
    ------------------------------------------------------------------------

   ****  ridft : all done  ****


    2020-08-30 22:22:57.848 

 ridft ended normally
