
 ridft (tigris) : TURBOMOLE rev. V7.4.1 (b987a8a8) compiled 15 Oct 2019 at 12:03:25
 Copyright (C) 2019 TURBOMOLE GmbH, Karlsruhe


    2020-08-30 22:52:48.342 



                                  r i d f t

                        DFT program with RI approximation 
                                for coulomb part 




                                                 
                                 References:     
                                                 
          TURBOMOLE:                             
              R. Ahlrichs, M. Baer, M. Haeser, H. Horn, and
              C. Koelmel
              Electronic structure calculations on workstation
              computers: the program system TURBOMOLE
              Chem. Phys. Lett. 162: 165 (1989)
          Density Functional:                              
              O. Treutler and R. Ahlrichs                      
              Efficient Molecular Numerical Integration Schemes
              J. Chem. Phys. 102: 346 (1995)                   
          Parallel Version:                                
              Performance of parallel TURBOMOLE for Density    
              Functional Calculations                          
              M. v. Arnim and R. Ahlrichs                      
              J. Comp. Chem. 19: 1746 (1998)                   
          RI-J Method:                                     
              Auxiliary Basis Sets to approximate Coulomb      
              Potentials                                       
              Chem. Phys. Lett. 240: 283 (1995)                
              K. Eichkorn, O. Treutler, H. Oehm, M. Haeser     
              and R. Ahlrichs                                  
              Chem. Phys. Lett. 242: 652 (1995)                
                                                           
              Auxiliary Basis Sets for Main Row Atoms and their
              Use to approximate Coulomb Potentials            
              K. Eichkorn, F. Weigend, O. Treutler and         
              R. Ahlrichs                                      
              Theo. Chem. Acc. 97: 119 (1997)                   
                                                           
              Accurate Coulomb-fitting basis sets for H to Rn 
              F. Weigend                                        
              Phys. Chem. Chem. Phys. 8: 1057 (2006)            
                                                           
          Multipole accelerated RI-J (MARI-J):             
              Fast evaluation of the Coulomb potential for     
              electron densities using multipole accelerated   
              resolution of identity approximation             
              M. Sierka, A. Hogekamp and R. Ahlrichs           
              J. Chem. Phys. 118: 9136 (2003)                  
          RI-JK Method:                                     
              A fully direct RI-HF algorithm: Implementation,
              optimised auxiliary basis sets, demonstration of
              accuracy and efficiency                         
              F. Weigend                                      
              Phys. Chem. Chem. Phys. 4: 4285 (2002)           
          Two-component HF and DFT with spin-orbit coupling:  
              Self-consistent treatment of spin-orbit         
              interactions with efficient Hartree-Fock and    
              density functional methods                      
              M. K. Armbruster, F. Weigend, C. van Wüllen and 
              W. Klopper                                      
              Phys. Chem. Chem. Phys. 10: 1748 (2008)         
          Two-component difference density and DIIS algorithm 
              Efficient two-component self-consistent field   
              procedures and gradients: implementation in     
              TURBOMOLE and application to Au20-              
              A. Baldes, F. Weigend                           
              Mol. Phys. 111: 2617 (2013)                     
          Relativistic all-electron 2c calculations           
              An efficient implementation of two-component    
              relativistic exact-decoupling methods for large 
              molecules                                       
              D. Peng, N. Middendorf, F. Weigend, M. Reiher   
              J. Chem. Phys. 138: 184105 (2013)               
          Finite nucleus model and SNSO approximation         
              Efficient implementation of one- and two-       
              component analytical energy gradients in exact  
              two-component theory                            
              Y. J. Franzke, N. Middendorf, F. Weigend        
              J. Chem. Phys. 148: 104110 (2018)               
                                         




              +--------------------------------------------------+
              |      general information about current run       |
              +--------------------------------------------------+

 

 DENSITY CONVERGENCE CHECK SWITCHED ON !
 SCF CONVERGENCE IF RMS(delta[D]) <     0.1000000000E-06

 PBE functional
 exchange:    LDA + PBE
 correlation: LDA (PW) + PBE
 A DFT calculation using the RI-J approximation will be carried out.
 Allocatable memory for RI due to $ricore (MB):                   500


              +--------------------------------------------------+
              | Atomic coordinate, charge and isotop information |
              +--------------------------------------------------+

                    atomic coordinates            atom    charge  isotop
         -4.57504389   -4.98574873   -2.28863151    i     53.000     0
         -7.92907912   -8.34380152   -3.93802605    i     53.000     0
 
       center of nuclear mass  :   -6.25206150   -6.66477512   -3.11332878
       center of nuclear charge:   -6.25206150   -6.66477512   -3.11332878

              +--------------------------------------------------+
              |               basis set information              |
              +--------------------------------------------------+

              we will work with the 1s 3p 5d 7f 9g ... basis set
              ...i.e. with spherical basis functions...

   type   atoms  prim   cont   basis
   ---------------------------------------------------------------------------
    i        2    151     82   def2-QZVP   [7s6p4d4f1g|17s14p11d4f1g]
   ---------------------------------------------------------------------------
   total:    2    302    164
   ---------------------------------------------------------------------------

   total number of primitive shells          :   47
   total number of contracted shells         :   44
   total number of cartesian basis functions :  208
   total number of SCF-basis functions       :  164


 integral neglect threshold       :  0.16E-10
 integral storage threshold THIZE :  0.10E-04
 integral storage threshold THIME :         5

 number of unique ecp types :                     1
 RI-J AUXILIARY BASIS SET information:

              we will work with the 1s 3p 5d 7f 9g ... basis set
              ...i.e. with spherical basis functions...

   type   atoms  prim   cont   basis
   ---------------------------------------------------------------------------
    i        2     81     58   def2-QZVP   [8s4p3d2f1g|11s5p5d3f1g]
   ---------------------------------------------------------------------------
   total:    2    162    116
   ---------------------------------------------------------------------------

   total number of primitive shells          :   25
   total number of contracted shells         :   36
   total number of cartesian basis functions :  146
   total number of SCF-basis functions       :  116


 symmetry group of the molecule :   c1 

 the group has the following generators :
   c1(z)

    1 symmetry operations found

 there are 1 real representations :   a   

 maximum number of shells which are related by symmetry :  1


    mo occupation :
   irrep   mo's   occupied
    a      164       25
 
 number of basis functions   :                    164
 number of occupied orbitals :                     25
 
  
           ------------------
           density functional
           ------------------
 PBE functional
 exchange:    LDA + PBE
 correlation: LDA (PW) + PBE

 spherical integration : Lebedev's spherical grid
 spherical gridsize    :                     5
    i.e. gridpoints    :                   590
 value for diffuse not defined
 radial integration    : Chebyshev 2nd kind (scaling 3)
 radial gridsize       :                     8
 integration cells     :                     2
 partition function    : becke
 partition sharpness   :                     3
  

 biggest AO integral is expected to be     1.853302183
  
           ------------------------
               RI-J - INFORMATION
           ------------------------
 Contributions to RI integral batches: 
  neglected integral batches:                    29
  direct contribution:                            0
  memory contribution:                   961
 Memory core needed for (P|Q) and Cholesky      1 MByte
 Memory core minimum needed except of (P|Q)     1 MByte
 Total minimum memory core needed (sum)         1 MByte
  
 ****************************************
 Memory allocated for RI-J    24 MByte
 ****************************************
                                            

          ------------------------
          nuclear repulsion energy  :   124.388089733    
          ------------------------

      -----------------------------------------------------------      
     |                   =====================                   |     
     |                        D F T - D 4                        |     
     |                   =====================                   |     
     |                         S. Grimme                         |     
     |          Mulliken Center for Theoretical Chemistry        |     
     |                    University of Bonn                     |     
      -----------------------------------------------------------      

           -------------------------------------------------
          |                Calculation Setup                |
           -------------------------------------------------
   charge               :      0
   non-additivity corr. : ATM
   charge model         : EEQ
   damping parameters
   s6                   :     1.0000
   s8                   :     0.9595
   a1                   :     0.3857
   a2                   :     4.8069

        q(ref)        CN(ref)   cov. CN(ref)  alpha(AIM,ref)
     0.0000000      0.0000000      0.0000000     32.5364494
    -0.1374077      0.9968217      0.9123997     33.7012276
========================================================================
 Edisp  /kcal,au:    -1.3276  -0.0021156858
========================================================================
 nuclear repulsion energy                  =     124.388089733
 empirical dispersive energy correction    =      -0.002115686
 nuclear repulsion + dispersion correction =     124.385974048


         -----------------
         -S,T+V- integrals
         -----------------

 1e-integrals will be neglected if expon. factor < 0.160671E-11


          ----------------
          -ecp-  integrals
          ----------------
 
   Difference densities algorithm switched on.
   The maximal number of linear combinations of
   difference densities is                    20 .

 DIIS switched on: error vector is FDS-SDF
 Max. Iterations for DIIS is     :   4
 DIIS matrix (see manual) 
    Scaling factor of diagonals  :  1.200
    threshold for scaling factor :  0.000

 scf convergence criterion : increment of total energy < .1000000D-06
                  and increment of one-electron energy < .1000000D-03

  MOs are in ASCII format !


 automatic virtual orbital shift switched on 
      shift if e(lumo)-e(homo) < 0.10000000    


 reading orbital data $scfmo  from file mos
 orbital characterization : scfconv=7

 DSCF restart information will be dumped onto file mos


 Starting SCF iterations

          Overall gridpoints after grid construction =         51606

 ITERATION  ENERGY          1e-ENERGY        2e-ENERGY     RMS[dD(SAO)]   TOL
   1  -595.41750633485    -1283.6644240     563.86094360    0.000D+00 0.160D-10
                            Exc = -44.4157700645     Coul =  608.276713668    
                              N = 49.999998167    
                            current damping = 0.300
 
          max. resid. norm for Fia-block=  2.449D-06 for orbital     10a         
          max. resid. fock norm         =  3.383D-06 for orbital      3a         
          irrep a   : virtual orbitals shifted by    0.01000

 ITERATION  ENERGY          1e-ENERGY        2e-ENERGY     RMS[dD(SAO)]   TOL
   2  -595.41750633484    -1283.6643322     563.86085185    0.639D-07 0.102D-10
                            Exc = -44.4157641781     Coul =  608.276616027    
                              N = 49.999998167    
                            current damping = 0.300
 
          Norm of current diis error: 0.16630E-04
          max. resid. norm for Fia-block=  6.539D-07 for orbital     20a         
          max. resid. fock norm         =  8.203D-07 for orbital      4a         
          irrep a   : virtual orbitals shifted by    0.01000

 ENERGY & DENSITY CONVERGED !


 ITERATION  ENERGY          1e-ENERGY        2e-ENERGY     RMS[dD(SAO)]   TOL
   3  -595.41750633483    -1283.6643689     563.86088852    0.283D-07 0.916D-11
                            Exc = -44.4157656057     Coul =  608.276654126    
                              N = 49.999998167    
                            current damping = 0.350
 
          Norm of current diis error: 0.24009E-05
          max. resid. norm for Fia-block=  1.827D-07 for orbital     10a         
          max. resid. fock norm         =  2.413D-07 for orbital      4a         

 End of SCF iterations

   convergence criteria satisfied after     3 iterations


                  ------------------------------------------ 
                 |  total energy      =   -595.41750633483  |
                  ------------------------------------------ 
                 :  kinetic energy    =    226.97448840772  :
                 :  potential energy  =   -822.39199474255  :
                 :  virial theorem    =      1.38120224211  :
                 :  wavefunction norm =      1.00000000000  :
                  .......................................... 


 orbitals $scfmo  will be written to file mos

    irrep                 21a         22a         23a         24a         25a   
 eigenvalues H         -0.35381    -0.28957    -0.28957    -0.22949    -0.22949
            eV          -9.6277     -7.8796     -7.8796     -6.2448     -6.2448
 occupation              2.0000      2.0000      2.0000      2.0000      2.0000

    irrep                 26a         27a         28a         29a         30a   
 eigenvalues H         -0.16026     0.02892     0.06777     0.07279     0.08242
            eV          -4.3610      0.7869      1.8441      1.9808      2.2427
 
 
 
 
 ==============================================================================
                           electrostatic moments
 ==============================================================================

 reference point for electrostatic moments:    0.00000   0.00000   0.00000

 
              nuc           elec       ->  total
 ------------------------------------------------------------------------------
                          charge      
 ------------------------------------------------------------------------------
          50.000000     -50.000000       0.000000
 
 ------------------------------------------------------------------------------
                       dipole moment  
 ------------------------------------------------------------------------------
   x    -312.603075     312.603075      -0.000000
   y    -333.238756     333.238756      -0.000000
   z    -155.666439     155.666439      -0.000000
 
   | dipole moment | =     0.0000 a.u. =     0.0000 debye 
 
 ------------------------------------------------------------------------------
                     quadrupole moment
 ------------------------------------------------------------------------------
  xx    2095.033056   -2133.312277     -38.279221
  yy    2361.917854   -2400.191633     -38.273779
  zz     518.647085    -558.647657     -40.000572
  xy    2224.217041   -2221.943914       2.273126
  xz    1042.387744   -1041.271235       1.116508
  yz    1106.716235   -1105.598389       1.117846
 
     1/3  trace=     -38.851191
     anisotropy=       5.095318
 
 ==============================================================================
 
HOMO-LUMO Separation
 HOMO         :   -0.22948944 H =     -6.24473 eV
 LUMO         :   -0.16026163 H =     -4.36094 eV
 HOMO-LUMO gap:    0.06922781 H =     +1.88379 eV
 
 ==============================================================================


    ------------------------------------------------------------------------
         total  cpu-time :   1.73 seconds
         total wall-time :   1.73 seconds
    ------------------------------------------------------------------------

   ****  ridft : all done  ****


    2020-08-30 22:52:50.059 

 ridft ended normally
