           SMPCPUS    set: Shared-memory Parallelization with  20 CPUs.

           SMP Parallelization Reference:
           C. van Wullen, J. Comput. Chem. 32 (2011) 1195--1201

 ridft (c-13-42) : TURBOMOLE rev. V7.5.0 compiled 13 Jun 2020 at 23:29:25
 Copyright (C) 2020 TURBOMOLE GmbH, Karlsruhe


    2020-08-03 17:22:54.612 



                                  r i d f t

                        DFT program with RI approximation 
                                for coulomb part 




                                                 
                                 References:     
                                                 
          TURBOMOLE:                             
              R. Ahlrichs, M. Baer, M. Haeser, H. Horn, and
              C. Koelmel
              Electronic structure calculations on workstation
              computers: the program system TURBOMOLE
              Chem. Phys. Lett. 162: 165 (1989)
          Density Functional:                              
              O. Treutler and R. Ahlrichs                      
              Efficient Molecular Numerical Integration Schemes
              J. Chem. Phys. 102: 346 (1995)                   
          Parallel Version:                                
              Performance of parallel TURBOMOLE for Density    
              Functional Calculations                          
              M. v. Arnim and R. Ahlrichs                      
              J. Comp. Chem. 19: 1746 (1998)                   
          RI-J Method:                                     
              Auxiliary Basis Sets to approximate Coulomb      
              Potentials                                       
              Chem. Phys. Lett. 240: 283 (1995)                
              K. Eichkorn, O. Treutler, H. Oehm, M. Haeser     
              and R. Ahlrichs                                  
              Chem. Phys. Lett. 242: 652 (1995)                
                                                           
              Auxiliary Basis Sets for Main Row Atoms and their
              Use to approximate Coulomb Potentials            
              K. Eichkorn, F. Weigend, O. Treutler and         
              R. Ahlrichs                                      
              Theo. Chem. Acc. 97: 119 (1997)                   
                                                           
              Accurate Coulomb-fitting basis sets for H to Rn 
              F. Weigend                                        
              Phys. Chem. Chem. Phys. 8: 1057 (2006)            
                                                           
          Multipole accelerated RI-J (MARI-J):             
              Fast evaluation of the Coulomb potential for     
              electron densities using multipole accelerated   
              resolution of identity approximation             
              M. Sierka, A. Hogekamp and R. Ahlrichs           
              J. Chem. Phys. 118: 9136 (2003)                  
          RI-JK Method:                                     
              A fully direct RI-HF algorithm: Implementation,
              optimised auxiliary basis sets, demonstration of
              accuracy and efficiency                         
              F. Weigend                                      
              Phys. Chem. Chem. Phys. 4: 4285 (2002)           
          Two-component HF and DFT with spin-orbit coupling:  
              Self-consistent treatment of spin-orbit         
              interactions with efficient Hartree-Fock and    
              density functional methods                      
              M. K. Armbruster, F. Weigend, C. van Wüllen and 
              W. Klopper                                      
              Phys. Chem. Chem. Phys. 10: 1748 (2008)         
          Two-component difference density and DIIS algorithm 
              Efficient two-component self-consistent field   
              procedures and gradients: implementation in     
              TURBOMOLE and application to Au20-              
              A. Baldes, F. Weigend                           
              Mol. Phys. 111: 2617 (2013)                     
          Relativistic all-electron 2c calculations           
              An efficient implementation of two-component    
              relativistic exact-decoupling methods for large 
              molecules                                       
              D. Peng, N. Middendorf, F. Weigend, M. Reiher   
              J. Chem. Phys. 138: 184105 (2013)               
          Finite nucleus model and SNSO approximation         
              Efficient implementation of one- and two-       
              component analytical energy gradients in exact  
              two-component theory                            
              Y. J. Franzke, N. Middendorf, F. Weigend        
              J. Chem. Phys. 148: 104110 (2018)               
          Grids for all-electron relativistic methods         
              Error-consistent segmented contracted all-      
              electron relativistic basis sets of double-     
              and triple-zeta quality for NMR shielding       
              constants                                       
              Y. J. Franzke, R. Tress, T. M. Pazdera,         
              F. Weigend                                      
              Phys. Chem. Chem. Phys. 21: 166658 (2019)       
          Seminumerical exchange algorithms                   
              Seminumerical calculation of the Hartree-Fock   
              exchange matirx: Application to two-component   
              procedures and efficient evaluation of local    
              hybrid functionsl                               
              P. Plessow, F. Weigend,                         
              J. Comput. Chem. 33: 810 (2012)                 
          Improved seminumerical algorithms                   
              C. Holzer, in preparation (2020)                
                                         




              +--------------------------------------------------+
              |      general information about current run       |
              +--------------------------------------------------+

 

 DENSITY CONVERGENCE CHECK SWITCHED ON !
 SCF CONVERGENCE IF RMS(delta[D]) <     0.1000000000E-06

 PBE functional
 exchange:    LDA + PBE
 correlation: LDA (PW) + PBE
 A DFT calculation using the RI-J approximation will be carried out.
 Allocatable memory for RI due to $ricore (MB):                  5000


              +--------------------------------------------------+
              | Atomic coordinate, charge and isotop information |
              +--------------------------------------------------+

                    atomic coordinates            atom    charge  isotop
         -0.05522347   -0.57510791   -0.08341062    c      0.000     0
         -1.91611238    0.26574274   -0.28419591    h      0.000     0
         -0.11563234   -2.05311752    1.33858940    h      0.000     0
          1.28180879    0.86862396    0.49611925    h      0.000     0
          0.54060718   -1.36918784   -1.87914934    h      0.000     0
         -4.13903954   -4.98261240   -1.85515007    cl    17.000     0
         -6.60027365   -7.64093173   -2.92198173    cl    17.000     0
 
       center of nuclear mass  :   -4.38895253   -5.25315108   -1.96318196
       center of nuclear charge:   -5.36965659   -6.31177207   -2.38856590

              +--------------------------------------------------+
              |               basis set information              |
              +--------------------------------------------------+

              we will work with the 1s 3p 5d 7f 9g ... basis set
              ...i.e. with spherical basis functions...

   type   atoms  prim   cont   basis
   ---------------------------------------------------------------------------
    c        1    118     91   cc-pV5Z   [6s5p4d3f2g1h|24s8p4d3f2g1h]
    h        4     58     55   cc-pV5Z   [5s4p3d2f1g|8s4p3d2f1g]
    cl       2    187    100   cc-pV(5+d)Z   [7s6p5d3f2g1h|52s20p5d3f2g1h]
   ---------------------------------------------------------------------------
   total:    7    724    511
   ---------------------------------------------------------------------------

   total number of primitive shells          :  143
   total number of contracted shells         :  129
   total number of cartesian basis functions :  678
   total number of SCF-basis functions       :  511


 integral neglect threshold       :  0.49E-11
 integral storage threshold THIZE :  0.10E-04
 integral storage threshold THIME :         5

 RI-J AUXILIARY BASIS SET information:

              we will work with the 1s 3p 5d 7f 9g ... basis set
              ...i.e. with spherical basis functions...

   type   atoms  prim   cont   basis
   ---------------------------------------------------------------------------
    c        1     70     49   cc-pV5Z   [6s4p3d1f1g|12s5p4d2f1g]
    h        4     16     11   cc-pV5Z   [3s1p1d|5s2p1d]
    cl       2     77     51   universal   [8s4p3d1f1g|14s5p5d2f1g]
   ---------------------------------------------------------------------------
   total:    7    288    195
   ---------------------------------------------------------------------------

   total number of primitive shells          :   59
   total number of contracted shells         :   69
   total number of cartesian basis functions :  235
   total number of SCF-basis functions       :  195


 symmetry group of the molecule :   c1 

 the group has the following generators :
   c1(z)

    1 symmetry operations found

 there are 1 real representations :   a   

 maximum number of shells which are related by symmetry :  1

  
           ------------------
           density functional
           ------------------
 Dummy atoms with grid-point found.
 DFT quadrature threshold dgrenze tightened by factor 1/10.

 PBE functional
 exchange:    LDA + PBE
 correlation: LDA (PW) + PBE
 Dummy atoms with grid-point found.
 DFT quadrature threshold dgrenze tightened by factor 1/10.

 Dummy atoms with grid-point found.
 DFT quadrature threshold dgrenze tightened by factor 1/10.


 spherical integration : Lebedev's spherical grid
 spherical gridsize    :                     5
    i.e. gridpoints    :                   590
 value for diffuse not defined
 radial integration    : Chebyshev 2nd kind (scaling 3)
 radial gridsize       :                     8
 integration cells     :                     7
 partition function    : becke
 partition sharpness   :                     3
  
 found dummy atom(s) with basis: included in dft

 biggest AO integral is expected to be    10.299436986

          ------------------------
          nuclear repulsion energy  :   76.5245086694    
          ------------------------


         -----------------
         -S,T+V- integrals
         -----------------

 1e-integrals will be neglected if expon. factor < 0.492915E-12
 
   Difference densities algorithm switched on.
   The maximal number of linear combinations of
   difference densities is                    20 .

 DIIS switched on: error vector is FDS-SDF
 Max. Iterations for DIIS is     :   4
 DIIS matrix (see manual) 
    Scaling factor of diagonals  :  1.200
    threshold for scaling factor :  0.000

 scf convergence criterion : increment of total energy < .1000000D-06
                  and increment of one-electron energy < .1000000D-03

 MOs are in ASCII format !


    mo occupation :
   irrep   mo's   occupied
    a      511       17
 
 number of basis functions   :   511
 number of occupied orbitals :    17
 

 reading orbital data $scfmo  from file mos
 orbital characterization : expanded
 virtual MOs provided and orthogonalized by Cholesky decomposition

 automatic virtual orbital shift switched on 
      shift if e(lumo)-e(homo) < 0.10000000    

  
           ------------------------
               RI-J - INFORMATION
           ------------------------
 Contributions to RI integral batches: 
  neglected integral batches:                  1696
  direct contribution:                            0
  memory contribution:                  6689
 Memory core needed for (P|Q) and Cholesky      1 MByte
 Memory core minimum needed except of (P|Q)     2 MByte
 Total minimum memory core needed (sum)         2 MByte
  
 ****************************************
 Memory allocated for RI-J   324 MByte
 ****************************************
                                            

 DSCF restart information will be dumped onto file mos


 Starting SCF iterations

          Overall gridpoints after grid construction =        114746

 ITERATION  ENERGY          1e-ENERGY        2e-ENERGY     RMS[dD(SAO)]   TOL
   1  -919.90584953655    -1420.6070798     424.17672163    0.000D+00 0.492D-11
                            Exc = -56.0567924163     Coul =  480.233514045    
                              N = 33.999999595    
                            current damping = 0.300
 
          max. resid. norm for Fia-block=  3.833D-01 for orbital      1a         
          max. resid. fock norm         =  2.948D+01 for orbital    492a         

 ITERATION  ENERGY          1e-ENERGY        2e-ENERGY     RMS[dD(SAO)]   TOL
   2  -920.03404476621    -1423.5260576     426.96750418    0.850D-02 0.252D-11
                            Exc = -56.1524537820     Coul =  483.119957966    
                              N = 33.999999589    
                            current damping = 0.250
 
          Norm of current diis error: 0.51334    
          max. resid. norm for Fia-block=  6.364D-02 for orbital      1a         
          max. resid. fock norm         =  9.182D-02 for orbital    171a         

 ITERATION  ENERGY          1e-ENERGY        2e-ENERGY     RMS[dD(SAO)]   TOL
   3  -920.04923990137    -1422.4507638     425.87701527    0.127D-02 0.234D-11
                            Exc = -56.0709130084     Coul =  481.947928274    
                              N = 33.999999598    
                            current damping = 0.200
 
          Norm of current diis error: 0.11556    
          max. resid. norm for Fia-block=  1.194D-02 for orbital      1a         
          max. resid. fock norm         =  1.430D-02 for orbital     18a         

 ITERATION  ENERGY          1e-ENERGY        2e-ENERGY     RMS[dD(SAO)]   TOL
   4  -920.05048754101    -1422.7350269     426.16003072    0.525D-03 0.215D-11
                            Exc = -56.0882955440     Coul =  482.248326268    
                              N = 33.999999595    
                            current damping = 0.250
 
          Norm of current diis error: 0.44928E-01
          max. resid. norm for Fia-block=  2.967D-03 for orbital     16a         
          max. resid. fock norm         =  4.402D-03 for orbital    145a         

 ITERATION  ENERGY          1e-ENERGY        2e-ENERGY     RMS[dD(SAO)]   TOL
   5  -920.05057579676    -1422.6209589     426.04587448    0.873D-04 0.206D-11
                            Exc = -56.0811394794     Coul =  482.127013957    
                              N = 33.999999594    
                            current damping = 0.300
 
          Norm of current diis error: 0.41576E-02
          max. resid. norm for Fia-block=  4.187D-04 for orbital      1a         
          max. resid. fock norm         =  5.860D-04 for orbital     31a         
          mo-orthogonalization: Cholesky decomposition

 ITERATION  ENERGY          1e-ENERGY        2e-ENERGY     RMS[dD(SAO)]   TOL
   6  -920.05057751248    -1422.6202755     426.04518929    0.167D-04 0.199D-11
                            Exc = -56.0808073036     Coul =  482.125996598    
                              N = 33.999999594    
                            current damping = 0.150
 
          Norm of current diis error: 0.10402E-02
          max. resid. norm for Fia-block=  9.981D-05 for orbital     16a         
          max. resid. fock norm         =  1.630D-04 for orbital     31a         

 ITERATION  ENERGY          1e-ENERGY        2e-ENERGY     RMS[dD(SAO)]   TOL
   7  -920.05057759511    -1422.6216450     426.04655872    0.509D-05 0.195D-11
                            Exc = -56.0809401120     Coul =  482.127498833    
                              N = 33.999999594    
                            current damping = 0.200
 
          Norm of current diis error: 0.36370E-03
          max. resid. norm for Fia-block=  3.982D-05 for orbital     13a         
          max. resid. fock norm         =  8.068D-05 for orbital    507a         

 ITERATION  ENERGY          1e-ENERGY        2e-ENERGY     RMS[dD(SAO)]   TOL
   8  -920.05057759723    -1422.6204889     426.04540267    0.937D-06 0.194D-11
                            Exc = -56.0808507543     Coul =  482.126253422    
                              N = 33.999999594    
                            current damping = 0.250
 
          Norm of current diis error: 0.36057E-03
          max. resid. norm for Fia-block=  2.022D-05 for orbital     13a         
          max. resid. fock norm         =  4.209D-05 for orbital    507a         

 ITERATION  ENERGY          1e-ENERGY        2e-ENERGY     RMS[dD(SAO)]   TOL
   9  -920.05057760586    -1422.6201675     426.04508125    0.287D-06 0.192D-11
                            Exc = -56.0808244168     Coul =  482.125905664    
                              N = 33.999999594    
                            current damping = 0.100
 
          Norm of current diis error: 0.52452E-04
          max. resid. norm for Fia-block=  5.051D-06 for orbital     12a         
          max. resid. fock norm         =  9.349D-06 for orbital    474a         

 ITERATION  ENERGY          1e-ENERGY        2e-ENERGY     RMS[dD(SAO)]   TOL
  10  -920.05057760605    -1422.6207011     426.04561487    0.138D-06 0.191D-11
                            Exc = -56.0808616805     Coul =  482.126476551    
                              N = 33.999999594    
                            current damping = 0.150
 
          Norm of current diis error: 0.44697E-04
          max. resid. norm for Fia-block=  1.594D-06 for orbital     12a         
          max. resid. fock norm         =  2.360D-06 for orbital    178a         
          mo-orthogonalization: Cholesky decomposition

 ENERGY & DENSITY CONVERGED !


 ITERATION  ENERGY          1e-ENERGY        2e-ENERGY     RMS[dD(SAO)]   TOL
  11  -920.05057760613    -1422.6205900     426.04550373    0.231D-07 0.188D-11
                            Exc = -56.0808556924     Coul =  482.126359425    
                              N = 33.999999594    
                            current damping = 0.200
 
          Norm of current diis error: 0.78848E-05
          max. resid. norm for Fia-block=  6.591D-07 for orbital     17a         
          max. resid. fock norm         =  1.320D-06 for orbital    488a         

 End of SCF iterations

   convergence criteria satisfied after    11 iterations


                  ------------------------------------------ 
                 |  total energy      =   -920.05057760613  |
                  ------------------------------------------ 
                 :  kinetic energy    =    919.24995672981  :
                 :  potential energy  =  -1839.30053433594  :
                 :  virial theorem    =      1.99912980776  :
                 :  wavefunction norm =      1.00000000000  :
                  .......................................... 


 orbitals $scfmo  will be written to file mos

    irrep                 13a         14a         15a         16a         17a   
 eigenvalues H         -0.43992    -0.36609    -0.36609    -0.26899    -0.26899
            eV         -11.9710     -9.9618     -9.9618     -7.3196     -7.3196
 occupation              2.0000      2.0000      2.0000      2.0000      2.0000

    irrep                 18a         19a         20a         21a         22a   
 eigenvalues H         -0.15822     0.03176     0.08603     0.08603     0.09477
            eV          -4.3055      0.8642      2.3409      2.3411      2.5789
 
 
 
 
 ==============================================================================
                           electrostatic moments
 ==============================================================================

 reference point for electrostatic moments:    0.00000   0.00000   0.00000

 
              nuc           elec       ->  total
 ------------------------------------------------------------------------------
                          charge      
 ------------------------------------------------------------------------------
          34.000000     -34.000000      -0.000000
 
 ------------------------------------------------------------------------------
                       dipole moment  
 ------------------------------------------------------------------------------
   x    -182.568324     182.564797      -0.003527
   y    -214.600250     214.596445      -0.003805
   z     -81.211241      81.209710      -0.001530
 
   | dipole moment | =     0.0054 a.u. =     0.0137 debye 
 
 ------------------------------------------------------------------------------
                     quadrupole moment
 ------------------------------------------------------------------------------
  xx    1031.819430   -1049.668283     -17.848853
  yy    1414.574489   -1432.250142     -17.675653
  zz     203.652503    -222.326720     -18.674217
  xy    1207.942992   -1206.843246       1.099745
  xz     458.395114    -457.954268       0.440846
  yz     536.692663    -536.215736       0.476927
 
     1/3  trace=     -18.066241
     anisotropy=       2.397480
 
 ==============================================================================
 
HOMO-LUMO Separation
 HOMO         :   -0.26898774 H =     -7.31953 eV
 LUMO         :   -0.15822404 H =     -4.30550 eV
 HOMO-LUMO gap:    0.11076369 H =     +3.01404 eV
 
 ==============================================================================


    ------------------------------------------------------------------------
         total  cpu-time :  6 minutes and  3 seconds
         total wall-time :  31.06 seconds
    ------------------------------------------------------------------------

   ****  ridft : all done  ****


    2020-08-03 17:23:25.595 

