
 ridft (riogrande) : TURBOMOLE rev. V7.4.1 (b987a8a8) compiled 15 Oct 2019 at 12:03:25
 Copyright (C) 2019 TURBOMOLE GmbH, Karlsruhe


    2020-07-20 19:05:35.106 



                                  r i d f t

                        DFT program with RI approximation 
                                for coulomb part 




                                                 
                                 References:     
                                                 
          TURBOMOLE:                             
              R. Ahlrichs, M. Baer, M. Haeser, H. Horn, and
              C. Koelmel
              Electronic structure calculations on workstation
              computers: the program system TURBOMOLE
              Chem. Phys. Lett. 162: 165 (1989)
          Density Functional:                              
              O. Treutler and R. Ahlrichs                      
              Efficient Molecular Numerical Integration Schemes
              J. Chem. Phys. 102: 346 (1995)                   
          Parallel Version:                                
              Performance of parallel TURBOMOLE for Density    
              Functional Calculations                          
              M. v. Arnim and R. Ahlrichs                      
              J. Comp. Chem. 19: 1746 (1998)                   
          RI-J Method:                                     
              Auxiliary Basis Sets to approximate Coulomb      
              Potentials                                       
              Chem. Phys. Lett. 240: 283 (1995)                
              K. Eichkorn, O. Treutler, H. Oehm, M. Haeser     
              and R. Ahlrichs                                  
              Chem. Phys. Lett. 242: 652 (1995)                
                                                           
              Auxiliary Basis Sets for Main Row Atoms and their
              Use to approximate Coulomb Potentials            
              K. Eichkorn, F. Weigend, O. Treutler and         
              R. Ahlrichs                                      
              Theo. Chem. Acc. 97: 119 (1997)                   
                                                           
              Accurate Coulomb-fitting basis sets for H to Rn 
              F. Weigend                                        
              Phys. Chem. Chem. Phys. 8: 1057 (2006)            
                                                           
          Multipole accelerated RI-J (MARI-J):             
              Fast evaluation of the Coulomb potential for     
              electron densities using multipole accelerated   
              resolution of identity approximation             
              M. Sierka, A. Hogekamp and R. Ahlrichs           
              J. Chem. Phys. 118: 9136 (2003)                  
          RI-JK Method:                                     
              A fully direct RI-HF algorithm: Implementation,
              optimised auxiliary basis sets, demonstration of
              accuracy and efficiency                         
              F. Weigend                                      
              Phys. Chem. Chem. Phys. 4: 4285 (2002)           
          Two-component HF and DFT with spin-orbit coupling:  
              Self-consistent treatment of spin-orbit         
              interactions with efficient Hartree-Fock and    
              density functional methods                      
              M. K. Armbruster, F. Weigend, C. van Wüllen and 
              W. Klopper                                      
              Phys. Chem. Chem. Phys. 10: 1748 (2008)         
          Two-component difference density and DIIS algorithm 
              Efficient two-component self-consistent field   
              procedures and gradients: implementation in     
              TURBOMOLE and application to Au20-              
              A. Baldes, F. Weigend                           
              Mol. Phys. 111: 2617 (2013)                     
          Relativistic all-electron 2c calculations           
              An efficient implementation of two-component    
              relativistic exact-decoupling methods for large 
              molecules                                       
              D. Peng, N. Middendorf, F. Weigend, M. Reiher   
              J. Chem. Phys. 138: 184105 (2013)               
          Finite nucleus model and SNSO approximation         
              Efficient implementation of one- and two-       
              component analytical energy gradients in exact  
              two-component theory                            
              Y. J. Franzke, N. Middendorf, F. Weigend        
              J. Chem. Phys. 148: 104110 (2018)               
                                         




              +--------------------------------------------------+
              |      general information about current run       |
              +--------------------------------------------------+

 

 DENSITY CONVERGENCE CHECK SWITCHED ON !
 SCF CONVERGENCE IF RMS(delta[D]) <     0.1000000000E-06

 PBE functional
 exchange:    LDA + PBE
 correlation: LDA (PW) + PBE
 A DFT calculation using the RI-J approximation will be carried out.
 Allocatable memory for RI due to $ricore (MB):                   500


              +--------------------------------------------------+
              | Atomic coordinate, charge and isotop information |
              +--------------------------------------------------+

                    atomic coordinates            atom    charge  isotop
         -7.85642958   10.82734533   -1.66061787    s     16.000     0
         -9.11564472    9.06329560   -2.95446084    h      1.000     0
         -5.34478521   11.28278572   -3.95177548    c      6.000     0
         -4.09612746   12.70341302   -3.15323825    h      1.000     0
         -4.28014430    9.55225550   -4.23336165    h      1.000     0
         -6.08213062   11.97604056   -5.73548333    h      1.000     0
 
       center of nuclear mass  :   -7.06481999   10.94075644   -2.43033281
       center of nuclear charge:   -6.97483198   10.93189401   -2.55219549

              +--------------------------------------------------+
              |               basis set information              |
              +--------------------------------------------------+

              we will work with the 1s 3p 5d 7f 9g ... basis set
              ...i.e. with spherical basis functions...

   type   atoms  prim   cont   basis
   ---------------------------------------------------------------------------
    s        1    105     70   def2-QZVP   [9s6p4d2f1g|20s14p4d2f1g]
    h        4     33     30   def2-QZVP   [4s3p2d1f|7s3p2d1f]
    c        1     77     57   def2-QZVP   [7s4p3d2f1g|15s8p3d2f1g]
   ---------------------------------------------------------------------------
   total:    6    314    247
   ---------------------------------------------------------------------------

   total number of primitive shells          :   83
   total number of contracted shells         :   79
   total number of cartesian basis functions :  298
   total number of SCF-basis functions       :  247


 integral neglect threshold       :  0.11E-10
 integral storage threshold THIZE :  0.10E-04
 integral storage threshold THIME :         5

 RI-J AUXILIARY BASIS SET information:

              we will work with the 1s 3p 5d 7f 9g ... basis set
              ...i.e. with spherical basis functions...

   type   atoms  prim   cont   basis
   ---------------------------------------------------------------------------
    s        1     77     51   def2-QZVP   [8s4p3d1f1g|14s5p5d2f1g]
    h        4     16     11   def2-QZVP   [3s1p1d|5s2p1d]
    c        1     70     49   def2-QZVP   [6s4p3d1f1g|12s5p4d2f1g]
   ---------------------------------------------------------------------------
   total:    6    211    144
   ---------------------------------------------------------------------------

   total number of primitive shells          :   59
   total number of contracted shells         :   52
   total number of cartesian basis functions :  172
   total number of SCF-basis functions       :  144


 symmetry group of the molecule :   c1 

 the group has the following generators :
   c1(z)

    1 symmetry operations found

 there are 1 real representations :   a   

 maximum number of shells which are related by symmetry :  1


    mo occupation :
   irrep   mo's   occupied
    a      247       13
 
 number of basis functions   :                    247
 number of occupied orbitals :                     13
 
  
           ------------------
           density functional
           ------------------
 PBE functional
 exchange:    LDA + PBE
 correlation: LDA (PW) + PBE

 spherical integration : Lebedev's spherical grid
 spherical gridsize    :                     5
    i.e. gridpoints    :                   590
 value for diffuse not defined
 radial integration    : Chebyshev 2nd kind (scaling 3)
 radial gridsize       :                     8
 integration cells     :                     6
 partition function    : becke
 partition sharpness   :                     3
  

 biggest AO integral is expected to be    11.378194954
  
           ------------------------
               RI-J - INFORMATION
           ------------------------
 Contributions to RI integral batches: 
  neglected integral batches:                   121
  direct contribution:                            0
  memory contribution:                  3039
 Memory core needed for (P|Q) and Cholesky      1 MByte
 Memory core minimum needed except of (P|Q)     1 MByte
 Total minimum memory core needed (sum)         1 MByte
  
 ****************************************
 Memory allocated for RI-J    58 MByte
 ****************************************
                                            

          ------------------------
          nuclear repulsion energy  :   56.4531043478    
          ------------------------


         -----------------
         -S,T+V- integrals
         -----------------

 1e-integrals will be neglected if expon. factor < 0.112146E-11
 
   Difference densities algorithm switched on.
   The maximal number of linear combinations of
   difference densities is                    20 .

 DIIS switched on: error vector is FDS-SDF
 Max. Iterations for DIIS is     :   4
 DIIS matrix (see manual) 
    Scaling factor of diagonals  :  1.200
    threshold for scaling factor :  0.000

 scf convergence criterion : increment of total energy < .1000000D-06
                  and increment of one-electron energy < .1000000D-03

  MOs are in ASCII format !


 automatic virtual orbital shift switched on 
      shift if e(lumo)-e(homo) < 0.10000000    


 reading orbital data $scfmo  from file mos
 orbital characterization : expanded
 mo provided and orthogonalized by Cholesky decomposition

 DSCF restart information will be dumped onto file mos


 Starting SCF iterations

          Overall gridpoints after grid construction =         93326

 ITERATION  ENERGY          1e-ENERGY        2e-ENERGY     RMS[dD(SAO)]   TOL
   1  -434.01132650577    -715.54385757     225.07942671    0.000D+00 0.112D-10
                            Exc = -33.6671563563     Coul =  258.746583070    
                              N = 25.999998540    
                            current damping = 0.300
 
          max. resid. norm for Fia-block=  2.697D+01 for orbital      1a         
          max. resid. fock norm         =  1.267D+02 for orbital    227a         

 ITERATION  ENERGY          1e-ENERGY        2e-ENERGY     RMS[dD(SAO)]   TOL
   2  -438.43388638576    -714.70914543     219.82215470    0.879D-02 0.878D-11
                            Exc = -32.3027602148     Coul =  252.124914913    
                              N = 25.999998870    
                            current damping = 0.250
 
          Norm of current diis error:  2.7962    
          max. resid. norm for Fia-block=  1.624D+00 for orbital      1a         
          max. resid. fock norm         =  1.627D+00 for orbital      1a         

 ITERATION  ENERGY          1e-ENERGY        2e-ENERGY     RMS[dD(SAO)]   TOL
   3  -438.48505450962    -716.17064245     221.23248360    0.240D-02 0.636D-11
                            Exc = -32.3858471234     Coul =  253.618330719    
                              N = 25.999998820    
                            current damping = 0.200
 
          Norm of current diis error:  1.0664    
          max. resid. norm for Fia-block=  3.116D-01 for orbital      1a         
          max. resid. fock norm         =  3.141D-01 for orbital      1a         

 ITERATION  ENERGY          1e-ENERGY        2e-ENERGY     RMS[dD(SAO)]   TOL
   4  -438.49839299863    -715.78194780     220.83045045    0.132D-02 0.575D-11
                            Exc = -32.3849609195     Coul =  253.215411373    
                              N = 25.999998935    
                            current damping = 0.250
 
          Norm of current diis error: 0.73721    
          max. resid. norm for Fia-block=  5.509D-02 for orbital      1a         
          max. resid. fock norm         =  5.598D-02 for orbital      1a         

 ITERATION  ENERGY          1e-ENERGY        2e-ENERGY     RMS[dD(SAO)]   TOL
   5  -438.51186485833    -715.56002456     220.59505535    0.516D-03 0.548D-11
                            Exc = -32.3417680065     Coul =  252.936823360    
                              N = 25.999998867    
                            current damping = 0.100
 
          Norm of current diis error: 0.72678E-01
          max. resid. norm for Fia-block=  7.888D-03 for orbital      1a         
          max. resid. fock norm         =  1.694D-02 for orbital    244a         
          mo-orthogonalization: Cholesky decomposition

 ITERATION  ENERGY          1e-ENERGY        2e-ENERGY     RMS[dD(SAO)]   TOL
   6  -438.51192021736    -715.88176274     220.91673818    0.167D-03 0.531D-11
                            Exc = -32.3624588090     Coul =  253.279196988    
                              N = 25.999998875    
                            current damping = 0.150
 
          Norm of current diis error: 0.64966E-01
          max. resid. norm for Fia-block=  2.397D-03 for orbital     12a         
          max. resid. fock norm         =  4.145D-03 for orbital    215a         

 ITERATION  ENERGY          1e-ENERGY        2e-ENERGY     RMS[dD(SAO)]   TOL
   7  -438.51207374826    -715.74108282     220.77590473    0.793D-04 0.520D-11
                            Exc = -32.3545019263     Coul =  253.130406654    
                              N = 25.999998869    
                            current damping = 0.200
 
          Norm of current diis error: 0.75913E-02
          max. resid. norm for Fia-block=  8.726D-04 for orbital      5a         
          max. resid. fock norm         =  1.454D-03 for orbital    244a         

 ITERATION  ENERGY          1e-ENERGY        2e-ENERGY     RMS[dD(SAO)]   TOL
   8  -438.51207544188    -715.73108638     220.76590659    0.109D-04 0.509D-11
                            Exc = -32.3534060642     Coul =  253.119312659    
                              N = 25.999998870    
                            current damping = 0.100
 
          Norm of current diis error: 0.28940E-02
          max. resid. norm for Fia-block=  1.255D-04 for orbital     13a         
          max. resid. fock norm         =  1.776D-04 for orbital     12a         

 ITERATION  ENERGY          1e-ENERGY        2e-ENERGY     RMS[dD(SAO)]   TOL
   9  -438.51207564096    -715.73312661     220.76794662    0.319D-05 0.500D-11
                            Exc = -32.3535375377     Coul =  253.121484158    
                              N = 25.999998870    
                            current damping = 0.150
 
          Norm of current diis error: 0.12337E-02
          max. resid. norm for Fia-block=  4.488D-05 for orbital     11a         
          max. resid. fock norm         =  9.703D-05 for orbital    242a         

 ITERATION  ENERGY          1e-ENERGY        2e-ENERGY     RMS[dD(SAO)]   TOL
  10  -438.51207567640    -715.73266105     220.76748103    0.992D-06 0.490D-11
                            Exc = -32.3535020446     Coul =  253.120983070    
                              N = 25.999998869    
                            current damping = 0.200
 
          Norm of current diis error: 0.29133E-03
          max. resid. norm for Fia-block=  1.631D-05 for orbital      4a         
          max. resid. fock norm         =  2.002D-05 for orbital    245a         
          mo-orthogonalization: Cholesky decomposition

 ITERATION  ENERGY          1e-ENERGY        2e-ENERGY     RMS[dD(SAO)]   TOL
  11  -438.51207567807    -715.73298338     220.76780335    0.290D-06 0.479D-11
                            Exc = -32.3535455398     Coul =  253.121348890    
                              N = 25.999998870    
                            current damping = 0.250
 
          Norm of current diis error: 0.12103E-03
          max. resid. norm for Fia-block=  4.106D-06 for orbital     11a         
          max. resid. fock norm         =  6.671D-06 for orbital      8a         

 ENERGY & DENSITY CONVERGED !


 ITERATION  ENERGY          1e-ENERGY        2e-ENERGY     RMS[dD(SAO)]   TOL
  12  -438.51207567843    -715.73287832     220.76769829    0.110D-06 0.471D-11
                            Exc = -32.3535345532     Coul =  253.121232844    
                              N = 25.999998870    
                            current damping = 0.300
 
          Norm of current diis error: 0.22228E-04
          max. resid. norm for Fia-block=  1.372D-06 for orbital      4a         
          max. resid. fock norm         =  1.733D-06 for orbital      4a         

 End of SCF iterations

   convergence criteria satisfied after    12 iterations


                  ------------------------------------------ 
                 |  total energy      =   -438.51207567843  |
                  ------------------------------------------ 
                 :  kinetic energy    =    437.76583073918  :
                 :  potential energy  =   -876.27790641761  :
                 :  virial theorem    =      1.99829823400  :
                 :  wavefunction norm =      1.00000000000  :
                  .......................................... 


 <geterg> : there is no data group $energy 


 <skperg> : $end is missing 


 orbitals $scfmo  will be written to file mos

    irrep                  9a         10a         11a         12a         13a   
 eigenvalues H         -0.40724    -0.38690    -0.35330    -0.29849    -0.20492
            eV         -11.0816    -10.5282     -9.6138     -8.1225     -5.5762
 occupation              2.0000      2.0000      2.0000      2.0000      2.0000

    irrep                 14a         15a         16a         17a         18a   
 eigenvalues H         -0.02366     0.00424     0.03667     0.05913     0.06068
            eV          -0.6437      0.1155      0.9979      1.6091      1.6511
 
 
 
 
 ==============================================================================
                           electrostatic moments
 ==============================================================================

 reference point for electrostatic moments:    0.00000   0.00000   0.00000

 
              nuc           elec       ->  total
 ------------------------------------------------------------------------------
                          charge      
 ------------------------------------------------------------------------------
          26.000000     -26.000000      -0.000000
 
 ------------------------------------------------------------------------------
                       dipole moment  
 ------------------------------------------------------------------------------
   x    -181.345632     181.633291       0.287659
   y     284.229244    -284.341883      -0.112639
   z     -66.357083      65.834161      -0.522921
 
   | dipole moment | =     0.6074 a.u. =     1.5437 debye 
 
 ------------------------------------------------------------------------------
                     quadrupole moment
 ------------------------------------------------------------------------------
  xx    1314.161331   -1333.160854     -18.999523
  yy    3117.701193   -3135.635092     -17.933899
  zz     207.310474    -220.565798     -13.255324
  xy   -1971.230271    1976.522268       5.291997
  xz     428.324023    -425.461098       2.862924
  yz    -731.164118     726.267116      -4.897002
 
     1/3  trace=     -16.729582
     anisotropy=      14.441496
 
 ==============================================================================
 
HOMO-LUMO Separation
 HOMO         :   -0.20492051 H =     -5.57617 eV
 LUMO         :   -0.02365518 H =     -0.64369 eV
 HOMO-LUMO gap:    0.18126533 H =     +4.93248 eV
 
 ==============================================================================


    ------------------------------------------------------------------------
         total  cpu-time :  19.24 seconds
         total wall-time :  19.24 seconds
    ------------------------------------------------------------------------

   ****  ridft : all done  ****


    2020-07-20 19:05:54.343 

