
 ridft (tigris) : TURBOMOLE rev. V7.4.1 (b987a8a8) compiled 15 Oct 2019 at 12:03:25
 Copyright (C) 2019 TURBOMOLE GmbH, Karlsruhe


    2020-08-30 21:22:20.772 



                                  r i d f t

                        DFT program with RI approximation 
                                for coulomb part 




                                                 
                                 References:     
                                                 
          TURBOMOLE:                             
              R. Ahlrichs, M. Baer, M. Haeser, H. Horn, and
              C. Koelmel
              Electronic structure calculations on workstation
              computers: the program system TURBOMOLE
              Chem. Phys. Lett. 162: 165 (1989)
          Density Functional:                              
              O. Treutler and R. Ahlrichs                      
              Efficient Molecular Numerical Integration Schemes
              J. Chem. Phys. 102: 346 (1995)                   
          Parallel Version:                                
              Performance of parallel TURBOMOLE for Density    
              Functional Calculations                          
              M. v. Arnim and R. Ahlrichs                      
              J. Comp. Chem. 19: 1746 (1998)                   
          RI-J Method:                                     
              Auxiliary Basis Sets to approximate Coulomb      
              Potentials                                       
              Chem. Phys. Lett. 240: 283 (1995)                
              K. Eichkorn, O. Treutler, H. Oehm, M. Haeser     
              and R. Ahlrichs                                  
              Chem. Phys. Lett. 242: 652 (1995)                
                                                           
              Auxiliary Basis Sets for Main Row Atoms and their
              Use to approximate Coulomb Potentials            
              K. Eichkorn, F. Weigend, O. Treutler and         
              R. Ahlrichs                                      
              Theo. Chem. Acc. 97: 119 (1997)                   
                                                           
              Accurate Coulomb-fitting basis sets for H to Rn 
              F. Weigend                                        
              Phys. Chem. Chem. Phys. 8: 1057 (2006)            
                                                           
          Multipole accelerated RI-J (MARI-J):             
              Fast evaluation of the Coulomb potential for     
              electron densities using multipole accelerated   
              resolution of identity approximation             
              M. Sierka, A. Hogekamp and R. Ahlrichs           
              J. Chem. Phys. 118: 9136 (2003)                  
          RI-JK Method:                                     
              A fully direct RI-HF algorithm: Implementation,
              optimised auxiliary basis sets, demonstration of
              accuracy and efficiency                         
              F. Weigend                                      
              Phys. Chem. Chem. Phys. 4: 4285 (2002)           
          Two-component HF and DFT with spin-orbit coupling:  
              Self-consistent treatment of spin-orbit         
              interactions with efficient Hartree-Fock and    
              density functional methods                      
              M. K. Armbruster, F. Weigend, C. van Wüllen and 
              W. Klopper                                      
              Phys. Chem. Chem. Phys. 10: 1748 (2008)         
          Two-component difference density and DIIS algorithm 
              Efficient two-component self-consistent field   
              procedures and gradients: implementation in     
              TURBOMOLE and application to Au20-              
              A. Baldes, F. Weigend                           
              Mol. Phys. 111: 2617 (2013)                     
          Relativistic all-electron 2c calculations           
              An efficient implementation of two-component    
              relativistic exact-decoupling methods for large 
              molecules                                       
              D. Peng, N. Middendorf, F. Weigend, M. Reiher   
              J. Chem. Phys. 138: 184105 (2013)               
          Finite nucleus model and SNSO approximation         
              Efficient implementation of one- and two-       
              component analytical energy gradients in exact  
              two-component theory                            
              Y. J. Franzke, N. Middendorf, F. Weigend        
              J. Chem. Phys. 148: 104110 (2018)               
                                         




              +--------------------------------------------------+
              |      general information about current run       |
              +--------------------------------------------------+

 

 DENSITY CONVERGENCE CHECK SWITCHED ON !
 SCF CONVERGENCE IF RMS(delta[D]) <     0.1000000000E-06

 PBE functional
 exchange:    LDA + PBE
 correlation: LDA (PW) + PBE
 A DFT calculation using the RI-J approximation will be carried out.
 Allocatable memory for RI due to $ricore (MB):                   500


              +--------------------------------------------------+
              | Atomic coordinate, charge and isotop information |
              +--------------------------------------------------+

                    atomic coordinates            atom    charge  isotop
         -3.61707572   -2.21326242   -0.20914111    f      9.000     0
         -4.12085913    2.64361028   -0.77360733    h      1.000     0
          0.70571180   -1.46804569    0.40260319    c      6.000     0
         -1.70284271   -0.55881755   -0.07245620    c      6.000     0
         -2.22721391    1.98624548   -0.40689082    c      6.000     0
         -0.21016647    3.64828289   -0.24136575    c      6.000     0
          2.24393352    2.86731530    0.23334808    c      6.000     0
          2.63467443    0.29590222    0.54871426    c      6.000     0
         -0.65510226    6.12711283   -0.54503488    f      9.000     0
          3.78023043    4.20058934    0.35763960    h      1.000     0
          1.05737534   -3.45504989    0.68084171    h      1.000     0
          4.98699896   -0.51782532    1.02289296    f      9.000     0
 
       center of nuclear mass  :    0.23960278    1.13003104    0.08286104
       center of nuclear charge:    0.23961690    1.12997987    0.08283399

              +--------------------------------------------------+
              |               basis set information              |
              +--------------------------------------------------+

              we will work with the 1s 3p 5d 7f 9g ... basis set
              ...i.e. with spherical basis functions...

   type   atoms  prim   cont   basis
   ---------------------------------------------------------------------------
    f        3     77     57   def2-QZVP   [7s4p3d2f1g|15s8p3d2f1g]
    h        3     33     30   def2-QZVP   [4s3p2d1f|7s3p2d1f]
    c        6     77     57   def2-QZVP   [7s4p3d2f1g|15s8p3d2f1g]
   ---------------------------------------------------------------------------
   total:   12    792    603
   ---------------------------------------------------------------------------

   total number of primitive shells          :   71
   total number of contracted shells         :  183
   total number of cartesian basis functions :  753
   total number of SCF-basis functions       :  603


 integral neglect threshold       :  0.44E-11
 integral storage threshold THIZE :  0.10E-04
 integral storage threshold THIME :         5

 RI-J AUXILIARY BASIS SET information:

              we will work with the 1s 3p 5d 7f 9g ... basis set
              ...i.e. with spherical basis functions...

   type   atoms  prim   cont   basis
   ---------------------------------------------------------------------------
    f        3     70     49   def2-QZVP   [6s4p3d1f1g|12s5p4d2f1g]
    h        3     16     11   def2-QZVP   [3s1p1d|5s2p1d]
    c        6     70     49   def2-QZVP   [6s4p3d1f1g|12s5p4d2f1g]
   ---------------------------------------------------------------------------
   total:   12    678    474
   ---------------------------------------------------------------------------

   total number of primitive shells          :   56
   total number of contracted shells         :  150
   total number of cartesian basis functions :  585
   total number of SCF-basis functions       :  474


 symmetry group of the molecule :   c1 

 the group has the following generators :
   c1(z)

    1 symmetry operations found

 there are 1 real representations :   a   

 maximum number of shells which are related by symmetry :  1


    mo occupation :
   irrep   mo's   occupied
    a      603       33
 
 number of basis functions   :                    603
 number of occupied orbitals :                     33
 
  
           ------------------
           density functional
           ------------------
 PBE functional
 exchange:    LDA + PBE
 correlation: LDA (PW) + PBE

 spherical integration : Lebedev's spherical grid
 spherical gridsize    :                     5
    i.e. gridpoints    :                   590
 value for diffuse not defined
 radial integration    : Chebyshev 2nd kind (scaling 3)
 radial gridsize       :                     8
 integration cells     :                    12
 partition function    : becke
 partition sharpness   :                     3
  

 biggest AO integral is expected to be     7.609020457
  
           ------------------------
               RI-J - INFORMATION
           ------------------------
 Contributions to RI integral batches: 
  neglected integral batches:                  3162
  direct contribution:                         5258
  memory contribution:                  8416
 Memory core needed for (P|Q) and Cholesky      2 MByte
 Memory core minimum needed except of (P|Q)     2 MByte
 Total minimum memory core needed (sum)         3 MByte
  
 ****************************************
 Memory allocated for RI-J   472 MByte
 ****************************************
                                            

          ------------------------
          nuclear repulsion energy  :   423.706337985    
          ------------------------

  _________________________________
 |                                 |
 |         DFTD3 V3.1 Rev 0        |
 | S.Grimme, University Bonn       |
 |            June  2014           |
 |   see standalone version        |
 |       dftd3 -h for options      |
 |_________________________________|
 
 Please cite DFT-D3 work done with this code as:
 S. Grimme, J. Antony, S. Ehrlich and H. Krieg,
 J. Chem. Phys, 132 (2010), 154104.
 If used with BJ-damping cite also
 S. Grimme, S. Ehrlich and L. Goerigk,
 J. Comput. Chem. 32 (2011), 1456-1465
 For DFT-D2 the reference is
 S. Grimme, J. Comput. Chem., 27 (2006), 1787-1799
 
C6 coefficients used:
                     2  C6 for element                      1
Z=  1 CN= 0.912     C6(AA)=    3.03
Z=  1 CN= 0.000     C6(AA)=    7.59
                     5  C6 for element                      6
Z=  6 CN= 0.000     C6(AA)=   49.11
Z=  6 CN= 0.987     C6(AA)=   43.25
Z=  6 CN= 1.998     C6(AA)=   29.36
Z=  6 CN= 2.999     C6(AA)=   25.78
Z=  6 CN= 3.984     C6(AA)=   18.21
                     2  C6 for element                      9
Z=  9 CN= 0.000     C6(AA)=    9.69
Z=  9 CN= 0.998     C6(AA)=    7.13

#           XYZ [au]              R0(AA) [Ang.]  CN          C6(AA)     C8(AA)   C10(AA) [au]
  1  -3.61708  -2.21326  -0.20914   f   0.469  1.068         7.2       122.5      2567.5
  2  -4.12086   2.64361  -0.77361   h   0.395  1.004         3.1        37.3       552.9
  3   0.70571  -1.46805   0.40260   c   0.610  3.180        25.1       726.8     25750.2
  4  -1.70284  -0.55882  -0.07246   c   0.610  3.175        25.2       727.6     25777.0
  5  -2.22721   1.98625  -0.40689   c   0.610  3.181        25.1       726.8     25749.9
  6  -0.21017   3.64828  -0.24137   c   0.610  3.174        25.2       727.7     25780.6
  7   2.24393   2.86732   0.23335   c   0.610  3.181        25.1       726.8     25749.9
  8   2.63467   0.29590   0.54871   c   0.610  3.175        25.2       727.6     25777.0
  9  -0.65510   6.12711  -0.54503   f   0.469  1.067         7.2       122.5      2567.5
 10   3.78023   4.20059   0.35764   h   0.395  1.004         3.1        37.3       552.9
 11   1.05738  -3.45505   0.68084   h   0.395  1.004         3.1        37.3       552.9
 12   4.98700  -0.51783   1.02289   f   0.469  1.068         7.2       122.5      2567.5

molecular C6(AA) [au] =      1841.77

           DFT-D V3(BJ)
 DF pbe                                               
 parameters
 s6       :    1.0000
 s8       :    0.7875
 a1       :    0.4289
 a2       :    4.4407
 k1-k3    :   16.0000    1.3333   -4.0000
 
 Edisp /kcal,au:    -7.2153 -0.01149831

 E6    /kcal :    -4.9854
 E8    /kcal :    -2.2299
 % E8        : 30.91
 nuclear repulsion energy                  =     423.706337985
 empirical dispersive energy correction    =      -0.011498305
 nuclear repulsion + dispersion correction =     423.694839680


         -----------------
         -S,T+V- integrals
         -----------------

 1e-integrals will be neglected if expon. factor < 0.443820E-12
 
   Difference densities algorithm switched on.
   The maximal number of linear combinations of
   difference densities is                    20 .

 DIIS switched on: error vector is FDS-SDF
 Max. Iterations for DIIS is     :   4
 DIIS matrix (see manual) 
    Scaling factor of diagonals  :  1.200
    threshold for scaling factor :  0.000

 scf convergence criterion : increment of total energy < .1000000D-06
                  and increment of one-electron energy < .1000000D-03

  MOs are in ASCII format !


 automatic virtual orbital shift switched on 
      shift if e(lumo)-e(homo) < 0.10000000    


 reading orbital data $scfmo  from file mos
 orbital characterization : scfconv=7

 DSCF restart information will be dumped onto file mos


 Starting SCF iterations

          Overall gridpoints after grid construction =        205175

 ITERATION  ENERGY          1e-ENERGY        2e-ENERGY     RMS[dD(SAO)]   TOL
   1  -529.65579864579    -1568.9751903     615.62455196    0.000D+00 0.443D-11
                            Exc = -64.5048507264     Coul =  680.129402689    
                              N = 65.999999390    
                            current damping = 0.300
 
          max. resid. norm for Fia-block=  4.965D-06 for orbital     32a         
          max. resid. fock norm         =  7.072D-06 for orbital    600a         

 ITERATION  ENERGY          1e-ENERGY        2e-ENERGY     RMS[dD(SAO)]   TOL
   2  -529.65579864558    -1568.9749282     615.62428984    0.623D-07 0.281D-11
                            Exc = -64.5048409618     Coul =  680.129130800    
                              N = 65.999999390    
                            current damping = 0.300
 
          Norm of current diis error: 0.11377E-03
          max. resid. norm for Fia-block=  2.242D-06 for orbital     32a         
          max. resid. fock norm         =  3.136D-06 for orbital    599a         

 ENERGY & DENSITY CONVERGED !


 ITERATION  ENERGY          1e-ENERGY        2e-ENERGY     RMS[dD(SAO)]   TOL
   3  -529.65579864572    -1568.9749309     615.62429254    0.296D-07 0.262D-11
                            Exc = -64.5048334964     Coul =  680.129126032    
                              N = 65.999999390    
                            current damping = 0.350
 
          Norm of current diis error: 0.31159E-04
          max. resid. norm for Fia-block=  6.092D-07 for orbital     20a         
          max. resid. fock norm         =  8.068D-07 for orbital    460a         

 End of SCF iterations

   convergence criteria satisfied after     3 iterations


                  ------------------------------------------ 
                 |  total energy      =   -529.65579864572  |
                  ------------------------------------------ 
                 :  kinetic energy    =    527.86730447253  :
                 :  potential energy  =  -1057.52310311825  :
                 :  virial theorem    =      1.99662328973  :
                 :  wavefunction norm =      1.00000000000  :
                  .......................................... 


 orbitals $scfmo  will be written to file mos

    irrep                 29a         30a         31a         32a         33a   
 eigenvalues H         -0.35024    -0.33219    -0.32264    -0.24206    -0.24176
            eV          -9.5306     -9.0394     -8.7796     -6.5867     -6.5786
 occupation              2.0000      2.0000      2.0000      2.0000      2.0000

    irrep                 34a         35a         36a         37a         38a   
 eigenvalues H         -0.05691    -0.05678     0.00649     0.01785     0.03979
            eV          -1.5487     -1.5451      0.1767      0.4857      1.0827
 
 
 
 
 ==============================================================================
                           electrostatic moments
 ==============================================================================

 reference point for electrostatic moments:    0.00000   0.00000   0.00000

 
              nuc           elec       ->  total
 ------------------------------------------------------------------------------
                          charge      
 ------------------------------------------------------------------------------
          66.000000     -66.000000       0.000000
 
 ------------------------------------------------------------------------------
                       dipole moment  
 ------------------------------------------------------------------------------
   x      15.814715     -15.814235       0.000480
   y      74.578672     -74.583553      -0.004882
   z       5.467043      -5.463933       0.003110
 
   | dipole moment | =     0.0058 a.u. =     0.0148 debye 
 
 ------------------------------------------------------------------------------
                     quadrupole moment
 ------------------------------------------------------------------------------
  xx     500.107261    -537.409320     -37.302059
  yy     589.134440    -626.465181     -37.330741
  zz      18.154110     -55.349038     -37.194928
  xy      25.647438     -25.643598       0.003840
  xz      81.194668     -81.208119      -0.013451
  yz     -41.998879      41.995160      -0.003718
 
     1/3  trace=     -37.275909
     anisotropy=       0.126496
 
 ==============================================================================
 
HOMO-LUMO Separation
 HOMO         :   -0.24175705 H =     -6.57855 eV
 LUMO         :   -0.05691468 H =     -1.54873 eV
 HOMO-LUMO gap:    0.18484238 H =     +5.02982 eV
 
 ==============================================================================


    ------------------------------------------------------------------------
         total  cpu-time :  31.04 seconds
         total wall-time :  31.08 seconds
    ------------------------------------------------------------------------

   ****  ridft : all done  ****


    2020-08-30 21:22:51.840 

 ridft ended normally
