           SMPCPUS    set: Shared-memory Parallelization with  20 CPUs.

           SMP Parallelization Reference:
           C. van Wullen, J. Comput. Chem. 32 (2011) 1195--1201

 ridft (c-12-33) : TURBOMOLE rev. V7.5.0 compiled 13 Jun 2020 at 23:29:25
 Copyright (C) 2020 TURBOMOLE GmbH, Karlsruhe


    2020-07-20 01:51:12.628 



                                  r i d f t

                        DFT program with RI approximation 
                                for coulomb part 




                                                 
                                 References:     
                                                 
          TURBOMOLE:                             
              R. Ahlrichs, M. Baer, M. Haeser, H. Horn, and
              C. Koelmel
              Electronic structure calculations on workstation
              computers: the program system TURBOMOLE
              Chem. Phys. Lett. 162: 165 (1989)
          Density Functional:                              
              O. Treutler and R. Ahlrichs                      
              Efficient Molecular Numerical Integration Schemes
              J. Chem. Phys. 102: 346 (1995)                   
          Parallel Version:                                
              Performance of parallel TURBOMOLE for Density    
              Functional Calculations                          
              M. v. Arnim and R. Ahlrichs                      
              J. Comp. Chem. 19: 1746 (1998)                   
          RI-J Method:                                     
              Auxiliary Basis Sets to approximate Coulomb      
              Potentials                                       
              Chem. Phys. Lett. 240: 283 (1995)                
              K. Eichkorn, O. Treutler, H. Oehm, M. Haeser     
              and R. Ahlrichs                                  
              Chem. Phys. Lett. 242: 652 (1995)                
                                                           
              Auxiliary Basis Sets for Main Row Atoms and their
              Use to approximate Coulomb Potentials            
              K. Eichkorn, F. Weigend, O. Treutler and         
              R. Ahlrichs                                      
              Theo. Chem. Acc. 97: 119 (1997)                   
                                                           
              Accurate Coulomb-fitting basis sets for H to Rn 
              F. Weigend                                        
              Phys. Chem. Chem. Phys. 8: 1057 (2006)            
                                                           
          Multipole accelerated RI-J (MARI-J):             
              Fast evaluation of the Coulomb potential for     
              electron densities using multipole accelerated   
              resolution of identity approximation             
              M. Sierka, A. Hogekamp and R. Ahlrichs           
              J. Chem. Phys. 118: 9136 (2003)                  
          RI-JK Method:                                     
              A fully direct RI-HF algorithm: Implementation,
              optimised auxiliary basis sets, demonstration of
              accuracy and efficiency                         
              F. Weigend                                      
              Phys. Chem. Chem. Phys. 4: 4285 (2002)           
          Two-component HF and DFT with spin-orbit coupling:  
              Self-consistent treatment of spin-orbit         
              interactions with efficient Hartree-Fock and    
              density functional methods                      
              M. K. Armbruster, F. Weigend, C. van Wüllen and 
              W. Klopper                                      
              Phys. Chem. Chem. Phys. 10: 1748 (2008)         
          Two-component difference density and DIIS algorithm 
              Efficient two-component self-consistent field   
              procedures and gradients: implementation in     
              TURBOMOLE and application to Au20-              
              A. Baldes, F. Weigend                           
              Mol. Phys. 111: 2617 (2013)                     
          Relativistic all-electron 2c calculations           
              An efficient implementation of two-component    
              relativistic exact-decoupling methods for large 
              molecules                                       
              D. Peng, N. Middendorf, F. Weigend, M. Reiher   
              J. Chem. Phys. 138: 184105 (2013)               
          Finite nucleus model and SNSO approximation         
              Efficient implementation of one- and two-       
              component analytical energy gradients in exact  
              two-component theory                            
              Y. J. Franzke, N. Middendorf, F. Weigend        
              J. Chem. Phys. 148: 104110 (2018)               
          Grids for all-electron relativistic methods         
              Error-consistent segmented contracted all-      
              electron relativistic basis sets of double-     
              and triple-zeta quality for NMR shielding       
              constants                                       
              Y. J. Franzke, R. Tress, T. M. Pazdera,         
              F. Weigend                                      
              Phys. Chem. Chem. Phys. 21: 166658 (2019)       
          Seminumerical exchange algorithms                   
              Seminumerical calculation of the Hartree-Fock   
              exchange matirx: Application to two-component   
              procedures and efficient evaluation of local    
              hybrid functionsl                               
              P. Plessow, F. Weigend,                         
              J. Comput. Chem. 33: 810 (2012)                 
          Improved seminumerical algorithms                   
              C. Holzer, in preparation (2020)                
                                         




              +--------------------------------------------------+
              |      general information about current run       |
              +--------------------------------------------------+

 

 DENSITY CONVERGENCE CHECK SWITCHED ON !
 SCF CONVERGENCE IF RMS(delta[D]) <     0.1000000000E-06

 PBE functional
 exchange:    LDA + PBE
 correlation: LDA (PW) + PBE
 A DFT calculation using the RI-J approximation will be carried out.
 Allocatable memory for RI due to $ricore (MB):                  5000


              +--------------------------------------------------+
              | Atomic coordinate, charge and isotop information |
              +--------------------------------------------------+

                    atomic coordinates            atom    charge  isotop
          0.56909502   -0.32714580    5.22411092    c      0.000     0
         -0.04699906   -0.14660898    1.92215596    cl     0.000     0
          2.35743761    0.59451280    5.60238548    h      0.000     0
          0.65409308   -2.30063220    5.76146533    h      0.000     0
         -0.94809264    0.62018077    6.21974095    h      0.000     0
         -0.46905925    0.27885393   -4.44954548    c      6.000     0
         -0.81423013    0.50451324   -7.78777113    cl    17.000     0
         -2.07343741   -0.74478914   -3.69444901    h      1.000     0
          1.26909909   -0.72102745   -4.03709844    h      1.000     0
         -0.40211254    2.17042378   -3.66929899    h      1.000     0
 
       center of nuclear mass  :   -0.28192603    0.11611031   -1.90558135
       center of nuclear charge:   -0.68702764    0.42132522   -6.55731648

              +--------------------------------------------------+
              |               basis set information              |
              +--------------------------------------------------+

              we will work with the 1s 3p 5d 7f 9g ... basis set
              ...i.e. with spherical basis functions...

   type   atoms  prim   cont   basis
   ---------------------------------------------------------------------------
    c        2     50     30   cc-pVTZ   [4s3p2d1f|18s5p2d1f]
    cl       2    106     34   cc-pVTZ   [5s4p2d1f|41s16p2d1f]
    h        6     16     14   cc-pVTZ   [3s2p1d|5s2p1d]
   ---------------------------------------------------------------------------
   total:   10    408    212
   ---------------------------------------------------------------------------

   total number of primitive shells          :   94
   total number of contracted shells         :   80
   total number of cartesian basis functions :  238
   total number of SCF-basis functions       :  212


 integral neglect threshold       :  0.14E-10
 integral storage threshold THIZE :  0.10E-04
 integral storage threshold THIME :         5

 RI-J AUXILIARY BASIS SET information:

              we will work with the 1s 3p 5d 7f 9g ... basis set
              ...i.e. with spherical basis functions...

   type   atoms  prim   cont   basis
   ---------------------------------------------------------------------------
    c        2     70     49   cc-pVTZ   [6s4p3d1f1g|12s5p4d2f1g]
    cl       2     77     51   cc-pVTZ   [8s4p3d1f1g|14s5p5d2f1g]
    h        6     16     11   cc-pVTZ   [3s1p1d|5s2p1d]
   ---------------------------------------------------------------------------
   total:   10    390    266
   ---------------------------------------------------------------------------

   total number of primitive shells          :   59
   total number of contracted shells         :   94
   total number of cartesian basis functions :  320
   total number of SCF-basis functions       :  266


 symmetry group of the molecule :   c1 

 the group has the following generators :
   c1(z)

    1 symmetry operations found

 there are 1 real representations :   a   

 maximum number of shells which are related by symmetry :  1

  
           ------------------
           density functional
           ------------------
 Dummy atoms with grid-point found.
 DFT quadrature threshold dgrenze tightened by factor 1/10.

 PBE functional
 exchange:    LDA + PBE
 correlation: LDA (PW) + PBE
 Dummy atoms with grid-point found.
 DFT quadrature threshold dgrenze tightened by factor 1/10.

 Dummy atoms with grid-point found.
 DFT quadrature threshold dgrenze tightened by factor 1/10.


 spherical integration : Lebedev's spherical grid
 spherical gridsize    :                     5
    i.e. gridpoints    :                   590
 value for diffuse not defined
 radial integration    : Chebyshev 2nd kind (scaling 3)
 radial gridsize       :                     8
 integration cells     :                    10
 partition function    : becke
 partition sharpness   :                     3
  
 found dummy atom(s) with basis: included in dft

 biggest AO integral is expected to be    10.299856942

          ------------------------
          nuclear repulsion energy  :   51.4402988447    
          ------------------------


         -----------------
         -S,T+V- integrals
         -----------------

 1e-integrals will be neglected if expon. factor < 0.140419E-11
 
   Difference densities algorithm switched on.
   The maximal number of linear combinations of
   difference densities is                    20 .

 DIIS switched on: error vector is FDS-SDF
 Max. Iterations for DIIS is     :   4
 DIIS matrix (see manual) 
    Scaling factor of diagonals  :  1.200
    threshold for scaling factor :  0.000

 scf convergence criterion : increment of total energy < .1000000D-06
                  and increment of one-electron energy < .1000000D-03

 MOs are in ASCII format !


    mo occupation :
   irrep   mo's   occupied
    a      212       13
 
 number of basis functions   :   212
 number of occupied orbitals :    13
 

 reading orbital data $scfmo  from file mos
 orbital characterization : expanded
 virtual MOs provided and orthogonalized by Cholesky decomposition

 automatic virtual orbital shift switched on 
      shift if e(lumo)-e(homo) < 0.10000000    

  
           ------------------------
               RI-J - INFORMATION
           ------------------------
 Contributions to RI integral batches: 
  neglected integral batches:                   663
  direct contribution:                            0
  memory contribution:                  2577
 Memory core needed for (P|Q) and Cholesky      1 MByte
 Memory core minimum needed except of (P|Q)     1 MByte
 Total minimum memory core needed (sum)         1 MByte
  
 ****************************************
 Memory allocated for RI-J    54 MByte
 ****************************************
                                            

 DSCF restart information will be dumped onto file mos


 Starting SCF iterations

          Overall gridpoints after grid construction =        159811

 ITERATION  ENERGY          1e-ENERGY        2e-ENERGY     RMS[dD(SAO)]   TOL
   1  -499.59759461863    -788.55982449     237.52193103    0.000D+00 0.140D-10
                            Exc = -34.2885634852     Coul =  271.810494514    
                              N = 25.999999868    
                            current damping = 0.300
 
          max. resid. norm for Fia-block=  2.647D-01 for orbital      8a         
          max. resid. fock norm         =  2.823D+01 for orbital     31a         

 ITERATION  ENERGY          1e-ENERGY        2e-ENERGY     RMS[dD(SAO)]   TOL
   2  -499.86579665555    -790.66861668     239.36252118    0.319D-02 0.907D-11
                            Exc = -34.5185944951     Coul =  273.881115677    
                              N = 25.999999921    
                            current damping = 0.250
 
          Norm of current diis error: 0.76235    
          max. resid. norm for Fia-block=  6.645D-02 for orbital      7a         
          max. resid. fock norm         =  1.752D-01 for orbital     93a         

 ITERATION  ENERGY          1e-ENERGY        2e-ENERGY     RMS[dD(SAO)]   TOL
   3  -499.89262130264    -790.38038269     239.04746254    0.137D-02 0.774D-11
                            Exc = -34.4973436855     Coul =  273.544806224    
                              N = 25.999999932    
                            current damping = 0.200
 
          Norm of current diis error: 0.24564    
          max. resid. norm for Fia-block=  1.396D-02 for orbital      8a         
          max. resid. fock norm         =  1.771D-02 for orbital     14a         

 ITERATION  ENERGY          1e-ENERGY        2e-ENERGY     RMS[dD(SAO)]   TOL
   4  -499.89577021620    -790.45204111     239.11597204    0.395D-03 0.691D-11
                            Exc = -34.5099736305     Coul =  273.625945675    
                              N = 25.999999938    
                            current damping = 0.250
 
          Norm of current diis error: 0.28577E-01
          max. resid. norm for Fia-block=  2.877D-03 for orbital      7a         
          max. resid. fock norm         =  5.105D-03 for orbital    182a         

 ITERATION  ENERGY          1e-ENERGY        2e-ENERGY     RMS[dD(SAO)]   TOL
   5  -499.89581705310    -790.53281471     239.19669882    0.699D-04 0.649D-11
                            Exc = -34.5149633552     Coul =  273.711662172    
                              N = 25.999999939    
                            current damping = 0.100
 
          Norm of current diis error: 0.98165E-02
          max. resid. norm for Fia-block=  9.791D-04 for orbital     13a         
          max. resid. fock norm         =  1.262D-03 for orbital    182a         
          mo-orthogonalization: Cholesky decomposition

 ITERATION  ENERGY          1e-ENERGY        2e-ENERGY     RMS[dD(SAO)]   TOL
   6  -499.89582420252    -790.47723461     239.14111156    0.330D-04 0.634D-11
                            Exc = -34.5116593076     Coul =  273.652770870    
                              N = 25.999999939    
                            current damping = 0.150
 
          Norm of current diis error: 0.43896E-02
          max. resid. norm for Fia-block=  3.159D-04 for orbital     11a         
          max. resid. fock norm         =  4.289D-04 for orbital    182a         

 ITERATION  ENERGY          1e-ENERGY        2e-ENERGY     RMS[dD(SAO)]   TOL
   7  -499.89582568282    -790.49418035     239.15805582    0.827D-05 0.618D-11
                            Exc = -34.5126917413     Coul =  273.670747560    
                              N = 25.999999939    
                            current damping = 0.200
 
          Norm of current diis error: 0.60839E-03
          max. resid. norm for Fia-block=  6.709D-05 for orbital     11a         
          max. resid. fock norm         =  9.799D-05 for orbital     11a         

 ITERATION  ENERGY          1e-ENERGY        2e-ENERGY     RMS[dD(SAO)]   TOL
   8  -499.89582569463    -790.49440402     239.15827949    0.163D-05 0.614D-11
                            Exc = -34.5127175286     Coul =  273.670997014    
                              N = 25.999999939    
                            current damping = 0.100
 
          Norm of current diis error: 0.50976E-03
          max. resid. norm for Fia-block=  3.003D-05 for orbital     11a         
          max. resid. fock norm         =  4.018D-05 for orbital     11a         

 ENERGY & DENSITY CONVERGED !


 ITERATION  ENERGY          1e-ENERGY        2e-ENERGY     RMS[dD(SAO)]   TOL
   9  -499.89582570932    -790.49434768     239.15822313    0.749D-06 0.602D-11
                            Exc = -34.5126990104     Coul =  273.670922141    
                              N = 25.999999939    
                            current damping = 0.150
 
          Norm of current diis error: 0.16139E-03
          max. resid. norm for Fia-block=  8.864D-06 for orbital      9a         
          max. resid. fock norm         =  9.832D-06 for orbital     14a         

 End of SCF iterations

   convergence criteria satisfied after     9 iterations


                  ------------------------------------------ 
                 |  total energy      =   -499.89582570932  |
                  ------------------------------------------ 
                 :  kinetic energy    =    498.40006489000  :
                 :  potential energy  =   -998.29589059932  :
                 :  virial theorem    =      1.99700785495  :
                 :  wavefunction norm =      1.00000000000  :
                  .......................................... 


 <geterg> : there is no data group $energy 


 <skperg> : $end is missing 


 orbitals $scfmo  will be written to file mos

    irrep                  9a         10a         11a         12a         13a   
 eigenvalues H         -0.40404    -0.40402    -0.37687    -0.25742    -0.25741
            eV         -10.9945    -10.9940    -10.2553     -7.0048     -7.0046
 occupation              2.0000      2.0000      2.0000      2.0000      2.0000

    irrep                 14a         15a         16a         17a         18a   
 eigenvalues H         -0.01440     0.03172     0.07562     0.07573     0.07611
            eV          -0.3919      0.8631      2.0576      2.0608      2.0710
 
 
 
 
 ==============================================================================
                           electrostatic moments
 ==============================================================================

 reference point for electrostatic moments:    0.00000   0.00000   0.00000

 
              nuc           elec       ->  total
 ------------------------------------------------------------------------------
                          charge      
 ------------------------------------------------------------------------------
          26.000000     -26.000000      -0.000000
 
 ------------------------------------------------------------------------------
                       dipole moment  
 ------------------------------------------------------------------------------
   x     -17.862719      17.937591       0.074872
   y      10.954456     -11.003415      -0.048959
   z    -170.490229     171.214151       0.723922
 
   | dipole moment | =     0.7294 a.u. =     1.8540 debye 
 
 ------------------------------------------------------------------------------
                     quadrupole moment
 ------------------------------------------------------------------------------
  xx      18.662051     -33.521520     -14.859469
  yy      10.578959     -25.384494     -14.805535
  zz    1193.241049   -1216.291945     -23.050896
  xy      -8.011758       8.068665       0.056907
  xz     124.332449    -125.193466      -0.861017
  yz     -76.539701      77.083793       0.544092
 
     1/3  trace=     -17.571967
     anisotropy=       8.406310
 
 ==============================================================================
 
HOMO-LUMO Separation
 HOMO         :   -0.25741383 H =     -7.00459 eV
 LUMO         :   -0.01440180 H =     -0.39189 eV
 HOMO-LUMO gap:    0.24301203 H =     +6.61270 eV
 
 ==============================================================================


    ------------------------------------------------------------------------
         total  cpu-time :  2 minutes and 28 seconds
         total wall-time :  10.43 seconds
    ------------------------------------------------------------------------

   ****  ridft : all done  ****


    2020-07-20 01:51:23.032 

