           SMPCPUS    set: Shared-memory Parallelization with  16 CPUs.

           SMP Parallelization Reference:
           C. van Wullen, J. Comput. Chem. 32 (2011) 1195--1201

 ridft (c-3-41) : TURBOMOLE rev. V7.5.0 compiled 13 Jun 2020 at 23:29:25
 Copyright (C) 2020 TURBOMOLE GmbH, Karlsruhe


    2020-07-21 01:31:25.394 



                                  r i d f t

                        DFT program with RI approximation 
                                for coulomb part 




                                                 
                                 References:     
                                                 
          TURBOMOLE:                             
              R. Ahlrichs, M. Baer, M. Haeser, H. Horn, and
              C. Koelmel
              Electronic structure calculations on workstation
              computers: the program system TURBOMOLE
              Chem. Phys. Lett. 162: 165 (1989)
          Density Functional:                              
              O. Treutler and R. Ahlrichs                      
              Efficient Molecular Numerical Integration Schemes
              J. Chem. Phys. 102: 346 (1995)                   
          Parallel Version:                                
              Performance of parallel TURBOMOLE for Density    
              Functional Calculations                          
              M. v. Arnim and R. Ahlrichs                      
              J. Comp. Chem. 19: 1746 (1998)                   
          RI-J Method:                                     
              Auxiliary Basis Sets to approximate Coulomb      
              Potentials                                       
              Chem. Phys. Lett. 240: 283 (1995)                
              K. Eichkorn, O. Treutler, H. Oehm, M. Haeser     
              and R. Ahlrichs                                  
              Chem. Phys. Lett. 242: 652 (1995)                
                                                           
              Auxiliary Basis Sets for Main Row Atoms and their
              Use to approximate Coulomb Potentials            
              K. Eichkorn, F. Weigend, O. Treutler and         
              R. Ahlrichs                                      
              Theo. Chem. Acc. 97: 119 (1997)                   
                                                           
              Accurate Coulomb-fitting basis sets for H to Rn 
              F. Weigend                                        
              Phys. Chem. Chem. Phys. 8: 1057 (2006)            
                                                           
          Multipole accelerated RI-J (MARI-J):             
              Fast evaluation of the Coulomb potential for     
              electron densities using multipole accelerated   
              resolution of identity approximation             
              M. Sierka, A. Hogekamp and R. Ahlrichs           
              J. Chem. Phys. 118: 9136 (2003)                  
          RI-JK Method:                                     
              A fully direct RI-HF algorithm: Implementation,
              optimised auxiliary basis sets, demonstration of
              accuracy and efficiency                         
              F. Weigend                                      
              Phys. Chem. Chem. Phys. 4: 4285 (2002)           
          Two-component HF and DFT with spin-orbit coupling:  
              Self-consistent treatment of spin-orbit         
              interactions with efficient Hartree-Fock and    
              density functional methods                      
              M. K. Armbruster, F. Weigend, C. van Wüllen and 
              W. Klopper                                      
              Phys. Chem. Chem. Phys. 10: 1748 (2008)         
          Two-component difference density and DIIS algorithm 
              Efficient two-component self-consistent field   
              procedures and gradients: implementation in     
              TURBOMOLE and application to Au20-              
              A. Baldes, F. Weigend                           
              Mol. Phys. 111: 2617 (2013)                     
          Relativistic all-electron 2c calculations           
              An efficient implementation of two-component    
              relativistic exact-decoupling methods for large 
              molecules                                       
              D. Peng, N. Middendorf, F. Weigend, M. Reiher   
              J. Chem. Phys. 138: 184105 (2013)               
          Finite nucleus model and SNSO approximation         
              Efficient implementation of one- and two-       
              component analytical energy gradients in exact  
              two-component theory                            
              Y. J. Franzke, N. Middendorf, F. Weigend        
              J. Chem. Phys. 148: 104110 (2018)               
          Grids for all-electron relativistic methods         
              Error-consistent segmented contracted all-      
              electron relativistic basis sets of double-     
              and triple-zeta quality for NMR shielding       
              constants                                       
              Y. J. Franzke, R. Tress, T. M. Pazdera,         
              F. Weigend                                      
              Phys. Chem. Chem. Phys. 21: 166658 (2019)       
          Seminumerical exchange algorithms                   
              Seminumerical calculation of the Hartree-Fock   
              exchange matirx: Application to two-component   
              procedures and efficient evaluation of local    
              hybrid functionsl                               
              P. Plessow, F. Weigend,                         
              J. Comput. Chem. 33: 810 (2012)                 
          Improved seminumerical algorithms                   
              C. Holzer, in preparation (2020)                
                                         




              +--------------------------------------------------+
              |      general information about current run       |
              +--------------------------------------------------+

 

 DENSITY CONVERGENCE CHECK SWITCHED ON !
 SCF CONVERGENCE IF RMS(delta[D]) <     0.1000000000E-06

 PBE functional
 exchange:    LDA + PBE
 correlation: LDA (PW) + PBE
 A DFT calculation using the RI-J approximation will be carried out.
 Allocatable memory for RI due to $ricore (MB):                  5000


              +--------------------------------------------------+
              | Atomic coordinate, charge and isotop information |
              +--------------------------------------------------+

                    atomic coordinates            atom    charge  isotop
          0.00405194    0.68227329    0.05631329    h      0.000     0
          0.02838481    0.51927735    2.09315140    c      0.000     0
          2.31988952    0.56059678    3.39135813    c      0.000     0
          2.35074150    0.34714796    6.01632852    c      0.000     0
          0.09062789    0.09243596    7.34439148    c      0.000     0
         -2.20178729    0.05093634    6.04752667    c      0.000     0
         -2.23333897    0.26423784    3.42111595    c      0.000     0
          4.07388654    0.75433528    2.36110241    h      0.000     0
          4.12901257    0.37529688    7.02254500    h      0.000     0
          0.11514982   -0.07686037    9.38062746    h      0.000     0
         -3.95561367   -0.14858720    7.07726069    h      0.000     0
         -4.01159650    0.23292220    2.41440065    h      0.000     0
         -0.50706248   -6.03618027    3.76898120    br    35.000     0
          0.09448618   -9.61718946    3.64602092    c      6.000     0
          0.14919312  -10.41700445    1.26961546    f      9.000     0
          2.29031772  -10.17427851    4.72179157    f      9.000     0
         -1.71962698  -10.85410943    4.85796005    f      9.000     0
 
       center of nuclear mass  :   -0.09290155   -5.15967270    4.05104532
       center of nuclear charge:   -0.15737228   -8.11732320    3.69757016

              +--------------------------------------------------+
              |               basis set information              |
              +--------------------------------------------------+

              we will work with the 1s 3p 5d 7f 9g ... basis set
              ...i.e. with spherical basis functions...

   type   atoms  prim   cont   basis
   ---------------------------------------------------------------------------
    h        6     16     14   cc-pVTZ   [3s2p1d|5s2p1d]
    c        7     50     30   cc-pVTZ   [4s3p2d1f|18s5p2d1f]
    br       1    231     43   cc-pVTZ   [6s5p3d1f|74s35p9d1f]
    f        3     50     30   cc-pVTZ   [4s3p2d1f|18s5p2d1f]
   ---------------------------------------------------------------------------
   total:   17    827    427
   ---------------------------------------------------------------------------

   total number of primitive shells          :  179
   total number of contracted shells         :  151
   total number of cartesian basis functions :  489
   total number of SCF-basis functions       :  427


 integral neglect threshold       :  0.68E-11
 integral storage threshold THIZE :  0.10E-04
 integral storage threshold THIME :         5

 RI-J AUXILIARY BASIS SET information:

              we will work with the 1s 3p 5d 7f 9g ... basis set
              ...i.e. with spherical basis functions...

   type   atoms  prim   cont   basis
   ---------------------------------------------------------------------------
    h        6     16     11   cc-pVTZ   [3s1p1d|5s2p1d]
    c        7     70     49   cc-pVTZ   [6s4p3d1f1g|12s5p4d2f1g]
    br       1     89     58   universal   [8s4p3d2f1g|19s5p5d3f1g]
    f        3     70     49   cc-pVTZ   [6s4p3d1f1g|12s5p4d2f1g]
   ---------------------------------------------------------------------------
   total:   17    885    614
   ---------------------------------------------------------------------------

   total number of primitive shells          :   89
   total number of contracted shells         :  198
   total number of cartesian basis functions :  755
   total number of SCF-basis functions       :  614


 symmetry group of the molecule :   c1 

 the group has the following generators :
   c1(z)

    1 symmetry operations found

 there are 1 real representations :   a   

 maximum number of shells which are related by symmetry :  1

  
           ------------------
           density functional
           ------------------
 Dummy atoms with grid-point found.
 DFT quadrature threshold dgrenze tightened by factor 1/10.

 PBE functional
 exchange:    LDA + PBE
 correlation: LDA (PW) + PBE
 Dummy atoms with grid-point found.
 DFT quadrature threshold dgrenze tightened by factor 1/10.

 Dummy atoms with grid-point found.
 DFT quadrature threshold dgrenze tightened by factor 1/10.


 spherical integration : Lebedev's spherical grid
 spherical gridsize    :                     5
    i.e. gridpoints    :                   590
 value for diffuse not defined
 radial integration    : Chebyshev 2nd kind (scaling 3)
 radial gridsize       :                     8
 integration cells     :                    17
 partition function    : becke
 partition sharpness   :                     3
  
 found dummy atom(s) with basis: included in dft

 biggest AO integral is expected to be    21.504608483

          ------------------------
          nuclear repulsion energy  :   367.920901003    
          ------------------------


         -----------------
         -S,T+V- integrals
         -----------------

 1e-integrals will be neglected if expon. factor < 0.683428E-12
 
   Difference densities algorithm switched on.
   The maximal number of linear combinations of
   difference densities is                    20 .

 DIIS switched on: error vector is FDS-SDF
 Max. Iterations for DIIS is     :   4
 DIIS matrix (see manual) 
    Scaling factor of diagonals  :  1.200
    threshold for scaling factor :  0.000

 scf convergence criterion : increment of total energy < .1000000D-06
                  and increment of one-electron energy < .1000000D-03

 MOs are in ASCII format !


    mo occupation :
   irrep   mo's   occupied
    a      427       34
 
 number of basis functions   :   427
 number of occupied orbitals :    34
 

 reading orbital data $scfmo  from file mos
 orbital characterization : expanded
 virtual MOs provided and orthogonalized by Cholesky decomposition

 automatic virtual orbital shift switched on 
      shift if e(lumo)-e(homo) < 0.10000000    

  
           ------------------------
               RI-J - INFORMATION
           ------------------------
 Contributions to RI integral batches: 
  neglected integral batches:                  2850
  direct contribution:                            0
  memory contribution:                  8626
 Memory core needed for (P|Q) and Cholesky      3 MByte
 Memory core minimum needed except of (P|Q)     1 MByte
 Total minimum memory core needed (sum)         4 MByte
  
 ****************************************
 Memory allocated for RI-J   495 MByte
 ****************************************
                                            

 DSCF restart information will be dumped onto file mos


 Starting SCF iterations

          Overall gridpoints after grid construction =        287759

 ITERATION  ENERGY          1e-ENERGY        2e-ENERGY     RMS[dD(SAO)]   TOL
   1  -2910.0704600373    -4780.1134327     1502.1220716    0.000D+00 0.682D-11
                            Exc = -128.063238462     Coul =  1630.18531008    
                              N = 68.000000637    
                            current damping = 0.300
 
          max. resid. norm for Fia-block=  4.129D-01 for orbital     23a         
          max. resid. fock norm         =  1.572D+01 for orbital    423a         

 ITERATION  ENERGY          1e-ENERGY        2e-ENERGY     RMS[dD(SAO)]   TOL
   2  -2910.9918856774    -4782.3974683     1503.4846816    0.348D-02 0.443D-11
                            Exc = -127.011782426     Coul =  1630.49646405    
                              N = 68.000000500    
                            current damping = 0.250
 
          Norm of current diis error:  2.5012    
          max. resid. norm for Fia-block=  1.177D-01 for orbital     32a         
          max. resid. fock norm         =  3.868D-01 for orbital    277a         

 ITERATION  ENERGY          1e-ENERGY        2e-ENERGY     RMS[dD(SAO)]   TOL
   3  -2911.2559120439    -4784.0391773     1504.8623642    0.141D-02 0.390D-11
                            Exc = -127.467527520     Coul =  1632.32989173    
                              N = 68.000000547    
                            current damping = 0.150
 
          Norm of current diis error: 0.26047    
          max. resid. norm for Fia-block=  2.417D-02 for orbital     32a         
          max. resid. fock norm         =  5.115D-02 for orbital    191a         

 ITERATION  ENERGY          1e-ENERGY        2e-ENERGY     RMS[dD(SAO)]   TOL
   4  -2911.2571821803    -4782.4791627     1503.3010796    0.538D-03 0.339D-11
                            Exc = -127.283067182     Coul =  1630.58414673    
                              N = 68.000000536    
                            current damping = 0.200
 
          Norm of current diis error: 0.22822    
          max. resid. norm for Fia-block=  1.237D-02 for orbital     32a         
          max. resid. fock norm         =  1.661D-02 for orbital     32a         

 ITERATION  ENERGY          1e-ENERGY        2e-ENERGY     RMS[dD(SAO)]   TOL
   5  -2911.2603162208    -4782.8391771     1503.6579599    0.227D-03 0.330D-11
                            Exc = -127.372487546     Coul =  1631.03044747    
                              N = 68.000000533    
                            current damping = 0.250
 
          Norm of current diis error: 0.53722E-01
          max. resid. norm for Fia-block=  5.102D-03 for orbital     32a         
          max. resid. fock norm         =  6.960D-03 for orbital     35a         
          mo-orthogonalization: Cholesky decomposition

 ITERATION  ENERGY          1e-ENERGY        2e-ENERGY     RMS[dD(SAO)]   TOL
   6  -2911.2605531767    -4783.1959131     1504.0144590    0.906D-04 0.324D-11
                            Exc = -127.383168687     Coul =  1631.39762765    
                              N = 68.000000537    
                            current damping = 0.100
 
          Norm of current diis error: 0.23052E-01
          max. resid. norm for Fia-block=  1.359D-03 for orbital     32a         
          max. resid. fock norm         =  1.884D-03 for orbital    203a         

 ITERATION  ENERGY          1e-ENERGY        2e-ENERGY     RMS[dD(SAO)]   TOL
   7  -2911.2606073061    -4783.0432962     1503.8617879    0.282D-04 0.314D-11
                            Exc = -127.377565272     Coul =  1631.23935318    
                              N = 68.000000536    
                            current damping = 0.150
 
          Norm of current diis error: 0.19483E-02
          max. resid. norm for Fia-block=  2.857D-04 for orbital     14a         
          max. resid. fock norm         =  3.080D-04 for orbital     10a         

 ITERATION  ENERGY          1e-ENERGY        2e-ENERGY     RMS[dD(SAO)]   TOL
   8  -2911.2606076227    -4783.0703781     1503.8888695    0.301D-05 0.309D-11
                            Exc = -127.378884429     Coul =  1631.26775391    
                              N = 68.000000536    
                            current damping = 0.200
 
          Norm of current diis error: 0.71804E-03
          max. resid. norm for Fia-block=  6.843D-05 for orbital     14a         
          max. resid. fock norm         =  7.551D-05 for orbital     11a         

 ITERATION  ENERGY          1e-ENERGY        2e-ENERGY     RMS[dD(SAO)]   TOL
   9  -2911.2606076671    -4783.0621016     1503.8805929    0.918D-06 0.305D-11
                            Exc = -127.378502283     Coul =  1631.25909522    
                              N = 68.000000536    
                            current damping = 0.250
 
          Norm of current diis error: 0.16667E-03
          max. resid. norm for Fia-block=  1.415D-05 for orbital     32a         
          max. resid. fock norm         =  2.120D-05 for orbital     32a         

 ITERATION  ENERGY          1e-ENERGY        2e-ENERGY     RMS[dD(SAO)]   TOL
  10  -2911.2606076691    -4783.0634064     1503.8818978    0.277D-06 0.299D-11
                            Exc = -127.378502277     Coul =  1631.26040004    
                              N = 68.000000536    
                            current damping = 0.300
 
          Norm of current diis error: 0.84057E-04
          max. resid. norm for Fia-block=  4.866D-06 for orbital     32a         
          max. resid. fock norm         =  7.003D-06 for orbital     32a         
          mo-orthogonalization: Cholesky decomposition

 ENERGY & DENSITY CONVERGED !


 ITERATION  ENERGY          1e-ENERGY        2e-ENERGY     RMS[dD(SAO)]   TOL
  11  -2911.2606076696    -4783.0634443     1503.8819356    0.830D-07 0.295D-11
                            Exc = -127.378534676     Coul =  1631.26047028    
                              N = 68.000000536    
                            current damping = 0.150
 
          Norm of current diis error: 0.26876E-04
          max. resid. norm for Fia-block=  2.079D-06 for orbital     32a         
          max. resid. fock norm         =  2.719D-06 for orbital    203a         

 End of SCF iterations

   convergence criteria satisfied after    11 iterations


                  ------------------------------------------ 
                 |  total energy      =  -2911.26060766958  |
                  ------------------------------------------ 
                 :  kinetic energy    =   2905.94249203767  :
                 :  potential energy  =  -5817.20309970725  :
                 :  virial theorem    =      1.99817326020  :
                 :  wavefunction norm =      1.00000000000  :
                  .......................................... 


 <geterg> : there is no data group $energy 


 <skperg> : $end is missing 


 orbitals $scfmo  will be written to file mos

    irrep                 30a         31a         32a         33a         34a   
 eigenvalues H         -0.40122    -0.37453    -0.35862    -0.28508    -0.28507
            eV         -10.9179    -10.1916     -9.7587     -7.7576     -7.7573
 occupation              2.0000      2.0000      2.0000      2.0000      2.0000

    irrep                 35a         36a         37a         38a         39a   
 eigenvalues H         -0.06940     0.04530     0.06865     0.06971     0.09592
            eV          -1.8886      1.2326      1.8682      1.8969      2.6102
 
 
 
 
 ==============================================================================
                           electrostatic moments
 ==============================================================================

 reference point for electrostatic moments:    0.00000   0.00000   0.00000

 
              nuc           elec       ->  total
 ------------------------------------------------------------------------------
                          charge      
 ------------------------------------------------------------------------------
          68.000000     -68.000000       0.000000
 
 ------------------------------------------------------------------------------
                       dipole moment  
 ------------------------------------------------------------------------------
   x     -10.701315      10.683389      -0.017926
   y    -551.977978     552.074638       0.096660
   z     251.434771    -251.432197       0.002575
 
   | dipole moment | =     0.0983 a.u. =     0.2500 debye 
 
 ------------------------------------------------------------------------------
                     quadrupole moment
 ------------------------------------------------------------------------------
  xx      83.076875    -112.013645     -28.936770
  yy    4798.758072   -4827.922547     -29.164475
  zz    1004.506619   -1033.469739     -28.963119
  xy      45.949962     -46.060795      -0.110833
  xz     -40.972347      40.897620      -0.074727
  yz   -2032.602772    2032.983254       0.380483
 
     1/3  trace=     -29.021455
     anisotropy=       0.731060
 
 ==============================================================================
 
HOMO-LUMO Separation
 HOMO         :   -0.28507154 H =     -7.75720 eV
 LUMO         :   -0.06940362 H =     -1.88857 eV
 HOMO-LUMO gap:    0.21566791 H =     +5.86863 eV
 
 ==============================================================================


    ------------------------------------------------------------------------
         total  cpu-time :  3 minutes and 51 seconds
         total wall-time :  21.60 seconds
    ------------------------------------------------------------------------

   ****  ridft : all done  ****


    2020-07-21 01:31:46.974 

