           SMPCPUS    set: Shared-memory Parallelization with  20 CPUs.

           SMP Parallelization Reference:
           C. van Wullen, J. Comput. Chem. 32 (2011) 1195--1201

 ridft (c-15-19) : TURBOMOLE rev. V7.5.0 compiled 13 Jun 2020 at 23:29:25
 Copyright (C) 2020 TURBOMOLE GmbH, Karlsruhe


    2020-07-20 16:19:23.425 



                                  r i d f t

                        DFT program with RI approximation 
                                for coulomb part 




                                                 
                                 References:     
                                                 
          TURBOMOLE:                             
              R. Ahlrichs, M. Baer, M. Haeser, H. Horn, and
              C. Koelmel
              Electronic structure calculations on workstation
              computers: the program system TURBOMOLE
              Chem. Phys. Lett. 162: 165 (1989)
          Density Functional:                              
              O. Treutler and R. Ahlrichs                      
              Efficient Molecular Numerical Integration Schemes
              J. Chem. Phys. 102: 346 (1995)                   
          Parallel Version:                                
              Performance of parallel TURBOMOLE for Density    
              Functional Calculations                          
              M. v. Arnim and R. Ahlrichs                      
              J. Comp. Chem. 19: 1746 (1998)                   
          RI-J Method:                                     
              Auxiliary Basis Sets to approximate Coulomb      
              Potentials                                       
              Chem. Phys. Lett. 240: 283 (1995)                
              K. Eichkorn, O. Treutler, H. Oehm, M. Haeser     
              and R. Ahlrichs                                  
              Chem. Phys. Lett. 242: 652 (1995)                
                                                           
              Auxiliary Basis Sets for Main Row Atoms and their
              Use to approximate Coulomb Potentials            
              K. Eichkorn, F. Weigend, O. Treutler and         
              R. Ahlrichs                                      
              Theo. Chem. Acc. 97: 119 (1997)                   
                                                           
              Accurate Coulomb-fitting basis sets for H to Rn 
              F. Weigend                                        
              Phys. Chem. Chem. Phys. 8: 1057 (2006)            
                                                           
          Multipole accelerated RI-J (MARI-J):             
              Fast evaluation of the Coulomb potential for     
              electron densities using multipole accelerated   
              resolution of identity approximation             
              M. Sierka, A. Hogekamp and R. Ahlrichs           
              J. Chem. Phys. 118: 9136 (2003)                  
          RI-JK Method:                                     
              A fully direct RI-HF algorithm: Implementation,
              optimised auxiliary basis sets, demonstration of
              accuracy and efficiency                         
              F. Weigend                                      
              Phys. Chem. Chem. Phys. 4: 4285 (2002)           
          Two-component HF and DFT with spin-orbit coupling:  
              Self-consistent treatment of spin-orbit         
              interactions with efficient Hartree-Fock and    
              density functional methods                      
              M. K. Armbruster, F. Weigend, C. van Wüllen and 
              W. Klopper                                      
              Phys. Chem. Chem. Phys. 10: 1748 (2008)         
          Two-component difference density and DIIS algorithm 
              Efficient two-component self-consistent field   
              procedures and gradients: implementation in     
              TURBOMOLE and application to Au20-              
              A. Baldes, F. Weigend                           
              Mol. Phys. 111: 2617 (2013)                     
          Relativistic all-electron 2c calculations           
              An efficient implementation of two-component    
              relativistic exact-decoupling methods for large 
              molecules                                       
              D. Peng, N. Middendorf, F. Weigend, M. Reiher   
              J. Chem. Phys. 138: 184105 (2013)               
          Finite nucleus model and SNSO approximation         
              Efficient implementation of one- and two-       
              component analytical energy gradients in exact  
              two-component theory                            
              Y. J. Franzke, N. Middendorf, F. Weigend        
              J. Chem. Phys. 148: 104110 (2018)               
          Grids for all-electron relativistic methods         
              Error-consistent segmented contracted all-      
              electron relativistic basis sets of double-     
              and triple-zeta quality for NMR shielding       
              constants                                       
              Y. J. Franzke, R. Tress, T. M. Pazdera,         
              F. Weigend                                      
              Phys. Chem. Chem. Phys. 21: 166658 (2019)       
          Seminumerical exchange algorithms                   
              Seminumerical calculation of the Hartree-Fock   
              exchange matirx: Application to two-component   
              procedures and efficient evaluation of local    
              hybrid functionsl                               
              P. Plessow, F. Weigend,                         
              J. Comput. Chem. 33: 810 (2012)                 
          Improved seminumerical algorithms                   
              C. Holzer, in preparation (2020)                
                                         




              +--------------------------------------------------+
              |      general information about current run       |
              +--------------------------------------------------+

 

 DENSITY CONVERGENCE CHECK SWITCHED ON !
 SCF CONVERGENCE IF RMS(delta[D]) <     0.1000000000E-06

 PBE functional
 exchange:    LDA + PBE
 correlation: LDA (PW) + PBE
 A DFT calculation using the RI-J approximation will be carried out.
 Allocatable memory for RI due to $ricore (MB):                  5000


              +--------------------------------------------------+
              | Atomic coordinate, charge and isotop information |
              +--------------------------------------------------+

                    atomic coordinates            atom    charge  isotop
         -0.00005387   -0.00087292    4.07831061    c      6.000     0
         -2.74778224    1.58505939    3.05424154    cl    17.000     0
          2.74793492    1.58483720    3.05419147    cl    17.000     0
         -0.00016516   -3.17435257    3.05720449    cl    17.000     0
          0.00001076    0.00050517    6.12140110    h      1.000     0
         -0.00004364    0.00087290   -3.59105597    c      0.000     0
          0.00004647   -0.00265902   -5.64283756    h      0.000     0
         -1.67335301   -0.96427450   -2.90105739    h      0.000     0
          1.67358558   -0.96399050   -2.90098855    h      0.000     0
         -0.00017619    1.93439607   -2.90600719    h      0.000     0
 
       center of nuclear mass  :   -0.00001107   -0.00113697    2.38150951
       center of nuclear charge:   -0.00000904   -0.00138766    3.21391555

              +--------------------------------------------------+
              |               basis set information              |
              +--------------------------------------------------+

              we will work with the 1s 3p 5d 7f 9g ... basis set
              ...i.e. with spherical basis functions...

   type   atoms  prim   cont   basis
   ---------------------------------------------------------------------------
    c        2    118     91   cc-pV5Z   [6s5p4d3f2g1h|24s8p4d3f2g1h]
    cl       3    182     95   cc-pV5Z   [7s6p4d3f2g1h|52s20p4d3f2g1h]
    h        5     58     55   cc-pV5Z   [5s4p3d2f1g|8s4p3d2f1g]
   ---------------------------------------------------------------------------
   total:   10   1072    742
   ---------------------------------------------------------------------------

   total number of primitive shells          :  142
   total number of contracted shells         :  186
   total number of cartesian basis functions :  992
   total number of SCF-basis functions       :  742


 integral neglect threshold       :  0.34E-11
 integral storage threshold THIZE :  0.10E-04
 integral storage threshold THIME :         5

 RI-J AUXILIARY BASIS SET information:

              we will work with the 1s 3p 5d 7f 9g ... basis set
              ...i.e. with spherical basis functions...

   type   atoms  prim   cont   basis
   ---------------------------------------------------------------------------
    c        2     70     49   cc-pV5Z   [6s4p3d1f1g|12s5p4d2f1g]
    cl       3     77     51   universal   [8s4p3d1f1g|14s5p5d2f1g]
    h        5     16     11   cc-pV5Z   [3s1p1d|5s2p1d]
   ---------------------------------------------------------------------------
   total:   10    451    306
   ---------------------------------------------------------------------------

   total number of primitive shells          :   59
   total number of contracted shells         :  106
   total number of cartesian basis functions :  371
   total number of SCF-basis functions       :  306


 symmetry group of the molecule :   c1 

 the group has the following generators :
   c1(z)

    1 symmetry operations found

 there are 1 real representations :   a   

 maximum number of shells which are related by symmetry :  1

  
           ------------------
           density functional
           ------------------
 Dummy atoms with grid-point found.
 DFT quadrature threshold dgrenze tightened by factor 1/10.

 PBE functional
 exchange:    LDA + PBE
 correlation: LDA (PW) + PBE
 Dummy atoms with grid-point found.
 DFT quadrature threshold dgrenze tightened by factor 1/10.

 Dummy atoms with grid-point found.
 DFT quadrature threshold dgrenze tightened by factor 1/10.


 spherical integration : Lebedev's spherical grid
 spherical gridsize    :                     5
    i.e. gridpoints    :                   590
 value for diffuse not defined
 radial integration    : Chebyshev 2nd kind (scaling 3)
 radial gridsize       :                     8
 integration cells     :                    10
 partition function    : becke
 partition sharpness   :                     3
  
 found dummy atom(s) with basis: included in dft

 biggest AO integral is expected to be    10.299436986

          ------------------------
          nuclear repulsion energy  :   264.044208785    
          ------------------------


         -----------------
         -S,T+V- integrals
         -----------------

 1e-integrals will be neglected if expon. factor < 0.336891E-12
 
   Difference densities algorithm switched on.
   The maximal number of linear combinations of
   difference densities is                    20 .

 DIIS switched on: error vector is FDS-SDF
 Max. Iterations for DIIS is     :   4
 DIIS matrix (see manual) 
    Scaling factor of diagonals  :  1.200
    threshold for scaling factor :  0.000

 scf convergence criterion : increment of total energy < .1000000D-06
                  and increment of one-electron energy < .1000000D-03

 MOs are in ASCII format !


    mo occupation :
   irrep   mo's   occupied
    a      742       29
 
 number of basis functions   :   742
 number of occupied orbitals :    29
 

 reading orbital data $scfmo  from file mos
 orbital characterization : expanded
 virtual MOs provided and orthogonalized by Cholesky decomposition

 automatic virtual orbital shift switched on 
      shift if e(lumo)-e(homo) < 0.10000000    

  
           ------------------------
               RI-J - INFORMATION
           ------------------------
 Contributions to RI integral batches: 
  neglected integral batches:                  3670
  direct contribution:                            0
  memory contribution:                 13721
 Memory core needed for (P|Q) and Cholesky      1 MByte
 Memory core minimum needed except of (P|Q)     4 MByte
 Total minimum memory core needed (sum)         4 MByte
  
 ****************************************
 Memory allocated for RI-J  1103 MByte
 ****************************************
                                            

 DSCF restart information will be dumped onto file mos


 Starting SCF iterations

          Overall gridpoints after grid construction =        166912

 ITERATION  ENERGY          1e-ENERGY        2e-ENERGY     RMS[dD(SAO)]   TOL
   1  -1418.0771824863    -2478.4069492     796.28555790    0.000D+00 0.336D-11
                            Exc = -89.8046770854     Coul =  886.090234983    
                              N = 57.999999862    
                            current damping = 0.300
 
          max. resid. norm for Fia-block=  4.145D-01 for orbital      1a         
          max. resid. fock norm         =  3.095D+01 for orbital    709a         

 ITERATION  ENERGY          1e-ENERGY        2e-ENERGY     RMS[dD(SAO)]   TOL
   2  -1418.6350224460    -2486.0878033     803.40857208    0.827D-02 0.198D-11
                            Exc = -89.9911593894     Coul =  893.399731469    
                              N = 57.999999811    
                            current damping = 0.250
 
          Norm of current diis error:  2.5976    
          max. resid. norm for Fia-block=  9.906D-02 for orbital     20a         
          max. resid. fock norm         =  4.643D-01 for orbital    735a         

 ITERATION  ENERGY          1e-ENERGY        2e-ENERGY     RMS[dD(SAO)]   TOL
   3  -1418.7844357061    -2484.0498586     801.22121412    0.187D-02 0.173D-11
                            Exc = -89.9373815132     Coul =  891.158595631    
                              N = 57.999999677    
                            current damping = 0.200
 
          Norm of current diis error: 0.32080    
          max. resid. norm for Fia-block=  1.459D-02 for orbital      1a         
          max. resid. fock norm         =  3.321D-02 for orbital    718a         

 ITERATION  ENERGY          1e-ENERGY        2e-ENERGY     RMS[dD(SAO)]   TOL
   4  -1418.7886292424    -2483.7137745     800.88093648    0.587D-03 0.156D-11
                            Exc = -89.8956418535     Coul =  890.776578337    
                              N = 57.999999592    
                            current damping = 0.100
 
          Norm of current diis error: 0.10006    
          max. resid. norm for Fia-block=  4.246D-03 for orbital     21a         
          max. resid. fock norm         =  1.058D-02 for orbital    735a         

 ITERATION  ENERGY          1e-ENERGY        2e-ENERGY     RMS[dD(SAO)]   TOL
   5  -1418.7889102452    -2483.9896960     801.15657692    0.149D-03 0.147D-11
                            Exc = -89.9199232127     Coul =  891.076500135    
                              N = 57.999999598    
                            current damping = 0.150
 
          Norm of current diis error: 0.46409E-01
          max. resid. norm for Fia-block=  1.550D-03 for orbital     28a         
          max. resid. fock norm         =  2.115D-03 for orbital     28a         
          mo-orthogonalization: Cholesky decomposition

 ITERATION  ENERGY          1e-ENERGY        2e-ENERGY     RMS[dD(SAO)]   TOL
   6  -1418.7889786565    -2483.8840801     801.05089269    0.259D-04 0.144D-11
                            Exc = -89.9122272189     Coul =  890.963119910    
                              N = 57.999999590    
                            current damping = 0.200
 
          Norm of current diis error: 0.11052E-01
          max. resid. norm for Fia-block=  3.787D-04 for orbital     22a         
          max. resid. fock norm         =  5.980D-04 for orbital    735a         

 ITERATION  ENERGY          1e-ENERGY        2e-ENERGY     RMS[dD(SAO)]   TOL
   7  -1418.7889817973    -2483.8594838     801.02629320    0.664D-05 0.141D-11
                            Exc = -89.9101125908     Coul =  890.936405793    
                              N = 57.999999590    
                            current damping = 0.100
 
          Norm of current diis error: 0.38748E-02
          max. resid. norm for Fia-block=  1.330D-04 for orbital     28a         
          max. resid. fock norm         =  2.863D-04 for orbital    735a         

 ITERATION  ENERGY          1e-ENERGY        2e-ENERGY     RMS[dD(SAO)]   TOL
   8  -1418.7889823363    -2483.8774150     801.04422388    0.298D-05 0.139D-11
                            Exc = -89.9113601606     Coul =  890.955584042    
                              N = 57.999999590    
                            current damping = 0.150
 
          Norm of current diis error: 0.98098E-03
          max. resid. norm for Fia-block=  3.908D-05 for orbital     21a         
          max. resid. fock norm         =  5.849D-05 for orbital    564a         

 ITERATION  ENERGY          1e-ENERGY        2e-ENERGY     RMS[dD(SAO)]   TOL
   9  -1418.7889823567    -2483.8723414     801.03915026    0.583D-06 0.137D-11
                            Exc = -89.9111070172     Coul =  890.950257275    
                              N = 57.999999590    
                            current damping = 0.200
 
          Norm of current diis error: 0.65088E-03
          max. resid. norm for Fia-block=  1.577D-05 for orbital     23a         
          max. resid. fock norm         =  2.212D-05 for orbital     30a         

 ITERATION  ENERGY          1e-ENERGY        2e-ENERGY     RMS[dD(SAO)]   TOL
  10  -1418.7889823671    -2483.8734978     801.04030669    0.200D-06 0.136D-11
                            Exc = -89.9111431698     Coul =  890.951449864    
                              N = 57.999999590    
                            current damping = 0.250
 
          Norm of current diis error: 0.11880E-03
          max. resid. norm for Fia-block=  3.374D-06 for orbital     23a         
          max. resid. fock norm         =  4.893D-06 for orbital    738a         
          mo-orthogonalization: Cholesky decomposition

 ENERGY & DENSITY CONVERGED !


 ITERATION  ENERGY          1e-ENERGY        2e-ENERGY     RMS[dD(SAO)]   TOL
  11  -1418.7889823675    -2483.8734175     801.04022632    0.454D-07 0.134D-11
                            Exc = -89.9111390089     Coul =  890.951365334    
                              N = 57.999999590    
                            current damping = 0.300
 
          Norm of current diis error: 0.31038E-04
          max. resid. norm for Fia-block=  1.161D-06 for orbital     28a         
          max. resid. fock norm         =  1.707D-06 for orbital     28a         

 End of SCF iterations

   convergence criteria satisfied after    11 iterations


                  ------------------------------------------ 
                 |  total energy      =  -1418.78898236747  |
                  ------------------------------------------ 
                 :  kinetic energy    =   1417.50291729067  :
                 :  potential energy  =  -2836.29189965813  :
                 :  virial theorem    =      1.99909354732  :
                 :  wavefunction norm =      1.00000000000  :
                  .......................................... 


 <geterg> : there is no data group $energy 


 <skperg> : $end is missing 


 orbitals $scfmo  will be written to file mos

    irrep                 25a         26a         27a         28a         29a   
 eigenvalues H         -0.32129    -0.29379    -0.29379    -0.29034    -0.27511
            eV          -8.7429     -7.9945     -7.9944     -7.9005     -7.4861
 occupation              2.0000      2.0000      2.0000      2.0000      2.0000

    irrep                 30a         31a         32a         33a         34a   
 eigenvalues H         -0.07745    -0.03369    -0.03368    -0.00397     0.02916
            eV          -2.1075     -0.9169     -0.9165     -0.1081      0.7936
 
 
 
 
 ==============================================================================
                           electrostatic moments
 ==============================================================================

 reference point for electrostatic moments:    0.00000   0.00000   0.00000

 
              nuc           elec       ->  total
 ------------------------------------------------------------------------------
                          charge      
 ------------------------------------------------------------------------------
          58.000000     -58.000000      -0.000000
 
 ------------------------------------------------------------------------------
                       dipole moment  
 ------------------------------------------------------------------------------
   x      -0.000525       0.000432      -0.000093
   y      -0.080484       0.080652       0.000168
   z     186.407102    -185.993532       0.413571
 
   | dipole moment | =     0.4136 a.u. =     1.0512 debye 
 
 ------------------------------------------------------------------------------
                     quadrupole moment
 ------------------------------------------------------------------------------
  xx     256.724711    -289.535137     -32.810426
  yy     256.710825    -289.520974     -32.810149
  zz     613.317851    -642.015330     -28.697479
  xy       0.002648      -0.002838      -0.000190
  xz      -0.004248       0.003960      -0.000287
  yz      -0.410874       0.411846       0.000972
 
     1/3  trace=     -31.439351
     anisotropy=       4.112809
 
 ==============================================================================
 
HOMO-LUMO Separation
 HOMO         :   -0.27510566 H =     -7.48601 eV
 LUMO         :   -0.07745017 H =     -2.10753 eV
 HOMO-LUMO gap:    0.19765549 H =     +5.37848 eV
 
 ==============================================================================


    ------------------------------------------------------------------------
         total  cpu-time : 24 minutes and 22 seconds
         total wall-time :  2 minutes and 18 seconds
    ------------------------------------------------------------------------

   ****  ridft : all done  ****


    2020-07-20 16:21:41.705 

