
   OpenMP run-time library returned nthreads = 20

 rirpa (c-15-19) : TURBOMOLE rev. V7.5.0 compiled 17 Jun 2020 at 09:15:30
 Copyright (C) 2020 TURBOMOLE GmbH, Karlsruhe


    2020-07-20 16:21:41.928 

 
 
    *************************************************************************
    *************************** PROGRAM RIRPA *******************************
    ******                                                             ******
    ******              H. Eshuis, J. E. Bates and F. Furche           ******
    ******                                                             ******
    ****** Nov 2011                                                    ******
    ****** Copyright TURBOMOLE GmbH                                    ******
    *************************************************************************
    
    
                                References:                                  
    
                   RIRPA:                                                    
                     H. Eshuis, J. Yarkony, and F. Furche                    
                     Fast Computation of Molecular Random Phase              
                     Approximation Correlation Energies Using Resolution     
                     of the Identity and Imaginary Frequency Integration     
                     J. Chem. Phys. 132: 234114 (2010)                       
    
                     H. Eshuis, J. E. Bates, and F. Furche                   
                     Electron Correlation Methods Based on                   
                     the Random Phase Approximation                          
                     Theor. Chem. Acc.  131: 1084 (2012)                     
    
                     G. P. Chen, V. K. Voora, M. M. Agee,                    
                     S. G. Balasubramani, and F. Furche                      
                     Random-Phase Approximation Methods                      
                     Annu. Rev. Phys. Chem. 68: 421 (2017)                   
    
                   TWO-COMPONENT RIRPA:                                      
                     M. Kuehn                                                
                     Correlation Energies from the                           
                     Two-Component Random-Phase Approximation                
                     J. Chem. Theory Comput. 10: 623 (2014)                  
    
                   RIRPA GRADIENTS:                                          
                     A. M. Burow, J. E. Bates, F. Furche*, and H. Eshuis     
                     Analytical First-Order Molecular Properties and Forces  
                     within the Adiabatic Connection Random Phase            
                     Approximation                                           
                     J. Chem. Theory Comput. 10: 180 (2014)                  
    
                   RI-AXK/RI-ACSOSEX/RI-ACSOX:                               
                     G. P. Chen, M. M. Agee, and F. Furche                   
                     Performance and Scope of Perturbative Corrections to    
                     Random-Phase Approximation Energies                     
                     J. Chem. Theory Comput. 14: 5701 (2018)                 
    
                   GKS-RPA:                                                  
                     V. K. Voora, S. G. Balasubramani, and F. Furche         
                     Variational Generalized Kohn-Sham Approach Combining    
                     the Random-Phase-Approximation and Green’s-Function     
                     Methods                                                 
                     Phys. Rev. A 99: 012518 (2019)                          
    
    
    
      ... OpenMP parallelization enabled, threads:   20

   *-----------------------------------------------------------------------*
   |                     program will use 20 thread(s)                     |
   *-----------------------------------------------------------------------*

 MAXIMUM CORE MEMORY WHICH CAN BE ALLOCATED DYNAMICALLY = 100000 MiB
              ( or 13107200000 double words per process)

 
                FOUND RI-J FLAG
 
  HF exact exchange energy will be computed using RI-J.


              +--------------------------------------------------+
              | Atomic coordinate, charge and isotop information |
              +--------------------------------------------------+

                    atomic coordinates            atom    charge  isotop
         -0.00005387   -0.00087292    4.07831061    c      6.000     0
         -2.74778224    1.58505939    3.05424154    cl    17.000     0
          2.74793492    1.58483720    3.05419147    cl    17.000     0
         -0.00016516   -3.17435257    3.05720449    cl    17.000     0
          0.00001076    0.00050517    6.12140110    h      1.000     0
         -0.00004364    0.00087290   -3.59105597    c      0.000     0
          0.00004647   -0.00265902   -5.64283756    h      0.000     0
         -1.67335301   -0.96427450   -2.90105739    h      0.000     0
          1.67358558   -0.96399050   -2.90098855    h      0.000     0
         -0.00017619    1.93439607   -2.90600719    h      0.000     0
 
       center of nuclear mass  :   -0.00001107   -0.00113697    2.38150951
       center of nuclear charge:   -0.00000904   -0.00138766    3.21391555
              +-------------------------------------------------+
              |        Rotational Constants Section             |
              +-------------------------------------------------+
                                   Center of Mass [a.u]:
              -0.00001107038289        -0.00113696583882         2.38150950639234
                     Principal Moments of Inertia [a.u.]
            1082.04362411401735      1215.75668676557007      1215.78982716273003
                       Rotational constants A,B,C [a.u.]
               0.00046208857837         0.00041126650212         0.00041125529169
                     Rotational constants A,B,C [cm**-1]
               0.05563517510280         0.04951622898872         0.04951487925914
                        Rotational constants A,B,C [MHz]
            1667.90058953287644      1484.45919994192172      1484.41873606703575

   * BASIS SET information:

              +--------------------------------------------------+
              |               basis set information              |
              +--------------------------------------------------+

              we will work with the 1s 3p 5d 7f 9g ... basis set
              ...i.e. with spherical basis functions...

   type   atoms  prim   cont   basis
   ---------------------------------------------------------------------------
    c        2    118     91   cc-pV5Z   [6s5p4d3f2g1h|24s8p4d3f2g1h]
    cl       3    182     95   cc-pV5Z   [7s6p4d3f2g1h|52s20p4d3f2g1h]
    h        5     58     55   cc-pV5Z   [5s4p3d2f1g|8s4p3d2f1g]
   ---------------------------------------------------------------------------
   total:   10   1072    742
   ---------------------------------------------------------------------------

   total number of primitive shells          :  142
   total number of contracted shells         :  186
   total number of cartesian basis functions :  992
   total number of SCF-basis functions       :  742


   * AUXILIARY BASIS SET information:

              +--------------------------------------------------+
              |               basis set information              |
              +--------------------------------------------------+

              we will work with the 1s 3p 5d 7f 9g ... basis set
              ...i.e. with spherical basis functions...

   type   atoms  prim   cont   basis
   ---------------------------------------------------------------------------
    c        2    193    193   cc-pV5Z   [10s8p7d6f4g3h1i|10s8p7d6f4g3h1i]
    cl       3    230    230   cc-pV5Z   [12s11p9d7f5g3h1i|12s11p9d7f5g3h1i]
    h        5     91     91   cc-pV5Z   [6s5p4d3f2g1h|6s5p4d3f2g1h]
   ---------------------------------------------------------------------------
   total:   10   1531   1531
   ---------------------------------------------------------------------------

   total number of primitive shells          :  108
   total number of contracted shells         :  327
   total number of cartesian basis functions : 2209
   total number of SCF-basis functions       : 1531


   * RIJ AUXILIARY BASIS SET information:

              +--------------------------------------------------+
              |               basis set information              |
              +--------------------------------------------------+

              we will work with the 1s 3p 5d 7f 9g ... basis set
              ...i.e. with spherical basis functions...

   type   atoms  prim   cont   basis
   ---------------------------------------------------------------------------
    c        2     70     49   cc-pV5Z   [6s4p3d1f1g|12s5p4d2f1g]
    cl       3     77     51   universal   [8s4p3d1f1g|14s5p5d2f1g]
    h        5     16     11   cc-pV5Z   [3s1p1d|5s2p1d]
   ---------------------------------------------------------------------------
   total:   10    451    306
   ---------------------------------------------------------------------------

   total number of primitive shells          :   59
   total number of contracted shells         :  106
   total number of cartesian basis functions :  371
   total number of SCF-basis functions       :  306


 reading orbital data $scfmo  from file mos
 orbital characterization : scfconv=7

 integral neglect threshold       :  0.27E+02

 scfconv                     7

 there are 1 real representations :   a   

 maximum number of shells which are related by symmetry :  1

 entered riccmos at 2020-07-20 16:21:45.342
VM size:      1503 MB
  MOs are in ASCII format !


 reading orbital data $scfmo  from file mos
 orbital characterization : scfconv=7
after riccmoinp VM size:      1426 MB
registered memory usage:         5 MB
 time elapsed for calculating density matrices :   3.296 sec



              +--------------------------------------------+
              | list of orbitals that will be kept frozen: |
              +--------------------------------------------+
              |   irrep   index      energy     occ/vir    |
              +--------------------------------------------+
              |   a         1     -100.6850     occupied   |
              |   a         2     -100.6850     occupied   |
              |   a         3     -100.6850     occupied   |
              |   a         4      -10.0661     occupied   |
              |   a         5       -9.2037     occupied   |
              |   a         6       -9.2037     occupied   |
              |   a         7       -9.2037     occupied   |
              |   a         8       -7.0282     occupied   |
              |   a         9       -7.0282     occupied   |
              |   a        10       -7.0281     occupied   |
              |   a        11       -7.0171     occupied   |
              |   a       ...        ...        occupied   |
              |   a        16       -7.0170     occupied   |
              +--------------------------------------------+



   Molecular Orbital Statistic:
   ============================

   -----------------------------
   orbitals in total:
   -----------------------------
    frozen occupied :     16
    active occupied :     13
    active virtual  :    713
    frozen virtual  :      0
    all together    :    742
   -----------------------------


     time in riccmoinp     cpu:  1.51 sec    wall:  4.29 sec    ratio:  0.4
     time in scfdens       cpu:  3.30 sec    wall:  0.18 sec    ratio: 18.6
     time in mkiao         cpu:  0.00 sec    wall:  0.00 sec    ratio:  0.0
     time in mkiho         cpu:  0.00 sec    wall:  0.00 sec    ratio:  0.0
     time in sao2ao        cpu:  0.52 sec    wall:  0.03 sec    ratio: 19.9
     time in ricclmos      cpu:  0.00 sec    wall:  0.00 sec    ratio:  0.0
     time in riccmos       cpu:  8.16 sec    wall:  4.64 sec    ratio:  1.8
 leave riccmos at 2020-07-20 16:21:49.984

     total memory allocated for calculation of (Q|P)**(-1/2) : 27 MiB


     calculation of (P|Q) ...
     time in lp2sym        cpu:  2.61 sec    wall:  0.13 sec    ratio: 19.7


     calculation of the Cholesky decomposition of (P|Q)**(-1) ...
     time in invmetri      cpu:  8.69 sec    wall:  0.56 sec    ratio: 15.6

   threshold for RMS(d[D]) in SCF was     :  0.10E-06
   integral neglect threshold             :  0.15E-11
   derivative integral neglect threshold  :  0.10E-06


 setting up bound for integral derivative estimation

 increment for numerical differentiation : 0.00050000
 
 Occupied orbital block size for RIRPA:                    13
 
 Number of passes for spin                     1 is                     1
 
 Number of eigenvalues < 6e-3:                      0
 
 
            -----------------------------
            Complex frequency integration
            -----------------------------
 
 Number of Clenshaw-Curtis nodes:                    100
 Optimized scaling parameter    :    3.47930203692549     
 Sensitivity measure            :  -3.422600397540165E-011
 
 Done with rirpa frequency point #                     1
 Done with rirpa frequency point #                     2
 Done with rirpa frequency point #                     3
 Done with rirpa frequency point #                     4
 Done with rirpa frequency point #                     5
 Done with rirpa frequency point #                     6
 Done with rirpa frequency point #                     7
 Done with rirpa frequency point #                     8
 Done with rirpa frequency point #                     9
 Done with rirpa frequency point #                    10
 Done with rirpa frequency point #                    11
 Done with rirpa frequency point #                    12
 Done with rirpa frequency point #                    13
 Done with rirpa frequency point #                    14
 Done with rirpa frequency point #                    15
 Done with rirpa frequency point #                    16
 Done with rirpa frequency point #                    17
 Done with rirpa frequency point #                    18
 Done with rirpa frequency point #                    19
 Done with rirpa frequency point #                    20
 Done with rirpa frequency point #                    21
 Done with rirpa frequency point #                    22
 Done with rirpa frequency point #                    23
 Done with rirpa frequency point #                    24
 Done with rirpa frequency point #                    25
 Done with rirpa frequency point #                    26
 Done with rirpa frequency point #                    27
 Done with rirpa frequency point #                    28
 Done with rirpa frequency point #                    29
 Done with rirpa frequency point #                    30
 Done with rirpa frequency point #                    31
 Done with rirpa frequency point #                    32
 Done with rirpa frequency point #                    33
 Done with rirpa frequency point #                    34
 Done with rirpa frequency point #                    35
 Done with rirpa frequency point #                    36
 Done with rirpa frequency point #                    37
 Done with rirpa frequency point #                    38
 Done with rirpa frequency point #                    39
 Done with rirpa frequency point #                    40
 Done with rirpa frequency point #                    41
 Done with rirpa frequency point #                    42
 Done with rirpa frequency point #                    43
 Done with rirpa frequency point #                    44
 Done with rirpa frequency point #                    45
 Done with rirpa frequency point #                    46
 Done with rirpa frequency point #                    47
 Done with rirpa frequency point #                    48
 Done with rirpa frequency point #                    49
 Done with rirpa frequency point #                    50
 Done with rirpa frequency point #                    51
 Done with rirpa frequency point #                    52
 Done with rirpa frequency point #                    53
 Done with rirpa frequency point #                    54
 Done with rirpa frequency point #                    55
 Done with rirpa frequency point #                    56
 Done with rirpa frequency point #                    57
 Done with rirpa frequency point #                    58
 Done with rirpa frequency point #                    59
 Done with rirpa frequency point #                    60
 Done with rirpa frequency point #                    61
 Done with rirpa frequency point #                    62
 Done with rirpa frequency point #                    63
 Done with rirpa frequency point #                    64
 Done with rirpa frequency point #                    65
 Done with rirpa frequency point #                    66
 Done with rirpa frequency point #                    67
 Done with rirpa frequency point #                    68
 Done with rirpa frequency point #                    69
 Done with rirpa frequency point #                    70
 Done with rirpa frequency point #                    71
 Done with rirpa frequency point #                    72
 Done with rirpa frequency point #                    73
 Done with rirpa frequency point #                    74
 Done with rirpa frequency point #                    75
 Done with rirpa frequency point #                    76
 Done with rirpa frequency point #                    77
 Done with rirpa frequency point #                    78
 Done with rirpa frequency point #                    79
 Done with rirpa frequency point #                    80
 Done with rirpa frequency point #                    81
 Done with rirpa frequency point #                    82
 Done with rirpa frequency point #                    83
 Done with rirpa frequency point #                    84
 Done with rirpa frequency point #                    85
 Done with rirpa frequency point #                    86
 Done with rirpa frequency point #                    87
 Done with rirpa frequency point #                    88
 Done with rirpa frequency point #                    89
 Done with rirpa frequency point #                    90
 Done with rirpa frequency point #                    91
 Done with rirpa frequency point #                    92
 Done with rirpa frequency point #                    93
 Done with rirpa frequency point #                    94
 Done with rirpa frequency point #                    95
 Done with rirpa frequency point #                    96
 Done with rirpa frequency point #                    97
 Done with rirpa frequency point #                    98
 Done with rirpa frequency point #                    99
 Done with rirpa frequency point #                   100
 


 RI-RPA correlation energy: -0.1384173716585770E+01
 Allocatable memory for RI due to $ricore (MB):                  5000

 there are 1 real representations :   a   

 maximum number of shells which are related by symmetry :  1

  
           ------------------------
               RI-J - INFORMATION
           ------------------------
 Contributions to RI integral batches: 
  neglected integral batches:                  2874
  direct contribution:                            0
  memory contribution:                 14517

          ------------------------
          nuclear repulsion energy  :   264.044208785    
          ------------------------


         -----------------
         -S,T+V- integrals
         -----------------

 1e-integrals will be neglected if expon. factor < 0.150898E-11

                  --------------------------------------------------- 
                 |  HXX+RIRPA total energy     =  -1418.35068069275  |
                  ---------------------------------------------------- 
                 :  RIRPA correlation energy   =     -1.38417371659  :
                 :  HXX total energy           =  -1416.96650697616  :
                 :  Hartree energy             =    890.95136533337  :
                 :  Exact Exchange energy      =    -88.08866361775  :
                  .................................................... 


    ------------------------------------------------------------------------
    Rirpa profiling                cpu                    wall         ratio
    ------------------------------------------------------------------------
    module                         sec     %               sec     %
    ------------------------------------------------------------------------
    RIRPA                      4114.8  100.00          443.8  100.00   9.3
    STARTUP                       4.6    0.11            3.4    0.77   1.4
    riccmos                       8.2    0.20            4.6    1.05   1.8
    riccaux                      11.6    0.28            0.7    0.16  16.5
    riccbound                    34.9    0.85           31.6    7.12   1.1
    ccmkbaoi                     90.1    2.19            5.0    1.14  17.9
    cc3idxnrm                    18.5    0.45            2.0    0.44   9.4
    ecrpa                      1878.0   45.64          252.6   56.92   7.4
    rpa3idxget                    2.1    0.05            0.8    0.18   2.6
    qbuild                     1771.3   43.05          246.3   55.49   7.2
    rparenrm                     90.3    2.20            4.5    1.02  19.9
    ehxx                       2068.3   50.26          143.8   32.40  14.4
    ------------------------------------------------------------------------
    sum                       10092.8  245.28         1139.2  256.69   8.9
    ------------------------------------------------------------------------


    ------------------------------------------------------------------------
         total  cpu-time :  1 hours  8 minutes and 35 seconds
         total wall-time :  7 minutes and 24 seconds
    ------------------------------------------------------------------------

   ****  rirpa : all done  ****


    2020-07-20 16:29:05.769 

