
 rirpa (riogrande) : TURBOMOLE rev. V7.4.1 (b987a8a8) compiled 15 Oct 2019 at 12:03:25
 Copyright (C) 2019 TURBOMOLE GmbH, Karlsruhe


    2020-07-18 01:51:25.492 

 
 
    *************************************************************************
    *************************** PROGRAM RIRPA *******************************
    ******                                                             ******
    ******              H. Eshuis, J. E. Bates and F. Furche           ******
    ******                                                             ******
    ****** Nov 2011                                                    ******
    ****** Copyright TURBOMOLE GmbH                                    ******
    *************************************************************************
    
    
                                References:                                  
    
                   RIRPA:                                                    
                     H. Eshuis, J. Yarkony, and F. Furche                    
                     Fast Computation of Molecular Random Phase              
                     Approximation Correlation Energies Using Resolution     
                     of the Identity and Imaginary Frequency Integration     
                     J. Chem. Phys. 132: 234114 (2010)                       
    
                     H. Eshuis, J. E. Bates, and F. Furche                   
                     Electron Correlation Methods Based on                   
                     the Random Phase Approximation                          
                     Theor. Chem. Acc.  131: 1084 (2012)                     
    
                     G. P. Chen, V. K. Voora, M. M. Agee,                    
                     S. G. Balasubramani, and F. Furche                      
                     Random-Phase Approximation Methods                      
                     Annu. Rev. Phys. Chem. 68: 421 (2017)                   
    
                   TWO-COMPONENT RIRPA:                                      
                     M. Kuehn                                                
                     Correlation Energies from the                           
                     Two-Component Random-Phase Approximation                
                     J. Chem. Theory Comput. 10: 623 (2014)                  
    
                   RIRPA GRADIENTS:                                          
                     A. M. Burow, J. E. Bates, F. Furche*, and H. Eshuis     
                     Analytical First-Order Molecular Properties and Forces  
                     within the Adiabatic Connection Random Phase            
                     Approximation                                           
                     J. Chem. Theory Comput. 10: 180 (2014)                  
    
                   RI-AXK/RI-ACSOSEX/RI-ACSOX:                               
                     G. P. Chen, M. M. Agee, and F. Furche                   
                     Performance and Scope of Perturbative Corrections to    
                     Random-Phase Approximation Energies                     
                     J. Chem. Theory Comput. 14: 5701 (2018)                 
    
                   GKS-RPA:                                                  
                     V. K. Voora, S. G. Balasubramani, and F. Furche         
                     Variational Generalized Kohn-Sham Approach Combining    
                     the Random-Phase-Approximation and Green’s-Function     
                     Methods                                                 
                     Phys. Rev. A (accepted)                                 
    
    
    

   *-----------------------------------------------------------------------*
   |                     program will use  1 thread(s)                     |
   *-----------------------------------------------------------------------*

 MAXIMUM CORE MEMORY WHICH CAN BE ALLOCATED DYNAMICALLY = 500 MiB
              ( or 65536000 double words per process)

 
                FOUND RI-J FLAG
 
  HF exact exchange energy will be computed using RI-J.


              +--------------------------------------------------+
              | Atomic coordinate, charge and isotop information |
              +--------------------------------------------------+

                    atomic coordinates            atom    charge  isotop
         -0.35873271   -1.21962251    0.13191755    c      6.000     0
          2.11958547   -0.66908697    0.82977216    c      6.000     0
          2.80911749    1.81899866    1.34568763    c      6.000     0
          1.03808210    3.75906084    1.16760311    c      6.000     0
         -1.43170780    3.17825976    0.46649195    c      6.000     0
         -2.15086826    0.70024145   -0.05401277    c      6.000     0
         -3.85213638    5.80232820    0.21763112    br    35.000     0
          3.50154016   -2.16644761    0.97154450    h      1.000     0
          1.55911613    5.69218957    1.56731140    h      1.000     0
          4.72858568    2.26093176    1.89032581    h      1.000     0
         -4.07640418    0.28649790   -0.59182721    h      1.000     0
         -0.90861904   -3.14636308   -0.27007667    h      1.000     0
         -7.85642958   10.82734533   -1.66061787    s     16.000     0
         -9.11564472    9.06329560   -2.95446084    h      1.000     0
         -5.34478521   11.28278572   -3.95177548    c      6.000     0
         -4.09612746   12.70341302   -3.15323825    h      1.000     0
         -4.28014430    9.55225550   -4.23336165    h      1.000     0
         -6.08213062   11.97604056   -5.73548333    h      1.000     0
 
       center of nuclear mass  :   -3.01535044    5.28383183   -0.24003594
       center of nuclear charge:   -2.93346400    5.25141811   -0.31223488
              +-------------------------------------------------+
              |        Rotational Constants Section             |
              +-------------------------------------------------+
                                   Center of Mass [a.u]:
              -3.01535044131130         5.28383182977217        -0.24003593568435
                     Principal Moments of Inertia [a.u.]
             539.48726756281030      5260.98825125265466      5476.32064607755274
                       Rotational constants A,B,C [a.u.]
               0.00092680593234         0.00009503917822         0.00009130217756
                     Rotational constants A,B,C [cm**-1]
               0.11158685314004         0.01144265746690         0.01099272493103
                        Rotational constants A,B,C [MHz]
            3345.28969833368910       343.04224080529855       329.55360271913889

   * BASIS SET information:

              +--------------------------------------------------+
              |               basis set information              |
              +--------------------------------------------------+

              we will work with the 1s 3p 5d 7f 9g ... basis set
              ...i.e. with spherical basis functions...

   type   atoms  prim   cont   basis
   ---------------------------------------------------------------------------
    c        7     50     30   cc-pVTZ   [4s3p2d1f|18s5p2d1f]
    br       1    231     43   cc-pVTZ   [6s5p3d1f|74s35p9d1f]
    h        9     16     14   cc-pVTZ   [3s2p1d|5s2p1d]
    s        1    106     34   cc-pVTZ   [5s4p2d1f|41s16p2d1f]
   ---------------------------------------------------------------------------
   total:   18    831    413
   ---------------------------------------------------------------------------

   total number of primitive shells          :  213
   total number of contracted shells         :  151
   total number of cartesian basis functions :  468
   total number of SCF-basis functions       :  413


   * AUXILIARY BASIS SET information:

              +--------------------------------------------------+
              |               basis set information              |
              +--------------------------------------------------+

              we will work with the 1s 3p 5d 7f 9g ... basis set
              ...i.e. with spherical basis functions...

   type   atoms  prim   cont   basis
   ---------------------------------------------------------------------------
    c        7     81     81   cc-pVTZ   [8s6p5d3f1g|8s6p5d3f1g]
    br       1    166    166   cc-pVTZ   [10s9p8d6f4g1h|10s9p8d6f4g1h]
    h        9     30     30   cc-pVTZ   [4s3p2d1f|4s3p2d1f]
    s        1    122    122   cc-pVTZ   [10s8p7d5f2g|10s8p7d5f2g]
   ---------------------------------------------------------------------------
   total:   18   1125   1125
   ---------------------------------------------------------------------------

   total number of primitive shells          :  103
   total number of contracted shells         :  321
   total number of cartesian basis functions : 1404
   total number of SCF-basis functions       : 1125


   * RIJ AUXILIARY BASIS SET information:

              +--------------------------------------------------+
              |               basis set information              |
              +--------------------------------------------------+

              we will work with the 1s 3p 5d 7f 9g ... basis set
              ...i.e. with spherical basis functions...

   type   atoms  prim   cont   basis
   ---------------------------------------------------------------------------
    c        7     70     49   cc-pVTZ   [6s4p3d1f1g|12s5p4d2f1g]
    br       1     89     58   universal   [8s4p3d2f1g|19s5p5d3f1g]
    h        9     16     11   cc-pVTZ   [3s1p1d|5s2p1d]
    s        1     77     51   cc-pVTZ   [8s4p3d1f1g|14s5p5d2f1g]
   ---------------------------------------------------------------------------
   total:   18    800    551
   ---------------------------------------------------------------------------

   total number of primitive shells          :   92
   total number of contracted shells         :  185
   total number of cartesian basis functions :  671
   total number of SCF-basis functions       :  551


 reading orbital data $scfmo  from file mos
 orbital characterization : scfconv=7

 integral neglect threshold       :  0.27E+02

 scfconv                     7

 there are 1 real representations :   a   

 maximum number of shells which are related by symmetry :  1

 time elapsed for calculating density matrices :   0.008 sec

     total memory allocated for calculation of (Q|P)**(-1/2) : 15 MiB


     calculation of (P|Q) ...
     time in lp2sym        cpu:  0.04 sec    wall:  0.03 sec    ratio:  1.0


     calculation of the Cholesky decomposition of (P|Q)**(-1) ...
     time in invmetri      cpu:  0.09 sec    wall:  0.09 sec    ratio:  1.0

   threshold for RMS(d[D]) in SCF was     :  0.10E-06
   integral neglect threshold             :  0.24E-11
   derivative integral neglect threshold  :  0.10E-06


 setting up bound for integral derivative estimation

 increment for numerical differentiation : 0.00050000
 
 Occupied orbital block size for RIRPA:                    25
 
 Number of passes for spin                     1 is                     1
 
 Number of eigenvalues < 6e-3:                      0
 
 
            -----------------------------
            Complex frequency integration
            -----------------------------
 
 Number of Clenshaw-Curtis nodes:                    100
 Optimized scaling parameter    :    1.00000000000000     
 Sensitivity measure            :  -2.796374243274613E-013
 
 Done with rirpa frequency point #                     1
 Done with rirpa frequency point #                     2
 Done with rirpa frequency point #                     3
 Done with rirpa frequency point #                     4
 Done with rirpa frequency point #                     5
 Done with rirpa frequency point #                     6
 Done with rirpa frequency point #                     7
 Done with rirpa frequency point #                     8
 Done with rirpa frequency point #                     9
 Done with rirpa frequency point #                    10
 Done with rirpa frequency point #                    11
 Done with rirpa frequency point #                    12
 Done with rirpa frequency point #                    13
 Done with rirpa frequency point #                    14
 Done with rirpa frequency point #                    15
 Done with rirpa frequency point #                    16
 Done with rirpa frequency point #                    17
 Done with rirpa frequency point #                    18
 Done with rirpa frequency point #                    19
 Done with rirpa frequency point #                    20
 Done with rirpa frequency point #                    21
 Done with rirpa frequency point #                    22
 Done with rirpa frequency point #                    23
 Done with rirpa frequency point #                    24
 Done with rirpa frequency point #                    25
 Done with rirpa frequency point #                    26
 Done with rirpa frequency point #                    27
 Done with rirpa frequency point #                    28
 Done with rirpa frequency point #                    29
 Done with rirpa frequency point #                    30
 Done with rirpa frequency point #                    31
 Done with rirpa frequency point #                    32
 Done with rirpa frequency point #                    33
 Done with rirpa frequency point #                    34
 Done with rirpa frequency point #                    35
 Done with rirpa frequency point #                    36
 Done with rirpa frequency point #                    37
 Done with rirpa frequency point #                    38
 Done with rirpa frequency point #                    39
 Done with rirpa frequency point #                    40
 Done with rirpa frequency point #                    41
 Done with rirpa frequency point #                    42
 Done with rirpa frequency point #                    43
 Done with rirpa frequency point #                    44
 Done with rirpa frequency point #                    45
 Done with rirpa frequency point #                    46
 Done with rirpa frequency point #                    47
 Done with rirpa frequency point #                    48
 Done with rirpa frequency point #                    49
 Done with rirpa frequency point #                    50
 Done with rirpa frequency point #                    51
 Done with rirpa frequency point #                    52
 Done with rirpa frequency point #                    53
 Done with rirpa frequency point #                    54
 Done with rirpa frequency point #                    55
 Done with rirpa frequency point #                    56
 Done with rirpa frequency point #                    57
 Done with rirpa frequency point #                    58
 Done with rirpa frequency point #                    59
 Done with rirpa frequency point #                    60
 Done with rirpa frequency point #                    61
 Done with rirpa frequency point #                    62
 Done with rirpa frequency point #                    63
 Done with rirpa frequency point #                    64
 Done with rirpa frequency point #                    65
 Done with rirpa frequency point #                    66
 Done with rirpa frequency point #                    67
 Done with rirpa frequency point #                    68
 Done with rirpa frequency point #                    69
 Done with rirpa frequency point #                    70
 Done with rirpa frequency point #                    71
 Done with rirpa frequency point #                    72
 Done with rirpa frequency point #                    73
 Done with rirpa frequency point #                    74
 Done with rirpa frequency point #                    75
 Done with rirpa frequency point #                    76
 Done with rirpa frequency point #                    77
 Done with rirpa frequency point #                    78
 Done with rirpa frequency point #                    79
 Done with rirpa frequency point #                    80
 Done with rirpa frequency point #                    81
 Done with rirpa frequency point #                    82
 Done with rirpa frequency point #                    83
 Done with rirpa frequency point #                    84
 Done with rirpa frequency point #                    85
 Done with rirpa frequency point #                    86
 Done with rirpa frequency point #                    87
 Done with rirpa frequency point #                    88
 Done with rirpa frequency point #                    89
 Done with rirpa frequency point #                    90
 Done with rirpa frequency point #                    91
 Done with rirpa frequency point #                    92
 Done with rirpa frequency point #                    93
 Done with rirpa frequency point #                    94
 Done with rirpa frequency point #                    95
 Done with rirpa frequency point #                    96
 Done with rirpa frequency point #                    97
 Done with rirpa frequency point #                    98
 Done with rirpa frequency point #                    99
 Done with rirpa frequency point #                   100
 


 RI-RPA correlation energy: -0.2393683657942556E+01
 Allocatable memory for RI due to $ricore (MB):                   500

 there are 1 real representations :   a   

 maximum number of shells which are related by symmetry :  1

  
           ------------------------
               RI-J - INFORMATION
           ------------------------
 Contributions to RI integral batches: 
  neglected integral batches:                  2407
  direct contribution:                            0
  memory contribution:                  9069

         -----------------
         -S,T+V- integrals
         -----------------

 1e-integrals will be neglected if expon. factor < 0.237417E-11

          ------------------------
          nuclear repulsion energy  :   705.211111472    
          ------------------------


                  --------------------------------------------------- 
                 |  HXX+RIRPA total energy     =  -3242.71938559705  |
                  ---------------------------------------------------- 
                 :  RIRPA correlation energy   =     -2.39368365794  :
                 :  HXX total energy           =  -3240.32570193911  :
                 :  Hartree energy             =   2109.75542444867  :
                 :  Exact Exchange energy      =   -153.95930070637  :
                  .................................................... 


    ------------------------------------------------------------------------
    Rirpa profiling                cpu                    wall         ratio
    ------------------------------------------------------------------------
    module                         sec     %               sec     %
    ------------------------------------------------------------------------
    RIRPA                       123.3  100.00          123.4  100.00   1.0
    riccaux                       0.1    0.11            0.1    0.11   1.0
    riccbound                     2.4    1.97            2.4    1.97   1.0
    ccmkbaoi                      6.2    5.05            6.2    5.05   1.0
    ecrpa                        36.5   29.60           36.5   29.60   1.0
    qbuild                       34.8   28.23           34.8   28.22   1.0
    rparenrm                      1.6    1.28            1.6    1.28   1.0
    ehxx                         77.8   63.06           77.8   63.06   1.0
    ------------------------------------------------------------------------
    sum                         283.1  229.53          283.1  229.53   1.0
    ------------------------------------------------------------------------


    ------------------------------------------------------------------------
         total  cpu-time :  2 minutes and  3 seconds
         total wall-time :  2 minutes and  3 seconds
    ------------------------------------------------------------------------

   ****  rirpa : all done  ****


    2020-07-18 01:53:28.858 

