
 ridft (tigris) : TURBOMOLE rev. V7.4.1 (b987a8a8) compiled 15 Oct 2019 at 12:03:25
 Copyright (C) 2019 TURBOMOLE GmbH, Karlsruhe


    2020-12-12 01:46:26.365 



                                  r i d f t

                        DFT program with RI approximation 
                                for coulomb part 




                                                 
                                 References:     
                                                 
          TURBOMOLE:                             
              R. Ahlrichs, M. Baer, M. Haeser, H. Horn, and
              C. Koelmel
              Electronic structure calculations on workstation
              computers: the program system TURBOMOLE
              Chem. Phys. Lett. 162: 165 (1989)
          Density Functional:                              
              O. Treutler and R. Ahlrichs                      
              Efficient Molecular Numerical Integration Schemes
              J. Chem. Phys. 102: 346 (1995)                   
          Parallel Version:                                
              Performance of parallel TURBOMOLE for Density    
              Functional Calculations                          
              M. v. Arnim and R. Ahlrichs                      
              J. Comp. Chem. 19: 1746 (1998)                   
          RI-J Method:                                     
              Auxiliary Basis Sets to approximate Coulomb      
              Potentials                                       
              Chem. Phys. Lett. 240: 283 (1995)                
              K. Eichkorn, O. Treutler, H. Oehm, M. Haeser     
              and R. Ahlrichs                                  
              Chem. Phys. Lett. 242: 652 (1995)                
                                                           
              Auxiliary Basis Sets for Main Row Atoms and their
              Use to approximate Coulomb Potentials            
              K. Eichkorn, F. Weigend, O. Treutler and         
              R. Ahlrichs                                      
              Theo. Chem. Acc. 97: 119 (1997)                   
                                                           
              Accurate Coulomb-fitting basis sets for H to Rn 
              F. Weigend                                        
              Phys. Chem. Chem. Phys. 8: 1057 (2006)            
                                                           
          Multipole accelerated RI-J (MARI-J):             
              Fast evaluation of the Coulomb potential for     
              electron densities using multipole accelerated   
              resolution of identity approximation             
              M. Sierka, A. Hogekamp and R. Ahlrichs           
              J. Chem. Phys. 118: 9136 (2003)                  
          RI-JK Method:                                     
              A fully direct RI-HF algorithm: Implementation,
              optimised auxiliary basis sets, demonstration of
              accuracy and efficiency                         
              F. Weigend                                      
              Phys. Chem. Chem. Phys. 4: 4285 (2002)           
          Two-component HF and DFT with spin-orbit coupling:  
              Self-consistent treatment of spin-orbit         
              interactions with efficient Hartree-Fock and    
              density functional methods                      
              M. K. Armbruster, F. Weigend, C. van Wüllen and 
              W. Klopper                                      
              Phys. Chem. Chem. Phys. 10: 1748 (2008)         
          Two-component difference density and DIIS algorithm 
              Efficient two-component self-consistent field   
              procedures and gradients: implementation in     
              TURBOMOLE and application to Au20-              
              A. Baldes, F. Weigend                           
              Mol. Phys. 111: 2617 (2013)                     
          Relativistic all-electron 2c calculations           
              An efficient implementation of two-component    
              relativistic exact-decoupling methods for large 
              molecules                                       
              D. Peng, N. Middendorf, F. Weigend, M. Reiher   
              J. Chem. Phys. 138: 184105 (2013)               
          Finite nucleus model and SNSO approximation         
              Efficient implementation of one- and two-       
              component analytical energy gradients in exact  
              two-component theory                            
              Y. J. Franzke, N. Middendorf, F. Weigend        
              J. Chem. Phys. 148: 104110 (2018)               
                                         




              +--------------------------------------------------+
              |      general information about current run       |
              +--------------------------------------------------+

 

 DENSITY CONVERGENCE CHECK SWITCHED ON !
 SCF CONVERGENCE IF RMS(delta[D]) <     0.1000000000E-06

 TPSS meta-GGA functional
 exchange:    LDA + TPSS
 correlation: LDA (PW) + TPSS
 A DFT calculation using the RI-J approximation will be carried out.
 Allocatable memory for RI due to $ricore (MB):                   500


              +--------------------------------------------------+
              | Atomic coordinate, charge and isotop information |
              +--------------------------------------------------+

                    atomic coordinates            atom    charge  isotop
         -0.20259637   -0.31617110   -0.03783818    cl    17.000     0
          0.01800950    0.01536137    2.46574834    h      1.000     0
          0.12378732    0.13079216    5.63236034    n      7.000     0
          1.92218202    0.17132367    6.28007515    h      1.000     0
         -1.17477919   -2.16015395    6.50263359    c      6.000     0
         -3.09045648   -2.15523634    5.76369796    h      1.000     0
         -0.21384154   -3.80016434    5.72620126    h      1.000     0
         -1.25417634   -2.34570047    8.55261264    h      1.000     0
         -0.74102162    1.69369613    6.31415805    h      1.000     0
 
       center of nuclear mass  :   -0.33983673   -0.61901506    2.82937552
       center of nuclear charge:   -0.36071129   -0.66225020    3.13615467

              +--------------------------------------------------+
              |               basis set information              |
              +--------------------------------------------------+

              we will work with the 1s 3p 5d 7f 9g ... basis set
              ...i.e. with spherical basis functions...

   type   atoms  prim   cont   basis
   ---------------------------------------------------------------------------
    cl       1    105     70   def2-QZVP   [9s6p4d2f1g|20s14p4d2f1g]
    h        6     33     30   def2-QZVP   [4s3p2d1f|7s3p2d1f]
    n        1     77     57   def2-QZVP   [7s4p3d2f1g|15s8p3d2f1g]
    c        1     77     57   def2-QZVP   [7s4p3d2f1g|15s8p3d2f1g]
   ---------------------------------------------------------------------------
   total:    9    457    364
   ---------------------------------------------------------------------------

   total number of primitive shells          :  112
   total number of contracted shells         :  116
   total number of cartesian basis functions :  440
   total number of SCF-basis functions       :  364


 integral neglect threshold       :  0.76E-11
 integral storage threshold THIZE :  0.10E-04
 integral storage threshold THIME :         5

 RI-J AUXILIARY BASIS SET information:

              we will work with the 1s 3p 5d 7f 9g ... basis set
              ...i.e. with spherical basis functions...

   type   atoms  prim   cont   basis
   ---------------------------------------------------------------------------
    cl       1     77     51   def2-QZVP   [8s4p3d1f1g|14s5p5d2f1g]
    h        6     16     11   def2-QZVP   [3s1p1d|5s2p1d]
    n        1     70     49   def2-QZVP   [6s4p3d1f1g|12s5p4d2f1g]
    c        1     70     49   def2-QZVP   [6s4p3d1f1g|12s5p4d2f1g]
   ---------------------------------------------------------------------------
   total:    9    313    215
   ---------------------------------------------------------------------------

   total number of primitive shells          :   83
   total number of contracted shells         :   77
   total number of cartesian basis functions :  257
   total number of SCF-basis functions       :  215


 symmetry group of the molecule :   c1 

 the group has the following generators :
   c1(z)

    1 symmetry operations found

 there are 1 real representations :   a   

 maximum number of shells which are related by symmetry :  1


    mo occupation :
   irrep   mo's   occupied
    a      364       18
 
 number of basis functions   :                    364
 number of occupied orbitals :                     18
 
  
           ------------------
           density functional
           ------------------
 TPSS meta-GGA functional
 exchange:    LDA + TPSS
 correlation: LDA (PW) + TPSS

 spherical integration : Lebedev's spherical grid
 spherical gridsize    :                     5
    i.e. gridpoints    :                   590
 value for diffuse not defined
 radial integration    : Chebyshev 2nd kind (scaling 3)
 radial gridsize       :                     8
 integration cells     :                     9
 partition function    : becke
 partition sharpness   :                     3
  

 biggest AO integral is expected to be    12.165751258
  
           ------------------------
               RI-J - INFORMATION
           ------------------------
 Contributions to RI integral batches: 
  neglected integral batches:                   686
  direct contribution:                            0
  memory contribution:                  6100
 Memory core needed for (P|Q) and Cholesky      1 MByte
 Memory core minimum needed except of (P|Q)     1 MByte
 Total minimum memory core needed (sum)         2 MByte
  
 ****************************************
 Memory allocated for RI-J   178 MByte
 ****************************************
                                            

          ------------------------
          nuclear repulsion energy  :   101.028747704    
          ------------------------


         -----------------
         -S,T+V- integrals
         -----------------

 1e-integrals will be neglected if expon. factor < 0.759537E-12
 
   Difference densities algorithm switched on.
   The maximal number of linear combinations of
   difference densities is                    20 .

 DIIS switched on: error vector is FDS-SDF
 Max. Iterations for DIIS is     :   4
 DIIS matrix (see manual) 
    Scaling factor of diagonals  :  1.200
    threshold for scaling factor :  0.000

 scf convergence criterion : increment of total energy < .1000000D-06
                  and increment of one-electron energy < .1000000D-03

  MOs are in ASCII format !


 automatic virtual orbital shift switched on 
      shift if e(lumo)-e(homo) < 0.10000000    


 reading orbital data $scfmo  from file mos
 orbital characterization : scfconv=7

 DSCF restart information will be dumped onto file mos


 Starting SCF iterations

          Overall gridpoints after grid construction =        137275

 ITERATION  ENERGY          1e-ENERGY        2e-ENERGY     RMS[dD(SAO)]   TOL
   1  -556.78595333417    -965.81234105     307.99764001    0.000D+00 0.758D-11
                            Exc = -42.8375708861     Coul =  350.835210895    
                              N = 35.999999835    
                            current damping = 0.300
 
          max. resid. norm for Fia-block=  1.840D-01 for orbital      1a         
          max. resid. fock norm         =  2.841D-01 for orbital    352a         

 ITERATION  ENERGY          1e-ENERGY        2e-ENERGY     RMS[dD(SAO)]   TOL
   2  -556.78866051438    -965.90310159     308.08569337    0.600D-03 0.482D-11
                            Exc = -42.8748510864     Coul =  350.960544456    
                              N = 35.999999841    
                            current damping = 0.250
 
          Norm of current diis error: 0.94611E-01
          max. resid. norm for Fia-block=  4.282D-02 for orbital      1a         
          max. resid. fock norm         =  7.856D-02 for orbital    352a         

 ITERATION  ENERGY          1e-ENERGY        2e-ENERGY     RMS[dD(SAO)]   TOL
   3  -556.78877364493    -965.88255629     308.06503494    0.173D-03 0.387D-11
                            Exc = -42.8771034314     Coul =  350.942138375    
                              N = 35.999999834    
                            current damping = 0.200
 
          Norm of current diis error: 0.61694E-01
          max. resid. norm for Fia-block=  8.744D-03 for orbital      1a         
          max. resid. fock norm         =  1.542D-02 for orbital    352a         

 ITERATION  ENERGY          1e-ENERGY        2e-ENERGY     RMS[dD(SAO)]   TOL
   4  -556.78884653627    -965.90290541     308.08531117    0.417D-04 0.364D-11
                            Exc = -42.8806598658     Coul =  350.965971033    
                              N = 35.999999841    
                            current damping = 0.250
 
          Norm of current diis error: 0.14665E-01
          max. resid. norm for Fia-block=  1.547D-03 for orbital      1a         
          max. resid. fock norm         =  3.512D-03 for orbital    352a         

 ITERATION  ENERGY          1e-ENERGY        2e-ENERGY     RMS[dD(SAO)]   TOL
   5  -556.78884944603    -965.89649600     308.07889885    0.127D-04 0.348D-11
                            Exc = -42.8799453126     Coul =  350.958844162    
                              N = 35.999999842    
                            current damping = 0.300
 
          Norm of current diis error: 0.76193E-02
          max. resid. norm for Fia-block=  3.079D-04 for orbital      2a         
          max. resid. fock norm         =  9.320D-04 for orbital    352a         
          mo-orthogonalization: Cholesky decomposition

 ITERATION  ENERGY          1e-ENERGY        2e-ENERGY     RMS[dD(SAO)]   TOL
   6  -556.78885083692    -965.90043993     308.08284139    0.511D-05 0.342D-11
                            Exc = -42.8804905991     Coul =  350.963331988    
                              N = 35.999999841    
                            current damping = 0.350
 
          Norm of current diis error: 0.80410E-03
          max. resid. norm for Fia-block=  6.872D-05 for orbital      2a         
          max. resid. fock norm         =  2.305D-04 for orbital    352a         

 ITERATION  ENERGY          1e-ENERGY        2e-ENERGY     RMS[dD(SAO)]   TOL
   7  -556.78885085046    -965.89910165     308.08150309    0.794D-06 0.332D-11
                            Exc = -42.8803827414     Coul =  350.961885834    
                              N = 35.999999841    
                            current damping = 0.400
 
          Norm of current diis error: 0.19462E-03
          max. resid. norm for Fia-block=  1.944D-05 for orbital      1a         
          max. resid. fock norm         =  6.780D-05 for orbital    352a         

 ITERATION  ENERGY          1e-ENERGY        2e-ENERGY     RMS[dD(SAO)]   TOL
   8  -556.78885085164    -965.89961551     308.08201695    0.242D-06 0.326D-11
                            Exc = -42.8804208082     Coul =  350.962437758    
                              N = 35.999999841    
                            current damping = 0.450
 
          Norm of current diis error: 0.66863E-04
          max. resid. norm for Fia-block=  5.983D-06 for orbital      3a         
          max. resid. fock norm         =  2.700D-05 for orbital    352a         

 ENERGY & DENSITY CONVERGED !


 ITERATION  ENERGY          1e-ENERGY        2e-ENERGY     RMS[dD(SAO)]   TOL
   9  -556.78885085178    -965.89951506     308.08191650    0.684D-07 0.317D-11
                            Exc = -42.8804143576     Coul =  350.962330862    
                              N = 35.999999841    
                            current damping = 0.500
 
          Norm of current diis error: 0.18453E-04
          max. resid. norm for Fia-block=  2.120D-06 for orbital      2a         
          max. resid. fock norm         =  1.051D-05 for orbital    352a         

 End of SCF iterations

   convergence criteria satisfied after     9 iterations


                  ------------------------------------------ 
                 |  total energy      =   -556.78885085178  |
                  ------------------------------------------ 
                 :  kinetic energy    =    555.75075816667  :
                 :  potential energy  =  -1112.53960901845  :
                 :  virial theorem    =      1.99813557207  :
                 :  wavefunction norm =      1.00000000000  :
                  .......................................... 


 <geterg> : there is no data group $energy 


 <skperg> : $end is missing 


 orbitals $scfmo  will be written to file mos

    irrep                 14a         15a         16a         17a         18a   
 eigenvalues H         -0.37343    -0.36318    -0.24952    -0.24926    -0.24739
            eV         -10.1616     -9.8828     -6.7899     -6.7828     -6.7318
 occupation              2.0000      2.0000      2.0000      2.0000      2.0000

    irrep                 19a         20a         21a         22a         23a   
 eigenvalues H         -0.01347     0.02435     0.03726     0.05782     0.07828
            eV          -0.3664      0.6627      1.0140      1.5734      2.1300
 
 
 
 
 ==============================================================================
                           electrostatic moments
 ==============================================================================

 reference point for electrostatic moments:    0.00000   0.00000   0.00000

 
              nuc           elec       ->  total
 ------------------------------------------------------------------------------
                          charge      
 ------------------------------------------------------------------------------
          36.000000     -36.000000      -0.000000
 
 ------------------------------------------------------------------------------
                       dipole moment  
 ------------------------------------------------------------------------------
   x     -12.985607      13.045465       0.059859
   y     -23.841007      23.904641       0.063633
   z     112.901568    -111.029176       1.872393
 
   | dipole moment | =     1.8744 a.u. =     4.7643 debye 
 
 ------------------------------------------------------------------------------
                     quadrupole moment
 ------------------------------------------------------------------------------
  xx      24.499499     -44.239424     -19.739925
  yy      57.303525     -77.057283     -19.753758
  zz     700.338810    -708.867733      -8.528923
  xy      25.918239     -25.928219      -0.009980
  xz     -63.150643      63.333716       0.183073
  yz    -121.356518     121.501821       0.145303
 
     1/3  trace=     -16.007535
     anisotropy=      11.225241
 
 ==============================================================================
 
HOMO-LUMO Separation
 HOMO         :   -0.24738603 H =     -6.73172 eV
 LUMO         :   -0.01346549 H =     -0.36641 eV
 HOMO-LUMO gap:    0.23392054 H =     +6.36531 eV
 
 ==============================================================================


    ------------------------------------------------------------------------
         total  cpu-time :  1 minutes and 26 seconds
         total wall-time :  1 minutes and 26 seconds
    ------------------------------------------------------------------------

   ****  ridft : all done  ****


    2020-12-12 01:47:52.185 

 ridft ended normally
