
 rirpa (tigris) : TURBOMOLE rev. V7.4.1 (b987a8a8) compiled 15 Oct 2019 at 12:03:25
 Copyright (C) 2019 TURBOMOLE GmbH, Karlsruhe


    2020-12-20 23:36:49.181 

 
 
    *************************************************************************
    *************************** PROGRAM RIRPA *******************************
    ******                                                             ******
    ******              H. Eshuis, J. E. Bates and F. Furche           ******
    ******                                                             ******
    ****** Nov 2011                                                    ******
    ****** Copyright TURBOMOLE GmbH                                    ******
    *************************************************************************
    
    
                                References:                                  
    
                   RIRPA:                                                    
                     H. Eshuis, J. Yarkony, and F. Furche                    
                     Fast Computation of Molecular Random Phase              
                     Approximation Correlation Energies Using Resolution     
                     of the Identity and Imaginary Frequency Integration     
                     J. Chem. Phys. 132: 234114 (2010)                       
    
                     H. Eshuis, J. E. Bates, and F. Furche                   
                     Electron Correlation Methods Based on                   
                     the Random Phase Approximation                          
                     Theor. Chem. Acc.  131: 1084 (2012)                     
    
                     G. P. Chen, V. K. Voora, M. M. Agee,                    
                     S. G. Balasubramani, and F. Furche                      
                     Random-Phase Approximation Methods                      
                     Annu. Rev. Phys. Chem. 68: 421 (2017)                   
    
                   TWO-COMPONENT RIRPA:                                      
                     M. Kuehn                                                
                     Correlation Energies from the                           
                     Two-Component Random-Phase Approximation                
                     J. Chem. Theory Comput. 10: 623 (2014)                  
    
                   RIRPA GRADIENTS:                                          
                     A. M. Burow, J. E. Bates, F. Furche*, and H. Eshuis     
                     Analytical First-Order Molecular Properties and Forces  
                     within the Adiabatic Connection Random Phase            
                     Approximation                                           
                     J. Chem. Theory Comput. 10: 180 (2014)                  
    
                   RI-AXK/RI-ACSOSEX/RI-ACSOX:                               
                     G. P. Chen, M. M. Agee, and F. Furche                   
                     Performance and Scope of Perturbative Corrections to    
                     Random-Phase Approximation Energies                     
                     J. Chem. Theory Comput. 14: 5701 (2018)                 
    
                   GKS-RPA:                                                  
                     V. K. Voora, S. G. Balasubramani, and F. Furche         
                     Variational Generalized Kohn-Sham Approach Combining    
                     the Random-Phase-Approximation and Green’s-Function     
                     Methods                                                 
                     Phys. Rev. A (accepted)                                 
    
    
    

   *-----------------------------------------------------------------------*
   |                     program will use  1 thread(s)                     |
   *-----------------------------------------------------------------------*

 MAXIMUM CORE MEMORY WHICH CAN BE ALLOCATED DYNAMICALLY = 500 MiB
              ( or 65536000 double words per process)

 
                FOUND RI-J FLAG
 
  HF exact exchange energy will be computed using RI-J.


              +--------------------------------------------------+
              | Atomic coordinate, charge and isotop information |
              +--------------------------------------------------+

                    atomic coordinates            atom    charge  isotop
         -0.07118067   -6.22678634    3.35093796    br    35.000     0
          0.17180336   -9.86932596    3.53184484    c      6.000     0
          0.04199013  -10.61780554    1.63124050    h      1.000     0
          1.97359391  -10.35070488    4.37521977    h      1.000     0
         -1.37165089  -10.55903652    4.68572358    h      1.000     0
 
       center of nuclear mass  :   -0.03133798   -6.82398715    3.38061191
       center of nuclear charge:   -0.01855841   -7.01547783    3.39013822
              +-------------------------------------------------+
              |        Rotational Constants Section             |
              +-------------------------------------------------+
                                   Center of Mass [a.u]:
              -0.03133797977949        -6.82398715403788         3.38061191111810
                     Principal Moments of Inertia [a.u.]
              11.42165516091903       187.92132768648406       187.92220637996445
                       Rotational constants A,B,C [a.u.]
               0.04377649236958         0.00266068788549         0.00266067544455
                     Rotational constants A,B,C [cm**-1]
               5.27066223312660         0.32034515314241         0.32034365526090
                        Rotational constants A,B,C [MHz]
          158010.47861567931250      9603.70608689490837      9603.66118153705611

   * BASIS SET information:

              +--------------------------------------------------+
              |               basis set information              |
              +--------------------------------------------------+

              we will work with the 1s 3p 5d 7f 9g ... basis set
              ...i.e. with spherical basis functions...

   type   atoms  prim   cont   basis
   ---------------------------------------------------------------------------
    br       1    231     43   cc-pVTZ   [6s5p3d1f|74s35p9d1f]
    c        1     50     30   cc-pVTZ   [4s3p2d1f|18s5p2d1f]
    h        3     16     14   cc-pVTZ   [3s2p1d|5s2p1d]
   ---------------------------------------------------------------------------
   total:    5    329    115
   ---------------------------------------------------------------------------

   total number of primitive shells          :  153
   total number of contracted shells         :   43
   total number of cartesian basis functions :  129
   total number of SCF-basis functions       :  115


   * AUXILIARY BASIS SET information:

              +--------------------------------------------------+
              |               basis set information              |
              +--------------------------------------------------+

              we will work with the 1s 3p 5d 7f 9g ... basis set
              ...i.e. with spherical basis functions...

   type   atoms  prim   cont   basis
   ---------------------------------------------------------------------------
    br       1    166    166   cc-pVTZ   [10s9p8d6f4g1h|10s9p8d6f4g1h]
    c        1     81     81   cc-pVTZ   [8s6p5d3f1g|8s6p5d3f1g]
    h        3     30     30   cc-pVTZ   [4s3p2d1f|4s3p2d1f]
   ---------------------------------------------------------------------------
   total:    5    337    337
   ---------------------------------------------------------------------------

   total number of primitive shells          :   71
   total number of contracted shells         :   91
   total number of cartesian basis functions :  432
   total number of SCF-basis functions       :  337


   * RIJ AUXILIARY BASIS SET information:

              +--------------------------------------------------+
              |               basis set information              |
              +--------------------------------------------------+

              we will work with the 1s 3p 5d 7f 9g ... basis set
              ...i.e. with spherical basis functions...

   type   atoms  prim   cont   basis
   ---------------------------------------------------------------------------
    br       1     89     58   universal   [8s4p3d2f1g|19s5p5d3f1g]
    c        1     70     49   cc-pVTZ   [6s4p3d1f1g|12s5p4d2f1g]
    h        3     16     11   cc-pVTZ   [3s1p1d|5s2p1d]
   ---------------------------------------------------------------------------
   total:    5    207    140
   ---------------------------------------------------------------------------

   total number of primitive shells          :   65
   total number of contracted shells         :   48
   total number of cartesian basis functions :  170
   total number of SCF-basis functions       :  140


 reading orbital data $scfmo  from file mos
 orbital characterization : scfconv=7

 integral neglect threshold       :  0.26E+02

 scfconv                     7

 there are 1 real representations :   a   

 maximum number of shells which are related by symmetry :  1

 time elapsed for calculating density matrices :   0.001 sec

     total memory allocated for calculation of (Q|P)**(-1/2) : 2 MiB


     calculation of (P|Q) ...
     time in lp2sym        cpu:  0.01 sec    wall:  0.01 sec    ratio:  1.0


     calculation of the Cholesky decomposition of (P|Q)**(-1) ...
     time in invmetri      cpu:  0.01 sec    wall:  0.01 sec    ratio:  1.0

   threshold for RMS(d[D]) in SCF was     :  0.10E-06
   integral neglect threshold             :  0.77E-11
   derivative integral neglect threshold  :  0.10E-06


 setting up bound for integral derivative estimation

 increment for numerical differentiation : 0.00050000
 
 Occupied orbital block size for RIRPA:                     7
 
 Number of passes for spin                     1 is                     1
 
 Number of eigenvalues < 6e-3:                      0
 
 
            -----------------------------
            Complex frequency integration
            -----------------------------
 
 Number of Clenshaw-Curtis nodes:                    100
 Optimized scaling parameter    :    1.00000000000000     
 Sensitivity measure            :  -4.718447854656915E-016
 
 Done with rirpa frequency point #                     1
 Done with rirpa frequency point #                     2
 Done with rirpa frequency point #                     3
 Done with rirpa frequency point #                     4
 Done with rirpa frequency point #                     5
 Done with rirpa frequency point #                     6
 Done with rirpa frequency point #                     7
 Done with rirpa frequency point #                     8
 Done with rirpa frequency point #                     9
 Done with rirpa frequency point #                    10
 Done with rirpa frequency point #                    11
 Done with rirpa frequency point #                    12
 Done with rirpa frequency point #                    13
 Done with rirpa frequency point #                    14
 Done with rirpa frequency point #                    15
 Done with rirpa frequency point #                    16
 Done with rirpa frequency point #                    17
 Done with rirpa frequency point #                    18
 Done with rirpa frequency point #                    19
 Done with rirpa frequency point #                    20
 Done with rirpa frequency point #                    21
 Done with rirpa frequency point #                    22
 Done with rirpa frequency point #                    23
 Done with rirpa frequency point #                    24
 Done with rirpa frequency point #                    25
 Done with rirpa frequency point #                    26
 Done with rirpa frequency point #                    27
 Done with rirpa frequency point #                    28
 Done with rirpa frequency point #                    29
 Done with rirpa frequency point #                    30
 Done with rirpa frequency point #                    31
 Done with rirpa frequency point #                    32
 Done with rirpa frequency point #                    33
 Done with rirpa frequency point #                    34
 Done with rirpa frequency point #                    35
 Done with rirpa frequency point #                    36
 Done with rirpa frequency point #                    37
 Done with rirpa frequency point #                    38
 Done with rirpa frequency point #                    39
 Done with rirpa frequency point #                    40
 Done with rirpa frequency point #                    41
 Done with rirpa frequency point #                    42
 Done with rirpa frequency point #                    43
 Done with rirpa frequency point #                    44
 Done with rirpa frequency point #                    45
 Done with rirpa frequency point #                    46
 Done with rirpa frequency point #                    47
 Done with rirpa frequency point #                    48
 Done with rirpa frequency point #                    49
 Done with rirpa frequency point #                    50
 Done with rirpa frequency point #                    51
 Done with rirpa frequency point #                    52
 Done with rirpa frequency point #                    53
 Done with rirpa frequency point #                    54
 Done with rirpa frequency point #                    55
 Done with rirpa frequency point #                    56
 Done with rirpa frequency point #                    57
 Done with rirpa frequency point #                    58
 Done with rirpa frequency point #                    59
 Done with rirpa frequency point #                    60
 Done with rirpa frequency point #                    61
 Done with rirpa frequency point #                    62
 Done with rirpa frequency point #                    63
 Done with rirpa frequency point #                    64
 Done with rirpa frequency point #                    65
 Done with rirpa frequency point #                    66
 Done with rirpa frequency point #                    67
 Done with rirpa frequency point #                    68
 Done with rirpa frequency point #                    69
 Done with rirpa frequency point #                    70
 Done with rirpa frequency point #                    71
 Done with rirpa frequency point #                    72
 Done with rirpa frequency point #                    73
 Done with rirpa frequency point #                    74
 Done with rirpa frequency point #                    75
 Done with rirpa frequency point #                    76
 Done with rirpa frequency point #                    77
 Done with rirpa frequency point #                    78
 Done with rirpa frequency point #                    79
 Done with rirpa frequency point #                    80
 Done with rirpa frequency point #                    81
 Done with rirpa frequency point #                    82
 Done with rirpa frequency point #                    83
 Done with rirpa frequency point #                    84
 Done with rirpa frequency point #                    85
 Done with rirpa frequency point #                    86
 Done with rirpa frequency point #                    87
 Done with rirpa frequency point #                    88
 Done with rirpa frequency point #                    89
 Done with rirpa frequency point #                    90
 Done with rirpa frequency point #                    91
 Done with rirpa frequency point #                    92
 Done with rirpa frequency point #                    93
 Done with rirpa frequency point #                    94
 Done with rirpa frequency point #                    95
 Done with rirpa frequency point #                    96
 Done with rirpa frequency point #                    97
 Done with rirpa frequency point #                    98
 Done with rirpa frequency point #                    99
 Done with rirpa frequency point #                   100
 


 RI-RPA correlation energy: -0.5557470306670594E+00
 Allocatable memory for RI due to $ricore (MB):                   500

 there are 1 real representations :   a   

 maximum number of shells which are related by symmetry :  1

  
           ------------------------
               RI-J - INFORMATION
           ------------------------
 Contributions to RI integral batches: 
  neglected integral batches:                     0
  direct contribution:                            0
  memory contribution:                   946

         -----------------
         -S,T+V- integrals
         -----------------

 1e-integrals will be neglected if expon. factor < 0.771605E-11

          ------------------------
          nuclear repulsion energy  :   89.4025330840    
          ------------------------


                  --------------------------------------------------- 
                 |  HXX+RIRPA total energy     =  -2612.63358700123  |
                  ---------------------------------------------------- 
                 :  RIRPA correlation energy   =     -0.55574703067  :
                 :  HXX total energy           =  -2612.07783997056  :
                 :  Hartree energy             =   1207.43465645809  :
                 :  Exact Exchange energy      =    -95.80057796141  :
                  .................................................... 


    ------------------------------------------------------------------------
    Rirpa profiling                cpu                    wall         ratio
    ------------------------------------------------------------------------
    module                         sec     %               sec     %
    ------------------------------------------------------------------------
    RIRPA                        14.2  100.00           14.3  100.00   1.0
    STARTUP                       0.1    0.44            0.1    0.44   1.0
    riccmos                       0.0    0.15            0.0    0.15   1.0
    riccaux                       0.0    0.14            0.0    0.14   1.0
    riccbound                     2.8   19.89            2.8   19.84   1.0
    ccmkbaoi                      0.3    1.94            0.3    1.94   1.0
    ecrpa                         0.6    4.23            0.6    4.41   1.0
    qbuild                        0.5    3.26            0.5    3.36   1.0
    rparenrm                      0.1    0.73            0.1    0.90   0.8
    ehxx                         10.4   73.16           10.4   72.98   1.0
    ------------------------------------------------------------------------
    sum                          29.0  203.95           29.1  204.18   1.0
    ------------------------------------------------------------------------


    ------------------------------------------------------------------------
         total  cpu-time :  14.26 seconds
         total wall-time :  14.30 seconds
    ------------------------------------------------------------------------

   ****  rirpa : all done  ****


    2020-12-20 23:37:03.461 

 rirpa ended normally
