           SMPCPUS    set: Shared-memory Parallelization with  20 CPUs.

           SMP Parallelization Reference:
           C. van Wullen, J. Comput. Chem. 32 (2011) 1195--1201

 ridft (c-12-33) : TURBOMOLE rev. V7.5.0 compiled 13 Jun 2020 at 23:29:25
 Copyright (C) 2020 TURBOMOLE GmbH, Karlsruhe


    2020-07-20 07:25:48.863 



                                  r i d f t

                        DFT program with RI approximation 
                                for coulomb part 




                                                 
                                 References:     
                                                 
          TURBOMOLE:                             
              R. Ahlrichs, M. Baer, M. Haeser, H. Horn, and
              C. Koelmel
              Electronic structure calculations on workstation
              computers: the program system TURBOMOLE
              Chem. Phys. Lett. 162: 165 (1989)
          Density Functional:                              
              O. Treutler and R. Ahlrichs                      
              Efficient Molecular Numerical Integration Schemes
              J. Chem. Phys. 102: 346 (1995)                   
          Parallel Version:                                
              Performance of parallel TURBOMOLE for Density    
              Functional Calculations                          
              M. v. Arnim and R. Ahlrichs                      
              J. Comp. Chem. 19: 1746 (1998)                   
          RI-J Method:                                     
              Auxiliary Basis Sets to approximate Coulomb      
              Potentials                                       
              Chem. Phys. Lett. 240: 283 (1995)                
              K. Eichkorn, O. Treutler, H. Oehm, M. Haeser     
              and R. Ahlrichs                                  
              Chem. Phys. Lett. 242: 652 (1995)                
                                                           
              Auxiliary Basis Sets for Main Row Atoms and their
              Use to approximate Coulomb Potentials            
              K. Eichkorn, F. Weigend, O. Treutler and         
              R. Ahlrichs                                      
              Theo. Chem. Acc. 97: 119 (1997)                   
                                                           
              Accurate Coulomb-fitting basis sets for H to Rn 
              F. Weigend                                        
              Phys. Chem. Chem. Phys. 8: 1057 (2006)            
                                                           
          Multipole accelerated RI-J (MARI-J):             
              Fast evaluation of the Coulomb potential for     
              electron densities using multipole accelerated   
              resolution of identity approximation             
              M. Sierka, A. Hogekamp and R. Ahlrichs           
              J. Chem. Phys. 118: 9136 (2003)                  
          RI-JK Method:                                     
              A fully direct RI-HF algorithm: Implementation,
              optimised auxiliary basis sets, demonstration of
              accuracy and efficiency                         
              F. Weigend                                      
              Phys. Chem. Chem. Phys. 4: 4285 (2002)           
          Two-component HF and DFT with spin-orbit coupling:  
              Self-consistent treatment of spin-orbit         
              interactions with efficient Hartree-Fock and    
              density functional methods                      
              M. K. Armbruster, F. Weigend, C. van Wüllen and 
              W. Klopper                                      
              Phys. Chem. Chem. Phys. 10: 1748 (2008)         
          Two-component difference density and DIIS algorithm 
              Efficient two-component self-consistent field   
              procedures and gradients: implementation in     
              TURBOMOLE and application to Au20-              
              A. Baldes, F. Weigend                           
              Mol. Phys. 111: 2617 (2013)                     
          Relativistic all-electron 2c calculations           
              An efficient implementation of two-component    
              relativistic exact-decoupling methods for large 
              molecules                                       
              D. Peng, N. Middendorf, F. Weigend, M. Reiher   
              J. Chem. Phys. 138: 184105 (2013)               
          Finite nucleus model and SNSO approximation         
              Efficient implementation of one- and two-       
              component analytical energy gradients in exact  
              two-component theory                            
              Y. J. Franzke, N. Middendorf, F. Weigend        
              J. Chem. Phys. 148: 104110 (2018)               
          Grids for all-electron relativistic methods         
              Error-consistent segmented contracted all-      
              electron relativistic basis sets of double-     
              and triple-zeta quality for NMR shielding       
              constants                                       
              Y. J. Franzke, R. Tress, T. M. Pazdera,         
              F. Weigend                                      
              Phys. Chem. Chem. Phys. 21: 166658 (2019)       
          Seminumerical exchange algorithms                   
              Seminumerical calculation of the Hartree-Fock   
              exchange matirx: Application to two-component   
              procedures and efficient evaluation of local    
              hybrid functionsl                               
              P. Plessow, F. Weigend,                         
              J. Comput. Chem. 33: 810 (2012)                 
          Improved seminumerical algorithms                   
              C. Holzer, in preparation (2020)                
                                         




              +--------------------------------------------------+
              |      general information about current run       |
              +--------------------------------------------------+

 

 DENSITY CONVERGENCE CHECK SWITCHED ON !
 SCF CONVERGENCE IF RMS(delta[D]) <     0.1000000000E-06

 PBE functional
 exchange:    LDA + PBE
 correlation: LDA (PW) + PBE
 A DFT calculation using the RI-J approximation will be carried out.
 Allocatable memory for RI due to $ricore (MB):                  5000


              +--------------------------------------------------+
              | Atomic coordinate, charge and isotop information |
              +--------------------------------------------------+

                    atomic coordinates            atom    charge  isotop
          0.93420645    0.00025838   -0.56537988    i     53.000     0
         -0.05067953    0.00001856    2.32016743    h      1.000     0
         -0.57452640   -0.00039666    6.12373624    o      0.000     0
         -2.00626877    0.00006449    7.23802268    h      0.000     0
          1.65843342   -0.00005601    7.62220565    c      0.000     0
          3.24204356   -0.00024765    6.31789022    h      0.000     0
          1.78927039    1.67976514    8.80662147    h      0.000     0
          1.78935917   -1.67944382    8.80722659    h      0.000     0
 
       center of nuclear mass  :    0.83826292    0.00016210    0.94736647
       center of nuclear charge:    0.91596782    0.00025394   -0.51194382

              +--------------------------------------------------+
              |               basis set information              |
              +--------------------------------------------------+

              we will work with the 1s 3p 5d 7f 9g ... basis set
              ...i.e. with spherical basis functions...

   type   atoms  prim   cont   basis
   ---------------------------------------------------------------------------
    i        1    161     67   cc-pVQZ-PP   [6s6p4d2f1g|24s18p12d2f1g]
    h        5     32     30   cc-pVQZ   [4s3p2d1f|6s3p2d1f]
    o        1     77     55   cc-pVQZ   [5s4p3d2f1g|21s6p3d2f1g]
    c        1     77     55   cc-pVQZ   [5s4p3d2f1g|21s6p3d2f1g]
   ---------------------------------------------------------------------------
   total:    8    475    327
   ---------------------------------------------------------------------------

   total number of primitive shells          :  135
   total number of contracted shells         :   99
   total number of cartesian basis functions :  398
   total number of SCF-basis functions       :  327

 number of unique ecp types :                     1

 integral neglect threshold       :  0.84E-11
 integral storage threshold THIZE :  0.10E-04
 integral storage threshold THIME :         5

 RI-J AUXILIARY BASIS SET information:

              we will work with the 1s 3p 5d 7f 9g ... basis set
              ...i.e. with spherical basis functions...

   type   atoms  prim   cont   basis
   ---------------------------------------------------------------------------
    i        1     81     58   universal-ecp-2   [8s4p3d2f1g|11s5p5d3f1g]
    h        5     16     11   cc-pVQZ   [3s1p1d|5s2p1d]
    o        1     70     49   cc-pVQZ   [6s4p3d1f1g|12s5p4d2f1g]
    c        1     70     49   cc-pVQZ   [6s4p3d1f1g|12s5p4d2f1g]
   ---------------------------------------------------------------------------
   total:    8    301    211
   ---------------------------------------------------------------------------

   total number of primitive shells          :   81
   total number of contracted shells         :   73
   total number of cartesian basis functions :  255
   total number of SCF-basis functions       :  211


 symmetry group of the molecule :   c1 

 the group has the following generators :
   c1(z)

    1 symmetry operations found

 there are 1 real representations :   a   

 maximum number of shells which are related by symmetry :  1

  
           ------------------
           density functional
           ------------------
 Dummy atoms with grid-point found.
 DFT quadrature threshold dgrenze tightened by factor 1/10.

 PBE functional
 exchange:    LDA + PBE
 correlation: LDA (PW) + PBE
 Dummy atoms with grid-point found.
 DFT quadrature threshold dgrenze tightened by factor 1/10.

 Dummy atoms with grid-point found.
 DFT quadrature threshold dgrenze tightened by factor 1/10.


 spherical integration : Lebedev's spherical grid
 spherical gridsize    :                     5
    i.e. gridpoints    :                   590
 value for diffuse not defined
 radial integration    : Chebyshev 2nd kind (scaling 3)
 radial gridsize       :                     8
 integration cells     :                     8
 partition function    : becke
 partition sharpness   :                     3
  
 found dummy atom(s) with basis: included in dft

 biggest AO integral is expected to be     4.785886462

          ------------------------
          nuclear repulsion energy  :   8.19941727171    
          ------------------------


         -----------------
         -S,T+V- integrals
         -----------------

 1e-integrals will be neglected if expon. factor < 0.839689E-12


          ----------------
          -ecp-  integrals
          ----------------
 
   Difference densities algorithm switched on.
   The maximal number of linear combinations of
   difference densities is                    20 .

 DIIS switched on: error vector is FDS-SDF
 Max. Iterations for DIIS is     :   4
 DIIS matrix (see manual) 
    Scaling factor of diagonals  :  1.200
    threshold for scaling factor :  0.000

 scf convergence criterion : increment of total energy < .1000000D-06
                  and increment of one-electron energy < .1000000D-03

 MOs are in ASCII format !


    mo occupation :
   irrep   mo's   occupied
    a      327       13
 
 number of basis functions   :   327
 number of occupied orbitals :    13
 

 reading orbital data $scfmo  from file mos
 orbital characterization : expanded
 virtual MOs provided and orthogonalized by Cholesky decomposition

 automatic virtual orbital shift switched on 
      shift if e(lumo)-e(homo) < 0.10000000    

  
           ------------------------
               RI-J - INFORMATION
           ------------------------
 Contributions to RI integral batches: 
  neglected integral batches:                   468
  direct contribution:                            0
  memory contribution:                  4482
 Memory core needed for (P|Q) and Cholesky      1 MByte
 Memory core minimum needed except of (P|Q)     1 MByte
 Total minimum memory core needed (sum)         1 MByte
  
 ****************************************
 Memory allocated for RI-J   144 MByte
 ****************************************
                                            

 DSCF restart information will be dumped onto file mos


 Starting SCF iterations

          Overall gridpoints after grid construction =        129884

 ITERATION  ENERGY          1e-ENERGY        2e-ENERGY     RMS[dD(SAO)]   TOL
   1  -296.21346430562    -530.50706337     226.09418179    0.000D+00 0.838D-11
                            Exc = -22.3477395587     Coul =  248.441921353    
                              N = 25.999998439    
                            current damping = 0.300
 
          max. resid. norm for Fia-block=  3.166D-01 for orbital     11a         
          max. resid. fock norm         =  3.810D+01 for orbital    321a         

 ITERATION  ENERGY          1e-ENERGY        2e-ENERGY     RMS[dD(SAO)]   TOL
   2  -296.28830082585    -530.79503691     226.30731881    0.245D-02 0.524D-11
                            Exc = -22.3611101513     Coul =  248.668428964    
                              N = 25.999998636    
                            current damping = 0.250
 
          Norm of current diis error: 0.27846    
          max. resid. norm for Fia-block=  3.347D-02 for orbital     10a         
          max. resid. fock norm         =  6.422D-02 for orbital    239a         

 ITERATION  ENERGY          1e-ENERGY        2e-ENERGY     RMS[dD(SAO)]   TOL
   3  -296.29560308855    -531.10864062     226.61362026    0.849D-03 0.431D-11
                            Exc = -22.3862217640     Coul =  248.999842022    
                              N = 25.999998749    
                            current damping = 0.100
 
          Norm of current diis error: 0.94577E-01
          max. resid. norm for Fia-block=  1.089D-02 for orbital     11a         
          max. resid. fock norm         =  1.306D-02 for orbital     14a         

 ITERATION  ENERGY          1e-ENERGY        2e-ENERGY     RMS[dD(SAO)]   TOL
   4  -296.29636226855    -530.88678015     226.39100061    0.384D-03 0.386D-11
                            Exc = -22.3724204983     Coul =  248.763421111    
                              N = 25.999998741    
                            current damping = 0.150
 
          Norm of current diis error: 0.57785E-01
          max. resid. norm for Fia-block=  4.355D-03 for orbital     11a         
          max. resid. fock norm         =  6.415D-03 for orbital     11a         

 ITERATION  ENERGY          1e-ENERGY        2e-ENERGY     RMS[dD(SAO)]   TOL
   5  -296.29660637200    -531.04399509     226.54797144    0.104D-03 0.373D-11
                            Exc = -22.3811490991     Coul =  248.929120544    
                              N = 25.999998770    
                            current damping = 0.200
 
          Norm of current diis error: 0.12194E-01
          max. resid. norm for Fia-block=  1.113D-03 for orbital     11a         
          max. resid. fock norm         =  1.184D-03 for orbital     11a         
          mo-orthogonalization: Cholesky decomposition

 ITERATION  ENERGY          1e-ENERGY        2e-ENERGY     RMS[dD(SAO)]   TOL
   6  -296.29661662810    -530.99841490     226.50238100    0.252D-04 0.365D-11
                            Exc = -22.3787977952     Coul =  248.881178798    
                              N = 25.999998764    
                            current damping = 0.250
 
          Norm of current diis error: 0.22190E-02
          max. resid. norm for Fia-block=  2.371D-04 for orbital     10a         
          max. resid. fock norm         =  2.608D-04 for orbital    127a         

 ITERATION  ENERGY          1e-ENERGY        2e-ENERGY     RMS[dD(SAO)]   TOL
   7  -296.29661704864    -531.01183074     226.51579642    0.651D-05 0.359D-11
                            Exc = -22.3797182900     Coul =  248.895514707    
                              N = 25.999998765    
                            current damping = 0.300
 
          Norm of current diis error: 0.55526E-03
          max. resid. norm for Fia-block=  5.813D-05 for orbital      5a         
          max. resid. fock norm         =  6.972D-05 for orbital    141a         

 ITERATION  ENERGY          1e-ENERGY        2e-ENERGY     RMS[dD(SAO)]   TOL
   8  -296.29661707847    -531.00902735     226.51299300    0.162D-05 0.353D-11
                            Exc = -22.3794701922     Coul =  248.892463192    
                              N = 25.999998765    
                            current damping = 0.350
 
          Norm of current diis error: 0.62847E-04
          max. resid. norm for Fia-block=  7.366D-06 for orbital      5a         
          max. resid. fock norm         =  1.047D-05 for orbital      2a         

 ENERGY & DENSITY CONVERGED !


 ITERATION  ENERGY          1e-ENERGY        2e-ENERGY     RMS[dD(SAO)]   TOL
   9  -296.29661707874    -531.00917310     226.51313875    0.153D-06 0.345D-11
                            Exc = -22.3794843601     Coul =  248.892623106    
                              N = 25.999998765    
                            current damping = 0.400
 
          Norm of current diis error: 0.20010E-04
          max. resid. norm for Fia-block=  1.795D-06 for orbital     11a         
          max. resid. fock norm         =  2.256D-06 for orbital     26a         

 End of SCF iterations

   convergence criteria satisfied after     9 iterations


                  ------------------------------------------ 
                 |  total energy      =   -296.29661707874  |
                  ------------------------------------------ 
                 :  kinetic energy    =    111.17099162906  :
                 :  potential energy  =   -407.46760870780  :
                 :  virial theorem    =      1.37520169054  :
                 :  wavefunction norm =      1.00000000000  :
                  .......................................... 


 <geterg> : there is no data group $energy 


 <skperg> : $end is missing 


 orbitals $scfmo  will be written to file mos

    irrep                  9a         10a         11a         12a         13a   
 eigenvalues H         -1.81457    -0.65798    -0.37567    -0.24929    -0.24928
            eV         -49.3773    -17.9046    -10.2225     -6.7836     -6.7833
 occupation              2.0000      2.0000      2.0000      2.0000      2.0000

    irrep                 14a         15a         16a         17a         18a   
 eigenvalues H         -0.06476     0.03377     0.07319     0.08120     0.10178
            eV          -1.7623      0.9188      1.9917      2.2097      2.7695
 
 
 
 
 ==============================================================================
                           electrostatic moments
 ==============================================================================

 reference point for electrostatic moments:    0.00000   0.00000   0.00000

 
              nuc           elec       ->  total
 ------------------------------------------------------------------------------
                          charge      
 ------------------------------------------------------------------------------
          26.000000     -26.000000      -0.000000
 
 ------------------------------------------------------------------------------
                       dipole moment  
 ------------------------------------------------------------------------------
   x      23.304482     -23.362325      -0.057844
   y       0.006478      -0.006491      -0.000013
   z     -11.814330      11.971822       0.157493
 
   | dipole moment | =     0.1678 a.u. =     0.4265 debye 
 
 ------------------------------------------------------------------------------
                     quadrupole moment
 ------------------------------------------------------------------------------
  xx      21.821111     -43.056757     -21.235647
  yy       0.000002     -21.481177     -21.481175
  zz      13.374537     -32.039358     -18.664821
  xy       0.006034      -0.005975       0.000058
  xz     -13.322123      12.464635      -0.857488
  yz      -0.003609       0.003407      -0.000202
 
     1/3  trace=     -20.460548
     anisotropy=       3.083261
 
 ==============================================================================
 
HOMO-LUMO Separation
 HOMO         :   -0.24927853 H =     -6.78322 eV
 LUMO         :   -0.06476149 H =     -1.76225 eV
 HOMO-LUMO gap:    0.18451704 H =     +5.02097 eV
 
 ==============================================================================


    ------------------------------------------------------------------------
         total  cpu-time :  3 minutes and 20 seconds
         total wall-time :  14.72 seconds
    ------------------------------------------------------------------------

   ****  ridft : all done  ****


    2020-07-20 07:26:03.554 

