           SMPCPUS    set: Shared-memory Parallelization with  28 CPUs.

           SMP Parallelization Reference:
           C. van Wullen, J. Comput. Chem. 32 (2011) 1195--1201

 ridft (c-14-37) : TURBOMOLE rev. V7.5.0 compiled 13 Jun 2020 at 23:29:25
 Copyright (C) 2020 TURBOMOLE GmbH, Karlsruhe


    2020-10-26 13:35:05.608 



                                  r i d f t

                        DFT program with RI approximation 
                                for coulomb part 




                                                 
                                 References:     
                                                 
          TURBOMOLE:                             
              R. Ahlrichs, M. Baer, M. Haeser, H. Horn, and
              C. Koelmel
              Electronic structure calculations on workstation
              computers: the program system TURBOMOLE
              Chem. Phys. Lett. 162: 165 (1989)
          Density Functional:                              
              O. Treutler and R. Ahlrichs                      
              Efficient Molecular Numerical Integration Schemes
              J. Chem. Phys. 102: 346 (1995)                   
          Parallel Version:                                
              Performance of parallel TURBOMOLE for Density    
              Functional Calculations                          
              M. v. Arnim and R. Ahlrichs                      
              J. Comp. Chem. 19: 1746 (1998)                   
          RI-J Method:                                     
              Auxiliary Basis Sets to approximate Coulomb      
              Potentials                                       
              Chem. Phys. Lett. 240: 283 (1995)                
              K. Eichkorn, O. Treutler, H. Oehm, M. Haeser     
              and R. Ahlrichs                                  
              Chem. Phys. Lett. 242: 652 (1995)                
                                                           
              Auxiliary Basis Sets for Main Row Atoms and their
              Use to approximate Coulomb Potentials            
              K. Eichkorn, F. Weigend, O. Treutler and         
              R. Ahlrichs                                      
              Theo. Chem. Acc. 97: 119 (1997)                   
                                                           
              Accurate Coulomb-fitting basis sets for H to Rn 
              F. Weigend                                        
              Phys. Chem. Chem. Phys. 8: 1057 (2006)            
                                                           
          Multipole accelerated RI-J (MARI-J):             
              Fast evaluation of the Coulomb potential for     
              electron densities using multipole accelerated   
              resolution of identity approximation             
              M. Sierka, A. Hogekamp and R. Ahlrichs           
              J. Chem. Phys. 118: 9136 (2003)                  
          RI-JK Method:                                     
              A fully direct RI-HF algorithm: Implementation,
              optimised auxiliary basis sets, demonstration of
              accuracy and efficiency                         
              F. Weigend                                      
              Phys. Chem. Chem. Phys. 4: 4285 (2002)           
          Two-component HF and DFT with spin-orbit coupling:  
              Self-consistent treatment of spin-orbit         
              interactions with efficient Hartree-Fock and    
              density functional methods                      
              M. K. Armbruster, F. Weigend, C. van Wüllen and 
              W. Klopper                                      
              Phys. Chem. Chem. Phys. 10: 1748 (2008)         
          Two-component difference density and DIIS algorithm 
              Efficient two-component self-consistent field   
              procedures and gradients: implementation in     
              TURBOMOLE and application to Au20-              
              A. Baldes, F. Weigend                           
              Mol. Phys. 111: 2617 (2013)                     
          Relativistic all-electron 2c calculations           
              An efficient implementation of two-component    
              relativistic exact-decoupling methods for large 
              molecules                                       
              D. Peng, N. Middendorf, F. Weigend, M. Reiher   
              J. Chem. Phys. 138: 184105 (2013)               
          Finite nucleus model and SNSO approximation         
              Efficient implementation of one- and two-       
              component analytical energy gradients in exact  
              two-component theory                            
              Y. J. Franzke, N. Middendorf, F. Weigend        
              J. Chem. Phys. 148: 104110 (2018)               
          Grids for all-electron relativistic methods         
              Error-consistent segmented contracted all-      
              electron relativistic basis sets of double-     
              and triple-zeta quality for NMR shielding       
              constants                                       
              Y. J. Franzke, R. Tress, T. M. Pazdera,         
              F. Weigend                                      
              Phys. Chem. Chem. Phys. 21: 166658 (2019)       
          Seminumerical exchange algorithms                   
              Seminumerical calculation of the Hartree-Fock   
              exchange matirx: Application to two-component   
              procedures and efficient evaluation of local    
              hybrid functionsl                               
              P. Plessow, F. Weigend,                         
              J. Comput. Chem. 33: 810 (2012)                 
          Improved seminumerical algorithms                   
              C. Holzer, in preparation (2020)                
                                         




              +--------------------------------------------------+
              |      general information about current run       |
              +--------------------------------------------------+

 

 DENSITY CONVERGENCE CHECK SWITCHED ON !
 SCF CONVERGENCE IF RMS(delta[D]) <     0.1000000000E-06

 PBE functional
 exchange:    LDA + PBE
 correlation: LDA (PW) + PBE
 A DFT calculation using the RI-J approximation will be carried out.
 Allocatable memory for RI due to $ricore (MB):                  5000


              +--------------------------------------------------+
              | Atomic coordinate, charge and isotop information |
              +--------------------------------------------------+

                    atomic coordinates            atom    charge  isotop
          1.96019024    0.00101856   -1.10001336    c      6.000     0
         -0.33351210   -0.00051212    0.19410322    c      6.000     0
         -0.34614869   -0.00097888    2.83106108    c      6.000     0
          1.92729389    0.00007559    4.16717116    c      6.000     0
          4.21147390    0.00160249    2.85633050    c      6.000     0
          4.23629923    0.00207114    0.22350358    c      6.000     0
         -3.78714912   -0.00320498    4.78927845    i     53.000     0
          1.91458926   -0.00025511    6.21010117    h      1.000     0
          5.96986217    0.00241696    3.89893020    h      1.000     0
          6.01197094    0.00324088   -0.78691031    h      1.000     0
          1.96207052    0.00137761   -3.14425673    h      1.000     0
         -2.09628076   -0.00130013   -0.83853196    h      1.000     0
         -8.65984438   -0.00373164    7.56764150    n      0.000     0
        -10.26546153    1.95226719    6.50730483    c      0.000     0
         -9.83047681   -2.46815372    7.27665202    c      0.000     0
         -8.14587478    0.50751865   10.21384768    c      0.000     0
         -9.88178477    0.53602706   11.35926549    h      0.000     0
         -6.89190165   -0.93982637   10.96613821    h      0.000     0
         -7.21379949    2.33262182   10.39647459    h      0.000     0
        -12.11103043    2.05509853    7.46099481    h      0.000     0
         -9.33681043    3.77963803    6.68412839    h      0.000     0
        -10.58381991    1.57703939    4.50955439    h      0.000     0
        -11.65361844   -2.59310430    8.27002814    h      0.000     0
        -10.14794324   -2.85085728    5.28020550    h      0.000     0
         -8.57915119   -3.92011724    8.02425603    h      0.000     0
 
       center of nuclear mass  :   -3.32292331   -0.00204576    4.52678662
       center of nuclear charge:   -1.24492673   -0.00153960    3.34259603

              +--------------------------------------------------+
              |               basis set information              |
              +--------------------------------------------------+

              we will work with the 1s 3p 5d 7f 9g ... basis set
              ...i.e. with spherical basis functions...

   type   atoms  prim   cont   basis
   ---------------------------------------------------------------------------
    c        9     24     14   def2-SVP   [3s2p1d|7s4p1d]
    i        1     61     26   def2-SVP   [4s4p2d|10s7p6d]
    h       14      7      5   def2-SVP   [2s1p|4s1p]
    n        1     24     14   def2-SVP   [3s2p1d|7s4p1d]
   ---------------------------------------------------------------------------
   total:   25    399    236
   ---------------------------------------------------------------------------

   total number of primitive shells          :   52
   total number of contracted shells         :  112
   total number of cartesian basis functions :  248
   total number of SCF-basis functions       :  236

 number of unique ecp types :                     1

 integral neglect threshold       :  0.13E-10
 integral storage threshold THIZE :  0.10E-04
 integral storage threshold THIME :         5

 RI-J AUXILIARY BASIS SET information:

              we will work with the 1s 3p 5d 7f 9g ... basis set
              ...i.e. with spherical basis functions...

   type   atoms  prim   cont   basis
   ---------------------------------------------------------------------------
    c        9     70     49   def2-SVP   [6s4p3d1f1g|12s5p4d2f1g]
    i        1     81     58   def2-SVP   [8s4p3d2f1g|11s5p5d3f1g]
    h       14     16     11   def2-SVP   [3s1p1d|5s2p1d]
    n        1     70     49   def2-SVP   [6s4p3d1f1g|12s5p4d2f1g]
   ---------------------------------------------------------------------------
   total:   25   1005    702
   ---------------------------------------------------------------------------

   total number of primitive shells          :   81
   total number of contracted shells         :  238
   total number of cartesian basis functions :  851
   total number of SCF-basis functions       :  702


 symmetry group of the molecule :   c1 

 the group has the following generators :
   c1(z)

    1 symmetry operations found

 there are 1 real representations :   a   

 maximum number of shells which are related by symmetry :  1

  
           ------------------
           density functional
           ------------------
 Dummy atoms with grid-point found.
 DFT quadrature threshold dgrenze tightened by factor 1/10.

 PBE functional
 exchange:    LDA + PBE
 correlation: LDA (PW) + PBE
 Dummy atoms with grid-point found.
 DFT quadrature threshold dgrenze tightened by factor 1/10.

 Dummy atoms with grid-point found.
 DFT quadrature threshold dgrenze tightened by factor 1/10.


 spherical integration : Lebedev's spherical grid
 spherical gridsize    :                     5
    i.e. gridpoints    :                   590
 value for diffuse not defined
 radial integration    : Chebyshev 2nd kind (scaling 3)
 radial gridsize       :                     8
 integration cells     :                    25
 partition function    : becke
 partition sharpness   :                     3
  
 found dummy atom(s) with basis: included in dft

 biggest AO integral is expected to be     4.152585025

          ------------------------
          nuclear repulsion energy  :   352.903606291    
          ------------------------


         -----------------
         -S,T+V- integrals
         -----------------

 1e-integrals will be neglected if expon. factor < 0.134757E-11


          ----------------
          -ecp-  integrals
          ----------------
 
   Difference densities algorithm switched on.
   The maximal number of linear combinations of
   difference densities is                    20 .

 DIIS switched on: error vector is FDS-SDF
 Max. Iterations for DIIS is     :   4
 DIIS matrix (see manual) 
    Scaling factor of diagonals  :  1.200
    threshold for scaling factor :  0.000

 scf convergence criterion : increment of total energy < .1000000D-06
                  and increment of one-electron energy < .1000000D-03

 MOs are in ASCII format !


    mo occupation :
   irrep   mo's   occupied
    a      236       33
 
 number of basis functions   :   236
 number of occupied orbitals :    33
 

 reading orbital data $scfmo  from file mos
 orbital characterization : expanded
 virtual MOs provided and orthogonalized by Cholesky decomposition

 automatic virtual orbital shift switched on 
      shift if e(lumo)-e(homo) < 0.10000000    

  
           ------------------------
               RI-J - INFORMATION
           ------------------------
 Contributions to RI integral batches: 
  neglected integral batches:                  1841
  direct contribution:                            0
  memory contribution:                  4487
 Memory core needed for (P|Q) and Cholesky      4 MByte
 Memory core minimum needed except of (P|Q)     1 MByte
 Total minimum memory core needed (sum)         5 MByte
  
 ****************************************
 Memory allocated for RI-J   142 MByte
 ****************************************
                                            

 DSCF restart information will be dumped onto file mos


 Starting SCF iterations

          Overall gridpoints after grid construction =        389891

 ITERATION  ENERGY          1e-ENERGY        2e-ENERGY     RMS[dD(SAO)]   TOL
   1  -528.11846735904    -1517.6001279     636.57805424    0.000D+00 0.134D-10
                            Exc = -55.2403113820     Coul =  691.818365620    
                              N = 66.000003367    
                            current damping = 0.300
 
          max. resid. norm for Fia-block=  2.402D-01 for orbital     29a         
          max. resid. fock norm         =  1.155D+01 for orbital    195a         

 ITERATION  ENERGY          1e-ENERGY        2e-ENERGY     RMS[dD(SAO)]   TOL
   2  -528.78373243770    -1530.1974951     648.51015637    0.126D-01 0.842D-11
                            Exc = -56.2460221241     Coul =  704.756178498    
                              N = 66.000002427    
                            current damping = 0.250
 
          Norm of current diis error: 0.72320    
          max. resid. norm for Fia-block=  6.577D-02 for orbital     30a         
          max. resid. fock norm         =  1.659D-01 for orbital     58a         

 ITERATION  ENERGY          1e-ENERGY        2e-ENERGY     RMS[dD(SAO)]   TOL
   3  -528.82677074251    -1527.8171028     646.08672581    0.360D-02 0.716D-11
                            Exc = -56.1864709384     Coul =  702.273196751    
                              N = 66.000002335    
                            current damping = 0.200
 
          Norm of current diis error: 0.53592    
          max. resid. norm for Fia-block=  3.273D-02 for orbital     26a         
          max. resid. fock norm         =  4.954D-02 for orbital     34a         

 ITERATION  ENERGY          1e-ENERGY        2e-ENERGY     RMS[dD(SAO)]   TOL
   4  -528.85564325171    -1529.6191540     647.85990449    0.270D-02 0.666D-11
                            Exc = -56.2561625029     Coul =  704.116066988    
                              N = 66.000002271    
                            current damping = 0.250
 
          Norm of current diis error: 0.24392    
          max. resid. norm for Fia-block=  1.459D-02 for orbital     30a         
          max. resid. fock norm         =  2.827D-02 for orbital     17a         

 ITERATION  ENERGY          1e-ENERGY        2e-ENERGY     RMS[dD(SAO)]   TOL
   5  -528.86059803098    -1529.5182907     647.75408633    0.124D-02 0.638D-11
                            Exc = -56.2871394539     Coul =  704.041225784    
                              N = 66.000002290    
                            current damping = 0.300
 
          Norm of current diis error: 0.14985    
          max. resid. norm for Fia-block=  6.563D-03 for orbital     31a         
          max. resid. fock norm         =  1.265D-02 for orbital     17a         
          mo-orthogonalization: Cholesky decomposition

 ITERATION  ENERGY          1e-ENERGY        2e-ENERGY     RMS[dD(SAO)]   TOL
   6  -528.86353705930    -1529.7150194     647.94787609    0.542D-03 0.624D-11
                            Exc = -56.2880795910     Coul =  704.235955680    
                              N = 66.000002266    
                            current damping = 0.350
 
          Norm of current diis error: 0.24545E-01
          max. resid. norm for Fia-block=  1.993D-03 for orbital     23a         
          max. resid. fock norm         =  3.126D-03 for orbital     26a         

 ITERATION  ENERGY          1e-ENERGY        2e-ENERGY     RMS[dD(SAO)]   TOL
   7  -528.86358918675    -1529.6069038     647.83970831    0.152D-03 0.615D-11
                            Exc = -56.2814038122     Coul =  704.121112123    
                              N = 66.000002271    
                            current damping = 0.400
 
          Norm of current diis error: 0.18059E-01
          max. resid. norm for Fia-block=  8.105D-04 for orbital     23a         
          max. resid. fock norm         =  1.114D-03 for orbital     23a         

 ITERATION  ENERGY          1e-ENERGY        2e-ENERGY     RMS[dD(SAO)]   TOL
   8  -528.86362775092    -1529.6046068     647.83737275    0.471D-04 0.605D-11
                            Exc = -56.2810514518     Coul =  704.118424205    
                              N = 66.000002271    
                            current damping = 0.250
 
          Norm of current diis error: 0.34973E-02
          max. resid. norm for Fia-block=  3.568D-04 for orbital     32a         
          max. resid. fock norm         =  6.437D-04 for orbital     19a         

 ITERATION  ENERGY          1e-ENERGY        2e-ENERGY     RMS[dD(SAO)]   TOL
   9  -528.86363037555    -1529.6246723     647.85743559    0.298D-04 0.597D-11
                            Exc = -56.2821290453     Coul =  704.139564638    
                              N = 66.000002270    
                            current damping = 0.300
 
          Norm of current diis error: 0.13331E-02
          max. resid. norm for Fia-block=  1.088D-04 for orbital     29a         
          max. resid. fock norm         =  1.764D-04 for orbital     19a         

 ITERATION  ENERGY          1e-ENERGY        2e-ENERGY     RMS[dD(SAO)]   TOL
  10  -528.86363069891    -1529.6283986     647.86116164    0.802D-05 0.591D-11
                            Exc = -56.2823972271     Coul =  704.143558871    
                              N = 66.000002270    
                            current damping = 0.150
 
          Norm of current diis error: 0.58601E-03
          max. resid. norm for Fia-block=  3.489D-05 for orbital     31a         
          max. resid. fock norm         =  5.751D-05 for orbital    139a         
          mo-orthogonalization: Cholesky decomposition

 ITERATION  ENERGY          1e-ENERGY        2e-ENERGY     RMS[dD(SAO)]   TOL
  11  -528.86363070973    -1529.6232456     647.85600855    0.374D-05 0.584D-11
                            Exc = -56.2821554009     Coul =  704.138163953    
                              N = 66.000002270    
                            current damping = 0.200
 
          Norm of current diis error: 0.49468E-03
          max. resid. norm for Fia-block=  2.200D-05 for orbital     30a         
          max. resid. fock norm         =  4.244D-05 for orbital     17a         

 ITERATION  ENERGY          1e-ENERGY        2e-ENERGY     RMS[dD(SAO)]   TOL
  12  -528.86363073970    -1529.6242429     647.85700590    0.206D-05 0.571D-11
                            Exc = -56.2821548097     Coul =  704.139160708    
                              N = 66.000002270    
                            current damping = 0.250
 
          Norm of current diis error: 0.18759E-03
          max. resid. norm for Fia-block=  1.072D-05 for orbital     30a         
          max. resid. fock norm         =  1.672D-05 for orbital     23a         

 ITERATION  ENERGY          1e-ENERGY        2e-ENERGY     RMS[dD(SAO)]   TOL
  13  -528.86363074348    -1529.6245784     647.85734134    0.818D-06 0.567D-11
                            Exc = -56.2821869005     Coul =  704.139528244    
                              N = 66.000002270    
                            current damping = 0.100
 
          Norm of current diis error: 0.85459E-04
          max. resid. norm for Fia-block=  4.889D-06 for orbital     26a         
          max. resid. fock norm         =  8.936D-06 for orbital     26a         

 ITERATION  ENERGY          1e-ENERGY        2e-ENERGY     RMS[dD(SAO)]   TOL
  14  -528.86363074400    -1529.6248318     647.85759477    0.480D-06 0.566D-11
                            Exc = -56.2821994918     Coul =  704.139794262    
                              N = 66.000002270    
                            current damping = 0.100
 
          Norm of current diis error: 0.41609E-04
          max. resid. norm for Fia-block=  3.824D-06 for orbital     29a         
          max. resid. fock norm         =  6.673D-06 for orbital     19a         

 ENERGY & DENSITY CONVERGED !


 ITERATION  ENERGY          1e-ENERGY        2e-ENERGY     RMS[dD(SAO)]   TOL
  15  -528.86363074453    -1529.6247638     647.85752681    0.336D-06 0.556D-11
                            Exc = -56.2821966264     Coul =  704.139723437    
                              N = 66.000002270    
                            current damping = 0.150
 
          Norm of current diis error: 0.23822E-04
          max. resid. norm for Fia-block=  1.448D-06 for orbital     29a         
          max. resid. fock norm         =  2.129D-06 for orbital     19a         

 End of SCF iterations

   convergence criteria satisfied after    15 iterations


                  ------------------------------------------ 
                 |  total energy      =   -528.86363074453  |
                  ------------------------------------------ 
                 :  kinetic energy    =    342.32532935643  :
                 :  potential energy  =   -871.18896010096  :
                 :  virial theorem    =      1.64728468637  :
                 :  wavefunction norm =      1.00000000000  :
                  .......................................... 


 <geterg> : there is no data group $energy 


 <skperg> : $end is missing 


 orbitals $scfmo  will be written to file mos

    irrep                 29a         30a         31a         32a         33a   
 eigenvalues H         -0.30580    -0.26832    -0.24270    -0.23164    -0.21236
            eV          -8.3212     -7.3013     -6.6043     -6.3033     -5.7785
 occupation              2.0000      2.0000      2.0000      2.0000      2.0000

    irrep                 34a         35a         36a         37a         38a   
 eigenvalues H         -0.06016    -0.05203    -0.05055     0.03891     0.05547
            eV          -1.6370     -1.4158     -1.3756      1.0587      1.5093
 
 
 
 
 ==============================================================================
                           electrostatic moments
 ==============================================================================

 reference point for electrostatic moments:    0.00000   0.00000   0.00000

 
              nuc           elec       ->  total
 ------------------------------------------------------------------------------
                          charge      
 ------------------------------------------------------------------------------
          66.000000     -66.000000      -0.000000
 
 ------------------------------------------------------------------------------
                       dipole moment  
 ------------------------------------------------------------------------------
   x     -10.982937      11.502835       0.519898
   y      -0.054983       0.055276       0.000293
   z     180.104231    -180.400186      -0.295956
 
   | dipole moment | =     0.5982 a.u. =     1.5206 debye 
 
 ------------------------------------------------------------------------------
                     quadrupole moment
 ------------------------------------------------------------------------------
  xx     703.078878    -745.636894     -42.558016
  yy       0.000332     -48.484792     -48.484460
  zz     847.424461    -891.528537     -44.104076
  xy       0.451344      -0.448031       0.003313
  xz    -320.579578     321.961162       1.381584
  yz      -0.373506       0.373314      -0.000192
 
     1/3  trace=     -45.048851
     anisotropy=       5.837530
 
 ==============================================================================
 
HOMO-LUMO Separation
 HOMO         :   -0.21235529 H =     -5.77848 eV
 LUMO         :   -0.06015925 H =     -1.63702 eV
 HOMO-LUMO gap:    0.15219604 H =     +4.14147 eV
 
 ==============================================================================


    ------------------------------------------------------------------------
         total  cpu-time :  9 minutes and 47 seconds
         total wall-time :  45.98 seconds
    ------------------------------------------------------------------------

   ****  ridft : all done  ****


    2020-10-26 13:35:51.532 

