           SMPCPUS    set: Shared-memory Parallelization with  20 CPUs.

           SMP Parallelization Reference:
           C. van Wullen, J. Comput. Chem. 32 (2011) 1195--1201

 ridft (c-12-33) : TURBOMOLE rev. V7.5.0 compiled 13 Jun 2020 at 23:29:25
 Copyright (C) 2020 TURBOMOLE GmbH, Karlsruhe


    2020-07-20 03:14:25.044 



                                  r i d f t

                        DFT program with RI approximation 
                                for coulomb part 




                                                 
                                 References:     
                                                 
          TURBOMOLE:                             
              R. Ahlrichs, M. Baer, M. Haeser, H. Horn, and
              C. Koelmel
              Electronic structure calculations on workstation
              computers: the program system TURBOMOLE
              Chem. Phys. Lett. 162: 165 (1989)
          Density Functional:                              
              O. Treutler and R. Ahlrichs                      
              Efficient Molecular Numerical Integration Schemes
              J. Chem. Phys. 102: 346 (1995)                   
          Parallel Version:                                
              Performance of parallel TURBOMOLE for Density    
              Functional Calculations                          
              M. v. Arnim and R. Ahlrichs                      
              J. Comp. Chem. 19: 1746 (1998)                   
          RI-J Method:                                     
              Auxiliary Basis Sets to approximate Coulomb      
              Potentials                                       
              Chem. Phys. Lett. 240: 283 (1995)                
              K. Eichkorn, O. Treutler, H. Oehm, M. Haeser     
              and R. Ahlrichs                                  
              Chem. Phys. Lett. 242: 652 (1995)                
                                                           
              Auxiliary Basis Sets for Main Row Atoms and their
              Use to approximate Coulomb Potentials            
              K. Eichkorn, F. Weigend, O. Treutler and         
              R. Ahlrichs                                      
              Theo. Chem. Acc. 97: 119 (1997)                   
                                                           
              Accurate Coulomb-fitting basis sets for H to Rn 
              F. Weigend                                        
              Phys. Chem. Chem. Phys. 8: 1057 (2006)            
                                                           
          Multipole accelerated RI-J (MARI-J):             
              Fast evaluation of the Coulomb potential for     
              electron densities using multipole accelerated   
              resolution of identity approximation             
              M. Sierka, A. Hogekamp and R. Ahlrichs           
              J. Chem. Phys. 118: 9136 (2003)                  
          RI-JK Method:                                     
              A fully direct RI-HF algorithm: Implementation,
              optimised auxiliary basis sets, demonstration of
              accuracy and efficiency                         
              F. Weigend                                      
              Phys. Chem. Chem. Phys. 4: 4285 (2002)           
          Two-component HF and DFT with spin-orbit coupling:  
              Self-consistent treatment of spin-orbit         
              interactions with efficient Hartree-Fock and    
              density functional methods                      
              M. K. Armbruster, F. Weigend, C. van Wüllen and 
              W. Klopper                                      
              Phys. Chem. Chem. Phys. 10: 1748 (2008)         
          Two-component difference density and DIIS algorithm 
              Efficient two-component self-consistent field   
              procedures and gradients: implementation in     
              TURBOMOLE and application to Au20-              
              A. Baldes, F. Weigend                           
              Mol. Phys. 111: 2617 (2013)                     
          Relativistic all-electron 2c calculations           
              An efficient implementation of two-component    
              relativistic exact-decoupling methods for large 
              molecules                                       
              D. Peng, N. Middendorf, F. Weigend, M. Reiher   
              J. Chem. Phys. 138: 184105 (2013)               
          Finite nucleus model and SNSO approximation         
              Efficient implementation of one- and two-       
              component analytical energy gradients in exact  
              two-component theory                            
              Y. J. Franzke, N. Middendorf, F. Weigend        
              J. Chem. Phys. 148: 104110 (2018)               
          Grids for all-electron relativistic methods         
              Error-consistent segmented contracted all-      
              electron relativistic basis sets of double-     
              and triple-zeta quality for NMR shielding       
              constants                                       
              Y. J. Franzke, R. Tress, T. M. Pazdera,         
              F. Weigend                                      
              Phys. Chem. Chem. Phys. 21: 166658 (2019)       
          Seminumerical exchange algorithms                   
              Seminumerical calculation of the Hartree-Fock   
              exchange matirx: Application to two-component   
              procedures and efficient evaluation of local    
              hybrid functionsl                               
              P. Plessow, F. Weigend,                         
              J. Comput. Chem. 33: 810 (2012)                 
          Improved seminumerical algorithms                   
              C. Holzer, in preparation (2020)                
                                         




              +--------------------------------------------------+
              |      general information about current run       |
              +--------------------------------------------------+

 

 DENSITY CONVERGENCE CHECK SWITCHED ON !
 SCF CONVERGENCE IF RMS(delta[D]) <     0.1000000000E-06

 PBE functional
 exchange:    LDA + PBE
 correlation: LDA (PW) + PBE
 A DFT calculation using the RI-J approximation will be carried out.
 Allocatable memory for RI due to $ricore (MB):                  5000


              +--------------------------------------------------+
              | Atomic coordinate, charge and isotop information |
              +--------------------------------------------------+

                    atomic coordinates            atom    charge  isotop
         -0.15536954   -0.11632916   -0.20183878    c      0.000     0
          3.59279599    0.75440253    1.00569101    i      0.000     0
         -0.47247369   -2.60384555   -0.40451017    f      0.000     0
         -1.84792702    0.75718734    1.43943398    f      0.000     0
         -0.63343120    0.91723967   -2.44490687    f      0.000     0
          9.08817343    1.58175870    2.20996205    o      8.000     0
         10.50034028    0.44433106    0.80876398    c      6.000     0
         12.56305893    0.56003370    1.01420267    h      1.000     0
          9.78322879   -0.75397152   -0.73041289    h      1.000     0
 
       center of nuclear mass  :    3.06283299    0.47416180    0.63634057
       center of nuclear charge:    9.87835730    0.94538238    1.42600438

              +--------------------------------------------------+
              |               basis set information              |
              +--------------------------------------------------+

              we will work with the 1s 3p 5d 7f 9g ... basis set
              ...i.e. with spherical basis functions...

   type   atoms  prim   cont   basis
   ---------------------------------------------------------------------------
    c        2     77     55   cc-pVQZ   [5s4p3d2f1g|21s6p3d2f1g]
    i        1    161     67   cc-pVQZ-PP   [6s6p4d2f1g|24s18p12d2f1g]
    f        3     77     55   cc-pVQZ   [5s4p3d2f1g|21s6p3d2f1g]
    o        1     77     55   cc-pVQZ   [5s4p3d2f1g|21s6p3d2f1g]
    h        2     32     30   cc-pVQZ   [4s3p2d1f|6s3p2d1f]
   ---------------------------------------------------------------------------
   total:    9    687    457
   ---------------------------------------------------------------------------

   total number of primitive shells          :  168
   total number of contracted shells         :  129
   total number of cartesian basis functions :  573
   total number of SCF-basis functions       :  457


 integral neglect threshold       :  0.58E-11
 integral storage threshold THIZE :  0.10E-04
 integral storage threshold THIME :         5

 RI-J AUXILIARY BASIS SET information:

              we will work with the 1s 3p 5d 7f 9g ... basis set
              ...i.e. with spherical basis functions...

   type   atoms  prim   cont   basis
   ---------------------------------------------------------------------------
    c        2     70     49   cc-pVQZ   [6s4p3d1f1g|12s5p4d2f1g]
    i        1     81     58   universal-ecp-2   [8s4p3d2f1g|11s5p5d3f1g]
    f        3     70     49   cc-pVQZ   [6s4p3d1f1g|12s5p4d2f1g]
    o        1     70     49   cc-pVQZ   [6s4p3d1f1g|12s5p4d2f1g]
    h        2     16     11   cc-pVQZ   [3s1p1d|5s2p1d]
   ---------------------------------------------------------------------------
   total:    9    533    374
   ---------------------------------------------------------------------------

   total number of primitive shells          :  105
   total number of contracted shells         :  118
   total number of cartesian basis functions :  463
   total number of SCF-basis functions       :  374


 symmetry group of the molecule :   c1 

 the group has the following generators :
   c1(z)

    1 symmetry operations found

 there are 1 real representations :   a   

 maximum number of shells which are related by symmetry :  1

  
           ------------------
           density functional
           ------------------
 Dummy atoms with grid-point found.
 DFT quadrature threshold dgrenze tightened by factor 1/10.

 PBE functional
 exchange:    LDA + PBE
 correlation: LDA (PW) + PBE
 Dummy atoms with grid-point found.
 DFT quadrature threshold dgrenze tightened by factor 1/10.

 Dummy atoms with grid-point found.
 DFT quadrature threshold dgrenze tightened by factor 1/10.


 spherical integration : Lebedev's spherical grid
 spherical gridsize    :                     5
    i.e. gridpoints    :                   590
 value for diffuse not defined
 radial integration    : Chebyshev 2nd kind (scaling 3)
 radial gridsize       :                     8
 integration cells     :                     9
 partition function    : becke
 partition sharpness   :                     3
  
 found dummy atom(s) with basis: included in dft

 biggest AO integral is expected to be     5.406832293

          ------------------------
          nuclear repulsion energy  :   31.1983314531    
          ------------------------


         -----------------
         -S,T+V- integrals
         -----------------

 1e-integrals will be neglected if expon. factor < 0.583239E-12
 
   Difference densities algorithm switched on.
   The maximal number of linear combinations of
   difference densities is                    20 .

 DIIS switched on: error vector is FDS-SDF
 Max. Iterations for DIIS is     :   4
 DIIS matrix (see manual) 
    Scaling factor of diagonals  :  1.200
    threshold for scaling factor :  0.000

 scf convergence criterion : increment of total energy < .1000000D-06
                  and increment of one-electron energy < .1000000D-03

 MOs are in ASCII format !


    mo occupation :
   irrep   mo's   occupied
    a      457        8
 
 number of basis functions   :   457
 number of occupied orbitals :     8
 

 reading orbital data $scfmo  from file mos
 orbital characterization : expanded
 virtual MOs provided and orthogonalized by Cholesky decomposition

 automatic virtual orbital shift switched on 
      shift if e(lumo)-e(homo) < 0.10000000    

  
           ------------------------
               RI-J - INFORMATION
           ------------------------
 Contributions to RI integral batches: 
  neglected integral batches:                  2603
  direct contribution:                            0
  memory contribution:                  5782
 Memory core needed for (P|Q) and Cholesky      2 MByte
 Memory core minimum needed except of (P|Q)     1 MByte
 Total minimum memory core needed (sum)         2 MByte
  
 ****************************************
 Memory allocated for RI-J   394 MByte
 ****************************************
                                            

 DSCF restart information will be dumped onto file mos


 Starting SCF iterations

          Overall gridpoints after grid construction =        166492

 ITERATION  ENERGY          1e-ENERGY        2e-ENERGY     RMS[dD(SAO)]   TOL
   1  -113.79487606828    -216.23858770     71.245380182    0.000D+00 0.582D-11
                            Exc = -14.5161458685     Coul =  85.7615260504    
                              N = 15.999999997    
                            current damping = 0.300
 
          max. resid. norm for Fia-block=  4.398D-01 for orbital      7a         
          max. resid. fock norm         =  5.156D+01 for orbital    438a         

 ITERATION  ENERGY          1e-ENERGY        2e-ENERGY     RMS[dD(SAO)]   TOL
   2  -114.28133835271    -216.40203297     70.922363166    0.282D-02 0.391D-11
                            Exc = -14.4267362244     Coul =  85.3490993899    
                              N = 16.000000102    
                            current damping = 0.250
 
          Norm of current diis error:  2.4655    
          max. resid. norm for Fia-block=  1.491D-01 for orbital      3a         
          max. resid. fock norm         =  3.585D-01 for orbital    199a         

 ITERATION  ENERGY          1e-ENERGY        2e-ENERGY     RMS[dD(SAO)]   TOL
   3  -114.41105706620    -218.14786424     72.538475719    0.128D-02 0.325D-11
                            Exc = -14.6729729856     Coul =  87.2114487049    
                              N = 16.000000075    
                            current damping = 0.200
 
          Norm of current diis error: 0.69615    
          max. resid. norm for Fia-block=  5.046D-02 for orbital      8a         
          max. resid. fock norm         =  5.152D-02 for orbital      8a         

 ITERATION  ENERGY          1e-ENERGY        2e-ENERGY     RMS[dD(SAO)]   TOL
   4  -114.41728434498    -216.66663981     71.051024007    0.102D-02 0.279D-11
                            Exc = -14.4902046464     Coul =  85.5412286537    
                              N = 16.000000100    
                            current damping = 0.250
 
          Norm of current diis error: 0.52344    
          max. resid. norm for Fia-block=  1.724D-02 for orbital      8a         
          max. resid. fock norm         =  2.991D-02 for orbital    344a         

 ITERATION  ENERGY          1e-ENERGY        2e-ENERGY     RMS[dD(SAO)]   TOL
   5  -114.42481918354    -217.32829819     71.705147558    0.273D-03 0.272D-11
                            Exc = -14.5668919651     Coul =  86.2720395234    
                              N = 16.000000093    
                            current damping = 0.300
 
          Norm of current diis error: 0.37552E-01
          max. resid. norm for Fia-block=  1.994D-03 for orbital      3a         
          max. resid. fock norm         =  2.405D-03 for orbital    208a         
          mo-orthogonalization: Cholesky decomposition

 ITERATION  ENERGY          1e-ENERGY        2e-ENERGY     RMS[dD(SAO)]   TOL
   6  -114.42485182402    -217.31931626     71.696132983    0.307D-04 0.261D-11
                            Exc = -14.5669151988     Coul =  86.2630481820    
                              N = 16.000000093    
                            current damping = 0.350
 
          Norm of current diis error: 0.87378E-02
          max. resid. norm for Fia-block=  4.372D-04 for orbital      6a         
          max. resid. fock norm         =  6.566D-04 for orbital    342a         

 ITERATION  ENERGY          1e-ENERGY        2e-ENERGY     RMS[dD(SAO)]   TOL
   7  -114.42485413733    -217.33170944     71.708523847    0.424D-05 0.250D-11
                            Exc = -14.5684713004     Coul =  86.2769951470    
                              N = 16.000000093    
                            current damping = 0.400
 
          Norm of current diis error: 0.77963E-03
          max. resid. norm for Fia-block=  5.082D-05 for orbital      4a         
          max. resid. fock norm         =  2.414D-04 for orbital    329a         

 ENERGY & DENSITY CONVERGED !


 ITERATION  ENERGY          1e-ENERGY        2e-ENERGY     RMS[dD(SAO)]   TOL
   8  -114.42485415654    -217.33168176     71.708496152    0.133D-05 0.242D-11
                            Exc = -14.5684582293     Coul =  86.2769543810    
                              N = 16.000000093    
                            current damping = 0.450
 
          Norm of current diis error: 0.16258E-03
          max. resid. norm for Fia-block=  1.383D-05 for orbital      3a         
          max. resid. fock norm         =  6.878D-05 for orbital    329a         

 End of SCF iterations

   convergence criteria satisfied after     8 iterations


                  ------------------------------------------ 
                 |  total energy      =   -114.42485415654  |
                  ------------------------------------------ 
                 :  kinetic energy    =    114.00313077481  :
                 :  potential energy  =   -228.42798493136  :
                 :  virial theorem    =      1.99631440752  :
                 :  wavefunction norm =      1.00000000000  :
                  .......................................... 


 <geterg> : there is no data group $energy 


 <skperg> : $end is missing 


 orbitals $scfmo  will be written to file mos

    irrep                  4a          5a          6a          7a          8a   
 eigenvalues H         -0.58049    -0.44801    -0.40192    -0.36790    -0.22882
            eV         -15.7961    -12.1912    -10.9369    -10.0111     -6.2267
 occupation              2.0000      2.0000      2.0000      2.0000      2.0000

    irrep                  9a         10a         11a         12a         13a   
 eigenvalues H         -0.09784     0.01538     0.05183     0.07454     0.09241
            eV          -2.6625      0.4184      1.4105      2.0283      2.5145
 
 
 
 
 ==============================================================================
                           electrostatic moments
 ==============================================================================

 reference point for electrostatic moments:    0.00000   0.00000   0.00000

 
              nuc           elec       ->  total
 ------------------------------------------------------------------------------
                          charge      
 ------------------------------------------------------------------------------
          16.000000     -16.000000      -0.000000
 
 ------------------------------------------------------------------------------
                       dipole moment  
 ------------------------------------------------------------------------------
   x     158.053717    -157.497384       0.556333
   y      15.126118     -15.560173      -0.434055
   z      22.816070     -23.350289      -0.534219
 
   | dipole moment | =     0.8850 a.u. =     2.2496 debye 
 
 ------------------------------------------------------------------------------
                     quadrupole moment
 ------------------------------------------------------------------------------
  xx    1575.844062   -1573.774198       2.069864
  yy      22.082376     -31.729734      -9.647358
  zz      44.558163     -54.962952     -10.404789
  xy     142.655604    -146.270904      -3.615300
  xz     217.225621    -221.529616      -4.303995
  yz      31.239866     -32.495505      -1.255639
 
     1/3  trace=      -5.994094
     anisotropy=      15.692551
 
 ==============================================================================
 
HOMO-LUMO Separation
 HOMO         :   -0.22882480 H =     -6.22664 eV
 LUMO         :   -0.09784328 H =     -2.66245 eV
 HOMO-LUMO gap:    0.13098152 H =     +3.56419 eV
 
 ==============================================================================


    ------------------------------------------------------------------------
         total  cpu-time :  4 minutes and 10 seconds
         total wall-time :  23.23 seconds
    ------------------------------------------------------------------------

   ****  ridft : all done  ****


    2020-07-20 03:14:48.240 

