
 ridft (riogrande) : TURBOMOLE rev. V7.4.1 (b987a8a8) compiled 15 Oct 2019 at 12:03:25
 Copyright (C) 2019 TURBOMOLE GmbH, Karlsruhe


    2020-07-17 18:04:04.947 



                                  r i d f t

                        DFT program with RI approximation 
                                for coulomb part 




                                                 
                                 References:     
                                                 
          TURBOMOLE:                             
              R. Ahlrichs, M. Baer, M. Haeser, H. Horn, and
              C. Koelmel
              Electronic structure calculations on workstation
              computers: the program system TURBOMOLE
              Chem. Phys. Lett. 162: 165 (1989)
          Density Functional:                              
              O. Treutler and R. Ahlrichs                      
              Efficient Molecular Numerical Integration Schemes
              J. Chem. Phys. 102: 346 (1995)                   
          Parallel Version:                                
              Performance of parallel TURBOMOLE for Density    
              Functional Calculations                          
              M. v. Arnim and R. Ahlrichs                      
              J. Comp. Chem. 19: 1746 (1998)                   
          RI-J Method:                                     
              Auxiliary Basis Sets to approximate Coulomb      
              Potentials                                       
              Chem. Phys. Lett. 240: 283 (1995)                
              K. Eichkorn, O. Treutler, H. Oehm, M. Haeser     
              and R. Ahlrichs                                  
              Chem. Phys. Lett. 242: 652 (1995)                
                                                           
              Auxiliary Basis Sets for Main Row Atoms and their
              Use to approximate Coulomb Potentials            
              K. Eichkorn, F. Weigend, O. Treutler and         
              R. Ahlrichs                                      
              Theo. Chem. Acc. 97: 119 (1997)                   
                                                           
              Accurate Coulomb-fitting basis sets for H to Rn 
              F. Weigend                                        
              Phys. Chem. Chem. Phys. 8: 1057 (2006)            
                                                           
          Multipole accelerated RI-J (MARI-J):             
              Fast evaluation of the Coulomb potential for     
              electron densities using multipole accelerated   
              resolution of identity approximation             
              M. Sierka, A. Hogekamp and R. Ahlrichs           
              J. Chem. Phys. 118: 9136 (2003)                  
          RI-JK Method:                                     
              A fully direct RI-HF algorithm: Implementation,
              optimised auxiliary basis sets, demonstration of
              accuracy and efficiency                         
              F. Weigend                                      
              Phys. Chem. Chem. Phys. 4: 4285 (2002)           
          Two-component HF and DFT with spin-orbit coupling:  
              Self-consistent treatment of spin-orbit         
              interactions with efficient Hartree-Fock and    
              density functional methods                      
              M. K. Armbruster, F. Weigend, C. van Wüllen and 
              W. Klopper                                      
              Phys. Chem. Chem. Phys. 10: 1748 (2008)         
          Two-component difference density and DIIS algorithm 
              Efficient two-component self-consistent field   
              procedures and gradients: implementation in     
              TURBOMOLE and application to Au20-              
              A. Baldes, F. Weigend                           
              Mol. Phys. 111: 2617 (2013)                     
          Relativistic all-electron 2c calculations           
              An efficient implementation of two-component    
              relativistic exact-decoupling methods for large 
              molecules                                       
              D. Peng, N. Middendorf, F. Weigend, M. Reiher   
              J. Chem. Phys. 138: 184105 (2013)               
          Finite nucleus model and SNSO approximation         
              Efficient implementation of one- and two-       
              component analytical energy gradients in exact  
              two-component theory                            
              Y. J. Franzke, N. Middendorf, F. Weigend        
              J. Chem. Phys. 148: 104110 (2018)               
                                         




              +--------------------------------------------------+
              |      general information about current run       |
              +--------------------------------------------------+

 

 DENSITY CONVERGENCE CHECK SWITCHED ON !
 SCF CONVERGENCE IF RMS(delta[D]) <     0.1000000000E-06

 PBE functional
 exchange:    LDA + PBE
 correlation: LDA (PW) + PBE
 A DFT calculation using the RI-J approximation will be carried out.
 Allocatable memory for RI due to $ricore (MB):                   500


              +--------------------------------------------------+
              | Atomic coordinate, charge and isotop information |
              +--------------------------------------------------+

                    atomic coordinates            atom    charge  isotop
          0.09629604    0.10424521   -0.06222091    c      6.000     0
         -1.93592170    0.13656892    0.22213007    h      1.000     0
          0.96064036   -1.20359052    1.26209139    h      1.000     0
          0.85172434    1.98489401    0.25561443    h      1.000     0
          0.51823099   -0.47638482   -1.98486114    h      1.000     0
         -2.31895861   -5.71744406   -1.11161471    br    35.000     0
         -3.94539075   -9.65591621   -1.81583524    br    35.000     0
 
       center of nuclear mass  :   -2.83760108   -6.97580774   -1.33584979
       center of nuclear charge:   -2.72849722   -6.71250813   -1.28848874

              +--------------------------------------------------+
              |               basis set information              |
              +--------------------------------------------------+

              we will work with the 1s 3p 5d 7f 9g ... basis set
              ...i.e. with spherical basis functions...

   type   atoms  prim   cont   basis
   ---------------------------------------------------------------------------
    c        1     77     57   def2-QZVP   [7s4p3d2f1g|15s8p3d2f1g]
    h        4     33     30   def2-QZVP   [4s3p2d1f|7s3p2d1f]
    br       2    157     75   def2-QZVP   [11s7p4d2f1g|24s20p10d2f1g]
   ---------------------------------------------------------------------------
   total:    7    523    327
   ---------------------------------------------------------------------------

   total number of primitive shells          :   99
   total number of contracted shells         :  107
   total number of cartesian basis functions :  394
   total number of SCF-basis functions       :  327


 integral neglect threshold       :  0.85E-11
 integral storage threshold THIZE :  0.10E-04
 integral storage threshold THIME :         5

 RI-J AUXILIARY BASIS SET information:

              we will work with the 1s 3p 5d 7f 9g ... basis set
              ...i.e. with spherical basis functions...

   type   atoms  prim   cont   basis
   ---------------------------------------------------------------------------
    c        1     70     49   def2-QZVP   [6s4p3d1f1g|12s5p4d2f1g]
    h        4     16     11   def2-QZVP   [3s1p1d|5s2p1d]
    br       2     89     58   def2-QZVP   [8s4p3d2f1g|19s5p5d3f1g]
   ---------------------------------------------------------------------------
   total:    7    312    209
   ---------------------------------------------------------------------------

   total number of primitive shells          :   65
   total number of contracted shells         :   71
   total number of cartesian basis functions :  255
   total number of SCF-basis functions       :  209


 symmetry group of the molecule :   c1 

 the group has the following generators :
   c1(z)

    1 symmetry operations found

 there are 1 real representations :   a   

 maximum number of shells which are related by symmetry :  1


    mo occupation :
   irrep   mo's   occupied
    a      327       40
 
 number of basis functions   :                    327
 number of occupied orbitals :                     40
 
  
           ------------------
           density functional
           ------------------
 PBE functional
 exchange:    LDA + PBE
 correlation: LDA (PW) + PBE

 spherical integration : Lebedev's spherical grid
 spherical gridsize    :                     5
    i.e. gridpoints    :                   590
 value for diffuse not defined
 radial integration    : Chebyshev 2nd kind (scaling 3)
 radial gridsize       :                     8
 integration cells     :                     7
 partition function    : becke
 partition sharpness   :                     3
  

 biggest AO integral is expected to be    23.942244026
  
           ------------------------
               RI-J - INFORMATION
           ------------------------
 Contributions to RI integral batches: 
  neglected integral batches:                  1509
  direct contribution:                            0
  memory contribution:                  4269
 Memory core needed for (P|Q) and Cholesky      1 MByte
 Memory core minimum needed except of (P|Q)     1 MByte
 Total minimum memory core needed (sum)         1 MByte
  
 ****************************************
 Memory allocated for RI-J   118 MByte
 ****************************************
                                            

          ------------------------
          nuclear repulsion energy  :   384.166037700    
          ------------------------


         -----------------
         -S,T+V- integrals
         -----------------

 1e-integrals will be neglected if expon. factor < 0.848214E-12
 
   Difference densities algorithm switched on.
   The maximal number of linear combinations of
   difference densities is                    20 .

 DIIS switched on: error vector is FDS-SDF
 Max. Iterations for DIIS is     :   4
 DIIS matrix (see manual) 
    Scaling factor of diagonals  :  1.200
    threshold for scaling factor :  0.000

 scf convergence criterion : increment of total energy < .1000000D-06
                  and increment of one-electron energy < .1000000D-03

  MOs are in ASCII format !


 automatic virtual orbital shift switched on 
      shift if e(lumo)-e(homo) < 0.10000000    


 reading orbital data $scfmo  from file mos
 orbital characterization : expanded
 mo provided and orthogonalized by Cholesky decomposition

 DSCF restart information will be dumped onto file mos


 Starting SCF iterations

          Overall gridpoints after grid construction =        120777

 ITERATION  ENERGY          1e-ENERGY        2e-ENERGY     RMS[dD(SAO)]   TOL
   1  -5187.7663550805    -7979.2159463     2407.2835536    0.000D+00 0.846D-11
                            Exc = -188.441548182     Coul =  2595.72510174    
                              N = 80.000001472    
                            current damping = 0.300
 
          max. resid. norm for Fia-block=  1.083D+00 for orbital     12a         
          max. resid. fock norm         =  6.460D+02 for orbital    307a         

 ITERATION  ENERGY          1e-ENERGY        2e-ENERGY     RMS[dD(SAO)]   TOL
   2  -5188.0830569260    -7984.2294150     2411.9803203    0.367D-02 0.540D-11
                            Exc = -188.690371151     Coul =  2600.67069150    
                              N = 80.000000713    
                            current damping = 0.250
 
          Norm of current diis error: 0.92323    
          max. resid. norm for Fia-block=  1.514D-01 for orbital      2a         
          max. resid. fock norm         =  1.543D-01 for orbital      2a         

 ITERATION  ENERGY          1e-ENERGY        2e-ENERGY     RMS[dD(SAO)]   TOL
   3  -5188.1070436010    -7982.0707350     2409.7976537    0.137D-02 0.437D-11
                            Exc = -188.583966072     Coul =  2598.38161981    
                              N = 80.000000600    
                            current damping = 0.200
 
          Norm of current diis error: 0.45280    
          max. resid. norm for Fia-block=  2.922D-02 for orbital      1a         
          max. resid. fock norm         =  2.995D-02 for orbital      1a         

 ITERATION  ENERGY          1e-ENERGY        2e-ENERGY     RMS[dD(SAO)]   TOL
   4  -5188.1127538789    -7983.3510208     2411.0722292    0.504D-03 0.391D-11
                            Exc = -188.669189005     Coul =  2599.74141821    
                              N = 80.000000552    
                            current damping = 0.250
 
          Norm of current diis error: 0.82219E-01
          max. resid. norm for Fia-block=  5.011D-03 for orbital      1a         
          max. resid. fock norm         =  6.701D-03 for orbital    212a         

 ITERATION  ENERGY          1e-ENERGY        2e-ENERGY     RMS[dD(SAO)]   TOL
   5  -5188.1128854558    -7983.2536355     2410.9747124    0.946D-04 0.371D-11
                            Exc = -188.654142185     Coul =  2599.62885456    
                              N = 80.000000549    
                            current damping = 0.300
 
          Norm of current diis error: 0.24884E-01
          max. resid. norm for Fia-block=  1.815D-03 for orbital     33a         
          max. resid. fock norm         =  2.734D-03 for orbital     33a         
          mo-orthogonalization: Cholesky decomposition

 ITERATION  ENERGY          1e-ENERGY        2e-ENERGY     RMS[dD(SAO)]   TOL
   6  -5188.1129157457    -7983.1436550     2410.8647016    0.444D-04 0.366D-11
                            Exc = -188.652724797     Coul =  2599.51742637    
                              N = 80.000000552    
                            current damping = 0.150
 
          Norm of current diis error: 0.11418E-01
          max. resid. norm for Fia-block=  7.607D-04 for orbital     33a         
          max. resid. fock norm         =  1.809D-03 for orbital    327a         

 ITERATION  ENERGY          1e-ENERGY        2e-ENERGY     RMS[dD(SAO)]   TOL
   7  -5188.1129221813    -7983.1949210     2410.9159611    0.208D-04 0.359D-11
                            Exc = -188.654916164     Coul =  2599.57087730    
                              N = 80.000000550    
                            current damping = 0.200
 
          Norm of current diis error: 0.58164E-02
          max. resid. norm for Fia-block=  4.452D-04 for orbital     33a         
          max. resid. fock norm         =  1.137D-03 for orbital    327a         

 ITERATION  ENERGY          1e-ENERGY        2e-ENERGY     RMS[dD(SAO)]   TOL
   8  -5188.1129248341    -7983.1976836     2410.9187211    0.112D-04 0.357D-11
                            Exc = -188.654550541     Coul =  2599.57327161    
                              N = 80.000000550    
                            current damping = 0.100
 
          Norm of current diis error: 0.21955E-02
          max. resid. norm for Fia-block=  1.304D-04 for orbital     33a         
          max. resid. fock norm         =  3.118D-04 for orbital    326a         
          irrep a   : virtual orbitals shifted by    0.00139

 ITERATION  ENERGY          1e-ENERGY        2e-ENERGY     RMS[dD(SAO)]   TOL
   9  -5188.1129252208    -7983.1826782     2410.9037153    0.363D-05 0.353D-11
                            Exc = -188.653877548     Coul =  2599.55759284    
                              N = 80.000000550    
                            current damping = 0.150
 
          Norm of current diis error: 0.74300E-03
          max. resid. norm for Fia-block=  3.764D-05 for orbital     27a         
          max. resid. fock norm         =  5.585D-05 for orbital    318a         

 ITERATION  ENERGY          1e-ENERGY        2e-ENERGY     RMS[dD(SAO)]   TOL
  10  -5188.1129252455    -7983.1899457     2410.9109828    0.692D-06 0.350D-11
                            Exc = -188.654286563     Coul =  2599.56526935    
                              N = 80.000000550    
                            current damping = 0.200
 
          Norm of current diis error: 0.22058E-03
          max. resid. norm for Fia-block=  8.056D-06 for orbital     36a         
          max. resid. fock norm         =  1.361D-05 for orbital    327a         
          mo-orthogonalization: Cholesky decomposition

 ITERATION  ENERGY          1e-ENERGY        2e-ENERGY     RMS[dD(SAO)]   TOL
  11  -5188.1129252468    -7983.1892168     2410.9102539    0.168D-06 0.345D-11
                            Exc = -188.654231768     Coul =  2599.56448562    
                              N = 80.000000550    
                            current damping = 0.250
 
          Norm of current diis error: 0.59706E-04
          max. resid. norm for Fia-block=  3.962D-06 for orbital     27a         
          max. resid. fock norm         =  8.182D-06 for orbital    320a         

 DENSITY CONVERGED !


 ITERATION  ENERGY          1e-ENERGY        2e-ENERGY     RMS[dD(SAO)]   TOL
  12  -5188.1129252469    -7983.1886244     2410.9096614    0.572D-07 0.340D-11
                            Exc = -188.654203679     Coul =  2599.56386511    
                              N = 80.000000550    
                            current damping = 0.100
 
          Norm of current diis error: 0.17611E-04
          max. resid. norm for Fia-block=  1.234D-06 for orbital     29a         
          max. resid. fock norm         =  2.654D-06 for orbital    320a         
          irrep a   : virtual orbitals shifted by    0.00139

 ENERGY & DENSITY CONVERGED !


 ITERATION  ENERGY          1e-ENERGY        2e-ENERGY     RMS[dD(SAO)]   TOL
  13  -5188.1129252469    -7983.1888361     2410.9098732    0.272D-07 0.339D-11
                            Exc = -188.654214521     Coul =  2599.56408769    
                              N = 80.000000550    
                            current damping = 0.150
 
          Norm of current diis error: 0.89556E-05
          max. resid. norm for Fia-block=  6.430D-07 for orbital     33a         
          max. resid. fock norm         =  1.674D-06 for orbital    327a         

 End of SCF iterations

   convergence criteria satisfied after    13 iterations


                  ------------------------------------------ 
                 |  total energy      =  -5188.11292524695  |
                  ------------------------------------------ 
                 :  kinetic energy    =   5179.71300276199  :
                 :  potential energy  = -10367.82592800894  :
                 :  virial theorem    =      1.99838092913  :
                 :  wavefunction norm =      1.00000000000  :
                  .......................................... 


 <geterg> : there is no data group $energy 


 <skperg> : $end is missing 


 orbitals $scfmo  will be written to file mos

    irrep                 36a         37a         38a         39a         40a   
 eigenvalues H         -0.35489    -0.32533    -0.32532    -0.24868    -0.24868
            eV          -9.6570     -8.8527     -8.8526     -6.7670     -6.7670
 occupation              2.0000      2.0000      2.0000      2.0000      2.0000

    irrep                 41a         42a         43a         44a         45a   
 eigenvalues H         -0.15904     0.01160     0.07212     0.07235     0.07538
            eV          -4.3277      0.3158      1.9625      1.9686      2.0512
 
 
 
 
 ==============================================================================
                           electrostatic moments
 ==============================================================================

 reference point for electrostatic moments:    0.00000   0.00000   0.00000

 
              nuc           elec       ->  total
 ------------------------------------------------------------------------------
                          charge      
 ------------------------------------------------------------------------------
          80.000000     -80.000000       0.000000
 
 ------------------------------------------------------------------------------
                       dipole moment  
 ------------------------------------------------------------------------------
   x    -218.279778     218.334364       0.054586
   y    -537.000651     537.132008       0.131358
   z    -103.079099     103.102849       0.023750
 
   | dipole moment | =     0.1442 a.u. =     0.3666 debye 
 
 ------------------------------------------------------------------------------
                     quadrupole moment
 ------------------------------------------------------------------------------
  xx     738.748962    -772.267531     -33.518569
  yy    4413.105187   -4445.017666     -31.912478
  zz     164.323528    -198.119444     -33.795916
  xy    1797.504086   -1796.697950       0.806136
  xz     340.904419    -340.765528       0.138891
  yz     836.045477    -835.710931       0.334546
 
     1/3  trace=     -33.075654
     anisotropy=       2.333472
 
 ==============================================================================
 
HOMO-LUMO Separation
 HOMO         :   -0.24867899 H =     -6.76690 eV
 LUMO         :   -0.15903702 H =     -4.32762 eV
 HOMO-LUMO gap:    0.08964197 H =     +2.43928 eV
 
 ==============================================================================


    ------------------------------------------------------------------------
         total  cpu-time :  24.76 seconds
         total wall-time :  24.76 seconds
    ------------------------------------------------------------------------

   ****  ridft : all done  ****


    2020-07-17 18:04:29.699 

