
 ridft (riogrande) : TURBOMOLE rev. V7.4.1 (b987a8a8) compiled 15 Oct 2019 at 12:03:25
 Copyright (C) 2019 TURBOMOLE GmbH, Karlsruhe


    2020-07-18 04:22:39.791 



                                  r i d f t

                        DFT program with RI approximation 
                                for coulomb part 




                                                 
                                 References:     
                                                 
          TURBOMOLE:                             
              R. Ahlrichs, M. Baer, M. Haeser, H. Horn, and
              C. Koelmel
              Electronic structure calculations on workstation
              computers: the program system TURBOMOLE
              Chem. Phys. Lett. 162: 165 (1989)
          Density Functional:                              
              O. Treutler and R. Ahlrichs                      
              Efficient Molecular Numerical Integration Schemes
              J. Chem. Phys. 102: 346 (1995)                   
          Parallel Version:                                
              Performance of parallel TURBOMOLE for Density    
              Functional Calculations                          
              M. v. Arnim and R. Ahlrichs                      
              J. Comp. Chem. 19: 1746 (1998)                   
          RI-J Method:                                     
              Auxiliary Basis Sets to approximate Coulomb      
              Potentials                                       
              Chem. Phys. Lett. 240: 283 (1995)                
              K. Eichkorn, O. Treutler, H. Oehm, M. Haeser     
              and R. Ahlrichs                                  
              Chem. Phys. Lett. 242: 652 (1995)                
                                                           
              Auxiliary Basis Sets for Main Row Atoms and their
              Use to approximate Coulomb Potentials            
              K. Eichkorn, F. Weigend, O. Treutler and         
              R. Ahlrichs                                      
              Theo. Chem. Acc. 97: 119 (1997)                   
                                                           
              Accurate Coulomb-fitting basis sets for H to Rn 
              F. Weigend                                        
              Phys. Chem. Chem. Phys. 8: 1057 (2006)            
                                                           
          Multipole accelerated RI-J (MARI-J):             
              Fast evaluation of the Coulomb potential for     
              electron densities using multipole accelerated   
              resolution of identity approximation             
              M. Sierka, A. Hogekamp and R. Ahlrichs           
              J. Chem. Phys. 118: 9136 (2003)                  
          RI-JK Method:                                     
              A fully direct RI-HF algorithm: Implementation,
              optimised auxiliary basis sets, demonstration of
              accuracy and efficiency                         
              F. Weigend                                      
              Phys. Chem. Chem. Phys. 4: 4285 (2002)           
          Two-component HF and DFT with spin-orbit coupling:  
              Self-consistent treatment of spin-orbit         
              interactions with efficient Hartree-Fock and    
              density functional methods                      
              M. K. Armbruster, F. Weigend, C. van Wüllen and 
              W. Klopper                                      
              Phys. Chem. Chem. Phys. 10: 1748 (2008)         
          Two-component difference density and DIIS algorithm 
              Efficient two-component self-consistent field   
              procedures and gradients: implementation in     
              TURBOMOLE and application to Au20-              
              A. Baldes, F. Weigend                           
              Mol. Phys. 111: 2617 (2013)                     
          Relativistic all-electron 2c calculations           
              An efficient implementation of two-component    
              relativistic exact-decoupling methods for large 
              molecules                                       
              D. Peng, N. Middendorf, F. Weigend, M. Reiher   
              J. Chem. Phys. 138: 184105 (2013)               
          Finite nucleus model and SNSO approximation         
              Efficient implementation of one- and two-       
              component analytical energy gradients in exact  
              two-component theory                            
              Y. J. Franzke, N. Middendorf, F. Weigend        
              J. Chem. Phys. 148: 104110 (2018)               
                                         




              +--------------------------------------------------+
              |      general information about current run       |
              +--------------------------------------------------+

 

 DENSITY CONVERGENCE CHECK SWITCHED ON !
 SCF CONVERGENCE IF RMS(delta[D]) <     0.1000000000E-06

 PBE functional
 exchange:    LDA + PBE
 correlation: LDA (PW) + PBE
 A DFT calculation using the RI-J approximation will be carried out.
 Allocatable memory for RI due to $ricore (MB):                   500


              +--------------------------------------------------+
              | Atomic coordinate, charge and isotop information |
              +--------------------------------------------------+

                    atomic coordinates            atom    charge  isotop
         -0.13554824   -0.20570696    0.49256133    f      9.000     0
         -0.00608206   -0.01997481    2.27293093    h      1.000     0
          0.09828793    0.08987989    5.43003855    n      7.000     0
          1.90262578    0.15148693    6.05833553    h      1.000     0
         -1.17884191   -2.16607419    6.42088963    c      6.000     0
         -3.11178096   -2.19234802    5.73016835    h      1.000     0
         -0.23584972   -3.83735220    5.69179462    h      1.000     0
         -1.21285710   -2.27353036    8.47846879    h      1.000     0
         -0.75038918    1.66892749    6.09360293    h      1.000     0
 
       center of nuclear mass  :   -0.36815128   -0.68973826    3.86056068
       center of nuclear charge:   -0.39354655   -0.74005141    4.11764146

              +--------------------------------------------------+
              |               basis set information              |
              +--------------------------------------------------+

              we will work with the 1s 3p 5d 7f 9g ... basis set
              ...i.e. with spherical basis functions...

   type   atoms  prim   cont   basis
   ---------------------------------------------------------------------------
    f        1     77     57   def2-QZVP   [7s4p3d2f1g|15s8p3d2f1g]
    h        6     33     30   def2-QZVP   [4s3p2d1f|7s3p2d1f]
    n        1     77     57   def2-QZVP   [7s4p3d2f1g|15s8p3d2f1g]
    c        1     77     57   def2-QZVP   [7s4p3d2f1g|15s8p3d2f1g]
   ---------------------------------------------------------------------------
   total:    9    429    351
   ---------------------------------------------------------------------------

   total number of primitive shells          :  100
   total number of contracted shells         :  111
   total number of cartesian basis functions :  426
   total number of SCF-basis functions       :  351


 integral neglect threshold       :  0.78E-11
 integral storage threshold THIZE :  0.10E-04
 integral storage threshold THIME :         5

 RI-J AUXILIARY BASIS SET information:

              we will work with the 1s 3p 5d 7f 9g ... basis set
              ...i.e. with spherical basis functions...

   type   atoms  prim   cont   basis
   ---------------------------------------------------------------------------
    f        1     70     49   def2-QZVP   [6s4p3d1f1g|12s5p4d2f1g]
    h        6     16     11   def2-QZVP   [3s1p1d|5s2p1d]
    n        1     70     49   def2-QZVP   [6s4p3d1f1g|12s5p4d2f1g]
    c        1     70     49   def2-QZVP   [6s4p3d1f1g|12s5p4d2f1g]
   ---------------------------------------------------------------------------
   total:    9    306    213
   ---------------------------------------------------------------------------

   total number of primitive shells          :   80
   total number of contracted shells         :   75
   total number of cartesian basis functions :  255
   total number of SCF-basis functions       :  213


 symmetry group of the molecule :   c1 

 the group has the following generators :
   c1(z)

    1 symmetry operations found

 there are 1 real representations :   a   

 maximum number of shells which are related by symmetry :  1


    mo occupation :
   irrep   mo's   occupied
    a      351       14
 
 number of basis functions   :                    351
 number of occupied orbitals :                     14
 
  
           ------------------
           density functional
           ------------------
 PBE functional
 exchange:    LDA + PBE
 correlation: LDA (PW) + PBE

 spherical integration : Lebedev's spherical grid
 spherical gridsize    :                     5
    i.e. gridpoints    :                   590
 value for diffuse not defined
 radial integration    : Chebyshev 2nd kind (scaling 3)
 radial gridsize       :                     8
 integration cells     :                     9
 partition function    : becke
 partition sharpness   :                     3
  

 biggest AO integral is expected to be     7.609020457
  
           ------------------------
               RI-J - INFORMATION
           ------------------------
 Contributions to RI integral batches: 
  neglected integral batches:                   539
  direct contribution:                            0
  memory contribution:                  5677
 Memory core needed for (P|Q) and Cholesky      1 MByte
 Memory core minimum needed except of (P|Q)     1 MByte
 Total minimum memory core needed (sum)         2 MByte
  
 ****************************************
 Memory allocated for RI-J   164 MByte
 ****************************************
                                            

          ------------------------
          nuclear repulsion energy  :   79.7254145897    
          ------------------------


         -----------------
         -S,T+V- integrals
         -----------------

 1e-integrals will be neglected if expon. factor < 0.784498E-12
 
   Difference densities algorithm switched on.
   The maximal number of linear combinations of
   difference densities is                    20 .

 DIIS switched on: error vector is FDS-SDF
 Max. Iterations for DIIS is     :   4
 DIIS matrix (see manual) 
    Scaling factor of diagonals  :  1.200
    threshold for scaling factor :  0.000

 scf convergence criterion : increment of total energy < .1000000D-06
                  and increment of one-electron energy < .1000000D-03

  MOs are in ASCII format !


 automatic virtual orbital shift switched on 
      shift if e(lumo)-e(homo) < 0.10000000    


 reading orbital data $scfmo  from file mos
 orbital characterization : expanded
 mo provided and orthogonalized by Cholesky decomposition

 DSCF restart information will be dumped onto file mos


 Starting SCF iterations

          Overall gridpoints after grid construction =        135320

 ITERATION  ENERGY          1e-ENERGY        2e-ENERGY     RMS[dD(SAO)]   TOL
   1  -195.63147509943    -426.81956868     151.46267899    0.000D+00 0.782D-11
                            Exc = -24.7928204268     Coul =  176.255499415    
                              N = 28.000000701    
                            current damping = 0.300
 
          max. resid. norm for Fia-block=  1.132D+00 for orbital      4a         
          max. resid. fock norm         =  7.007D+01 for orbital    314a         

 ITERATION  ENERGY          1e-ENERGY        2e-ENERGY     RMS[dD(SAO)]   TOL
   2  -196.13910580206    -426.34093722     150.47641683    0.472D-02 0.603D-11
                            Exc = -24.6570607185     Coul =  175.133477550    
                              N = 28.000000150    
                            current damping = 0.250
 
          Norm of current diis error:  1.4837    
          max. resid. norm for Fia-block=  1.176D-01 for orbital     14a         
          max. resid. fock norm         =  2.576D-01 for orbital    212a         

 ITERATION  ENERGY          1e-ENERGY        2e-ENERGY     RMS[dD(SAO)]   TOL
   3  -196.18118165340    -427.82120073     151.91460449    0.200D-02 0.438D-11
                            Exc = -24.9328442330     Coul =  176.847448720    
                              N = 28.000000067    
                            current damping = 0.200
 
          Norm of current diis error: 0.79041    
          max. resid. norm for Fia-block=  4.583D-02 for orbital     13a         
          max. resid. fock norm         =  4.585D-02 for orbital     13a         

 ITERATION  ENERGY          1e-ENERGY        2e-ENERGY     RMS[dD(SAO)]   TOL
   4  -196.19742686078    -426.71696000     150.79411855    0.103D-02 0.375D-11
                            Exc = -24.7661816355     Coul =  175.560300183    
                              N = 27.999999888    
                            current damping = 0.250
 
          Norm of current diis error: 0.27350    
          max. resid. norm for Fia-block=  1.643D-02 for orbital     13a         
          max. resid. fock norm         =  2.549D-02 for orbital    201a         

 ITERATION  ENERGY          1e-ENERGY        2e-ENERGY     RMS[dD(SAO)]   TOL
   5  -196.19930496318    -427.23643941     151.31171985    0.205D-03 0.360D-11
                            Exc = -24.8373987406     Coul =  176.149118593    
                              N = 27.999999905    
                            current damping = 0.300
 
          Norm of current diis error: 0.13118    
          max. resid. norm for Fia-block=  4.379D-03 for orbital      9a         
          max. resid. fock norm         =  5.463D-03 for orbital      6a         
          mo-orthogonalization: Cholesky decomposition

 ITERATION  ENERGY          1e-ENERGY        2e-ENERGY     RMS[dD(SAO)]   TOL
   6  -196.19967028583    -427.13395351     151.20886864    0.751D-04 0.350D-11
                            Exc = -24.8240920538     Coul =  176.032960693    
                              N = 27.999999904    
                            current damping = 0.350
 
          Norm of current diis error: 0.21670E-01
          max. resid. norm for Fia-block=  1.211D-03 for orbital     14a         
          max. resid. fock norm         =  1.434D-03 for orbital     14a         

 ITERATION  ENERGY          1e-ENERGY        2e-ENERGY     RMS[dD(SAO)]   TOL
   7  -196.19967514469    -427.09910609     151.17401635    0.183D-04 0.339D-11
                            Exc = -24.8209480749     Coul =  175.994964430    
                              N = 27.999999902    
                            current damping = 0.200
 
          Norm of current diis error: 0.14787E-01
          max. resid. norm for Fia-block=  4.253D-04 for orbital      7a         
          max. resid. fock norm         =  5.176D-04 for orbital    170a         

 ITERATION  ENERGY          1e-ENERGY        2e-ENERGY     RMS[dD(SAO)]   TOL
   8  -196.19967932002    -427.11770910     151.19261519    0.687D-05 0.336D-11
                            Exc = -24.8227338423     Coul =  176.015349032    
                              N = 27.999999902    
                            current damping = 0.250
 
          Norm of current diis error: 0.16091E-02
          max. resid. norm for Fia-block=  6.889D-05 for orbital     12a         
          max. resid. fock norm         =  1.181D-04 for orbital    177a         

 ITERATION  ENERGY          1e-ENERGY        2e-ENERGY     RMS[dD(SAO)]   TOL
   9  -196.19967936020    -427.11791909     151.19282514    0.123D-05 0.327D-11
                            Exc = -24.8228023189     Coul =  176.015627461    
                              N = 27.999999902    
                            current damping = 0.100
 
          Norm of current diis error: 0.57264E-03
          max. resid. norm for Fia-block=  5.193D-05 for orbital     12a         
          max. resid. fock norm         =  5.724D-05 for orbital    201a         

 ITERATION  ENERGY          1e-ENERGY        2e-ENERGY     RMS[dD(SAO)]   TOL
  10  -196.19967936060    -427.11642722     151.19133327    0.794D-06 0.318D-11
                            Exc = -24.8225836465     Coul =  176.013916913    
                              N = 27.999999902    
                            current damping = 0.150
 
          Norm of current diis error: 0.55789E-03
          max. resid. norm for Fia-block=  2.503D-05 for orbital     13a         
          max. resid. fock norm         =  2.958D-05 for orbital    201a         
          mo-orthogonalization: Cholesky decomposition

 ITERATION  ENERGY          1e-ENERGY        2e-ENERGY     RMS[dD(SAO)]   TOL
  11  -196.19967937011    -427.11725916     151.19216520    0.376D-06 0.312D-11
                            Exc = -24.8226992280     Coul =  176.014864428    
                              N = 27.999999902    
                            current damping = 0.200
 
          Norm of current diis error: 0.29452E-04
          max. resid. norm for Fia-block=  1.266D-06 for orbital     11a         
          max. resid. fock norm         =  1.619D-06 for orbital     10a         

 ENERGY & DENSITY CONVERGED !


 ITERATION  ENERGY          1e-ENERGY        2e-ENERGY     RMS[dD(SAO)]   TOL
  12  -196.19967937014    -427.11728430     151.19219034    0.275D-07 0.307D-11
                            Exc = -24.8227031093     Coul =  176.014893446    
                              N = 27.999999902    
                            current damping = 0.100
 
          Norm of current diis error: 0.12964E-04
          max. resid. norm for Fia-block=  4.627D-07 for orbital     11a         
          max. resid. fock norm         =  5.995D-07 for orbital     10a         

 End of SCF iterations

   convergence criteria satisfied after    12 iterations


                  ------------------------------------------ 
                 |  total energy      =   -196.19967937014  |
                  ------------------------------------------ 
                 :  kinetic energy    =    195.53461219678  :
                 :  potential energy  =   -391.73429156693  :
                 :  virial theorem    =      1.99661025352  :
                 :  wavefunction norm =      1.00000000000  :
                  .......................................... 


 <geterg> : there is no data group $energy 


 <skperg> : $end is missing 


 orbitals $scfmo  will be written to file mos

    irrep                 10a         11a         12a         13a         14a   
 eigenvalues H         -0.38342    -0.35237    -0.28886    -0.28883    -0.24991
            eV         -10.4335     -9.5885     -7.8602     -7.8596     -6.8004
 occupation              2.0000      2.0000      2.0000      2.0000      2.0000

    irrep                 15a         16a         17a         18a         19a   
 eigenvalues H         -0.02026     0.01903     0.03283     0.05415     0.07275
            eV          -0.5513      0.5178      0.8932      1.4735      1.9798
 
 
 
 
 ==============================================================================
                           electrostatic moments
 ==============================================================================

 reference point for electrostatic moments:    0.00000   0.00000   0.00000

 
              nuc           elec       ->  total
 ------------------------------------------------------------------------------
                          charge      
 ------------------------------------------------------------------------------
          28.000000     -28.000000      -0.000000
 
 ------------------------------------------------------------------------------
                       dipole moment  
 ------------------------------------------------------------------------------
   x     -11.019303      11.073662       0.054358
   y     -20.721440      20.775665       0.054225
   z     115.293961    -113.519808       1.774152
 
   | dipole moment | =     1.7758 a.u. =     4.5137 debye 
 
 ------------------------------------------------------------------------------
                     quadrupole moment
 ------------------------------------------------------------------------------
  xx      23.963927     -37.609819     -13.645892
  yy      56.097920     -69.769871     -13.671951
  zz     672.065152    -676.039047      -3.973894
  xy      25.154154     -25.175248      -0.021094
  xz     -64.796485      64.950286       0.153802
  yz    -123.582152     123.704716       0.122564
 
     1/3  trace=     -10.430579
     anisotropy=       9.691111
 
 ==============================================================================
 
HOMO-LUMO Separation
 HOMO         :   -0.24990943 H =     -6.80039 eV
 LUMO         :   -0.02025966 H =     -0.55129 eV
 HOMO-LUMO gap:    0.22964977 H =     +6.24909 eV
 
 ==============================================================================


    ------------------------------------------------------------------------
         total  cpu-time :  37.68 seconds
         total wall-time :  37.69 seconds
    ------------------------------------------------------------------------

   ****  ridft : all done  ****


    2020-07-18 04:23:17.469 

