
 ridft (riogrande) : TURBOMOLE rev. V7.4.1 (b987a8a8) compiled 15 Oct 2019 at 12:03:25
 Copyright (C) 2019 TURBOMOLE GmbH, Karlsruhe


    2020-07-18 04:24:16.765 



                                  r i d f t

                        DFT program with RI approximation 
                                for coulomb part 




                                                 
                                 References:     
                                                 
          TURBOMOLE:                             
              R. Ahlrichs, M. Baer, M. Haeser, H. Horn, and
              C. Koelmel
              Electronic structure calculations on workstation
              computers: the program system TURBOMOLE
              Chem. Phys. Lett. 162: 165 (1989)
          Density Functional:                              
              O. Treutler and R. Ahlrichs                      
              Efficient Molecular Numerical Integration Schemes
              J. Chem. Phys. 102: 346 (1995)                   
          Parallel Version:                                
              Performance of parallel TURBOMOLE for Density    
              Functional Calculations                          
              M. v. Arnim and R. Ahlrichs                      
              J. Comp. Chem. 19: 1746 (1998)                   
          RI-J Method:                                     
              Auxiliary Basis Sets to approximate Coulomb      
              Potentials                                       
              Chem. Phys. Lett. 240: 283 (1995)                
              K. Eichkorn, O. Treutler, H. Oehm, M. Haeser     
              and R. Ahlrichs                                  
              Chem. Phys. Lett. 242: 652 (1995)                
                                                           
              Auxiliary Basis Sets for Main Row Atoms and their
              Use to approximate Coulomb Potentials            
              K. Eichkorn, F. Weigend, O. Treutler and         
              R. Ahlrichs                                      
              Theo. Chem. Acc. 97: 119 (1997)                   
                                                           
              Accurate Coulomb-fitting basis sets for H to Rn 
              F. Weigend                                        
              Phys. Chem. Chem. Phys. 8: 1057 (2006)            
                                                           
          Multipole accelerated RI-J (MARI-J):             
              Fast evaluation of the Coulomb potential for     
              electron densities using multipole accelerated   
              resolution of identity approximation             
              M. Sierka, A. Hogekamp and R. Ahlrichs           
              J. Chem. Phys. 118: 9136 (2003)                  
          RI-JK Method:                                     
              A fully direct RI-HF algorithm: Implementation,
              optimised auxiliary basis sets, demonstration of
              accuracy and efficiency                         
              F. Weigend                                      
              Phys. Chem. Chem. Phys. 4: 4285 (2002)           
          Two-component HF and DFT with spin-orbit coupling:  
              Self-consistent treatment of spin-orbit         
              interactions with efficient Hartree-Fock and    
              density functional methods                      
              M. K. Armbruster, F. Weigend, C. van Wüllen and 
              W. Klopper                                      
              Phys. Chem. Chem. Phys. 10: 1748 (2008)         
          Two-component difference density and DIIS algorithm 
              Efficient two-component self-consistent field   
              procedures and gradients: implementation in     
              TURBOMOLE and application to Au20-              
              A. Baldes, F. Weigend                           
              Mol. Phys. 111: 2617 (2013)                     
          Relativistic all-electron 2c calculations           
              An efficient implementation of two-component    
              relativistic exact-decoupling methods for large 
              molecules                                       
              D. Peng, N. Middendorf, F. Weigend, M. Reiher   
              J. Chem. Phys. 138: 184105 (2013)               
          Finite nucleus model and SNSO approximation         
              Efficient implementation of one- and two-       
              component analytical energy gradients in exact  
              two-component theory                            
              Y. J. Franzke, N. Middendorf, F. Weigend        
              J. Chem. Phys. 148: 104110 (2018)               
                                         




              +--------------------------------------------------+
              |      general information about current run       |
              +--------------------------------------------------+

 

 DENSITY CONVERGENCE CHECK SWITCHED ON !
 SCF CONVERGENCE IF RMS(delta[D]) <     0.1000000000E-06

 PBE functional
 exchange:    LDA + PBE
 correlation: LDA (PW) + PBE
 A DFT calculation using the RI-J approximation will be carried out.
 Allocatable memory for RI due to $ricore (MB):                   500


              +--------------------------------------------------+
              | Atomic coordinate, charge and isotop information |
              +--------------------------------------------------+

                    atomic coordinates            atom    charge  isotop
         -0.13554824   -0.20570696    0.49256133    f      9.000     0
         -0.00608206   -0.01997481    2.27293093    h      1.000     0
          0.09828793    0.08987989    5.43003855    n      7.000     0
          1.90262578    0.15148693    6.05833553    h      1.000     0
         -1.17884191   -2.16607419    6.42088963    c      6.000     0
         -3.11178096   -2.19234802    5.73016835    h      1.000     0
         -0.23584972   -3.83735220    5.69179462    h      1.000     0
         -1.21285710   -2.27353036    8.47846879    h      1.000     0
         -0.75038918    1.66892749    6.09360293    h      1.000     0
 
       center of nuclear mass  :   -0.36815128   -0.68973826    3.86056068
       center of nuclear charge:   -0.39354655   -0.74005141    4.11764146

              +--------------------------------------------------+
              |               basis set information              |
              +--------------------------------------------------+

              we will work with the 1s 3p 5d 7f 9g ... basis set
              ...i.e. with spherical basis functions...

   type   atoms  prim   cont   basis
   ---------------------------------------------------------------------------
    f        1     77     55   cc-pVQZ   [5s4p3d2f1g|21s6p3d2f1g]
    h        6     32     30   cc-pVQZ   [4s3p2d1f|6s3p2d1f]
    n        1     77     55   cc-pVQZ   [5s4p3d2f1g|21s6p3d2f1g]
    c        1     77     55   cc-pVQZ   [5s4p3d2f1g|21s6p3d2f1g]
   ---------------------------------------------------------------------------
   total:    9    423    345
   ---------------------------------------------------------------------------

   total number of primitive shells          :  111
   total number of contracted shells         :  105
   total number of cartesian basis functions :  420
   total number of SCF-basis functions       :  345


 integral neglect threshold       :  0.79E-11
 integral storage threshold THIZE :  0.10E-04
 integral storage threshold THIME :         5

 RI-J AUXILIARY BASIS SET information:

              we will work with the 1s 3p 5d 7f 9g ... basis set
              ...i.e. with spherical basis functions...

   type   atoms  prim   cont   basis
   ---------------------------------------------------------------------------
    f        1     70     49   cc-pVQZ   [6s4p3d1f1g|12s5p4d2f1g]
    h        6     16     11   cc-pVQZ   [3s1p1d|5s2p1d]
    n        1     70     49   cc-pVQZ   [6s4p3d1f1g|12s5p4d2f1g]
    c        1     70     49   cc-pVQZ   [6s4p3d1f1g|12s5p4d2f1g]
   ---------------------------------------------------------------------------
   total:    9    306    213
   ---------------------------------------------------------------------------

   total number of primitive shells          :   80
   total number of contracted shells         :   75
   total number of cartesian basis functions :  255
   total number of SCF-basis functions       :  213


 symmetry group of the molecule :   c1 

 the group has the following generators :
   c1(z)

    1 symmetry operations found

 there are 1 real representations :   a   

 maximum number of shells which are related by symmetry :  1


    mo occupation :
   irrep   mo's   occupied
    a      345       14
 
 number of basis functions   :                    345
 number of occupied orbitals :                     14
 
  
           ------------------
           density functional
           ------------------
 PBE functional
 exchange:    LDA + PBE
 correlation: LDA (PW) + PBE

 spherical integration : Lebedev's spherical grid
 spherical gridsize    :                     5
    i.e. gridpoints    :                   590
 value for diffuse not defined
 radial integration    : Chebyshev 2nd kind (scaling 3)
 radial gridsize       :                     8
 integration cells     :                     9
 partition function    : becke
 partition sharpness   :                     3
  

 biggest AO integral is expected to be     5.406832293
  
           ------------------------
               RI-J - INFORMATION
           ------------------------
 Contributions to RI integral batches: 
  neglected integral batches:                   450
  direct contribution:                            0
  memory contribution:                  5115
 Memory core needed for (P|Q) and Cholesky      1 MByte
 Memory core minimum needed except of (P|Q)     1 MByte
 Total minimum memory core needed (sum)         2 MByte
  
 ****************************************
 Memory allocated for RI-J   159 MByte
 ****************************************
                                            

          ------------------------
          nuclear repulsion energy  :   79.7254145897    
          ------------------------


         -----------------
         -S,T+V- integrals
         -----------------

 1e-integrals will be neglected if expon. factor < 0.795705E-12
 
   Difference densities algorithm switched on.
   The maximal number of linear combinations of
   difference densities is                    20 .

 DIIS switched on: error vector is FDS-SDF
 Max. Iterations for DIIS is     :   4
 DIIS matrix (see manual) 
    Scaling factor of diagonals  :  1.200
    threshold for scaling factor :  0.000

 scf convergence criterion : increment of total energy < .1000000D-06
                  and increment of one-electron energy < .1000000D-03

  MOs are in ASCII format !


 automatic virtual orbital shift switched on 
      shift if e(lumo)-e(homo) < 0.10000000    


 reading orbital data $scfmo  from file mos
 orbital characterization : expanded
 mo provided and orthogonalized by Cholesky decomposition

 DSCF restart information will be dumped onto file mos


 Starting SCF iterations

          Overall gridpoints after grid construction =        135320

 ITERATION  ENERGY          1e-ENERGY        2e-ENERGY     RMS[dD(SAO)]   TOL
   1  -195.64168995870    -426.81897846     151.45187391    0.000D+00 0.794D-11
                            Exc = -24.7871594830     Coul =  176.239033396    
                              N = 28.000000775    
                            current damping = 0.300
 
          max. resid. norm for Fia-block=  3.496D-01 for orbital      7a         
          max. resid. fock norm         =  1.411D+01 for orbital    324a         

 ITERATION  ENERGY          1e-ENERGY        2e-ENERGY     RMS[dD(SAO)]   TOL
   2  -196.13514138003    -426.33069415     150.47013818    0.493D-02 0.547D-11
                            Exc = -24.6616121087     Coul =  175.131750290    
                              N = 28.000000230    
                            current damping = 0.250
 
          Norm of current diis error:  1.4325    
          max. resid. norm for Fia-block=  1.137D-01 for orbital     13a         
          max. resid. fock norm         =  2.249D-01 for orbital    177a         

 ITERATION  ENERGY          1e-ENERGY        2e-ENERGY     RMS[dD(SAO)]   TOL
   3  -196.17784597754    -427.85112697     151.94786640    0.165D-02 0.431D-11
                            Exc = -24.9394415655     Coul =  176.887307968    
                              N = 28.000000150    
                            current damping = 0.200
 
          Norm of current diis error: 0.73026    
          max. resid. norm for Fia-block=  4.348D-02 for orbital     13a         
          max. resid. fock norm         =  4.350D-02 for orbital     13a         

 ITERATION  ENERGY          1e-ENERGY        2e-ENERGY     RMS[dD(SAO)]   TOL
   4  -196.19185968640    -426.85354690     150.93627263    0.986D-03 0.376D-11
                            Exc = -24.7894567147     Coul =  175.725729343    
                              N = 28.000000004    
                            current damping = 0.250
 
          Norm of current diis error: 0.23729    
          max. resid. norm for Fia-block=  1.418D-02 for orbital     12a         
          max. resid. fock norm         =  2.106D-02 for orbital    313a         

 ITERATION  ENERGY          1e-ENERGY        2e-ENERGY     RMS[dD(SAO)]   TOL
   5  -196.19320557971    -427.29222629     151.37360612    0.190D-03 0.363D-11
                            Exc = -24.8493566622     Coul =  176.222962781    
                              N = 28.000000006    
                            current damping = 0.300
 
          Norm of current diis error: 0.11838    
          max. resid. norm for Fia-block=  3.865D-03 for orbital      9a         
          max. resid. fock norm         =  5.228D-03 for orbital    205a         
          mo-orthogonalization: Cholesky decomposition

 ITERATION  ENERGY          1e-ENERGY        2e-ENERGY     RMS[dD(SAO)]   TOL
   6  -196.19349724718    -427.21581668     151.29690484    0.640D-04 0.353D-11
                            Exc = -24.8394894275     Coul =  176.136394269    
                              N = 28.000000010    
                            current damping = 0.350
 
          Norm of current diis error: 0.18242E-01
          max. resid. norm for Fia-block=  1.087D-03 for orbital     14a         
          max. resid. fock norm         =  1.281D-03 for orbital    293a         

 ITERATION  ENERGY          1e-ENERGY        2e-ENERGY     RMS[dD(SAO)]   TOL
   7  -196.19350019209    -427.18070625     151.26179147    0.170D-04 0.343D-11
                            Exc = -24.8361461599     Coul =  176.097937626    
                              N = 28.000000008    
                            current damping = 0.200
 
          Norm of current diis error: 0.13297E-01
          max. resid. norm for Fia-block=  3.793D-04 for orbital      7a         
          max. resid. fock norm         =  4.780D-04 for orbital    328a         

 ITERATION  ENERGY          1e-ENERGY        2e-ENERGY     RMS[dD(SAO)]   TOL
   8  -196.19350369188    -427.19589431     151.27697603    0.681D-05 0.340D-11
                            Exc = -24.8375384481     Coul =  176.114514478    
                              N = 28.000000008    
                            current damping = 0.250
 
          Norm of current diis error: 0.13531E-02
          max. resid. norm for Fia-block=  6.186D-05 for orbital     12a         
          max. resid. fock norm         =  1.091D-04 for orbital    321a         

 ITERATION  ENERGY          1e-ENERGY        2e-ENERGY     RMS[dD(SAO)]   TOL
   9  -196.19350372191    -427.19666998     151.27775167    0.108D-05 0.332D-11
                            Exc = -24.8376768335     Coul =  176.115428504    
                              N = 28.000000008    
                            current damping = 0.100
 
          Norm of current diis error: 0.50991E-03
          max. resid. norm for Fia-block=  4.306D-05 for orbital     12a         
          max. resid. fock norm         =  4.740D-05 for orbital    313a         

 ITERATION  ENERGY          1e-ENERGY        2e-ENERGY     RMS[dD(SAO)]   TOL
  10  -196.19350372369    -427.19553535     151.27661704    0.726D-06 0.323D-11
                            Exc = -24.8375064075     Coul =  176.114123443    
                              N = 28.000000008    
                            current damping = 0.150
 
          Norm of current diis error: 0.44567E-03
          max. resid. norm for Fia-block=  1.967D-05 for orbital     13a         
          max. resid. fock norm         =  2.447D-05 for orbital    313a         
          mo-orthogonalization: Cholesky decomposition

 ITERATION  ENERGY          1e-ENERGY        2e-ENERGY     RMS[dD(SAO)]   TOL
  11  -196.19350372929    -427.19617682     151.27725850    0.321D-06 0.317D-11
                            Exc = -24.8375942485     Coul =  176.114852752    
                              N = 28.000000008    
                            current damping = 0.200
 
          Norm of current diis error: 0.34668E-04
          max. resid. norm for Fia-block=  1.689D-06 for orbital      9a         
          max. resid. fock norm         =  2.113D-06 for orbital    339a         

 ENERGY & DENSITY CONVERGED !


 ITERATION  ENERGY          1e-ENERGY        2e-ENERGY     RMS[dD(SAO)]   TOL
  12  -196.19350372932    -427.19617664     151.27725833    0.241D-07 0.311D-11
                            Exc = -24.8375956157     Coul =  176.114853941    
                              N = 28.000000008    
                            current damping = 0.250
 
          Norm of current diis error: 0.19122E-04
          max. resid. norm for Fia-block=  7.142D-07 for orbital     14a         
          max. resid. fock norm         =  8.391D-07 for orbital    328a         

 End of SCF iterations

   convergence criteria satisfied after    12 iterations


                  ------------------------------------------ 
                 |  total energy      =   -196.19350372932  |
                  ------------------------------------------ 
                 :  kinetic energy    =    195.54795002738  :
                 :  potential energy  =   -391.74145375670  :
                 :  virial theorem    =      1.99670960715  :
                 :  wavefunction norm =      1.00000000000  :
                  .......................................... 


 <geterg> : there is no data group $energy 


 <skperg> : $end is missing 


 orbitals $scfmo  will be written to file mos

    irrep                 10a         11a         12a         13a         14a   
 eigenvalues H         -0.38197    -0.35158    -0.28284    -0.28271    -0.24795
            eV         -10.3941     -9.5670     -7.6965     -7.6930     -6.7471
 occupation              2.0000      2.0000      2.0000      2.0000      2.0000

    irrep                 15a         16a         17a         18a         19a   
 eigenvalues H         -0.01662     0.02555     0.04155     0.06163     0.08018
            eV          -0.4523      0.6951      1.1307      1.6770      2.1819
 
 
 
 
 ==============================================================================
                           electrostatic moments
 ==============================================================================

 reference point for electrostatic moments:    0.00000   0.00000   0.00000

 
              nuc           elec       ->  total
 ------------------------------------------------------------------------------
                          charge      
 ------------------------------------------------------------------------------
          28.000000     -28.000000      -0.000000
 
 ------------------------------------------------------------------------------
                       dipole moment  
 ------------------------------------------------------------------------------
   x     -11.019303      11.075607       0.056303
   y     -20.721440      20.779454       0.058015
   z     115.293961    -113.536759       1.757202
 
   | dipole moment | =     1.7591 a.u. =     4.4711 debye 
 
 ------------------------------------------------------------------------------
                     quadrupole moment
 ------------------------------------------------------------------------------
  xx      23.963927     -37.516216     -13.552289
  yy      56.097920     -69.676989     -13.579069
  zz     672.065152    -676.017200      -3.952048
  xy      25.154154     -25.175366      -0.021212
  xz     -64.796485      64.964624       0.168139
  yz    -123.582152     123.730704       0.148552
 
     1/3  trace=     -10.361135
     anisotropy=       9.621581
 
 ==============================================================================
 
HOMO-LUMO Separation
 HOMO         :   -0.24795070 H =     -6.74709 eV
 LUMO         :   -0.01662237 H =     -0.45232 eV
 HOMO-LUMO gap:    0.23132833 H =     +6.29477 eV
 
 ==============================================================================


    ------------------------------------------------------------------------
         total  cpu-time :  36.44 seconds
         total wall-time :  36.44 seconds
    ------------------------------------------------------------------------

   ****  ridft : all done  ****


    2020-07-18 04:24:53.200 

