
 ridft (riogrande) : TURBOMOLE rev. V7.4.1 (b987a8a8) compiled 15 Oct 2019 at 12:03:25
 Copyright (C) 2019 TURBOMOLE GmbH, Karlsruhe


    2020-07-20 17:51:26.198 



                                  r i d f t

                        DFT program with RI approximation 
                                for coulomb part 




                                                 
                                 References:     
                                                 
          TURBOMOLE:                             
              R. Ahlrichs, M. Baer, M. Haeser, H. Horn, and
              C. Koelmel
              Electronic structure calculations on workstation
              computers: the program system TURBOMOLE
              Chem. Phys. Lett. 162: 165 (1989)
          Density Functional:                              
              O. Treutler and R. Ahlrichs                      
              Efficient Molecular Numerical Integration Schemes
              J. Chem. Phys. 102: 346 (1995)                   
          Parallel Version:                                
              Performance of parallel TURBOMOLE for Density    
              Functional Calculations                          
              M. v. Arnim and R. Ahlrichs                      
              J. Comp. Chem. 19: 1746 (1998)                   
          RI-J Method:                                     
              Auxiliary Basis Sets to approximate Coulomb      
              Potentials                                       
              Chem. Phys. Lett. 240: 283 (1995)                
              K. Eichkorn, O. Treutler, H. Oehm, M. Haeser     
              and R. Ahlrichs                                  
              Chem. Phys. Lett. 242: 652 (1995)                
                                                           
              Auxiliary Basis Sets for Main Row Atoms and their
              Use to approximate Coulomb Potentials            
              K. Eichkorn, F. Weigend, O. Treutler and         
              R. Ahlrichs                                      
              Theo. Chem. Acc. 97: 119 (1997)                   
                                                           
              Accurate Coulomb-fitting basis sets for H to Rn 
              F. Weigend                                        
              Phys. Chem. Chem. Phys. 8: 1057 (2006)            
                                                           
          Multipole accelerated RI-J (MARI-J):             
              Fast evaluation of the Coulomb potential for     
              electron densities using multipole accelerated   
              resolution of identity approximation             
              M. Sierka, A. Hogekamp and R. Ahlrichs           
              J. Chem. Phys. 118: 9136 (2003)                  
          RI-JK Method:                                     
              A fully direct RI-HF algorithm: Implementation,
              optimised auxiliary basis sets, demonstration of
              accuracy and efficiency                         
              F. Weigend                                      
              Phys. Chem. Chem. Phys. 4: 4285 (2002)           
          Two-component HF and DFT with spin-orbit coupling:  
              Self-consistent treatment of spin-orbit         
              interactions with efficient Hartree-Fock and    
              density functional methods                      
              M. K. Armbruster, F. Weigend, C. van Wüllen and 
              W. Klopper                                      
              Phys. Chem. Chem. Phys. 10: 1748 (2008)         
          Two-component difference density and DIIS algorithm 
              Efficient two-component self-consistent field   
              procedures and gradients: implementation in     
              TURBOMOLE and application to Au20-              
              A. Baldes, F. Weigend                           
              Mol. Phys. 111: 2617 (2013)                     
          Relativistic all-electron 2c calculations           
              An efficient implementation of two-component    
              relativistic exact-decoupling methods for large 
              molecules                                       
              D. Peng, N. Middendorf, F. Weigend, M. Reiher   
              J. Chem. Phys. 138: 184105 (2013)               
          Finite nucleus model and SNSO approximation         
              Efficient implementation of one- and two-       
              component analytical energy gradients in exact  
              two-component theory                            
              Y. J. Franzke, N. Middendorf, F. Weigend        
              J. Chem. Phys. 148: 104110 (2018)               
                                         




              +--------------------------------------------------+
              |      general information about current run       |
              +--------------------------------------------------+

 

 DENSITY CONVERGENCE CHECK SWITCHED ON !
 SCF CONVERGENCE IF RMS(delta[D]) <     0.1000000000E-06

 PBE functional
 exchange:    LDA + PBE
 correlation: LDA (PW) + PBE
 A DFT calculation using the RI-J approximation will be carried out.
 Allocatable memory for RI due to $ricore (MB):                   500


              +--------------------------------------------------+
              | Atomic coordinate, charge and isotop information |
              +--------------------------------------------------+

                    atomic coordinates            atom    charge  isotop
         -3.61707572   -2.21326242   -0.20914111    f      9.000     0
         -4.12085913    2.64361028   -0.77360733    h      1.000     0
          0.70571180   -1.46804569    0.40260319    c      6.000     0
         -1.70284271   -0.55881755   -0.07245620    c      6.000     0
         -2.22721391    1.98624548   -0.40689082    c      6.000     0
         -0.21016647    3.64828289   -0.24136575    c      6.000     0
          2.24393352    2.86731530    0.23334808    c      6.000     0
          2.63467443    0.29590222    0.54871426    c      6.000     0
         -0.65510226    6.12711283   -0.54503488    f      9.000     0
          3.78023043    4.20058934    0.35763960    h      1.000     0
          1.05737534   -3.45504989    0.68084171    h      1.000     0
          4.98699896   -0.51782532    1.02289296    f      9.000     0
 
       center of nuclear mass  :    0.23960278    1.13003104    0.08286104
       center of nuclear charge:    0.23961690    1.12997987    0.08283399

              +--------------------------------------------------+
              |               basis set information              |
              +--------------------------------------------------+

              we will work with the 1s 3p 5d 7f 9g ... basis set
              ...i.e. with spherical basis functions...

   type   atoms  prim   cont   basis
   ---------------------------------------------------------------------------
    f        3     77     55   cc-pVQZ   [5s4p3d2f1g|21s6p3d2f1g]
    h        3     32     30   cc-pVQZ   [4s3p2d1f|6s3p2d1f]
    c        6     77     55   cc-pVQZ   [5s4p3d2f1g|21s6p3d2f1g]
   ---------------------------------------------------------------------------
   total:   12    789    585
   ---------------------------------------------------------------------------

   total number of primitive shells          :   78
   total number of contracted shells         :  165
   total number of cartesian basis functions :  735
   total number of SCF-basis functions       :  585


 integral neglect threshold       :  0.45E-11
 integral storage threshold THIZE :  0.10E-04
 integral storage threshold THIME :         5

 RI-J AUXILIARY BASIS SET information:

              we will work with the 1s 3p 5d 7f 9g ... basis set
              ...i.e. with spherical basis functions...

   type   atoms  prim   cont   basis
   ---------------------------------------------------------------------------
    f        3     70     49   cc-pVQZ   [6s4p3d1f1g|12s5p4d2f1g]
    h        3     16     11   cc-pVQZ   [3s1p1d|5s2p1d]
    c        6     70     49   cc-pVQZ   [6s4p3d1f1g|12s5p4d2f1g]
   ---------------------------------------------------------------------------
   total:   12    678    474
   ---------------------------------------------------------------------------

   total number of primitive shells          :   56
   total number of contracted shells         :  150
   total number of cartesian basis functions :  585
   total number of SCF-basis functions       :  474


 symmetry group of the molecule :   c1 

 the group has the following generators :
   c1(z)

    1 symmetry operations found

 there are 1 real representations :   a   

 maximum number of shells which are related by symmetry :  1


    mo occupation :
   irrep   mo's   occupied
    a      585       33
 
 number of basis functions   :                    585
 number of occupied orbitals :                     33
 
  
           ------------------
           density functional
           ------------------
 PBE functional
 exchange:    LDA + PBE
 correlation: LDA (PW) + PBE

 spherical integration : Lebedev's spherical grid
 spherical gridsize    :                     5
    i.e. gridpoints    :                   590
 value for diffuse not defined
 radial integration    : Chebyshev 2nd kind (scaling 3)
 radial gridsize       :                     8
 integration cells     :                    12
 partition function    : becke
 partition sharpness   :                     3
  

 biggest AO integral is expected to be     5.406832293
  
           ------------------------
               RI-J - INFORMATION
           ------------------------
 Contributions to RI integral batches: 
  neglected integral batches:                  2268
  direct contribution:                         4561
  memory contribution:                  6866
 Memory core needed for (P|Q) and Cholesky      2 MByte
 Memory core minimum needed except of (P|Q)     1 MByte
 Total minimum memory core needed (sum)         3 MByte
  
 ****************************************
 Memory allocated for RI-J   442 MByte
 ****************************************
                                            

          ------------------------
          nuclear repulsion energy  :   423.706337985    
          ------------------------


         -----------------
         -S,T+V- integrals
         -----------------

 1e-integrals will be neglected if expon. factor < 0.454689E-12
 
   Difference densities algorithm switched on.
   The maximal number of linear combinations of
   difference densities is                    20 .

 DIIS switched on: error vector is FDS-SDF
 Max. Iterations for DIIS is     :   4
 DIIS matrix (see manual) 
    Scaling factor of diagonals  :  1.200
    threshold for scaling factor :  0.000

 scf convergence criterion : increment of total energy < .1000000D-06
                  and increment of one-electron energy < .1000000D-03

  MOs are in ASCII format !


 automatic virtual orbital shift switched on 
      shift if e(lumo)-e(homo) < 0.10000000    


 reading orbital data $scfmo  from file mos
 orbital characterization : expanded
 mo provided and orthogonalized by Cholesky decomposition

 DSCF restart information will be dumped onto file mos


 Starting SCF iterations

          Overall gridpoints after grid construction =        205175

 ITERATION  ENERGY          1e-ENERGY        2e-ENERGY     RMS[dD(SAO)]   TOL
   1  -528.05926742479    -1558.6955408     606.92993537    0.000D+00 0.454D-11
                            Exc = -64.2523713878     Coul =  671.182306756    
                              N = 65.999999101    
                            current damping = 0.300
 
          max. resid. norm for Fia-block=  3.955D-01 for orbital     22a         
          max. resid. fock norm         =  1.435D+01 for orbital    522a         

 ITERATION  ENERGY          1e-ENERGY        2e-ENERGY     RMS[dD(SAO)]   TOL
   2  -529.37853100333    -1568.3778593     615.29299027    0.145D-01 0.421D-11
                            Exc = -64.1149137237     Coul =  679.407903997    
                              N = 65.999999458    
                            current damping = 0.250
 
          Norm of current diis error:  3.2861    
          max. resid. norm for Fia-block=  1.332D-01 for orbital     33a         
          max. resid. fock norm         =  3.564D-01 for orbital    272a         

 ITERATION  ENERGY          1e-ENERGY        2e-ENERGY     RMS[dD(SAO)]   TOL
   3  -529.56508021079    -1570.9095659     617.63814770    0.403D-02 0.267D-11
                            Exc = -64.9245912373     Coul =  682.562738933    
                              N = 65.999999501    
                            current damping = 0.150
 
          Norm of current diis error:  1.5675    
          max. resid. norm for Fia-block=  5.466D-02 for orbital     18a         
          max. resid. fock norm         =  5.747D-02 for orbital     18a         

 ITERATION  ENERGY          1e-ENERGY        2e-ENERGY     RMS[dD(SAO)]   TOL
   4  -529.62135963262    -1567.4757724     614.14807480    0.537D-02 0.191D-11
                            Exc = -64.3321359786     Coul =  678.480210780    
                              N = 65.999999505    
                            current damping = 0.200
 
          Norm of current diis error: 0.60232    
          max. resid. norm for Fia-block=  1.764D-02 for orbital     30a         
          max. resid. fock norm         =  2.590D-02 for orbital    525a         

 ITERATION  ENERGY          1e-ENERGY        2e-ENERGY     RMS[dD(SAO)]   TOL
   5  -529.63054381761    -1569.4385978     616.10171597    0.106D-02 0.195D-11
                            Exc = -64.5595803535     Coul =  680.661296326    
                              N = 65.999999538    
                            current damping = 0.250
 
          Norm of current diis error: 0.25865    
          max. resid. norm for Fia-block=  6.670D-03 for orbital     33a         
          max. resid. fock norm         =  1.038D-02 for orbital    580a         
          mo-orthogonalization: Cholesky decomposition

 ITERATION  ENERGY          1e-ENERGY        2e-ENERGY     RMS[dD(SAO)]   TOL
   6  -529.63212610840    -1569.2052809     615.86681676    0.274D-03 0.189D-11
                            Exc = -64.5423520589     Coul =  680.409168822    
                              N = 65.999999538    
                            current damping = 0.300
 
          Norm of current diis error: 0.88789E-01
          max. resid. norm for Fia-block=  2.569D-03 for orbital     20a         
          max. resid. fock norm         =  3.685D-03 for orbital    580a         

 ITERATION  ENERGY          1e-ENERGY        2e-ENERGY     RMS[dD(SAO)]   TOL
   7  -529.63231954250    -1569.0236063     615.68494872    0.101D-03 0.187D-11
                            Exc = -64.5274684979     Coul =  680.212417222    
                              N = 65.999999533    
                            current damping = 0.150
 
          Norm of current diis error: 0.24566E-01
          max. resid. norm for Fia-block=  5.493D-04 for orbital     20a         
          max. resid. fock norm         =  8.967D-04 for orbital     80a         

 ITERATION  ENERGY          1e-ENERGY        2e-ENERGY     RMS[dD(SAO)]   TOL
   8  -529.63233086857    -1569.0766392     615.73797037    0.107D-04 0.184D-11
                            Exc = -64.5299408822     Coul =  680.267911255    
                              N = 65.999999535    
                            current damping = 0.200
 
          Norm of current diis error: 0.68258E-02
          max. resid. norm for Fia-block=  1.957D-04 for orbital     22a         
          max. resid. fock norm         =  2.918D-04 for orbital     22a         

 ITERATION  ENERGY          1e-ENERGY        2e-ENERGY     RMS[dD(SAO)]   TOL
   9  -529.63233145794    -1569.0793464     615.74067692    0.918D-05 0.181D-11
                            Exc = -64.5313225640     Coul =  680.271999487    
                              N = 65.999999535    
                            current damping = 0.100
 
          Norm of current diis error: 0.35797E-02
          max. resid. norm for Fia-block=  9.422D-05 for orbital     18a         
          max. resid. fock norm         =  1.255D-04 for orbital    578a         

 ITERATION  ENERGY          1e-ENERGY        2e-ENERGY     RMS[dD(SAO)]   TOL
  10  -529.63233176037    -1569.0736526     615.73498286    0.712D-05 0.181D-11
                            Exc = -64.5303062669     Coul =  680.265289124    
                              N = 65.999999535    
                            current damping = 0.150
 
          Norm of current diis error: 0.14324E-02
          max. resid. norm for Fia-block=  3.803D-05 for orbital     33a         
          max. resid. fock norm         =  8.098D-05 for orbital    578a         
          mo-orthogonalization: Cholesky decomposition

 ITERATION  ENERGY          1e-ENERGY        2e-ENERGY     RMS[dD(SAO)]   TOL
  11  -529.63233179739    -1569.0739390     615.73526926    0.113D-05 0.179D-11
                            Exc = -64.5303887026     Coul =  680.265657959    
                              N = 65.999999535    
                            current damping = 0.200
 
          Norm of current diis error: 0.81937E-03
          max. resid. norm for Fia-block=  2.101D-05 for orbital     32a         
          max. resid. fock norm         =  4.106D-05 for orbital    578a         

 ITERATION  ENERGY          1e-ENERGY        2e-ENERGY     RMS[dD(SAO)]   TOL
  12  -529.63233181398    -1569.0745623     615.73589247    0.933D-06 0.179D-11
                            Exc = -64.5305095215     Coul =  680.266401992    
                              N = 65.999999535    
                            current damping = 0.100
 
          Norm of current diis error: 0.24654E-03
          max. resid. norm for Fia-block=  6.996D-06 for orbital     32a         
          max. resid. fock norm         =  1.034D-05 for orbital    578a         

 ENERGY & DENSITY CONVERGED !


 ITERATION  ENERGY          1e-ENERGY        2e-ENERGY     RMS[dD(SAO)]   TOL
  13  -529.63233181524    -1569.0745988     615.73592896    0.245D-06 0.177D-11
                            Exc = -64.5304854912     Coul =  680.266414448    
                              N = 65.999999535    
                            current damping = 0.100
 
          Norm of current diis error: 0.11019E-03
          max. resid. norm for Fia-block=  3.034D-06 for orbital     32a         
          max. resid. fock norm         =  4.737D-06 for orbital    582a         

 End of SCF iterations

   convergence criteria satisfied after    13 iterations


                  ------------------------------------------ 
                 |  total energy      =   -529.63233181524  |
                  ------------------------------------------ 
                 :  kinetic energy    =    527.84522482049  :
                 :  potential energy  =  -1057.47755663573  :
                 :  virial theorem    =      1.99662575925  :
                 :  wavefunction norm =      1.00000000000  :
                  .......................................... 


 <geterg> : there is no data group $energy 


 <skperg> : $end is missing 


 orbitals $scfmo  will be written to file mos

    irrep                 29a         30a         31a         32a         33a   
 eigenvalues H         -0.34906    -0.33081    -0.32142    -0.24100    -0.24070
            eV          -9.4985     -9.0018     -8.7463     -6.5580     -6.5499
 occupation              2.0000      2.0000      2.0000      2.0000      2.0000

    irrep                 34a         35a         36a         37a         38a   
 eigenvalues H         -0.05515    -0.05502     0.01178     0.02877     0.04707
            eV          -1.5008     -1.4971      0.3205      0.7830      1.2807
 
 
 
 
 ==============================================================================
                           electrostatic moments
 ==============================================================================

 reference point for electrostatic moments:    0.00000   0.00000   0.00000

 
              nuc           elec       ->  total
 ------------------------------------------------------------------------------
                          charge      
 ------------------------------------------------------------------------------
          66.000000     -66.000000       0.000000
 
 ------------------------------------------------------------------------------
                       dipole moment  
 ------------------------------------------------------------------------------
   x      15.814715     -15.814252       0.000463
   y      74.578672     -74.583439      -0.004767
   z       5.467043      -5.463964       0.003079
 
   | dipole moment | =     0.0057 a.u. =     0.0145 debye 
 
 ------------------------------------------------------------------------------
                     quadrupole moment
 ------------------------------------------------------------------------------
  xx     500.107261    -537.223145     -37.115883
  yy     589.134440    -626.276563     -37.142123
  zz      18.154110     -55.262697     -37.108587
  xy      25.647438     -25.642112       0.005326
  xz      81.194668     -81.191541       0.003127
  yz     -41.998879      41.985441      -0.013437
 
     1/3  trace=     -37.122198
     anisotropy=       0.039866
 
 ==============================================================================
 
HOMO-LUMO Separation
 HOMO         :   -0.24070394 H =     -6.54989 eV
 LUMO         :   -0.05515303 H =     -1.50079 eV
 HOMO-LUMO gap:    0.18555091 H =     +5.04910 eV
 
 ==============================================================================


    ------------------------------------------------------------------------
         total  cpu-time :  3 minutes and  1 seconds
         total wall-time :  3 minutes and  1 seconds
    ------------------------------------------------------------------------

   ****  ridft : all done  ****


    2020-07-20 17:54:26.781 

