
   OpenMP run-time library returned nthreads = 10

 rirpa (c-14-10) : TURBOMOLE rev. V7.5.0 compiled 17 Jun 2020 at 09:15:30
 Copyright (C) 2020 TURBOMOLE GmbH, Karlsruhe


    2020-08-03 22:02:57.920 

 
 
    *************************************************************************
    *************************** PROGRAM RIRPA *******************************
    ******                                                             ******
    ******              H. Eshuis, J. E. Bates and F. Furche           ******
    ******                                                             ******
    ****** Nov 2011                                                    ******
    ****** Copyright TURBOMOLE GmbH                                    ******
    *************************************************************************
    
    
                                References:                                  
    
                   RIRPA:                                                    
                     H. Eshuis, J. Yarkony, and F. Furche                    
                     Fast Computation of Molecular Random Phase              
                     Approximation Correlation Energies Using Resolution     
                     of the Identity and Imaginary Frequency Integration     
                     J. Chem. Phys. 132: 234114 (2010)                       
    
                     H. Eshuis, J. E. Bates, and F. Furche                   
                     Electron Correlation Methods Based on                   
                     the Random Phase Approximation                          
                     Theor. Chem. Acc.  131: 1084 (2012)                     
    
                     G. P. Chen, V. K. Voora, M. M. Agee,                    
                     S. G. Balasubramani, and F. Furche                      
                     Random-Phase Approximation Methods                      
                     Annu. Rev. Phys. Chem. 68: 421 (2017)                   
    
                   TWO-COMPONENT RIRPA:                                      
                     M. Kuehn                                                
                     Correlation Energies from the                           
                     Two-Component Random-Phase Approximation                
                     J. Chem. Theory Comput. 10: 623 (2014)                  
    
                   RIRPA GRADIENTS:                                          
                     A. M. Burow, J. E. Bates, F. Furche*, and H. Eshuis     
                     Analytical First-Order Molecular Properties and Forces  
                     within the Adiabatic Connection Random Phase            
                     Approximation                                           
                     J. Chem. Theory Comput. 10: 180 (2014)                  
    
                   RI-AXK/RI-ACSOSEX/RI-ACSOX:                               
                     G. P. Chen, M. M. Agee, and F. Furche                   
                     Performance and Scope of Perturbative Corrections to    
                     Random-Phase Approximation Energies                     
                     J. Chem. Theory Comput. 14: 5701 (2018)                 
    
                   GKS-RPA:                                                  
                     V. K. Voora, S. G. Balasubramani, and F. Furche         
                     Variational Generalized Kohn-Sham Approach Combining    
                     the Random-Phase-Approximation and Green’s-Function     
                     Methods                                                 
                     Phys. Rev. A 99: 012518 (2019)                          
    
    
    
      ... OpenMP parallelization enabled, threads:   10

   *-----------------------------------------------------------------------*
   |                     program will use 10 thread(s)                     |
   *-----------------------------------------------------------------------*

 MAXIMUM CORE MEMORY WHICH CAN BE ALLOCATED DYNAMICALLY = 50000 MiB
              ( or 6553600000 double words per process)

 
                FOUND RI-J FLAG
 
  HF exact exchange energy will be computed using RI-J.


              +--------------------------------------------------+
              | Atomic coordinate, charge and isotop information |
              +--------------------------------------------------+

                    atomic coordinates            atom    charge  isotop
          0.56909502   -0.32714580    5.22411092    c      6.000     0
         -0.04699906   -0.14660898    1.92215596    cl    17.000     0
          2.35743761    0.59451280    5.60238548    h      1.000     0
          0.65409308   -2.30063220    5.76146533    h      1.000     0
         -0.94809264    0.62018077    6.21974095    h      1.000     0
 
       center of nuclear mass  :    0.14358071   -0.20245815    2.94361693
       center of nuclear charge:    0.17996246   -0.21312177    3.13865033
              +-------------------------------------------------+
              |        Rotational Constants Section             |
              +-------------------------------------------------+
                                   Center of Mass [a.u]:
               0.14358070893724        -0.20245814619888         2.94361693122156
                     Principal Moments of Inertia [a.u.]
              11.39847205742598       135.62869766388764       135.62892607107125
                       Rotational constants A,B,C [a.u.]
               0.04386552842179         0.00368653543544         0.00368652922709
                     Rotational constants A,B,C [cm**-1]
               5.28138211798590         0.44385655494265         0.44385580746180
                        Rotational constants A,B,C [MHz]
          158331.85267882383778     13306.48476056692562     13306.46235165463804

   * BASIS SET information:

              +--------------------------------------------------+
              |               basis set information              |
              +--------------------------------------------------+

              we will work with the 1s 3p 5d 7f 9g ... basis set
              ...i.e. with spherical basis functions...

   type   atoms  prim   cont   basis
   ---------------------------------------------------------------------------
    c        1     77     55   cc-pVQZ   [5s4p3d2f1g|21s6p3d2f1g]
    cl       1    142     64   cc-pV(Q+d)Z   [6s5p4d2f1g|42s19p4d2f1g]
    h        3     32     30   cc-pVQZ   [4s3p2d1f|6s3p2d1f]
   ---------------------------------------------------------------------------
   total:    5    315    209
   ---------------------------------------------------------------------------

   total number of primitive shells          :  113
   total number of contracted shells         :   63
   total number of cartesian basis functions :  255
   total number of SCF-basis functions       :  209


   * AUXILIARY BASIS SET information:

              +--------------------------------------------------+
              |               basis set information              |
              +--------------------------------------------------+

              we will work with the 1s 3p 5d 7f 9g ... basis set
              ...i.e. with spherical basis functions...

   type   atoms  prim   cont   basis
   ---------------------------------------------------------------------------
    c        1    132    132   cc-pVQZ   [8s7p6d5f3g1h|8s7p6d5f3g1h]
    cl       1    158    158   cc-pV(Q+d)Z   [11s9p8d6f3g1h|11s9p8d6f3g1h]
    h        3     55     55   cc-pVQZ   [5s4p3d2f1g|5s4p3d2f1g]
   ---------------------------------------------------------------------------
   total:    5    455    455
   ---------------------------------------------------------------------------

   total number of primitive shells          :   83
   total number of contracted shells         :  113
   total number of cartesian basis functions :  603
   total number of SCF-basis functions       :  455


   * RIJ AUXILIARY BASIS SET information:

              +--------------------------------------------------+
              |               basis set information              |
              +--------------------------------------------------+

              we will work with the 1s 3p 5d 7f 9g ... basis set
              ...i.e. with spherical basis functions...

   type   atoms  prim   cont   basis
   ---------------------------------------------------------------------------
    c        1     70     49   cc-pVQZ   [6s4p3d1f1g|12s5p4d2f1g]
    cl       1     77     51   universal   [8s4p3d1f1g|14s5p5d2f1g]
    h        3     16     11   cc-pVQZ   [3s1p1d|5s2p1d]
   ---------------------------------------------------------------------------
   total:    5    195    133
   ---------------------------------------------------------------------------

   total number of primitive shells          :   59
   total number of contracted shells         :   47
   total number of cartesian basis functions :  160
   total number of SCF-basis functions       :  133


 reading orbital data $scfmo  from file mos
 orbital characterization : scfconv=7

 integral neglect threshold       :  0.26E+02

 scfconv                     7

 there are 1 real representations :   a   

 maximum number of shells which are related by symmetry :  1

 entered riccmos at 2020-08-03 22:02:57.992
VM size:       818 MB
  MOs are in ASCII format !


 reading orbital data $scfmo  from file mos
 orbital characterization : scfconv=7
after riccmoinp VM size:       818 MB
registered memory usage:         1 MB
 time elapsed for calculating density matrices :   0.049 sec



              +--------------------------------------------+
              | list of orbitals that will be kept frozen: |
              +--------------------------------------------+
              |   irrep   index      energy     occ/vir    |
              +--------------------------------------------+
              |   a         1     -100.6917     occupied   |
              |   a         2       -9.9355     occupied   |
              |   a         3       -9.1744     occupied   |
              |   a         4       -7.0003     occupied   |
              |   a         5       -6.9895     occupied   |
              |   a         6       -6.9895     occupied   |
              +--------------------------------------------+



   Molecular Orbital Statistic:
   ============================

   -----------------------------
   orbitals in total:
   -----------------------------
    frozen occupied :      6
    active occupied :      7
    active virtual  :    196
    frozen virtual  :      0
    all together    :    209
   -----------------------------


     time in riccmoinp     cpu:  0.27 sec    wall:  0.03 sec    ratio: 10.0
     time in scfdens       cpu:  0.05 sec    wall:  0.00 sec    ratio: 10.0
     time in mkiao         cpu:  0.00 sec    wall:  0.00 sec    ratio:  0.0
     time in mkiho         cpu:  0.00 sec    wall:  0.00 sec    ratio:  0.0
     time in sao2ao        cpu:  0.01 sec    wall:  0.00 sec    ratio: 10.0
     time in ricclmos      cpu:  0.00 sec    wall:  0.00 sec    ratio:  0.0
     time in riccmos       cpu:  0.42 sec    wall:  0.04 sec    ratio: 10.0
 leave riccmos at 2020-08-03 22:02:58.034

     total memory allocated for calculation of (Q|P)**(-1/2) : 3 MiB


     calculation of (P|Q) ...
     time in lp2sym        cpu:  0.07 sec    wall:  0.01 sec    ratio: 10.0


     calculation of the Cholesky decomposition of (P|Q)**(-1) ...
     time in invmetri      cpu:  0.14 sec    wall:  0.01 sec    ratio:  9.6

   threshold for RMS(d[D]) in SCF was     :  0.10E-06
   integral neglect threshold             :  0.55E-11
   derivative integral neglect threshold  :  0.10E-06


 setting up bound for integral derivative estimation

 increment for numerical differentiation : 0.00050000
 
 Occupied orbital block size for RIRPA:                     7
 
 Number of passes for spin                     1 is                     1
 
 Number of eigenvalues < 6e-3:                      0
 
 
            -----------------------------
            Complex frequency integration
            -----------------------------
 
 Number of Clenshaw-Curtis nodes:                    100
 Optimized scaling parameter    :    1.41335364802731     
 Sensitivity measure            :  -7.820508129974257E-012
 
 Done with rirpa frequency point #                     1
 Done with rirpa frequency point #                     2
 Done with rirpa frequency point #                     3
 Done with rirpa frequency point #                     4
 Done with rirpa frequency point #                     5
 Done with rirpa frequency point #                     6
 Done with rirpa frequency point #                     7
 Done with rirpa frequency point #                     8
 Done with rirpa frequency point #                     9
 Done with rirpa frequency point #                    10
 Done with rirpa frequency point #                    11
 Done with rirpa frequency point #                    12
 Done with rirpa frequency point #                    13
 Done with rirpa frequency point #                    14
 Done with rirpa frequency point #                    15
 Done with rirpa frequency point #                    16
 Done with rirpa frequency point #                    17
 Done with rirpa frequency point #                    18
 Done with rirpa frequency point #                    19
 Done with rirpa frequency point #                    20
 Done with rirpa frequency point #                    21
 Done with rirpa frequency point #                    22
 Done with rirpa frequency point #                    23
 Done with rirpa frequency point #                    24
 Done with rirpa frequency point #                    25
 Done with rirpa frequency point #                    26
 Done with rirpa frequency point #                    27
 Done with rirpa frequency point #                    28
 Done with rirpa frequency point #                    29
 Done with rirpa frequency point #                    30
 Done with rirpa frequency point #                    31
 Done with rirpa frequency point #                    32
 Done with rirpa frequency point #                    33
 Done with rirpa frequency point #                    34
 Done with rirpa frequency point #                    35
 Done with rirpa frequency point #                    36
 Done with rirpa frequency point #                    37
 Done with rirpa frequency point #                    38
 Done with rirpa frequency point #                    39
 Done with rirpa frequency point #                    40
 Done with rirpa frequency point #                    41
 Done with rirpa frequency point #                    42
 Done with rirpa frequency point #                    43
 Done with rirpa frequency point #                    44
 Done with rirpa frequency point #                    45
 Done with rirpa frequency point #                    46
 Done with rirpa frequency point #                    47
 Done with rirpa frequency point #                    48
 Done with rirpa frequency point #                    49
 Done with rirpa frequency point #                    50
 Done with rirpa frequency point #                    51
 Done with rirpa frequency point #                    52
 Done with rirpa frequency point #                    53
 Done with rirpa frequency point #                    54
 Done with rirpa frequency point #                    55
 Done with rirpa frequency point #                    56
 Done with rirpa frequency point #                    57
 Done with rirpa frequency point #                    58
 Done with rirpa frequency point #                    59
 Done with rirpa frequency point #                    60
 Done with rirpa frequency point #                    61
 Done with rirpa frequency point #                    62
 Done with rirpa frequency point #                    63
 Done with rirpa frequency point #                    64
 Done with rirpa frequency point #                    65
 Done with rirpa frequency point #                    66
 Done with rirpa frequency point #                    67
 Done with rirpa frequency point #                    68
 Done with rirpa frequency point #                    69
 Done with rirpa frequency point #                    70
 Done with rirpa frequency point #                    71
 Done with rirpa frequency point #                    72
 Done with rirpa frequency point #                    73
 Done with rirpa frequency point #                    74
 Done with rirpa frequency point #                    75
 Done with rirpa frequency point #                    76
 Done with rirpa frequency point #                    77
 Done with rirpa frequency point #                    78
 Done with rirpa frequency point #                    79
 Done with rirpa frequency point #                    80
 Done with rirpa frequency point #                    81
 Done with rirpa frequency point #                    82
 Done with rirpa frequency point #                    83
 Done with rirpa frequency point #                    84
 Done with rirpa frequency point #                    85
 Done with rirpa frequency point #                    86
 Done with rirpa frequency point #                    87
 Done with rirpa frequency point #                    88
 Done with rirpa frequency point #                    89
 Done with rirpa frequency point #                    90
 Done with rirpa frequency point #                    91
 Done with rirpa frequency point #                    92
 Done with rirpa frequency point #                    93
 Done with rirpa frequency point #                    94
 Done with rirpa frequency point #                    95
 Done with rirpa frequency point #                    96
 Done with rirpa frequency point #                    97
 Done with rirpa frequency point #                    98
 Done with rirpa frequency point #                    99
 Done with rirpa frequency point #                   100
 


 RI-RPA correlation energy: -0.6923597721374388E+00
 Allocatable memory for RI due to $ricore (MB):                  5000

 there are 1 real representations :   a   

 maximum number of shells which are related by symmetry :  1

  
           ------------------------
               RI-J - INFORMATION
           ------------------------
 Contributions to RI integral batches: 
  neglected integral batches:                     6
  direct contribution:                            0
  memory contribution:                  2010

          ------------------------
          nuclear repulsion energy  :   51.4486459205    
          ------------------------


         -----------------
         -S,T+V- integrals
         -----------------

 1e-integrals will be neglected if expon. factor < 0.552792E-11

                  --------------------------------------------------- 
                 |  HXX+RIRPA total energy     =   -499.82846106674  |
                  ---------------------------------------------------- 
                 :  RIRPA correlation energy   =     -0.69235977214  :
                 :  HXX total energy           =   -499.13610129460  :
                 :  Hartree energy             =    273.64901041646  :
                 :  Exact Exchange energy      =    -33.74439378149  :
                  .................................................... 


    ------------------------------------------------------------------------
    Rirpa profiling                cpu                    wall         ratio
    ------------------------------------------------------------------------
    module                         sec     %               sec     %
    ------------------------------------------------------------------------
    RIRPA                        22.7  100.00            3.2  100.00   7.0
    STARTUP                       0.7    3.00            0.1    2.10  10.0
    riccsym                       0.0    0.11            0.0    0.08  10.0
    riccmos                       0.4    1.84            0.0    1.29  10.0
    riccaux                       0.2    0.99            0.0    0.71   9.7
    riccbound                     2.3   10.09            0.6   18.22   3.9
    ccmkbaoi                      1.1    4.89            0.1    3.70   9.3
    ecrpa                         4.0   17.50            0.4   12.25  10.0
    qbuild                        3.2   13.94            0.3    9.76  10.0
    rparenrm                      0.3    1.53            0.0    1.07  10.0
    ehxx                         13.9   61.28            2.0   61.45   7.0
    ------------------------------------------------------------------------
    sum                          48.9  215.31            6.8  210.71   7.2
    ------------------------------------------------------------------------


    ------------------------------------------------------------------------
         total  cpu-time :  22.81 seconds
         total wall-time :   3.26 seconds
    ------------------------------------------------------------------------

   ****  rirpa : all done  ****


    2020-08-03 22:03:01.172 

