
 rirpa (riogrande) : TURBOMOLE rev. V7.4.1 (b987a8a8) compiled 15 Oct 2019 at 12:03:25
 Copyright (C) 2019 TURBOMOLE GmbH, Karlsruhe


    2020-07-20 18:33:47.778 

 
 
    *************************************************************************
    *************************** PROGRAM RIRPA *******************************
    ******                                                             ******
    ******              H. Eshuis, J. E. Bates and F. Furche           ******
    ******                                                             ******
    ****** Nov 2011                                                    ******
    ****** Copyright TURBOMOLE GmbH                                    ******
    *************************************************************************
    
    
                                References:                                  
    
                   RIRPA:                                                    
                     H. Eshuis, J. Yarkony, and F. Furche                    
                     Fast Computation of Molecular Random Phase              
                     Approximation Correlation Energies Using Resolution     
                     of the Identity and Imaginary Frequency Integration     
                     J. Chem. Phys. 132: 234114 (2010)                       
    
                     H. Eshuis, J. E. Bates, and F. Furche                   
                     Electron Correlation Methods Based on                   
                     the Random Phase Approximation                          
                     Theor. Chem. Acc.  131: 1084 (2012)                     
    
                     G. P. Chen, V. K. Voora, M. M. Agee,                    
                     S. G. Balasubramani, and F. Furche                      
                     Random-Phase Approximation Methods                      
                     Annu. Rev. Phys. Chem. 68: 421 (2017)                   
    
                   TWO-COMPONENT RIRPA:                                      
                     M. Kuehn                                                
                     Correlation Energies from the                           
                     Two-Component Random-Phase Approximation                
                     J. Chem. Theory Comput. 10: 623 (2014)                  
    
                   RIRPA GRADIENTS:                                          
                     A. M. Burow, J. E. Bates, F. Furche*, and H. Eshuis     
                     Analytical First-Order Molecular Properties and Forces  
                     within the Adiabatic Connection Random Phase            
                     Approximation                                           
                     J. Chem. Theory Comput. 10: 180 (2014)                  
    
                   RI-AXK/RI-ACSOSEX/RI-ACSOX:                               
                     G. P. Chen, M. M. Agee, and F. Furche                   
                     Performance and Scope of Perturbative Corrections to    
                     Random-Phase Approximation Energies                     
                     J. Chem. Theory Comput. 14: 5701 (2018)                 
    
                   GKS-RPA:                                                  
                     V. K. Voora, S. G. Balasubramani, and F. Furche         
                     Variational Generalized Kohn-Sham Approach Combining    
                     the Random-Phase-Approximation and Green’s-Function     
                     Methods                                                 
                     Phys. Rev. A (accepted)                                 
    
    
    

   *-----------------------------------------------------------------------*
   |                     program will use  1 thread(s)                     |
   *-----------------------------------------------------------------------*

 MAXIMUM CORE MEMORY WHICH CAN BE ALLOCATED DYNAMICALLY = 500 MiB
              ( or 65536000 double words per process)

 
                FOUND RI-J FLAG
 
  HF exact exchange energy will be computed using RI-J.


              +--------------------------------------------------+
              | Atomic coordinate, charge and isotop information |
              +--------------------------------------------------+

                    atomic coordinates            atom    charge  isotop
          0.15415922   -0.15037868   -0.23101620    c      6.000     0
          3.39498431    0.75046410    1.18992087    br    35.000     0
          0.02504930   -2.19211284   -0.29627091    h      1.000     0
         -1.30819558    0.62626071    0.97224225    h      1.000     0
          0.03435698    0.64218134   -2.11440623    h      1.000     0
 
       center of nuclear mass  :    2.86360926    0.60279266    0.95699212
       center of nuclear charge:    2.69319584    0.55546138    0.88233405
              +-------------------------------------------------+
              |        Rotational Constants Section             |
              +-------------------------------------------------+
                                   Center of Mass [a.u]:
               2.86360925581891         0.60279266384910         0.95699212221147
                     Principal Moments of Inertia [a.u.]
              11.42328506615954       187.56816026923758       187.57417376188553
                       Rotational constants A,B,C [a.u.]
               0.04377024622113         0.00266569762844         0.00266561216809
                     Rotational constants A,B,C [cm**-1]
               5.26991020076945         0.32094832305248         0.32093803368086
                        Rotational constants A,B,C [MHz]
          157987.93325279475539      9621.78866588824349      9621.48019828717588

   * BASIS SET information:

              +--------------------------------------------------+
              |               basis set information              |
              +--------------------------------------------------+

              we will work with the 1s 3p 5d 7f 9g ... basis set
              ...i.e. with spherical basis functions...

   type   atoms  prim   cont   basis
   ---------------------------------------------------------------------------
    c        1     77     55   cc-pVQZ   [5s4p3d2f1g|21s6p3d2f1g]
    br       1    284     68   cc-pVQZ   [7s6p4d2f1g|75s42p12d2f1g]
    h        3     32     30   cc-pVQZ   [4s3p2d1f|6s3p2d1f]
   ---------------------------------------------------------------------------
   total:    5    457    213
   ---------------------------------------------------------------------------

   total number of primitive shells          :  177
   total number of contracted shells         :   65
   total number of cartesian basis functions :  259
   total number of SCF-basis functions       :  213


   * AUXILIARY BASIS SET information:

              +--------------------------------------------------+
              |               basis set information              |
              +--------------------------------------------------+

              we will work with the 1s 3p 5d 7f 9g ... basis set
              ...i.e. with spherical basis functions...

   type   atoms  prim   cont   basis
   ---------------------------------------------------------------------------
    c        1    132    132   cc-pVQZ   [8s7p6d5f3g1h|8s7p6d5f3g1h]
    br       1    226    226   cc-pVQZ   [11s10p9d7f5g3h1i|11s10p9d7f5g3h1i]
    h        3     55     55   cc-pVQZ   [5s4p3d2f1g|5s4p3d2f1g]
   ---------------------------------------------------------------------------
   total:    5    523    523
   ---------------------------------------------------------------------------

   total number of primitive shells          :   91
   total number of contracted shells         :  121
   total number of cartesian basis functions :  722
   total number of SCF-basis functions       :  523


   * RIJ AUXILIARY BASIS SET information:

              +--------------------------------------------------+
              |               basis set information              |
              +--------------------------------------------------+

              we will work with the 1s 3p 5d 7f 9g ... basis set
              ...i.e. with spherical basis functions...

   type   atoms  prim   cont   basis
   ---------------------------------------------------------------------------
    c        1     70     49   cc-pVQZ   [6s4p3d1f1g|12s5p4d2f1g]
    br       1     89     58   universal   [8s4p3d2f1g|19s5p5d3f1g]
    h        3     16     11   cc-pVQZ   [3s1p1d|5s2p1d]
   ---------------------------------------------------------------------------
   total:    5    207    140
   ---------------------------------------------------------------------------

   total number of primitive shells          :   65
   total number of contracted shells         :   48
   total number of cartesian basis functions :  170
   total number of SCF-basis functions       :  140


 reading orbital data $scfmo  from file mos
 orbital characterization : scfconv=7

 integral neglect threshold       :  0.26E+02

 scfconv                     7

 there are 1 real representations :   a   

 maximum number of shells which are related by symmetry :  1

 time elapsed for calculating density matrices :   0.002 sec

     total memory allocated for calculation of (Q|P)**(-1/2) : 4 MiB


     calculation of (P|Q) ...
     time in lp2sym        cpu:  0.01 sec    wall:  0.01 sec    ratio:  1.0


     calculation of the Cholesky decomposition of (P|Q)**(-1) ...
     time in invmetri      cpu:  0.02 sec    wall:  0.02 sec    ratio:  1.0

   threshold for RMS(d[D]) in SCF was     :  0.10E-06
   integral neglect threshold             :  0.46E-11
   derivative integral neglect threshold  :  0.10E-06


 setting up bound for integral derivative estimation

 increment for numerical differentiation : 0.00050000
 
 Occupied orbital block size for RIRPA:                     7
 
 Number of passes for spin                     1 is                     1
 
 Number of eigenvalues < 6e-3:                      0
 
 
            -----------------------------
            Complex frequency integration
            -----------------------------
 
 Number of Clenshaw-Curtis nodes:                    100
 Optimized scaling parameter    :    1.41401531417396     
 Sensitivity measure            :  -4.971301148515295E-012
 
 Done with rirpa frequency point #                     1
 Done with rirpa frequency point #                     2
 Done with rirpa frequency point #                     3
 Done with rirpa frequency point #                     4
 Done with rirpa frequency point #                     5
 Done with rirpa frequency point #                     6
 Done with rirpa frequency point #                     7
 Done with rirpa frequency point #                     8
 Done with rirpa frequency point #                     9
 Done with rirpa frequency point #                    10
 Done with rirpa frequency point #                    11
 Done with rirpa frequency point #                    12
 Done with rirpa frequency point #                    13
 Done with rirpa frequency point #                    14
 Done with rirpa frequency point #                    15
 Done with rirpa frequency point #                    16
 Done with rirpa frequency point #                    17
 Done with rirpa frequency point #                    18
 Done with rirpa frequency point #                    19
 Done with rirpa frequency point #                    20
 Done with rirpa frequency point #                    21
 Done with rirpa frequency point #                    22
 Done with rirpa frequency point #                    23
 Done with rirpa frequency point #                    24
 Done with rirpa frequency point #                    25
 Done with rirpa frequency point #                    26
 Done with rirpa frequency point #                    27
 Done with rirpa frequency point #                    28
 Done with rirpa frequency point #                    29
 Done with rirpa frequency point #                    30
 Done with rirpa frequency point #                    31
 Done with rirpa frequency point #                    32
 Done with rirpa frequency point #                    33
 Done with rirpa frequency point #                    34
 Done with rirpa frequency point #                    35
 Done with rirpa frequency point #                    36
 Done with rirpa frequency point #                    37
 Done with rirpa frequency point #                    38
 Done with rirpa frequency point #                    39
 Done with rirpa frequency point #                    40
 Done with rirpa frequency point #                    41
 Done with rirpa frequency point #                    42
 Done with rirpa frequency point #                    43
 Done with rirpa frequency point #                    44
 Done with rirpa frequency point #                    45
 Done with rirpa frequency point #                    46
 Done with rirpa frequency point #                    47
 Done with rirpa frequency point #                    48
 Done with rirpa frequency point #                    49
 Done with rirpa frequency point #                    50
 Done with rirpa frequency point #                    51
 Done with rirpa frequency point #                    52
 Done with rirpa frequency point #                    53
 Done with rirpa frequency point #                    54
 Done with rirpa frequency point #                    55
 Done with rirpa frequency point #                    56
 Done with rirpa frequency point #                    57
 Done with rirpa frequency point #                    58
 Done with rirpa frequency point #                    59
 Done with rirpa frequency point #                    60
 Done with rirpa frequency point #                    61
 Done with rirpa frequency point #                    62
 Done with rirpa frequency point #                    63
 Done with rirpa frequency point #                    64
 Done with rirpa frequency point #                    65
 Done with rirpa frequency point #                    66
 Done with rirpa frequency point #                    67
 Done with rirpa frequency point #                    68
 Done with rirpa frequency point #                    69
 Done with rirpa frequency point #                    70
 Done with rirpa frequency point #                    71
 Done with rirpa frequency point #                    72
 Done with rirpa frequency point #                    73
 Done with rirpa frequency point #                    74
 Done with rirpa frequency point #                    75
 Done with rirpa frequency point #                    76
 Done with rirpa frequency point #                    77
 Done with rirpa frequency point #                    78
 Done with rirpa frequency point #                    79
 Done with rirpa frequency point #                    80
 Done with rirpa frequency point #                    81
 Done with rirpa frequency point #                    82
 Done with rirpa frequency point #                    83
 Done with rirpa frequency point #                    84
 Done with rirpa frequency point #                    85
 Done with rirpa frequency point #                    86
 Done with rirpa frequency point #                    87
 Done with rirpa frequency point #                    88
 Done with rirpa frequency point #                    89
 Done with rirpa frequency point #                    90
 Done with rirpa frequency point #                    91
 Done with rirpa frequency point #                    92
 Done with rirpa frequency point #                    93
 Done with rirpa frequency point #                    94
 Done with rirpa frequency point #                    95
 Done with rirpa frequency point #                    96
 Done with rirpa frequency point #                    97
 Done with rirpa frequency point #                    98
 Done with rirpa frequency point #                    99
 Done with rirpa frequency point #                   100
 


 RI-RPA correlation energy: -0.6470645967448043E+00
 Allocatable memory for RI due to $ricore (MB):                   500

 there are 1 real representations :   a   

 maximum number of shells which are related by symmetry :  1

  
           ------------------------
               RI-J - INFORMATION
           ------------------------
 Contributions to RI integral batches: 
  neglected integral batches:                     9
  direct contribution:                            0
  memory contribution:                  2136

         -----------------
         -S,T+V- integrals
         -----------------

 1e-integrals will be neglected if expon. factor < 0.461681E-11

          ------------------------
          nuclear repulsion energy  :   89.4754716964    
          ------------------------


                  --------------------------------------------------- 
                 |  HXX+RIRPA total energy     =  -2612.72121208591  |
                  ---------------------------------------------------- 
                 :  RIRPA correlation energy   =     -0.64706459674  :
                 :  HXX total energy           =  -2612.07414748917  :
                 :  Hartree energy             =   1207.29481243858  :
                 :  Exact Exchange energy      =    -95.76776597427  :
                  .................................................... 


    ------------------------------------------------------------------------
    Rirpa profiling                cpu                    wall         ratio
    ------------------------------------------------------------------------
    module                         sec     %               sec     %
    ------------------------------------------------------------------------
    RIRPA                        32.6  100.00           32.6  100.00   1.0
    STARTUP                       0.1    0.18            0.1    0.18   1.0
    riccmos                       0.0    0.11            0.0    0.11   1.0
    riccbound                     3.8   11.51            3.8   11.51   1.0
    ccmkbaoi                      0.7    2.06            0.7    2.06   1.0
    ecrpa                         1.5    4.66            1.5    4.66   1.0
    qbuild                        1.3    3.95            1.3    3.97   1.0
    rparenrm                      0.2    0.59            0.2    0.59   1.0
    ehxx                         26.5   81.38           26.5   81.38   1.0
    ------------------------------------------------------------------------
    sum                          66.7  204.54           66.7  204.56   1.0
    ------------------------------------------------------------------------


    ------------------------------------------------------------------------
         total  cpu-time :  32.62 seconds
         total wall-time :  32.62 seconds
    ------------------------------------------------------------------------

   ****  rirpa : all done  ****


    2020-07-20 18:34:20.382 

