           SMPCPUS    set: Shared-memory Parallelization with  10 CPUs.

           SMP Parallelization Reference:
           C. van Wullen, J. Comput. Chem. 32 (2011) 1195--1201

 ridft (c-12-30) : TURBOMOLE rev. V7.5.0 compiled 13 Jun 2020 at 23:29:25
 Copyright (C) 2020 TURBOMOLE GmbH, Karlsruhe


    2020-12-12 22:30:25.353 



                                  r i d f t

                        DFT program with RI approximation 
                                for coulomb part 




                                                 
                                 References:     
                                                 
          TURBOMOLE:                             
              R. Ahlrichs, M. Baer, M. Haeser, H. Horn, and
              C. Koelmel
              Electronic structure calculations on workstation
              computers: the program system TURBOMOLE
              Chem. Phys. Lett. 162: 165 (1989)
          Density Functional:                              
              O. Treutler and R. Ahlrichs                      
              Efficient Molecular Numerical Integration Schemes
              J. Chem. Phys. 102: 346 (1995)                   
          Parallel Version:                                
              Performance of parallel TURBOMOLE for Density    
              Functional Calculations                          
              M. v. Arnim and R. Ahlrichs                      
              J. Comp. Chem. 19: 1746 (1998)                   
          RI-J Method:                                     
              Auxiliary Basis Sets to approximate Coulomb      
              Potentials                                       
              Chem. Phys. Lett. 240: 283 (1995)                
              K. Eichkorn, O. Treutler, H. Oehm, M. Haeser     
              and R. Ahlrichs                                  
              Chem. Phys. Lett. 242: 652 (1995)                
                                                           
              Auxiliary Basis Sets for Main Row Atoms and their
              Use to approximate Coulomb Potentials            
              K. Eichkorn, F. Weigend, O. Treutler and         
              R. Ahlrichs                                      
              Theo. Chem. Acc. 97: 119 (1997)                   
                                                           
              Accurate Coulomb-fitting basis sets for H to Rn 
              F. Weigend                                        
              Phys. Chem. Chem. Phys. 8: 1057 (2006)            
                                                           
          Multipole accelerated RI-J (MARI-J):             
              Fast evaluation of the Coulomb potential for     
              electron densities using multipole accelerated   
              resolution of identity approximation             
              M. Sierka, A. Hogekamp and R. Ahlrichs           
              J. Chem. Phys. 118: 9136 (2003)                  
          RI-JK Method:                                     
              A fully direct RI-HF algorithm: Implementation,
              optimised auxiliary basis sets, demonstration of
              accuracy and efficiency                         
              F. Weigend                                      
              Phys. Chem. Chem. Phys. 4: 4285 (2002)           
          Two-component HF and DFT with spin-orbit coupling:  
              Self-consistent treatment of spin-orbit         
              interactions with efficient Hartree-Fock and    
              density functional methods                      
              M. K. Armbruster, F. Weigend, C. van Wüllen and 
              W. Klopper                                      
              Phys. Chem. Chem. Phys. 10: 1748 (2008)         
          Two-component difference density and DIIS algorithm 
              Efficient two-component self-consistent field   
              procedures and gradients: implementation in     
              TURBOMOLE and application to Au20-              
              A. Baldes, F. Weigend                           
              Mol. Phys. 111: 2617 (2013)                     
          Relativistic all-electron 2c calculations           
              An efficient implementation of two-component    
              relativistic exact-decoupling methods for large 
              molecules                                       
              D. Peng, N. Middendorf, F. Weigend, M. Reiher   
              J. Chem. Phys. 138: 184105 (2013)               
          Finite nucleus model and SNSO approximation         
              Efficient implementation of one- and two-       
              component analytical energy gradients in exact  
              two-component theory                            
              Y. J. Franzke, N. Middendorf, F. Weigend        
              J. Chem. Phys. 148: 104110 (2018)               
          Grids for all-electron relativistic methods         
              Error-consistent segmented contracted all-      
              electron relativistic basis sets of double-     
              and triple-zeta quality for NMR shielding       
              constants                                       
              Y. J. Franzke, R. Tress, T. M. Pazdera,         
              F. Weigend                                      
              Phys. Chem. Chem. Phys. 21: 166658 (2019)       
          Seminumerical exchange algorithms                   
              Seminumerical calculation of the Hartree-Fock   
              exchange matirx: Application to two-component   
              procedures and efficient evaluation of local    
              hybrid functionsl                               
              P. Plessow, F. Weigend,                         
              J. Comput. Chem. 33: 810 (2012)                 
          Improved seminumerical algorithms                   
              C. Holzer, in preparation (2020)                
                                         




              +--------------------------------------------------+
              |      general information about current run       |
              +--------------------------------------------------+

 

 DENSITY CONVERGENCE CHECK SWITCHED ON !
 SCF CONVERGENCE IF RMS(delta[D]) <     0.1000000000E-06

 TPSS meta-GGA functional
 exchange:    LDA + TPSS
 correlation: LDA (PW) + TPSS
 A DFT calculation using the RI-J approximation will be carried out.
 Allocatable memory for RI due to $ricore (MB):                  5000


              +--------------------------------------------------+
              | Atomic coordinate, charge and isotop information |
              +--------------------------------------------------+

                    atomic coordinates            atom    charge  isotop
         -0.06570351    0.55668537    0.10806883    h      1.000     0
         -0.03215240    0.49503343    2.15627249    c      6.000     0
          2.27001649    0.54012928    3.43938097    c      6.000     0
          2.31123181    0.47093151    6.07217446    c      6.000     0
          0.05281763    0.35689105    7.42277671    c      6.000     0
         -2.24813713    0.31112874    6.14229337    c      6.000     0
         -2.29209560    0.38033570    3.50904381    c      6.000     0
          4.02645304    0.62857303    2.38819956    h      1.000     0
          4.10060616    0.50318416    7.06897338    h      1.000     0
          0.08611610    0.30011610    9.47033004    h      1.000     0
         -4.00425805    0.21961036    7.19318643    h      1.000     0
         -4.08184359    0.34713177    2.51216200    h      1.000     0
          0.00645224   -6.07670883    3.26632134    i      0.000     0
          0.20062703  -10.07865960    3.49736016    c      0.000     0
          0.25563759  -11.10611128    1.20200669    f      0.000     0
          2.27186443  -10.80355835    4.72729593    f      0.000     0
         -1.79542227  -11.00184252    4.71844231    f      0.000     0
 
       center of nuclear mass  :    0.06546714   -5.41637843    3.76972967
       center of nuclear charge:    0.01027274    0.42576188    4.79029931

              +--------------------------------------------------+
              |               basis set information              |
              +--------------------------------------------------+

              we will work with the 1s 3p 5d 7f 9g ... basis set
              ...i.e. with spherical basis functions...

   type   atoms  prim   cont   basis
   ---------------------------------------------------------------------------
    h        6     32     30   cc-pVQZ   [4s3p2d1f|6s3p2d1f]
    c        7     77     55   cc-pVQZ   [5s4p3d2f1g|21s6p3d2f1g]
    i        1    161     67   cc-pVQZ-PP   [6s6p4d2f1g|24s18p12d2f1g]
    f        3     77     55   cc-pVQZ   [5s4p3d2f1g|21s6p3d2f1g]
   ---------------------------------------------------------------------------
   total:   17   1123    797
   ---------------------------------------------------------------------------

   total number of primitive shells          :  135
   total number of contracted shells         :  229
   total number of cartesian basis functions :  993
   total number of SCF-basis functions       :  797


 integral neglect threshold       :  0.34E-11
 integral storage threshold THIZE :  0.10E-04
 integral storage threshold THIME :         5

 RI-J AUXILIARY BASIS SET information:

              we will work with the 1s 3p 5d 7f 9g ... basis set
              ...i.e. with spherical basis functions...

   type   atoms  prim   cont   basis
   ---------------------------------------------------------------------------
    h        6     16     11   cc-pVQZ   [3s1p1d|5s2p1d]
    c        7     70     49   cc-pVQZ   [6s4p3d1f1g|12s5p4d2f1g]
    i        1     81     58   universal-ecp-2   [8s4p3d2f1g|11s5p5d3f1g]
    f        3     70     49   cc-pVQZ   [6s4p3d1f1g|12s5p4d2f1g]
   ---------------------------------------------------------------------------
   total:   17    877    614
   ---------------------------------------------------------------------------

   total number of primitive shells          :   81
   total number of contracted shells         :  198
   total number of cartesian basis functions :  755
   total number of SCF-basis functions       :  614


 symmetry group of the molecule :   c1 

 the group has the following generators :
   c1(z)

    1 symmetry operations found

 there are 1 real representations :   a   

 maximum number of shells which are related by symmetry :  1

  
           ------------------
           density functional
           ------------------
 Dummy atoms with grid-point found.
 DFT quadrature threshold dgrenze tightened by factor 1/10.

 TPSS meta-GGA functional
 exchange:    LDA + TPSS
 correlation: LDA (PW) + TPSS
 Dummy atoms with grid-point found.
 DFT quadrature threshold dgrenze tightened by factor 1/10.

 Dummy atoms with grid-point found.
 DFT quadrature threshold dgrenze tightened by factor 1/10.


 spherical integration : Lebedev's spherical grid
 spherical gridsize    :                     5
    i.e. gridpoints    :                   590
 value for diffuse not defined
 radial integration    : Chebyshev 2nd kind (scaling 3)
 radial gridsize       :                     8
 integration cells     :                    17
 partition function    : becke
 partition sharpness   :                     3
  
 found dummy atom(s) with basis: included in dft

 biggest AO integral is expected to be     5.406832293

          ------------------------
          nuclear repulsion energy  :   203.559494905    
          ------------------------


         -----------------
         -S,T+V- integrals
         -----------------

 1e-integrals will be neglected if expon. factor < 0.336552E-12
 
   Difference densities algorithm switched on.
   The maximal number of linear combinations of
   difference densities is                    20 .

 DIIS switched on: error vector is FDS-SDF
 Max. Iterations for DIIS is     :   4
 DIIS matrix (see manual) 
    Scaling factor of diagonals  :  1.200
    threshold for scaling factor :  0.000

 scf convergence criterion : increment of total energy < .1000000D-06
                  and increment of one-electron energy < .1000000D-03

 MOs are in ASCII format !


    mo occupation :
   irrep   mo's   occupied
    a      797       21
 
 number of basis functions   :   797
 number of occupied orbitals :    21
 

 reading orbital data $scfmo  from file mos
 orbital characterization : scfconv=7
 mo-orthogonalization by Cholesky decomposition

 automatic virtual orbital shift switched on 
      shift if e(lumo)-e(homo) < 0.10000000    

  
           ------------------------
               RI-J - INFORMATION
           ------------------------
 Contributions to RI integral batches: 
  neglected integral batches:                  8719
  direct contribution:                            0
  memory contribution:                 17616
 Memory core needed for (P|Q) and Cholesky      3 MByte
 Memory core minimum needed except of (P|Q)     3 MByte
 Total minimum memory core needed (sum)         6 MByte
  
 ****************************************
 Memory allocated for RI-J  1843 MByte
 ****************************************
                                            

 DSCF restart information will be dumped onto file mos


 Starting SCF iterations

          Overall gridpoints after grid construction =        288890

 ITERATION  ENERGY          1e-ENERGY        2e-ENERGY     RMS[dD(SAO)]   TOL
   1  -232.38272915060    -714.54829599     278.60607194    0.000D+00 0.336D-11
                            Exc = -34.8457227647     Coul =  313.451794700    
                              N = 41.999997677    
                            current damping = 0.300
 
          max. resid. norm for Fia-block=  3.819D-02 for orbital      6a         
          max. resid. fock norm         =  3.420D-01 for orbital    701a         

 ITERATION  ENERGY          1e-ENERGY        2e-ENERGY     RMS[dD(SAO)]   TOL
   2  -232.38595173182    -714.49025112     278.54480449    0.842D-03 0.217D-11
                            Exc = -34.8798668340     Coul =  313.424671322    
                              N = 41.999997701    
                            current damping = 0.250
 
          Norm of current diis error: 0.80047E-01
          max. resid. norm for Fia-block=  8.939D-03 for orbital      2a         
          max. resid. fock norm         =  8.666D-02 for orbital    706a         

 ITERATION  ENERGY          1e-ENERGY        2e-ENERGY     RMS[dD(SAO)]   TOL
   3  -232.38611387916    -714.64213633     278.69652754    0.191D-03 0.175D-11
                            Exc = -34.8953646114     Coul =  313.591892153    
                              N = 41.999997709    
                            current damping = 0.200
 
          Norm of current diis error: 0.41623E-01
          max. resid. norm for Fia-block=  1.735D-03 for orbital      1a         
          max. resid. fock norm         =  1.771D-02 for orbital    706a         

 ITERATION  ENERGY          1e-ENERGY        2e-ENERGY     RMS[dD(SAO)]   TOL
   4  -232.38614869199    -714.53060493     278.58496133    0.396D-04 0.160D-11
                            Exc = -34.8896255139     Coul =  313.474586844    
                              N = 41.999997707    
                            current damping = 0.250
 
          Norm of current diis error: 0.14107E-01
          max. resid. norm for Fia-block=  3.781D-04 for orbital     19a         
          max. resid. fock norm         =  4.059D-03 for orbital    706a         

 ITERATION  ENERGY          1e-ENERGY        2e-ENERGY     RMS[dD(SAO)]   TOL
   5  -232.38615253644    -714.55688913     278.61124169    0.755D-05 0.153D-11
                            Exc = -34.8915523706     Coul =  313.502794057    
                              N = 41.999997708    
                            current damping = 0.300
 
          Norm of current diis error: 0.14103E-02
          max. resid. norm for Fia-block=  7.544D-05 for orbital     13a         
          max. resid. fock norm         =  9.803D-04 for orbital    704a         
          mo-orthogonalization: Cholesky decomposition

 ITERATION  ENERGY          1e-ENERGY        2e-ENERGY     RMS[dD(SAO)]   TOL
   6  -232.38615258093    -714.55946037     278.61381289    0.136D-05 0.145D-11
                            Exc = -34.8917842397     Coul =  313.505597128    
                              N = 41.999997708    
                            current damping = 0.150
 
          Norm of current diis error: 0.25596E-03
          max. resid. norm for Fia-block=  1.939D-05 for orbital     13a         
          max. resid. fock norm         =  2.325D-04 for orbital    705a         

 ENERGY & DENSITY CONVERGED !


 ITERATION  ENERGY          1e-ENERGY        2e-ENERGY     RMS[dD(SAO)]   TOL
   7  -232.38615258229    -714.55958336     278.61393587    0.321D-06 0.140D-11
                            Exc = -34.8917961276     Coul =  313.505731999    
                              N = 41.999997708    
                            current damping = 0.100
 
          Norm of current diis error: 0.92313E-04
          max. resid. norm for Fia-block=  4.068D-06 for orbital     18a         
          max. resid. fock norm         =  3.539D-05 for orbital    706a         

 End of SCF iterations

   convergence criteria satisfied after     7 iterations


                  ------------------------------------------ 
                 |  total energy      =   -232.38615258229  |
                  ------------------------------------------ 
                 :  kinetic energy    =    231.29507780360  :
                 :  potential energy  =   -463.68123038589  :
                 :  virial theorem    =      1.99530490622  :
                 :  wavefunction norm =      1.00000000000  :
                  .......................................... 


 orbitals $scfmo  will be written to file mos

    irrep                 17a         18a         19a         20a         21a   
 eigenvalues H         -0.33404    -0.30655    -0.30651    -0.23083    -0.23073
            eV          -9.0899     -8.3416     -8.3407     -6.2813     -6.2785
 occupation              2.0000      2.0000      2.0000      2.0000      2.0000

    irrep                 22a         23a         24a         25a         26a   
 eigenvalues H         -0.03590    -0.03581     0.01659     0.04405     0.04483
            eV          -0.9768     -0.9744      0.4515      1.1987      1.2198
 
 
 
 
 ==============================================================================
                           electrostatic moments
 ==============================================================================

 reference point for electrostatic moments:    0.00000   0.00000   0.00000

 
              nuc           elec       ->  total
 ------------------------------------------------------------------------------
                          charge      
 ------------------------------------------------------------------------------
          42.000000     -42.000000       0.000000
 
 ------------------------------------------------------------------------------
                       dipole moment  
 ------------------------------------------------------------------------------
   x       0.431455      -0.431243       0.000212
   y      17.881999     -17.871608       0.010391
   z     201.192571    -201.188664       0.003907
 
   | dipole moment | =     0.0111 a.u. =     0.0282 debye 
 
 ------------------------------------------------------------------------------
                     quadrupole moment
 ------------------------------------------------------------------------------
  xx     190.573039    -214.414527     -23.841488
  yy       7.981406     -37.241660     -29.260253
  zz    1154.359154   -1178.170487     -23.811332
  xy       6.764687      -6.580799       0.183888
  xz       2.229450      -2.224091       0.005359
  yz      80.489242     -80.607964      -0.118722
 
     1/3  trace=     -25.637691
     anisotropy=       5.447123
 
 ==============================================================================
 
HOMO-LUMO Separation
 HOMO         :   -0.23073063 H =     -6.27850 eV
 LUMO         :   -0.03589786 H =     -0.97683 eV
 HOMO-LUMO gap:    0.19483277 H =     +5.30167 eV
 
 ==============================================================================


    ------------------------------------------------------------------------
         total  cpu-time : 13 minutes and  6 seconds
         total wall-time :  1 minutes and 39 seconds
    ------------------------------------------------------------------------

   ****  ridft : all done  ****


    2020-12-12 22:32:03.842 

