
 ridft (tigris) : TURBOMOLE rev. V7.4.1 (b987a8a8) compiled 15 Oct 2019 at 12:03:25
 Copyright (C) 2019 TURBOMOLE GmbH, Karlsruhe


    2020-12-20 19:37:44.894 



                                  r i d f t

                        DFT program with RI approximation 
                                for coulomb part 




                                                 
                                 References:     
                                                 
          TURBOMOLE:                             
              R. Ahlrichs, M. Baer, M. Haeser, H. Horn, and
              C. Koelmel
              Electronic structure calculations on workstation
              computers: the program system TURBOMOLE
              Chem. Phys. Lett. 162: 165 (1989)
          Density Functional:                              
              O. Treutler and R. Ahlrichs                      
              Efficient Molecular Numerical Integration Schemes
              J. Chem. Phys. 102: 346 (1995)                   
          Parallel Version:                                
              Performance of parallel TURBOMOLE for Density    
              Functional Calculations                          
              M. v. Arnim and R. Ahlrichs                      
              J. Comp. Chem. 19: 1746 (1998)                   
          RI-J Method:                                     
              Auxiliary Basis Sets to approximate Coulomb      
              Potentials                                       
              Chem. Phys. Lett. 240: 283 (1995)                
              K. Eichkorn, O. Treutler, H. Oehm, M. Haeser     
              and R. Ahlrichs                                  
              Chem. Phys. Lett. 242: 652 (1995)                
                                                           
              Auxiliary Basis Sets for Main Row Atoms and their
              Use to approximate Coulomb Potentials            
              K. Eichkorn, F. Weigend, O. Treutler and         
              R. Ahlrichs                                      
              Theo. Chem. Acc. 97: 119 (1997)                   
                                                           
              Accurate Coulomb-fitting basis sets for H to Rn 
              F. Weigend                                        
              Phys. Chem. Chem. Phys. 8: 1057 (2006)            
                                                           
          Multipole accelerated RI-J (MARI-J):             
              Fast evaluation of the Coulomb potential for     
              electron densities using multipole accelerated   
              resolution of identity approximation             
              M. Sierka, A. Hogekamp and R. Ahlrichs           
              J. Chem. Phys. 118: 9136 (2003)                  
          RI-JK Method:                                     
              A fully direct RI-HF algorithm: Implementation,
              optimised auxiliary basis sets, demonstration of
              accuracy and efficiency                         
              F. Weigend                                      
              Phys. Chem. Chem. Phys. 4: 4285 (2002)           
          Two-component HF and DFT with spin-orbit coupling:  
              Self-consistent treatment of spin-orbit         
              interactions with efficient Hartree-Fock and    
              density functional methods                      
              M. K. Armbruster, F. Weigend, C. van Wüllen and 
              W. Klopper                                      
              Phys. Chem. Chem. Phys. 10: 1748 (2008)         
          Two-component difference density and DIIS algorithm 
              Efficient two-component self-consistent field   
              procedures and gradients: implementation in     
              TURBOMOLE and application to Au20-              
              A. Baldes, F. Weigend                           
              Mol. Phys. 111: 2617 (2013)                     
          Relativistic all-electron 2c calculations           
              An efficient implementation of two-component    
              relativistic exact-decoupling methods for large 
              molecules                                       
              D. Peng, N. Middendorf, F. Weigend, M. Reiher   
              J. Chem. Phys. 138: 184105 (2013)               
          Finite nucleus model and SNSO approximation         
              Efficient implementation of one- and two-       
              component analytical energy gradients in exact  
              two-component theory                            
              Y. J. Franzke, N. Middendorf, F. Weigend        
              J. Chem. Phys. 148: 104110 (2018)               
                                         




              +--------------------------------------------------+
              |      general information about current run       |
              +--------------------------------------------------+

 

 DENSITY CONVERGENCE CHECK SWITCHED ON !
 SCF CONVERGENCE IF RMS(delta[D]) <     0.1000000000E-06

 TPSS global hybrid functional
 exchange:    9/10 (LDA+TPSS) + 1/10 HF
 correlation: LDA (PW) + TPSS
 A Hybrid-DFT calculation using the RI-J approximation will be carried out.
 Allocatable memory for RI due to $ricore (MB):                   500


              +--------------------------------------------------+
              | Atomic coordinate, charge and isotop information |
              +--------------------------------------------------+

                    atomic coordinates            atom    charge  isotop
          0.12378732    0.13079216    5.63236034    n      7.000     0
          1.92218202    0.17132367    6.28007515    h      1.000     0
         -1.17477919   -2.16015395    6.50263359    c      6.000     0
         -3.09045648   -2.15523634    5.76369796    h      1.000     0
         -0.21384154   -3.80016434    5.72620126    h      1.000     0
         -1.25417634   -2.34570047    8.55261264    h      1.000     0
         -0.74102162    1.69369613    6.31415805    h      1.000     0
 
       center of nuclear mass  :   -0.50811323   -0.98530617    6.11416006
       center of nuclear charge:   -0.53108210   -1.02674777    6.17105939

              +--------------------------------------------------+
              |               basis set information              |
              +--------------------------------------------------+

              we will work with the 1s 3p 5d 7f 9g ... basis set
              ...i.e. with spherical basis functions...

   type   atoms  prim   cont   basis
   ---------------------------------------------------------------------------
    n        1     77     55   cc-pVQZ   [5s4p3d2f1g|21s6p3d2f1g]
    h        5     32     30   cc-pVQZ   [4s3p2d1f|6s3p2d1f]
    c        1     77     55   cc-pVQZ   [5s4p3d2f1g|21s6p3d2f1g]
   ---------------------------------------------------------------------------
   total:    7    314    260
   ---------------------------------------------------------------------------

   total number of primitive shells          :   78
   total number of contracted shells         :   80
   total number of cartesian basis functions :  315
   total number of SCF-basis functions       :  260


 integral neglect threshold       :  0.11E-10
 integral storage threshold THIZE :  0.10E-04
 integral storage threshold THIME :         5

 RI-J AUXILIARY BASIS SET information:

              we will work with the 1s 3p 5d 7f 9g ... basis set
              ...i.e. with spherical basis functions...

   type   atoms  prim   cont   basis
   ---------------------------------------------------------------------------
    n        1     70     49   cc-pVQZ   [6s4p3d1f1g|12s5p4d2f1g]
    h        5     16     11   cc-pVQZ   [3s1p1d|5s2p1d]
    c        1     70     49   cc-pVQZ   [6s4p3d1f1g|12s5p4d2f1g]
   ---------------------------------------------------------------------------
   total:    7    220    153
   ---------------------------------------------------------------------------

   total number of primitive shells          :   56
   total number of contracted shells         :   55
   total number of cartesian basis functions :  182
   total number of SCF-basis functions       :  153


 symmetry group of the molecule :   c1 

 the group has the following generators :
   c1(z)

    1 symmetry operations found

 there are 1 real representations :   a   

 maximum number of shells which are related by symmetry :  1


    mo occupation :
   irrep   mo's   occupied
    a      260        9
 
 number of basis functions   :                    260
 number of occupied orbitals :                      9
 
  
           ------------------
           density functional
           ------------------
 TPSS global hybrid functional
 exchange:    9/10 (LDA+TPSS) + 1/10 HF
 correlation: LDA (PW) + TPSS

 spherical integration : Lebedev's spherical grid
 spherical gridsize    :                     5
    i.e. gridpoints    :                   590
 value for diffuse not defined
 radial integration    : Chebyshev 2nd kind (scaling 3)
 radial gridsize       :                     8
 integration cells     :                     7
 partition function    : becke
 partition sharpness   :                     3
  

 biggest AO integral is expected to be     4.161848376
  
           ------------------------
               RI-J - INFORMATION
           ------------------------
 Contributions to RI integral batches: 
  neglected integral batches:                    41
  direct contribution:                            0
  memory contribution:                  3199
 Memory core needed for (P|Q) and Cholesky      1 MByte
 Memory core minimum needed except of (P|Q)     1 MByte
 Total minimum memory core needed (sum)         1 MByte
  
 ****************************************
 Memory allocated for RI-J    70 MByte
 ****************************************
                                            

          ------------------------
          nuclear repulsion energy  :   42.0380643283    
          ------------------------


         -----------------
         -S,T+V- integrals
         -----------------

 1e-integrals will be neglected if expon. factor < 0.106094E-11
 
   Difference densities algorithm switched on.
   The maximal number of linear combinations of
   difference densities is                    20 .

 DIIS switched on: error vector is FDS-SDF
 Max. Iterations for DIIS is     :   4
 DIIS matrix (see manual) 
    Scaling factor of diagonals  :  1.200
    threshold for scaling factor :  0.000

 scf convergence criterion : increment of total energy < .1000000D-06
                  and increment of one-electron energy < .1000000D-03

  MOs are in ASCII format !


 automatic virtual orbital shift switched on 
      shift if e(lumo)-e(homo) < 0.10000000    


 reading orbital data $scfmo  from file mos
 orbital characterization : scfconv=7

 DSCF restart information will be dumped onto file mos


 Starting SCF iterations

          Overall gridpoints after grid construction =        103891

 ITERATION  ENERGY          1e-ENERGY        2e-ENERGY     RMS[dD(SAO)]   TOL
   1  -95.904855083194    -211.66369512     73.720775711    0.000D+00 0.106D-10
                            Exc = -12.8624057648     Coul =  87.9386709183    
                            exK = -1.35548944222    
                              N = 17.999999945    
                            current damping = 0.300
 
          max. resid. norm for Fia-block=  4.780D-02 for orbital      1a         
          max. resid. fock norm         =  2.398D-01 for orbital    256a         

 ITERATION  ENERGY          1e-ENERGY        2e-ENERGY     RMS[dD(SAO)]   TOL
   2  -95.907019330168    -211.65533982     73.710256157    0.671D-03 0.677D-11
                            Exc = -12.8776420522      Eck =  86.5878982090    
                              N = 17.999999947    
                            current damping = 0.250
 
          Norm of current diis error: 0.74726E-01
          max. resid. norm for Fia-block=  1.247D-02 for orbital      2a         
          max. resid. fock norm         =  6.716D-02 for orbital    256a         

 ITERATION  ENERGY          1e-ENERGY        2e-ENERGY     RMS[dD(SAO)]   TOL
   3  -95.907134222065    -211.68980594     73.744607385    0.198D-03 0.540D-11
                            Exc = -12.8829380137      Eck =  86.6275453987    
                              N = 17.999999947    
                            current damping = 0.200
 
          Norm of current diis error: 0.47182E-01
          max. resid. norm for Fia-block=  2.677D-03 for orbital      1a         
          max. resid. fock norm         =  1.532D-02 for orbital    248a         

 ITERATION  ENERGY          1e-ENERGY        2e-ENERGY     RMS[dD(SAO)]   TOL
   4  -95.907180308753    -211.68118955     73.735944913    0.508D-04 0.502D-11
                            Exc = -12.8834057735      Eck =  86.6193506860    
                              N = 17.999999948    
                            current damping = 0.250
 
          Norm of current diis error: 0.84787E-02
          max. resid. norm for Fia-block=  4.868D-04 for orbital      9a         
          max. resid. fock norm         =  3.190D-03 for orbital    256a         

 ITERATION  ENERGY          1e-ENERGY        2e-ENERGY     RMS[dD(SAO)]   TOL
   5  -95.907181496176    -211.67187042     73.726624598    0.115D-04 0.477D-11
                            Exc = -12.8825621152      Eck =  86.6091867136    
                              N = 17.999999948    
                            current damping = 0.100
 
          Norm of current diis error: 0.41091E-02
          max. resid. norm for Fia-block=  1.610D-04 for orbital      9a         
          max. resid. fock norm         =  7.901D-04 for orbital    248a         
          mo-orthogonalization: Cholesky decomposition

 ITERATION  ENERGY          1e-ENERGY        2e-ENERGY     RMS[dD(SAO)]   TOL
   6  -95.907181838805    -211.67840172     73.733155553    0.616D-05 0.471D-11
                            Exc = -12.8832097695      Eck =  86.6163653221    
                              N = 17.999999948    
                            current damping = 0.150
 
          Norm of current diis error: 0.92794E-03
          max. resid. norm for Fia-block=  3.823D-05 for orbital      5a         
          max. resid. fock norm         =  1.200D-04 for orbital    248a         

 ITERATION  ENERGY          1e-ENERGY        2e-ENERGY     RMS[dD(SAO)]   TOL
   7  -95.907181856898    -211.67721348     73.731967295    0.964D-06 0.458D-11
                            Exc = -12.8831029568      Eck =  86.6150702517    
                              N = 17.999999948    
                            current damping = 0.200
 
          Norm of current diis error: 0.13884E-03
          max. resid. norm for Fia-block=  7.896D-06 for orbital      9a         
          max. resid. fock norm         =  2.286D-05 for orbital    248a         

 ENERGY & DENSITY CONVERGED !


 ITERATION  ENERGY          1e-ENERGY        2e-ENERGY     RMS[dD(SAO)]   TOL
   8  -95.907181857266    -211.67722687     73.731980688    0.165D-06 0.448D-11
                            Exc = -12.8831049367      Eck =  86.6150856249    
                              N = 17.999999948    
                            current damping = 0.250
 
          Norm of current diis error: 0.46866E-04
          max. resid. norm for Fia-block=  2.463D-06 for orbital      7a         
          max. resid. fock norm         =  7.816D-06 for orbital    256a         

 End of SCF iterations

   convergence criteria satisfied after     8 iterations


                  ------------------------------------------ 
                 |  total energy      =    -95.90718185727  |
                  ------------------------------------------ 
                 :  kinetic energy    =     95.47203884544  :
                 :  potential energy  =   -191.37922070271  :
                 :  virial theorem    =      1.99546287355  :
                 :  wavefunction norm =      1.00000000000  :
                  .......................................... 


 <geterg> : there is no data group $energy 


 <skperg> : $end is missing 


 orbitals $scfmo  will be written to file mos

    irrep                  5a          6a          7a          8a          9a   
 eigenvalues H         -0.47006    -0.41993    -0.38558    -0.35317    -0.22059
            eV         -12.7912    -11.4270    -10.4922     -9.6103     -6.0025
 occupation              2.0000      2.0000      2.0000      2.0000      2.0000

    irrep                 10a         11a         12a         13a         14a   
 eigenvalues H          0.02282     0.05895     0.07917     0.10081     0.11679
            eV           0.6209      1.6042      2.1543      2.7431      3.1780
 
 
 
 
 ==============================================================================
                           electrostatic moments
 ==============================================================================

 reference point for electrostatic moments:    0.00000   0.00000   0.00000

 
              nuc           elec       ->  total
 ------------------------------------------------------------------------------
                          charge      
 ------------------------------------------------------------------------------
          18.000000     -18.000000      -0.000000
 
 ------------------------------------------------------------------------------
                       dipole moment  
 ------------------------------------------------------------------------------
   x      -9.559478       9.576761       0.017284
   y     -18.481460      18.500562       0.019102
   z     111.079069    -110.579737       0.499332
 
   | dipole moment | =     0.5000 a.u. =     1.2709 debye 
 
 ------------------------------------------------------------------------------
                     quadrupole moment
 ------------------------------------------------------------------------------
  xx      23.801405     -33.265360      -9.463956
  yy      55.603898     -65.317191      -9.713293
  zz     694.234556    -700.054431      -5.819875
  xy      24.829025     -25.026721      -0.197696
  xz     -63.325370      63.687964       0.362594
  yz    -121.597772     122.173385       0.575613
 
     1/3  trace=      -8.332374
     anisotropy=       3.969353
 
 ==============================================================================
 
HOMO-LUMO Separation
 HOMO         :   -0.22058517 H =     -6.00243 eV
 LUMO         :    0.02281799 H =     +0.62091 eV
 HOMO-LUMO gap:    0.24340316 H =     +6.62334 eV
 
 ==============================================================================


    ------------------------------------------------------------------------
         total  cpu-time :  4 minutes and  6 seconds
         total wall-time : 14 minutes and 14 seconds
    ------------------------------------------------------------------------

   ****  ridft : all done  ****


    2020-12-20 19:51:58.726 

 ridft ended normally
