
   OpenMP run-time library returned nthreads = 15

 rirpa (c-14-12) : TURBOMOLE rev. V7.5.0 compiled 17 Jun 2020 at 09:15:30
 Copyright (C) 2020 TURBOMOLE GmbH, Karlsruhe


    2020-08-12 15:20:48.617 

 
 
    *************************************************************************
    *************************** PROGRAM RIRPA *******************************
    ******                                                             ******
    ******              H. Eshuis, J. E. Bates and F. Furche           ******
    ******                                                             ******
    ****** Nov 2011                                                    ******
    ****** Copyright TURBOMOLE GmbH                                    ******
    *************************************************************************
    
    
                                References:                                  
    
                   RIRPA:                                                    
                     H. Eshuis, J. Yarkony, and F. Furche                    
                     Fast Computation of Molecular Random Phase              
                     Approximation Correlation Energies Using Resolution     
                     of the Identity and Imaginary Frequency Integration     
                     J. Chem. Phys. 132: 234114 (2010)                       
    
                     H. Eshuis, J. E. Bates, and F. Furche                   
                     Electron Correlation Methods Based on                   
                     the Random Phase Approximation                          
                     Theor. Chem. Acc.  131: 1084 (2012)                     
    
                     G. P. Chen, V. K. Voora, M. M. Agee,                    
                     S. G. Balasubramani, and F. Furche                      
                     Random-Phase Approximation Methods                      
                     Annu. Rev. Phys. Chem. 68: 421 (2017)                   
    
                   TWO-COMPONENT RIRPA:                                      
                     M. Kuehn                                                
                     Correlation Energies from the                           
                     Two-Component Random-Phase Approximation                
                     J. Chem. Theory Comput. 10: 623 (2014)                  
    
                   RIRPA GRADIENTS:                                          
                     A. M. Burow, J. E. Bates, F. Furche*, and H. Eshuis     
                     Analytical First-Order Molecular Properties and Forces  
                     within the Adiabatic Connection Random Phase            
                     Approximation                                           
                     J. Chem. Theory Comput. 10: 180 (2014)                  
    
                   RI-AXK/RI-ACSOSEX/RI-ACSOX:                               
                     G. P. Chen, M. M. Agee, and F. Furche                   
                     Performance and Scope of Perturbative Corrections to    
                     Random-Phase Approximation Energies                     
                     J. Chem. Theory Comput. 14: 5701 (2018)                 
    
                   GKS-RPA:                                                  
                     V. K. Voora, S. G. Balasubramani, and F. Furche         
                     Variational Generalized Kohn-Sham Approach Combining    
                     the Random-Phase-Approximation and Green’s-Function     
                     Methods                                                 
                     Phys. Rev. A 99: 012518 (2019)                          
    
    
    
      ... OpenMP parallelization enabled, threads:   15

   *-----------------------------------------------------------------------*
   |                     program will use 15 thread(s)                     |
   *-----------------------------------------------------------------------*

 MAXIMUM CORE MEMORY WHICH CAN BE ALLOCATED DYNAMICALLY = 150000 MiB
              ( or 19660800000 double words per process)

 number of unique ecp types :                     1
  Effective Core Potentials (ECPs) detected!
  HF exact exchange energy will be computed using RI-J.
 
  The HXX energy will NOT be computed due to nohxx option. 
 


              +--------------------------------------------------+
              | Atomic coordinate, charge and isotop information |
              +--------------------------------------------------+

                    atomic coordinates            atom    charge  isotop
          2.30002309    0.00016318   -1.39328096    c      6.000     0
          4.21916859    0.00033017    0.40912567    c      6.000     0
          3.63811981    0.00024587    2.97726249    c      6.000     0
          1.11968566    0.00033662    3.74535757    c      6.000     0
         -0.81834438    0.00013275    1.96298476    c      6.000     0
          2.73689415   -0.00003840   -3.38787335    h      1.000     0
          6.16926311    0.00019357   -0.20229949    h      1.000     0
          5.13456349   -0.00004375    4.36760885    h      1.000     0
          0.65329249    0.00020694    5.73519283    h      1.000     0
         -2.77506558   -0.00017614    2.54654764    h      1.000     0
         -0.20991404   -0.00020548   -0.59868573    c      6.000     0
         -2.82278970   -0.00330279   -3.03577474    br    25.000     0
 
       center of nuclear mass  :   -0.57607738   -0.00160322   -0.94348487
       center of nuclear charge:    0.04305512   -0.00115771   -0.36694862
              +-------------------------------------------------+
              |        Rotational Constants Section             |
              +-------------------------------------------------+
                                   Center of Mass [a.u]:
              -0.57607738068272        -0.00160322152711        -0.94348486790781
                     Principal Moments of Inertia [a.u.]
             316.75093906274969      1826.57982662980544      2143.33064843543980
                       Rotational constants A,B,C [a.u.]
               0.00157852728544         0.00027373564118         0.00023328178523
                     Rotational constants A,B,C [cm**-1]
               0.19005369541943         0.03295759956329         0.02808698067207
                        Rotational constants A,B,C [MHz]
            5697.66645017754126       988.04397828588753       842.02649734769625

   * BASIS SET information:

              +--------------------------------------------------+
              |               basis set information              |
              +--------------------------------------------------+

              we will work with the 1s 3p 5d 7f 9g ... basis set
              ...i.e. with spherical basis functions...

   type   atoms  prim   cont   basis
   ---------------------------------------------------------------------------
    c        6     77     55   cc-pVQZ   [5s4p3d2f1g|21s6p3d2f1g]
    h        5     32     30   cc-pVQZ   [4s3p2d1f|6s3p2d1f]
    br       1    164     64   cc-pVQZ-PP   [6s5p4d2f1g|24s19p12d2f1g]
   ---------------------------------------------------------------------------
   total:   12    786    544
   ---------------------------------------------------------------------------

   total number of primitive shells          :  103
   total number of contracted shells         :  158
   total number of cartesian basis functions :  675
   total number of SCF-basis functions       :  544


   * AUXILIARY BASIS SET information:

              +--------------------------------------------------+
              |               basis set information              |
              +--------------------------------------------------+

              we will work with the 1s 3p 5d 7f 9g ... basis set
              ...i.e. with spherical basis functions...

   type   atoms  prim   cont   basis
   ---------------------------------------------------------------------------
    c        6    132    132   cc-pVQZ   [8s7p6d5f3g1h|8s7p6d5f3g1h]
    h        5     55     55   cc-pVQZ   [5s4p3d2f1g|5s4p3d2f1g]
    br       1    241    241   cc-pVQZ-PP   [10s10p9d8f6g3h1i|10s10p9d8f6g3h1i]
   ---------------------------------------------------------------------------
   total:   12   1308   1308
   ---------------------------------------------------------------------------

   total number of primitive shells          :   92
   total number of contracted shells         :  302
   total number of cartesian basis functions : 1791
   total number of SCF-basis functions       : 1308


 reading orbital data $scfmo  from file mos
 orbital characterization : scfconv=7

 integral neglect threshold       :  0.27E+02

 scfconv                     7

 there are 1 real representations :   a   

 maximum number of shells which are related by symmetry :  1

 time elapsed for calculating density matrices :   0.520 sec

     total memory allocated for calculation of (Q|P)**(-1/2) : 20 MiB


     calculation of (P|Q) ...
     time in lp2sym        cpu:  0.54 sec    wall:  0.04 sec    ratio: 15.0


     calculation of the Cholesky decomposition of (P|Q)**(-1) ...
     time in invmetri      cpu:  1.81 sec    wall:  0.13 sec    ratio: 14.4

   threshold for RMS(d[D]) in SCF was     :  0.10E-06
   integral neglect threshold             :  0.19E-11
   derivative integral neglect threshold  :  0.10E-06


 setting up bound for integral derivative estimation

 increment for numerical differentiation : 0.00050000
 
 Occupied orbital block size for RIRPA:                    18
 
 Number of passes for spin                     1 is                     1
 
 Number of eigenvalues < 6e-3:                      0
 
 
            -----------------------------
            Complex frequency integration
            -----------------------------
 
 Number of Clenshaw-Curtis nodes:                    100
 Optimized scaling parameter    :    2.84280751664994     
 Sensitivity measure            :  -1.279717790070301E-010
 
 Done with rirpa frequency point #                     1
 Done with rirpa frequency point #                     2
 Done with rirpa frequency point #                     3
 Done with rirpa frequency point #                     4
 Done with rirpa frequency point #                     5
 Done with rirpa frequency point #                     6
 Done with rirpa frequency point #                     7
 Done with rirpa frequency point #                     8
 Done with rirpa frequency point #                     9
 Done with rirpa frequency point #                    10
 Done with rirpa frequency point #                    11
 Done with rirpa frequency point #                    12
 Done with rirpa frequency point #                    13
 Done with rirpa frequency point #                    14
 Done with rirpa frequency point #                    15
 Done with rirpa frequency point #                    16
 Done with rirpa frequency point #                    17
 Done with rirpa frequency point #                    18
 Done with rirpa frequency point #                    19
 Done with rirpa frequency point #                    20
 Done with rirpa frequency point #                    21
 Done with rirpa frequency point #                    22
 Done with rirpa frequency point #                    23
 Done with rirpa frequency point #                    24
 Done with rirpa frequency point #                    25
 Done with rirpa frequency point #                    26
 Done with rirpa frequency point #                    27
 Done with rirpa frequency point #                    28
 Done with rirpa frequency point #                    29
 Done with rirpa frequency point #                    30
 Done with rirpa frequency point #                    31
 Done with rirpa frequency point #                    32
 Done with rirpa frequency point #                    33
 Done with rirpa frequency point #                    34
 Done with rirpa frequency point #                    35
 Done with rirpa frequency point #                    36
 Done with rirpa frequency point #                    37
 Done with rirpa frequency point #                    38
 Done with rirpa frequency point #                    39
 Done with rirpa frequency point #                    40
 Done with rirpa frequency point #                    41
 Done with rirpa frequency point #                    42
 Done with rirpa frequency point #                    43
 Done with rirpa frequency point #                    44
 Done with rirpa frequency point #                    45
 Done with rirpa frequency point #                    46
 Done with rirpa frequency point #                    47
 Done with rirpa frequency point #                    48
 Done with rirpa frequency point #                    49
 Done with rirpa frequency point #                    50
 Done with rirpa frequency point #                    51
 Done with rirpa frequency point #                    52
 Done with rirpa frequency point #                    53
 Done with rirpa frequency point #                    54
 Done with rirpa frequency point #                    55
 Done with rirpa frequency point #                    56
 Done with rirpa frequency point #                    57
 Done with rirpa frequency point #                    58
 Done with rirpa frequency point #                    59
 Done with rirpa frequency point #                    60
 Done with rirpa frequency point #                    61
 Done with rirpa frequency point #                    62
 Done with rirpa frequency point #                    63
 Done with rirpa frequency point #                    64
 Done with rirpa frequency point #                    65
 Done with rirpa frequency point #                    66
 Done with rirpa frequency point #                    67
 Done with rirpa frequency point #                    68
 Done with rirpa frequency point #                    69
 Done with rirpa frequency point #                    70
 Done with rirpa frequency point #                    71
 Done with rirpa frequency point #                    72
 Done with rirpa frequency point #                    73
 Done with rirpa frequency point #                    74
 Done with rirpa frequency point #                    75
 Done with rirpa frequency point #                    76
 Done with rirpa frequency point #                    77
 Done with rirpa frequency point #                    78
 Done with rirpa frequency point #                    79
 Done with rirpa frequency point #                    80
 Done with rirpa frequency point #                    81
 Done with rirpa frequency point #                    82
 Done with rirpa frequency point #                    83
 Done with rirpa frequency point #                    84
 Done with rirpa frequency point #                    85
 Done with rirpa frequency point #                    86
 Done with rirpa frequency point #                    87
 Done with rirpa frequency point #                    88
 Done with rirpa frequency point #                    89
 Done with rirpa frequency point #                    90
 Done with rirpa frequency point #                    91
 Done with rirpa frequency point #                    92
 Done with rirpa frequency point #                    93
 Done with rirpa frequency point #                    94
 Done with rirpa frequency point #                    95
 Done with rirpa frequency point #                    96
 Done with rirpa frequency point #                    97
 Done with rirpa frequency point #                    98
 Done with rirpa frequency point #                    99
 Done with rirpa frequency point #                   100
 


 RI-RPA correlation energy: -0.1901260552805530E+01
 
 HXX Energy calculation skipped due to nohxx option
 

                  --------------------------------------------------- 
                 |  HXX+RIRPA total energy     =     -1.90126055281  |
                  ---------------------------------------------------- 
                 :  RIRPA correlation energy   =     -1.90126055281  :
                 :  HXX total energy           =      0.00000000000  :
                 :  Hartree energy             =      0.00000000000  :
                 :  Exact Exchange energy      =      0.00000000000  :
                  .................................................... 


    ------------------------------------------------------------------------
    Rirpa profiling                cpu                    wall         ratio
    ------------------------------------------------------------------------
    module                         sec     %               sec     %
    ------------------------------------------------------------------------
    RIRPA                       200.9  100.00           16.1  100.00  12.5
    STARTUP                       2.8    1.39            0.3    1.55  11.2
    riccmos                       1.1    0.55            0.2    1.31   5.3
    riccaux                       2.4    1.22            0.2    1.04  14.6
    riccbound                     5.4    2.67            2.8   17.28   1.9
    ccmkbaoi                     15.5    7.71            1.1    6.56  14.7
    cc3idxnrm                     0.8    0.40            0.1    0.35  14.5
    ecrpa                       172.9   86.03           11.6   71.87  14.9
    rpa3idxget                    0.6    0.28            0.0    0.23  15.0
    qbuild                      164.9   82.07           11.0   68.56  14.9
    rparenrm                      4.3    2.14            0.3    1.78  15.0
    ------------------------------------------------------------------------
    sum                         571.6  284.46           43.6  270.54  13.1
    ------------------------------------------------------------------------


    ------------------------------------------------------------------------
         total  cpu-time :  3 minutes and 21 seconds
         total wall-time :  16.13 seconds
    ------------------------------------------------------------------------

   ****  rirpa : all done  ****


    2020-08-12 15:21:04.728 

