
 ridft (tigris) : TURBOMOLE rev. V7.4.1 (b987a8a8) compiled 15 Oct 2019 at 12:03:25
 Copyright (C) 2019 TURBOMOLE GmbH, Karlsruhe


    2020-12-20 19:11:02.369 



                                  r i d f t

                        DFT program with RI approximation 
                                for coulomb part 




                                                 
                                 References:     
                                                 
          TURBOMOLE:                             
              R. Ahlrichs, M. Baer, M. Haeser, H. Horn, and
              C. Koelmel
              Electronic structure calculations on workstation
              computers: the program system TURBOMOLE
              Chem. Phys. Lett. 162: 165 (1989)
          Density Functional:                              
              O. Treutler and R. Ahlrichs                      
              Efficient Molecular Numerical Integration Schemes
              J. Chem. Phys. 102: 346 (1995)                   
          Parallel Version:                                
              Performance of parallel TURBOMOLE for Density    
              Functional Calculations                          
              M. v. Arnim and R. Ahlrichs                      
              J. Comp. Chem. 19: 1746 (1998)                   
          RI-J Method:                                     
              Auxiliary Basis Sets to approximate Coulomb      
              Potentials                                       
              Chem. Phys. Lett. 240: 283 (1995)                
              K. Eichkorn, O. Treutler, H. Oehm, M. Haeser     
              and R. Ahlrichs                                  
              Chem. Phys. Lett. 242: 652 (1995)                
                                                           
              Auxiliary Basis Sets for Main Row Atoms and their
              Use to approximate Coulomb Potentials            
              K. Eichkorn, F. Weigend, O. Treutler and         
              R. Ahlrichs                                      
              Theo. Chem. Acc. 97: 119 (1997)                   
                                                           
              Accurate Coulomb-fitting basis sets for H to Rn 
              F. Weigend                                        
              Phys. Chem. Chem. Phys. 8: 1057 (2006)            
                                                           
          Multipole accelerated RI-J (MARI-J):             
              Fast evaluation of the Coulomb potential for     
              electron densities using multipole accelerated   
              resolution of identity approximation             
              M. Sierka, A. Hogekamp and R. Ahlrichs           
              J. Chem. Phys. 118: 9136 (2003)                  
          RI-JK Method:                                     
              A fully direct RI-HF algorithm: Implementation,
              optimised auxiliary basis sets, demonstration of
              accuracy and efficiency                         
              F. Weigend                                      
              Phys. Chem. Chem. Phys. 4: 4285 (2002)           
          Two-component HF and DFT with spin-orbit coupling:  
              Self-consistent treatment of spin-orbit         
              interactions with efficient Hartree-Fock and    
              density functional methods                      
              M. K. Armbruster, F. Weigend, C. van Wüllen and 
              W. Klopper                                      
              Phys. Chem. Chem. Phys. 10: 1748 (2008)         
          Two-component difference density and DIIS algorithm 
              Efficient two-component self-consistent field   
              procedures and gradients: implementation in     
              TURBOMOLE and application to Au20-              
              A. Baldes, F. Weigend                           
              Mol. Phys. 111: 2617 (2013)                     
          Relativistic all-electron 2c calculations           
              An efficient implementation of two-component    
              relativistic exact-decoupling methods for large 
              molecules                                       
              D. Peng, N. Middendorf, F. Weigend, M. Reiher   
              J. Chem. Phys. 138: 184105 (2013)               
          Finite nucleus model and SNSO approximation         
              Efficient implementation of one- and two-       
              component analytical energy gradients in exact  
              two-component theory                            
              Y. J. Franzke, N. Middendorf, F. Weigend        
              J. Chem. Phys. 148: 104110 (2018)               
                                         




              +--------------------------------------------------+
              |      general information about current run       |
              +--------------------------------------------------+

 

 DENSITY CONVERGENCE CHECK SWITCHED ON !
 SCF CONVERGENCE IF RMS(delta[D]) <     0.1000000000E-06

 TPSS global hybrid functional
 exchange:    9/10 (LDA+TPSS) + 1/10 HF
 correlation: LDA (PW) + TPSS
 A Hybrid-DFT calculation using the RI-J approximation will be carried out.
 Allocatable memory for RI due to $ricore (MB):                   500


              +--------------------------------------------------+
              | Atomic coordinate, charge and isotop information |
              +--------------------------------------------------+

                    atomic coordinates            atom    charge  isotop
         -0.06570351    0.55668537    0.10806883    h      1.000     0
         -0.03215240    0.49503343    2.15627249    c      6.000     0
          2.27001649    0.54012928    3.43938097    c      6.000     0
          2.31123181    0.47093151    6.07217446    c      6.000     0
          0.05281763    0.35689105    7.42277671    c      6.000     0
         -2.24813713    0.31112874    6.14229337    c      6.000     0
         -2.29209560    0.38033570    3.50904381    c      6.000     0
          4.02645304    0.62857303    2.38819956    h      1.000     0
          4.10060616    0.50318416    7.06897338    h      1.000     0
          0.08611610    0.30011610    9.47033004    h      1.000     0
         -4.00425805    0.21961036    7.19318643    h      1.000     0
         -4.08184359    0.34713177    2.51216200    h      1.000     0
 
       center of nuclear mass  :    0.01027613    0.42575260    4.79031045
       center of nuclear charge:    0.01027274    0.42576188    4.79029931

              +--------------------------------------------------+
              |               basis set information              |
              +--------------------------------------------------+

              we will work with the 1s 3p 5d 7f 9g ... basis set
              ...i.e. with spherical basis functions...

   type   atoms  prim   cont   basis
   ---------------------------------------------------------------------------
    h        6     33     30   def2-QZVP   [4s3p2d1f|7s3p2d1f]
    c        6     77     57   def2-QZVP   [7s4p3d2f1g|15s8p3d2f1g]
   ---------------------------------------------------------------------------
   total:   12    660    522
   ---------------------------------------------------------------------------

   total number of primitive shells          :   42
   total number of contracted shells         :  162
   total number of cartesian basis functions :  642
   total number of SCF-basis functions       :  522


 integral neglect threshold       :  0.52E-11
 integral storage threshold THIZE :  0.10E-04
 integral storage threshold THIME :         5

 RI-J AUXILIARY BASIS SET information:

              we will work with the 1s 3p 5d 7f 9g ... basis set
              ...i.e. with spherical basis functions...

   type   atoms  prim   cont   basis
   ---------------------------------------------------------------------------
    h        6     16     11   def2-QZVP   [3s1p1d|5s2p1d]
    c        6     70     49   def2-QZVP   [6s4p3d1f1g|12s5p4d2f1g]
   ---------------------------------------------------------------------------
   total:   12    516    360
   ---------------------------------------------------------------------------

   total number of primitive shells          :   32
   total number of contracted shells         :  120
   total number of cartesian basis functions :  438
   total number of SCF-basis functions       :  360


 symmetry group of the molecule :   c1 

 the group has the following generators :
   c1(z)

    1 symmetry operations found

 there are 1 real representations :   a   

 maximum number of shells which are related by symmetry :  1


    mo occupation :
   irrep   mo's   occupied
    a      522       21
 
 number of basis functions   :                    522
 number of occupied orbitals :                     21
 
  
           ------------------
           density functional
           ------------------
 TPSS global hybrid functional
 exchange:    9/10 (LDA+TPSS) + 1/10 HF
 correlation: LDA (PW) + TPSS

 spherical integration : Lebedev's spherical grid
 spherical gridsize    :                     5
    i.e. gridpoints    :                   590
 value for diffuse not defined
 radial integration    : Chebyshev 2nd kind (scaling 3)
 radial gridsize       :                     8
 integration cells     :                    12
 partition function    : becke
 partition sharpness   :                     3
  

 biggest AO integral is expected to be     5.262544080
  
           ------------------------
               RI-J - INFORMATION
           ------------------------
 Contributions to RI integral batches: 
  neglected integral batches:                  1440
  direct contribution:                         2234
  memory contribution:                  9529
 Memory core needed for (P|Q) and Cholesky      1 MByte
 Memory core minimum needed except of (P|Q)     2 MByte
 Total minimum memory core needed (sum)         3 MByte
  
 ****************************************
 Memory allocated for RI-J   433 MByte
 ****************************************
                                            

          ------------------------
          nuclear repulsion energy  :   203.559494905    
          ------------------------


         -----------------
         -S,T+V- integrals
         -----------------

 1e-integrals will be neglected if expon. factor < 0.520555E-12
 
   Difference densities algorithm switched on.
   The maximal number of linear combinations of
   difference densities is                    20 .

 DIIS switched on: error vector is FDS-SDF
 Max. Iterations for DIIS is     :   4
 DIIS matrix (see manual) 
    Scaling factor of diagonals  :  1.200
    threshold for scaling factor :  0.000

 scf convergence criterion : increment of total energy < .1000000D-06
                  and increment of one-electron energy < .1000000D-03

  MOs are in ASCII format !


 automatic virtual orbital shift switched on 
      shift if e(lumo)-e(homo) < 0.10000000    


 reading orbital data $scfmo  from file mos
 orbital characterization : scfconv=7

 DSCF restart information will be dumped onto file mos


 Starting SCF iterations

          Overall gridpoints after grid construction =        188352

 ITERATION  ENERGY          1e-ENERGY        2e-ENERGY     RMS[dD(SAO)]   TOL
   1  -232.35701976974    -714.50815402     278.59163935    0.000D+00 0.519D-11
                            Exc = -31.4834550835     Coul =  313.393869620    
                            exK = -3.31877518776    
                              N = 42.000001263    
                            current damping = 0.300
 
          max. resid. norm for Fia-block=  1.329D-01 for orbital      6a         
          max. resid. fock norm         =  2.441D-01 for orbital    510a         

 ITERATION  ENERGY          1e-ENERGY        2e-ENERGY     RMS[dD(SAO)]   TOL
   2  -232.36304638797    -714.41144604     278.48890475    0.719D-03 0.338D-11
                            Exc = -31.5154736800      Eck =  310.004378426    
                              N = 42.000001223    
                            current damping = 0.250
 
          Norm of current diis error: 0.13702    
          max. resid. norm for Fia-block=  3.521D-02 for orbital      6a         
          max. resid. fock norm         =  6.673D-02 for orbital    510a         

 ITERATION  ENERGY          1e-ENERGY        2e-ENERGY     RMS[dD(SAO)]   TOL
   3  -232.36340778686    -714.58595027     278.66304757    0.195D-03 0.268D-11
                            Exc = -31.5340461383      Eck =  310.197093712    
                              N = 42.000001212    
                            current damping = 0.200
 
          Norm of current diis error: 0.49135E-01
          max. resid. norm for Fia-block=  7.311D-03 for orbital      6a         
          max. resid. fock norm         =  1.427D-02 for orbital    510a         

 ITERATION  ENERGY          1e-ENERGY        2e-ENERGY     RMS[dD(SAO)]   TOL
   4  -232.36344903623    -714.44814198     278.52519804    0.373D-04 0.246D-11
                            Exc = -31.5276135718      Eck =  310.052811613    
                              N = 42.000001211    
                            current damping = 0.250
 
          Norm of current diis error: 0.23950E-01
          max. resid. norm for Fia-block=  1.360D-03 for orbital      6a         
          max. resid. fock norm         =  2.958D-03 for orbital    510a         

 ITERATION  ENERGY          1e-ENERGY        2e-ENERGY     RMS[dD(SAO)]   TOL
   5  -232.36345943499    -714.49090239     278.56794805    0.995D-05 0.236D-11
                            Exc = -31.5302462208      Eck =  310.098194270    
                              N = 42.000001211    
                            current damping = 0.300
 
          Norm of current diis error: 0.24845E-02
          max. resid. norm for Fia-block=  2.868D-04 for orbital      6a         
          max. resid. fock norm         =  6.907D-04 for orbital    510a         
          mo-orthogonalization: Cholesky decomposition

 ITERATION  ENERGY          1e-ENERGY        2e-ENERGY     RMS[dD(SAO)]   TOL
   6  -232.36345956677    -714.49602155     278.57306708    0.184D-05 0.227D-11
                            Exc = -31.5306675351      Eck =  310.103734617    
                              N = 42.000001210    
                            current damping = 0.150
 
          Norm of current diis error: 0.37391E-03
          max. resid. norm for Fia-block=  6.494D-05 for orbital      4a         
          max. resid. fock norm         =  1.722D-04 for orbital    510a         

 ENERGY & DENSITY CONVERGED !


 ITERATION  ENERGY          1e-ENERGY        2e-ENERGY     RMS[dD(SAO)]   TOL
   7  -232.36345956937    -714.49612870     278.57317423    0.360D-06 0.218D-11
                            Exc = -31.5306770516      Eck =  310.103851280    
                              N = 42.000001210    
                            current damping = 0.100
 
          Norm of current diis error: 0.20234E-03
          max. resid. norm for Fia-block=  8.806D-06 for orbital      6a         
          max. resid. fock norm         =  2.687D-05 for orbital    508a         

 End of SCF iterations

   convergence criteria satisfied after     7 iterations


                  ------------------------------------------ 
                 |  total energy      =   -232.36345956937  |
                  ------------------------------------------ 
                 :  kinetic energy    =    231.18624360731  :
                 :  potential energy  =   -463.54970317668  :
                 :  virial theorem    =      1.99493373027  :
                 :  wavefunction norm =      1.00000000000  :
                  .......................................... 


 <geterg> : there is no data group $energy 


 <skperg> : $end is missing 


 orbitals $scfmo  will be written to file mos

    irrep                 17a         18a         19a         20a         21a   
 eigenvalues H         -0.35529    -0.32828    -0.32824    -0.24576    -0.24566
            eV          -9.6681     -8.9330     -8.9320     -6.6877     -6.6847
 occupation              2.0000      2.0000      2.0000      2.0000      2.0000

    irrep                 22a         23a         24a         25a         26a   
 eigenvalues H         -0.02420    -0.02411     0.02454     0.04888     0.04889
            eV          -0.6585     -0.6561      0.6677      1.3300      1.3303
 
 
 
 
 ==============================================================================
                           electrostatic moments
 ==============================================================================

 reference point for electrostatic moments:    0.00000   0.00000   0.00000

 
              nuc           elec       ->  total
 ------------------------------------------------------------------------------
                          charge      
 ------------------------------------------------------------------------------
          42.000000     -42.000000       0.000000
 
 ------------------------------------------------------------------------------
                       dipole moment  
 ------------------------------------------------------------------------------
   x       0.431455      -0.431436       0.000019
   y      17.881999     -17.881899       0.000100
   z     201.192571    -201.192228       0.000343
 
   | dipole moment | =     0.0004 a.u. =     0.0009 debye 
 
 ------------------------------------------------------------------------------
                     quadrupole moment
 ------------------------------------------------------------------------------
  xx     190.573039    -214.333074     -23.760035
  yy       7.981406     -37.355081     -29.373675
  zz    1154.359154   -1178.117275     -23.758121
  xy       6.764687      -6.572355       0.192332
  xz       2.229450      -2.224455       0.004995
  yz      80.489242     -80.650820      -0.161578
 
     1/3  trace=     -25.630610
     anisotropy=       5.631436
 
 ==============================================================================
 
HOMO-LUMO Separation
 HOMO         :   -0.24565527 H =     -6.68462 eV
 LUMO         :   -0.02419831 H =     -0.65847 eV
 HOMO-LUMO gap:    0.22145696 H =     +6.02615 eV
 
 ==============================================================================


    ------------------------------------------------------------------------
         total  cpu-time : 32 minutes and 31 seconds
         total wall-time :  1 hours 28 minutes and 21 seconds
    ------------------------------------------------------------------------

   ****  ridft : all done  ****


    2020-12-20 20:39:22.997 

 ridft ended normally
