
   OpenMP run-time library returned nthreads = 20

 rirpa (c-12-33) : TURBOMOLE rev. V7.5.0 compiled 17 Jun 2020 at 09:15:30
 Copyright (C) 2020 TURBOMOLE GmbH, Karlsruhe


    2020-07-20 01:39:28.224 

 
 
    *************************************************************************
    *************************** PROGRAM RIRPA *******************************
    ******                                                             ******
    ******              H. Eshuis, J. E. Bates and F. Furche           ******
    ******                                                             ******
    ****** Nov 2011                                                    ******
    ****** Copyright TURBOMOLE GmbH                                    ******
    *************************************************************************
    
    
                                References:                                  
    
                   RIRPA:                                                    
                     H. Eshuis, J. Yarkony, and F. Furche                    
                     Fast Computation of Molecular Random Phase              
                     Approximation Correlation Energies Using Resolution     
                     of the Identity and Imaginary Frequency Integration     
                     J. Chem. Phys. 132: 234114 (2010)                       
    
                     H. Eshuis, J. E. Bates, and F. Furche                   
                     Electron Correlation Methods Based on                   
                     the Random Phase Approximation                          
                     Theor. Chem. Acc.  131: 1084 (2012)                     
    
                     G. P. Chen, V. K. Voora, M. M. Agee,                    
                     S. G. Balasubramani, and F. Furche                      
                     Random-Phase Approximation Methods                      
                     Annu. Rev. Phys. Chem. 68: 421 (2017)                   
    
                   TWO-COMPONENT RIRPA:                                      
                     M. Kuehn                                                
                     Correlation Energies from the                           
                     Two-Component Random-Phase Approximation                
                     J. Chem. Theory Comput. 10: 623 (2014)                  
    
                   RIRPA GRADIENTS:                                          
                     A. M. Burow, J. E. Bates, F. Furche*, and H. Eshuis     
                     Analytical First-Order Molecular Properties and Forces  
                     within the Adiabatic Connection Random Phase            
                     Approximation                                           
                     J. Chem. Theory Comput. 10: 180 (2014)                  
    
                   RI-AXK/RI-ACSOSEX/RI-ACSOX:                               
                     G. P. Chen, M. M. Agee, and F. Furche                   
                     Performance and Scope of Perturbative Corrections to    
                     Random-Phase Approximation Energies                     
                     J. Chem. Theory Comput. 14: 5701 (2018)                 
    
                   GKS-RPA:                                                  
                     V. K. Voora, S. G. Balasubramani, and F. Furche         
                     Variational Generalized Kohn-Sham Approach Combining    
                     the Random-Phase-Approximation and Green’s-Function     
                     Methods                                                 
                     Phys. Rev. A 99: 012518 (2019)                          
    
    
    
      ... OpenMP parallelization enabled, threads:   20

   *-----------------------------------------------------------------------*
   |                     program will use 20 thread(s)                     |
   *-----------------------------------------------------------------------*

 MAXIMUM CORE MEMORY WHICH CAN BE ALLOCATED DYNAMICALLY = 10000 MiB
              ( or 1310720000 double words per process)

 
                FOUND RI-J FLAG
 
  HF exact exchange energy will be computed using RI-J.


              +--------------------------------------------------+
              | Atomic coordinate, charge and isotop information |
              +--------------------------------------------------+

                    atomic coordinates            atom    charge  isotop
         -0.06161074   -0.46360462   -0.06790353    c      6.000     0
         -1.85297663    0.48089940   -0.40150633    h      1.000     0
         -0.30259807   -1.92794773    1.34984649    h      1.000     0
          1.30805520    0.90742570    0.60538699    h      1.000     0
          0.62044055   -1.29544506   -1.81582839    h      1.000     0
         -4.57504389   -4.98574873   -2.28863151    i      0.000     0
         -7.92907912   -8.34380152   -3.93802605    i      0.000     0
 
       center of nuclear mass  :   -5.88395801   -6.29603438   -2.93223836
       center of nuclear charge:   -0.05967434   -0.46166954   -0.06695224
              +-------------------------------------------------+
              |        Rotational Constants Section             |
              +-------------------------------------------------+
                                   Center of Mass [a.u]:
              -5.88395801388271        -6.29603438059029        -2.93223835766990
                     Principal Moments of Inertia [a.u.]
              11.36340004494082      2912.19613791299071      2912.19618407057487
                       Rotational constants A,B,C [a.u.]
               0.04400091504502         0.00017169173240         0.00017169172968
                     Rotational constants A,B,C [cm**-1]
               5.29768258253421         0.02067157692874         0.02067157660110
                        Rotational constants A,B,C [MHz]
          158820.52831217198400       619.71828582034232       619.71827599796188

   * BASIS SET information:

              +--------------------------------------------------+
              |               basis set information              |
              +--------------------------------------------------+

              we will work with the 1s 3p 5d 7f 9g ... basis set
              ...i.e. with spherical basis functions...

   type   atoms  prim   cont   basis
   ---------------------------------------------------------------------------
    c        1     50     30   cc-pVTZ   [4s3p2d1f|18s5p2d1f]
    h        4     16     14   cc-pVTZ   [3s2p1d|5s2p1d]
    i        2    133     39   cc-pVTZ-PP   [5s4p3d1f|21s20p9d1f]
   ---------------------------------------------------------------------------
   total:    7    380    164
   ---------------------------------------------------------------------------

   total number of primitive shells          :   85
   total number of contracted shells         :   60
   total number of cartesian basis functions :  185
   total number of SCF-basis functions       :  164


   * AUXILIARY BASIS SET information:

              +--------------------------------------------------+
              |               basis set information              |
              +--------------------------------------------------+

              we will work with the 1s 3p 5d 7f 9g ... basis set
              ...i.e. with spherical basis functions...

   type   atoms  prim   cont   basis
   ---------------------------------------------------------------------------
    c        1     81     81   cc-pVTZ   [8s6p5d3f1g|8s6p5d3f1g]
    h        4     30     30   cc-pVTZ   [4s3p2d1f|4s3p2d1f]
    i        2    140    140   cc-pVTZ-PP   [8s8p7d5f3g1h|8s8p7d5f3g1h]
   ---------------------------------------------------------------------------
   total:    7    481    481
   ---------------------------------------------------------------------------

   total number of primitive shells          :   65
   total number of contracted shells         :  127
   total number of cartesian basis functions :  621
   total number of SCF-basis functions       :  481


   * RIJ AUXILIARY BASIS SET information:

              +--------------------------------------------------+
              |               basis set information              |
              +--------------------------------------------------+

              we will work with the 1s 3p 5d 7f 9g ... basis set
              ...i.e. with spherical basis functions...

   type   atoms  prim   cont   basis
   ---------------------------------------------------------------------------
    c        1     70     49   cc-pVTZ   [6s4p3d1f1g|12s5p4d2f1g]
    h        4     16     11   cc-pVTZ   [3s1p1d|5s2p1d]
    i        2     81     58   universal-ecp-2   [8s4p3d2f1g|11s5p5d3f1g]
   ---------------------------------------------------------------------------
   total:    7    296    209
   ---------------------------------------------------------------------------

   total number of primitive shells          :   57
   total number of contracted shells         :   71
   total number of cartesian basis functions :  255
   total number of SCF-basis functions       :  209


 reading orbital data $scfmo  from file mos
 orbital characterization : scfconv=7

 integral neglect threshold       :  0.26E+02

 scfconv                     7

 there are 1 real representations :   a   

 maximum number of shells which are related by symmetry :  1

 entered riccmos at 2020-07-20 01:39:28.341
VM size:      1499 MB
  MOs are in ASCII format !


 reading orbital data $scfmo  from file mos
 orbital characterization : scfconv=7
after riccmoinp VM size:      1499 MB
registered memory usage:         1 MB
 time elapsed for calculating density matrices :   0.097 sec



              +--------------------------------------------+
              | list of orbitals that will be kept frozen: |
              +--------------------------------------------+
              |   irrep   index      energy     occ/vir    |
              +--------------------------------------------+
              |   a         1       -9.8630     occupied   |
              +--------------------------------------------+



   Molecular Orbital Statistic:
   ============================

   -----------------------------
   orbitals in total:
   -----------------------------
    frozen occupied :      1
    active occupied :      4
    active virtual  :    159
    frozen virtual  :      0
    all together    :    164
   -----------------------------


     time in riccmoinp     cpu:  0.96 sec    wall:  0.05 sec    ratio: 20.0
     time in scfdens       cpu:  0.10 sec    wall:  0.01 sec    ratio: 19.9
     time in mkiao         cpu:  0.00 sec    wall:  0.00 sec    ratio:  0.0
     time in mkiho         cpu:  0.00 sec    wall:  0.00 sec    ratio:  0.0
     time in sao2ao        cpu:  0.04 sec    wall:  0.00 sec    ratio: 19.7
     time in ricclmos      cpu:  0.00 sec    wall:  0.00 sec    ratio:  0.0
     time in riccmos       cpu:  1.52 sec    wall:  0.08 sec    ratio: 20.0
 leave riccmos at 2020-07-20 01:39:28.417

     total memory allocated for calculation of (Q|P)**(-1/2) : 3 MiB


     calculation of (P|Q) ...
     time in lp2sym        cpu:  0.30 sec    wall:  0.02 sec    ratio: 19.9


     calculation of the Cholesky decomposition of (P|Q)**(-1) ...
     time in invmetri      cpu:  0.89 sec    wall:  0.04 sec    ratio: 19.9

   threshold for RMS(d[D]) in SCF was     :  0.10E-06
   integral neglect threshold             :  0.54E-11
   derivative integral neglect threshold  :  0.10E-06


 setting up bound for integral derivative estimation

 increment for numerical differentiation : 0.00050000
 
 Occupied orbital block size for RIRPA:                     4
 
 Number of passes for spin                     1 is                     1
 
 Number of eigenvalues < 6e-3:                      0
 
 
            -----------------------------
            Complex frequency integration
            -----------------------------
 
 Number of Clenshaw-Curtis nodes:                    100
 Optimized scaling parameter    :    1.00000000000000     
 Sensitivity measure            :  -9.188483307553952E-014
 
 Done with rirpa frequency point #                     1
 Done with rirpa frequency point #                     2
 Done with rirpa frequency point #                     3
 Done with rirpa frequency point #                     4
 Done with rirpa frequency point #                     5
 Done with rirpa frequency point #                     6
 Done with rirpa frequency point #                     7
 Done with rirpa frequency point #                     8
 Done with rirpa frequency point #                     9
 Done with rirpa frequency point #                    10
 Done with rirpa frequency point #                    11
 Done with rirpa frequency point #                    12
 Done with rirpa frequency point #                    13
 Done with rirpa frequency point #                    14
 Done with rirpa frequency point #                    15
 Done with rirpa frequency point #                    16
 Done with rirpa frequency point #                    17
 Done with rirpa frequency point #                    18
 Done with rirpa frequency point #                    19
 Done with rirpa frequency point #                    20
 Done with rirpa frequency point #                    21
 Done with rirpa frequency point #                    22
 Done with rirpa frequency point #                    23
 Done with rirpa frequency point #                    24
 Done with rirpa frequency point #                    25
 Done with rirpa frequency point #                    26
 Done with rirpa frequency point #                    27
 Done with rirpa frequency point #                    28
 Done with rirpa frequency point #                    29
 Done with rirpa frequency point #                    30
 Done with rirpa frequency point #                    31
 Done with rirpa frequency point #                    32
 Done with rirpa frequency point #                    33
 Done with rirpa frequency point #                    34
 Done with rirpa frequency point #                    35
 Done with rirpa frequency point #                    36
 Done with rirpa frequency point #                    37
 Done with rirpa frequency point #                    38
 Done with rirpa frequency point #                    39
 Done with rirpa frequency point #                    40
 Done with rirpa frequency point #                    41
 Done with rirpa frequency point #                    42
 Done with rirpa frequency point #                    43
 Done with rirpa frequency point #                    44
 Done with rirpa frequency point #                    45
 Done with rirpa frequency point #                    46
 Done with rirpa frequency point #                    47
 Done with rirpa frequency point #                    48
 Done with rirpa frequency point #                    49
 Done with rirpa frequency point #                    50
 Done with rirpa frequency point #                    51
 Done with rirpa frequency point #                    52
 Done with rirpa frequency point #                    53
 Done with rirpa frequency point #                    54
 Done with rirpa frequency point #                    55
 Done with rirpa frequency point #                    56
 Done with rirpa frequency point #                    57
 Done with rirpa frequency point #                    58
 Done with rirpa frequency point #                    59
 Done with rirpa frequency point #                    60
 Done with rirpa frequency point #                    61
 Done with rirpa frequency point #                    62
 Done with rirpa frequency point #                    63
 Done with rirpa frequency point #                    64
 Done with rirpa frequency point #                    65
 Done with rirpa frequency point #                    66
 Done with rirpa frequency point #                    67
 Done with rirpa frequency point #                    68
 Done with rirpa frequency point #                    69
 Done with rirpa frequency point #                    70
 Done with rirpa frequency point #                    71
 Done with rirpa frequency point #                    72
 Done with rirpa frequency point #                    73
 Done with rirpa frequency point #                    74
 Done with rirpa frequency point #                    75
 Done with rirpa frequency point #                    76
 Done with rirpa frequency point #                    77
 Done with rirpa frequency point #                    78
 Done with rirpa frequency point #                    79
 Done with rirpa frequency point #                    80
 Done with rirpa frequency point #                    81
 Done with rirpa frequency point #                    82
 Done with rirpa frequency point #                    83
 Done with rirpa frequency point #                    84
 Done with rirpa frequency point #                    85
 Done with rirpa frequency point #                    86
 Done with rirpa frequency point #                    87
 Done with rirpa frequency point #                    88
 Done with rirpa frequency point #                    89
 Done with rirpa frequency point #                    90
 Done with rirpa frequency point #                    91
 Done with rirpa frequency point #                    92
 Done with rirpa frequency point #                    93
 Done with rirpa frequency point #                    94
 Done with rirpa frequency point #                    95
 Done with rirpa frequency point #                    96
 Done with rirpa frequency point #                    97
 Done with rirpa frequency point #                    98
 Done with rirpa frequency point #                    99
 Done with rirpa frequency point #                   100
 


 RI-RPA correlation energy: -0.3583423233463408E+00
 Allocatable memory for RI due to $ricore (MB):                  5000

 there are 1 real representations :   a   

 maximum number of shells which are related by symmetry :  1

  
           ------------------------
               RI-J - INFORMATION
           ------------------------
 Contributions to RI integral batches: 
  neglected integral batches:                   113
  direct contribution:                            0
  memory contribution:                  1717

          ------------------------
          nuclear repulsion energy  :   13.4851423225    
          ------------------------


         -----------------
         -S,T+V- integrals
         -----------------

 1e-integrals will be neglected if expon. factor < 0.536769E-11

                  --------------------------------------------------- 
                 |  HXX+RIRPA total energy     =    -40.56338235969  |
                  ---------------------------------------------------- 
                 :  RIRPA correlation energy   =     -0.35834232335  :
                 :  HXX total energy           =    -40.20504003634  :
                 :  Hartree energy             =     32.83195346145  :
                 :  Exact Exchange energy      =     -6.57659954187  :
                  .................................................... 


    ------------------------------------------------------------------------
    Rirpa profiling                cpu                    wall         ratio
    ------------------------------------------------------------------------
    module                         sec     %               sec     %
    ------------------------------------------------------------------------
    RIRPA                        53.0  100.00            4.7  100.00  11.3
    STARTUP                       2.2    4.06            0.1    2.34  19.7
    riccsym                       0.1    0.18            0.0    0.10  20.0
    riccmos                       1.5    2.87            0.1    1.63  20.0
    riccaux                       1.3    2.37            0.1    1.35  19.9
    riccbound                     5.2    9.89            1.6   34.73   3.2
    ccmkbaoi                      3.2    6.11            0.2    4.18  16.5
    cc3idxnrm                     0.1    0.18            0.0    0.10  19.9
    ecrpa                        22.6   42.62            1.1   24.15  20.0
    qbuild                       16.1   30.40            0.8   17.20  20.0
    rparenrm                      4.3    8.15            0.2    4.65  19.8
    ehxx                         16.6   31.28            1.5   31.18  11.3
    ------------------------------------------------------------------------
    sum                         126.2  238.15           10.4  221.62  12.2
    ------------------------------------------------------------------------


    ------------------------------------------------------------------------
         total  cpu-time :  53.35 seconds
         total wall-time :   4.73 seconds
    ------------------------------------------------------------------------

   ****  rirpa : all done  ****


    2020-07-20 01:39:32.921 

