
   OpenMP run-time library returned nthreads =  8

 rirpa (c-16-23) : TURBOMOLE rev. V7.5.0 compiled 17 Jun 2020 at 09:15:30
 Copyright (C) 2020 TURBOMOLE GmbH, Karlsruhe


    2020-07-24 21:55:56.690 

 
 
    *************************************************************************
    *************************** PROGRAM RIRPA *******************************
    ******                                                             ******
    ******              H. Eshuis, J. E. Bates and F. Furche           ******
    ******                                                             ******
    ****** Nov 2011                                                    ******
    ****** Copyright TURBOMOLE GmbH                                    ******
    *************************************************************************
    
    
                                References:                                  
    
                   RIRPA:                                                    
                     H. Eshuis, J. Yarkony, and F. Furche                    
                     Fast Computation of Molecular Random Phase              
                     Approximation Correlation Energies Using Resolution     
                     of the Identity and Imaginary Frequency Integration     
                     J. Chem. Phys. 132: 234114 (2010)                       
    
                     H. Eshuis, J. E. Bates, and F. Furche                   
                     Electron Correlation Methods Based on                   
                     the Random Phase Approximation                          
                     Theor. Chem. Acc.  131: 1084 (2012)                     
    
                     G. P. Chen, V. K. Voora, M. M. Agee,                    
                     S. G. Balasubramani, and F. Furche                      
                     Random-Phase Approximation Methods                      
                     Annu. Rev. Phys. Chem. 68: 421 (2017)                   
    
                   TWO-COMPONENT RIRPA:                                      
                     M. Kuehn                                                
                     Correlation Energies from the                           
                     Two-Component Random-Phase Approximation                
                     J. Chem. Theory Comput. 10: 623 (2014)                  
    
                   RIRPA GRADIENTS:                                          
                     A. M. Burow, J. E. Bates, F. Furche*, and H. Eshuis     
                     Analytical First-Order Molecular Properties and Forces  
                     within the Adiabatic Connection Random Phase            
                     Approximation                                           
                     J. Chem. Theory Comput. 10: 180 (2014)                  
    
                   RI-AXK/RI-ACSOSEX/RI-ACSOX:                               
                     G. P. Chen, M. M. Agee, and F. Furche                   
                     Performance and Scope of Perturbative Corrections to    
                     Random-Phase Approximation Energies                     
                     J. Chem. Theory Comput. 14: 5701 (2018)                 
    
                   GKS-RPA:                                                  
                     V. K. Voora, S. G. Balasubramani, and F. Furche         
                     Variational Generalized Kohn-Sham Approach Combining    
                     the Random-Phase-Approximation and Green’s-Function     
                     Methods                                                 
                     Phys. Rev. A 99: 012518 (2019)                          
    
    
    
      ... OpenMP parallelization enabled, threads:    8

   *-----------------------------------------------------------------------*
   |                     program will use  8 thread(s)                     |
   *-----------------------------------------------------------------------*

 MAXIMUM CORE MEMORY WHICH CAN BE ALLOCATED DYNAMICALLY = 40000 MiB
              ( or 5242880000 double words per process)

 
                FOUND RI-J FLAG
 
  HF exact exchange energy will be computed using RI-J.


              +--------------------------------------------------+
              | Atomic coordinate, charge and isotop information |
              +--------------------------------------------------+

                    atomic coordinates            atom    charge  isotop
         -0.07118067   -6.22678634    3.35093796    br    35.000     0
          0.17180336   -9.86932596    3.53184484    c      6.000     0
          0.04199013  -10.61780554    1.63124050    h      1.000     0
          1.97359391  -10.35070488    4.37521977    h      1.000     0
         -1.37165089  -10.55903652    4.68572358    h      1.000     0
 
       center of nuclear mass  :   -0.03133798   -6.82398715    3.38061191
       center of nuclear charge:   -0.01855841   -7.01547783    3.39013822
              +-------------------------------------------------+
              |        Rotational Constants Section             |
              +-------------------------------------------------+
                                   Center of Mass [a.u]:
              -0.03133797977949        -6.82398715403788         3.38061191111810
                     Principal Moments of Inertia [a.u.]
              11.42165516091903       187.92132768648406       187.92220637996445
                       Rotational constants A,B,C [a.u.]
               0.04377649236958         0.00266068788549         0.00266067544455
                     Rotational constants A,B,C [cm**-1]
               5.27066223312660         0.32034515314241         0.32034365526090
                        Rotational constants A,B,C [MHz]
          158010.47861567931250      9603.70608689490837      9603.66118153705611

   * BASIS SET information:

              +--------------------------------------------------+
              |               basis set information              |
              +--------------------------------------------------+

              we will work with the 1s 3p 5d 7f 9g ... basis set
              ...i.e. with spherical basis functions...

   type   atoms  prim   cont   basis
   ---------------------------------------------------------------------------
    br       1    336    104   cc-pV5Z   [8s7p5d3f2g1h|92s43p13d3f2g1h]
    c        1    118     91   cc-pV5Z   [6s5p4d3f2g1h|24s8p4d3f2g1h]
    h        3     58     55   cc-pV5Z   [5s4p3d2f1g|8s4p3d2f1g]
   ---------------------------------------------------------------------------
   total:    5    628    360
   ---------------------------------------------------------------------------

   total number of primitive shells          :  214
   total number of contracted shells         :   92
   total number of cartesian basis functions :  476
   total number of SCF-basis functions       :  360


   * AUXILIARY BASIS SET information:

              +--------------------------------------------------+
              |               basis set information              |
              +--------------------------------------------------+

              we will work with the 1s 3p 5d 7f 9g ... basis set
              ...i.e. with spherical basis functions...

   type   atoms  prim   cont   basis
   ---------------------------------------------------------------------------
    br       1    365    365   cc-pV5Z   [15s13p12d10f8g5h3i1k|15s13p12d10f8g5h3i1k]
    c        1    193    193   cc-pV5Z   [10s8p7d6f4g3h1i|10s8p7d6f4g3h1i]
    h        3     91     91   cc-pV5Z   [6s5p4d3f2g1h|6s5p4d3f2g1h]
   ---------------------------------------------------------------------------
   total:    5    831    831
   ---------------------------------------------------------------------------

   total number of primitive shells          :  127
   total number of contracted shells         :  169
   total number of cartesian basis functions : 1236
   total number of SCF-basis functions       :  831


   * RIJ AUXILIARY BASIS SET information:

              +--------------------------------------------------+
              |               basis set information              |
              +--------------------------------------------------+

              we will work with the 1s 3p 5d 7f 9g ... basis set
              ...i.e. with spherical basis functions...

   type   atoms  prim   cont   basis
   ---------------------------------------------------------------------------
    br       1     89     58   universal   [8s4p3d2f1g|19s5p5d3f1g]
    c        1     70     49   cc-pV5Z   [6s4p3d1f1g|12s5p4d2f1g]
    h        3     16     11   cc-pV5Z   [3s1p1d|5s2p1d]
   ---------------------------------------------------------------------------
   total:    5    207    140
   ---------------------------------------------------------------------------

   total number of primitive shells          :   65
   total number of contracted shells         :   48
   total number of cartesian basis functions :  170
   total number of SCF-basis functions       :  140


 reading orbital data $scfmo  from file mos
 orbital characterization : scfconv=6

 integral neglect threshold       :  0.24E+02

 scfconv                     6

 there are 1 real representations :   a   

 maximum number of shells which are related by symmetry :  1

 entered riccmos at 2020-07-24 21:55:56.993
VM size:       686 MB
  MOs are in ASCII format !


 reading orbital data $scfmo  from file mos
 orbital characterization : scfconv=6
after riccmoinp VM size:       686 MB
registered memory usage:         2 MB
 time elapsed for calculating density matrices :   0.014 sec



              +--------------------------------------------+
              | list of orbitals that will be kept frozen: |
              +--------------------------------------------+
              |   irrep   index      energy     occ/vir    |
              +--------------------------------------------+
              |   a         1     -480.9798     occupied   |
              |   a         2      -61.7800     occupied   |
              |   a         3      -55.6932     occupied   |
              |   a         4      -55.6900     occupied   |
              |   a         5      -55.6900     occupied   |
              |   a         6       -9.9340     occupied   |
              |   a         7       -8.3977     occupied   |
              |   a         8       -6.2745     occupied   |
              |   a         9       -6.2623     occupied   |
              |   a        10       -6.2623     occupied   |
              |   a        11       -2.4759     occupied   |
              |   a       ...        ...        occupied   |
              |   a        15       -2.4635     occupied   |
              +--------------------------------------------+



   Molecular Orbital Statistic:
   ============================

   -----------------------------
   orbitals in total:
   -----------------------------
    frozen occupied :     15
    active occupied :      7
    active virtual  :    338
    frozen virtual  :      0
    all together    :    360
   -----------------------------


     time in riccmoinp     cpu:  1.38 sec    wall:  0.19 sec    ratio:  7.3
     time in scfdens       cpu:  0.01 sec    wall:  0.01 sec    ratio:  1.0
     time in mkiao         cpu:  0.00 sec    wall:  0.00 sec    ratio:  0.0
     time in mkiho         cpu:  0.00 sec    wall:  0.00 sec    ratio:  0.0
     time in sao2ao        cpu:  0.06 sec    wall:  0.01 sec    ratio:  8.0
     time in ricclmos      cpu:  0.00 sec    wall:  0.00 sec    ratio:  0.0
     time in riccmos       cpu:  1.79 sec    wall:  0.25 sec    ratio:  7.0
 leave riccmos at 2020-07-24 21:55:57.248

     total memory allocated for calculation of (Q|P)**(-1/2) : 8 MiB


     calculation of (P|Q) ...
     time in lp2sym        cpu:  0.31 sec    wall:  0.04 sec    ratio:  8.0


     calculation of the Cholesky decomposition of (P|Q)**(-1) ...
     time in invmetri      cpu:  0.93 sec    wall:  0.12 sec    ratio:  7.9

   threshold for RMS(d[D]) in SCF was     :  0.10E-06
   integral neglect threshold             :  0.27E-10
   derivative integral neglect threshold  :  0.10E-06


 setting up bound for integral derivative estimation

 increment for numerical differentiation : 0.00050000
 
 Occupied orbital block size for RIRPA:                     7
 
 Number of passes for spin                     1 is                     1
 
 Number of eigenvalues < 6e-3:                      0
 
 
            -----------------------------
            Complex frequency integration
            -----------------------------
 
 Number of Clenshaw-Curtis nodes:                    100
 Optimized scaling parameter    :    2.11200340674949     
 Sensitivity measure            :  -3.968707307233643E-012
 
 Done with rirpa frequency point #                     1
 Done with rirpa frequency point #                     2
 Done with rirpa frequency point #                     3
 Done with rirpa frequency point #                     4
 Done with rirpa frequency point #                     5
 Done with rirpa frequency point #                     6
 Done with rirpa frequency point #                     7
 Done with rirpa frequency point #                     8
 Done with rirpa frequency point #                     9
 Done with rirpa frequency point #                    10
 Done with rirpa frequency point #                    11
 Done with rirpa frequency point #                    12
 Done with rirpa frequency point #                    13
 Done with rirpa frequency point #                    14
 Done with rirpa frequency point #                    15
 Done with rirpa frequency point #                    16
 Done with rirpa frequency point #                    17
 Done with rirpa frequency point #                    18
 Done with rirpa frequency point #                    19
 Done with rirpa frequency point #                    20
 Done with rirpa frequency point #                    21
 Done with rirpa frequency point #                    22
 Done with rirpa frequency point #                    23
 Done with rirpa frequency point #                    24
 Done with rirpa frequency point #                    25
 Done with rirpa frequency point #                    26
 Done with rirpa frequency point #                    27
 Done with rirpa frequency point #                    28
 Done with rirpa frequency point #                    29
 Done with rirpa frequency point #                    30
 Done with rirpa frequency point #                    31
 Done with rirpa frequency point #                    32
 Done with rirpa frequency point #                    33
 Done with rirpa frequency point #                    34
 Done with rirpa frequency point #                    35
 Done with rirpa frequency point #                    36
 Done with rirpa frequency point #                    37
 Done with rirpa frequency point #                    38
 Done with rirpa frequency point #                    39
 Done with rirpa frequency point #                    40
 Done with rirpa frequency point #                    41
 Done with rirpa frequency point #                    42
 Done with rirpa frequency point #                    43
 Done with rirpa frequency point #                    44
 Done with rirpa frequency point #                    45
 Done with rirpa frequency point #                    46
 Done with rirpa frequency point #                    47
 Done with rirpa frequency point #                    48
 Done with rirpa frequency point #                    49
 Done with rirpa frequency point #                    50
 Done with rirpa frequency point #                    51
 Done with rirpa frequency point #                    52
 Done with rirpa frequency point #                    53
 Done with rirpa frequency point #                    54
 Done with rirpa frequency point #                    55
 Done with rirpa frequency point #                    56
 Done with rirpa frequency point #                    57
 Done with rirpa frequency point #                    58
 Done with rirpa frequency point #                    59
 Done with rirpa frequency point #                    60
 Done with rirpa frequency point #                    61
 Done with rirpa frequency point #                    62
 Done with rirpa frequency point #                    63
 Done with rirpa frequency point #                    64
 Done with rirpa frequency point #                    65
 Done with rirpa frequency point #                    66
 Done with rirpa frequency point #                    67
 Done with rirpa frequency point #                    68
 Done with rirpa frequency point #                    69
 Done with rirpa frequency point #                    70
 Done with rirpa frequency point #                    71
 Done with rirpa frequency point #                    72
 Done with rirpa frequency point #                    73
 Done with rirpa frequency point #                    74
 Done with rirpa frequency point #                    75
 Done with rirpa frequency point #                    76
 Done with rirpa frequency point #                    77
 Done with rirpa frequency point #                    78
 Done with rirpa frequency point #                    79
 Done with rirpa frequency point #                    80
 Done with rirpa frequency point #                    81
 Done with rirpa frequency point #                    82
 Done with rirpa frequency point #                    83
 Done with rirpa frequency point #                    84
 Done with rirpa frequency point #                    85
 Done with rirpa frequency point #                    86
 Done with rirpa frequency point #                    87
 Done with rirpa frequency point #                    88
 Done with rirpa frequency point #                    89
 Done with rirpa frequency point #                    90
 Done with rirpa frequency point #                    91
 Done with rirpa frequency point #                    92
 Done with rirpa frequency point #                    93
 Done with rirpa frequency point #                    94
 Done with rirpa frequency point #                    95
 Done with rirpa frequency point #                    96
 Done with rirpa frequency point #                    97
 Done with rirpa frequency point #                    98
 Done with rirpa frequency point #                    99
 Done with rirpa frequency point #                   100
 


 RI-RPA correlation energy: -0.6716250045619621E+00
 Allocatable memory for RI due to $ricore (MB):                  5000

 there are 1 real representations :   a   

 maximum number of shells which are related by symmetry :  1

  
           ------------------------
               RI-J - INFORMATION
           ------------------------
 Contributions to RI integral batches: 
  neglected integral batches:                    65
  direct contribution:                            0
  memory contribution:                  4213

          ------------------------
          nuclear repulsion energy  :   89.4025330840    
          ------------------------


         -----------------
         -S,T+V- integrals
         -----------------

 1e-integrals will be neglected if expon. factor < 0.269687E-10

                  --------------------------------------------------- 
                 |  HXX+RIRPA total energy     =  -2612.74088342454  |
                  ---------------------------------------------------- 
                 :  RIRPA correlation energy   =     -0.67162500456  :
                 :  HXX total energy           =  -2612.06925841998  :
                 :  Hartree energy             =   1207.77681608789  :
                 :  Exact Exchange energy      =    -95.78344918504  :
                  .................................................... 


    ------------------------------------------------------------------------
    Rirpa profiling                cpu                    wall         ratio
    ------------------------------------------------------------------------
    module                         sec     %               sec     %
    ------------------------------------------------------------------------
    RIRPA                       369.5  100.00           63.9  100.00   5.8
    STARTUP                       2.2    0.58            0.3    0.46   7.3
    riccmos                       1.8    0.49            0.3    0.40   7.0
    riccaux                       1.3    0.36            0.2    0.26   7.9
    riccbound                    13.9    3.77           12.7   19.91   1.1
    ccmkbaoi                     10.7    2.89            1.4    2.12   7.9
    ecrpa                        62.2   16.84            7.8   12.21   8.0
    qbuild                       55.6   15.04            7.0   10.90   8.0
    rparenrm                      5.1    1.37            0.6    0.99   8.0
    ehxx                        277.1   74.99           41.3   64.59   6.7
    ------------------------------------------------------------------------
    sum                         799.7  216.40          135.5  211.89   5.9
    ------------------------------------------------------------------------


    ------------------------------------------------------------------------
         total  cpu-time :  6 minutes and 10 seconds
         total wall-time :  1 minutes and  4 seconds
    ------------------------------------------------------------------------

   ****  rirpa : all done  ****


    2020-07-24 21:57:00.649 

