
 rirpa (tigris) : TURBOMOLE rev. V7.4.1 (b987a8a8) compiled 15 Oct 2019 at 12:03:25
 Copyright (C) 2019 TURBOMOLE GmbH, Karlsruhe


    2020-12-20 23:46:42.154 

 
 
    *************************************************************************
    *************************** PROGRAM RIRPA *******************************
    ******                                                             ******
    ******              H. Eshuis, J. E. Bates and F. Furche           ******
    ******                                                             ******
    ****** Nov 2011                                                    ******
    ****** Copyright TURBOMOLE GmbH                                    ******
    *************************************************************************
    
    
                                References:                                  
    
                   RIRPA:                                                    
                     H. Eshuis, J. Yarkony, and F. Furche                    
                     Fast Computation of Molecular Random Phase              
                     Approximation Correlation Energies Using Resolution     
                     of the Identity and Imaginary Frequency Integration     
                     J. Chem. Phys. 132: 234114 (2010)                       
    
                     H. Eshuis, J. E. Bates, and F. Furche                   
                     Electron Correlation Methods Based on                   
                     the Random Phase Approximation                          
                     Theor. Chem. Acc.  131: 1084 (2012)                     
    
                     G. P. Chen, V. K. Voora, M. M. Agee,                    
                     S. G. Balasubramani, and F. Furche                      
                     Random-Phase Approximation Methods                      
                     Annu. Rev. Phys. Chem. 68: 421 (2017)                   
    
                   TWO-COMPONENT RIRPA:                                      
                     M. Kuehn                                                
                     Correlation Energies from the                           
                     Two-Component Random-Phase Approximation                
                     J. Chem. Theory Comput. 10: 623 (2014)                  
    
                   RIRPA GRADIENTS:                                          
                     A. M. Burow, J. E. Bates, F. Furche*, and H. Eshuis     
                     Analytical First-Order Molecular Properties and Forces  
                     within the Adiabatic Connection Random Phase            
                     Approximation                                           
                     J. Chem. Theory Comput. 10: 180 (2014)                  
    
                   RI-AXK/RI-ACSOSEX/RI-ACSOX:                               
                     G. P. Chen, M. M. Agee, and F. Furche                   
                     Performance and Scope of Perturbative Corrections to    
                     Random-Phase Approximation Energies                     
                     J. Chem. Theory Comput. 14: 5701 (2018)                 
    
                   GKS-RPA:                                                  
                     V. K. Voora, S. G. Balasubramani, and F. Furche         
                     Variational Generalized Kohn-Sham Approach Combining    
                     the Random-Phase-Approximation and Green’s-Function     
                     Methods                                                 
                     Phys. Rev. A (accepted)                                 
    
    
    

   *-----------------------------------------------------------------------*
   |                     program will use  1 thread(s)                     |
   *-----------------------------------------------------------------------*

 MAXIMUM CORE MEMORY WHICH CAN BE ALLOCATED DYNAMICALLY = 500 MiB
              ( or 65536000 double words per process)

 
                FOUND RI-J FLAG
 
  HF exact exchange energy will be computed using RI-J.


              +--------------------------------------------------+
              | Atomic coordinate, charge and isotop information |
              +--------------------------------------------------+

                    atomic coordinates            atom    charge  isotop
          0.01456626    0.40492510    0.09888092    h      1.000     0
          0.01962598    0.37884067    2.14227777    c      6.000     0
          2.30145606    0.46519130    3.45523585    c      6.000     0
          2.30783896    0.42175528    6.08813778    c      6.000     0
          0.03307789    0.29183866    7.40872067    c      6.000     0
         -2.24838635    0.20481689    6.09667869    c      6.000     0
         -2.25561624    0.24835256    3.46337140    c      6.000     0
          4.06678791    0.55714614    2.42983815    h      1.000     0
          4.07870707    0.48222857    7.10647302    h      1.000     0
          0.03868116    0.25185810    9.45197139    h      1.000     0
         -4.01326243    0.09567522    7.12116408    h      1.000     0
         -4.02539051    0.17176080    2.44437658    h      1.000     0
         -0.07118067   -6.22678634    3.35093796    br    35.000     0
          0.17180336   -9.86932596    3.53184484    c      6.000     0
          0.04199013  -10.61780554    1.63124050    h      1.000     0
          1.97359391  -10.35070488    4.37521977    h      1.000     0
         -1.37165089  -10.55903652    4.68572358    h      1.000     0
 
       center of nuclear mass  :   -0.00529457   -3.59280146    4.01032903
       center of nuclear charge:    0.00338950   -3.42619371    4.06680603
              +-------------------------------------------------+
              |        Rotational Constants Section             |
              +-------------------------------------------------+
                                   Center of Mass [a.u]:
              -0.00529457345435        -3.59280146006908         4.01032902873350
                     Principal Moments of Inertia [a.u.]
             643.95031600793413      2783.31931531076953      2783.65239139591858
                       Rotational constants A,B,C [a.u.]
               0.00077645741848         0.00017964162331         0.00017962012841
                     Rotational constants A,B,C [cm**-1]
               0.09348498634126         0.02162873881028         0.02162615083784
                        Rotational constants A,B,C [MHz]
            2802.60938413426175       648.41327713724888       648.33569167558164

   * BASIS SET information:

              +--------------------------------------------------+
              |               basis set information              |
              +--------------------------------------------------+

              we will work with the 1s 3p 5d 7f 9g ... basis set
              ...i.e. with spherical basis functions...

   type   atoms  prim   cont   basis
   ---------------------------------------------------------------------------
    h        9     33     30   def2-QZVP   [4s3p2d1f|7s3p2d1f]
    c        7     77     57   def2-QZVP   [7s4p3d2f1g|15s8p3d2f1g]
    br       1    157     75   def2-QZVP   [11s7p4d2f1g|24s20p10d2f1g]
   ---------------------------------------------------------------------------
   total:   17    993    744
   ---------------------------------------------------------------------------

   total number of primitive shells          :   99
   total number of contracted shells         :  234
   total number of cartesian basis functions :  910
   total number of SCF-basis functions       :  744


   * AUXILIARY BASIS SET information:

              +--------------------------------------------------+
              |               basis set information              |
              +--------------------------------------------------+

              we will work with the 1s 3p 5d 7f 9g ... basis set
              ...i.e. with spherical basis functions...

   type   atoms  prim   cont   basis
   ---------------------------------------------------------------------------
    h        9     56     56   def2-QZVP   [6s4p3d2f1g|6s4p3d2f1g]
    c        7    141    141   def2-QZVP   [9s8p7d5f3g1h|9s8p7d5f3g1h]
    br       1    298    298   def2-QZVP   [13s12p11d9f7g5h1i|13s12p11d9f7g5h1i]
   ---------------------------------------------------------------------------
   total:   17   1789   1789
   ---------------------------------------------------------------------------

   total number of primitive shells          :  107
   total number of contracted shells         :  433
   total number of cartesian basis functions : 2419
   total number of SCF-basis functions       : 1789


   * RIJ AUXILIARY BASIS SET information:

              +--------------------------------------------------+
              |               basis set information              |
              +--------------------------------------------------+

              we will work with the 1s 3p 5d 7f 9g ... basis set
              ...i.e. with spherical basis functions...

   type   atoms  prim   cont   basis
   ---------------------------------------------------------------------------
    h        9     16     11   def2-QZVP   [3s1p1d|5s2p1d]
    c        7     70     49   def2-QZVP   [6s4p3d1f1g|12s5p4d2f1g]
    br       1     89     58   def2-QZVP   [8s4p3d2f1g|19s5p5d3f1g]
   ---------------------------------------------------------------------------
   total:   17    723    500
   ---------------------------------------------------------------------------

   total number of primitive shells          :   65
   total number of contracted shells         :  168
   total number of cartesian basis functions :  608
   total number of SCF-basis functions       :  500


 reading orbital data $scfmo  from file mos
 orbital characterization : scfconv=7

 integral neglect threshold       :  0.27E+02

 scfconv                     7

 there are 1 real representations :   a   

 maximum number of shells which are related by symmetry :  1

 entered riccmos at 2020-12-20 23:46:44.083
  MOs are in ASCII format !


 reading orbital data $scfmo  from file mos
 orbital characterization : scfconv=7
 time elapsed for calculating density matrices :   0.068 sec



              +--------------------------------------------+
              | list of orbitals that will be kept frozen: |
              +--------------------------------------------+
              |   irrep   index      energy     occ/vir    |
              +--------------------------------------------+
              |   a         1     -482.5337     occupied   |
              |   a         2      -62.2396     occupied   |
              |   a         3      -56.0263     occupied   |
              |   a         4      -56.0232     occupied   |
              |   a         5      -56.0232     occupied   |
              |   a         6      -10.1585     occupied   |
              |   a         7      -10.1126     occupied   |
              |   a         8      -10.1123     occupied   |
              |   a         9      -10.1122     occupied   |
              |   a        10      -10.1118     occupied   |
              |   a        11      -10.1117     occupied   |
              |   a       ...        ...        occupied   |
              |   a        21       -2.5278     occupied   |
              +--------------------------------------------+



   Molecular Orbital Statistic:
   ============================

   -----------------------------
   orbitals in total:
   -----------------------------
    frozen occupied :     21
    active occupied :     22
    active virtual  :    701
    frozen virtual  :      0
    all together    :    744
   -----------------------------


     time in riccmoinp     cpu:  0.75 sec    wall:  1.60 sec    ratio:  0.5
     time in scfdens       cpu:  0.07 sec    wall:  0.16 sec    ratio:  0.4
     time in mkiao         cpu:  0.00 sec    wall:  0.00 sec    ratio:  0.0
     time in ricclmos      cpu:  0.00 sec    wall:  0.00 sec    ratio:  0.0
     time in riccmos       cpu:  0.93 sec    wall:  2.12 sec    ratio:  0.4
 leave riccmos at 2020-12-20 23:46:46.205

     total memory allocated for calculation of (Q|P)**(-1/2) : 37 MiB


     calculation of (P|Q) ...
     time in lp2sym        cpu:  0.24 sec    wall:  0.52 sec    ratio:  0.5


     calculation of the Cholesky decomposition of (P|Q)**(-1) ...
     time in invmetri      cpu:  0.60 sec    wall:  1.31 sec    ratio:  0.5

   threshold for RMS(d[D]) in SCF was     :  0.10E-06
   integral neglect threshold             :  0.14E-11
   derivative integral neglect threshold  :  0.10E-06


 setting up bound for integral derivative estimation

 increment for numerical differentiation : 0.00050000
 
 Occupied orbital block size for RIRPA:                    22
 
 Number of passes for spin                     1 is                     1
 
 Number of eigenvalues < 6e-3:                      0
 
 
            -----------------------------
            Complex frequency integration
            -----------------------------
 
 Number of Clenshaw-Curtis nodes:                    100
 Optimized scaling parameter    :    5.04705223123578     
 Sensitivity measure            :  -3.800024012817760E-008
 
 Done with rirpa frequency point #                     1
 Done with rirpa frequency point #                     2
 Done with rirpa frequency point #                     3
 Done with rirpa frequency point #                     4
 Done with rirpa frequency point #                     5
 Done with rirpa frequency point #                     6
 Done with rirpa frequency point #                     7
 Done with rirpa frequency point #                     8
 Done with rirpa frequency point #                     9
 Done with rirpa frequency point #                    10
 Done with rirpa frequency point #                    11
 Done with rirpa frequency point #                    12
 Done with rirpa frequency point #                    13
 Done with rirpa frequency point #                    14
 Done with rirpa frequency point #                    15
 Done with rirpa frequency point #                    16
 Done with rirpa frequency point #                    17
 Done with rirpa frequency point #                    18
 Done with rirpa frequency point #                    19
 Done with rirpa frequency point #                    20
 Done with rirpa frequency point #                    21
 Done with rirpa frequency point #                    22
 Done with rirpa frequency point #                    23
 Done with rirpa frequency point #                    24
 Done with rirpa frequency point #                    25
 Done with rirpa frequency point #                    26
 Done with rirpa frequency point #                    27
 Done with rirpa frequency point #                    28
 Done with rirpa frequency point #                    29
 Done with rirpa frequency point #                    30
 Done with rirpa frequency point #                    31
 Done with rirpa frequency point #                    32
 Done with rirpa frequency point #                    33
 Done with rirpa frequency point #                    34
 Done with rirpa frequency point #                    35
 Done with rirpa frequency point #                    36
 Done with rirpa frequency point #                    37
 Done with rirpa frequency point #                    38
 Done with rirpa frequency point #                    39
 Done with rirpa frequency point #                    40
 Done with rirpa frequency point #                    41
 Done with rirpa frequency point #                    42
 Done with rirpa frequency point #                    43
 Done with rirpa frequency point #                    44
 Done with rirpa frequency point #                    45
 Done with rirpa frequency point #                    46
 Done with rirpa frequency point #                    47
 Done with rirpa frequency point #                    48
 Done with rirpa frequency point #                    49
 Done with rirpa frequency point #                    50
 Done with rirpa frequency point #                    51
 Done with rirpa frequency point #                    52
 Done with rirpa frequency point #                    53
 Done with rirpa frequency point #                    54
 Done with rirpa frequency point #                    55
 Done with rirpa frequency point #                    56
 Done with rirpa frequency point #                    57
 Done with rirpa frequency point #                    58
 Done with rirpa frequency point #                    59
 Done with rirpa frequency point #                    60
 Done with rirpa frequency point #                    61
 Done with rirpa frequency point #                    62
 Done with rirpa frequency point #                    63
 Done with rirpa frequency point #                    64
 Done with rirpa frequency point #                    65
 Done with rirpa frequency point #                    66
 Done with rirpa frequency point #                    67
 Done with rirpa frequency point #                    68
 Done with rirpa frequency point #                    69
 Done with rirpa frequency point #                    70
 Done with rirpa frequency point #                    71
 Done with rirpa frequency point #                    72
 Done with rirpa frequency point #                    73
 Done with rirpa frequency point #                    74
 Done with rirpa frequency point #                    75
 Done with rirpa frequency point #                    76
 Done with rirpa frequency point #                    77
 Done with rirpa frequency point #                    78
 Done with rirpa frequency point #                    79
 Done with rirpa frequency point #                    80
 Done with rirpa frequency point #                    81
 Done with rirpa frequency point #                    82
 Done with rirpa frequency point #                    83
 Done with rirpa frequency point #                    84
 Done with rirpa frequency point #                    85
 Done with rirpa frequency point #                    86
 Done with rirpa frequency point #                    87
 Done with rirpa frequency point #                    88
 Done with rirpa frequency point #                    89
 Done with rirpa frequency point #                    90
 Done with rirpa frequency point #                    91
 Done with rirpa frequency point #                    92
 Done with rirpa frequency point #                    93
 Done with rirpa frequency point #                    94
 Done with rirpa frequency point #                    95
 Done with rirpa frequency point #                    96
 Done with rirpa frequency point #                    97
 Done with rirpa frequency point #                    98
 Done with rirpa frequency point #                    99
 Done with rirpa frequency point #                   100
 


 RI-RPA correlation energy: -0.2153202980051198E+01
 Allocatable memory for RI due to $ricore (MB):                   500

 there are 1 real representations :   a   

 maximum number of shells which are related by symmetry :  1

  
           ------------------------
               RI-J - INFORMATION
           ------------------------
 Contributions to RI integral batches: 
  neglected integral batches:                  6374
  direct contribution:                        10346
  memory contribution:                 10775

         -----------------
         -S,T+V- integrals
         -----------------

 1e-integrals will be neglected if expon. factor < 0.137798E-11

          ------------------------
          nuclear repulsion energy  :   528.849028200    
          ------------------------


                  --------------------------------------------------- 
                 |  HXX+RIRPA total energy     =  -2844.99614679013  |
                  ---------------------------------------------------- 
                 :  RIRPA correlation energy   =     -2.15320298005  :
                 :  HXX total energy           =  -2842.84294381008  :
                 :  Hartree energy             =   1757.64909075828  :
                 :  Exact Exchange energy      =   -129.07707865863  :
                  .................................................... 


    ------------------------------------------------------------------------
    Rirpa profiling                cpu                    wall         ratio
    ------------------------------------------------------------------------
    module                         sec     %               sec     %
    ------------------------------------------------------------------------
    RIRPA                      1249.0  100.00         1979.4  100.00   0.6
    riccmos                       0.9    0.07            2.1    0.11   0.4
    riccbound                    11.2    0.90           26.3    1.33   0.4
    ccmkbaoi                     58.2    4.66          169.0    8.54   0.3
    ecrpa                       339.0   27.14          821.5   41.51   0.4
    qbuild                      324.9   26.01          787.0   39.76   0.4
    rparenrm                     13.2    1.06           32.0    1.61   0.4
    ehxx                        837.7   67.07          956.0   48.30   0.9
    ------------------------------------------------------------------------
    sum                        2836.2  227.09         4778.3  241.41   0.6
    ------------------------------------------------------------------------


    ------------------------------------------------------------------------
         total  cpu-time : 20 minutes and 49 seconds
         total wall-time : 32 minutes and 59 seconds
    ------------------------------------------------------------------------

   ****  rirpa : all done  ****


    2020-12-21 00:19:41.572 

 rirpa ended normally
