
 ridft (tigris) : TURBOMOLE rev. V7.4.1 (b987a8a8) compiled 15 Oct 2019 at 12:03:25
 Copyright (C) 2019 TURBOMOLE GmbH, Karlsruhe


    2020-12-20 18:40:13.404 



                                  r i d f t

                        DFT program with RI approximation 
                                for coulomb part 




                                                 
                                 References:     
                                                 
          TURBOMOLE:                             
              R. Ahlrichs, M. Baer, M. Haeser, H. Horn, and
              C. Koelmel
              Electronic structure calculations on workstation
              computers: the program system TURBOMOLE
              Chem. Phys. Lett. 162: 165 (1989)
          Density Functional:                              
              O. Treutler and R. Ahlrichs                      
              Efficient Molecular Numerical Integration Schemes
              J. Chem. Phys. 102: 346 (1995)                   
          Parallel Version:                                
              Performance of parallel TURBOMOLE for Density    
              Functional Calculations                          
              M. v. Arnim and R. Ahlrichs                      
              J. Comp. Chem. 19: 1746 (1998)                   
          RI-J Method:                                     
              Auxiliary Basis Sets to approximate Coulomb      
              Potentials                                       
              Chem. Phys. Lett. 240: 283 (1995)                
              K. Eichkorn, O. Treutler, H. Oehm, M. Haeser     
              and R. Ahlrichs                                  
              Chem. Phys. Lett. 242: 652 (1995)                
                                                           
              Auxiliary Basis Sets for Main Row Atoms and their
              Use to approximate Coulomb Potentials            
              K. Eichkorn, F. Weigend, O. Treutler and         
              R. Ahlrichs                                      
              Theo. Chem. Acc. 97: 119 (1997)                   
                                                           
              Accurate Coulomb-fitting basis sets for H to Rn 
              F. Weigend                                        
              Phys. Chem. Chem. Phys. 8: 1057 (2006)            
                                                           
          Multipole accelerated RI-J (MARI-J):             
              Fast evaluation of the Coulomb potential for     
              electron densities using multipole accelerated   
              resolution of identity approximation             
              M. Sierka, A. Hogekamp and R. Ahlrichs           
              J. Chem. Phys. 118: 9136 (2003)                  
          RI-JK Method:                                     
              A fully direct RI-HF algorithm: Implementation,
              optimised auxiliary basis sets, demonstration of
              accuracy and efficiency                         
              F. Weigend                                      
              Phys. Chem. Chem. Phys. 4: 4285 (2002)           
          Two-component HF and DFT with spin-orbit coupling:  
              Self-consistent treatment of spin-orbit         
              interactions with efficient Hartree-Fock and    
              density functional methods                      
              M. K. Armbruster, F. Weigend, C. van Wüllen and 
              W. Klopper                                      
              Phys. Chem. Chem. Phys. 10: 1748 (2008)         
          Two-component difference density and DIIS algorithm 
              Efficient two-component self-consistent field   
              procedures and gradients: implementation in     
              TURBOMOLE and application to Au20-              
              A. Baldes, F. Weigend                           
              Mol. Phys. 111: 2617 (2013)                     
          Relativistic all-electron 2c calculations           
              An efficient implementation of two-component    
              relativistic exact-decoupling methods for large 
              molecules                                       
              D. Peng, N. Middendorf, F. Weigend, M. Reiher   
              J. Chem. Phys. 138: 184105 (2013)               
          Finite nucleus model and SNSO approximation         
              Efficient implementation of one- and two-       
              component analytical energy gradients in exact  
              two-component theory                            
              Y. J. Franzke, N. Middendorf, F. Weigend        
              J. Chem. Phys. 148: 104110 (2018)               
                                         




              +--------------------------------------------------+
              |      general information about current run       |
              +--------------------------------------------------+

 

 DENSITY CONVERGENCE CHECK SWITCHED ON !
 SCF CONVERGENCE IF RMS(delta[D]) <     0.1000000000E-06

 TPSS global hybrid functional
 exchange:    9/10 (LDA+TPSS) + 1/10 HF
 correlation: LDA (PW) + TPSS
 A Hybrid-DFT calculation using the RI-J approximation will be carried out.
 Allocatable memory for RI due to $ricore (MB):                   500


              +--------------------------------------------------+
              | Atomic coordinate, charge and isotop information |
              +--------------------------------------------------+

                    atomic coordinates            atom    charge  isotop
         -3.61707572   -2.21326242   -0.20914111    f      9.000     0
         -4.12085913    2.64361028   -0.77360733    h      1.000     0
          0.70571180   -1.46804569    0.40260319    c      6.000     0
         -1.70284271   -0.55881755   -0.07245620    c      6.000     0
         -2.22721391    1.98624548   -0.40689082    c      6.000     0
         -0.21016647    3.64828289   -0.24136575    c      6.000     0
          2.24393352    2.86731530    0.23334808    c      6.000     0
          2.63467443    0.29590222    0.54871426    c      6.000     0
         -0.65510226    6.12711283   -0.54503488    f      9.000     0
          3.78023043    4.20058934    0.35763960    h      1.000     0
          1.05737534   -3.45504989    0.68084171    h      1.000     0
          4.98699896   -0.51782532    1.02289296    f      9.000     0
         -3.74681273   -4.21354278    6.24129599    h      1.000     0
         -4.62886412    0.36598999    5.90254171    h      1.000     0
          0.24109320   -3.70311265    6.83064654    c      6.000     0
         -2.22182292   -2.86448304    6.41745106    c      6.000     0
         -2.71823825   -0.28460013    6.22563119    c      6.000     0
         -0.75377280    1.45614014    6.44823295    c      6.000     0
          1.70861426    0.61598908    6.86022001    c      6.000     0
          2.20687944   -1.96348829    7.05240112    c      6.000     0
         -1.13942001    3.45795522    6.29787280    h      1.000     0
          3.23423106    1.96584304    7.03001735    h      1.000     0
          0.62628987   -5.70480388    6.98482589    h      1.000     0
          4.11838418   -2.61333850    7.36901106    h      1.000     0
 
       center of nuclear mass  :    0.05535488    0.29242435    2.51924391
       center of nuclear charge:    0.04680594    0.25347635    2.63240838

              +--------------------------------------------------+
              |               basis set information              |
              +--------------------------------------------------+

              we will work with the 1s 3p 5d 7f 9g ... basis set
              ...i.e. with spherical basis functions...

   type   atoms  prim   cont   basis
   ---------------------------------------------------------------------------
    f        3     50     30   cc-pVTZ   [4s3p2d1f|18s5p2d1f]
    h        9     16     14   cc-pVTZ   [3s2p1d|5s2p1d]
    c       12     50     30   cc-pVTZ   [4s3p2d1f|18s5p2d1f]
   ---------------------------------------------------------------------------
   total:   24    894    576
   ---------------------------------------------------------------------------

   total number of primitive shells          :   60
   total number of contracted shells         :  204
   total number of cartesian basis functions :  660
   total number of SCF-basis functions       :  576


 integral neglect threshold       :  0.51E-11
 integral storage threshold THIZE :  0.10E-04
 integral storage threshold THIME :         5

 RI-J AUXILIARY BASIS SET information:

              we will work with the 1s 3p 5d 7f 9g ... basis set
              ...i.e. with spherical basis functions...

   type   atoms  prim   cont   basis
   ---------------------------------------------------------------------------
    f        3     70     49   cc-pVTZ   [6s4p3d1f1g|12s5p4d2f1g]
    h        9     16     11   cc-pVTZ   [3s1p1d|5s2p1d]
    c       12     70     49   cc-pVTZ   [6s4p3d1f1g|12s5p4d2f1g]
   ---------------------------------------------------------------------------
   total:   24   1194    834
   ---------------------------------------------------------------------------

   total number of primitive shells          :   56
   total number of contracted shells         :  270
   total number of cartesian basis functions : 1023
   total number of SCF-basis functions       :  834


 symmetry group of the molecule :   c1 

 the group has the following generators :
   c1(z)

    1 symmetry operations found

 there are 1 real representations :   a   

 maximum number of shells which are related by symmetry :  1


    mo occupation :
   irrep   mo's   occupied
    a      576       54
 
 number of basis functions   :                    576
 number of occupied orbitals :                     54
 
  
           ------------------
           density functional
           ------------------
 TPSS global hybrid functional
 exchange:    9/10 (LDA+TPSS) + 1/10 HF
 correlation: LDA (PW) + TPSS

 spherical integration : Lebedev's spherical grid
 spherical gridsize    :                     5
    i.e. gridpoints    :                   590
 value for diffuse not defined
 radial integration    : Chebyshev 2nd kind (scaling 3)
 radial gridsize       :                     8
 integration cells     :                    24
 partition function    : becke
 partition sharpness   :                     3
  

 biggest AO integral is expected to be     5.499692413
  
           ------------------------
               RI-J - INFORMATION
           ------------------------
 Contributions to RI integral batches: 
  neglected integral batches:                  3600
  direct contribution:                         8243
  memory contribution:                  9067
 Memory core needed for (P|Q) and Cholesky      6 MByte
 Memory core minimum needed except of (P|Q)     1 MByte
 Total minimum memory core needed (sum)         6 MByte
  
 ****************************************
 Memory allocated for RI-J   375 MByte
 ****************************************
                                            

          ------------------------
          nuclear repulsion energy  :   967.714124182    
          ------------------------


         -----------------
         -S,T+V- integrals
         -----------------

 1e-integrals will be neglected if expon. factor < 0.506358E-12
 
   Difference densities algorithm switched on.
   The maximal number of linear combinations of
   difference densities is                    20 .

 DIIS switched on: error vector is FDS-SDF
 Max. Iterations for DIIS is     :   4
 DIIS matrix (see manual) 
    Scaling factor of diagonals  :  1.200
    threshold for scaling factor :  0.000

 scf convergence criterion : increment of total energy < .1000000D-06
                  and increment of one-electron energy < .1000000D-03

  MOs are in ASCII format !


 automatic virtual orbital shift switched on 
      shift if e(lumo)-e(homo) < 0.10000000    


 reading orbital data $scfmo  from file mos
 orbital characterization : scfconv=7

 DSCF restart information will be dumped onto file mos


 Starting SCF iterations

          Overall gridpoints after grid construction =        384597

 ITERATION  ENERGY          1e-ENERGY        2e-ENERGY     RMS[dD(SAO)]   TOL
   1  -762.49208357549    -2964.8207048     1234.6144970    0.000D+00 0.505D-11
                            Exc = -90.3308969820     Coul =  1334.49170876    
                            exK = -9.54631475607    
                              N = 108.00000816    
                            current damping = 0.300
 
          max. resid. norm for Fia-block=  4.880D-02 for orbital      3a         
          max. resid. fock norm         =  8.507D-02 for orbital    511a         

 ITERATION  ENERGY          1e-ENERGY        2e-ENERGY     RMS[dD(SAO)]   TOL
   2  -762.50134786288    -2964.8032234     1234.5877514    0.106D-02 0.323D-11
                            Exc = -90.4460049880      Eck =  1325.03375636    
                              N = 108.00000801    
                            current damping = 0.250
 
          Norm of current diis error: 0.15430    
          max. resid. norm for Fia-block=  1.061D-02 for orbital     29a         
          max. resid. fock norm         =  2.366D-02 for orbital    512a         

 ITERATION  ENERGY          1e-ENERGY        2e-ENERGY     RMS[dD(SAO)]   TOL
   3  -762.50132933003    -2964.9401639     1234.7247104    0.225D-03 0.280D-11
                            Exc = -90.4176263203      Eck =  1325.14233673    
                              N = 108.00000796    
                            current damping = 0.300
 
          Norm of current diis error: 0.16287    
          max. resid. norm for Fia-block=  4.207D-03 for orbital     29a         
          max. resid. fock norm         =  6.986D-03 for orbital    498a         

 ITERATION  ENERGY          1e-ENERGY        2e-ENERGY     RMS[dD(SAO)]   TOL
   4  -762.50242851275    -2964.9454825     1234.7289298    0.158D-03 0.260D-11
                            Exc = -90.4453729171      Eck =  1325.17430268    
                              N = 108.00000794    
                            current damping = 0.150
 
          Norm of current diis error: 0.42640E-01
          max. resid. norm for Fia-block=  1.399D-03 for orbital     29a         
          max. resid. fock norm         =  2.056D-03 for orbital    497a         

 ITERATION  ENERGY          1e-ENERGY        2e-ENERGY     RMS[dD(SAO)]   TOL
   5  -762.50250597441    -2964.8980277     1234.6813975    0.502D-04 0.236D-11
                            Exc = -90.4513877137      Eck =  1325.13278526    
                              N = 108.00000794    
                            current damping = 0.200
 
          Norm of current diis error: 0.91617E-02
          max. resid. norm for Fia-block=  4.236D-04 for orbital     53a         
          max. resid. fock norm         =  9.496D-04 for orbital     12a         
          mo-orthogonalization: Cholesky decomposition

 ITERATION  ENERGY          1e-ENERGY        2e-ENERGY     RMS[dD(SAO)]   TOL
   6  -762.50250554121    -2964.9142733     1234.6976436    0.868D-05 0.230D-11
                            Exc = -90.4527364955      Eck =  1325.15038010    
                              N = 108.00000794    
                            current damping = 0.250
 
          Norm of current diis error: 0.95514E-02
          max. resid. norm for Fia-block=  1.892D-04 for orbital     53a         
          max. resid. fock norm         =  4.446D-04 for orbital    573a         

 ITERATION  ENERGY          1e-ENERGY        2e-ENERGY     RMS[dD(SAO)]   TOL
   7  -762.50250906432    -2964.9148512     1234.6982180    0.393D-05 0.227D-11
                            Exc = -90.4523801725      Eck =  1325.15059817    
                              N = 108.00000793    
                            current damping = 0.100
 
          Norm of current diis error: 0.24173E-02
          max. resid. norm for Fia-block=  6.585D-05 for orbital     52a         
          max. resid. fock norm         =  1.003D-04 for orbital    572a         

 ITERATION  ENERGY          1e-ENERGY        2e-ENERGY     RMS[dD(SAO)]   TOL
   8  -762.50250925722    -2964.9087353     1234.6921018    0.198D-05 0.224D-11
                            Exc = -90.4518429682      Eck =  1325.14394479    
                              N = 108.00000794    
                            current damping = 0.150
 
          Norm of current diis error: 0.99386E-03
          max. resid. norm for Fia-block=  3.560D-05 for orbital     52a         
          max. resid. fock norm         =  5.733D-05 for orbital    572a         

 ITERATION  ENERGY          1e-ENERGY        2e-ENERGY     RMS[dD(SAO)]   TOL
   9  -762.50250929223    -2964.9107023     1234.6940688    0.102D-05 0.219D-11
                            Exc = -90.4520511429      Eck =  1325.14611995    
                              N = 108.00000794    
                            current damping = 0.200
 
          Norm of current diis error: 0.42167E-03
          max. resid. norm for Fia-block=  1.337D-05 for orbital     52a         
          max. resid. fock norm         =  2.653D-05 for orbital    572a         

 ENERGY & DENSITY CONVERGED !


 ITERATION  ENERGY          1e-ENERGY        2e-ENERGY     RMS[dD(SAO)]   TOL
  10  -762.50250929987    -2964.9107515     1234.6941181    0.298D-06 0.218D-11
                            Exc = -90.4520384840      Eck =  1325.14615654    
                              N = 108.00000794    
                            current damping = 0.100
 
          Norm of current diis error: 0.16132E-03
          max. resid. norm for Fia-block=  4.706D-06 for orbital     51a         
          max. resid. fock norm         =  1.001D-05 for orbital    572a         

 End of SCF iterations

   convergence criteria satisfied after    10 iterations


                  ------------------------------------------ 
                 |  total energy      =   -762.50250929987  |
                  ------------------------------------------ 
                 :  kinetic energy    =    758.60535804766  :
                 :  potential energy  =  -1521.10786734753  :
                 :  virial theorem    =      1.99488899878  :
                 :  wavefunction norm =      1.00000000000  :
                  .......................................... 


 <geterg> : there is no data group $energy 


 <skperg> : $end is missing 


 orbitals $scfmo  will be written to file mos

    irrep                 50a         51a         52a         53a         54a   
 eigenvalues H         -0.32872    -0.25488    -0.25102    -0.24397    -0.24100
            eV          -8.9449     -6.9357     -6.8307     -6.6387     -6.5579
 occupation              2.0000      2.0000      2.0000      2.0000      2.0000

    irrep                 55a         56a         57a         58a         59a   
 eigenvalues H         -0.03020    -0.02852    -0.02265    -0.02133     0.03534
            eV          -0.8217     -0.7761     -0.6164     -0.5804      0.9618
 
 
 
 
 ==============================================================================
                           electrostatic moments
 ==============================================================================

 reference point for electrostatic moments:    0.00000   0.00000   0.00000

 
              nuc           elec       ->  total
 ------------------------------------------------------------------------------
                          charge      
 ------------------------------------------------------------------------------
         108.000000    -108.000000      -0.000000
 
 ------------------------------------------------------------------------------
                       dipole moment  
 ------------------------------------------------------------------------------
   x       5.055041      -5.056764      -0.001722
   y      27.375445     -27.434116      -0.058670
   z     284.300105    -284.207691       0.092415
 
   | dipole moment | =     0.1095 a.u. =     0.2783 debye 
 
 ------------------------------------------------------------------------------
                     quadrupole moment
 ------------------------------------------------------------------------------
  xx     689.131877    -749.922194     -60.790317
  yy     832.344909    -893.257318     -60.912409
  zz    1873.993841   -1939.711143     -65.717301
  xy      39.024391     -38.975528       0.048863
  xz      38.113760     -37.305778       0.807981
  yz    -363.730311     363.537614      -0.192696
 
     1/3  trace=     -62.473343
     anisotropy=       5.075982
 
 ==============================================================================
 
HOMO-LUMO Separation
 HOMO         :   -0.24099800 H =     -6.55789 eV
 LUMO         :   -0.03019771 H =     -0.82172 eV
 HOMO-LUMO gap:    0.21080029 H =     +5.73617 eV
 
 ==============================================================================


    ------------------------------------------------------------------------
         total  cpu-time : 33 minutes and 52 seconds
         total wall-time :  1 hours 21 minutes and 34 seconds
    ------------------------------------------------------------------------

   ****  ridft : all done  ****


    2020-12-20 20:01:47.828 

 ridft ended normally
