           SMPCPUS    set: Shared-memory Parallelization with  10 CPUs.

           SMP Parallelization Reference:
           C. van Wullen, J. Comput. Chem. 32 (2011) 1195--1201

 ridft (c-14-12) : TURBOMOLE rev. V7.5.0 compiled 13 Jun 2020 at 23:29:25
 Copyright (C) 2020 TURBOMOLE GmbH, Karlsruhe


    2020-07-28 00:10:50.741 



                                  r i d f t

                        DFT program with RI approximation 
                                for coulomb part 




                                                 
                                 References:     
                                                 
          TURBOMOLE:                             
              R. Ahlrichs, M. Baer, M. Haeser, H. Horn, and
              C. Koelmel
              Electronic structure calculations on workstation
              computers: the program system TURBOMOLE
              Chem. Phys. Lett. 162: 165 (1989)
          Density Functional:                              
              O. Treutler and R. Ahlrichs                      
              Efficient Molecular Numerical Integration Schemes
              J. Chem. Phys. 102: 346 (1995)                   
          Parallel Version:                                
              Performance of parallel TURBOMOLE for Density    
              Functional Calculations                          
              M. v. Arnim and R. Ahlrichs                      
              J. Comp. Chem. 19: 1746 (1998)                   
          RI-J Method:                                     
              Auxiliary Basis Sets to approximate Coulomb      
              Potentials                                       
              Chem. Phys. Lett. 240: 283 (1995)                
              K. Eichkorn, O. Treutler, H. Oehm, M. Haeser     
              and R. Ahlrichs                                  
              Chem. Phys. Lett. 242: 652 (1995)                
                                                           
              Auxiliary Basis Sets for Main Row Atoms and their
              Use to approximate Coulomb Potentials            
              K. Eichkorn, F. Weigend, O. Treutler and         
              R. Ahlrichs                                      
              Theo. Chem. Acc. 97: 119 (1997)                   
                                                           
              Accurate Coulomb-fitting basis sets for H to Rn 
              F. Weigend                                        
              Phys. Chem. Chem. Phys. 8: 1057 (2006)            
                                                           
          Multipole accelerated RI-J (MARI-J):             
              Fast evaluation of the Coulomb potential for     
              electron densities using multipole accelerated   
              resolution of identity approximation             
              M. Sierka, A. Hogekamp and R. Ahlrichs           
              J. Chem. Phys. 118: 9136 (2003)                  
          RI-JK Method:                                     
              A fully direct RI-HF algorithm: Implementation,
              optimised auxiliary basis sets, demonstration of
              accuracy and efficiency                         
              F. Weigend                                      
              Phys. Chem. Chem. Phys. 4: 4285 (2002)           
          Two-component HF and DFT with spin-orbit coupling:  
              Self-consistent treatment of spin-orbit         
              interactions with efficient Hartree-Fock and    
              density functional methods                      
              M. K. Armbruster, F. Weigend, C. van Wüllen and 
              W. Klopper                                      
              Phys. Chem. Chem. Phys. 10: 1748 (2008)         
          Two-component difference density and DIIS algorithm 
              Efficient two-component self-consistent field   
              procedures and gradients: implementation in     
              TURBOMOLE and application to Au20-              
              A. Baldes, F. Weigend                           
              Mol. Phys. 111: 2617 (2013)                     
          Relativistic all-electron 2c calculations           
              An efficient implementation of two-component    
              relativistic exact-decoupling methods for large 
              molecules                                       
              D. Peng, N. Middendorf, F. Weigend, M. Reiher   
              J. Chem. Phys. 138: 184105 (2013)               
          Finite nucleus model and SNSO approximation         
              Efficient implementation of one- and two-       
              component analytical energy gradients in exact  
              two-component theory                            
              Y. J. Franzke, N. Middendorf, F. Weigend        
              J. Chem. Phys. 148: 104110 (2018)               
          Grids for all-electron relativistic methods         
              Error-consistent segmented contracted all-      
              electron relativistic basis sets of double-     
              and triple-zeta quality for NMR shielding       
              constants                                       
              Y. J. Franzke, R. Tress, T. M. Pazdera,         
              F. Weigend                                      
              Phys. Chem. Chem. Phys. 21: 166658 (2019)       
          Seminumerical exchange algorithms                   
              Seminumerical calculation of the Hartree-Fock   
              exchange matirx: Application to two-component   
              procedures and efficient evaluation of local    
              hybrid functionsl                               
              P. Plessow, F. Weigend,                         
              J. Comput. Chem. 33: 810 (2012)                 
          Improved seminumerical algorithms                   
              C. Holzer, in preparation (2020)                
                                         




              +--------------------------------------------------+
              |      general information about current run       |
              +--------------------------------------------------+

 

 DENSITY CONVERGENCE CHECK SWITCHED ON !
 SCF CONVERGENCE IF RMS(delta[D]) <     0.1000000000E-06

 PBE functional
 exchange:    LDA + PBE
 correlation: LDA (PW) + PBE
 A DFT calculation using the RI-J approximation will be carried out.
 Allocatable memory for RI due to $ricore (MB):                  5000


              +--------------------------------------------------+
              | Atomic coordinate, charge and isotop information |
              +--------------------------------------------------+

                    atomic coordinates            atom    charge  isotop
          0.15415922   -0.15037868   -0.23101620    c      6.000     0
          3.39498431    0.75046410    1.18992087    br    35.000     0
          0.02504930   -2.19211284   -0.29627091    h      1.000     0
         -1.30819558    0.62626071    0.97224225    h      1.000     0
          0.03435698    0.64218134   -2.11440623    h      1.000     0
 
       center of nuclear mass  :    2.86360926    0.60279266    0.95699212
       center of nuclear charge:    2.69319584    0.55546138    0.88233405

              +--------------------------------------------------+
              |               basis set information              |
              +--------------------------------------------------+

              we will work with the 1s 3p 5d 7f 9g ... basis set
              ...i.e. with spherical basis functions...

   type   atoms  prim   cont   basis
   ---------------------------------------------------------------------------
    c        1    118     91   cc-pV5Z   [6s5p4d3f2g1h|24s8p4d3f2g1h]
    br       1    336    104   cc-pV5Z   [8s7p5d3f2g1h|92s43p13d3f2g1h]
    h        3     58     55   cc-pV5Z   [5s4p3d2f1g|8s4p3d2f1g]
   ---------------------------------------------------------------------------
   total:    5    628    360
   ---------------------------------------------------------------------------

   total number of primitive shells          :  214
   total number of contracted shells         :   92
   total number of cartesian basis functions :  476
   total number of SCF-basis functions       :  360


 integral neglect threshold       :  0.70E-11
 integral storage threshold THIZE :  0.10E-04
 integral storage threshold THIME :         5

 RI-J AUXILIARY BASIS SET information:

              we will work with the 1s 3p 5d 7f 9g ... basis set
              ...i.e. with spherical basis functions...

   type   atoms  prim   cont   basis
   ---------------------------------------------------------------------------
    c        1     70     49   cc-pV5Z   [6s4p3d1f1g|12s5p4d2f1g]
    br       1     89     58   universal   [8s4p3d2f1g|19s5p5d3f1g]
    h        3     16     11   cc-pV5Z   [3s1p1d|5s2p1d]
   ---------------------------------------------------------------------------
   total:    5    207    140
   ---------------------------------------------------------------------------

   total number of primitive shells          :   65
   total number of contracted shells         :   48
   total number of cartesian basis functions :  170
   total number of SCF-basis functions       :  140


 symmetry group of the molecule :   c1 

 the group has the following generators :
   c1(z)

    1 symmetry operations found

 there are 1 real representations :   a   

 maximum number of shells which are related by symmetry :  1

  
           ------------------
           density functional
           ------------------
 PBE functional
 exchange:    LDA + PBE
 correlation: LDA (PW) + PBE

 spherical integration : Lebedev's spherical grid
 spherical gridsize    :                     5
    i.e. gridpoints    :                   590
 value for diffuse not defined
 radial integration    : Chebyshev 2nd kind (scaling 3)
 radial gridsize       :                     8
 integration cells     :                     5
 partition function    : becke
 partition sharpness   :                     3
  

 biggest AO integral is expected to be    21.504685501

          ------------------------
          nuclear repulsion energy  :   89.4754716964    
          ------------------------


         -----------------
         -S,T+V- integrals
         -----------------

 1e-integrals will be neglected if expon. factor < 0.702093E-12
 
   Difference densities algorithm switched on.
   The maximal number of linear combinations of
   difference densities is                    20 .

 DIIS switched on: error vector is FDS-SDF
 Max. Iterations for DIIS is     :   4
 DIIS matrix (see manual) 
    Scaling factor of diagonals  :  1.200
    threshold for scaling factor :  0.000

 scf convergence criterion : increment of total energy < .1000000D-06
                  and increment of one-electron energy < .1000000D-03

 MOs are in ASCII format !


    mo occupation :
   irrep   mo's   occupied
    a      360       22
 
 number of basis functions   :   360
 number of occupied orbitals :    22
 

 reading orbital data $scfmo  from file mos
 orbital characterization : expanded
 virtual MOs provided and orthogonalized by Cholesky decomposition

 automatic virtual orbital shift switched on 
      shift if e(lumo)-e(homo) < 0.10000000    

  
           ------------------------
               RI-J - INFORMATION
           ------------------------
 Contributions to RI integral batches: 
  neglected integral batches:                   103
  direct contribution:                            0
  memory contribution:                  4175
 Memory core needed for (P|Q) and Cholesky      1 MByte
 Memory core minimum needed except of (P|Q)     1 MByte
 Total minimum memory core needed (sum)         2 MByte
  
 ****************************************
 Memory allocated for RI-J   147 MByte
 ****************************************
                                            

 DSCF restart information will be dumped onto file mos


 Starting SCF iterations

          Overall gridpoints after grid construction =         83269

 ITERATION  ENERGY          1e-ENERGY        2e-ENERGY     RMS[dD(SAO)]   TOL
   1  -2613.3945041162    -3812.5746358     1109.7046600    0.000D+00 0.700D-11
                            Exc = -97.2044088979     Coul =  1206.90906886    
                              N = 43.999999756    
                            current damping = 0.300
 
          max. resid. norm for Fia-block=  2.991D-01 for orbital      1a         
          max. resid. fock norm         =  1.115D+01 for orbital    350a         

 ITERATION  ENERGY          1e-ENERGY        2e-ENERGY     RMS[dD(SAO)]   TOL
   2  -2613.6613698404    -3813.1966413     1110.0597998    0.148D-01 0.544D-11
                            Exc = -97.3984128893     Coul =  1207.45821265    
                              N = 43.999999757    
                            current damping = 0.250
 
          Norm of current diis error:  1.2789    
          max. resid. norm for Fia-block=  7.125D-02 for orbital     16a         
          max. resid. fock norm         =  1.808D-01 for orbital    245a         

 ITERATION  ENERGY          1e-ENERGY        2e-ENERGY     RMS[dD(SAO)]   TOL
   3  -2613.6865784043    -3814.0131403     1110.8510902    0.292D-02 0.389D-11
                            Exc = -97.4026344192     Coul =  1208.25372466    
                              N = 43.999999716    
                            current damping = 0.150
 
          Norm of current diis error: 0.57222    
          max. resid. norm for Fia-block=  1.794D-02 for orbital     20a         
          max. resid. fock norm         =  2.234D-02 for orbital     23a         

 ITERATION  ENERGY          1e-ENERGY        2e-ENERGY     RMS[dD(SAO)]   TOL
   4  -2613.6928685167    -3813.2596683     1110.0913281    0.707D-03 0.347D-11
                            Exc = -97.3979836936     Coul =  1207.48931175    
                              N = 43.999999719    
                            current damping = 0.200
 
          Norm of current diis error: 0.11098    
          max. resid. norm for Fia-block=  6.416D-03 for orbital     20a         
          max. resid. fock norm         =  1.231D-02 for orbital    294a         

 ITERATION  ENERGY          1e-ENERGY        2e-ENERGY     RMS[dD(SAO)]   TOL
   5  -2613.6931300915    -3813.8908178     1110.7222160    0.220D-03 0.326D-11
                            Exc = -97.4180784166     Coul =  1208.14029442    
                              N = 43.999999718    
                            current damping = 0.250
 
          Norm of current diis error: 0.39857E-01
          max. resid. norm for Fia-block=  2.304D-03 for orbital     20a         
          max. resid. fock norm         =  4.693D-03 for orbital    295a         
          mo-orthogonalization: Cholesky decomposition

 ITERATION  ENERGY          1e-ENERGY        2e-ENERGY     RMS[dD(SAO)]   TOL
   6  -2613.6932010472    -3813.5464953     1110.3778226    0.917D-04 0.316D-11
                            Exc = -97.4053209953     Coul =  1207.78314359    
                              N = 43.999999717    
                            current damping = 0.300
 
          Norm of current diis error: 0.76631E-02
          max. resid. norm for Fia-block=  4.922D-04 for orbital     11a         
          max. resid. fock norm         =  8.917D-04 for orbital    295a         

 ITERATION  ENERGY          1e-ENERGY        2e-ENERGY     RMS[dD(SAO)]   TOL
   7  -2613.6932035151    -3813.6107179     1110.4420426    0.265D-04 0.306D-11
                            Exc = -97.4081861306     Coul =  1207.85022877    
                              N = 43.999999717    
                            current damping = 0.350
 
          Norm of current diis error: 0.15280E-02
          max. resid. norm for Fia-block=  9.019D-05 for orbital     11a         
          max. resid. fock norm         =  1.292D-04 for orbital     20a         

 ITERATION  ENERGY          1e-ENERGY        2e-ENERGY     RMS[dD(SAO)]   TOL
   8  -2613.6932035947    -3813.6093920     1110.4407167    0.456D-05 0.300D-11
                            Exc = -97.4079638077     Coul =  1207.84868054    
                              N = 43.999999717    
                            current damping = 0.400
 
          Norm of current diis error: 0.31219E-03
          max. resid. norm for Fia-block=  2.305D-05 for orbital     11a         
          max. resid. fock norm         =  3.233D-05 for orbital      8a         

 ITERATION  ENERGY          1e-ENERGY        2e-ENERGY     RMS[dD(SAO)]   TOL
   9  -2613.6932035989    -3813.6105706     1110.4418953    0.120D-05 0.293D-11
                            Exc = -97.4080329069     Coul =  1207.84992825    
                              N = 43.999999717    
                            current damping = 0.450
 
          Norm of current diis error: 0.39888E-04
          max. resid. norm for Fia-block=  3.803D-06 for orbital     11a         
          max. resid. fock norm         =  4.743D-06 for orbital      8a         

 ENERGY & DENSITY CONVERGED !


 ITERATION  ENERGY          1e-ENERGY        2e-ENERGY     RMS[dD(SAO)]   TOL
  10  -2613.6932035989    -3813.6106790     1110.4420037    0.211D-06 0.285D-11
                            Exc = -97.4080418423     Coul =  1207.85004552    
                              N = 43.999999717    
                            current damping = 0.300
 
          Norm of current diis error: 0.15136E-04
          max. resid. norm for Fia-block=  8.879D-07 for orbital     18a         
          max. resid. fock norm         =  1.037D-06 for orbital    230a         

 End of SCF iterations

   convergence criteria satisfied after    10 iterations


                  ------------------------------------------ 
                 |  total energy      =  -2613.69320359892  |
                  ------------------------------------------ 
                 :  kinetic energy    =   2610.26634318654  :
                 :  potential energy  =  -5223.95954678546  :
                 :  virial theorem    =      1.99868888192  :
                 :  wavefunction norm =      1.00000000000  :
                  .......................................... 


 <geterg> : there is no data group $energy 


 <skperg> : $end is missing 


 orbitals $scfmo  will be written to file mos

    irrep                 18a         19a         20a         21a         22a   
 eigenvalues H         -0.40054    -0.40045    -0.35681    -0.24530    -0.24526
            eV         -10.8994    -10.8968     -9.7095     -6.6751     -6.6738
 occupation              2.0000      2.0000      2.0000      2.0000      2.0000

    irrep                 23a         24a         25a         26a         27a   
 eigenvalues H         -0.04212     0.00573     0.04901     0.04903     0.07953
            eV          -1.1463      0.1560      1.3337      1.3341      2.1641
 
 
 
 
 ==============================================================================
                           electrostatic moments
 ==============================================================================

 reference point for electrostatic moments:    0.00000   0.00000   0.00000

 
              nuc           elec       ->  total
 ------------------------------------------------------------------------------
                          charge      
 ------------------------------------------------------------------------------
          44.000000     -44.000000       0.000000
 
 ------------------------------------------------------------------------------
                       dipole moment  
 ------------------------------------------------------------------------------
   x     118.500617    -119.136797      -0.636180
   y      24.440301     -24.616838      -0.176537
   z      38.822698     -39.101159      -0.278461
 
   | dipole moment | =     0.7165 a.u. =     1.8213 debye 
 
 ------------------------------------------------------------------------------
                     quadrupole moment
 ------------------------------------------------------------------------------
  xx     405.262921    -425.930552     -20.667630
  yy      25.457514     -44.803735     -19.346221
  zz      55.380865     -74.784503     -19.403638
  xy      88.182273     -88.434617      -0.252344
  xz     139.826066    -140.228085      -0.402019
  yz      31.363695     -31.422041      -0.058346
 
     1/3  trace=     -19.805830
     anisotropy=       1.536115
 
 ==============================================================================
 
HOMO-LUMO Separation
 HOMO         :   -0.24525547 H =     -6.67374 eV
 LUMO         :   -0.04212497 H =     -1.14628 eV
 HOMO-LUMO gap:    0.20313050 H =     +5.52747 eV
 
 ==============================================================================


    ------------------------------------------------------------------------
         total  cpu-time :  1 minutes and 33 seconds
         total wall-time :   9.24 seconds
    ------------------------------------------------------------------------

   ****  ridft : all done  ****


    2020-07-28 00:10:59.938 

