
   OpenMP run-time library returned nthreads = 20

 rirpa (c-12-33) : TURBOMOLE rev. V7.5.0 compiled 17 Jun 2020 at 09:15:30
 Copyright (C) 2020 TURBOMOLE GmbH, Karlsruhe


    2020-07-20 03:17:56.227 

 
 
    *************************************************************************
    *************************** PROGRAM RIRPA *******************************
    ******                                                             ******
    ******              H. Eshuis, J. E. Bates and F. Furche           ******
    ******                                                             ******
    ****** Nov 2011                                                    ******
    ****** Copyright TURBOMOLE GmbH                                    ******
    *************************************************************************
    
    
                                References:                                  
    
                   RIRPA:                                                    
                     H. Eshuis, J. Yarkony, and F. Furche                    
                     Fast Computation of Molecular Random Phase              
                     Approximation Correlation Energies Using Resolution     
                     of the Identity and Imaginary Frequency Integration     
                     J. Chem. Phys. 132: 234114 (2010)                       
    
                     H. Eshuis, J. E. Bates, and F. Furche                   
                     Electron Correlation Methods Based on                   
                     the Random Phase Approximation                          
                     Theor. Chem. Acc.  131: 1084 (2012)                     
    
                     G. P. Chen, V. K. Voora, M. M. Agee,                    
                     S. G. Balasubramani, and F. Furche                      
                     Random-Phase Approximation Methods                      
                     Annu. Rev. Phys. Chem. 68: 421 (2017)                   
    
                   TWO-COMPONENT RIRPA:                                      
                     M. Kuehn                                                
                     Correlation Energies from the                           
                     Two-Component Random-Phase Approximation                
                     J. Chem. Theory Comput. 10: 623 (2014)                  
    
                   RIRPA GRADIENTS:                                          
                     A. M. Burow, J. E. Bates, F. Furche*, and H. Eshuis     
                     Analytical First-Order Molecular Properties and Forces  
                     within the Adiabatic Connection Random Phase            
                     Approximation                                           
                     J. Chem. Theory Comput. 10: 180 (2014)                  
    
                   RI-AXK/RI-ACSOSEX/RI-ACSOX:                               
                     G. P. Chen, M. M. Agee, and F. Furche                   
                     Performance and Scope of Perturbative Corrections to    
                     Random-Phase Approximation Energies                     
                     J. Chem. Theory Comput. 14: 5701 (2018)                 
    
                   GKS-RPA:                                                  
                     V. K. Voora, S. G. Balasubramani, and F. Furche         
                     Variational Generalized Kohn-Sham Approach Combining    
                     the Random-Phase-Approximation and Green’s-Function     
                     Methods                                                 
                     Phys. Rev. A 99: 012518 (2019)                          
    
    
    
      ... OpenMP parallelization enabled, threads:   20

   *-----------------------------------------------------------------------*
   |                     program will use 20 thread(s)                     |
   *-----------------------------------------------------------------------*

 MAXIMUM CORE MEMORY WHICH CAN BE ALLOCATED DYNAMICALLY = 100000 MiB
              ( or 13107200000 double words per process)

 
                FOUND RI-J FLAG
 
  HF exact exchange energy will be computed using RI-J.


              +--------------------------------------------------+
              | Atomic coordinate, charge and isotop information |
              +--------------------------------------------------+

                    atomic coordinates            atom    charge  isotop
         -0.85745140    0.00034533    2.00159854    c      0.000     0
          1.10358980   -0.00005367    3.75723818    c      0.000     0
          3.61150060   -0.00026978    2.95544054    c      0.000     0
          4.15742671   -0.00011518    0.37956498    c      0.000     0
          2.21448040    0.00028665   -1.39549992    c      0.000     0
         -2.80865521    0.00050829    2.60260756    h      0.000     0
          0.66389750   -0.00019491    5.75287629    h      0.000     0
          5.12650657   -0.00054876    4.32527654    h      0.000     0
          6.09859614   -0.00030775   -0.25867944    h      0.000     0
          2.61401035    0.00040609   -3.39754926    h      0.000     0
         -0.28315932    0.00053103   -0.56653960    c      0.000     0
         -2.70663280    0.00105767   -2.77112272    cl     0.000     0
         -6.98551044    0.00028910   -6.83819615    o      8.000     0
         -9.15381403    0.00367392   -6.06869569    c      6.000     0
        -11.34421035   -0.00104379   -7.91016108    c      6.000     0
         -9.69846403    0.01260673   -3.26027633    c      6.000     0
        -11.18295192    1.65030363   -9.12623191    h      1.000     0
        -11.18499719   -1.66050043   -9.11538362    h      1.000     0
        -13.17748539    0.00309493   -6.99015869    h      1.000     0
        -11.70320706    0.01522221   -2.82569347    h      1.000     0
         -8.81092409   -1.63861198   -2.41280431    h      1.000     0
         -8.80878418    1.66781395   -2.42292515    h      1.000     0
 
       center of nuclear mass  :   -2.95678496    0.00159000   -2.06932923
       center of nuclear charge:   -9.43535512    0.00409551   -5.96979891
              +-------------------------------------------------+
              |        Rotational Constants Section             |
              +-------------------------------------------------+
                                   Center of Mass [a.u]:
              -2.95678496186089         0.00158999708055        -2.06932923249502
                     Principal Moments of Inertia [a.u.]
             528.57037568218720      6242.99110849750650      6749.48995610059774
                       Rotational constants A,B,C [a.u.]
               0.00094594783023         0.00008008981453         0.00007407967169
                     Rotational constants A,B,C [cm**-1]
               0.11389152564359         0.00964276345268         0.00891914602259
                        Rotational constants A,B,C [MHz]
            3414.38204180628145       289.08277573927296       267.38927093725437

   * BASIS SET information:

              +--------------------------------------------------+
              |               basis set information              |
              +--------------------------------------------------+

              we will work with the 1s 3p 5d 7f 9g ... basis set
              ...i.e. with spherical basis functions...

   type   atoms  prim   cont   basis
   ---------------------------------------------------------------------------
    c        9     50     30   cc-pVTZ   [4s3p2d1f|18s5p2d1f]
    h       11     16     14   cc-pVTZ   [3s2p1d|5s2p1d]
    cl       1    106     34   cc-pVTZ   [5s4p2d1f|41s16p2d1f]
    o        1     50     30   cc-pVTZ   [4s3p2d1f|18s5p2d1f]
   ---------------------------------------------------------------------------
   total:   22    782    488
   ---------------------------------------------------------------------------

   total number of primitive shells          :  120
   total number of contracted shells         :  178
   total number of cartesian basis functions :  554
   total number of SCF-basis functions       :  488


   * AUXILIARY BASIS SET information:

              +--------------------------------------------------+
              |               basis set information              |
              +--------------------------------------------------+

              we will work with the 1s 3p 5d 7f 9g ... basis set
              ...i.e. with spherical basis functions...

   type   atoms  prim   cont   basis
   ---------------------------------------------------------------------------
    c        9     81     81   cc-pVTZ   [8s6p5d3f1g|8s6p5d3f1g]
    h       11     30     30   cc-pVTZ   [4s3p2d1f|4s3p2d1f]
    cl       1    122    122   cc-pVTZ   [10s8p7d5f2g|10s8p7d5f2g]
    o        1     81     81   cc-pVTZ   [8s6p5d3f1g|8s6p5d3f1g]
   ---------------------------------------------------------------------------
   total:   22   1262   1262
   ---------------------------------------------------------------------------

   total number of primitive shells          :   88
   total number of contracted shells         :  372
   total number of cartesian basis functions : 1551
   total number of SCF-basis functions       : 1262


   * RIJ AUXILIARY BASIS SET information:

              +--------------------------------------------------+
              |               basis set information              |
              +--------------------------------------------------+

              we will work with the 1s 3p 5d 7f 9g ... basis set
              ...i.e. with spherical basis functions...

   type   atoms  prim   cont   basis
   ---------------------------------------------------------------------------
    c        9     70     49   cc-pVTZ   [6s4p3d1f1g|12s5p4d2f1g]
    h       11     16     11   cc-pVTZ   [3s1p1d|5s2p1d]
    cl       1     77     51   cc-pVTZ   [8s4p3d1f1g|14s5p5d2f1g]
    o        1     70     49   cc-pVTZ   [6s4p3d1f1g|12s5p4d2f1g]
   ---------------------------------------------------------------------------
   total:   22    953    662
   ---------------------------------------------------------------------------

   total number of primitive shells          :   83
   total number of contracted shells         :  222
   total number of cartesian basis functions :  805
   total number of SCF-basis functions       :  662


 reading orbital data $scfmo  from file mos
 orbital characterization : scfconv=7

 integral neglect threshold       :  0.27E+02

 scfconv                     7

 there are 1 real representations :   a   

 maximum number of shells which are related by symmetry :  1

 time elapsed for calculating density matrices :   0.761 sec

     total memory allocated for calculation of (Q|P)**(-1/2) : 19 MiB


     calculation of (P|Q) ...
     time in lp2sym        cpu:  1.67 sec    wall:  0.08 sec    ratio: 20.0


     calculation of the Cholesky decomposition of (P|Q)**(-1) ...
     time in invmetri      cpu:  4.66 sec    wall:  0.23 sec    ratio: 19.9

   threshold for RMS(d[D]) in SCF was     :  0.10E-06
   integral neglect threshold             :  0.21E-11
   derivative integral neglect threshold  :  0.10E-06


 setting up bound for integral derivative estimation

 increment for numerical differentiation : 0.00050000
 
 Occupied orbital block size for RIRPA:                    12
 
 Number of passes for spin                     1 is                     1
 
 Number of eigenvalues < 6e-3:                      0
 
 
            -----------------------------
            Complex frequency integration
            -----------------------------
 
 Number of Clenshaw-Curtis nodes:                    100
 Optimized scaling parameter    :    1.00000000000000     
 Sensitivity measure            :   2.153832667772804E-014
 
 Done with rirpa frequency point #                     1
 Done with rirpa frequency point #                     2
 Done with rirpa frequency point #                     3
 Done with rirpa frequency point #                     4
 Done with rirpa frequency point #                     5
 Done with rirpa frequency point #                     6
 Done with rirpa frequency point #                     7
 Done with rirpa frequency point #                     8
 Done with rirpa frequency point #                     9
 Done with rirpa frequency point #                    10
 Done with rirpa frequency point #                    11
 Done with rirpa frequency point #                    12
 Done with rirpa frequency point #                    13
 Done with rirpa frequency point #                    14
 Done with rirpa frequency point #                    15
 Done with rirpa frequency point #                    16
 Done with rirpa frequency point #                    17
 Done with rirpa frequency point #                    18
 Done with rirpa frequency point #                    19
 Done with rirpa frequency point #                    20
 Done with rirpa frequency point #                    21
 Done with rirpa frequency point #                    22
 Done with rirpa frequency point #                    23
 Done with rirpa frequency point #                    24
 Done with rirpa frequency point #                    25
 Done with rirpa frequency point #                    26
 Done with rirpa frequency point #                    27
 Done with rirpa frequency point #                    28
 Done with rirpa frequency point #                    29
 Done with rirpa frequency point #                    30
 Done with rirpa frequency point #                    31
 Done with rirpa frequency point #                    32
 Done with rirpa frequency point #                    33
 Done with rirpa frequency point #                    34
 Done with rirpa frequency point #                    35
 Done with rirpa frequency point #                    36
 Done with rirpa frequency point #                    37
 Done with rirpa frequency point #                    38
 Done with rirpa frequency point #                    39
 Done with rirpa frequency point #                    40
 Done with rirpa frequency point #                    41
 Done with rirpa frequency point #                    42
 Done with rirpa frequency point #                    43
 Done with rirpa frequency point #                    44
 Done with rirpa frequency point #                    45
 Done with rirpa frequency point #                    46
 Done with rirpa frequency point #                    47
 Done with rirpa frequency point #                    48
 Done with rirpa frequency point #                    49
 Done with rirpa frequency point #                    50
 Done with rirpa frequency point #                    51
 Done with rirpa frequency point #                    52
 Done with rirpa frequency point #                    53
 Done with rirpa frequency point #                    54
 Done with rirpa frequency point #                    55
 Done with rirpa frequency point #                    56
 Done with rirpa frequency point #                    57
 Done with rirpa frequency point #                    58
 Done with rirpa frequency point #                    59
 Done with rirpa frequency point #                    60
 Done with rirpa frequency point #                    61
 Done with rirpa frequency point #                    62
 Done with rirpa frequency point #                    63
 Done with rirpa frequency point #                    64
 Done with rirpa frequency point #                    65
 Done with rirpa frequency point #                    66
 Done with rirpa frequency point #                    67
 Done with rirpa frequency point #                    68
 Done with rirpa frequency point #                    69
 Done with rirpa frequency point #                    70
 Done with rirpa frequency point #                    71
 Done with rirpa frequency point #                    72
 Done with rirpa frequency point #                    73
 Done with rirpa frequency point #                    74
 Done with rirpa frequency point #                    75
 Done with rirpa frequency point #                    76
 Done with rirpa frequency point #                    77
 Done with rirpa frequency point #                    78
 Done with rirpa frequency point #                    79
 Done with rirpa frequency point #                    80
 Done with rirpa frequency point #                    81
 Done with rirpa frequency point #                    82
 Done with rirpa frequency point #                    83
 Done with rirpa frequency point #                    84
 Done with rirpa frequency point #                    85
 Done with rirpa frequency point #                    86
 Done with rirpa frequency point #                    87
 Done with rirpa frequency point #                    88
 Done with rirpa frequency point #                    89
 Done with rirpa frequency point #                    90
 Done with rirpa frequency point #                    91
 Done with rirpa frequency point #                    92
 Done with rirpa frequency point #                    93
 Done with rirpa frequency point #                    94
 Done with rirpa frequency point #                    95
 Done with rirpa frequency point #                    96
 Done with rirpa frequency point #                    97
 Done with rirpa frequency point #                    98
 Done with rirpa frequency point #                    99
 Done with rirpa frequency point #                   100
 


 RI-RPA correlation energy: -0.1206933538563884E+01
 Allocatable memory for RI due to $ricore (MB):                  5000

 there are 1 real representations :   a   

 maximum number of shells which are related by symmetry :  1

  
           ------------------------
               RI-J - INFORMATION
           ------------------------
 Contributions to RI integral batches: 
  neglected integral batches:                  4626
  direct contribution:                            0
  memory contribution:                 11305

          ------------------------
          nuclear repulsion energy  :   119.362125919    
          ------------------------


         -----------------
         -S,T+V- integrals
         -----------------

 1e-integrals will be neglected if expon. factor < 0.214915E-11

                  --------------------------------------------------- 
                 |  HXX+RIRPA total energy     =   -193.19485173016  |
                  ---------------------------------------------------- 
                 :  RIRPA correlation energy   =     -1.20693353856  :
                 :  HXX total energy           =   -191.98791819159  :
                 :  Hartree energy             =    211.87058978979  :
                 :  Exact Exchange energy      =    -25.84604104593  :
                  .................................................... 


    ------------------------------------------------------------------------
    Rirpa profiling                cpu                    wall         ratio
    ------------------------------------------------------------------------
    module                         sec     %               sec     %
    ------------------------------------------------------------------------
    RIRPA                      1054.2  100.00           54.5  100.00  19.3
    STARTUP                       3.8    0.36            0.4    0.66  10.6
    riccmos                       6.0    0.57            0.4    0.73  15.0
    riccaux                       6.5    0.61            0.3    0.60  19.9
    riccbound                     5.2    0.49            1.6    3.02   3.2
    ccmkbaoi                     20.7    1.96            1.1    2.00  19.0
    cc3idxnrm                     2.0    0.19            0.1    0.19  19.1
    ecrpa                       748.5   71.00           37.4   68.69  20.0
    qbuild                      714.0   67.73           35.7   65.52  20.0
    rparenrm                     30.3    2.88            1.5    2.78  20.0
    ehxx                        261.3   24.78           13.1   24.09  19.9
    ------------------------------------------------------------------------
    sum                        2853.3  270.65          146.3  268.35  19.5
    ------------------------------------------------------------------------


    ------------------------------------------------------------------------
         total  cpu-time : 17 minutes and 35 seconds
         total wall-time :  54.58 seconds
    ------------------------------------------------------------------------

   ****  rirpa : all done  ****


    2020-07-20 03:18:50.761 

