           SMPCPUS    set: Shared-memory Parallelization with  20 CPUs.

           SMP Parallelization Reference:
           C. van Wullen, J. Comput. Chem. 32 (2011) 1195--1201

 ridft (c-12-33) : TURBOMOLE rev. V7.5.0 compiled 13 Jun 2020 at 23:29:25
 Copyright (C) 2020 TURBOMOLE GmbH, Karlsruhe


    2020-07-20 07:30:02.368 



                                  r i d f t

                        DFT program with RI approximation 
                                for coulomb part 




                                                 
                                 References:     
                                                 
          TURBOMOLE:                             
              R. Ahlrichs, M. Baer, M. Haeser, H. Horn, and
              C. Koelmel
              Electronic structure calculations on workstation
              computers: the program system TURBOMOLE
              Chem. Phys. Lett. 162: 165 (1989)
          Density Functional:                              
              O. Treutler and R. Ahlrichs                      
              Efficient Molecular Numerical Integration Schemes
              J. Chem. Phys. 102: 346 (1995)                   
          Parallel Version:                                
              Performance of parallel TURBOMOLE for Density    
              Functional Calculations                          
              M. v. Arnim and R. Ahlrichs                      
              J. Comp. Chem. 19: 1746 (1998)                   
          RI-J Method:                                     
              Auxiliary Basis Sets to approximate Coulomb      
              Potentials                                       
              Chem. Phys. Lett. 240: 283 (1995)                
              K. Eichkorn, O. Treutler, H. Oehm, M. Haeser     
              and R. Ahlrichs                                  
              Chem. Phys. Lett. 242: 652 (1995)                
                                                           
              Auxiliary Basis Sets for Main Row Atoms and their
              Use to approximate Coulomb Potentials            
              K. Eichkorn, F. Weigend, O. Treutler and         
              R. Ahlrichs                                      
              Theo. Chem. Acc. 97: 119 (1997)                   
                                                           
              Accurate Coulomb-fitting basis sets for H to Rn 
              F. Weigend                                        
              Phys. Chem. Chem. Phys. 8: 1057 (2006)            
                                                           
          Multipole accelerated RI-J (MARI-J):             
              Fast evaluation of the Coulomb potential for     
              electron densities using multipole accelerated   
              resolution of identity approximation             
              M. Sierka, A. Hogekamp and R. Ahlrichs           
              J. Chem. Phys. 118: 9136 (2003)                  
          RI-JK Method:                                     
              A fully direct RI-HF algorithm: Implementation,
              optimised auxiliary basis sets, demonstration of
              accuracy and efficiency                         
              F. Weigend                                      
              Phys. Chem. Chem. Phys. 4: 4285 (2002)           
          Two-component HF and DFT with spin-orbit coupling:  
              Self-consistent treatment of spin-orbit         
              interactions with efficient Hartree-Fock and    
              density functional methods                      
              M. K. Armbruster, F. Weigend, C. van Wüllen and 
              W. Klopper                                      
              Phys. Chem. Chem. Phys. 10: 1748 (2008)         
          Two-component difference density and DIIS algorithm 
              Efficient two-component self-consistent field   
              procedures and gradients: implementation in     
              TURBOMOLE and application to Au20-              
              A. Baldes, F. Weigend                           
              Mol. Phys. 111: 2617 (2013)                     
          Relativistic all-electron 2c calculations           
              An efficient implementation of two-component    
              relativistic exact-decoupling methods for large 
              molecules                                       
              D. Peng, N. Middendorf, F. Weigend, M. Reiher   
              J. Chem. Phys. 138: 184105 (2013)               
          Finite nucleus model and SNSO approximation         
              Efficient implementation of one- and two-       
              component analytical energy gradients in exact  
              two-component theory                            
              Y. J. Franzke, N. Middendorf, F. Weigend        
              J. Chem. Phys. 148: 104110 (2018)               
          Grids for all-electron relativistic methods         
              Error-consistent segmented contracted all-      
              electron relativistic basis sets of double-     
              and triple-zeta quality for NMR shielding       
              constants                                       
              Y. J. Franzke, R. Tress, T. M. Pazdera,         
              F. Weigend                                      
              Phys. Chem. Chem. Phys. 21: 166658 (2019)       
          Seminumerical exchange algorithms                   
              Seminumerical calculation of the Hartree-Fock   
              exchange matirx: Application to two-component   
              procedures and efficient evaluation of local    
              hybrid functionsl                               
              P. Plessow, F. Weigend,                         
              J. Comput. Chem. 33: 810 (2012)                 
          Improved seminumerical algorithms                   
              C. Holzer, in preparation (2020)                
                                         




              +--------------------------------------------------+
              |      general information about current run       |
              +--------------------------------------------------+

 

 DENSITY CONVERGENCE CHECK SWITCHED ON !
 SCF CONVERGENCE IF RMS(delta[D]) <     0.1000000000E-06

 PBE functional
 exchange:    LDA + PBE
 correlation: LDA (PW) + PBE
 A DFT calculation using the RI-J approximation will be carried out.
 Allocatable memory for RI due to $ricore (MB):                  5000


              +--------------------------------------------------+
              | Atomic coordinate, charge and isotop information |
              +--------------------------------------------------+

                    atomic coordinates            atom    charge  isotop
          1.61603962   -0.00001534   -1.11264478    h      1.000     0
          0.51314770    0.00003091    0.33182175    o      8.000     0
          2.04855846    0.00000341    2.52326058    c      6.000     0
          0.78958731   -0.00000470    4.14414062    h      1.000     0
          3.24747464   -1.67488874    2.64190427    h      1.000     0
          3.24749163    1.67488173    2.64193240    h      1.000     0
          2.12756169    0.00000793   -4.84067748    f      0.000     0
         -0.34891399   -0.00000275   -5.71720727    c      0.000     0
         -0.31544930   -0.00000342   -7.76862268    h      0.000     0
         -1.29653745   -1.67917298   -5.01672589    h      0.000     0
         -1.29655077    1.67916026   -5.01672670    h      0.000     0
 
       center of nuclear mass  :    1.13634217    0.00000923   -2.03677170
       center of nuclear charge:    1.40539587    0.00001337    1.45052611

              +--------------------------------------------------+
              |               basis set information              |
              +--------------------------------------------------+

              we will work with the 1s 3p 5d 7f 9g ... basis set
              ...i.e. with spherical basis functions...

   type   atoms  prim   cont   basis
   ---------------------------------------------------------------------------
    h        7     16     14   cc-pVTZ   [3s2p1d|5s2p1d]
    o        1     50     30   cc-pVTZ   [4s3p2d1f|18s5p2d1f]
    c        2     50     30   cc-pVTZ   [4s3p2d1f|18s5p2d1f]
    f        1     50     30   cc-pVTZ   [4s3p2d1f|18s5p2d1f]
   ---------------------------------------------------------------------------
   total:   11    312    218
   ---------------------------------------------------------------------------

   total number of primitive shells          :   86
   total number of contracted shells         :   82
   total number of cartesian basis functions :  245
   total number of SCF-basis functions       :  218


 integral neglect threshold       :  0.14E-10
 integral storage threshold THIZE :  0.10E-04
 integral storage threshold THIME :         5

 RI-J AUXILIARY BASIS SET information:

              we will work with the 1s 3p 5d 7f 9g ... basis set
              ...i.e. with spherical basis functions...

   type   atoms  prim   cont   basis
   ---------------------------------------------------------------------------
    h        7     16     11   cc-pVTZ   [3s1p1d|5s2p1d]
    o        1     70     49   cc-pVTZ   [6s4p3d1f1g|12s5p4d2f1g]
    c        2     70     49   cc-pVTZ   [6s4p3d1f1g|12s5p4d2f1g]
    f        1     70     49   cc-pVTZ   [6s4p3d1f1g|12s5p4d2f1g]
   ---------------------------------------------------------------------------
   total:   11    392    273
   ---------------------------------------------------------------------------

   total number of primitive shells          :   80
   total number of contracted shells         :   95
   total number of cartesian basis functions :  328
   total number of SCF-basis functions       :  273


 symmetry group of the molecule :   c1 

 the group has the following generators :
   c1(z)

    1 symmetry operations found

 there are 1 real representations :   a   

 maximum number of shells which are related by symmetry :  1

  
           ------------------
           density functional
           ------------------
 Dummy atoms with grid-point found.
 DFT quadrature threshold dgrenze tightened by factor 1/10.

 PBE functional
 exchange:    LDA + PBE
 correlation: LDA (PW) + PBE
 Dummy atoms with grid-point found.
 DFT quadrature threshold dgrenze tightened by factor 1/10.

 Dummy atoms with grid-point found.
 DFT quadrature threshold dgrenze tightened by factor 1/10.


 spherical integration : Lebedev's spherical grid
 spherical gridsize    :                     5
    i.e. gridpoints    :                   590
 value for diffuse not defined
 radial integration    : Chebyshev 2nd kind (scaling 3)
 radial gridsize       :                     8
 integration cells     :                    11
 partition function    : becke
 partition sharpness   :                     3
  
 found dummy atom(s) with basis: included in dft

 biggest AO integral is expected to be     5.499692413

          ------------------------
          nuclear repulsion energy  :   40.3992442258    
          ------------------------


         -----------------
         -S,T+V- integrals
         -----------------

 1e-integrals will be neglected if expon. factor < 0.136407E-11
 
   Difference densities algorithm switched on.
   The maximal number of linear combinations of
   difference densities is                    20 .

 DIIS switched on: error vector is FDS-SDF
 Max. Iterations for DIIS is     :   4
 DIIS matrix (see manual) 
    Scaling factor of diagonals  :  1.200
    threshold for scaling factor :  0.000

 scf convergence criterion : increment of total energy < .1000000D-06
                  and increment of one-electron energy < .1000000D-03

 MOs are in ASCII format !


    mo occupation :
   irrep   mo's   occupied
    a      218        9
 
 number of basis functions   :   218
 number of occupied orbitals :     9
 

 reading orbital data $scfmo  from file mos
 orbital characterization : expanded
 virtual MOs provided and orthogonalized by Cholesky decomposition

 automatic virtual orbital shift switched on 
      shift if e(lumo)-e(homo) < 0.10000000    

  
           ------------------------
               RI-J - INFORMATION
           ------------------------
 Contributions to RI integral batches: 
  neglected integral batches:                   446
  direct contribution:                            0
  memory contribution:                  2957
 Memory core needed for (P|Q) and Cholesky      1 MByte
 Memory core minimum needed except of (P|Q)     1 MByte
 Total minimum memory core needed (sum)         1 MByte
  
 ****************************************
 Memory allocated for RI-J    65 MByte
 ****************************************
                                            

 DSCF restart information will be dumped onto file mos


 Starting SCF iterations

          Overall gridpoints after grid construction =        168176

 ITERATION  ENERGY          1e-ENERGY        2e-ENERGY     RMS[dD(SAO)]   TOL
   1  -115.17924113905    -236.35786964     80.779384278    0.000D+00 0.136D-10
                            Exc = -15.2747387701     Coul =  96.0541230482    
                              N = 18.000000105    
                            current damping = 0.300
 
          max. resid. norm for Fia-block=  3.029D-01 for orbital      1a         
          max. resid. fock norm         =  1.506D+01 for orbital    195a         

 ITERATION  ENERGY          1e-ENERGY        2e-ENERGY     RMS[dD(SAO)]   TOL
   2  -115.56785370646    -236.49606391     80.528965981    0.377D-02 0.897D-11
                            Exc = -15.2337163509     Coul =  95.7626823320    
                              N = 18.000000192    
                            current damping = 0.250
 
          Norm of current diis error:  1.1688    
          max. resid. norm for Fia-block=  1.031D-01 for orbital      3a         
          max. resid. fock norm         =  1.956D-01 for orbital    207a         

 ITERATION  ENERGY          1e-ENERGY        2e-ENERGY     RMS[dD(SAO)]   TOL
   3  -115.61851449328    -237.64847751     81.630718791    0.170D-02 0.764D-11
                            Exc = -15.4259024209     Coul =  97.0566212117    
                              N = 18.000000159    
                            current damping = 0.200
 
          Norm of current diis error: 0.40312    
          max. resid. norm for Fia-block=  3.447D-02 for orbital      9a         
          max. resid. fock norm         =  3.486D-02 for orbital      9a         

 ITERATION  ENERGY          1e-ENERGY        2e-ENERGY     RMS[dD(SAO)]   TOL
   4  -115.62430466411    -236.77660490     80.753056007    0.111D-02 0.657D-11
                            Exc = -15.3211397693     Coul =  96.0741957767    
                              N = 18.000000196    
                            current damping = 0.250
 
          Norm of current diis error: 0.21896    
          max. resid. norm for Fia-block=  1.042D-02 for orbital      5a         
          max. resid. fock norm         =  1.362D-02 for orbital    123a         

 ITERATION  ENERGY          1e-ENERGY        2e-ENERGY     RMS[dD(SAO)]   TOL
   5  -115.62603701905    -237.22281980     81.197538554    0.251D-03 0.637D-11
                            Exc = -15.3693148362     Coul =  96.5668533902    
                              N = 18.000000188    
                            current damping = 0.300
 
          Norm of current diis error: 0.56326E-01
          max. resid. norm for Fia-block=  2.799D-03 for orbital      6a         
          max. resid. fock norm         =  4.033D-03 for orbital     97a         
          mo-orthogonalization: Cholesky decomposition

 ITERATION  ENERGY          1e-ENERGY        2e-ENERGY     RMS[dD(SAO)]   TOL
   6  -115.62614708452    -237.16112306     81.135731749    0.730D-04 0.616D-11
                            Exc = -15.3641328090     Coul =  96.4998645577    
                              N = 18.000000187    
                            current damping = 0.350
 
          Norm of current diis error: 0.84100E-02
          max. resid. norm for Fia-block=  5.384D-04 for orbital      5a         
          max. resid. fock norm         =  6.622D-04 for orbital      5a         

 ITERATION  ENERGY          1e-ENERGY        2e-ENERGY     RMS[dD(SAO)]   TOL
   7  -115.62614993949    -237.17408807     81.148693905    0.100D-04 0.598D-11
                            Exc = -15.3657650756     Coul =  96.5144589811    
                              N = 18.000000187    
                            current damping = 0.400
 
          Norm of current diis error: 0.14241E-02
          max. resid. norm for Fia-block=  1.019D-04 for orbital      7a         
          max. resid. fock norm         =  1.476D-04 for orbital     79a         

 ITERATION  ENERGY          1e-ENERGY        2e-ENERGY     RMS[dD(SAO)]   TOL
   8  -115.62615002335    -237.17530713     81.149912877    0.243D-05 0.584D-11
                            Exc = -15.3658839644     Coul =  96.5157968416    
                              N = 18.000000187    
                            current damping = 0.250
 
          Norm of current diis error: 0.22781E-03
          max. resid. norm for Fia-block=  1.665D-05 for orbital      8a         
          max. resid. fock norm         =  5.566D-05 for orbital    150a         

 ENERGY & DENSITY CONVERGED !


 ITERATION  ENERGY          1e-ENERGY        2e-ENERGY     RMS[dD(SAO)]   TOL
   9  -115.62615002547    -237.17534057     81.149946317    0.540D-06 0.567D-11
                            Exc = -15.3658861129     Coul =  96.5158324299    
                              N = 18.000000187    
                            current damping = 0.100
 
          Norm of current diis error: 0.53048E-04
          max. resid. norm for Fia-block=  4.177D-06 for orbital      8a         
          max. resid. fock norm         =  9.704D-06 for orbital     53a         

 End of SCF iterations

   convergence criteria satisfied after     9 iterations


                  ------------------------------------------ 
                 |  total energy      =   -115.62615002547  |
                  ------------------------------------------ 
                 :  kinetic energy    =    114.98440156951  :
                 :  potential energy  =   -230.61055159498  :
                 :  virial theorem    =      1.99444979829  :
                 :  wavefunction norm =      1.00000000000  :
                  .......................................... 


 <geterg> : there is no data group $energy 


 <skperg> : $end is missing 


 orbitals $scfmo  will be written to file mos

    irrep                  5a          6a          7a          8a          9a   
 eigenvalues H         -0.45652    -0.38832    -0.37745    -0.28906    -0.22390
            eV         -12.4226    -10.5668    -10.2709     -7.8657     -6.0926
 occupation              2.0000      2.0000      2.0000      2.0000      2.0000

    irrep                 10a         11a         12a         13a         14a   
 eigenvalues H          0.00474     0.04256     0.09217     0.09403     0.09530
            eV           0.1290      1.1581      2.5082      2.5587      2.5933
 
 
 
 
 ==============================================================================
                           electrostatic moments
 ==============================================================================

 reference point for electrostatic moments:    0.00000   0.00000   0.00000

 
              nuc           elec       ->  total
 ------------------------------------------------------------------------------
                          charge      
 ------------------------------------------------------------------------------
          18.000000     -18.000000       0.000000
 
 ------------------------------------------------------------------------------
                       dipole moment  
 ------------------------------------------------------------------------------
   x      25.297126     -24.686179       0.610947
   y       0.000241      -0.000261      -0.000021
   z      26.109470     -26.128296      -0.018826
 
   | dipole moment | =     0.6112 a.u. =     1.5536 debye 
 
 ------------------------------------------------------------------------------
                     quadrupole moment
 ------------------------------------------------------------------------------
  xx      51.613441     -60.487314      -8.873873
  yy       5.610481     -15.883195     -10.272714
  zz      71.453254     -79.708689      -8.255435
  xy       0.000146      -0.000168      -0.000022
  xz      51.009723     -51.214226      -0.204503
  yz       0.000160      -0.000147       0.000013
 
     1/3  trace=      -9.134007
     anisotropy=       1.824769
 
 ==============================================================================
 
HOMO-LUMO Separation
 HOMO         :   -0.22389786 H =     -6.09257 eV
 LUMO         :    0.00474193 H =     +0.12903 eV
 HOMO-LUMO gap:    0.22863979 H =     +6.22161 eV
 
 ==============================================================================


    ------------------------------------------------------------------------
         total  cpu-time :  2 minutes and 34 seconds
         total wall-time :  10.83 seconds
    ------------------------------------------------------------------------

   ****  ridft : all done  ****


    2020-07-20 07:30:13.163 

