
   OpenMP run-time library returned nthreads = 10

 rirpa (c-12-38) : TURBOMOLE rev. V7.5.0 compiled 17 Jun 2020 at 09:15:30
 Copyright (C) 2020 TURBOMOLE GmbH, Karlsruhe


    2020-12-12 21:38:27.550 

 
 
    *************************************************************************
    *************************** PROGRAM RIRPA *******************************
    ******                                                             ******
    ******              H. Eshuis, J. E. Bates and F. Furche           ******
    ******                                                             ******
    ****** Nov 2011                                                    ******
    ****** Copyright TURBOMOLE GmbH                                    ******
    *************************************************************************
    
    
                                References:                                  
    
                   RIRPA:                                                    
                     H. Eshuis, J. Yarkony, and F. Furche                    
                     Fast Computation of Molecular Random Phase              
                     Approximation Correlation Energies Using Resolution     
                     of the Identity and Imaginary Frequency Integration     
                     J. Chem. Phys. 132: 234114 (2010)                       
    
                     H. Eshuis, J. E. Bates, and F. Furche                   
                     Electron Correlation Methods Based on                   
                     the Random Phase Approximation                          
                     Theor. Chem. Acc.  131: 1084 (2012)                     
    
                     G. P. Chen, V. K. Voora, M. M. Agee,                    
                     S. G. Balasubramani, and F. Furche                      
                     Random-Phase Approximation Methods                      
                     Annu. Rev. Phys. Chem. 68: 421 (2017)                   
    
                   TWO-COMPONENT RIRPA:                                      
                     M. Kuehn                                                
                     Correlation Energies from the                           
                     Two-Component Random-Phase Approximation                
                     J. Chem. Theory Comput. 10: 623 (2014)                  
    
                   RIRPA GRADIENTS:                                          
                     A. M. Burow, J. E. Bates, F. Furche*, and H. Eshuis     
                     Analytical First-Order Molecular Properties and Forces  
                     within the Adiabatic Connection Random Phase            
                     Approximation                                           
                     J. Chem. Theory Comput. 10: 180 (2014)                  
    
                   RI-AXK/RI-ACSOSEX/RI-ACSOX:                               
                     G. P. Chen, M. M. Agee, and F. Furche                   
                     Performance and Scope of Perturbative Corrections to    
                     Random-Phase Approximation Energies                     
                     J. Chem. Theory Comput. 14: 5701 (2018)                 
    
                   GKS-RPA:                                                  
                     V. K. Voora, S. G. Balasubramani, and F. Furche         
                     Variational Generalized Kohn-Sham Approach Combining    
                     the Random-Phase-Approximation and Green’s-Function     
                     Methods                                                 
                     Phys. Rev. A 99: 012518 (2019)                          
    
    
    
      ... OpenMP parallelization enabled, threads:   10

   *-----------------------------------------------------------------------*
   |                     program will use 10 thread(s)                     |
   *-----------------------------------------------------------------------*

 MAXIMUM CORE MEMORY WHICH CAN BE ALLOCATED DYNAMICALLY = 50000 MiB
              ( or 6553600000 double words per process)

 
                FOUND RI-J FLAG
 
  HF exact exchange energy will be computed using RI-J.


              +--------------------------------------------------+
              | Atomic coordinate, charge and isotop information |
              +--------------------------------------------------+

                    atomic coordinates            atom    charge  isotop
         -3.61707572   -2.21326242   -0.20914111    f      0.000     0
         -4.12085913    2.64361028   -0.77360733    h      0.000     0
          0.70571180   -1.46804569    0.40260319    c      0.000     0
         -1.70284271   -0.55881755   -0.07245620    c      0.000     0
         -2.22721391    1.98624548   -0.40689082    c      0.000     0
         -0.21016647    3.64828289   -0.24136575    c      0.000     0
          2.24393352    2.86731530    0.23334808    c      0.000     0
          2.63467443    0.29590222    0.54871426    c      0.000     0
         -0.65510226    6.12711283   -0.54503488    f      0.000     0
          3.78023043    4.20058934    0.35763960    h      0.000     0
          1.05737534   -3.45504989    0.68084171    h      0.000     0
          4.98699896   -0.51782532    1.02289296    f      0.000     0
         -3.74681273   -4.21354278    6.24129599    h      1.000     0
         -4.62886412    0.36598999    5.90254171    h      1.000     0
          0.24109320   -3.70311265    6.83064654    c      6.000     0
         -2.22182292   -2.86448304    6.41745106    c      6.000     0
         -2.71823825   -0.28460013    6.22563119    c      6.000     0
         -0.75377280    1.45614014    6.44823295    c      6.000     0
          1.70861426    0.61598908    6.86022001    c      6.000     0
          2.20687944   -1.96348829    7.05240112    c      6.000     0
         -1.13942001    3.45795522    6.29787280    h      1.000     0
          3.23423106    1.96584304    7.03001735    h      1.000     0
          0.62628987   -5.70480388    6.98482589    h      1.000     0
          4.11838418   -2.61333850    7.36901106    h      1.000     0
 
       center of nuclear mass  :    0.05535488    0.29242435    2.51924391
       center of nuclear charge:   -0.25618272   -1.12388634    6.63888243
              +-------------------------------------------------+
              |        Rotational Constants Section             |
              +-------------------------------------------------+
                                   Center of Mass [a.u]:
               0.05535487666569         0.29242435395064         2.51924390838880
                     Principal Moments of Inertia [a.u.]
            2303.75354584770594      3713.23367944188112      4092.32623845411763
                       Rotational constants A,B,C [a.u.]
               0.00021703710490         0.00013465352390         0.00012217989741
                     Rotational constants A,B,C [cm**-1]
               0.02613113134647         0.01621219984881         0.01471038304101
                        Rotational constants A,B,C [MHz]
             783.39160966802729       486.02952422625930       441.00618899870591

   * BASIS SET information:

              +--------------------------------------------------+
              |               basis set information              |
              +--------------------------------------------------+

              we will work with the 1s 3p 5d 7f 9g ... basis set
              ...i.e. with spherical basis functions...

   type   atoms  prim   cont   basis
   ---------------------------------------------------------------------------
    f        3     77     57   def2-QZVP   [7s4p3d2f1g|15s8p3d2f1g]
    h        9     33     30   def2-QZVP   [4s3p2d1f|7s3p2d1f]
    c       12     77     57   def2-QZVP   [7s4p3d2f1g|15s8p3d2f1g]
   ---------------------------------------------------------------------------
   total:   24   1452   1125
   ---------------------------------------------------------------------------

   total number of primitive shells          :   71
   total number of contracted shells         :  345
   total number of cartesian basis functions : 1395
   total number of SCF-basis functions       : 1125


   * AUXILIARY BASIS SET information:

              +--------------------------------------------------+
              |               basis set information              |
              +--------------------------------------------------+

              we will work with the 1s 3p 5d 7f 9g ... basis set
              ...i.e. with spherical basis functions...

   type   atoms  prim   cont   basis
   ---------------------------------------------------------------------------
    f        3    141    141   def2-QZVP   [9s8p7d5f3g1h|9s8p7d5f3g1h]
    h        9     56     56   def2-QZVP   [6s4p3d2f1g|6s4p3d2f1g]
    c       12    141    141   def2-QZVP   [9s8p7d5f3g1h|9s8p7d5f3g1h]
   ---------------------------------------------------------------------------
   total:   24   2619   2619
   ---------------------------------------------------------------------------

   total number of primitive shells          :   82
   total number of contracted shells         :  639
   total number of cartesian basis functions : 3504
   total number of SCF-basis functions       : 2619


   * RIJ AUXILIARY BASIS SET information:

              +--------------------------------------------------+
              |               basis set information              |
              +--------------------------------------------------+

              we will work with the 1s 3p 5d 7f 9g ... basis set
              ...i.e. with spherical basis functions...

   type   atoms  prim   cont   basis
   ---------------------------------------------------------------------------
    f        3     70     49   def2-QZVP   [6s4p3d1f1g|12s5p4d2f1g]
    h        9     16     11   def2-QZVP   [3s1p1d|5s2p1d]
    c       12     70     49   def2-QZVP   [6s4p3d1f1g|12s5p4d2f1g]
   ---------------------------------------------------------------------------
   total:   24   1194    834
   ---------------------------------------------------------------------------

   total number of primitive shells          :   56
   total number of contracted shells         :  270
   total number of cartesian basis functions : 1023
   total number of SCF-basis functions       :  834


 reading orbital data $scfmo  from file mos
 orbital characterization : scfconv=7

 integral neglect threshold       :  0.28E+02

 scfconv                     7

 there are 1 real representations :   a   

 maximum number of shells which are related by symmetry :  1

 entered riccmos at 2020-12-12 21:38:28.901
VM size:       834 MB
  MOs are in ASCII format !


 reading orbital data $scfmo  from file mos
 orbital characterization : scfconv=7
after riccmoinp VM size:       763 MB
registered memory usage:        10 MB
 time elapsed for calculating density matrices :   2.318 sec



              +--------------------------------------------+
              | list of orbitals that will be kept frozen: |
              +--------------------------------------------+
              |   irrep   index      energy     occ/vir    |
              +--------------------------------------------+
              |   a         1       -9.9906     occupied   |
              |   a         2       -9.9904     occupied   |
              |   a         3       -9.9903     occupied   |
              |   a         4       -9.9900     occupied   |
              |   a         5       -9.9899     occupied   |
              |   a         6       -9.9898     occupied   |
              +--------------------------------------------+



   Molecular Orbital Statistic:
   ============================

   -----------------------------
   orbitals in total:
   -----------------------------
    frozen occupied :      6
    active occupied :     15
    active virtual  :   1104
    frozen virtual  :      0
    all together    :   1125
   -----------------------------


     time in riccmoinp     cpu:  2.79 sec    wall:  1.24 sec    ratio:  2.3
     time in scfdens       cpu:  2.32 sec    wall:  0.24 sec    ratio:  9.5
     time in mkiao         cpu:  0.00 sec    wall:  0.00 sec    ratio:  0.0
     time in mkiho         cpu:  0.00 sec    wall:  0.00 sec    ratio:  0.0
     time in sao2ao        cpu:  0.46 sec    wall:  0.05 sec    ratio: 10.0
     time in ricclmos      cpu:  0.00 sec    wall:  0.00 sec    ratio:  0.0
     time in riccmos       cpu:  7.21 sec    wall:  1.69 sec    ratio:  4.3
 leave riccmos at 2020-12-12 21:38:30.595

     total memory allocated for calculation of (Q|P)**(-1/2) : 79 MiB


     calculation of (P|Q) ...
     time in lp2sym        cpu:  2.94 sec    wall:  0.29 sec    ratio: 10.0


     calculation of the Cholesky decomposition of (P|Q)**(-1) ...
     time in invmetri      cpu:  9.46 sec    wall:  1.26 sec    ratio:  7.5

   threshold for RMS(d[D]) in SCF was     :  0.10E-06
   integral neglect threshold             :  0.95E-12
   derivative integral neglect threshold  :  0.10E-06


 setting up bound for integral derivative estimation

 increment for numerical differentiation : 0.00050000
 
 Occupied orbital block size for RIRPA:                    15
 
 Number of passes for spin                     1 is                     1
 
 Number of eigenvalues < 6e-3:                      0
 
 
            -----------------------------
            Complex frequency integration
            -----------------------------
 
 Number of Clenshaw-Curtis nodes:                    100
 Optimized scaling parameter    :    3.97519653134248     
 Sensitivity measure            :  -1.002692542190209E-008
 
 Done with rirpa frequency point #                     1
 Done with rirpa frequency point #                     2
 Done with rirpa frequency point #                     3
 Done with rirpa frequency point #                     4
 Done with rirpa frequency point #                     5
 Done with rirpa frequency point #                     6
 Done with rirpa frequency point #                     7
 Done with rirpa frequency point #                     8
 Done with rirpa frequency point #                     9
 Done with rirpa frequency point #                    10
 Done with rirpa frequency point #                    11
 Done with rirpa frequency point #                    12
 Done with rirpa frequency point #                    13
 Done with rirpa frequency point #                    14
 Done with rirpa frequency point #                    15
 Done with rirpa frequency point #                    16
 Done with rirpa frequency point #                    17
 Done with rirpa frequency point #                    18
 Done with rirpa frequency point #                    19
 Done with rirpa frequency point #                    20
 Done with rirpa frequency point #                    21
 Done with rirpa frequency point #                    22
 Done with rirpa frequency point #                    23
 Done with rirpa frequency point #                    24
 Done with rirpa frequency point #                    25
 Done with rirpa frequency point #                    26
 Done with rirpa frequency point #                    27
 Done with rirpa frequency point #                    28
 Done with rirpa frequency point #                    29
 Done with rirpa frequency point #                    30
 Done with rirpa frequency point #                    31
 Done with rirpa frequency point #                    32
 Done with rirpa frequency point #                    33
 Done with rirpa frequency point #                    34
 Done with rirpa frequency point #                    35
 Done with rirpa frequency point #                    36
 Done with rirpa frequency point #                    37
 Done with rirpa frequency point #                    38
 Done with rirpa frequency point #                    39
 Done with rirpa frequency point #                    40
 Done with rirpa frequency point #                    41
 Done with rirpa frequency point #                    42
 Done with rirpa frequency point #                    43
 Done with rirpa frequency point #                    44
 Done with rirpa frequency point #                    45
 Done with rirpa frequency point #                    46
 Done with rirpa frequency point #                    47
 Done with rirpa frequency point #                    48
 Done with rirpa frequency point #                    49
 Done with rirpa frequency point #                    50
 Done with rirpa frequency point #                    51
 Done with rirpa frequency point #                    52
 Done with rirpa frequency point #                    53
 Done with rirpa frequency point #                    54
 Done with rirpa frequency point #                    55
 Done with rirpa frequency point #                    56
 Done with rirpa frequency point #                    57
 Done with rirpa frequency point #                    58
 Done with rirpa frequency point #                    59
 Done with rirpa frequency point #                    60
 Done with rirpa frequency point #                    61
 Done with rirpa frequency point #                    62
 Done with rirpa frequency point #                    63
 Done with rirpa frequency point #                    64
 Done with rirpa frequency point #                    65
 Done with rirpa frequency point #                    66
 Done with rirpa frequency point #                    67
 Done with rirpa frequency point #                    68
 Done with rirpa frequency point #                    69
 Done with rirpa frequency point #                    70
 Done with rirpa frequency point #                    71
 Done with rirpa frequency point #                    72
 Done with rirpa frequency point #                    73
 Done with rirpa frequency point #                    74
 Done with rirpa frequency point #                    75
 Done with rirpa frequency point #                    76
 Done with rirpa frequency point #                    77
 Done with rirpa frequency point #                    78
 Done with rirpa frequency point #                    79
 Done with rirpa frequency point #                    80
 Done with rirpa frequency point #                    81
 Done with rirpa frequency point #                    82
 Done with rirpa frequency point #                    83
 Done with rirpa frequency point #                    84
 Done with rirpa frequency point #                    85
 Done with rirpa frequency point #                    86
 Done with rirpa frequency point #                    87
 Done with rirpa frequency point #                    88
 Done with rirpa frequency point #                    89
 Done with rirpa frequency point #                    90
 Done with rirpa frequency point #                    91
 Done with rirpa frequency point #                    92
 Done with rirpa frequency point #                    93
 Done with rirpa frequency point #                    94
 Done with rirpa frequency point #                    95
 Done with rirpa frequency point #                    96
 Done with rirpa frequency point #                    97
 Done with rirpa frequency point #                    98
 Done with rirpa frequency point #                    99
 Done with rirpa frequency point #                   100
 


 RI-RPA correlation energy: -0.1588145537404834E+01
 Allocatable memory for RI due to $ricore (MB):                  5000

 there are 1 real representations :   a   

 maximum number of shells which are related by symmetry :  1

  
           ------------------------
               RI-J - INFORMATION
           ------------------------
 Contributions to RI integral batches: 
  neglected integral batches:                 13467
  direct contribution:                         4891
  memory contribution:                 41327

          ------------------------
          nuclear repulsion energy  :   203.665173298    
          ------------------------


         -----------------
         -S,T+V- integrals
         -----------------

 1e-integrals will be neglected if expon. factor < 0.951294E-12

                  --------------------------------------------------- 
                 |  HXX+RIRPA total energy     =   -232.34758729541  |
                  ---------------------------------------------------- 
                 :  RIRPA correlation energy   =     -1.58814553740  :
                 :  HXX total energy           =   -230.75944175801  :
                 :  Hartree energy             =    313.57839774252  :
                 :  Exact Exchange energy      =    -33.26390130534  :
                  .................................................... 


    ------------------------------------------------------------------------
    Rirpa profiling                cpu                    wall         ratio
    ------------------------------------------------------------------------
    module                         sec     %               sec     %
    ------------------------------------------------------------------------
    RIRPA                      6403.3  100.00          667.6  100.00   9.6
    STARTUP                       2.8    0.04            1.3    0.20   2.1
    riccmos                       7.2    0.11            1.7    0.25   4.3
    riccaux                      12.6    0.20            1.6    0.24   8.0
    riccbound                    15.0    0.23           13.5    2.02   1.1
    ccmkbaoi                    179.5    2.80           19.0    2.85   9.4
    ecrpa                      2551.8   39.85          265.3   39.75   9.6
    qbuild                     2474.2   38.64          257.3   38.55   9.6
    rparenrm                     72.8    1.14            7.3    1.09  10.0
    ehxx                       3630.8   56.70          364.7   54.63  10.0
    ------------------------------------------------------------------------
    sum                       15355.0  239.80         1599.9  239.66   9.6
    ------------------------------------------------------------------------


    ------------------------------------------------------------------------
         total  cpu-time :  1 hours 46 minutes and 44 seconds
         total wall-time : 11 minutes and  8 seconds
    ------------------------------------------------------------------------

   ****  rirpa : all done  ****


    2020-12-12 21:49:35.186 

