
 ridft (riogrande) : TURBOMOLE rev. V7.4.1 (b987a8a8) compiled 15 Oct 2019 at 12:03:25
 Copyright (C) 2019 TURBOMOLE GmbH, Karlsruhe


    2020-08-27 18:24:45.232 



                                  r i d f t

                        DFT program with RI approximation 
                                for coulomb part 




                                                 
                                 References:     
                                                 
          TURBOMOLE:                             
              R. Ahlrichs, M. Baer, M. Haeser, H. Horn, and
              C. Koelmel
              Electronic structure calculations on workstation
              computers: the program system TURBOMOLE
              Chem. Phys. Lett. 162: 165 (1989)
          Density Functional:                              
              O. Treutler and R. Ahlrichs                      
              Efficient Molecular Numerical Integration Schemes
              J. Chem. Phys. 102: 346 (1995)                   
          Parallel Version:                                
              Performance of parallel TURBOMOLE for Density    
              Functional Calculations                          
              M. v. Arnim and R. Ahlrichs                      
              J. Comp. Chem. 19: 1746 (1998)                   
          RI-J Method:                                     
              Auxiliary Basis Sets to approximate Coulomb      
              Potentials                                       
              Chem. Phys. Lett. 240: 283 (1995)                
              K. Eichkorn, O. Treutler, H. Oehm, M. Haeser     
              and R. Ahlrichs                                  
              Chem. Phys. Lett. 242: 652 (1995)                
                                                           
              Auxiliary Basis Sets for Main Row Atoms and their
              Use to approximate Coulomb Potentials            
              K. Eichkorn, F. Weigend, O. Treutler and         
              R. Ahlrichs                                      
              Theo. Chem. Acc. 97: 119 (1997)                   
                                                           
              Accurate Coulomb-fitting basis sets for H to Rn 
              F. Weigend                                        
              Phys. Chem. Chem. Phys. 8: 1057 (2006)            
                                                           
          Multipole accelerated RI-J (MARI-J):             
              Fast evaluation of the Coulomb potential for     
              electron densities using multipole accelerated   
              resolution of identity approximation             
              M. Sierka, A. Hogekamp and R. Ahlrichs           
              J. Chem. Phys. 118: 9136 (2003)                  
          RI-JK Method:                                     
              A fully direct RI-HF algorithm: Implementation,
              optimised auxiliary basis sets, demonstration of
              accuracy and efficiency                         
              F. Weigend                                      
              Phys. Chem. Chem. Phys. 4: 4285 (2002)           
          Two-component HF and DFT with spin-orbit coupling:  
              Self-consistent treatment of spin-orbit         
              interactions with efficient Hartree-Fock and    
              density functional methods                      
              M. K. Armbruster, F. Weigend, C. van Wüllen and 
              W. Klopper                                      
              Phys. Chem. Chem. Phys. 10: 1748 (2008)         
          Two-component difference density and DIIS algorithm 
              Efficient two-component self-consistent field   
              procedures and gradients: implementation in     
              TURBOMOLE and application to Au20-              
              A. Baldes, F. Weigend                           
              Mol. Phys. 111: 2617 (2013)                     
          Relativistic all-electron 2c calculations           
              An efficient implementation of two-component    
              relativistic exact-decoupling methods for large 
              molecules                                       
              D. Peng, N. Middendorf, F. Weigend, M. Reiher   
              J. Chem. Phys. 138: 184105 (2013)               
          Finite nucleus model and SNSO approximation         
              Efficient implementation of one- and two-       
              component analytical energy gradients in exact  
              two-component theory                            
              Y. J. Franzke, N. Middendorf, F. Weigend        
              J. Chem. Phys. 148: 104110 (2018)               
                                         




              +--------------------------------------------------+
              |      general information about current run       |
              +--------------------------------------------------+

 

 DENSITY CONVERGENCE CHECK SWITCHED ON !
 SCF CONVERGENCE IF RMS(delta[D]) <     0.1000000000E-06

 PBE functional
 exchange:    LDA + PBE
 correlation: LDA (PW) + PBE
 A DFT calculation using the RI-J approximation will be carried out.
 Allocatable memory for RI due to $ricore (MB):                  5000


              +--------------------------------------------------+
              | Atomic coordinate, charge and isotop information |
              +--------------------------------------------------+

                    atomic coordinates            atom    charge  isotop
         -3.61707572   -2.21326242   -0.20914111    f      9.000     0
         -4.12085913    2.64361028   -0.77360733    h      1.000     0
          0.70571180   -1.46804569    0.40260319    c      6.000     0
         -1.70284271   -0.55881755   -0.07245620    c      6.000     0
         -2.22721391    1.98624548   -0.40689082    c      6.000     0
         -0.21016647    3.64828289   -0.24136575    c      6.000     0
          2.24393352    2.86731530    0.23334808    c      6.000     0
          2.63467443    0.29590222    0.54871426    c      6.000     0
         -0.65510226    6.12711283   -0.54503488    f      9.000     0
          3.78023043    4.20058934    0.35763960    h      1.000     0
          1.05737534   -3.45504989    0.68084171    h      1.000     0
          4.98699896   -0.51782532    1.02289296    f      9.000     0
         -3.74681273   -4.21354278    6.24129599    h      1.000     0
         -4.62886412    0.36598999    5.90254171    h      1.000     0
          0.24109320   -3.70311265    6.83064654    c      6.000     0
         -2.22182292   -2.86448304    6.41745106    c      6.000     0
         -2.71823825   -0.28460013    6.22563119    c      6.000     0
         -0.75377280    1.45614014    6.44823295    c      6.000     0
          1.70861426    0.61598908    6.86022001    c      6.000     0
          2.20687944   -1.96348829    7.05240112    c      6.000     0
         -1.13942001    3.45795522    6.29787280    h      1.000     0
          3.23423106    1.96584304    7.03001735    h      1.000     0
          0.62628987   -5.70480388    6.98482589    h      1.000     0
          4.11838418   -2.61333850    7.36901106    h      1.000     0
 
       center of nuclear mass  :    0.05535488    0.29242435    2.51924391
       center of nuclear charge:    0.04680594    0.25347635    2.63240838

              +--------------------------------------------------+
              |               basis set information              |
              +--------------------------------------------------+

              we will work with the 1s 3p 5d 7f 9g ... basis set
              ...i.e. with spherical basis functions...

   type   atoms  prim   cont   basis
   ---------------------------------------------------------------------------
    f        3     77     57   def2-QZVP   [7s4p3d2f1g|15s8p3d2f1g]
    h        9     33     30   def2-QZVP   [4s3p2d1f|7s3p2d1f]
    c       12     77     57   def2-QZVP   [7s4p3d2f1g|15s8p3d2f1g]
   ---------------------------------------------------------------------------
   total:   24   1452   1125
   ---------------------------------------------------------------------------

   total number of primitive shells          :   71
   total number of contracted shells         :  345
   total number of cartesian basis functions : 1395
   total number of SCF-basis functions       : 1125


 integral neglect threshold       :  0.24E-11
 integral storage threshold THIZE :  0.10E-04
 integral storage threshold THIME :         5

 RI-J AUXILIARY BASIS SET information:

              we will work with the 1s 3p 5d 7f 9g ... basis set
              ...i.e. with spherical basis functions...

   type   atoms  prim   cont   basis
   ---------------------------------------------------------------------------
    f        3     70     49   def2-QZVP   [6s4p3d1f1g|12s5p4d2f1g]
    h        9     16     11   def2-QZVP   [3s1p1d|5s2p1d]
    c       12     70     49   def2-QZVP   [6s4p3d1f1g|12s5p4d2f1g]
   ---------------------------------------------------------------------------
   total:   24   1194    834
   ---------------------------------------------------------------------------

   total number of primitive shells          :   56
   total number of contracted shells         :  270
   total number of cartesian basis functions : 1023
   total number of SCF-basis functions       :  834


 symmetry group of the molecule :   c1 

 the group has the following generators :
   c1(z)

    1 symmetry operations found

 there are 1 real representations :   a   

 maximum number of shells which are related by symmetry :  1


    mo occupation :
   irrep   mo's   occupied
    a     1125       54
 
 number of basis functions   :                   1125
 number of occupied orbitals :                     54
 
  
           ------------------
           density functional
           ------------------
 PBE functional
 exchange:    LDA + PBE
 correlation: LDA (PW) + PBE

 spherical integration : Lebedev's spherical grid
 spherical gridsize    :                     5
    i.e. gridpoints    :                   590
 value for diffuse not defined
 radial integration    : Chebyshev 2nd kind (scaling 3)
 radial gridsize       :                     8
 integration cells     :                    24
 partition function    : becke
 partition sharpness   :                     3
  

 biggest AO integral is expected to be     7.609020457
  
           ------------------------
               RI-J - INFORMATION
           ------------------------
 Contributions to RI integral batches: 
  neglected integral batches:                 17234
  direct contribution:                         2269
  memory contribution:                 40182
 Memory core needed for (P|Q) and Cholesky      6 MByte
 Memory core minimum needed except of (P|Q)     6 MByte
 Total minimum memory core needed (sum)        11 MByte
  
 ****************************************
 Memory allocated for RI-J  4864 MByte
 ****************************************
                                            

          ------------------------
          nuclear repulsion energy  :   967.714124182    
          ------------------------

  _________________________________
 |                                 |
 |         DFTD3 V3.1 Rev 0        |
 | S.Grimme, University Bonn       |
 |            June  2014           |
 |   see standalone version        |
 |       dftd3 -h for options      |
 |_________________________________|
 
 Please cite DFT-D3 work done with this code as:
 S. Grimme, J. Antony, S. Ehrlich and H. Krieg,
 J. Chem. Phys, 132 (2010), 154104.
 If used with BJ-damping cite also
 S. Grimme, S. Ehrlich and L. Goerigk,
 J. Comput. Chem. 32 (2011), 1456-1465
 For DFT-D2 the reference is
 S. Grimme, J. Comput. Chem., 27 (2006), 1787-1799
 
C6 coefficients used:
                     2  C6 for element                      1
Z=  1 CN= 0.912     C6(AA)=    3.03
Z=  1 CN= 0.000     C6(AA)=    7.59
                     5  C6 for element                      6
Z=  6 CN= 0.000     C6(AA)=   49.11
Z=  6 CN= 0.987     C6(AA)=   43.25
Z=  6 CN= 1.998     C6(AA)=   29.36
Z=  6 CN= 2.999     C6(AA)=   25.78
Z=  6 CN= 3.984     C6(AA)=   18.21
                     2  C6 for element                      9
Z=  9 CN= 0.000     C6(AA)=    9.69
Z=  9 CN= 0.998     C6(AA)=    7.13

#           XYZ [au]              R0(AA) [Ang.]  CN          C6(AA)     C8(AA)   C10(AA) [au]
  1  -3.61708  -2.21326  -0.20914   f   0.469  1.069         7.2       122.5      2567.4
  2  -4.12086   2.64361  -0.77361   h   0.395  1.004         3.1        37.3       552.9
  3   0.70571  -1.46805   0.40260   c   0.610  3.185        25.1       726.1     25725.7
  4  -1.70284  -0.55882  -0.07246   c   0.610  3.179        25.1       727.0     25758.5
  5  -2.22721   1.98625  -0.40689   c   0.610  3.182        25.1       726.5     25740.7
  6  -0.21017   3.64828  -0.24137   c   0.610  3.176        25.2       727.5     25774.0
  7   2.24393   2.86732   0.23335   c   0.610  3.182        25.1       726.5     25740.8
  8   2.63467   0.29590   0.54871   c   0.610  3.179        25.1       727.0     25758.5
  9  -0.65510   6.12711  -0.54503   f   0.469  1.067         7.2       122.5      2567.5
 10   3.78023   4.20059   0.35764   h   0.395  1.004         3.1        37.3       552.9
 11   1.05738  -3.45505   0.68084   h   0.395  1.005         3.1        37.3       552.9
 12   4.98700  -0.51783   1.02289   f   0.469  1.069         7.2       122.5      2567.4
 13  -3.74681  -4.21354   6.24130   h   0.395  1.004         3.1        37.3       552.9
 14  -4.62886   0.36599   5.90254   h   0.395  1.004         3.1        37.3       552.9
 15   0.24109  -3.70311   6.83065   c   0.610  3.135        25.3       732.5     25950.4
 16  -2.22182  -2.86448   6.41745   c   0.610  3.135        25.3       732.4     25949.8
 17  -2.71824  -0.28460   6.22563   c   0.610  3.137        25.3       732.2     25941.9
 18  -0.75377   1.45614   6.44823   c   0.610  3.137        25.3       732.2     25942.6
 19   1.70861   0.61599   6.86022   c   0.610  3.137        25.3       732.2     25941.8
 20   2.20688  -1.96349   7.05240   c   0.610  3.135        25.3       732.4     25949.8
 21  -1.13942   3.45796   6.29787   h   0.395  1.004         3.1        37.3       552.9
 22   3.23423   1.96584   7.03002   h   0.395  1.004         3.1        37.3       552.9
 23   0.62629  -5.70480   6.98483   h   0.395  1.004         3.1        37.3       552.9
 24   4.11838  -2.61334   7.36901   h   0.395  1.004         3.1        37.3       552.9

molecular C6(AA) [au] =      6984.84

           DFT-D V3(BJ)
 DF pbe                                               
 parameters
 s6       :    1.0000
 s8       :    0.7875
 a1       :    0.4289
 a2       :    4.4407
 k1-k3    :   16.0000    1.3333   -4.0000
 
 Edisp /kcal,au:   -18.8254 -0.03000022

 E6    /kcal :   -13.2047
 E8    /kcal :    -5.6207
 % E8        : 29.86
 nuclear repulsion energy                  =     967.714124182
 empirical dispersive energy correction    =      -0.030000222
 nuclear repulsion + dispersion correction =     967.684123961


         -----------------
         -S,T+V- integrals
         -----------------

 1e-integrals will be neglected if expon. factor < 0.239567E-12
 
   Difference densities algorithm switched on.
   The maximal number of linear combinations of
   difference densities is                    20 .

 DIIS switched on: error vector is FDS-SDF
 Max. Iterations for DIIS is     :   4
 DIIS matrix (see manual) 
    Scaling factor of diagonals  :  1.200
    threshold for scaling factor :  0.000

 scf convergence criterion : increment of total energy < .1000000D-06
                  and increment of one-electron energy < .1000000D-03

  MOs are in ASCII format !


 automatic virtual orbital shift switched on 
      shift if e(lumo)-e(homo) < 0.10000000    


 reading orbital data $scfmo  from file mos
 orbital characterization : scfconv=7

 DSCF restart information will be dumped onto file mos


 Starting SCF iterations

          Overall gridpoints after grid construction =        384597

 ITERATION  ENERGY          1e-ENERGY        2e-ENERGY     RMS[dD(SAO)]   TOL
   1  -761.70944188005    -2964.6514691     1235.2579032    0.000D+00 0.239D-11
                            Exc = -99.0037068598     Coul =  1334.26161008    
                              N = 108.00000848    
                            current damping = 0.300
 
          max. resid. norm for Fia-block=  1.944D-06 for orbital     53a         
          max. resid. fock norm         =  4.823D-06 for orbital   1121a         

 ITERATION  ENERGY          1e-ENERGY        2e-ENERGY     RMS[dD(SAO)]   TOL
   2  -761.70944187934    -2964.6514333     1235.2578675    0.315D-07 0.152D-11
                            Exc = -99.0036963658     Coul =  1334.26156383    
                              N = 108.00000848    
                            current damping = 0.300
 
          Norm of current diis error: 0.91020E-04
          max. resid. norm for Fia-block=  9.393D-07 for orbital     53a         
          max. resid. fock norm         =  2.279D-06 for orbital   1118a         

 ENERGY & DENSITY CONVERGED !


 ITERATION  ENERGY          1e-ENERGY        2e-ENERGY     RMS[dD(SAO)]   TOL
   3  -761.70944187954    -2964.6514312     1235.2578654    0.134D-07 0.140D-11
                            Exc = -99.0036987781     Coul =  1334.26156414    
                              N = 108.00000848    
                            current damping = 0.150
 
          Norm of current diis error: 0.27812E-04
          max. resid. norm for Fia-block=  3.169D-07 for orbital     29a         
          max. resid. fock norm         =  7.163D-07 for orbital   1121a         

 End of SCF iterations

   convergence criteria satisfied after     3 iterations


                  ------------------------------------------ 
                 |  total energy      =   -761.70944187954  |
                  ------------------------------------------ 
                 :  kinetic energy    =    758.91375990400  :
                 :  potential energy  =  -1520.62320178355  :
                 :  virial theorem    =      1.99632972650  :
                 :  wavefunction norm =      1.00000000000  :
                  .......................................... 


 orbitals $scfmo  will be written to file mos

    irrep                 50a         51a         52a         53a         54a   
 eigenvalues H         -0.30376    -0.24140    -0.23802    -0.23173    -0.22917
            eV          -8.2658     -6.5689     -6.4769     -6.3057     -6.2361
 occupation              2.0000      2.0000      2.0000      2.0000      2.0000

    irrep                 55a         56a         57a         58a         59a   
 eigenvalues H         -0.05274    -0.05138    -0.04620    -0.04476    -0.00095
            eV          -1.4353     -1.3981     -1.2571     -1.2181     -0.0259
 
 
 
 
 ==============================================================================
                           electrostatic moments
 ==============================================================================

 reference point for electrostatic moments:    0.00000   0.00000   0.00000

 
              nuc           elec       ->  total
 ------------------------------------------------------------------------------
                          charge      
 ------------------------------------------------------------------------------
         108.000000    -108.000000       0.000000
 
 ------------------------------------------------------------------------------
                       dipole moment  
 ------------------------------------------------------------------------------
   x       5.055041      -5.057250      -0.002209
   y      27.375445     -27.434490      -0.059044
   z     284.300105    -284.203708       0.096398
 
   | dipole moment | =     0.1131 a.u. =     0.2874 debye 
 
 ------------------------------------------------------------------------------
                     quadrupole moment
 ------------------------------------------------------------------------------
  xx     689.131877    -750.693751     -61.561874
  yy     832.344909    -894.063994     -61.719085
  zz    1873.993841   -1940.313721     -66.319879
  xy      39.024391     -38.970770       0.053621
  xz      38.113760     -37.330767       0.782993
  yz    -363.730311     363.549078      -0.181232
 
     1/3  trace=     -63.200280
     anisotropy=       4.884846
 
 ==============================================================================
 
HOMO-LUMO Separation
 HOMO         :   -0.22917133 H =     -6.23607 eV
 LUMO         :   -0.05274407 H =     -1.43524 eV
 HOMO-LUMO gap:    0.17642726 H =     +4.80083 eV
 
 ==============================================================================


    ------------------------------------------------------------------------
         total  cpu-time :  1 minutes and 44 seconds
         total wall-time :  1 minutes and 44 seconds
    ------------------------------------------------------------------------

   ****  ridft : all done  ****


    2020-08-27 18:26:29.514 

 ridft ended normally
