           SMPCPUS    set: Shared-memory Parallelization with   8 CPUs.

           SMP Parallelization Reference:
           C. van Wullen, J. Comput. Chem. 32 (2011) 1195--1201
 operating system is UNIX !

 ridft (c-6-521) : TURBOMOLE rev. V7.5.0 compiled 13 Jun 2020 at 23:29:25
 Copyright (C) 2020 TURBOMOLE GmbH, Karlsruhe


    2020-07-23 16:53:09.024 



                                  r i d f t

                        DFT program with RI approximation 
                                for coulomb part 




                                                 
                                 References:     
                                                 
          TURBOMOLE:                             
              R. Ahlrichs, M. Baer, M. Haeser, H. Horn, and
              C. Koelmel
              Electronic structure calculations on workstation
              computers: the program system TURBOMOLE
              Chem. Phys. Lett. 162: 165 (1989)
          Density Functional:                              
              O. Treutler and R. Ahlrichs                      
              Efficient Molecular Numerical Integration Schemes
              J. Chem. Phys. 102: 346 (1995)                   
          Parallel Version:                                
              Performance of parallel TURBOMOLE for Density    
              Functional Calculations                          
              M. v. Arnim and R. Ahlrichs                      
              J. Comp. Chem. 19: 1746 (1998)                   
          RI-J Method:                                     
              Auxiliary Basis Sets to approximate Coulomb      
              Potentials                                       
              Chem. Phys. Lett. 240: 283 (1995)                
              K. Eichkorn, O. Treutler, H. Oehm, M. Haeser     
              and R. Ahlrichs                                  
              Chem. Phys. Lett. 242: 652 (1995)                
                                                           
              Auxiliary Basis Sets for Main Row Atoms and their
              Use to approximate Coulomb Potentials            
              K. Eichkorn, F. Weigend, O. Treutler and         
              R. Ahlrichs                                      
              Theo. Chem. Acc. 97: 119 (1997)                   
                                                           
              Accurate Coulomb-fitting basis sets for H to Rn 
              F. Weigend                                        
              Phys. Chem. Chem. Phys. 8: 1057 (2006)            
                                                           
          Multipole accelerated RI-J (MARI-J):             
              Fast evaluation of the Coulomb potential for     
              electron densities using multipole accelerated   
              resolution of identity approximation             
              M. Sierka, A. Hogekamp and R. Ahlrichs           
              J. Chem. Phys. 118: 9136 (2003)                  
          RI-JK Method:                                     
              A fully direct RI-HF algorithm: Implementation,
              optimised auxiliary basis sets, demonstration of
              accuracy and efficiency                         
              F. Weigend                                      
              Phys. Chem. Chem. Phys. 4: 4285 (2002)           
          Two-component HF and DFT with spin-orbit coupling:  
              Self-consistent treatment of spin-orbit         
              interactions with efficient Hartree-Fock and    
              density functional methods                      
              M. K. Armbruster, F. Weigend, C. van Wüllen and 
              W. Klopper                                      
              Phys. Chem. Chem. Phys. 10: 1748 (2008)         
          Two-component difference density and DIIS algorithm 
              Efficient two-component self-consistent field   
              procedures and gradients: implementation in     
              TURBOMOLE and application to Au20-              
              A. Baldes, F. Weigend                           
              Mol. Phys. 111: 2617 (2013)                     
          Relativistic all-electron 2c calculations           
              An efficient implementation of two-component    
              relativistic exact-decoupling methods for large 
              molecules                                       
              D. Peng, N. Middendorf, F. Weigend, M. Reiher   
              J. Chem. Phys. 138: 184105 (2013)               
          Finite nucleus model and SNSO approximation         
              Efficient implementation of one- and two-       
              component analytical energy gradients in exact  
              two-component theory                            
              Y. J. Franzke, N. Middendorf, F. Weigend        
              J. Chem. Phys. 148: 104110 (2018)               
          Grids for all-electron relativistic methods         
              Error-consistent segmented contracted all-      
              electron relativistic basis sets of double-     
              and triple-zeta quality for NMR shielding       
              constants                                       
              Y. J. Franzke, R. Tress, T. M. Pazdera,         
              F. Weigend                                      
              Phys. Chem. Chem. Phys. 21: 166658 (2019)       
          Seminumerical exchange algorithms                   
              Seminumerical calculation of the Hartree-Fock   
              exchange matirx: Application to two-component   
              procedures and efficient evaluation of local    
              hybrid functionsl                               
              P. Plessow, F. Weigend,                         
              J. Comput. Chem. 33: 810 (2012)                 
          Improved seminumerical algorithms                   
              C. Holzer, in preparation (2020)                
                                         




              +--------------------------------------------------+
              |      general information about current run       |
              +--------------------------------------------------+

 

 DENSITY CONVERGENCE CHECK SWITCHED ON !
 SCF CONVERGENCE IF RMS(delta[D]) <     0.1000000000E-06

 PBE functional
 exchange:    LDA + PBE
 correlation: LDA (PW) + PBE
 A DFT calculation using the RI-J approximation will be carried out.
 Allocatable memory for RI due to $ricore (MB):                  5000


              +--------------------------------------------------+
              | Atomic coordinate, charge and isotop information |
              +--------------------------------------------------+

                    atomic coordinates            atom    charge  isotop
          0.01456626    0.40492510    0.09888092    h      1.000     0
          0.01962598    0.37884067    2.14227777    c      6.000     0
          2.30145606    0.46519130    3.45523585    c      6.000     0
          2.30783896    0.42175528    6.08813778    c      6.000     0
          0.03307789    0.29183866    7.40872067    c      6.000     0
         -2.24838635    0.20481689    6.09667869    c      6.000     0
         -2.25561624    0.24835256    3.46337140    c      6.000     0
          4.06678791    0.55714614    2.42983815    h      1.000     0
          4.07870707    0.48222857    7.10647302    h      1.000     0
          0.03868116    0.25185810    9.45197139    h      1.000     0
         -4.01326243    0.09567522    7.12116408    h      1.000     0
         -4.02539051    0.17176080    2.44437658    h      1.000     0
         -0.07118067   -6.22678634    3.35093796    br    35.000     0
          0.17180336   -9.86932596    3.53184484    c      6.000     0
          0.04199013  -10.61780554    1.63124050    h      1.000     0
          1.97359391  -10.35070488    4.37521977    h      1.000     0
         -1.37165089  -10.55903652    4.68572358    h      1.000     0
 
       center of nuclear mass  :   -0.00529457   -3.59280146    4.01032903
       center of nuclear charge:    0.00338950   -3.42619371    4.06680603

              +--------------------------------------------------+
              |               basis set information              |
              +--------------------------------------------------+

              we will work with the 1s 3p 5d 7f 9g ... basis set
              ...i.e. with spherical basis functions...

   type   atoms  prim   cont   basis
   ---------------------------------------------------------------------------
    h        9     58     55   cc-pV5Z   [5s4p3d2f1g|8s4p3d2f1g]
    c        7    118     91   cc-pV5Z   [6s5p4d3f2g1h|24s8p4d3f2g1h]
    br       1    336    104   cc-pV5Z   [8s7p5d3f2g1h|92s43p13d3f2g1h]
   ---------------------------------------------------------------------------
   total:   17   1684   1236
   ---------------------------------------------------------------------------

   total number of primitive shells          :  214
   total number of contracted shells         :  308
   total number of cartesian basis functions : 1652
   total number of SCF-basis functions       : 1236


 integral neglect threshold       :  0.20E-10
 integral storage threshold THIZE :  0.10E-04
 integral storage threshold THIME :         5

 RI-J AUXILIARY BASIS SET information:

              we will work with the 1s 3p 5d 7f 9g ... basis set
              ...i.e. with spherical basis functions...

   type   atoms  prim   cont   basis
   ---------------------------------------------------------------------------
    h        9     16     11   cc-pV5Z   [3s1p1d|5s2p1d]
    c        7     70     49   cc-pV5Z   [6s4p3d1f1g|12s5p4d2f1g]
    br       1     89     58   universal   [8s4p3d2f1g|19s5p5d3f1g]
   ---------------------------------------------------------------------------
   total:   17    723    500
   ---------------------------------------------------------------------------

   total number of primitive shells          :   65
   total number of contracted shells         :  168
   total number of cartesian basis functions :  608
   total number of SCF-basis functions       :  500


 symmetry group of the molecule :   c1 

 the group has the following generators :
   c1(z)

    1 symmetry operations found

 there are 1 real representations :   a   

 maximum number of shells which are related by symmetry :  1

  
           ------------------
           density functional
           ------------------
 PBE functional
 exchange:    LDA + PBE
 correlation: LDA (PW) + PBE

 spherical integration : Lebedev's spherical grid
 spherical gridsize    :                     5
    i.e. gridpoints    :                   590
 value for diffuse not defined
 radial integration    : Chebyshev 2nd kind (scaling 3)
 radial gridsize       :                     8
 integration cells     :                    17
 partition function    : becke
 partition sharpness   :                     3
  

 biggest AO integral is expected to be    21.504685501

          ------------------------
          nuclear repulsion energy  :   528.849028200    
          ------------------------


         -----------------
         -S,T+V- integrals
         -----------------

 1e-integrals will be neglected if expon. factor < 0.202298E-11
 
   Difference densities algorithm switched on.
   The maximal number of linear combinations of
   difference densities is                    20 .

 DIIS switched on: error vector is FDS-SDF
 Max. Iterations for DIIS is     :   4
 DIIS matrix (see manual) 
    Scaling factor of diagonals  :  1.200
    threshold for scaling factor :  0.000

 scf convergence criterion : increment of total energy < .1000000D-05
                  and increment of one-electron energy < .1000000D-02

 MOs are in ASCII format !


    mo occupation :
   irrep   mo's   occupied
    a     1236       43
 
 number of basis functions   :  1236
 number of occupied orbitals :    43
 

 reading orbital data $scfmo  from file mos
 orbital characterization : expanded
 virtual MOs provided and orthogonalized by Cholesky decomposition

 automatic virtual orbital shift switched on 
      shift if e(lumo)-e(homo) < 0.10000000    

  
           ------------------------
               RI-J - INFORMATION
           ------------------------
 Contributions to RI integral batches: 
  neglected integral batches:                 14597
  direct contribution:                            0
  memory contribution:                 32989
 Memory core needed for (P|Q) and Cholesky      2 MByte
 Memory core minimum needed except of (P|Q)     8 MByte
 Total minimum memory core needed (sum)        10 MByte
  
 ****************************************
 Memory allocated for RI-J  4238 MByte
 ****************************************
                                            

 DSCF restart information will be dumped onto file mos


 Starting SCF iterations

          Overall gridpoints after grid construction =        269716

 ITERATION  ENERGY          1e-ENERGY        2e-ENERGY     RMS[dD(SAO)]   TOL
   1  -2844.6640339235    -4989.1765378     1615.6634757    0.000D+00 0.202D-10
                            Exc = -130.687632489     Coul =  1746.35110820    
                              N = 85.999999663    
                            current damping = 0.700
 
          max. resid. norm for Fia-block=  2.994D-01 for orbital      1a         
          max. resid. fock norm         =  1.126D+01 for orbital   1122a         

 ITERATION  ENERGY          1e-ENERGY        2e-ENERGY     RMS[dD(SAO)]   TOL
   2  -2845.5177418729    -4996.7424622     1622.3756921    0.503D-02 0.157D-10
                            Exc = -131.469469994     Coul =  1753.84516211    
                              N = 85.999999922    
                            current damping = 0.650
 
          Norm of current diis error:  3.7575    
          max. resid. norm for Fia-block=  1.232D-01 for orbital      1a         
          max. resid. fock norm         =  1.645D-01 for orbital     46a         

 ITERATION  ENERGY          1e-ENERGY        2e-ENERGY     RMS[dD(SAO)]   TOL
   3  -2845.6762097286    -4998.5207898     1623.9955519    0.163D-02 0.111D-10
                            Exc = -131.695356599     Coul =  1755.69090845    
                              N = 85.999999955    
                            current damping = 0.550
 
          Norm of current diis error:  1.7855    
          max. resid. norm for Fia-block=  5.309D-02 for orbital     22a         
          max. resid. fock norm         =  6.164D-02 for orbital     22a         

 ITERATION  ENERGY          1e-ENERGY        2e-ENERGY     RMS[dD(SAO)]   TOL
   4  -2845.7228997142    -4999.6481092     1625.0761813    0.852D-03 0.920D-11
                            Exc = -131.835780122     Coul =  1756.91196144    
                              N = 86.000000004    
                            current damping = 0.450
 
          Norm of current diis error: 0.64280    
          max. resid. norm for Fia-block=  2.040D-02 for orbital     22a         
          max. resid. fock norm         =  2.341D-02 for orbital     46a         

 ITERATION  ENERGY          1e-ENERGY        2e-ENERGY     RMS[dD(SAO)]   TOL
   5  -2845.7301997634    -5000.1620315     1625.5828035    0.402D-03 0.813D-11
                            Exc = -131.886658771     Coul =  1757.46946229    
                              N = 86.000000015    
                            current damping = 0.350
 
          Norm of current diis error: 0.24854    
          max. resid. norm for Fia-block=  7.148D-03 for orbital     22a         
          max. resid. fock norm         =  8.338D-03 for orbital     22a         
          mo-orthogonalization: Cholesky decomposition

 ITERATION  ENERGY          1e-ENERGY        2e-ENERGY     RMS[dD(SAO)]   TOL
   6  -2845.7312908806    -5000.1220314     1625.5417123    0.153D-03 0.762D-11
                            Exc = -131.906471281     Coul =  1757.44818362    
                              N = 86.000000038    
                            current damping = 0.400
 
          Norm of current diis error: 0.10224    
          max. resid. norm for Fia-block=  3.517D-03 for orbital     36a         
          max. resid. fock norm         =  5.510D-03 for orbital   1004a         

 ITERATION  ENERGY          1e-ENERGY        2e-ENERGY     RMS[dD(SAO)]   TOL
   7  -2845.7314506667    -5000.3277192     1625.7472403    0.449D-04 0.743D-11
                            Exc = -131.911003784     Coul =  1757.65824409    
                              N = 86.000000035    
                            current damping = 0.450
 
          Norm of current diis error: 0.51297E-01
          max. resid. norm for Fia-block=  1.027D-03 for orbital     42a         
          max. resid. fock norm         =  2.299D-03 for orbital   1233a         

 ITERATION  ENERGY          1e-ENERGY        2e-ENERGY     RMS[dD(SAO)]   TOL
   8  -2845.7314898296    -5000.2783588     1625.6978408    0.147D-04 0.734D-11
                            Exc = -131.910731551     Coul =  1757.60857232    
                              N = 86.000000036    
                            current damping = 0.500
 
          Norm of current diis error: 0.21881E-01
          max. resid. norm for Fia-block=  4.741D-04 for orbital     36a         
          max. resid. fock norm         =  8.046D-04 for orbital   1233a         

 ITERATION  ENERGY          1e-ENERGY        2e-ENERGY     RMS[dD(SAO)]   TOL
   9  -2845.7314969214    -5000.2670691     1625.6865439    0.464D-05 0.728D-11
                            Exc = -131.911360847     Coul =  1757.59790478    
                              N = 86.000000038    
                            current damping = 0.350
 
          Norm of current diis error: 0.61016E-02
          max. resid. norm for Fia-block=  1.749D-04 for orbital     29a         
          max. resid. fock norm         =  3.269D-04 for orbital    866a         

 ITERATION  ENERGY          1e-ENERGY        2e-ENERGY     RMS[dD(SAO)]   TOL
  10  -2845.7314971548    -5000.2856721     1625.7051467    0.166D-05 0.722D-11
                            Exc = -131.912073696     Coul =  1757.61722041    
                              N = 86.000000038    
                            current damping = 0.400
 
          Norm of current diis error: 0.51121E-02
          max. resid. norm for Fia-block=  7.721D-05 for orbital     34a         
          max. resid. fock norm         =  1.154D-04 for orbital    118a         
          mo-orthogonalization: Cholesky decomposition

 ITERATION  ENERGY          1e-ENERGY        2e-ENERGY     RMS[dD(SAO)]   TOL
  11  -2845.7314975027    -5000.2795159     1625.6989902    0.731D-06 0.717D-11
                            Exc = -131.911742723     Coul =  1757.61073293    
                              N = 86.000000038    
                            current damping = 0.450
 
          Norm of current diis error: 0.94646E-03
          max. resid. norm for Fia-block=  2.985D-05 for orbital     36a         
          max. resid. fock norm         =  3.935D-05 for orbital     36a         

 ITERATION  ENERGY          1e-ENERGY        2e-ENERGY     RMS[dD(SAO)]   TOL
  12  -2845.7314975148    -5000.2773101     1625.6967844    0.238D-06 0.710D-11
                            Exc = -131.911704088     Coul =  1757.60848850    
                              N = 86.000000038    
                            current damping = 0.300
 
          Norm of current diis error: 0.47809E-03
          max. resid. norm for Fia-block=  9.452D-06 for orbital     42a         
          max. resid. fock norm         =  2.260D-05 for orbital   1233a         

 ENERGY & DENSITY CONVERGED !


 ITERATION  ENERGY          1e-ENERGY        2e-ENERGY     RMS[dD(SAO)]   TOL
  13  -2845.7314975180    -5000.2776833     1625.6971576    0.977D-07 0.695D-11
                            Exc = -131.911701146     Coul =  1757.60885877    
                              N = 86.000000038    
                            current damping = 0.350
 
          Norm of current diis error: 0.20430E-03
          max. resid. norm for Fia-block=  3.648D-06 for orbital     42a         
          max. resid. fock norm         =  1.019D-05 for orbital    279a         

 End of SCF iterations

   convergence criteria satisfied after    13 iterations


                  ------------------------------------------ 
                 |  total energy      =  -2845.73149751800  |
                  ------------------------------------------ 
                 :  kinetic energy    =   2841.31270648633  :
                 :  potential energy  =  -5687.04420400433  :
                 :  virial theorem    =      1.99844722138  :
                 :  wavefunction norm =      1.00000000000  :
                  .......................................... 


 <geterg> : there is no data group $energy 


 <skperg> : $end is missing 


 orbitals $scfmo  will be written to file mos

    irrep                 39a         40a         41a         42a         43a   
 eigenvalues H         -0.29835    -0.24094    -0.23933    -0.22682    -0.22522
            eV          -8.1185     -6.5565     -6.5127     -6.1721     -6.1286
 occupation              2.0000      2.0000      2.0000      2.0000      2.0000

    irrep                 44a         45a         46a         47a         48a   
 eigenvalues H         -0.04133    -0.04065    -0.03086     0.00098     0.01715
            eV          -1.1246     -1.1061     -0.8397      0.0265      0.4666
 
 
 
 
 ==============================================================================
                           electrostatic moments
 ==============================================================================

 reference point for electrostatic moments:    0.00000   0.00000   0.00000

 
              nuc           elec       ->  total
 ------------------------------------------------------------------------------
                          charge      
 ------------------------------------------------------------------------------
          86.000000     -86.000000       0.000000
 
 ------------------------------------------------------------------------------
                       dipole moment  
 ------------------------------------------------------------------------------
   x       0.291497      -0.242650       0.048847
   y    -294.652659     294.033893      -0.618765
   z     349.745319    -349.689777       0.055541
 
   | dipole moment | =     0.6232 a.u. =     1.5839 debye 
 
 ------------------------------------------------------------------------------
                     quadrupole moment
 ------------------------------------------------------------------------------
  xx     196.223137    -239.494876     -43.271739
  yy    2278.008698   -2315.794663     -37.785965
  zz    1659.934147   -1702.842598     -42.908451
  xy       8.363872      -8.595869      -0.231997
  xz       3.003283      -2.832915       0.170368
  yz    -987.671994     984.948928      -2.723066
 
     1/3  trace=     -41.322052
     anisotropy=       7.122260
 
 ==============================================================================
 
HOMO-LUMO Separation
 HOMO         :   -0.22522123 H =     -6.12859 eV
 LUMO         :   -0.04132766 H =     -1.12458 eV
 HOMO-LUMO gap:    0.18389357 H =     +5.00400 eV
 
 ==============================================================================


    ------------------------------------------------------------------------
         total  cpu-time : 10 minutes and 35 seconds
         total wall-time :  2 minutes and  4 seconds
    ------------------------------------------------------------------------

   ****  ridft : all done  ****


    2020-07-23 16:55:12.990 

