
 ridft (riogrande) : TURBOMOLE rev. V7.4.1 (b987a8a8) compiled 15 Oct 2019 at 12:03:25
 Copyright (C) 2019 TURBOMOLE GmbH, Karlsruhe


    2020-07-20 19:22:15.956 



                                  r i d f t

                        DFT program with RI approximation 
                                for coulomb part 




                                                 
                                 References:     
                                                 
          TURBOMOLE:                             
              R. Ahlrichs, M. Baer, M. Haeser, H. Horn, and
              C. Koelmel
              Electronic structure calculations on workstation
              computers: the program system TURBOMOLE
              Chem. Phys. Lett. 162: 165 (1989)
          Density Functional:                              
              O. Treutler and R. Ahlrichs                      
              Efficient Molecular Numerical Integration Schemes
              J. Chem. Phys. 102: 346 (1995)                   
          Parallel Version:                                
              Performance of parallel TURBOMOLE for Density    
              Functional Calculations                          
              M. v. Arnim and R. Ahlrichs                      
              J. Comp. Chem. 19: 1746 (1998)                   
          RI-J Method:                                     
              Auxiliary Basis Sets to approximate Coulomb      
              Potentials                                       
              Chem. Phys. Lett. 240: 283 (1995)                
              K. Eichkorn, O. Treutler, H. Oehm, M. Haeser     
              and R. Ahlrichs                                  
              Chem. Phys. Lett. 242: 652 (1995)                
                                                           
              Auxiliary Basis Sets for Main Row Atoms and their
              Use to approximate Coulomb Potentials            
              K. Eichkorn, F. Weigend, O. Treutler and         
              R. Ahlrichs                                      
              Theo. Chem. Acc. 97: 119 (1997)                   
                                                           
              Accurate Coulomb-fitting basis sets for H to Rn 
              F. Weigend                                        
              Phys. Chem. Chem. Phys. 8: 1057 (2006)            
                                                           
          Multipole accelerated RI-J (MARI-J):             
              Fast evaluation of the Coulomb potential for     
              electron densities using multipole accelerated   
              resolution of identity approximation             
              M. Sierka, A. Hogekamp and R. Ahlrichs           
              J. Chem. Phys. 118: 9136 (2003)                  
          RI-JK Method:                                     
              A fully direct RI-HF algorithm: Implementation,
              optimised auxiliary basis sets, demonstration of
              accuracy and efficiency                         
              F. Weigend                                      
              Phys. Chem. Chem. Phys. 4: 4285 (2002)           
          Two-component HF and DFT with spin-orbit coupling:  
              Self-consistent treatment of spin-orbit         
              interactions with efficient Hartree-Fock and    
              density functional methods                      
              M. K. Armbruster, F. Weigend, C. van Wüllen and 
              W. Klopper                                      
              Phys. Chem. Chem. Phys. 10: 1748 (2008)         
          Two-component difference density and DIIS algorithm 
              Efficient two-component self-consistent field   
              procedures and gradients: implementation in     
              TURBOMOLE and application to Au20-              
              A. Baldes, F. Weigend                           
              Mol. Phys. 111: 2617 (2013)                     
          Relativistic all-electron 2c calculations           
              An efficient implementation of two-component    
              relativistic exact-decoupling methods for large 
              molecules                                       
              D. Peng, N. Middendorf, F. Weigend, M. Reiher   
              J. Chem. Phys. 138: 184105 (2013)               
          Finite nucleus model and SNSO approximation         
              Efficient implementation of one- and two-       
              component analytical energy gradients in exact  
              two-component theory                            
              Y. J. Franzke, N. Middendorf, F. Weigend        
              J. Chem. Phys. 148: 104110 (2018)               
                                         




              +--------------------------------------------------+
              |      general information about current run       |
              +--------------------------------------------------+

 

 DENSITY CONVERGENCE CHECK SWITCHED ON !
 SCF CONVERGENCE IF RMS(delta[D]) <     0.1000000000E-06

 PBE functional
 exchange:    LDA + PBE
 correlation: LDA (PW) + PBE
 A DFT calculation using the RI-J approximation will be carried out.
 Allocatable memory for RI due to $ricore (MB):                   500


              +--------------------------------------------------+
              | Atomic coordinate, charge and isotop information |
              +--------------------------------------------------+

                    atomic coordinates            atom    charge  isotop
          0.09828793    0.08987989    5.43003855    n      7.000     0
          1.90262578    0.15148693    6.05833553    h      1.000     0
         -1.17884191   -2.16607419    6.42088963    c      6.000     0
         -3.11178096   -2.19234802    5.73016835    h      1.000     0
         -0.23584972   -3.83735220    5.69179462    h      1.000     0
         -1.21285710   -2.27353036    8.47846879    h      1.000     0
         -0.75038918    1.66892749    6.09360293    h      1.000     0
 
       center of nuclear mass  :   -0.52218845   -1.00756352    5.97233591
       center of nuclear charge:   -0.54407151   -1.04722789    6.03266544

              +--------------------------------------------------+
              |               basis set information              |
              +--------------------------------------------------+

              we will work with the 1s 3p 5d 7f 9g ... basis set
              ...i.e. with spherical basis functions...

   type   atoms  prim   cont   basis
   ---------------------------------------------------------------------------
    n        1     50     30   cc-pVTZ   [4s3p2d1f|18s5p2d1f]
    h        5     16     14   cc-pVTZ   [3s2p1d|5s2p1d]
    c        1     50     30   cc-pVTZ   [4s3p2d1f|18s5p2d1f]
   ---------------------------------------------------------------------------
   total:    7    180    130
   ---------------------------------------------------------------------------

   total number of primitive shells          :   60
   total number of contracted shells         :   50
   total number of cartesian basis functions :  145
   total number of SCF-basis functions       :  130


 integral neglect threshold       :  0.23E-10
 integral storage threshold THIZE :  0.10E-04
 integral storage threshold THIME :         5

 RI-J AUXILIARY BASIS SET information:

              we will work with the 1s 3p 5d 7f 9g ... basis set
              ...i.e. with spherical basis functions...

   type   atoms  prim   cont   basis
   ---------------------------------------------------------------------------
    n        1     70     49   cc-pVTZ   [6s4p3d1f1g|12s5p4d2f1g]
    h        5     16     11   cc-pVTZ   [3s1p1d|5s2p1d]
    c        1     70     49   cc-pVTZ   [6s4p3d1f1g|12s5p4d2f1g]
   ---------------------------------------------------------------------------
   total:    7    220    153
   ---------------------------------------------------------------------------

   total number of primitive shells          :   56
   total number of contracted shells         :   55
   total number of cartesian basis functions :  182
   total number of SCF-basis functions       :  153


 symmetry group of the molecule :   c1 

 the group has the following generators :
   c1(z)

    1 symmetry operations found

 there are 1 real representations :   a   

 maximum number of shells which are related by symmetry :  1


    mo occupation :
   irrep   mo's   occupied
    a      130        9
 
 number of basis functions   :                    130
 number of occupied orbitals :                      9
 
  
           ------------------
           density functional
           ------------------
 PBE functional
 exchange:    LDA + PBE
 correlation: LDA (PW) + PBE

 spherical integration : Lebedev's spherical grid
 spherical gridsize    :                     5
    i.e. gridpoints    :                   590
 value for diffuse not defined
 radial integration    : Chebyshev 2nd kind (scaling 3)
 radial gridsize       :                     8
 integration cells     :                     7
 partition function    : becke
 partition sharpness   :                     3
  

 biggest AO integral is expected to be     4.229423036
  
           ------------------------
               RI-J - INFORMATION
           ------------------------
 Contributions to RI integral batches: 
  neglected integral batches:                     0
  direct contribution:                            0
  memory contribution:                  1275
 Memory core needed for (P|Q) and Cholesky      1 MByte
 Memory core minimum needed except of (P|Q)     1 MByte
 Total minimum memory core needed (sum)         1 MByte
  
 ****************************************
 Memory allocated for RI-J    15 MByte
 ****************************************
                                            

          ------------------------
          nuclear repulsion energy  :   42.0363718325    
          ------------------------


         -----------------
         -S,T+V- integrals
         -----------------

 1e-integrals will be neglected if expon. factor < 0.230480E-11
 
   Difference densities algorithm switched on.
   The maximal number of linear combinations of
   difference densities is                    20 .

 DIIS switched on: error vector is FDS-SDF
 Max. Iterations for DIIS is     :   4
 DIIS matrix (see manual) 
    Scaling factor of diagonals  :  1.200
    threshold for scaling factor :  0.000

 scf convergence criterion : increment of total energy < .1000000D-06
                  and increment of one-electron energy < .1000000D-03

  MOs are in ASCII format !


 automatic virtual orbital shift switched on 
      shift if e(lumo)-e(homo) < 0.10000000    


 reading orbital data $scfmo  from file mos
 orbital characterization : expanded
 mo provided and orthogonalized by Cholesky decomposition

 DSCF restart information will be dumped onto file mos


 Starting SCF iterations

          Overall gridpoints after grid construction =        103872

 ITERATION  ENERGY          1e-ENERGY        2e-ENERGY     RMS[dD(SAO)]   TOL
   1  -95.387518476230    -210.06648595     72.642595643    0.000D+00 0.230D-10
                            Exc = -13.8265741947     Coul =  86.4691698373    
                              N = 18.000000262    
                            current damping = 0.300
 
          max. resid. norm for Fia-block=  2.579D-01 for orbital      1a         
          max. resid. fock norm         =  4.453D+00 for orbital    119a         

 ITERATION  ENERGY          1e-ENERGY        2e-ENERGY     RMS[dD(SAO)]   TOL
   2  -95.724859077166    -211.48326310     73.722032191    0.550D-02 0.151D-10
                            Exc = -14.0104987450     Coul =  87.7325309356    
                              N = 18.000000138    
                            current damping = 0.250
 
          Norm of current diis error: 0.86726    
          max. resid. norm for Fia-block=  8.180D-02 for orbital      3a         
          max. resid. fock norm         =  1.758D-01 for orbital    130a         

 ITERATION  ENERGY          1e-ENERGY        2e-ENERGY     RMS[dD(SAO)]   TOL
   3  -95.755414736833    -211.73327597     73.941489397    0.250D-02 0.125D-10
                            Exc = -14.0898595164     Coul =  88.0313489137    
                              N = 18.000000114    
                            current damping = 0.100
 
          Norm of current diis error: 0.39391    
          max. resid. norm for Fia-block=  3.051D-02 for orbital      9a         
          max. resid. fock norm         =  3.115D-02 for orbital      9a         

 ITERATION  ENERGY          1e-ENERGY        2e-ENERGY     RMS[dD(SAO)]   TOL
   4  -95.761274651885    -211.47235610     73.674709611    0.147D-02 0.109D-10
                            Exc = -14.0586397175     Coul =  87.7333493281    
                              N = 18.000000090    
                            current damping = 0.150
 
          Norm of current diis error: 0.18981    
          max. resid. norm for Fia-block=  8.942D-03 for orbital      3a         
          max. resid. fock norm         =  1.212D-02 for orbital     62a         

 ITERATION  ENERGY          1e-ENERGY        2e-ENERGY     RMS[dD(SAO)]   TOL
   5  -95.762289620193    -211.79542501     73.996763561    0.366D-03 0.106D-10
                            Exc = -14.0941065141     Coul =  88.0908700749    
                              N = 18.000000090    
                            current damping = 0.200
 
          Norm of current diis error: 0.73386E-01
          max. resid. norm for Fia-block=  3.346D-03 for orbital      8a         
          max. resid. fock norm         =  4.144D-03 for orbital     18a         
          mo-orthogonalization: Cholesky decomposition

 ITERATION  ENERGY          1e-ENERGY        2e-ENERGY     RMS[dD(SAO)]   TOL
   6  -95.762474499020    -211.64323906     73.844392730    0.184D-03 0.104D-10
                            Exc = -14.0788629993     Coul =  87.9232557294    
                              N = 18.000000091    
                            current damping = 0.250
 
          Norm of current diis error: 0.16996E-01
          max. resid. norm for Fia-block=  8.479D-04 for orbital      9a         
          max. resid. fock norm         =  9.630D-04 for orbital      9a         

 ITERATION  ENERGY          1e-ENERGY        2e-ENERGY     RMS[dD(SAO)]   TOL
   7  -95.762484916431    -211.66986513     73.871008377    0.376D-04 0.102D-10
                            Exc = -14.0816360513     Coul =  87.9526444278    
                              N = 18.000000091    
                            current damping = 0.300
 
          Norm of current diis error: 0.23148E-02
          max. resid. norm for Fia-block=  1.447D-04 for orbital      9a         
          max. resid. fock norm         =  1.960D-04 for orbital      9a         

 ITERATION  ENERGY          1e-ENERGY        2e-ENERGY     RMS[dD(SAO)]   TOL
   8  -95.762485101658    -211.67112140     73.872264461    0.591D-05 0.996D-11
                            Exc = -14.0817550716     Coul =  87.9540195325    
                              N = 18.000000091    
                            current damping = 0.150
 
          Norm of current diis error: 0.49329E-03
          max. resid. norm for Fia-block=  2.927D-05 for orbital      7a         
          max. resid. fock norm         =  4.231D-05 for orbital      6a         

 ENERGY & DENSITY CONVERGED !


 ITERATION  ENERGY          1e-ENERGY        2e-ENERGY     RMS[dD(SAO)]   TOL
   9  -95.762485106955    -211.67115663     73.872299688    0.123D-05 0.972D-11
                            Exc = -14.0817668270     Coul =  87.9540665147    
                              N = 18.000000091    
                            current damping = 0.100
 
          Norm of current diis error: 0.31115E-03
          max. resid. norm for Fia-block=  1.417D-05 for orbital      9a         
          max. resid. fock norm         =  2.073D-05 for orbital     62a         

 End of SCF iterations

   convergence criteria satisfied after     9 iterations


                  ------------------------------------------ 
                 |  total energy      =    -95.76248510695  |
                  ------------------------------------------ 
                 :  kinetic energy    =     95.19048265562  :
                 :  potential energy  =   -190.95296776258  :
                 :  virial theorem    =      1.99402686291  :
                 :  wavefunction norm =      1.00000000000  :
                  .......................................... 


 <geterg> : there is no data group $energy 


 <skperg> : $end is missing 


 orbitals $scfmo  will be written to file mos

    irrep                  5a          6a          7a          8a          9a   
 eigenvalues H         -0.43593    -0.38916    -0.35531    -0.32170    -0.19078
            eV         -11.8624    -10.5896     -9.6685     -8.7538     -5.1914
 occupation              2.0000      2.0000      2.0000      2.0000      2.0000

    irrep                 10a         11a         12a         13a         14a   
 eigenvalues H          0.01733     0.05690     0.07680     0.09745     0.11229
            eV           0.4717      1.5485      2.0899      2.6518      3.0557
 
 
 
 
 ==============================================================================
                           electrostatic moments
 ==============================================================================

 reference point for electrostatic moments:    0.00000   0.00000   0.00000

 
              nuc           elec       ->  total
 ------------------------------------------------------------------------------
                          charge      
 ------------------------------------------------------------------------------
          18.000000     -18.000000       0.000000
 
 ------------------------------------------------------------------------------
                       dipole moment  
 ------------------------------------------------------------------------------
   x      -9.793287       9.830393       0.037106
   y     -18.850102      18.903556       0.053454
   z     108.587978    -108.097106       0.490872
 
   | dipole moment | =     0.4952 a.u. =     1.2586 debye 
 
 ------------------------------------------------------------------------------
                     quadrupole moment
 ------------------------------------------------------------------------------
  xx      23.798530     -33.335222      -9.536692
  yy      55.716683     -65.476661      -9.759979
  zz     664.715387    -670.847493      -6.132105
  xy      24.903083     -25.077339      -0.174255
  xz     -64.181768      64.606520       0.424752
  yz    -122.624841     123.312197       0.687356
 
     1/3  trace=      -8.476259
     anisotropy=       3.801444
 
 ==============================================================================
 
HOMO-LUMO Separation
 HOMO         :   -0.19078011 H =     -5.19139 eV
 LUMO         :    0.01733351 H =     +0.47167 eV
 HOMO-LUMO gap:    0.20811362 H =     +5.66306 eV
 
 ==============================================================================


    ------------------------------------------------------------------------
         total  cpu-time :   6.63 seconds
         total wall-time :   6.63 seconds
    ------------------------------------------------------------------------

   ****  ridft : all done  ****


    2020-07-20 19:22:22.583 

