
 ridft (riogrande) : TURBOMOLE rev. V7.4.1 (b987a8a8) compiled 15 Oct 2019 at 12:03:25
 Copyright (C) 2019 TURBOMOLE GmbH, Karlsruhe


    2020-07-20 17:45:04.536 



                                  r i d f t

                        DFT program with RI approximation 
                                for coulomb part 




                                                 
                                 References:     
                                                 
          TURBOMOLE:                             
              R. Ahlrichs, M. Baer, M. Haeser, H. Horn, and
              C. Koelmel
              Electronic structure calculations on workstation
              computers: the program system TURBOMOLE
              Chem. Phys. Lett. 162: 165 (1989)
          Density Functional:                              
              O. Treutler and R. Ahlrichs                      
              Efficient Molecular Numerical Integration Schemes
              J. Chem. Phys. 102: 346 (1995)                   
          Parallel Version:                                
              Performance of parallel TURBOMOLE for Density    
              Functional Calculations                          
              M. v. Arnim and R. Ahlrichs                      
              J. Comp. Chem. 19: 1746 (1998)                   
          RI-J Method:                                     
              Auxiliary Basis Sets to approximate Coulomb      
              Potentials                                       
              Chem. Phys. Lett. 240: 283 (1995)                
              K. Eichkorn, O. Treutler, H. Oehm, M. Haeser     
              and R. Ahlrichs                                  
              Chem. Phys. Lett. 242: 652 (1995)                
                                                           
              Auxiliary Basis Sets for Main Row Atoms and their
              Use to approximate Coulomb Potentials            
              K. Eichkorn, F. Weigend, O. Treutler and         
              R. Ahlrichs                                      
              Theo. Chem. Acc. 97: 119 (1997)                   
                                                           
              Accurate Coulomb-fitting basis sets for H to Rn 
              F. Weigend                                        
              Phys. Chem. Chem. Phys. 8: 1057 (2006)            
                                                           
          Multipole accelerated RI-J (MARI-J):             
              Fast evaluation of the Coulomb potential for     
              electron densities using multipole accelerated   
              resolution of identity approximation             
              M. Sierka, A. Hogekamp and R. Ahlrichs           
              J. Chem. Phys. 118: 9136 (2003)                  
          RI-JK Method:                                     
              A fully direct RI-HF algorithm: Implementation,
              optimised auxiliary basis sets, demonstration of
              accuracy and efficiency                         
              F. Weigend                                      
              Phys. Chem. Chem. Phys. 4: 4285 (2002)           
          Two-component HF and DFT with spin-orbit coupling:  
              Self-consistent treatment of spin-orbit         
              interactions with efficient Hartree-Fock and    
              density functional methods                      
              M. K. Armbruster, F. Weigend, C. van Wüllen and 
              W. Klopper                                      
              Phys. Chem. Chem. Phys. 10: 1748 (2008)         
          Two-component difference density and DIIS algorithm 
              Efficient two-component self-consistent field   
              procedures and gradients: implementation in     
              TURBOMOLE and application to Au20-              
              A. Baldes, F. Weigend                           
              Mol. Phys. 111: 2617 (2013)                     
          Relativistic all-electron 2c calculations           
              An efficient implementation of two-component    
              relativistic exact-decoupling methods for large 
              molecules                                       
              D. Peng, N. Middendorf, F. Weigend, M. Reiher   
              J. Chem. Phys. 138: 184105 (2013)               
          Finite nucleus model and SNSO approximation         
              Efficient implementation of one- and two-       
              component analytical energy gradients in exact  
              two-component theory                            
              Y. J. Franzke, N. Middendorf, F. Weigend        
              J. Chem. Phys. 148: 104110 (2018)               
                                         




              +--------------------------------------------------+
              |      general information about current run       |
              +--------------------------------------------------+

 

 DENSITY CONVERGENCE CHECK SWITCHED ON !
 SCF CONVERGENCE IF RMS(delta[D]) <     0.1000000000E-06

 PBE functional
 exchange:    LDA + PBE
 correlation: LDA (PW) + PBE
 A DFT calculation using the RI-J approximation will be carried out.
 Allocatable memory for RI due to $ricore (MB):                   500


              +--------------------------------------------------+
              | Atomic coordinate, charge and isotop information |
              +--------------------------------------------------+

                    atomic coordinates            atom    charge  isotop
         -4.57504389   -4.98574873   -2.28863151    i     53.000     0
         -7.92907912   -8.34380152   -3.93802605    i     53.000     0
 
       center of nuclear mass  :   -6.25206150   -6.66477512   -3.11332878
       center of nuclear charge:   -6.25206150   -6.66477512   -3.11332878

              +--------------------------------------------------+
              |               basis set information              |
              +--------------------------------------------------+

              we will work with the 1s 3p 5d 7f 9g ... basis set
              ...i.e. with spherical basis functions...

   type   atoms  prim   cont   basis
   ---------------------------------------------------------------------------
    i        2    133     39   cc-pVTZ-PP   [5s4p3d1f|21s20p9d1f]
   ---------------------------------------------------------------------------
   total:    2    266     78
   ---------------------------------------------------------------------------

   total number of primitive shells          :   51
   total number of contracted shells         :   26
   total number of cartesian basis functions :   90
   total number of SCF-basis functions       :   78


 integral neglect threshold       :  0.37E-10
 integral storage threshold THIZE :  0.10E-04
 integral storage threshold THIME :         5

 number of unique ecp types :                     1
 RI-J AUXILIARY BASIS SET information:

              we will work with the 1s 3p 5d 7f 9g ... basis set
              ...i.e. with spherical basis functions...

   type   atoms  prim   cont   basis
   ---------------------------------------------------------------------------
    i        2     81     58   universal-ecp-2   [8s4p3d2f1g|11s5p5d3f1g]
   ---------------------------------------------------------------------------
   total:    2    162    116
   ---------------------------------------------------------------------------

   total number of primitive shells          :   25
   total number of contracted shells         :   36
   total number of cartesian basis functions :  146
   total number of SCF-basis functions       :  116


 symmetry group of the molecule :   c1 

 the group has the following generators :
   c1(z)

    1 symmetry operations found

 there are 1 real representations :   a   

 maximum number of shells which are related by symmetry :  1


    mo occupation :
   irrep   mo's   occupied
    a       78       25
 
 number of basis functions   :                     78
 number of occupied orbitals :                     25
 
  
           ------------------
           density functional
           ------------------
 PBE functional
 exchange:    LDA + PBE
 correlation: LDA (PW) + PBE

 spherical integration : Lebedev's spherical grid
 spherical gridsize    :                     5
    i.e. gridpoints    :                   590
 value for diffuse not defined
 radial integration    : Chebyshev 2nd kind (scaling 3)
 radial gridsize       :                     8
 integration cells     :                     2
 partition function    : becke
 partition sharpness   :                     3
  

 biggest AO integral is expected to be     1.240396240
  
           ------------------------
               RI-J - INFORMATION
           ------------------------
 Contributions to RI integral batches: 
  neglected integral batches:                     0
  direct contribution:                            0
  memory contribution:                   351
 Memory core needed for (P|Q) and Cholesky      1 MByte
 Memory core minimum needed except of (P|Q)     1 MByte
 Total minimum memory core needed (sum)         1 MByte
  
 ****************************************
 Memory allocated for RI-J     5 MByte
 ****************************************
                                            

          ------------------------
          nuclear repulsion energy  :   124.388089733    
          ------------------------


         -----------------
         -S,T+V- integrals
         -----------------

 1e-integrals will be neglected if expon. factor < 0.371329E-11


          ----------------
          -ecp-  integrals
          ----------------
 
   Difference densities algorithm switched on.
   The maximal number of linear combinations of
   difference densities is                    20 .

 DIIS switched on: error vector is FDS-SDF
 Max. Iterations for DIIS is     :   4
 DIIS matrix (see manual) 
    Scaling factor of diagonals  :  1.200
    threshold for scaling factor :  0.000

 scf convergence criterion : increment of total energy < .1000000D-06
                  and increment of one-electron energy < .1000000D-03

  MOs are in ASCII format !


 automatic virtual orbital shift switched on 
      shift if e(lumo)-e(homo) < 0.10000000    


 reading orbital data $scfmo  from file mos
 orbital characterization : expanded
 mo provided and orthogonalized by Cholesky decomposition

 DSCF restart information will be dumped onto file mos


 Starting SCF iterations

          Overall gridpoints after grid construction =         51606

 ITERATION  ENERGY          1e-ENERGY        2e-ENERGY     RMS[dD(SAO)]   TOL
   1  -591.32993857029    -1274.0878782     558.36984990    0.000D+00 0.370D-10
                            Exc = -44.0925461166     Coul =  602.462396017    
                              N = 49.999997549    
                            current damping = 0.300
 
          max. resid. norm for Fia-block=  3.044D-01 for orbital     23a         
          max. resid. fock norm         =  2.279D+01 for orbital     69a         

 ITERATION  ENERGY          1e-ENERGY        2e-ENERGY     RMS[dD(SAO)]   TOL
   2  -591.40915122667    -1276.1263763     560.32913536    0.106D-01 0.234D-10
                            Exc = -44.0919202227     Coul =  604.421055580    
                              N = 49.999997579    
                            current damping = 0.250
 
          Norm of current diis error: 0.17877    
          max. resid. norm for Fia-block=  2.786D-02 for orbital     25a         
          max. resid. fock norm         =  5.328D-02 for orbital     60a         

 ITERATION  ENERGY          1e-ENERGY        2e-ENERGY     RMS[dD(SAO)]   TOL
   3  -591.41842452091    -1276.0883143     560.28180000    0.559D-02 0.188D-10
                            Exc = -44.0836230325     Coul =  604.365423033    
                              N = 49.999997606    
                            current damping = 0.200
 
          Norm of current diis error: 0.68004E-01
          max. resid. norm for Fia-block=  1.094D-02 for orbital     20a         
          max. resid. fock norm         =  1.196D-02 for orbital     26a         

 ITERATION  ENERGY          1e-ENERGY        2e-ENERGY     RMS[dD(SAO)]   TOL
   4  -591.41948822570    -1276.2738574     560.46627942    0.226D-02 0.166D-10
                            Exc = -44.0868003038     Coul =  604.553079726    
                              N = 49.999997614    
                            current damping = 0.250
 
          Norm of current diis error: 0.22031E-01
          max. resid. norm for Fia-block=  2.347D-03 for orbital     24a         
          max. resid. fock norm         =  3.317D-03 for orbital     60a         
          irrep a   : virtual orbitals shifted by    0.00985

 ITERATION  ENERGY          1e-ENERGY        2e-ENERGY     RMS[dD(SAO)]   TOL
   5  -591.41956865970    -1276.2061900     560.39853162    0.438D-03 0.159D-10
                            Exc = -44.0840796686     Coul =  604.482611292    
                              N = 49.999997617    
                            current damping = 0.300
 
          Norm of current diis error: 0.19832E-02
          max. resid. norm for Fia-block=  3.858D-04 for orbital     20a         
          max. resid. fock norm         =  3.885D-04 for orbital     20a         
          irrep a   : virtual orbitals shifted by    0.00963
          mo-orthogonalization: Cholesky decomposition

 ITERATION  ENERGY          1e-ENERGY        2e-ENERGY     RMS[dD(SAO)]   TOL
   6  -591.41957013840    -1276.2186825     560.41102268    0.862D-04 0.154D-10
                            Exc = -44.0848519880     Coul =  604.495874664    
                              N = 49.999997617    
                            current damping = 0.350
 
          Norm of current diis error: 0.52312E-03
          max. resid. norm for Fia-block=  8.079D-05 for orbital     25a         
          max. resid. fock norm         =  9.910D-05 for orbital     26a         
          irrep a   : virtual orbitals shifted by    0.00693

 ITERATION  ENERGY          1e-ENERGY        2e-ENERGY     RMS[dD(SAO)]   TOL
   7  -591.41957022928    -1276.2146671     560.40700709    0.218D-04 0.151D-10
                            Exc = -44.0845184813     Coul =  604.491525574    
                              N = 49.999997617    
                            current damping = 0.400
 
          Norm of current diis error: 0.13899E-03
          max. resid. norm for Fia-block=  2.687D-05 for orbital     20a         
          max. resid. fock norm         =  2.729D-05 for orbital     20a         
          irrep a   : virtual orbitals shifted by    0.00368

 ITERATION  ENERGY          1e-ENERGY        2e-ENERGY     RMS[dD(SAO)]   TOL
   8  -591.41957023627    -1276.2156156     560.40795562    0.524D-05 0.148D-10
                            Exc = -44.0845844345     Coul =  604.492540055    
                              N = 49.999997617    
                            current damping = 0.450
 
          Norm of current diis error: 0.32405E-04
          max. resid. norm for Fia-block=  6.256D-06 for orbital     20a         
          max. resid. fock norm         =  7.304D-06 for orbital     21a         
          irrep a   : virtual orbitals shifted by    0.00030

 ITERATION  ENERGY          1e-ENERGY        2e-ENERGY     RMS[dD(SAO)]   TOL
   9  -591.41957023667    -1276.2156812     560.40802119    0.138D-05 0.144D-10
                            Exc = -44.0845893897     Coul =  604.492610578    
                              N = 49.999997617    
                            current damping = 0.300
 
          Norm of current diis error: 0.12790E-04
          max. resid. norm for Fia-block=  2.389D-06 for orbital     20a         
          max. resid. fock norm         =  2.429D-06 for orbital     26a         
          irrep a   : virtual orbitals shifted by    0.01063

 ENERGY & DENSITY CONVERGED !


 ITERATION  ENERGY          1e-ENERGY        2e-ENERGY     RMS[dD(SAO)]   TOL
  10  -591.41957023667    -1276.2157264     560.40806642    0.492D-06 0.136D-10
                            Exc = -44.0845907125     Coul =  604.492657130    
                              N = 49.999997617    
                            current damping = 0.150
 
          Norm of current diis error: 0.38677E-05
          max. resid. norm for Fia-block=  5.992D-07 for orbital     24a         
          max. resid. fock norm         =  7.885D-07 for orbital     60a         

 End of SCF iterations

   convergence criteria satisfied after    10 iterations


                  ------------------------------------------ 
                 |  total energy      =   -591.41957023667  |
                  ------------------------------------------ 
                 :  kinetic energy    =    221.15684553024  :
                 :  potential energy  =   -812.57641576691  :
                 :  virial theorem    =      1.37394238652  :
                 :  wavefunction norm =      1.00000000000  :
                  .......................................... 


 <geterg> : there is no data group $energy 


 <skperg> : $end is missing 


 orbitals $scfmo  will be written to file mos

    irrep                 21a         22a         23a         24a         25a   
 eigenvalues H         -0.35360    -0.28846    -0.28846    -0.22805    -0.22805
            eV          -9.6220     -7.8494     -7.8494     -6.2056     -6.2055
 occupation              2.0000      2.0000      2.0000      2.0000      2.0000

    irrep                 26a         27a         28a         29a         30a   
 eigenvalues H         -0.15931     0.07280     0.12965     0.12965     0.14837
            eV          -4.3350      1.9809      3.5279      3.5279      4.0374
 
 
 
 
 ==============================================================================
                           electrostatic moments
 ==============================================================================

 reference point for electrostatic moments:    0.00000   0.00000   0.00000

 
              nuc           elec       ->  total
 ------------------------------------------------------------------------------
                          charge      
 ------------------------------------------------------------------------------
          50.000000     -50.000000      -0.000000
 
 ------------------------------------------------------------------------------
                       dipole moment  
 ------------------------------------------------------------------------------
   x    -312.603075     312.603075       0.000000
   y    -333.238756     333.238756       0.000000
   z    -155.666439     155.666439       0.000000
 
   | dipole moment | =     0.0000 a.u. =     0.0000 debye 
 
 ------------------------------------------------------------------------------
                     quadrupole moment
 ------------------------------------------------------------------------------
  xx    2095.033056   -2133.487257     -38.454202
  yy    2361.917854   -2400.366356     -38.448502
  zz     518.647085    -558.903890     -40.256805
  xy    2224.217041   -2221.836613       2.380427
  xz    1042.387744   -1041.218530       1.169213
  yz    1106.716235   -1105.545621       1.170614
 
     1/3  trace=     -39.053170
     anisotropy=       5.335839
 
 ==============================================================================
 
HOMO-LUMO Separation
 HOMO         :   -0.22804789 H =     -6.20550 eV
 LUMO         :   -0.15930833 H =     -4.33500 eV
 HOMO-LUMO gap:    0.06873956 H =     +1.87050 eV
 
 ==============================================================================


    ------------------------------------------------------------------------
         total  cpu-time :   2.36 seconds
         total wall-time :   2.40 seconds
    ------------------------------------------------------------------------

   ****  ridft : all done  ****


    2020-07-20 17:45:06.919 

