
 ridft (riogrande) : TURBOMOLE rev. V7.4.1 (b987a8a8) compiled 15 Oct 2019 at 12:03:25
 Copyright (C) 2019 TURBOMOLE GmbH, Karlsruhe


    2020-07-20 21:01:51.044 



                                  r i d f t

                        DFT program with RI approximation 
                                for coulomb part 




                                                 
                                 References:     
                                                 
          TURBOMOLE:                             
              R. Ahlrichs, M. Baer, M. Haeser, H. Horn, and
              C. Koelmel
              Electronic structure calculations on workstation
              computers: the program system TURBOMOLE
              Chem. Phys. Lett. 162: 165 (1989)
          Density Functional:                              
              O. Treutler and R. Ahlrichs                      
              Efficient Molecular Numerical Integration Schemes
              J. Chem. Phys. 102: 346 (1995)                   
          Parallel Version:                                
              Performance of parallel TURBOMOLE for Density    
              Functional Calculations                          
              M. v. Arnim and R. Ahlrichs                      
              J. Comp. Chem. 19: 1746 (1998)                   
          RI-J Method:                                     
              Auxiliary Basis Sets to approximate Coulomb      
              Potentials                                       
              Chem. Phys. Lett. 240: 283 (1995)                
              K. Eichkorn, O. Treutler, H. Oehm, M. Haeser     
              and R. Ahlrichs                                  
              Chem. Phys. Lett. 242: 652 (1995)                
                                                           
              Auxiliary Basis Sets for Main Row Atoms and their
              Use to approximate Coulomb Potentials            
              K. Eichkorn, F. Weigend, O. Treutler and         
              R. Ahlrichs                                      
              Theo. Chem. Acc. 97: 119 (1997)                   
                                                           
              Accurate Coulomb-fitting basis sets for H to Rn 
              F. Weigend                                        
              Phys. Chem. Chem. Phys. 8: 1057 (2006)            
                                                           
          Multipole accelerated RI-J (MARI-J):             
              Fast evaluation of the Coulomb potential for     
              electron densities using multipole accelerated   
              resolution of identity approximation             
              M. Sierka, A. Hogekamp and R. Ahlrichs           
              J. Chem. Phys. 118: 9136 (2003)                  
          RI-JK Method:                                     
              A fully direct RI-HF algorithm: Implementation,
              optimised auxiliary basis sets, demonstration of
              accuracy and efficiency                         
              F. Weigend                                      
              Phys. Chem. Chem. Phys. 4: 4285 (2002)           
          Two-component HF and DFT with spin-orbit coupling:  
              Self-consistent treatment of spin-orbit         
              interactions with efficient Hartree-Fock and    
              density functional methods                      
              M. K. Armbruster, F. Weigend, C. van Wüllen and 
              W. Klopper                                      
              Phys. Chem. Chem. Phys. 10: 1748 (2008)         
          Two-component difference density and DIIS algorithm 
              Efficient two-component self-consistent field   
              procedures and gradients: implementation in     
              TURBOMOLE and application to Au20-              
              A. Baldes, F. Weigend                           
              Mol. Phys. 111: 2617 (2013)                     
          Relativistic all-electron 2c calculations           
              An efficient implementation of two-component    
              relativistic exact-decoupling methods for large 
              molecules                                       
              D. Peng, N. Middendorf, F. Weigend, M. Reiher   
              J. Chem. Phys. 138: 184105 (2013)               
          Finite nucleus model and SNSO approximation         
              Efficient implementation of one- and two-       
              component analytical energy gradients in exact  
              two-component theory                            
              Y. J. Franzke, N. Middendorf, F. Weigend        
              J. Chem. Phys. 148: 104110 (2018)               
                                         




              +--------------------------------------------------+
              |      general information about current run       |
              +--------------------------------------------------+

 

 DENSITY CONVERGENCE CHECK SWITCHED ON !
 SCF CONVERGENCE IF RMS(delta[D]) <     0.1000000000E-06

 PBE functional
 exchange:    LDA + PBE
 correlation: LDA (PW) + PBE
 A DFT calculation using the RI-J approximation will be carried out.
 Allocatable memory for RI due to $ricore (MB):                   500


              +--------------------------------------------------+
              | Atomic coordinate, charge and isotop information |
              +--------------------------------------------------+

                    atomic coordinates            atom    charge  isotop
          0.01456626    0.40492510    0.09888092    h      1.000     0
          0.01962598    0.37884067    2.14227777    c      6.000     0
          2.30145606    0.46519130    3.45523585    c      6.000     0
          2.30783896    0.42175528    6.08813778    c      6.000     0
          0.03307789    0.29183866    7.40872067    c      6.000     0
         -2.24838635    0.20481689    6.09667869    c      6.000     0
         -2.25561624    0.24835256    3.46337140    c      6.000     0
          4.06678791    0.55714614    2.42983815    h      1.000     0
          4.07870707    0.48222857    7.10647302    h      1.000     0
          0.03868116    0.25185810    9.45197139    h      1.000     0
         -4.01326243    0.09567522    7.12116408    h      1.000     0
         -4.02539051    0.17176080    2.44437658    h      1.000     0
 
       center of nuclear mass  :    0.02635973    0.33452348    4.77571486
       center of nuclear charge:    0.02638255    0.33400871    4.77569612

              +--------------------------------------------------+
              |               basis set information              |
              +--------------------------------------------------+

              we will work with the 1s 3p 5d 7f 9g ... basis set
              ...i.e. with spherical basis functions...

   type   atoms  prim   cont   basis
   ---------------------------------------------------------------------------
    h        6     33     30   def2-QZVP   [4s3p2d1f|7s3p2d1f]
    c        6     77     57   def2-QZVP   [7s4p3d2f1g|15s8p3d2f1g]
   ---------------------------------------------------------------------------
   total:   12    660    522
   ---------------------------------------------------------------------------

   total number of primitive shells          :   42
   total number of contracted shells         :  162
   total number of cartesian basis functions :  642
   total number of SCF-basis functions       :  522


 integral neglect threshold       :  0.52E-11
 integral storage threshold THIZE :  0.10E-04
 integral storage threshold THIME :         5

 RI-J AUXILIARY BASIS SET information:

              we will work with the 1s 3p 5d 7f 9g ... basis set
              ...i.e. with spherical basis functions...

   type   atoms  prim   cont   basis
   ---------------------------------------------------------------------------
    h        6     16     11   def2-QZVP   [3s1p1d|5s2p1d]
    c        6     70     49   def2-QZVP   [6s4p3d1f1g|12s5p4d2f1g]
   ---------------------------------------------------------------------------
   total:   12    516    360
   ---------------------------------------------------------------------------

   total number of primitive shells          :   32
   total number of contracted shells         :  120
   total number of cartesian basis functions :  438
   total number of SCF-basis functions       :  360


 symmetry group of the molecule :   c1 

 the group has the following generators :
   c1(z)

    1 symmetry operations found

 there are 1 real representations :   a   

 maximum number of shells which are related by symmetry :  1


    mo occupation :
   irrep   mo's   occupied
    a      522       21
 
 number of basis functions   :                    522
 number of occupied orbitals :                     21
 
  
           ------------------
           density functional
           ------------------
 PBE functional
 exchange:    LDA + PBE
 correlation: LDA (PW) + PBE

 spherical integration : Lebedev's spherical grid
 spherical gridsize    :                     5
    i.e. gridpoints    :                   590
 value for diffuse not defined
 radial integration    : Chebyshev 2nd kind (scaling 3)
 radial gridsize       :                     8
 integration cells     :                    12
 partition function    : becke
 partition sharpness   :                     3
  

 biggest AO integral is expected to be     5.262544080
  
           ------------------------
               RI-J - INFORMATION
           ------------------------
 Contributions to RI integral batches: 
  neglected integral batches:                  1434
  direct contribution:                         2202
  memory contribution:                  9567
 Memory core needed for (P|Q) and Cholesky      1 MByte
 Memory core minimum needed except of (P|Q)     2 MByte
 Total minimum memory core needed (sum)         3 MByte
  
 ****************************************
 Memory allocated for RI-J   437 MByte
 ****************************************
                                            

          ------------------------
          nuclear repulsion energy  :   203.709217419    
          ------------------------


         -----------------
         -S,T+V- integrals
         -----------------

 1e-integrals will be neglected if expon. factor < 0.520555E-12
 
   Difference densities algorithm switched on.
   The maximal number of linear combinations of
   difference densities is                    20 .

 DIIS switched on: error vector is FDS-SDF
 Max. Iterations for DIIS is     :   4
 DIIS matrix (see manual) 
    Scaling factor of diagonals  :  1.200
    threshold for scaling factor :  0.000

 scf convergence criterion : increment of total energy < .1000000D-06
                  and increment of one-electron energy < .1000000D-03

  MOs are in ASCII format !


 automatic virtual orbital shift switched on 
      shift if e(lumo)-e(homo) < 0.10000000    


 reading orbital data $scfmo  from file mos
 orbital characterization : expanded
 mo provided and orthogonalized by Cholesky decomposition

 DSCF restart information will be dumped onto file mos


 Starting SCF iterations

          Overall gridpoints after grid construction =        188368

 ITERATION  ENERGY          1e-ENERGY        2e-ENERGY     RMS[dD(SAO)]   TOL
   1  -231.25963219267    -704.60453516     269.63568555    0.000D+00 0.519D-11
                            Exc = -33.4751408184     Coul =  303.110826368    
                              N = 42.000001721    
                            current damping = 0.300
 
          max. resid. norm for Fia-block=  4.985D-01 for orbital      7a         
          max. resid. fock norm         =  5.283D+01 for orbital    462a         

 ITERATION  ENERGY          1e-ENERGY        2e-ENERGY     RMS[dD(SAO)]   TOL
   2  -231.97331310509    -715.86781945     280.18528892    0.547D-02 0.440D-11
                            Exc = -34.5114521346     Coul =  314.696741059    
                              N = 42.000001572    
                            current damping = 0.250
 
          Norm of current diis error:  1.7150    
          max. resid. norm for Fia-block=  6.847D-02 for orbital      4a         
          max. resid. fock norm         =  1.714D-01 for orbital     61a         

 ITERATION  ENERGY          1e-ENERGY        2e-ENERGY     RMS[dD(SAO)]   TOL
   3  -232.01843983738    -712.91623931     277.18858205    0.211D-02 0.294D-11
                            Exc = -34.3634843211     Coul =  311.552066370    
                              N = 42.000001457    
                            current damping = 0.200
 
          Norm of current diis error: 0.98719    
          max. resid. norm for Fia-block=  2.795D-02 for orbital     12a         
          max. resid. fock norm         =  3.576D-02 for orbital     12a         

 ITERATION  ENERGY          1e-ENERGY        2e-ENERGY     RMS[dD(SAO)]   TOL
   4  -232.03568661244    -714.95195311     279.20704908    0.537D-03 0.256D-11
                            Exc = -34.4896690383     Coul =  313.696718120    
                              N = 42.000001484    
                            current damping = 0.250
 
          Norm of current diis error: 0.15196    
          max. resid. norm for Fia-block=  4.229D-03 for orbital     12a         
          max. resid. fock norm         =  7.922D-03 for orbital     74a         

 ITERATION  ENERGY          1e-ENERGY        2e-ENERGY     RMS[dD(SAO)]   TOL
   5  -232.03610354724    -714.82713228     279.08181131    0.933D-04 0.239D-11
                            Exc = -34.4915626447     Coul =  313.573373958    
                              N = 42.000001463    
                            current damping = 0.300
 
          Norm of current diis error: 0.22236E-01
          max. resid. norm for Fia-block=  8.957D-04 for orbital      7a         
          max. resid. fock norm         =  1.098D-03 for orbital     92a         
          mo-orthogonalization: Cholesky decomposition

 ITERATION  ENERGY          1e-ENERGY        2e-ENERGY     RMS[dD(SAO)]   TOL
   6  -232.03611322187    -714.78823752     279.04290688    0.176D-04 0.228D-11
                            Exc = -34.4885096256     Coul =  313.531416510    
                              N = 42.000001463    
                            current damping = 0.150
 
          Norm of current diis error: 0.69929E-02
          max. resid. norm for Fia-block=  2.155D-04 for orbital     12a         
          max. resid. fock norm         =  4.530D-04 for orbital    520a         

 ITERATION  ENERGY          1e-ENERGY        2e-ENERGY     RMS[dD(SAO)]   TOL
   7  -232.03611335943    -714.80182672     279.05649594    0.549D-05 0.222D-11
                            Exc = -34.4895617998     Coul =  313.546057737    
                              N = 42.000001463    
                            current damping = 0.200
 
          Norm of current diis error: 0.66132E-02
          max. resid. norm for Fia-block=  1.965D-04 for orbital     21a         
          max. resid. fock norm         =  4.875D-04 for orbital    520a         

 ITERATION  ENERGY          1e-ENERGY        2e-ENERGY     RMS[dD(SAO)]   TOL
   8  -232.03611396290    -714.80702830     279.06169692    0.299D-05 0.220D-11
                            Exc = -34.4899369858     Coul =  313.551633907    
                              N = 42.000001463    
                            current damping = 0.100
 
          Norm of current diis error: 0.42533E-02
          max. resid. norm for Fia-block=  7.965D-05 for orbital     21a         
          max. resid. fock norm         =  1.674D-04 for orbital    520a         

 ITERATION  ENERGY          1e-ENERGY        2e-ENERGY     RMS[dD(SAO)]   TOL
   9  -232.03611436451    -714.80096249     279.05563070    0.133D-05 0.216D-11
                            Exc = -34.4895069977     Coul =  313.545137700    
                              N = 42.000001463    
                            current damping = 0.150
 
          Norm of current diis error: 0.41770E-03
          max. resid. norm for Fia-block=  1.038D-05 for orbital     16a         
          max. resid. fock norm         =  1.532D-05 for orbital     16a         

 ITERATION  ENERGY          1e-ENERGY        2e-ENERGY     RMS[dD(SAO)]   TOL
  10  -232.03611436736    -714.80142502     279.05609324    0.154D-06 0.210D-11
                            Exc = -34.4895203792     Coul =  313.545613616    
                              N = 42.000001463    
                            current damping = 0.200
 
          Norm of current diis error: 0.13317E-03
          max. resid. norm for Fia-block=  3.611D-06 for orbital     17a         
          max. resid. fock norm         =  6.037D-06 for orbital      6a         
          mo-orthogonalization: Cholesky decomposition

 ENERGY & DENSITY CONVERGED !


 ITERATION  ENERGY          1e-ENERGY        2e-ENERGY     RMS[dD(SAO)]   TOL
  11  -232.03611436755    -714.80146524     279.05613345    0.453D-07 0.209D-11
                            Exc = -34.4895300912     Coul =  313.545663543    
                              N = 42.000001463    
                            current damping = 0.100
 
          Norm of current diis error: 0.60460E-04
          max. resid. norm for Fia-block=  1.645D-06 for orbital     14a         
          max. resid. fock norm         =  3.484D-06 for orbital      6a         

 End of SCF iterations

   convergence criteria satisfied after    11 iterations


                  ------------------------------------------ 
                 |  total energy      =   -232.03611436755  |
                  ------------------------------------------ 
                 :  kinetic energy    =    231.03136150195  :
                 :  potential energy  =   -463.06747586950  :
                 :  virial theorem    =      1.99566984274  :
                 :  wavefunction norm =      1.00000000000  :
                  .......................................... 


 <geterg> : there is no data group $energy 


 <skperg> : $end is missing 


 orbitals $scfmo  will be written to file mos

    irrep                 17a         18a         19a         20a         21a   
 eigenvalues H         -0.33336    -0.30198    -0.30195    -0.23263    -0.23259
            eV          -9.0713     -8.2174     -8.2166     -6.3302     -6.3291
 occupation              2.0000      2.0000      2.0000      2.0000      2.0000

    irrep                 22a         23a         24a         25a         26a   
 eigenvalues H         -0.04393    -0.04390     0.00731     0.03334     0.03334
            eV          -1.1955     -1.1945      0.1989      0.9072      0.9073
 
 
 
 
 ==============================================================================
                           electrostatic moments
 ==============================================================================

 reference point for electrostatic moments:    0.00000   0.00000   0.00000

 
              nuc           elec       ->  total
 ------------------------------------------------------------------------------
                          charge      
 ------------------------------------------------------------------------------
          42.000000     -42.000000       0.000000
 
 ------------------------------------------------------------------------------
                       dipole moment  
 ------------------------------------------------------------------------------
   x       1.108067      -1.107795       0.000272
   y      14.028366     -14.034435      -0.006069
   z     200.579237    -200.579400      -0.000163
 
   | dipole moment | =     0.0061 a.u. =     0.0154 debye 
 
 ------------------------------------------------------------------------------
                     quadrupole moment
 ------------------------------------------------------------------------------
  xx     190.090442    -214.057491     -23.967048
  yy       5.168605     -34.631944     -29.463339
  zz    1148.323597   -1172.281200     -23.957603
  xy       9.415052      -9.152144       0.262908
  xz       5.434631      -5.429220       0.005411
  yz      63.848218     -63.966306      -0.118088
 
     1/3  trace=     -25.795997
     anisotropy=       5.523631
 
 ==============================================================================
 
HOMO-LUMO Separation
 HOMO         :   -0.23258909 H =     -6.32907 eV
 LUMO         :   -0.04393474 H =     -1.19553 eV
 HOMO-LUMO gap:    0.18865435 H =     +5.13355 eV
 
 ==============================================================================


    ------------------------------------------------------------------------
         total  cpu-time :  1 minutes and 36 seconds
         total wall-time :  1 minutes and 36 seconds
    ------------------------------------------------------------------------

   ****  ridft : all done  ****


    2020-07-20 21:03:27.085 

