
   OpenMP run-time library returned nthreads = 20

 dscf (c-19-412) : TURBOMOLE rev. V7.5.0 compiled 17 Jun 2020 at 09:15:30
 Copyright (C) 2020 TURBOMOLE GmbH, Karlsruhe


    2020-08-04 20:01:34.524 



                             d s c f - program

                   idea & directorship : reinhart ahlrichs
                   program development : marco haeser
                                         michael baer
                           dft version : oliver treutler


                          quantum chemistry group
                          universitaet  karlsruhe
                                  germany



   *-----------------------------------------------------------------------*
   |                     program will use 20 thread(s)                     |
   *-----------------------------------------------------------------------*
 Program dscf can not use the RI-J approximation.
 Please either use the ridft program or delete the option $rij
 from your control file.



========================
 internal module stack: 
------------------------
    dscf
========================

  Option $rij found!
 dscf ended abnormally
