
 ridft (tigris) : TURBOMOLE rev. V7.4.1 (b987a8a8) compiled 15 Oct 2019 at 12:03:25
 Copyright (C) 2019 TURBOMOLE GmbH, Karlsruhe


    2020-12-20 19:21:23.494 



                                  r i d f t

                        DFT program with RI approximation 
                                for coulomb part 




                                                 
                                 References:     
                                                 
          TURBOMOLE:                             
              R. Ahlrichs, M. Baer, M. Haeser, H. Horn, and
              C. Koelmel
              Electronic structure calculations on workstation
              computers: the program system TURBOMOLE
              Chem. Phys. Lett. 162: 165 (1989)
          Density Functional:                              
              O. Treutler and R. Ahlrichs                      
              Efficient Molecular Numerical Integration Schemes
              J. Chem. Phys. 102: 346 (1995)                   
          Parallel Version:                                
              Performance of parallel TURBOMOLE for Density    
              Functional Calculations                          
              M. v. Arnim and R. Ahlrichs                      
              J. Comp. Chem. 19: 1746 (1998)                   
          RI-J Method:                                     
              Auxiliary Basis Sets to approximate Coulomb      
              Potentials                                       
              Chem. Phys. Lett. 240: 283 (1995)                
              K. Eichkorn, O. Treutler, H. Oehm, M. Haeser     
              and R. Ahlrichs                                  
              Chem. Phys. Lett. 242: 652 (1995)                
                                                           
              Auxiliary Basis Sets for Main Row Atoms and their
              Use to approximate Coulomb Potentials            
              K. Eichkorn, F. Weigend, O. Treutler and         
              R. Ahlrichs                                      
              Theo. Chem. Acc. 97: 119 (1997)                   
                                                           
              Accurate Coulomb-fitting basis sets for H to Rn 
              F. Weigend                                        
              Phys. Chem. Chem. Phys. 8: 1057 (2006)            
                                                           
          Multipole accelerated RI-J (MARI-J):             
              Fast evaluation of the Coulomb potential for     
              electron densities using multipole accelerated   
              resolution of identity approximation             
              M. Sierka, A. Hogekamp and R. Ahlrichs           
              J. Chem. Phys. 118: 9136 (2003)                  
          RI-JK Method:                                     
              A fully direct RI-HF algorithm: Implementation,
              optimised auxiliary basis sets, demonstration of
              accuracy and efficiency                         
              F. Weigend                                      
              Phys. Chem. Chem. Phys. 4: 4285 (2002)           
          Two-component HF and DFT with spin-orbit coupling:  
              Self-consistent treatment of spin-orbit         
              interactions with efficient Hartree-Fock and    
              density functional methods                      
              M. K. Armbruster, F. Weigend, C. van Wüllen and 
              W. Klopper                                      
              Phys. Chem. Chem. Phys. 10: 1748 (2008)         
          Two-component difference density and DIIS algorithm 
              Efficient two-component self-consistent field   
              procedures and gradients: implementation in     
              TURBOMOLE and application to Au20-              
              A. Baldes, F. Weigend                           
              Mol. Phys. 111: 2617 (2013)                     
          Relativistic all-electron 2c calculations           
              An efficient implementation of two-component    
              relativistic exact-decoupling methods for large 
              molecules                                       
              D. Peng, N. Middendorf, F. Weigend, M. Reiher   
              J. Chem. Phys. 138: 184105 (2013)               
          Finite nucleus model and SNSO approximation         
              Efficient implementation of one- and two-       
              component analytical energy gradients in exact  
              two-component theory                            
              Y. J. Franzke, N. Middendorf, F. Weigend        
              J. Chem. Phys. 148: 104110 (2018)               
                                         




              +--------------------------------------------------+
              |      general information about current run       |
              +--------------------------------------------------+

 

 DENSITY CONVERGENCE CHECK SWITCHED ON !
 SCF CONVERGENCE IF RMS(delta[D]) <     0.1000000000E-06

 TPSS global hybrid functional
 exchange:    9/10 (LDA+TPSS) + 1/10 HF
 correlation: LDA (PW) + TPSS
 A Hybrid-DFT calculation using the RI-J approximation will be carried out.
 Allocatable memory for RI due to $ricore (MB):                   500


              +--------------------------------------------------+
              | Atomic coordinate, charge and isotop information |
              +--------------------------------------------------+

                    atomic coordinates            atom    charge  isotop
         -0.06570351    0.55668537    0.10806883    h      1.000     0
         -0.03215240    0.49503343    2.15627249    c      6.000     0
          2.27001649    0.54012928    3.43938097    c      6.000     0
          2.31123181    0.47093151    6.07217446    c      6.000     0
          0.05281763    0.35689105    7.42277671    c      6.000     0
         -2.24813713    0.31112874    6.14229337    c      6.000     0
         -2.29209560    0.38033570    3.50904381    c      6.000     0
          4.02645304    0.62857303    2.38819956    h      1.000     0
          4.10060616    0.50318416    7.06897338    h      1.000     0
          0.08611610    0.30011610    9.47033004    h      1.000     0
         -4.00425805    0.21961036    7.19318643    h      1.000     0
         -4.08184359    0.34713177    2.51216200    h      1.000     0
 
       center of nuclear mass  :    0.01027613    0.42575260    4.79031045
       center of nuclear charge:    0.01027274    0.42576188    4.79029931

              +--------------------------------------------------+
              |               basis set information              |
              +--------------------------------------------------+

              we will work with the 1s 3p 5d 7f 9g ... basis set
              ...i.e. with spherical basis functions...

   type   atoms  prim   cont   basis
   ---------------------------------------------------------------------------
    h        6     32     30   cc-pVQZ   [4s3p2d1f|6s3p2d1f]
    c        6     77     55   cc-pVQZ   [5s4p3d2f1g|21s6p3d2f1g]
   ---------------------------------------------------------------------------
   total:   12    654    510
   ---------------------------------------------------------------------------

   total number of primitive shells          :   45
   total number of contracted shells         :  150
   total number of cartesian basis functions :  630
   total number of SCF-basis functions       :  510


 integral neglect threshold       :  0.53E-11
 integral storage threshold THIZE :  0.10E-04
 integral storage threshold THIME :         5

 RI-J AUXILIARY BASIS SET information:

              we will work with the 1s 3p 5d 7f 9g ... basis set
              ...i.e. with spherical basis functions...

   type   atoms  prim   cont   basis
   ---------------------------------------------------------------------------
    h        6     16     11   cc-pVQZ   [3s1p1d|5s2p1d]
    c        6     70     49   cc-pVQZ   [6s4p3d1f1g|12s5p4d2f1g]
   ---------------------------------------------------------------------------
   total:   12    516    360
   ---------------------------------------------------------------------------

   total number of primitive shells          :   32
   total number of contracted shells         :  120
   total number of cartesian basis functions :  438
   total number of SCF-basis functions       :  360


 symmetry group of the molecule :   c1 

 the group has the following generators :
   c1(z)

    1 symmetry operations found

 there are 1 real representations :   a   

 maximum number of shells which are related by symmetry :  1


    mo occupation :
   irrep   mo's   occupied
    a      510       21
 
 number of basis functions   :                    510
 number of occupied orbitals :                     21
 
  
           ------------------
           density functional
           ------------------
 TPSS global hybrid functional
 exchange:    9/10 (LDA+TPSS) + 1/10 HF
 correlation: LDA (PW) + TPSS

 spherical integration : Lebedev's spherical grid
 spherical gridsize    :                     5
    i.e. gridpoints    :                   590
 value for diffuse not defined
 radial integration    : Chebyshev 2nd kind (scaling 3)
 radial gridsize       :                     8
 integration cells     :                    12
 partition function    : becke
 partition sharpness   :                     3
  

 biggest AO integral is expected to be     3.537514283
  
           ------------------------
               RI-J - INFORMATION
           ------------------------
 Contributions to RI integral batches: 
  neglected integral batches:                  1089
  direct contribution:                         1137
  memory contribution:                  9099
 Memory core needed for (P|Q) and Cholesky      1 MByte
 Memory core minimum needed except of (P|Q)     2 MByte
 Total minimum memory core needed (sum)         3 MByte
  
 ****************************************
 Memory allocated for RI-J   486 MByte
 ****************************************
                                            

          ------------------------
          nuclear repulsion energy  :   203.559494905    
          ------------------------


         -----------------
         -S,T+V- integrals
         -----------------

 1e-integrals will be neglected if expon. factor < 0.530470E-12
 
   Difference densities algorithm switched on.
   The maximal number of linear combinations of
   difference densities is                    20 .

 DIIS switched on: error vector is FDS-SDF
 Max. Iterations for DIIS is     :   4
 DIIS matrix (see manual) 
    Scaling factor of diagonals  :  1.200
    threshold for scaling factor :  0.000

 scf convergence criterion : increment of total energy < .1000000D-06
                  and increment of one-electron energy < .1000000D-03

  MOs are in ASCII format !


 automatic virtual orbital shift switched on 
      shift if e(lumo)-e(homo) < 0.10000000    


 reading orbital data $scfmo  from file mos
 orbital characterization : scfconv=7

 DSCF restart information will be dumped onto file mos


 Starting SCF iterations

          Overall gridpoints after grid construction =        188352

 ITERATION  ENERGY          1e-ENERGY        2e-ENERGY     RMS[dD(SAO)]   TOL
   1  -232.35615242919    -714.55631705     278.64066971    0.000D+00 0.529D-11
                            Exc = -31.4991972729     Coul =  313.460459230    
                            exK = -3.32059224499    
                              N = 42.000001376    
                            current damping = 0.300
 
          max. resid. norm for Fia-block=  4.446D-02 for orbital      6a         
          max. resid. fock norm         =  2.774D-01 for orbital    504a         

 ITERATION  ENERGY          1e-ENERGY        2e-ENERGY     RMS[dD(SAO)]   TOL
   2  -232.36083462880    -714.43608205     278.51575252    0.131D-02 0.343D-11
                            Exc = -31.5217635430      Eck =  310.037516058    
                              N = 42.000001329    
                            current damping = 0.250
 
          Norm of current diis error: 0.10055    
          max. resid. norm for Fia-block=  1.117D-02 for orbital      6a         
          max. resid. fock norm         =  7.731D-02 for orbital    504a         

 ITERATION  ENERGY          1e-ENERGY        2e-ENERGY     RMS[dD(SAO)]   TOL
   3  -232.36110569532    -714.61624491     278.69564431    0.318D-03 0.275D-11
                            Exc = -31.5393308326      Eck =  310.234975140    
                              N = 42.000001312    
                            current damping = 0.200
 
          Norm of current diis error: 0.46198E-01
          max. resid. norm for Fia-block=  2.145D-03 for orbital      6a         
          max. resid. fock norm         =  1.571D-02 for orbital    504a         

 ITERATION  ENERGY          1e-ENERGY        2e-ENERGY     RMS[dD(SAO)]   TOL
   4  -232.36115065998    -714.49283805     278.57219248    0.638D-04 0.251D-11
                            Exc = -31.5334515707      Eck =  310.105644051    
                              N = 42.000001314    
                            current damping = 0.250
 
          Norm of current diis error: 0.15976E-01
          max. resid. norm for Fia-block=  4.413D-04 for orbital     19a         
          max. resid. fock norm         =  3.669D-03 for orbital    504a         

 ITERATION  ENERGY          1e-ENERGY        2e-ENERGY     RMS[dD(SAO)]   TOL
   5  -232.36115546212    -714.51925762     278.59860726    0.124D-04 0.240D-11
                            Exc = -31.5350370184      Eck =  310.133644275    
                              N = 42.000001313    
                            current damping = 0.300
 
          Norm of current diis error: 0.19002E-02
          max. resid. norm for Fia-block=  9.044D-05 for orbital      6a         
          max. resid. fock norm         =  8.198D-04 for orbital    504a         
          mo-orthogonalization: Cholesky decomposition

 ITERATION  ENERGY          1e-ENERGY        2e-ENERGY     RMS[dD(SAO)]   TOL
   6  -232.36115555014    -714.52332831     278.60267785    0.244D-05 0.231D-11
                            Exc = -31.5353873646      Eck =  310.138065218    
                              N = 42.000001313    
                            current damping = 0.150
 
          Norm of current diis error: 0.30468E-03
          max. resid. norm for Fia-block=  2.056D-05 for orbital     18a         
          max. resid. fock norm         =  2.043D-04 for orbital    504a         

 ENERGY & DENSITY CONVERGED !


 ITERATION  ENERGY          1e-ENERGY        2e-ENERGY     RMS[dD(SAO)]   TOL
   7  -232.36115555324    -714.52339181     278.60274135    0.530D-06 0.222D-11
                            Exc = -31.5353941101      Eck =  310.138135462    
                              N = 42.000001313    
                            current damping = 0.100
 
          Norm of current diis error: 0.18721E-03
          max. resid. norm for Fia-block=  6.977D-06 for orbital     21a         
          max. resid. fock norm         =  3.046D-05 for orbital    504a         

 End of SCF iterations

   convergence criteria satisfied after     7 iterations


                  ------------------------------------------ 
                 |  total energy      =   -232.36115555324  |
                  ------------------------------------------ 
                 :  kinetic energy    =    231.19531526937  :
                 :  potential energy  =   -463.55647082261  :
                 :  virial theorem    =      1.99498263692  :
                 :  wavefunction norm =      1.00000000000  :
                  .......................................... 


 <geterg> : there is no data group $energy 


 <skperg> : $end is missing 


 orbitals $scfmo  will be written to file mos

    irrep                 17a         18a         19a         20a         21a   
 eigenvalues H         -0.35474    -0.32778    -0.32775    -0.24517    -0.24506
            eV          -9.6531     -8.9195     -8.9185     -6.6714     -6.6684
 occupation              2.0000      2.0000      2.0000      2.0000      2.0000

    irrep                 22a         23a         24a         25a         26a   
 eigenvalues H         -0.02268    -0.02259     0.02939     0.05702     0.05704
            eV          -0.6171     -0.6147      0.7998      1.5517      1.5521
 
 
 
 
 ==============================================================================
                           electrostatic moments
 ==============================================================================

 reference point for electrostatic moments:    0.00000   0.00000   0.00000

 
              nuc           elec       ->  total
 ------------------------------------------------------------------------------
                          charge      
 ------------------------------------------------------------------------------
          42.000000     -42.000000       0.000000
 
 ------------------------------------------------------------------------------
                       dipole moment  
 ------------------------------------------------------------------------------
   x       0.431455      -0.431439       0.000016
   y      17.881999     -17.881900       0.000099
   z     201.192571    -201.192251       0.000320
 
   | dipole moment | =     0.0003 a.u. =     0.0009 debye 
 
 ------------------------------------------------------------------------------
                     quadrupole moment
 ------------------------------------------------------------------------------
  xx     190.573039    -214.273700     -23.700661
  yy       7.981406     -37.272867     -29.291460
  zz    1154.359154   -1178.058058     -23.698904
  xy       6.764687      -6.573058       0.191628
  xz       2.229450      -2.224491       0.004959
  yz      80.489242     -80.649783      -0.160541
 
     1/3  trace=     -25.563675
     anisotropy=       5.608424
 
 ==============================================================================
 
HOMO-LUMO Separation
 HOMO         :   -0.24505820 H =     -6.66838 eV
 LUMO         :   -0.02267810 H =     -0.61710 eV
 HOMO-LUMO gap:    0.22238010 H =     +6.05127 eV
 
 ==============================================================================


    ------------------------------------------------------------------------
         total  cpu-time : 30 minutes and 30 seconds
         total wall-time :  1 hours 21 minutes and 20 seconds
    ------------------------------------------------------------------------

   ****  ridft : all done  ****


    2020-12-20 20:42:43.857 

 ridft ended normally
