           SMPCPUS    set: Shared-memory Parallelization with  20 CPUs.

           SMP Parallelization Reference:
           C. van Wullen, J. Comput. Chem. 32 (2011) 1195--1201

 ridft (c-14-12) : TURBOMOLE rev. V7.5.0 compiled 13 Jun 2020 at 23:29:25
 Copyright (C) 2020 TURBOMOLE GmbH, Karlsruhe


    2020-08-03 15:56:16.708 



                                  r i d f t

                        DFT program with RI approximation 
                                for coulomb part 




                                                 
                                 References:     
                                                 
          TURBOMOLE:                             
              R. Ahlrichs, M. Baer, M. Haeser, H. Horn, and
              C. Koelmel
              Electronic structure calculations on workstation
              computers: the program system TURBOMOLE
              Chem. Phys. Lett. 162: 165 (1989)
          Density Functional:                              
              O. Treutler and R. Ahlrichs                      
              Efficient Molecular Numerical Integration Schemes
              J. Chem. Phys. 102: 346 (1995)                   
          Parallel Version:                                
              Performance of parallel TURBOMOLE for Density    
              Functional Calculations                          
              M. v. Arnim and R. Ahlrichs                      
              J. Comp. Chem. 19: 1746 (1998)                   
          RI-J Method:                                     
              Auxiliary Basis Sets to approximate Coulomb      
              Potentials                                       
              Chem. Phys. Lett. 240: 283 (1995)                
              K. Eichkorn, O. Treutler, H. Oehm, M. Haeser     
              and R. Ahlrichs                                  
              Chem. Phys. Lett. 242: 652 (1995)                
                                                           
              Auxiliary Basis Sets for Main Row Atoms and their
              Use to approximate Coulomb Potentials            
              K. Eichkorn, F. Weigend, O. Treutler and         
              R. Ahlrichs                                      
              Theo. Chem. Acc. 97: 119 (1997)                   
                                                           
              Accurate Coulomb-fitting basis sets for H to Rn 
              F. Weigend                                        
              Phys. Chem. Chem. Phys. 8: 1057 (2006)            
                                                           
          Multipole accelerated RI-J (MARI-J):             
              Fast evaluation of the Coulomb potential for     
              electron densities using multipole accelerated   
              resolution of identity approximation             
              M. Sierka, A. Hogekamp and R. Ahlrichs           
              J. Chem. Phys. 118: 9136 (2003)                  
          RI-JK Method:                                     
              A fully direct RI-HF algorithm: Implementation,
              optimised auxiliary basis sets, demonstration of
              accuracy and efficiency                         
              F. Weigend                                      
              Phys. Chem. Chem. Phys. 4: 4285 (2002)           
          Two-component HF and DFT with spin-orbit coupling:  
              Self-consistent treatment of spin-orbit         
              interactions with efficient Hartree-Fock and    
              density functional methods                      
              M. K. Armbruster, F. Weigend, C. van Wüllen and 
              W. Klopper                                      
              Phys. Chem. Chem. Phys. 10: 1748 (2008)         
          Two-component difference density and DIIS algorithm 
              Efficient two-component self-consistent field   
              procedures and gradients: implementation in     
              TURBOMOLE and application to Au20-              
              A. Baldes, F. Weigend                           
              Mol. Phys. 111: 2617 (2013)                     
          Relativistic all-electron 2c calculations           
              An efficient implementation of two-component    
              relativistic exact-decoupling methods for large 
              molecules                                       
              D. Peng, N. Middendorf, F. Weigend, M. Reiher   
              J. Chem. Phys. 138: 184105 (2013)               
          Finite nucleus model and SNSO approximation         
              Efficient implementation of one- and two-       
              component analytical energy gradients in exact  
              two-component theory                            
              Y. J. Franzke, N. Middendorf, F. Weigend        
              J. Chem. Phys. 148: 104110 (2018)               
          Grids for all-electron relativistic methods         
              Error-consistent segmented contracted all-      
              electron relativistic basis sets of double-     
              and triple-zeta quality for NMR shielding       
              constants                                       
              Y. J. Franzke, R. Tress, T. M. Pazdera,         
              F. Weigend                                      
              Phys. Chem. Chem. Phys. 21: 166658 (2019)       
          Seminumerical exchange algorithms                   
              Seminumerical calculation of the Hartree-Fock   
              exchange matirx: Application to two-component   
              procedures and efficient evaluation of local    
              hybrid functionsl                               
              P. Plessow, F. Weigend,                         
              J. Comput. Chem. 33: 810 (2012)                 
          Improved seminumerical algorithms                   
              C. Holzer, in preparation (2020)                
                                         




              +--------------------------------------------------+
              |      general information about current run       |
              +--------------------------------------------------+

 

 DENSITY CONVERGENCE CHECK SWITCHED ON !
 SCF CONVERGENCE IF RMS(delta[D]) <     0.1000000000E-06

 PBE functional
 exchange:    LDA + PBE
 correlation: LDA (PW) + PBE
 A DFT calculation using the RI-J approximation will be carried out.
 Allocatable memory for RI due to $ricore (MB):                  5000


              +--------------------------------------------------+
              | Atomic coordinate, charge and isotop information |
              +--------------------------------------------------+

                    atomic coordinates            atom    charge  isotop
          0.71381366   -0.00000091    0.01215199    cl     0.000     0
          0.09336999   -0.00000356    2.37277133    h      0.000     0
         -0.41984235    0.00001343    5.82511825    o      8.000     0
         -1.95470332   -0.00001013    6.79118023    h      1.000     0
          1.66789091    0.00000211    7.52351189    c      6.000     0
          3.36227822   -0.00000076    6.36857718    h      1.000     0
          1.68368815    1.67993146    8.71335779    h      1.000     0
          1.68367994   -1.67993167    8.71335162    h      1.000     0
 
       center of nuclear mass  :    0.63544308    0.00000282    3.17089626
       center of nuclear charge:    0.63464165    0.00000606    6.79602690

              +--------------------------------------------------+
              |               basis set information              |
              +--------------------------------------------------+

              we will work with the 1s 3p 5d 7f 9g ... basis set
              ...i.e. with spherical basis functions...

   type   atoms  prim   cont   basis
   ---------------------------------------------------------------------------
    cl       1    111     39   cc-pV(T+d)Z   [5s4p3d1f|41s16p3d1f]
    h        5     16     14   cc-pVTZ   [3s2p1d|5s2p1d]
    o        1     50     30   cc-pVTZ   [4s3p2d1f|18s5p2d1f]
    c        1     50     30   cc-pVTZ   [4s3p2d1f|18s5p2d1f]
   ---------------------------------------------------------------------------
   total:    8    291    169
   ---------------------------------------------------------------------------

   total number of primitive shells          :  121
   total number of contracted shells         :   63
   total number of cartesian basis functions :  190
   total number of SCF-basis functions       :  169


 integral neglect threshold       :  0.18E-10
 integral storage threshold THIZE :  0.10E-04
 integral storage threshold THIME :         5

 RI-J AUXILIARY BASIS SET information:

              we will work with the 1s 3p 5d 7f 9g ... basis set
              ...i.e. with spherical basis functions...

   type   atoms  prim   cont   basis
   ---------------------------------------------------------------------------
    cl       1     77     51   universal   [8s4p3d1f1g|14s5p5d2f1g]
    h        5     16     11   cc-pVTZ   [3s1p1d|5s2p1d]
    o        1     70     49   cc-pVTZ   [6s4p3d1f1g|12s5p4d2f1g]
    c        1     70     49   cc-pVTZ   [6s4p3d1f1g|12s5p4d2f1g]
   ---------------------------------------------------------------------------
   total:    8    297    204
   ---------------------------------------------------------------------------

   total number of primitive shells          :   83
   total number of contracted shells         :   72
   total number of cartesian basis functions :  245
   total number of SCF-basis functions       :  204


 symmetry group of the molecule :   c1 

 the group has the following generators :
   c1(z)

    1 symmetry operations found

 there are 1 real representations :   a   

 maximum number of shells which are related by symmetry :  1

  
           ------------------
           density functional
           ------------------
 Dummy atoms with grid-point found.
 DFT quadrature threshold dgrenze tightened by factor 1/10.

 PBE functional
 exchange:    LDA + PBE
 correlation: LDA (PW) + PBE
 Dummy atoms with grid-point found.
 DFT quadrature threshold dgrenze tightened by factor 1/10.

 Dummy atoms with grid-point found.
 DFT quadrature threshold dgrenze tightened by factor 1/10.


 spherical integration : Lebedev's spherical grid
 spherical gridsize    :                     5
    i.e. gridpoints    :                   590
 value for diffuse not defined
 radial integration    : Chebyshev 2nd kind (scaling 3)
 radial gridsize       :                     8
 integration cells     :                     8
 partition function    : becke
 partition sharpness   :                     3
  
 found dummy atom(s) with basis: included in dft

 biggest AO integral is expected to be    10.299856942

          ------------------------
          nuclear repulsion energy  :   40.3052470206    
          ------------------------


         -----------------
         -S,T+V- integrals
         -----------------

 1e-integrals will be neglected if expon. factor < 0.175893E-11
 
   Difference densities algorithm switched on.
   The maximal number of linear combinations of
   difference densities is                    20 .

 DIIS switched on: error vector is FDS-SDF
 Max. Iterations for DIIS is     :   4
 DIIS matrix (see manual) 
    Scaling factor of diagonals  :  1.200
    threshold for scaling factor :  0.000

 scf convergence criterion : increment of total energy < .1000000D-06
                  and increment of one-electron energy < .1000000D-03

 MOs are in ASCII format !


    mo occupation :
   irrep   mo's   occupied
    a      169        9
 
 number of basis functions   :   169
 number of occupied orbitals :     9
 

 reading orbital data $scfmo  from file mos
 orbital characterization : expanded
 virtual MOs provided and orthogonalized by Cholesky decomposition

 automatic virtual orbital shift switched on 
      shift if e(lumo)-e(homo) < 0.10000000    

  
           ------------------------
               RI-J - INFORMATION
           ------------------------
 Contributions to RI integral batches: 
  neglected integral batches:                   113
  direct contribution:                            0
  memory contribution:                  1903
 Memory core needed for (P|Q) and Cholesky      1 MByte
 Memory core minimum needed except of (P|Q)     1 MByte
 Total minimum memory core needed (sum)         1 MByte
  
 ****************************************
 Memory allocated for RI-J    33 MByte
 ****************************************
                                            

 DSCF restart information will be dumped onto file mos


 Starting SCF iterations

          Overall gridpoints after grid construction =        125337

 ITERATION  ENERGY          1e-ENERGY        2e-ENERGY     RMS[dD(SAO)]   TOL
   1  -115.17970767282    -236.19895651     80.714001820    0.000D+00 0.175D-10
                            Exc = -15.2740923148     Coul =  95.9880941347    
                              N = 17.999998692    
                            current damping = 0.300
 
          max. resid. norm for Fia-block=  3.025D-01 for orbital      1a         
          max. resid. fock norm         =  2.894D+01 for orbital     24a         

 ITERATION  ENERGY          1e-ENERGY        2e-ENERGY     RMS[dD(SAO)]   TOL
   2  -115.56781804901    -236.31040540     80.437340334    0.523D-02 0.116D-10
                            Exc = -15.2314856671     Coul =  95.6688260012    
                              N = 17.999999141    
                            current damping = 0.250
 
          Norm of current diis error:  1.1707    
          max. resid. norm for Fia-block=  1.026D-01 for orbital      3a         
          max. resid. fock norm         =  2.046D-01 for orbital     81a         

 ITERATION  ENERGY          1e-ENERGY        2e-ENERGY     RMS[dD(SAO)]   TOL
   3  -115.61905553918    -237.46693542     81.542632865    0.233D-02 0.975D-11
                            Exc = -15.4239319777     Coul =  96.9665648423    
                              N = 17.999999302    
                            current damping = 0.200
 
          Norm of current diis error: 0.40766    
          max. resid. norm for Fia-block=  3.433D-02 for orbital      8a         
          max. resid. fock norm         =  3.637D-02 for orbital    150a         

 ITERATION  ENERGY          1e-ENERGY        2e-ENERGY     RMS[dD(SAO)]   TOL
   4  -115.62488668196    -236.59043897     80.660305270    0.156D-02 0.835D-11
                            Exc = -15.3184892681     Coul =  95.9787945383    
                              N = 17.999999344    
                            current damping = 0.250
 
          Norm of current diis error: 0.21841    
          max. resid. norm for Fia-block=  1.039D-02 for orbital      5a         
          max. resid. fock norm         =  1.344D-02 for orbital    103a         

 ITERATION  ENERGY          1e-ENERGY        2e-ENERGY     RMS[dD(SAO)]   TOL
   5  -115.62659771007    -237.03764583     81.105801101    0.328D-03 0.811D-11
                            Exc = -15.3669531011     Coul =  96.4727542024    
                              N = 17.999999362    
                            current damping = 0.300
 
          Norm of current diis error: 0.56097E-01
          max. resid. norm for Fia-block=  2.803D-03 for orbital      6a         
          max. resid. fock norm         =  4.159D-03 for orbital     21a         
          mo-orthogonalization: Cholesky decomposition

 ITERATION  ENERGY          1e-ENERGY        2e-ENERGY     RMS[dD(SAO)]   TOL
   6  -115.62670789738    -236.97547159     81.043516670    0.970D-04 0.785D-11
                            Exc = -15.3616742970     Coul =  96.4051909666    
                              N = 17.999999360    
                            current damping = 0.350
 
          Norm of current diis error: 0.76472E-02
          max. resid. norm for Fia-block=  5.034D-04 for orbital      8a         
          max. resid. fock norm         =  6.643D-04 for orbital    101a         

 ITERATION  ENERGY          1e-ENERGY        2e-ENERGY     RMS[dD(SAO)]   TOL
   7  -115.62671025632    -236.98670804     81.054750766    0.128D-04 0.764D-11
                            Exc = -15.3630990907     Coul =  96.4178498568    
                              N = 17.999999361    
                            current damping = 0.400
 
          Norm of current diis error: 0.13649E-02
          max. resid. norm for Fia-block=  9.747D-05 for orbital      7a         
          max. resid. fock norm         =  1.912D-04 for orbital    105a         

 ITERATION  ENERGY          1e-ENERGY        2e-ENERGY     RMS[dD(SAO)]   TOL
   8  -115.62671033409    -236.98770351     81.055746150    0.335D-05 0.747D-11
                            Exc = -15.3631931768     Coul =  96.4189393272    
                              N = 17.999999361    
                            current damping = 0.250
 
          Norm of current diis error: 0.25323E-03
          max. resid. norm for Fia-block=  1.917D-05 for orbital      8a         
          max. resid. fock norm         =  7.907D-05 for orbital    105a         

 ITERATION  ENERGY          1e-ENERGY        2e-ENERGY     RMS[dD(SAO)]   TOL
   9  -115.62671033645    -236.98783841     81.055881053    0.638D-06 0.727D-11
                            Exc = -15.3632076403     Coul =  96.4190886933    
                              N = 17.999999361    
                            current damping = 0.100
 
          Norm of current diis error: 0.93821E-04
          max. resid. norm for Fia-block=  6.329D-06 for orbital      8a         
          max. resid. fock norm         =  1.543D-05 for orbital    130a         

 ITERATION  ENERGY          1e-ENERGY        2e-ENERGY     RMS[dD(SAO)]   TOL
  10  -115.62671033678    -236.98765823     81.055700872    0.407D-06 0.709D-11
                            Exc = -15.3631879701     Coul =  96.4188888418    
                              N = 17.999999361    
                            current damping = 0.150
 
          Norm of current diis error: 0.48405E-04
          max. resid. norm for Fia-block=  2.215D-06 for orbital      9a         
          max. resid. fock norm         =  3.045D-06 for orbital    105a         
          mo-orthogonalization: Cholesky decomposition

 ENERGY & DENSITY CONVERGED !


 ITERATION  ENERGY          1e-ENERGY        2e-ENERGY     RMS[dD(SAO)]   TOL
  11  -115.62671033688    -236.98773476     81.055777407    0.771D-07 0.695D-11
                            Exc = -15.3631971798     Coul =  96.4189745864    
                              N = 17.999999361    
                            current damping = 0.200
 
          Norm of current diis error: 0.75957E-05
          max. resid. norm for Fia-block=  4.762D-07 for orbital      9a         
          max. resid. fock norm         =  8.761D-07 for orbital    105a         

 End of SCF iterations

   convergence criteria satisfied after    11 iterations


                  ------------------------------------------ 
                 |  total energy      =   -115.62671033688  |
                  ------------------------------------------ 
                 :  kinetic energy    =    114.97470221482  :
                 :  potential energy  =   -230.60141255169  :
                 :  virial theorem    =      1.99436109425  :
                 :  wavefunction norm =      1.00000000000  :
                  .......................................... 


 orbitals $scfmo  will be written to file mos

    irrep                  5a          6a          7a          8a          9a   
 eigenvalues H         -0.45572    -0.38940    -0.37764    -0.28925    -0.22426
            eV         -12.4010    -10.5962    -10.2762     -7.8709     -6.1025
 occupation              2.0000      2.0000      2.0000      2.0000      2.0000

    irrep                 10a         11a         12a         13a         14a   
 eigenvalues H          0.01052     0.04938     0.08243     0.09473     0.12327
            eV           0.2862      1.3436      2.2430      2.5778      3.3544
 
 
 
 
 ==============================================================================
                           electrostatic moments
 ==============================================================================

 reference point for electrostatic moments:    0.00000   0.00000   0.00000

 
              nuc           elec       ->  total
 ------------------------------------------------------------------------------
                          charge      
 ------------------------------------------------------------------------------
          18.000000     -18.000000       0.000000
 
 ------------------------------------------------------------------------------
                       dipole moment  
 ------------------------------------------------------------------------------
   x      11.423550     -11.497954      -0.074405
   y       0.000109      -0.000119      -0.000010
   z     122.328484    -121.700167       0.628318
 
   | dipole moment | =     0.6327 a.u. =     1.6082 debye 
 
 ------------------------------------------------------------------------------
                     quadrupole moment
 ------------------------------------------------------------------------------
  xx      38.896665     -46.951682      -8.055017
  yy       5.644340     -15.887831     -10.243491
  zz     849.599412    -851.915511      -2.316099
  xy       0.000007       0.000009       0.000016
  xz      93.204590     -94.167295      -0.962704
  yz       0.000656      -0.000718      -0.000062
 
     1/3  trace=      -6.871536
     anisotropy=       7.284537
 
 ==============================================================================
 
HOMO-LUMO Separation
 HOMO         :   -0.22425969 H =     -6.10242 eV
 LUMO         :    0.01051596 H =     +0.28615 eV
 HOMO-LUMO gap:    0.23477565 H =     +6.38857 eV
 
 ==============================================================================


    ------------------------------------------------------------------------
         total  cpu-time :  1 minutes and 29 seconds
         total wall-time :   4.25 seconds
    ------------------------------------------------------------------------

   ****  ridft : all done  ****


    2020-08-03 15:56:20.942 

