           SMPCPUS    set: Shared-memory Parallelization with  10 CPUs.

           SMP Parallelization Reference:
           C. van Wullen, J. Comput. Chem. 32 (2011) 1195--1201

 ridft (c-9-411) : TURBOMOLE rev. V7.5.0 compiled 13 Jun 2020 at 23:29:25
 Copyright (C) 2020 TURBOMOLE GmbH, Karlsruhe


    2020-12-12 23:36:53.879 



                                  r i d f t

                        DFT program with RI approximation 
                                for coulomb part 




                                                 
                                 References:     
                                                 
          TURBOMOLE:                             
              R. Ahlrichs, M. Baer, M. Haeser, H. Horn, and
              C. Koelmel
              Electronic structure calculations on workstation
              computers: the program system TURBOMOLE
              Chem. Phys. Lett. 162: 165 (1989)
          Density Functional:                              
              O. Treutler and R. Ahlrichs                      
              Efficient Molecular Numerical Integration Schemes
              J. Chem. Phys. 102: 346 (1995)                   
          Parallel Version:                                
              Performance of parallel TURBOMOLE for Density    
              Functional Calculations                          
              M. v. Arnim and R. Ahlrichs                      
              J. Comp. Chem. 19: 1746 (1998)                   
          RI-J Method:                                     
              Auxiliary Basis Sets to approximate Coulomb      
              Potentials                                       
              Chem. Phys. Lett. 240: 283 (1995)                
              K. Eichkorn, O. Treutler, H. Oehm, M. Haeser     
              and R. Ahlrichs                                  
              Chem. Phys. Lett. 242: 652 (1995)                
                                                           
              Auxiliary Basis Sets for Main Row Atoms and their
              Use to approximate Coulomb Potentials            
              K. Eichkorn, F. Weigend, O. Treutler and         
              R. Ahlrichs                                      
              Theo. Chem. Acc. 97: 119 (1997)                   
                                                           
              Accurate Coulomb-fitting basis sets for H to Rn 
              F. Weigend                                        
              Phys. Chem. Chem. Phys. 8: 1057 (2006)            
                                                           
          Multipole accelerated RI-J (MARI-J):             
              Fast evaluation of the Coulomb potential for     
              electron densities using multipole accelerated   
              resolution of identity approximation             
              M. Sierka, A. Hogekamp and R. Ahlrichs           
              J. Chem. Phys. 118: 9136 (2003)                  
          RI-JK Method:                                     
              A fully direct RI-HF algorithm: Implementation,
              optimised auxiliary basis sets, demonstration of
              accuracy and efficiency                         
              F. Weigend                                      
              Phys. Chem. Chem. Phys. 4: 4285 (2002)           
          Two-component HF and DFT with spin-orbit coupling:  
              Self-consistent treatment of spin-orbit         
              interactions with efficient Hartree-Fock and    
              density functional methods                      
              M. K. Armbruster, F. Weigend, C. van Wüllen and 
              W. Klopper                                      
              Phys. Chem. Chem. Phys. 10: 1748 (2008)         
          Two-component difference density and DIIS algorithm 
              Efficient two-component self-consistent field   
              procedures and gradients: implementation in     
              TURBOMOLE and application to Au20-              
              A. Baldes, F. Weigend                           
              Mol. Phys. 111: 2617 (2013)                     
          Relativistic all-electron 2c calculations           
              An efficient implementation of two-component    
              relativistic exact-decoupling methods for large 
              molecules                                       
              D. Peng, N. Middendorf, F. Weigend, M. Reiher   
              J. Chem. Phys. 138: 184105 (2013)               
          Finite nucleus model and SNSO approximation         
              Efficient implementation of one- and two-       
              component analytical energy gradients in exact  
              two-component theory                            
              Y. J. Franzke, N. Middendorf, F. Weigend        
              J. Chem. Phys. 148: 104110 (2018)               
          Grids for all-electron relativistic methods         
              Error-consistent segmented contracted all-      
              electron relativistic basis sets of double-     
              and triple-zeta quality for NMR shielding       
              constants                                       
              Y. J. Franzke, R. Tress, T. M. Pazdera,         
              F. Weigend                                      
              Phys. Chem. Chem. Phys. 21: 166658 (2019)       
          Seminumerical exchange algorithms                   
              Seminumerical calculation of the Hartree-Fock   
              exchange matirx: Application to two-component   
              procedures and efficient evaluation of local    
              hybrid functionsl                               
              P. Plessow, F. Weigend,                         
              J. Comput. Chem. 33: 810 (2012)                 
          Improved seminumerical algorithms                   
              C. Holzer, in preparation (2020)                
                                         




              +--------------------------------------------------+
              |      general information about current run       |
              +--------------------------------------------------+

 

 DENSITY CONVERGENCE CHECK SWITCHED ON !
 SCF CONVERGENCE IF RMS(delta[D]) <     0.1000000000E-06

 TPSS meta-GGA functional
 exchange:    LDA + TPSS
 correlation: LDA (PW) + TPSS
 A DFT calculation using the RI-J approximation will be carried out.
 Allocatable memory for RI due to $ricore (MB):                  5000


              +--------------------------------------------------+
              | Atomic coordinate, charge and isotop information |
              +--------------------------------------------------+

                    atomic coordinates            atom    charge  isotop
         -0.00005387   -0.00087292    4.07831061    c      0.000     0
         -2.74778224    1.58505939    3.05424154    cl     0.000     0
          2.74793492    1.58483720    3.05419147    cl     0.000     0
         -0.00016516   -3.17435257    3.05720449    cl     0.000     0
          0.00001076    0.00050517    6.12140110    h      0.000     0
         -0.00004364    0.00087290   -3.59105597    c      6.000     0
          0.00004647   -0.00265902   -5.64283756    h      1.000     0
         -1.67335301   -0.96427450   -2.90105739    h      1.000     0
          1.67358558   -0.96399050   -2.90098855    h      1.000     0
         -0.00017619    1.93439607   -2.90600719    h      1.000     0
 
       center of nuclear mass  :   -0.00001107   -0.00113697    2.38150951
       center of nuclear charge:   -0.00001590    0.00087095   -3.58972265

              +--------------------------------------------------+
              |               basis set information              |
              +--------------------------------------------------+

              we will work with the 1s 3p 5d 7f 9g ... basis set
              ...i.e. with spherical basis functions...

   type   atoms  prim   cont   basis
   ---------------------------------------------------------------------------
    c        2     77     55   cc-pVQZ   [5s4p3d2f1g|21s6p3d2f1g]
    cl       3    137     59   cc-pVQZ   [6s5p3d2f1g|42s19p3d2f1g]
    h        5     32     30   cc-pVQZ   [4s3p2d1f|6s3p2d1f]
   ---------------------------------------------------------------------------
   total:   10    725    437
   ---------------------------------------------------------------------------

   total number of primitive shells          :  112
   total number of contracted shells         :  131
   total number of cartesian basis functions :  537
   total number of SCF-basis functions       :  437


 integral neglect threshold       :  0.62E-11
 integral storage threshold THIZE :  0.10E-04
 integral storage threshold THIME :         5

 RI-J AUXILIARY BASIS SET information:

              we will work with the 1s 3p 5d 7f 9g ... basis set
              ...i.e. with spherical basis functions...

   type   atoms  prim   cont   basis
   ---------------------------------------------------------------------------
    c        2     70     49   cc-pVQZ   [6s4p3d1f1g|12s5p4d2f1g]
    cl       3     77     51   cc-pVQZ   [8s4p3d1f1g|14s5p5d2f1g]
    h        5     16     11   cc-pVQZ   [3s1p1d|5s2p1d]
   ---------------------------------------------------------------------------
   total:   10    451    306
   ---------------------------------------------------------------------------

   total number of primitive shells          :   59
   total number of contracted shells         :  106
   total number of cartesian basis functions :  371
   total number of SCF-basis functions       :  306


 symmetry group of the molecule :   c1 

 the group has the following generators :
   c1(z)

    1 symmetry operations found

 there are 1 real representations :   a   

 maximum number of shells which are related by symmetry :  1

  
           ------------------
           density functional
           ------------------
 Dummy atoms with grid-point found.
 DFT quadrature threshold dgrenze tightened by factor 1/10.

 TPSS meta-GGA functional
 exchange:    LDA + TPSS
 correlation: LDA (PW) + TPSS
 Dummy atoms with grid-point found.
 DFT quadrature threshold dgrenze tightened by factor 1/10.

 Dummy atoms with grid-point found.
 DFT quadrature threshold dgrenze tightened by factor 1/10.


 spherical integration : Lebedev's spherical grid
 spherical gridsize    :                     5
    i.e. gridpoints    :                   590
 value for diffuse not defined
 radial integration    : Chebyshev 2nd kind (scaling 3)
 radial gridsize       :                     8
 integration cells     :                    10
 partition function    : becke
 partition sharpness   :                     3
  
 found dummy atom(s) with basis: included in dft

 biggest AO integral is expected to be    10.299525420

          ------------------------
          nuclear repulsion energy  :   13.4902513177    
          ------------------------


         -----------------
         -S,T+V- integrals
         -----------------

 1e-integrals will be neglected if expon. factor < 0.622339E-12
 
   Difference densities algorithm switched on.
   The maximal number of linear combinations of
   difference densities is                    20 .

 DIIS switched on: error vector is FDS-SDF
 Max. Iterations for DIIS is     :   4
 DIIS matrix (see manual) 
    Scaling factor of diagonals  :  1.200
    threshold for scaling factor :  0.000

 scf convergence criterion : increment of total energy < .1000000D-06
                  and increment of one-electron energy < .1000000D-03

 MOs are in ASCII format !


    mo occupation :
   irrep   mo's   occupied
    a      437        5
 
 number of basis functions   :   437
 number of occupied orbitals :     5
 

 reading orbital data $scfmo  from file mos
 orbital characterization : expanded
 virtual MOs provided and orthogonalized by Cholesky decomposition

 automatic virtual orbital shift switched on 
      shift if e(lumo)-e(homo) < 0.10000000    

  
           ------------------------
               RI-J - INFORMATION
           ------------------------
 Contributions to RI integral batches: 
  neglected integral batches:                  1543
  direct contribution:                            0
  memory contribution:                  7103
 Memory core needed for (P|Q) and Cholesky      1 MByte
 Memory core minimum needed except of (P|Q)     1 MByte
 Total minimum memory core needed (sum)         2 MByte
  
 ****************************************
 Memory allocated for RI-J   345 MByte
 ****************************************
                                            

 DSCF restart information will be dumped onto file mos


 Starting SCF iterations

          Overall gridpoints after grid construction =        166912

 ITERATION  ENERGY          1e-ENERGY        2e-ENERGY     RMS[dD(SAO)]   TOL
   1  -40.353899496281    -78.201350239     24.357199425    0.000D+00 0.621D-11
                            Exc = -6.58695000093     Coul =  30.9441494262    
                              N = 9.9999958691    
                            current damping = 0.300
 
          max. resid. norm for Fia-block=  2.771D-01 for orbital      2a         
          max. resid. fock norm         =  2.989D+01 for orbital    118a         

 ITERATION  ENERGY          1e-ENERGY        2e-ENERGY     RMS[dD(SAO)]   TOL
   2  -40.526271668840    -80.036355466     26.019832480    0.251D-02 0.445D-11
                            Exc = -6.88549942061     Coul =  32.9053319003    
                              N = 9.9999973027    
                            current damping = 0.250
 
          Norm of current diis error: 0.82157    
          max. resid. norm for Fia-block=  7.675D-02 for orbital      2a         
          max. resid. fock norm         =  1.522D-01 for orbital    415a         

 ITERATION  ENERGY          1e-ENERGY        2e-ENERGY     RMS[dD(SAO)]   TOL
   3  -40.541061793951    -79.671503655     25.640190543    0.629D-03 0.340D-11
                            Exc = -6.88380269830     Coul =  32.5239932417    
                              N = 9.9999977201    
                            current damping = 0.200
 
          Norm of current diis error: 0.32670    
          max. resid. norm for Fia-block=  1.942D-02 for orbital      2a         
          max. resid. fock norm         =  2.294D-02 for orbital    415a         

 ITERATION  ENERGY          1e-ENERGY        2e-ENERGY     RMS[dD(SAO)]   TOL
   4  -40.543776065832    -79.998157447     25.964130064    0.267D-03 0.294D-11
                            Exc = -6.93342162846     Coul =  32.8975516922    
                              N = 9.9999979438    
                            current damping = 0.250
 
          Norm of current diis error: 0.67285E-01
          max. resid. norm for Fia-block=  2.899D-03 for orbital      2a         
          max. resid. fock norm         =  1.311D-02 for orbital    404a         

 ITERATION  ENERGY          1e-ENERGY        2e-ENERGY     RMS[dD(SAO)]   TOL
   5  -40.543859904983    -79.957319896     25.923208673    0.581D-04 0.274D-11
                            Exc = -6.92955371111     Coul =  32.8527623843    
                              N = 9.9999979490    
                            current damping = 0.300
 
          Norm of current diis error: 0.78395E-02
          max. resid. norm for Fia-block=  5.596D-04 for orbital      2a         
          max. resid. fock norm         =  3.182D-03 for orbital    404a         
          mo-orthogonalization: Cholesky decomposition

 ITERATION  ENERGY          1e-ENERGY        2e-ENERGY     RMS[dD(SAO)]   TOL
   6  -40.543861219189    -79.954484159     25.920371622    0.145D-04 0.260D-11
                            Exc = -6.92942388503     Coul =  32.8497955068    
                              N = 9.9999979527    
                            current damping = 0.150
 
          Norm of current diis error: 0.18294E-02
          max. resid. norm for Fia-block=  1.453D-04 for orbital      2a         
          max. resid. fock norm         =  9.036D-04 for orbital    404a         

 ITERATION  ENERGY          1e-ENERGY        2e-ENERGY     RMS[dD(SAO)]   TOL
   7  -40.543861298364    -79.953843697     25.919731081    0.447D-05 0.246D-11
                            Exc = -6.92940508403     Coul =  32.8491361649    
                              N = 9.9999979539    
                            current damping = 0.100
 
          Norm of current diis error: 0.28135E-03
          max. resid. norm for Fia-block=  2.478D-05 for orbital      3a         
          max. resid. fock norm         =  1.552D-04 for orbital    404a         

 ITERATION  ENERGY          1e-ENERGY        2e-ENERGY     RMS[dD(SAO)]   TOL
   8  -40.543861300236    -79.953732179     25.919619561    0.764D-06 0.238D-11
                            Exc = -6.92939924210     Coul =  32.8490188030    
                              N = 9.9999979541    
                            current damping = 0.100
 
          Norm of current diis error: 0.34966E-04
          max. resid. norm for Fia-block=  3.185D-06 for orbital      5a         
          max. resid. fock norm         =  1.831D-05 for orbital    404a         

 ENERGY & DENSITY CONVERGED !


 ITERATION  ENERGY          1e-ENERGY        2e-ENERGY     RMS[dD(SAO)]   TOL
   9  -40.543861300261    -79.953717091     25.919604473    0.819D-07 0.235D-11
                            Exc = -6.92939829550     Coul =  32.8490027690    
                              N = 9.9999979541    
                            current damping = 0.100
 
          Norm of current diis error: 0.94774E-05
          max. resid. norm for Fia-block=  6.400D-07 for orbital      3a         
          max. resid. fock norm         =  2.132D-06 for orbital    414a         

 End of SCF iterations

   convergence criteria satisfied after     9 iterations


                  ------------------------------------------ 
                 |  total energy      =    -40.54386130026  |
                  ------------------------------------------ 
                 :  kinetic energy    =     40.33192021422  :
                 :  potential energy  =    -80.87578151448  :
                 :  virial theorem    =      1.99477254807  :
                 :  wavefunction norm =      1.00000000000  :
                  .......................................... 


 orbitals $scfmo  will be written to file mos

    irrep                  1a          2a          3a          4a          5a   
 eigenvalues H         -9.96703    -0.64463    -0.35560    -0.35498    -0.35496
            eV        -271.2189    -17.5413     -9.6763     -9.6596     -9.6591
 occupation              2.0000      2.0000      2.0000      2.0000      2.0000

    irrep                  6a          7a          8a          9a         10a   
 eigenvalues H          0.01574     0.07164     0.08578     0.08583     0.09807
            eV           0.4283      1.9495      2.3341      2.3356      2.6686
 
 
 
 
 ==============================================================================
                           electrostatic moments
 ==============================================================================

 reference point for electrostatic moments:    0.00000   0.00000   0.00000

 
              nuc           elec       ->  total
 ------------------------------------------------------------------------------
                          charge      
 ------------------------------------------------------------------------------
          10.000000     -10.000000       0.000000
 
 ------------------------------------------------------------------------------
                       dipole moment  
 ------------------------------------------------------------------------------
   x      -0.000159       0.000150      -0.000009
   y       0.008709      -0.008706       0.000003
   z     -35.897226      35.897036      -0.000191
 
   | dipole moment | =     0.0002 a.u. =     0.0005 debye 
 
 ------------------------------------------------------------------------------
                     quadrupole moment
 ------------------------------------------------------------------------------
  xx       5.600999     -11.849489      -6.248490
  yy       5.601003     -11.849477      -6.248474
  zz     134.492460    -140.734130      -6.241671
  xy      -0.000090       0.000135       0.000045
  xz       0.000631      -0.000632      -0.000002
  yz      -0.031231       0.031244       0.000012
 
     1/3  trace=      -6.246211
     anisotropy=       0.006812
 
 ==============================================================================
 
HOMO-LUMO Separation
 HOMO         :   -0.35496338 H =     -9.65905 eV
 LUMO         :    0.01573892 H =     +0.42828 eV
 HOMO-LUMO gap:    0.37070230 H =    +10.08733 eV
 
 ==============================================================================


    ------------------------------------------------------------------------
         total  cpu-time :  3 minutes and 17 seconds
         total wall-time :  20.97 seconds
    ------------------------------------------------------------------------

   ****  ridft : all done  ****


    2020-12-12 23:37:14.833 

