
 ridft (tigris) : TURBOMOLE rev. V7.4.1 (b987a8a8) compiled 15 Oct 2019 at 12:03:25
 Copyright (C) 2019 TURBOMOLE GmbH, Karlsruhe


    2020-11-03 22:54:42.646 



                                  r i d f t

                        DFT program with RI approximation 
                                for coulomb part 




                                                 
                                 References:     
                                                 
          TURBOMOLE:                             
              R. Ahlrichs, M. Baer, M. Haeser, H. Horn, and
              C. Koelmel
              Electronic structure calculations on workstation
              computers: the program system TURBOMOLE
              Chem. Phys. Lett. 162: 165 (1989)
          Density Functional:                              
              O. Treutler and R. Ahlrichs                      
              Efficient Molecular Numerical Integration Schemes
              J. Chem. Phys. 102: 346 (1995)                   
          Parallel Version:                                
              Performance of parallel TURBOMOLE for Density    
              Functional Calculations                          
              M. v. Arnim and R. Ahlrichs                      
              J. Comp. Chem. 19: 1746 (1998)                   
          RI-J Method:                                     
              Auxiliary Basis Sets to approximate Coulomb      
              Potentials                                       
              Chem. Phys. Lett. 240: 283 (1995)                
              K. Eichkorn, O. Treutler, H. Oehm, M. Haeser     
              and R. Ahlrichs                                  
              Chem. Phys. Lett. 242: 652 (1995)                
                                                           
              Auxiliary Basis Sets for Main Row Atoms and their
              Use to approximate Coulomb Potentials            
              K. Eichkorn, F. Weigend, O. Treutler and         
              R. Ahlrichs                                      
              Theo. Chem. Acc. 97: 119 (1997)                   
                                                           
              Accurate Coulomb-fitting basis sets for H to Rn 
              F. Weigend                                        
              Phys. Chem. Chem. Phys. 8: 1057 (2006)            
                                                           
          Multipole accelerated RI-J (MARI-J):             
              Fast evaluation of the Coulomb potential for     
              electron densities using multipole accelerated   
              resolution of identity approximation             
              M. Sierka, A. Hogekamp and R. Ahlrichs           
              J. Chem. Phys. 118: 9136 (2003)                  
          RI-JK Method:                                     
              A fully direct RI-HF algorithm: Implementation,
              optimised auxiliary basis sets, demonstration of
              accuracy and efficiency                         
              F. Weigend                                      
              Phys. Chem. Chem. Phys. 4: 4285 (2002)           
          Two-component HF and DFT with spin-orbit coupling:  
              Self-consistent treatment of spin-orbit         
              interactions with efficient Hartree-Fock and    
              density functional methods                      
              M. K. Armbruster, F. Weigend, C. van Wüllen and 
              W. Klopper                                      
              Phys. Chem. Chem. Phys. 10: 1748 (2008)         
          Two-component difference density and DIIS algorithm 
              Efficient two-component self-consistent field   
              procedures and gradients: implementation in     
              TURBOMOLE and application to Au20-              
              A. Baldes, F. Weigend                           
              Mol. Phys. 111: 2617 (2013)                     
          Relativistic all-electron 2c calculations           
              An efficient implementation of two-component    
              relativistic exact-decoupling methods for large 
              molecules                                       
              D. Peng, N. Middendorf, F. Weigend, M. Reiher   
              J. Chem. Phys. 138: 184105 (2013)               
          Finite nucleus model and SNSO approximation         
              Efficient implementation of one- and two-       
              component analytical energy gradients in exact  
              two-component theory                            
              Y. J. Franzke, N. Middendorf, F. Weigend        
              J. Chem. Phys. 148: 104110 (2018)               
                                         




              +--------------------------------------------------+
              |      general information about current run       |
              +--------------------------------------------------+

 

 DENSITY CONVERGENCE CHECK SWITCHED ON !
 SCF CONVERGENCE IF RMS(delta[D]) <     0.1000000000E-06

 PBE functional
 exchange:    LDA + PBE
 correlation: LDA (PW) + PBE
 A DFT calculation using the RI-J approximation will be carried out.
 Allocatable memory for RI due to $ricore (MB):                  5000


              +--------------------------------------------------+
              | Atomic coordinate, charge and isotop information |
              +--------------------------------------------------+

                    atomic coordinates            atom    charge  isotop
         -8.65984438   -0.00373164    7.56764150    n      7.000     0
        -10.26546153    1.95226719    6.50730483    c      6.000     0
         -9.83047681   -2.46815372    7.27665202    c      6.000     0
         -8.14587478    0.50751865   10.21384768    c      6.000     0
         -9.88178477    0.53602706   11.35926549    h      1.000     0
         -6.89190165   -0.93982637   10.96613821    h      1.000     0
         -7.21379949    2.33262182   10.39647459    h      1.000     0
        -12.11103043    2.05509853    7.46099481    h      1.000     0
         -9.33681043    3.77963803    6.68412839    h      1.000     0
        -10.58381991    1.57703939    4.50955439    h      1.000     0
        -11.65361844   -2.59310430    8.27002814    h      1.000     0
        -10.14794324   -2.85085728    5.28020550    h      1.000     0
         -8.57915119   -3.92011724    8.02425603    h      1.000     0
 
       center of nuclear mass  :   -9.26380556   -0.00298490    7.91332266
       center of nuclear charge:   -9.30793085   -0.00293556    7.93856951

              +--------------------------------------------------+
              |               basis set information              |
              +--------------------------------------------------+

              we will work with the 1s 3p 5d 7f 9g ... basis set
              ...i.e. with spherical basis functions...

   type   atoms  prim   cont   basis
   ---------------------------------------------------------------------------
    n        1     46     31   def2-TZVP   [5s3p2d1f|11s6p2d1f]
    c        3     46     31   def2-TZVP   [5s3p2d1f|11s6p2d1f]
    h        9      8      6   def2-TZVP   [3s1p|5s1p]
   ---------------------------------------------------------------------------
   total:   13    256    178
   ---------------------------------------------------------------------------

   total number of primitive shells          :   46
   total number of contracted shells         :   80
   total number of cartesian basis functions :  198
   total number of SCF-basis functions       :  178


 integral neglect threshold       :  0.17E-10
 integral storage threshold THIZE :  0.10E-04
 integral storage threshold THIME :         5

 RI-J AUXILIARY BASIS SET information:

              we will work with the 1s 3p 5d 7f 9g ... basis set
              ...i.e. with spherical basis functions...

   type   atoms  prim   cont   basis
   ---------------------------------------------------------------------------
    n        1     70     49   def2-TZVP   [6s4p3d1f1g|12s5p4d2f1g]
    c        3     70     49   def2-TZVP   [6s4p3d1f1g|12s5p4d2f1g]
    h        9     16     11   def2-TZVP   [3s1p1d|5s2p1d]
   ---------------------------------------------------------------------------
   total:   13    424    295
   ---------------------------------------------------------------------------

   total number of primitive shells          :   56
   total number of contracted shells         :  105
   total number of cartesian basis functions :  352
   total number of SCF-basis functions       :  295


 symmetry group of the molecule :   c1 

 the group has the following generators :
   c1(z)

    1 symmetry operations found

 there are 1 real representations :   a   

 maximum number of shells which are related by symmetry :  1


    mo occupation :
   irrep   mo's   occupied
    a      178       17
 
 number of basis functions   :                    178
 number of occupied orbitals :                     17
 
  
           ------------------
           density functional
           ------------------
 PBE functional
 exchange:    LDA + PBE
 correlation: LDA (PW) + PBE

 spherical integration : Lebedev's spherical grid
 spherical gridsize    :                     5
    i.e. gridpoints    :                   590
 value for diffuse not defined
 radial integration    : Chebyshev 2nd kind (scaling 3)
 radial gridsize       :                     8
 integration cells     :                    13
 partition function    : becke
 partition sharpness   :                     3
  

 biggest AO integral is expected to be     6.862573055
  
           ------------------------
               RI-J - INFORMATION
           ------------------------
 Contributions to RI integral batches: 
  neglected integral batches:                    75
  direct contribution:                            0
  memory contribution:                  3165
 Memory core needed for (P|Q) and Cholesky      1 MByte
 Memory core minimum needed except of (P|Q)     1 MByte
 Total minimum memory core needed (sum)         1 MByte
  
 ****************************************
 Memory allocated for RI-J    54 MByte
 ****************************************
                                            

          ------------------------
          nuclear repulsion energy  :   139.143269278    
          ------------------------


         -----------------
         -S,T+V- integrals
         -----------------

 1e-integrals will be neglected if expon. factor < 0.168786E-11
 
   Difference densities algorithm switched on.
   The maximal number of linear combinations of
   difference densities is                    20 .

 DIIS switched on: error vector is FDS-SDF
 Max. Iterations for DIIS is     :   4
 DIIS matrix (see manual) 
    Scaling factor of diagonals  :  1.200
    threshold for scaling factor :  0.000

 scf convergence criterion : increment of total energy < .1000000D-06
                  and increment of one-electron energy < .1000000D-03

  MOs are in ASCII format !


 automatic virtual orbital shift switched on 
      shift if e(lumo)-e(homo) < 0.10000000    


 reading orbital data $scfmo  from file mos
 orbital characterization : expanded
 mo provided and orthogonalized by Cholesky decomposition

 DSCF restart information will be dumped onto file mos


 Starting SCF iterations

          Overall gridpoints after grid construction =        190407

 ITERATION  ENERGY          1e-ENERGY        2e-ENERGY     RMS[dD(SAO)]   TOL
   1  -173.62013584700    -503.77081891     191.00741378    0.000D+00 0.168D-10
                            Exc = -25.6090570594     Coul =  216.616470841    
                              N = 34.000011347    
                            current damping = 0.300
 
          max. resid. norm for Fia-block=  2.490D-01 for orbital      1a         
          max. resid. fock norm         =  9.017D+00 for orbital    107a         

 ITERATION  ENERGY          1e-ENERGY        2e-ENERGY     RMS[dD(SAO)]   TOL
   2  -174.22103773923    -509.46218704     196.09788002    0.690D-02 0.114D-10
                            Exc = -26.2817858535     Coul =  222.379665875    
                              N = 34.000008295    
                            current damping = 0.250
 
          Norm of current diis error:  1.1156    
          max. resid. norm for Fia-block=  8.842D-02 for orbital      5a         
          max. resid. fock norm         =  1.432D-01 for orbital    121a         

 ITERATION  ENERGY          1e-ENERGY        2e-ENERGY     RMS[dD(SAO)]   TOL
   3  -174.27330310315    -508.98388731     195.56731493    0.342D-02 0.931D-11
                            Exc = -26.3075671119     Coul =  221.874882045    
                              N = 34.000007629    
                            current damping = 0.200
 
          Norm of current diis error: 0.54720    
          max. resid. norm for Fia-block=  4.042D-02 for orbital     17a         
          max. resid. fock norm         =  4.314D-02 for orbital     17a         

 ITERATION  ENERGY          1e-ENERGY        2e-ENERGY     RMS[dD(SAO)]   TOL
   4  -174.28759029353    -508.68947179     195.25861222    0.210D-02 0.809D-11
                            Exc = -26.2954285163     Coul =  221.554040738    
                              N = 34.000007352    
                            current damping = 0.100
 
          Norm of current diis error: 0.24951    
          max. resid. norm for Fia-block=  1.268D-02 for orbital     17a         
          max. resid. fock norm         =  1.697D-02 for orbital     17a         

 ITERATION  ENERGY          1e-ENERGY        2e-ENERGY     RMS[dD(SAO)]   TOL
   5  -174.28943567423    -509.71550402     196.28279907    0.742D-03 0.789D-11
                            Exc = -26.3753699441     Coul =  222.658169011    
                              N = 34.000007208    
                            current damping = 0.150
 
          Norm of current diis error: 0.14296    
          max. resid. norm for Fia-block=  5.066D-03 for orbital     17a         
          max. resid. fock norm         =  6.624D-03 for orbital     37a         
          mo-orthogonalization: Cholesky decomposition

 ITERATION  ENERGY          1e-ENERGY        2e-ENERGY     RMS[dD(SAO)]   TOL
   6  -174.29047070031    -509.22405876     195.79031878    0.420D-03 0.766D-11
                            Exc = -26.3383797004     Coul =  222.128698482    
                              N = 34.000007251    
                            current damping = 0.200
 
          Norm of current diis error: 0.10086E-01
          max. resid. norm for Fia-block=  3.777D-04 for orbital     17a         
          max. resid. fock norm         =  4.783D-04 for orbital     33a         

 ITERATION  ENERGY          1e-ENERGY        2e-ENERGY     RMS[dD(SAO)]   TOL
   7  -174.29047589105    -509.25675796     195.82301279    0.265D-04 0.741D-11
                            Exc = -26.3408284546     Coul =  222.163841244    
                              N = 34.000007248    
                            current damping = 0.250
 
          Norm of current diis error: 0.90302E-03
          max. resid. norm for Fia-block=  5.433D-05 for orbital     13a         
          max. resid. fock norm         =  7.334D-05 for orbital     11a         

 ITERATION  ENERGY          1e-ENERGY        2e-ENERGY     RMS[dD(SAO)]   TOL
   8  -174.29047592400    -509.25655305     195.82280785    0.341D-05 0.724D-11
                            Exc = -26.3408684470     Coul =  222.163676295    
                              N = 34.000007246    
                            current damping = 0.300
 
          Norm of current diis error: 0.36205E-03
          max. resid. norm for Fia-block=  1.588D-05 for orbital     13a         
          max. resid. fock norm         =  1.939D-05 for orbital     11a         

 ITERATION  ENERGY          1e-ENERGY        2e-ENERGY     RMS[dD(SAO)]   TOL
   9  -174.29047593037    -509.25595232     195.82220711    0.115D-05 0.708D-11
                            Exc = -26.3408117910     Coul =  222.163018898    
                              N = 34.000007246    
                            current damping = 0.150
 
          Norm of current diis error: 0.79857E-04
          max. resid. norm for Fia-block=  6.466D-06 for orbital     17a         
          max. resid. fock norm         =  7.396D-06 for orbital     17a         

 ENERGY & DENSITY CONVERGED !


 ITERATION  ENERGY          1e-ENERGY        2e-ENERGY     RMS[dD(SAO)]   TOL
  10  -174.29047593047    -509.25584881     195.82210360    0.386D-06 0.688D-11
                            Exc = -26.3408024935     Coul =  222.162906090    
                              N = 34.000007246    
                            current damping = 0.100
 
          Norm of current diis error: 0.69305E-04
          max. resid. norm for Fia-block=  2.828D-06 for orbital     17a         
          max. resid. fock norm         =  3.818D-06 for orbital     17a         

 End of SCF iterations

   convergence criteria satisfied after    10 iterations


                  ------------------------------------------ 
                 |  total energy      =   -174.29047593047  |
                  ------------------------------------------ 
                 :  kinetic energy    =    173.54863048473  :
                 :  potential energy  =   -347.83910641519  :
                 :  virial theorem    =      1.99574362603  :
                 :  wavefunction norm =      1.00000000000  :
                  .......................................... 


 <geterg> : there is no data group $energy 


 <skperg> : $end is missing 


 orbitals $scfmo  will be written to file mos

    irrep                 13a         14a         15a         16a         17a   
 eigenvalues H         -0.34828    -0.32334    -0.31735    -0.31732    -0.17816
            eV          -9.4772     -8.7986     -8.6356     -8.6347     -4.8479
 occupation              2.0000      2.0000      2.0000      2.0000      2.0000

    irrep                 18a         19a         20a         21a         22a   
 eigenvalues H          0.01467     0.06538     0.06538     0.07494     0.07850
            eV           0.3991      1.7791      1.7792      2.0393      2.1361
 
 
 
 
 ==============================================================================
                           electrostatic moments
 ==============================================================================

 reference point for electrostatic moments:    0.00000   0.00000   0.00000

 
              nuc           elec       ->  total
 ------------------------------------------------------------------------------
                          charge      
 ------------------------------------------------------------------------------
          34.000000     -34.000000       0.000000
 
 ------------------------------------------------------------------------------
                       dipole moment  
 ------------------------------------------------------------------------------
   x    -316.469649     316.308522      -0.161127
   y      -0.099809       0.099949       0.000140
   z     269.911363    -269.819222       0.092141
 
   | dipole moment | =     0.1856 a.u. =     0.4718 debye 
 
 ------------------------------------------------------------------------------
                     quadrupole moment
 ------------------------------------------------------------------------------
  xx    2990.636460   -3009.432923     -18.796463
  yy     118.791095    -138.615182     -19.824088
  zz    2237.307077   -2256.315039     -19.007962
  xy       1.017992      -1.016427       0.001566
  xz   -2470.070024    2469.061031      -1.008993
  yz      -0.842878       0.842299      -0.000579
 
     1/3  trace=     -19.209504
     anisotropy=       1.984342
 
 ==============================================================================
 
HOMO-LUMO Separation
 HOMO         :   -0.17815623 H =     -4.84788 eV
 LUMO         :    0.01466737 H =     +0.39912 eV
 HOMO-LUMO gap:    0.19282360 H =     +5.24700 eV
 
 ==============================================================================


    ------------------------------------------------------------------------
         total  cpu-time :  18.05 seconds
         total wall-time :  18.05 seconds
    ------------------------------------------------------------------------

   ****  ridft : all done  ****


    2020-11-03 22:55:00.685 

 ridft ended normally
