
   OpenMP run-time library returned nthreads = 20

 rirpa (c-19-414) : TURBOMOLE rev. V7.5.0 compiled 17 Jun 2020 at 09:15:30
 Copyright (C) 2020 TURBOMOLE GmbH, Karlsruhe


    2020-08-04 20:20:18.483 

 
 
    *************************************************************************
    *************************** PROGRAM RIRPA *******************************
    ******                                                             ******
    ******              H. Eshuis, J. E. Bates and F. Furche           ******
    ******                                                             ******
    ****** Nov 2011                                                    ******
    ****** Copyright TURBOMOLE GmbH                                    ******
    *************************************************************************
    
    
                                References:                                  
    
                   RIRPA:                                                    
                     H. Eshuis, J. Yarkony, and F. Furche                    
                     Fast Computation of Molecular Random Phase              
                     Approximation Correlation Energies Using Resolution     
                     of the Identity and Imaginary Frequency Integration     
                     J. Chem. Phys. 132: 234114 (2010)                       
    
                     H. Eshuis, J. E. Bates, and F. Furche                   
                     Electron Correlation Methods Based on                   
                     the Random Phase Approximation                          
                     Theor. Chem. Acc.  131: 1084 (2012)                     
    
                     G. P. Chen, V. K. Voora, M. M. Agee,                    
                     S. G. Balasubramani, and F. Furche                      
                     Random-Phase Approximation Methods                      
                     Annu. Rev. Phys. Chem. 68: 421 (2017)                   
    
                   TWO-COMPONENT RIRPA:                                      
                     M. Kuehn                                                
                     Correlation Energies from the                           
                     Two-Component Random-Phase Approximation                
                     J. Chem. Theory Comput. 10: 623 (2014)                  
    
                   RIRPA GRADIENTS:                                          
                     A. M. Burow, J. E. Bates, F. Furche*, and H. Eshuis     
                     Analytical First-Order Molecular Properties and Forces  
                     within the Adiabatic Connection Random Phase            
                     Approximation                                           
                     J. Chem. Theory Comput. 10: 180 (2014)                  
    
                   RI-AXK/RI-ACSOSEX/RI-ACSOX:                               
                     G. P. Chen, M. M. Agee, and F. Furche                   
                     Performance and Scope of Perturbative Corrections to    
                     Random-Phase Approximation Energies                     
                     J. Chem. Theory Comput. 14: 5701 (2018)                 
    
                   GKS-RPA:                                                  
                     V. K. Voora, S. G. Balasubramani, and F. Furche         
                     Variational Generalized Kohn-Sham Approach Combining    
                     the Random-Phase-Approximation and Green’s-Function     
                     Methods                                                 
                     Phys. Rev. A 99: 012518 (2019)                          
    
    
    
      ... OpenMP parallelization enabled, threads:   20

   *-----------------------------------------------------------------------*
   |                     program will use 20 thread(s)                     |
   *-----------------------------------------------------------------------*

 MAXIMUM CORE MEMORY WHICH CAN BE ALLOCATED DYNAMICALLY = 100000 MiB
              ( or 13107200000 double words per process)

 
                FOUND RI-J FLAG
 
  HF exact exchange energy will be computed using RI-J.


              +--------------------------------------------------+
              | Atomic coordinate, charge and isotop information |
              +--------------------------------------------------+

                    atomic coordinates            atom    charge  isotop
         -0.05522347   -0.57510791   -0.08341062    c      0.000     0
         -1.91611238    0.26574274   -0.28419591    h      0.000     0
         -0.11563234   -2.05311752    1.33858940    h      0.000     0
          1.28180879    0.86862396    0.49611925    h      0.000     0
          0.54060718   -1.36918784   -1.87914934    h      0.000     0
         -4.13903954   -4.98261240   -1.85515007    cl    17.000     0
         -6.60027365   -7.64093173   -2.92198173    cl    17.000     0
 
       center of nuclear mass  :   -4.38895253   -5.25315108   -1.96318196
       center of nuclear charge:   -5.36965659   -6.31177207   -2.38856590
              +-------------------------------------------------+
              |        Rotational Constants Section             |
              +-------------------------------------------------+
                                   Center of Mass [a.u]:
              -4.38895252721614        -5.25315108224361        -1.96318195649965
                     Principal Moments of Inertia [a.u.]
              11.34200081179597      1133.93583765181961      1133.93587855506712
                       Rotational constants A,B,C [a.u.]
               0.04408393265851         0.00044094205633         0.00044094204042
                     Rotational constants A,B,C [cm**-1]
               5.30767785114618         0.05308914710828         0.05308914519326
                        Rotational constants A,B,C [MHz]
          159120.17892672718153      1591.57259047157322      1591.57253306048960

   * BASIS SET information:

              +--------------------------------------------------+
              |               basis set information              |
              +--------------------------------------------------+

              we will work with the 1s 3p 5d 7f 9g ... basis set
              ...i.e. with spherical basis functions...

   type   atoms  prim   cont   basis
   ---------------------------------------------------------------------------
    c        1    172    140   cc-pV6Z   [7s6p5d4f3g2h1i|27s10p5d4f3g2h1i]
    h        4     95     91   cc-pV6Z   [6s5p4d3f2g1h|10s5p4d3f2g1h]
    cl       2    237    144   cc-pV6Z   [8s7p5d4f3g2h1i|53s23p5d4f3g2h1i]
   ---------------------------------------------------------------------------
   total:    7   1026    792
   ---------------------------------------------------------------------------

   total number of primitive shells          :  168
   total number of contracted shells         :  172
   total number of cartesian basis functions : 1142
   total number of SCF-basis functions       :  792


   * AUXILIARY BASIS SET information:

              +--------------------------------------------------+
              |               basis set information              |
              +--------------------------------------------------+

              we will work with the 1s 3p 5d 7f 9g ... basis set
              ...i.e. with spherical basis functions...

   type   atoms  prim   cont   basis
   ---------------------------------------------------------------------------
    c        1    283    283   cc-pV6Z   [12s10p8d7f6g4h3i1k|12s10p8d7f6g4h3i1k]
    h        4    140    140   cc-pV6Z   [7s6p5d4f3g2h1i|7s6p5d4f3g2h1i]
    cl       2    342    342   cc-pV6Z   [13s13p11d9f7g5h3i1k|13s13p11d9f7g5h3i1k]
   ---------------------------------------------------------------------------
   total:    7   1527   1527
   ---------------------------------------------------------------------------

   total number of primitive shells          :  141
   total number of contracted shells         :  287
   total number of cartesian basis functions : 2370
   total number of SCF-basis functions       : 1527


   * RIJ AUXILIARY BASIS SET information:

              +--------------------------------------------------+
              |               basis set information              |
              +--------------------------------------------------+

              we will work with the 1s 3p 5d 7f 9g ... basis set
              ...i.e. with spherical basis functions...

   type   atoms  prim   cont   basis
   ---------------------------------------------------------------------------
    c        1     70     49   universal   [6s4p3d1f1g|12s5p4d2f1g]
    h        4     16     11   universal   [3s1p1d|5s2p1d]
    cl       2     77     51   universal   [8s4p3d1f1g|14s5p5d2f1g]
   ---------------------------------------------------------------------------
   total:    7    288    195
   ---------------------------------------------------------------------------

   total number of primitive shells          :   59
   total number of contracted shells         :   69
   total number of cartesian basis functions :  235
   total number of SCF-basis functions       :  195


 reading orbital data $scfmo  from file mos
 orbital characterization : scfconv=7

 integral neglect threshold       :  0.27E+02

 scfconv                     7

 there are 1 real representations :   a   

 maximum number of shells which are related by symmetry :  1

 time elapsed for calculating density matrices :   1.353 sec

     total memory allocated for calculation of (Q|P)**(-1/2) : 27 MiB


     calculation of (P|Q) ...
     time in lp2sym        cpu:  1.38 sec    wall:  0.08 sec    ratio: 18.2


     calculation of the Cholesky decomposition of (P|Q)**(-1) ...
     time in invmetri      cpu:  3.99 sec    wall:  0.21 sec    ratio: 18.8

   threshold for RMS(d[D]) in SCF was     :  0.10E-06
   integral neglect threshold             :  0.14E-11
   derivative integral neglect threshold  :  0.10E-06


 setting up bound for integral derivative estimation

 increment for numerical differentiation : 0.00050000
 
 Occupied orbital block size for RIRPA:                     7
 
 Number of passes for spin                     1 is                     1
 
 Number of eigenvalues < 6e-3:                      0
 
 
            -----------------------------
            Complex frequency integration
            -----------------------------
 
 Number of Clenshaw-Curtis nodes:                    100
 Optimized scaling parameter    :    3.36275814280471     
 Sensitivity measure            :  -5.345894438790744E-007
 
 Done with rirpa frequency point #                     1
 Done with rirpa frequency point #                     2
 Done with rirpa frequency point #                     3
 Done with rirpa frequency point #                     4
 Done with rirpa frequency point #                     5
 Done with rirpa frequency point #                     6
 Done with rirpa frequency point #                     7
 Done with rirpa frequency point #                     8
 Done with rirpa frequency point #                     9
 Done with rirpa frequency point #                    10
 Done with rirpa frequency point #                    11
 Done with rirpa frequency point #                    12
 Done with rirpa frequency point #                    13
 Done with rirpa frequency point #                    14
 Done with rirpa frequency point #                    15
 Done with rirpa frequency point #                    16
 Done with rirpa frequency point #                    17
 Done with rirpa frequency point #                    18
 Done with rirpa frequency point #                    19
 Done with rirpa frequency point #                    20
 Done with rirpa frequency point #                    21
 Done with rirpa frequency point #                    22
 Done with rirpa frequency point #                    23
 Done with rirpa frequency point #                    24
 Done with rirpa frequency point #                    25
 Done with rirpa frequency point #                    26
 Done with rirpa frequency point #                    27
 Done with rirpa frequency point #                    28
 Done with rirpa frequency point #                    29
 Done with rirpa frequency point #                    30
 Done with rirpa frequency point #                    31
 Done with rirpa frequency point #                    32
 Done with rirpa frequency point #                    33
 Done with rirpa frequency point #                    34
 Done with rirpa frequency point #                    35
 Done with rirpa frequency point #                    36
 Done with rirpa frequency point #                    37
 Done with rirpa frequency point #                    38
 Done with rirpa frequency point #                    39
 Done with rirpa frequency point #                    40
 Done with rirpa frequency point #                    41
 Done with rirpa frequency point #                    42
 Done with rirpa frequency point #                    43
 Done with rirpa frequency point #                    44
 Done with rirpa frequency point #                    45
 Done with rirpa frequency point #                    46
 Done with rirpa frequency point #                    47
 Done with rirpa frequency point #                    48
 Done with rirpa frequency point #                    49
 Done with rirpa frequency point #                    50
 Done with rirpa frequency point #                    51
 Done with rirpa frequency point #                    52
 Done with rirpa frequency point #                    53
 Done with rirpa frequency point #                    54
 Done with rirpa frequency point #                    55
 Done with rirpa frequency point #                    56
 Done with rirpa frequency point #                    57
 Done with rirpa frequency point #                    58
 Done with rirpa frequency point #                    59
 Done with rirpa frequency point #                    60
 Done with rirpa frequency point #                    61
 Done with rirpa frequency point #                    62
 Done with rirpa frequency point #                    63
 Done with rirpa frequency point #                    64
 Done with rirpa frequency point #                    65
 Done with rirpa frequency point #                    66
 Done with rirpa frequency point #                    67
 Done with rirpa frequency point #                    68
 Done with rirpa frequency point #                    69
 Done with rirpa frequency point #                    70
 Done with rirpa frequency point #                    71
 Done with rirpa frequency point #                    72
 Done with rirpa frequency point #                    73
 Done with rirpa frequency point #                    74
 Done with rirpa frequency point #                    75
 Done with rirpa frequency point #                    76
 Done with rirpa frequency point #                    77
 Done with rirpa frequency point #                    78
 Done with rirpa frequency point #                    79
 Done with rirpa frequency point #                    80
 Done with rirpa frequency point #                    81
 Done with rirpa frequency point #                    82
 Done with rirpa frequency point #                    83
 Done with rirpa frequency point #                    84
 Done with rirpa frequency point #                    85
 Done with rirpa frequency point #                    86
 Done with rirpa frequency point #                    87
 Done with rirpa frequency point #                    88
 Done with rirpa frequency point #                    89
 Done with rirpa frequency point #                    90
 Done with rirpa frequency point #                    91
 Done with rirpa frequency point #                    92
 Done with rirpa frequency point #                    93
 Done with rirpa frequency point #                    94
 Done with rirpa frequency point #                    95
 Done with rirpa frequency point #                    96
 Done with rirpa frequency point #                    97
 Done with rirpa frequency point #                    98
 Done with rirpa frequency point #                    99
 Done with rirpa frequency point #                   100
 


 RI-RPA correlation energy: -0.7527590214467740E+00
 Allocatable memory for RI due to $ricore (MB):                  5000

 there are 1 real representations :   a   

 maximum number of shells which are related by symmetry :  1

  
           ------------------------
               RI-J - INFORMATION
           ------------------------
 Contributions to RI integral batches: 
  neglected integral batches:                  2679
  direct contribution:                            0
  memory contribution:                 12199

          ------------------------
          nuclear repulsion energy  :   76.5245086694    
          ------------------------


         -----------------
         -S,T+V- integrals
         -----------------

 1e-integrals will be neglected if expon. factor < 0.140647E-11

                  --------------------------------------------------- 
                 |  HXX+RIRPA total energy     =   -919.73492900401  |
                  ---------------------------------------------------- 
                 :  RIRPA correlation energy   =     -0.75275902145  :
                 :  HXX total energy           =   -918.98216998256  :
                 :  Hartree energy             =    482.18374801706  :
                 :  Exact Exchange energy      =    -55.01975346581  :
                  .................................................... 


    ------------------------------------------------------------------------
    Rirpa profiling                cpu                    wall         ratio
    ------------------------------------------------------------------------
    module                         sec     %               sec     %
    ------------------------------------------------------------------------
    RIRPA                      1420.6  100.00          135.6  100.00  10.5
    STARTUP                       3.1    0.22            0.5    0.39   5.8
    riccmos                       2.8    0.20            0.5    0.35   5.9
    riccaux                       5.5    0.39            0.3    0.22  18.7
    riccbound                    26.3    1.85           22.9   16.91   1.1
    ccmkbaoi                     36.2    2.55            1.8    1.36  19.6
    ecrpa                       163.4   11.51            8.2    6.03  20.0
    qbuild                      153.1   10.78            7.7    5.65  20.0
    rparenrm                      7.3    0.51            0.4    0.27  20.0
    ehxx                       1182.0   83.20          101.2   74.68  11.7
    ------------------------------------------------------------------------
    sum                        3002.2  211.33          279.2  205.94  10.8
    ------------------------------------------------------------------------


    ------------------------------------------------------------------------
         total  cpu-time : 23 minutes and 41 seconds
         total wall-time :  2 minutes and 16 seconds
    ------------------------------------------------------------------------

   ****  rirpa : all done  ****


    2020-08-04 20:22:34.047 

