
 ridft (tigris) : TURBOMOLE rev. V7.4.1 (b987a8a8) compiled 15 Oct 2019 at 12:03:25
 Copyright (C) 2019 TURBOMOLE GmbH, Karlsruhe


    2020-12-12 02:03:47.545 



                                  r i d f t

                        DFT program with RI approximation 
                                for coulomb part 




                                                 
                                 References:     
                                                 
          TURBOMOLE:                             
              R. Ahlrichs, M. Baer, M. Haeser, H. Horn, and
              C. Koelmel
              Electronic structure calculations on workstation
              computers: the program system TURBOMOLE
              Chem. Phys. Lett. 162: 165 (1989)
          Density Functional:                              
              O. Treutler and R. Ahlrichs                      
              Efficient Molecular Numerical Integration Schemes
              J. Chem. Phys. 102: 346 (1995)                   
          Parallel Version:                                
              Performance of parallel TURBOMOLE for Density    
              Functional Calculations                          
              M. v. Arnim and R. Ahlrichs                      
              J. Comp. Chem. 19: 1746 (1998)                   
          RI-J Method:                                     
              Auxiliary Basis Sets to approximate Coulomb      
              Potentials                                       
              Chem. Phys. Lett. 240: 283 (1995)                
              K. Eichkorn, O. Treutler, H. Oehm, M. Haeser     
              and R. Ahlrichs                                  
              Chem. Phys. Lett. 242: 652 (1995)                
                                                           
              Auxiliary Basis Sets for Main Row Atoms and their
              Use to approximate Coulomb Potentials            
              K. Eichkorn, F. Weigend, O. Treutler and         
              R. Ahlrichs                                      
              Theo. Chem. Acc. 97: 119 (1997)                   
                                                           
              Accurate Coulomb-fitting basis sets for H to Rn 
              F. Weigend                                        
              Phys. Chem. Chem. Phys. 8: 1057 (2006)            
                                                           
          Multipole accelerated RI-J (MARI-J):             
              Fast evaluation of the Coulomb potential for     
              electron densities using multipole accelerated   
              resolution of identity approximation             
              M. Sierka, A. Hogekamp and R. Ahlrichs           
              J. Chem. Phys. 118: 9136 (2003)                  
          RI-JK Method:                                     
              A fully direct RI-HF algorithm: Implementation,
              optimised auxiliary basis sets, demonstration of
              accuracy and efficiency                         
              F. Weigend                                      
              Phys. Chem. Chem. Phys. 4: 4285 (2002)           
          Two-component HF and DFT with spin-orbit coupling:  
              Self-consistent treatment of spin-orbit         
              interactions with efficient Hartree-Fock and    
              density functional methods                      
              M. K. Armbruster, F. Weigend, C. van Wüllen and 
              W. Klopper                                      
              Phys. Chem. Chem. Phys. 10: 1748 (2008)         
          Two-component difference density and DIIS algorithm 
              Efficient two-component self-consistent field   
              procedures and gradients: implementation in     
              TURBOMOLE and application to Au20-              
              A. Baldes, F. Weigend                           
              Mol. Phys. 111: 2617 (2013)                     
          Relativistic all-electron 2c calculations           
              An efficient implementation of two-component    
              relativistic exact-decoupling methods for large 
              molecules                                       
              D. Peng, N. Middendorf, F. Weigend, M. Reiher   
              J. Chem. Phys. 138: 184105 (2013)               
          Finite nucleus model and SNSO approximation         
              Efficient implementation of one- and two-       
              component analytical energy gradients in exact  
              two-component theory                            
              Y. J. Franzke, N. Middendorf, F. Weigend        
              J. Chem. Phys. 148: 104110 (2018)               
                                         




              +--------------------------------------------------+
              |      general information about current run       |
              +--------------------------------------------------+

 

 DENSITY CONVERGENCE CHECK SWITCHED ON !
 SCF CONVERGENCE IF RMS(delta[D]) <     0.1000000000E-06

 TPSS meta-GGA functional
 exchange:    LDA + TPSS
 correlation: LDA (PW) + TPSS
 A DFT calculation using the RI-J approximation will be carried out.
 Allocatable memory for RI due to $ricore (MB):                   500


              +--------------------------------------------------+
              | Atomic coordinate, charge and isotop information |
              +--------------------------------------------------+

                    atomic coordinates            atom    charge  isotop
          1.96019024    0.00101856   -1.10001336    c      6.000     0
         -0.33351210   -0.00051212    0.19410322    c      6.000     0
         -0.34614869   -0.00097888    2.83106108    c      6.000     0
          1.92729389    0.00007559    4.16717116    c      6.000     0
          4.21147390    0.00160249    2.85633050    c      6.000     0
          4.23629923    0.00207114    0.22350358    c      6.000     0
         -3.78714912   -0.00320498    4.78927845    i     53.000     0
          1.91458926   -0.00025511    6.21010117    h      1.000     0
          5.96986217    0.00241696    3.89893020    h      1.000     0
          6.01197094    0.00324088   -0.78691031    h      1.000     0
          1.96207052    0.00137761   -3.14425673    h      1.000     0
         -2.09628076   -0.00130013   -0.83853196    h      1.000     0
 
       center of nuclear mass  :   -1.60155951   -0.00177364    3.54554171
       center of nuclear charge:   -1.24492673   -0.00153960    3.34259603

              +--------------------------------------------------+
              |               basis set information              |
              +--------------------------------------------------+

              we will work with the 1s 3p 5d 7f 9g ... basis set
              ...i.e. with spherical basis functions...

   type   atoms  prim   cont   basis
   ---------------------------------------------------------------------------
    c        6     50     30   cc-pVTZ   [4s3p2d1f|18s5p2d1f]
    i        1    133     39   cc-pVTZ-PP   [5s4p3d1f|21s20p9d1f]
    h        5     16     14   cc-pVTZ   [3s2p1d|5s2p1d]
   ---------------------------------------------------------------------------
   total:   12    513    289
   ---------------------------------------------------------------------------

   total number of primitive shells          :   85
   total number of contracted shells         :  103
   total number of cartesian basis functions :  330
   total number of SCF-basis functions       :  289


 integral neglect threshold       :  0.10E-10
 integral storage threshold THIZE :  0.10E-04
 integral storage threshold THIME :         5

 number of unique ecp types :                     1
 RI-J AUXILIARY BASIS SET information:

              we will work with the 1s 3p 5d 7f 9g ... basis set
              ...i.e. with spherical basis functions...

   type   atoms  prim   cont   basis
   ---------------------------------------------------------------------------
    c        6     70     49   cc-pVTZ   [6s4p3d1f1g|12s5p4d2f1g]
    i        1     81     58   universal-ecp-2   [8s4p3d2f1g|11s5p5d3f1g]
    h        5     16     11   cc-pVTZ   [3s1p1d|5s2p1d]
   ---------------------------------------------------------------------------
   total:   12    581    407
   ---------------------------------------------------------------------------

   total number of primitive shells          :   57
   total number of contracted shells         :  133
   total number of cartesian basis functions :  499
   total number of SCF-basis functions       :  407


 symmetry group of the molecule :   c1 

 the group has the following generators :
   c1(z)

    1 symmetry operations found

 there are 1 real representations :   a   

 maximum number of shells which are related by symmetry :  1


    mo occupation :
   irrep   mo's   occupied
    a      289       33
 
 number of basis functions   :                    289
 number of occupied orbitals :                     33
 
  
           ------------------
           density functional
           ------------------
 TPSS meta-GGA functional
 exchange:    LDA + TPSS
 correlation: LDA (PW) + TPSS

 spherical integration : Lebedev's spherical grid
 spherical gridsize    :                     5
    i.e. gridpoints    :                   590
 value for diffuse not defined
 radial integration    : Chebyshev 2nd kind (scaling 3)
 radial gridsize       :                     8
 integration cells     :                    12
 partition function    : becke
 partition sharpness   :                     3
  

 biggest AO integral is expected to be     3.593180334
  
           ------------------------
               RI-J - INFORMATION
           ------------------------
 Contributions to RI integral batches: 
  neglected integral batches:                   168
  direct contribution:                            0
  memory contribution:                  5188
 Memory core needed for (P|Q) and Cholesky      2 MByte
 Memory core minimum needed except of (P|Q)     1 MByte
 Total minimum memory core needed (sum)         2 MByte
  
 ****************************************
 Memory allocated for RI-J   203 MByte
 ****************************************
                                            

          ------------------------
          nuclear repulsion energy  :   352.903606291    
          ------------------------


         -----------------
         -S,T+V- integrals
         -----------------

 1e-integrals will be neglected if expon. factor < 0.101272E-11


          ----------------
          -ecp-  integrals
          ----------------
 
   Difference densities algorithm switched on.
   The maximal number of linear combinations of
   difference densities is                    20 .

 DIIS switched on: error vector is FDS-SDF
 Max. Iterations for DIIS is     :   4
 DIIS matrix (see manual) 
    Scaling factor of diagonals  :  1.200
    threshold for scaling factor :  0.000

 scf convergence criterion : increment of total energy < .1000000D-06
                  and increment of one-electron energy < .1000000D-03

  MOs are in ASCII format !


 automatic virtual orbital shift switched on 
      shift if e(lumo)-e(homo) < 0.10000000    


 reading orbital data $scfmo  from file mos
 orbital characterization : scfconv=7

 DSCF restart information will be dumped onto file mos


 Starting SCF iterations

          Overall gridpoints after grid construction =        200358

 ITERATION  ENERGY          1e-ENERGY        2e-ENERGY     RMS[dD(SAO)]   TOL
   1  -527.36442223788    -1526.3805082     646.11247963    0.000D+00 0.101D-10
                            Exc = -56.4027714541     Coul =  702.515251081    
                              N = 66.000002198    
                            current damping = 0.300
 
          max. resid. norm for Fia-block=  3.461D-02 for orbital      4a         
          max. resid. fock norm         =  8.664D-02 for orbital    276a         

 ITERATION  ENERGY          1e-ENERGY        2e-ENERGY     RMS[dD(SAO)]   TOL
   2  -527.36718184338    -1526.2123974     645.94160922    0.976D-03 0.640D-11
                            Exc = -56.4318206457     Coul =  702.373429867    
                              N = 66.000002136    
                            current damping = 0.250
 
          Norm of current diis error: 0.52094E-01
          max. resid. norm for Fia-block=  7.345D-03 for orbital      3a         
          max. resid. fock norm         =  2.442D-02 for orbital    276a         

 ITERATION  ENERGY          1e-ENERGY        2e-ENERGY     RMS[dD(SAO)]   TOL
   3  -527.36730055335    -1526.4362867     646.16537988    0.255D-03 0.519D-11
                            Exc = -56.4533194801     Coul =  702.618699359    
                              N = 66.000002118    
                            current damping = 0.200
 
          Norm of current diis error: 0.34032E-01
          max. resid. norm for Fia-block=  1.411D-03 for orbital     25a         
          max. resid. fock norm         =  4.799D-03 for orbital    276a         

 ITERATION  ENERGY          1e-ENERGY        2e-ENERGY     RMS[dD(SAO)]   TOL
   4  -527.36734763730    -1526.3254080     646.05445408    0.712D-04 0.492D-11
                            Exc = -56.4473155418     Coul =  702.501769621    
                              N = 66.000002119    
                            current damping = 0.250
 
          Norm of current diis error: 0.84840E-02
          max. resid. norm for Fia-block=  4.791D-04 for orbital     29a         
          max. resid. fock norm         =  1.119D-03 for orbital    276a         

 ITERATION  ENERGY          1e-ENERGY        2e-ENERGY     RMS[dD(SAO)]   TOL
   5  -527.36735101583    -1526.3172998     646.04634245    0.315D-04 0.489D-11
                            Exc = -56.4472305123     Coul =  702.493572960    
                              N = 66.000002118    
                            current damping = 0.100
 
          Norm of current diis error: 0.30868E-02
          max. resid. norm for Fia-block=  1.814D-04 for orbital     29a         
          max. resid. fock norm         =  3.159D-04 for orbital     19a         
          mo-orthogonalization: Cholesky decomposition

 ITERATION  ENERGY          1e-ENERGY        2e-ENERGY     RMS[dD(SAO)]   TOL
   6  -527.36735188862    -1526.3293701     646.05841196    0.166D-04 0.470D-11
                            Exc = -56.4480386393     Coul =  702.506450602    
                              N = 66.000002118    
                            current damping = 0.150
 
          Norm of current diis error: 0.16110E-02
          max. resid. norm for Fia-block=  5.347D-05 for orbital     24a         
          max. resid. fock norm         =  8.664D-05 for orbital    286a         

 ITERATION  ENERGY          1e-ENERGY        2e-ENERGY     RMS[dD(SAO)]   TOL
   7  -527.36735198593    -1526.3308342     646.05987590    0.206D-05 0.466D-11
                            Exc = -56.4481117485     Coul =  702.507987649    
                              N = 66.000002118    
                            current damping = 0.100
 
          Norm of current diis error: 0.70367E-03
          max. resid. norm for Fia-block=  3.360D-05 for orbital     32a         
          max. resid. fock norm         =  5.129D-05 for orbital     19a         

 ITERATION  ENERGY          1e-ENERGY        2e-ENERGY     RMS[dD(SAO)]   TOL
   8  -527.36735201920    -1526.3275744     646.05661614    0.288D-05 0.459D-11
                            Exc = -56.4479325744     Coul =  702.504548710    
                              N = 66.000002118    
                            current damping = 0.150
 
          Norm of current diis error: 0.15746E-03
          max. resid. norm for Fia-block=  7.171D-06 for orbital     33a         
          max. resid. fock norm         =  1.200D-05 for orbital     26a         

 ITERATION  ENERGY          1e-ENERGY        2e-ENERGY     RMS[dD(SAO)]   TOL
   9  -527.36735202000    -1526.3282923     646.05733402    0.482D-06 0.457D-11
                            Exc = -56.4479610733     Coul =  702.505295098    
                              N = 66.000002118    
                            current damping = 0.200
 
          Norm of current diis error: 0.13778E-03
          max. resid. norm for Fia-block=  3.888D-06 for orbital     29a         
          max. resid. fock norm         =  6.392D-06 for orbital    150a         

 ENERGY & DENSITY CONVERGED !


 ITERATION  ENERGY          1e-ENERGY        2e-ENERGY     RMS[dD(SAO)]   TOL
  10  -527.36735202085    -1526.3281836     646.05722529    0.215D-06 0.449D-11
                            Exc = -56.4479620828     Coul =  702.505187373    
                              N = 66.000002118    
                            current damping = 0.250
 
          Norm of current diis error: 0.33231E-04
          max. resid. norm for Fia-block=  1.403D-06 for orbital     29a         
          max. resid. fock norm         =  1.931D-06 for orbital     34a         

 End of SCF iterations

   convergence criteria satisfied after    10 iterations


                  ------------------------------------------ 
                 |  total energy      =   -527.36735202085  |
                  ------------------------------------------ 
                 :  kinetic energy    =    340.94402906247  :
                 :  potential energy  =   -868.31138108333  :
                 :  virial theorem    =      1.64650196444  :
                 :  wavefunction norm =      1.00000000000  :
                  .......................................... 


 <geterg> : there is no data group $energy 


 <skperg> : $end is missing 


 orbitals $scfmo  will be written to file mos

    irrep                 29a         30a         31a         32a         33a   
 eigenvalues H         -0.30784    -0.27133    -0.24334    -0.23725    -0.21550
            eV          -8.3768     -7.3833     -6.6216     -6.4559     -5.8642
 occupation              2.0000      2.0000      2.0000      2.0000      2.0000

    irrep                 34a         35a         36a         37a         38a   
 eigenvalues H         -0.05434    -0.04933    -0.04786     0.03568     0.05903
            eV          -1.4788     -1.3424     -1.3025      0.9709      1.6064
 
 
 
 
 ==============================================================================
                           electrostatic moments
 ==============================================================================

 reference point for electrostatic moments:    0.00000   0.00000   0.00000

 
              nuc           elec       ->  total
 ------------------------------------------------------------------------------
                          charge      
 ------------------------------------------------------------------------------
          66.000000     -66.000000      -0.000000
 
 ------------------------------------------------------------------------------
                       dipole moment  
 ------------------------------------------------------------------------------
   x     -10.982937      11.548357       0.565420
   y      -0.054983       0.055364       0.000381
   z     180.104231    -180.425982      -0.321751
 
   | dipole moment | =     0.6506 a.u. =     1.6536 debye 
 
 ------------------------------------------------------------------------------
                     quadrupole moment
 ------------------------------------------------------------------------------
  xx     703.078878    -745.944520     -42.865642
  yy       0.000332     -48.731890     -48.731558
  zz     847.424461    -891.835583     -44.411121
  xy       0.451344      -0.448496       0.002848
  xz    -320.579578     322.194642       1.615064
  yz      -0.373506       0.373790       0.000284
 
     1/3  trace=     -45.336107
     anisotropy=       5.962981
 
 ==============================================================================
 
HOMO-LUMO Separation
 HOMO         :   -0.21550224 H =     -5.86412 eV
 LUMO         :   -0.05434437 H =     -1.47879 eV
 HOMO-LUMO gap:    0.16115787 H =     +4.38533 eV
 
 ==============================================================================


    ------------------------------------------------------------------------
         total  cpu-time :  3 minutes and 15 seconds
         total wall-time :  7 minutes and 36 seconds
    ------------------------------------------------------------------------

   ****  ridft : all done  ****


    2020-12-12 02:11:23.591 

 ridft ended normally
