           SMPCPUS    set: Shared-memory Parallelization with  20 CPUs.

           SMP Parallelization Reference:
           C. van Wullen, J. Comput. Chem. 32 (2011) 1195--1201

 ridft (c-12-33) : TURBOMOLE rev. V7.5.0 compiled 13 Jun 2020 at 23:29:25
 Copyright (C) 2020 TURBOMOLE GmbH, Karlsruhe


    2020-07-20 03:51:36.262 



                                  r i d f t

                        DFT program with RI approximation 
                                for coulomb part 




                                                 
                                 References:     
                                                 
          TURBOMOLE:                             
              R. Ahlrichs, M. Baer, M. Haeser, H. Horn, and
              C. Koelmel
              Electronic structure calculations on workstation
              computers: the program system TURBOMOLE
              Chem. Phys. Lett. 162: 165 (1989)
          Density Functional:                              
              O. Treutler and R. Ahlrichs                      
              Efficient Molecular Numerical Integration Schemes
              J. Chem. Phys. 102: 346 (1995)                   
          Parallel Version:                                
              Performance of parallel TURBOMOLE for Density    
              Functional Calculations                          
              M. v. Arnim and R. Ahlrichs                      
              J. Comp. Chem. 19: 1746 (1998)                   
          RI-J Method:                                     
              Auxiliary Basis Sets to approximate Coulomb      
              Potentials                                       
              Chem. Phys. Lett. 240: 283 (1995)                
              K. Eichkorn, O. Treutler, H. Oehm, M. Haeser     
              and R. Ahlrichs                                  
              Chem. Phys. Lett. 242: 652 (1995)                
                                                           
              Auxiliary Basis Sets for Main Row Atoms and their
              Use to approximate Coulomb Potentials            
              K. Eichkorn, F. Weigend, O. Treutler and         
              R. Ahlrichs                                      
              Theo. Chem. Acc. 97: 119 (1997)                   
                                                           
              Accurate Coulomb-fitting basis sets for H to Rn 
              F. Weigend                                        
              Phys. Chem. Chem. Phys. 8: 1057 (2006)            
                                                           
          Multipole accelerated RI-J (MARI-J):             
              Fast evaluation of the Coulomb potential for     
              electron densities using multipole accelerated   
              resolution of identity approximation             
              M. Sierka, A. Hogekamp and R. Ahlrichs           
              J. Chem. Phys. 118: 9136 (2003)                  
          RI-JK Method:                                     
              A fully direct RI-HF algorithm: Implementation,
              optimised auxiliary basis sets, demonstration of
              accuracy and efficiency                         
              F. Weigend                                      
              Phys. Chem. Chem. Phys. 4: 4285 (2002)           
          Two-component HF and DFT with spin-orbit coupling:  
              Self-consistent treatment of spin-orbit         
              interactions with efficient Hartree-Fock and    
              density functional methods                      
              M. K. Armbruster, F. Weigend, C. van Wüllen and 
              W. Klopper                                      
              Phys. Chem. Chem. Phys. 10: 1748 (2008)         
          Two-component difference density and DIIS algorithm 
              Efficient two-component self-consistent field   
              procedures and gradients: implementation in     
              TURBOMOLE and application to Au20-              
              A. Baldes, F. Weigend                           
              Mol. Phys. 111: 2617 (2013)                     
          Relativistic all-electron 2c calculations           
              An efficient implementation of two-component    
              relativistic exact-decoupling methods for large 
              molecules                                       
              D. Peng, N. Middendorf, F. Weigend, M. Reiher   
              J. Chem. Phys. 138: 184105 (2013)               
          Finite nucleus model and SNSO approximation         
              Efficient implementation of one- and two-       
              component analytical energy gradients in exact  
              two-component theory                            
              Y. J. Franzke, N. Middendorf, F. Weigend        
              J. Chem. Phys. 148: 104110 (2018)               
          Grids for all-electron relativistic methods         
              Error-consistent segmented contracted all-      
              electron relativistic basis sets of double-     
              and triple-zeta quality for NMR shielding       
              constants                                       
              Y. J. Franzke, R. Tress, T. M. Pazdera,         
              F. Weigend                                      
              Phys. Chem. Chem. Phys. 21: 166658 (2019)       
          Seminumerical exchange algorithms                   
              Seminumerical calculation of the Hartree-Fock   
              exchange matirx: Application to two-component   
              procedures and efficient evaluation of local    
              hybrid functionsl                               
              P. Plessow, F. Weigend,                         
              J. Comput. Chem. 33: 810 (2012)                 
          Improved seminumerical algorithms                   
              C. Holzer, in preparation (2020)                
                                         




              +--------------------------------------------------+
              |      general information about current run       |
              +--------------------------------------------------+

 

 DENSITY CONVERGENCE CHECK SWITCHED ON !
 SCF CONVERGENCE IF RMS(delta[D]) <     0.1000000000E-06

 PBE functional
 exchange:    LDA + PBE
 correlation: LDA (PW) + PBE
 A DFT calculation using the RI-J approximation will be carried out.
 Allocatable memory for RI due to $ricore (MB):                  5000


              +--------------------------------------------------+
              | Atomic coordinate, charge and isotop information |
              +--------------------------------------------------+

                    atomic coordinates            atom    charge  isotop
         -0.82395814   -0.00000284    1.95663621    c      6.000     0
          1.11448905   -0.00002497    3.73882327    c      6.000     0
          3.63252098   -0.00001172    2.97007423    c      6.000     0
          4.21081256   -0.00004152    0.40169742    c      6.000     0
          2.28862301   -0.00001210   -1.39868756    c      6.000     0
         -2.77646506   -0.00000368    2.55533419    h      1.000     0
          0.64836710   -0.00001592    5.72894984    h      1.000     0
          5.13002863    0.00002174    4.35966039    h      1.000     0
          6.16100116   -0.00005018   -0.21080182    h      1.000     0
          2.74144046   -0.00001910   -3.39014132    h      1.000     0
         -0.22752836    0.00004180   -0.61146991    c      6.000     0
         -3.13358942    0.00041801   -3.28438176    i     53.000     0
         -7.46430470   -0.00027108   -7.21100011    o      0.000     0
         -7.18212773    0.00712710   -9.49740750    c      0.000     0
         -4.56132053    0.02632136  -10.63696765    c      0.000     0
         -9.45636337   -0.00286417  -11.22915920    c      0.000     0
         -3.55464684    1.68437044   -9.95030046    h      0.000     0
         -3.53393574   -1.62229837   -9.95831305    h      0.000     0
         -4.57441795    0.03121928  -12.68785396    h      0.000     0
        -10.61321191    1.64430414  -10.80434186    h      0.000     0
        -10.59261682   -1.66629995  -10.81222523    h      0.000     0
         -8.95739112    0.00498734  -13.21841230    h      0.000     0
 
       center of nuclear mass  :   -2.59234235    0.00187824   -3.36895883
       center of nuclear charge:   -0.98942673    0.00023170   -1.30517862

              +--------------------------------------------------+
              |               basis set information              |
              +--------------------------------------------------+

              we will work with the 1s 3p 5d 7f 9g ... basis set
              ...i.e. with spherical basis functions...

   type   atoms  prim   cont   basis
   ---------------------------------------------------------------------------
    c        9     77     55   cc-pVQZ   [5s4p3d2f1g|21s6p3d2f1g]
    h       11     32     30   cc-pVQZ   [4s3p2d1f|6s3p2d1f]
    i        1    161     67   cc-pVQZ-PP   [6s6p4d2f1g|24s18p12d2f1g]
    o        1     77     55   cc-pVQZ   [5s4p3d2f1g|21s6p3d2f1g]
   ---------------------------------------------------------------------------
   total:   22   1283    947
   ---------------------------------------------------------------------------

   total number of primitive shells          :  135
   total number of contracted shells         :  279
   total number of cartesian basis functions : 1168
   total number of SCF-basis functions       :  947

 number of unique ecp types :                     1

 integral neglect threshold       :  0.29E-11
 integral storage threshold THIZE :  0.10E-04
 integral storage threshold THIME :         5

 RI-J AUXILIARY BASIS SET information:

              we will work with the 1s 3p 5d 7f 9g ... basis set
              ...i.e. with spherical basis functions...

   type   atoms  prim   cont   basis
   ---------------------------------------------------------------------------
    c        9     70     49   cc-pVQZ   [6s4p3d1f1g|12s5p4d2f1g]
    h       11     16     11   cc-pVQZ   [3s1p1d|5s2p1d]
    i        1     81     58   universal-ecp-2   [8s4p3d2f1g|11s5p5d3f1g]
    o        1     70     49   cc-pVQZ   [6s4p3d1f1g|12s5p4d2f1g]
   ---------------------------------------------------------------------------
   total:   22    957    669
   ---------------------------------------------------------------------------

   total number of primitive shells          :   81
   total number of contracted shells         :  223
   total number of cartesian basis functions :  815
   total number of SCF-basis functions       :  669


 symmetry group of the molecule :   c1 

 the group has the following generators :
   c1(z)

    1 symmetry operations found

 there are 1 real representations :   a   

 maximum number of shells which are related by symmetry :  1

  
           ------------------
           density functional
           ------------------
 Dummy atoms with grid-point found.
 DFT quadrature threshold dgrenze tightened by factor 1/10.

 PBE functional
 exchange:    LDA + PBE
 correlation: LDA (PW) + PBE
 Dummy atoms with grid-point found.
 DFT quadrature threshold dgrenze tightened by factor 1/10.

 Dummy atoms with grid-point found.
 DFT quadrature threshold dgrenze tightened by factor 1/10.


 spherical integration : Lebedev's spherical grid
 spherical gridsize    :                     5
    i.e. gridpoints    :                   590
 value for diffuse not defined
 radial integration    : Chebyshev 2nd kind (scaling 3)
 radial gridsize       :                     8
 integration cells     :                    22
 partition function    : becke
 partition sharpness   :                     3
  
 found dummy atom(s) with basis: included in dft

 biggest AO integral is expected to be     4.785886462

          ------------------------
          nuclear repulsion energy  :   353.289860094    
          ------------------------


         -----------------
         -S,T+V- integrals
         -----------------

 1e-integrals will be neglected if expon. factor < 0.286127E-12


          ----------------
          -ecp-  integrals
          ----------------
 
   Difference densities algorithm switched on.
   The maximal number of linear combinations of
   difference densities is                    20 .

 DIIS switched on: error vector is FDS-SDF
 Max. Iterations for DIIS is     :   4
 DIIS matrix (see manual) 
    Scaling factor of diagonals  :  1.200
    threshold for scaling factor :  0.000

 scf convergence criterion : increment of total energy < .1000000D-06
                  and increment of one-electron energy < .1000000D-03

 MOs are in ASCII format !


    mo occupation :
   irrep   mo's   occupied
    a      947       33
 
 number of basis functions   :   947
 number of occupied orbitals :    33
 

 reading orbital data $scfmo  from file mos
 orbital characterization : expanded
 virtual MOs provided and orthogonalized by Cholesky decomposition

 automatic virtual orbital shift switched on 
      shift if e(lumo)-e(homo) < 0.10000000    

  
           ------------------------
               RI-J - INFORMATION
           ------------------------
 Contributions to RI integral batches: 
  neglected integral batches:                 16401
  direct contribution:                            0
  memory contribution:                 22659
 Memory core needed for (P|Q) and Cholesky      4 MByte
 Memory core minimum needed except of (P|Q)     4 MByte
 Total minimum memory core needed (sum)         7 MByte
  
 ****************************************
 Memory allocated for RI-J  2387 MByte
 ****************************************
                                            

 DSCF restart information will be dumped onto file mos


 Starting SCF iterations

          Overall gridpoints after grid construction =        353470

 ITERATION  ENERGY          1e-ENERGY        2e-ENERGY     RMS[dD(SAO)]   TOL
   1  -526.32274759256    -1515.5616646     635.94905689    0.000D+00 0.285D-11
                            Exc = -55.2133202807     Coul =  691.162377167    
                              N = 66.000003474    
                            current damping = 0.300
 
          max. resid. norm for Fia-block=  2.706D-01 for orbital     29a         
          max. resid. fock norm         =  2.204D+01 for orbital    889a         

 ITERATION  ENERGY          1e-ENERGY        2e-ENERGY     RMS[dD(SAO)]   TOL
   2  -527.04736307995    -1528.3182342     647.98101107    0.468D-02 0.205D-11
                            Exc = -56.2202441787     Coul =  704.201255245    
                              N = 66.000002217    
                            current damping = 0.250
 
          Norm of current diis error:  1.7633    
          max. resid. norm for Fia-block=  7.502D-02 for orbital     30a         
          max. resid. fock norm         =  1.915D-01 for orbital    802a         

 ITERATION  ENERGY          1e-ENERGY        2e-ENERGY     RMS[dD(SAO)]   TOL
   3  -527.08890375235    -1525.0827374     644.70397358    0.151D-02 0.156D-11
                            Exc = -56.0841942521     Coul =  700.788167828    
                              N = 66.000002174    
                            current damping = 0.200
 
          Norm of current diis error:  1.3508    
          max. resid. norm for Fia-block=  3.660D-02 for orbital     26a         
          max. resid. fock norm         =  5.635D-02 for orbital     34a         

 ITERATION  ENERGY          1e-ENERGY        2e-ENERGY     RMS[dD(SAO)]   TOL
   4  -527.12732985330    -1527.3534385     646.93624860    0.562D-03 0.141D-11
                            Exc = -56.1608005300     Coul =  703.097049127    
                              N = 66.000001990    
                            current damping = 0.250
 
          Norm of current diis error: 0.61494    
          max. resid. norm for Fia-block=  1.600D-02 for orbital     30a         
          max. resid. fock norm         =  3.108D-02 for orbital    810a         

 ITERATION  ENERGY          1e-ENERGY        2e-ENERGY     RMS[dD(SAO)]   TOL
   5  -527.13328606424    -1527.1105692     646.68742308    0.220D-03 0.134D-11
                            Exc = -56.1921638455     Coul =  702.879586930    
                              N = 66.000001930    
                            current damping = 0.300
 
          Norm of current diis error: 0.40126    
          max. resid. norm for Fia-block=  7.261D-03 for orbital     31a         
          max. resid. fock norm         =  1.388D-02 for orbital     17a         
          mo-orthogonalization: Cholesky decomposition

 ITERATION  ENERGY          1e-ENERGY        2e-ENERGY     RMS[dD(SAO)]   TOL
   6  -527.13709266118    -1527.2583294     646.83137663    0.914D-04 0.131D-11
                            Exc = -56.1906170403     Coul =  703.021993675    
                              N = 66.000001939    
                            current damping = 0.350
 
          Norm of current diis error: 0.57605E-01
          max. resid. norm for Fia-block=  2.287D-03 for orbital     29a         
          max. resid. fock norm         =  3.782D-03 for orbital    938a         

 ITERATION  ENERGY          1e-ENERGY        2e-ENERGY     RMS[dD(SAO)]   TOL
   7  -527.13715119905    -1527.1464350     646.71942375    0.327D-04 0.128D-11
                            Exc = -56.1817591238     Coul =  702.901182876    
                              N = 66.000001941    
                            current damping = 0.400
 
          Norm of current diis error: 0.46869E-01
          max. resid. norm for Fia-block=  9.017D-04 for orbital     23a         
          max. resid. fock norm         =  1.711D-03 for orbital      4a         

 ITERATION  ENERGY          1e-ENERGY        2e-ENERGY     RMS[dD(SAO)]   TOL
   8  -527.13720015252    -1527.1574159     646.73035561    0.759D-05 0.125D-11
                            Exc = -56.1822351001     Coul =  702.912590708    
                              N = 66.000001942    
                            current damping = 0.450
 
          Norm of current diis error: 0.96683E-02
          max. resid. norm for Fia-block=  4.685D-04 for orbital     29a         
          max. resid. fock norm         =  7.852D-04 for orbital     19a         

 ITERATION  ENERGY          1e-ENERGY        2e-ENERGY     RMS[dD(SAO)]   TOL
   9  -527.13720486491    -1527.1718757     646.74481071    0.640D-05 0.123D-11
                            Exc = -56.1833973368     Coul =  702.928208045    
                              N = 66.000001941    
                            current damping = 0.300
 
          Norm of current diis error: 0.36716E-02
          max. resid. norm for Fia-block=  1.041D-04 for orbital     29a         
          max. resid. fock norm         =  1.366D-04 for orbital     29a         

 ITERATION  ENERGY          1e-ENERGY        2e-ENERGY     RMS[dD(SAO)]   TOL
  10  -527.13720520024    -1527.1820445     646.75497919    0.134D-05 0.119D-11
                            Exc = -56.1840073667     Coul =  702.938986562    
                              N = 66.000001941    
                            current damping = 0.150
 
          Norm of current diis error: 0.15317E-02
          max. resid. norm for Fia-block=  5.222D-05 for orbital     33a         
          max. resid. fock norm         =  8.389D-05 for orbital    391a         
          mo-orthogonalization: Cholesky decomposition

 ITERATION  ENERGY          1e-ENERGY        2e-ENERGY     RMS[dD(SAO)]   TOL
  11  -527.13720520902    -1527.1746249     646.74755956    0.913D-06 0.118D-11
                            Exc = -56.1836328981     Coul =  702.931192460    
                              N = 66.000001941    
                            current damping = 0.200
 
          Norm of current diis error: 0.13379E-02
          max. resid. norm for Fia-block=  2.884D-05 for orbital     33a         
          max. resid. fock norm         =  5.333D-05 for orbital     17a         

 ITERATION  ENERGY          1e-ENERGY        2e-ENERGY     RMS[dD(SAO)]   TOL
  12  -527.13720526273    -1527.1758827     646.74881730    0.408D-06 0.116D-11
                            Exc = -56.1836440476     Coul =  702.932461347    
                              N = 66.000001941    
                            current damping = 0.250
 
          Norm of current diis error: 0.38270E-03
          max. resid. norm for Fia-block=  1.054D-05 for orbital     32a         
          max. resid. fock norm         =  1.916D-05 for orbital    938a         

 ITERATION  ENERGY          1e-ENERGY        2e-ENERGY     RMS[dD(SAO)]   TOL
  13  -527.13720526660    -1527.1769720     646.74990667    0.172D-06 0.114D-11
                            Exc = -56.1837224189     Coul =  702.933629092    
                              N = 66.000001941    
                            current damping = 0.100
 
          Norm of current diis error: 0.12843E-03
          max. resid. norm for Fia-block=  2.702D-06 for orbital     23a         
          max. resid. fock norm         =  5.865D-06 for orbital    938a         

 ENERGY & DENSITY CONVERGED !


 ITERATION  ENERGY          1e-ENERGY        2e-ENERGY     RMS[dD(SAO)]   TOL
  14  -527.13720526694    -1527.1768991     646.74983375    0.347D-07 0.112D-11
                            Exc = -56.1837173370     Coul =  702.933551086    
                              N = 66.000001941    
                            current damping = 0.150
 
          Norm of current diis error: 0.43366E-04
          max. resid. norm for Fia-block=  1.614D-06 for orbital     29a         
          max. resid. fock norm         =  2.549D-06 for orbital     19a         

 End of SCF iterations

   convergence criteria satisfied after    14 iterations


                  ------------------------------------------ 
                 |  total energy      =   -527.13720526694  |
                  ------------------------------------------ 
                 :  kinetic energy    =    340.97765412493  :
                 :  potential energy  =   -868.11485939186  :
                 :  virial theorem    =      1.64684801361  :
                 :  wavefunction norm =      1.00000000000  :
                  .......................................... 


 <geterg> : there is no data group $energy 


 <skperg> : $end is missing 


 orbitals $scfmo  will be written to file mos

    irrep                 29a         30a         31a         32a         33a   
 eigenvalues H         -0.30569    -0.27134    -0.24524    -0.23504    -0.21522
            eV          -8.3184     -7.3836     -6.6734     -6.3958     -5.8564
 occupation              2.0000      2.0000      2.0000      2.0000      2.0000

    irrep                 34a         35a         36a         37a         38a   
 eigenvalues H         -0.06155    -0.05702    -0.05653     0.01274     0.02764
            eV          -1.6749     -1.5517     -1.5384      0.3466      0.7522
 
 
 
 
 ==============================================================================
                           electrostatic moments
 ==============================================================================

 reference point for electrostatic moments:    0.00000   0.00000   0.00000

 
              nuc           elec       ->  total
 ------------------------------------------------------------------------------
                          charge      
 ------------------------------------------------------------------------------
          66.000000     -66.000000      -0.000000
 
 ------------------------------------------------------------------------------
                       dipole moment  
 ------------------------------------------------------------------------------
   x      -5.265609       5.717998       0.452389
   y       0.010075      -0.010110      -0.000035
   z     -30.724101      31.147815       0.423715
 
   | dipole moment | =     0.6198 a.u. =     1.5755 debye 
 
 ------------------------------------------------------------------------------
                     quadrupole moment
 ------------------------------------------------------------------------------
  xx     554.224580    -597.132699     -42.908119
  yy       0.000004     -48.963042     -48.963037
  zz     514.294714    -557.603375     -43.308660
  xy      -0.034678       0.034692       0.000014
  xz     337.528300    -337.795953      -0.267653
  yz      -0.035208       0.035340       0.000133
 
     1/3  trace=     -45.059939
     anisotropy=       5.883208
 
 ==============================================================================
 
HOMO-LUMO Separation
 HOMO         :   -0.21521787 H =     -5.85638 eV
 LUMO         :   -0.06155272 H =     -1.67494 eV
 HOMO-LUMO gap:    0.15366515 H =     +4.18144 eV
 
 ==============================================================================


    ------------------------------------------------------------------------
         total  cpu-time : 19 minutes and 56 seconds
         total wall-time :  2 minutes and 16 seconds
    ------------------------------------------------------------------------

   ****  ridft : all done  ****


    2020-07-20 03:53:51.762 

