           SMPCPUS    set: Shared-memory Parallelization with  10 CPUs.

           SMP Parallelization Reference:
           C. van Wullen, J. Comput. Chem. 32 (2011) 1195--1201

 ridft (c-13-37) : TURBOMOLE rev. V7.5.0 compiled 13 Jun 2020 at 23:29:25
 Copyright (C) 2020 TURBOMOLE GmbH, Karlsruhe


    2020-12-12 23:41:06.755 



                                  r i d f t

                        DFT program with RI approximation 
                                for coulomb part 




                                                 
                                 References:     
                                                 
          TURBOMOLE:                             
              R. Ahlrichs, M. Baer, M. Haeser, H. Horn, and
              C. Koelmel
              Electronic structure calculations on workstation
              computers: the program system TURBOMOLE
              Chem. Phys. Lett. 162: 165 (1989)
          Density Functional:                              
              O. Treutler and R. Ahlrichs                      
              Efficient Molecular Numerical Integration Schemes
              J. Chem. Phys. 102: 346 (1995)                   
          Parallel Version:                                
              Performance of parallel TURBOMOLE for Density    
              Functional Calculations                          
              M. v. Arnim and R. Ahlrichs                      
              J. Comp. Chem. 19: 1746 (1998)                   
          RI-J Method:                                     
              Auxiliary Basis Sets to approximate Coulomb      
              Potentials                                       
              Chem. Phys. Lett. 240: 283 (1995)                
              K. Eichkorn, O. Treutler, H. Oehm, M. Haeser     
              and R. Ahlrichs                                  
              Chem. Phys. Lett. 242: 652 (1995)                
                                                           
              Auxiliary Basis Sets for Main Row Atoms and their
              Use to approximate Coulomb Potentials            
              K. Eichkorn, F. Weigend, O. Treutler and         
              R. Ahlrichs                                      
              Theo. Chem. Acc. 97: 119 (1997)                   
                                                           
              Accurate Coulomb-fitting basis sets for H to Rn 
              F. Weigend                                        
              Phys. Chem. Chem. Phys. 8: 1057 (2006)            
                                                           
          Multipole accelerated RI-J (MARI-J):             
              Fast evaluation of the Coulomb potential for     
              electron densities using multipole accelerated   
              resolution of identity approximation             
              M. Sierka, A. Hogekamp and R. Ahlrichs           
              J. Chem. Phys. 118: 9136 (2003)                  
          RI-JK Method:                                     
              A fully direct RI-HF algorithm: Implementation,
              optimised auxiliary basis sets, demonstration of
              accuracy and efficiency                         
              F. Weigend                                      
              Phys. Chem. Chem. Phys. 4: 4285 (2002)           
          Two-component HF and DFT with spin-orbit coupling:  
              Self-consistent treatment of spin-orbit         
              interactions with efficient Hartree-Fock and    
              density functional methods                      
              M. K. Armbruster, F. Weigend, C. van Wüllen and 
              W. Klopper                                      
              Phys. Chem. Chem. Phys. 10: 1748 (2008)         
          Two-component difference density and DIIS algorithm 
              Efficient two-component self-consistent field   
              procedures and gradients: implementation in     
              TURBOMOLE and application to Au20-              
              A. Baldes, F. Weigend                           
              Mol. Phys. 111: 2617 (2013)                     
          Relativistic all-electron 2c calculations           
              An efficient implementation of two-component    
              relativistic exact-decoupling methods for large 
              molecules                                       
              D. Peng, N. Middendorf, F. Weigend, M. Reiher   
              J. Chem. Phys. 138: 184105 (2013)               
          Finite nucleus model and SNSO approximation         
              Efficient implementation of one- and two-       
              component analytical energy gradients in exact  
              two-component theory                            
              Y. J. Franzke, N. Middendorf, F. Weigend        
              J. Chem. Phys. 148: 104110 (2018)               
          Grids for all-electron relativistic methods         
              Error-consistent segmented contracted all-      
              electron relativistic basis sets of double-     
              and triple-zeta quality for NMR shielding       
              constants                                       
              Y. J. Franzke, R. Tress, T. M. Pazdera,         
              F. Weigend                                      
              Phys. Chem. Chem. Phys. 21: 166658 (2019)       
          Seminumerical exchange algorithms                   
              Seminumerical calculation of the Hartree-Fock   
              exchange matirx: Application to two-component   
              procedures and efficient evaluation of local    
              hybrid functionsl                               
              P. Plessow, F. Weigend,                         
              J. Comput. Chem. 33: 810 (2012)                 
          Improved seminumerical algorithms                   
              C. Holzer, in preparation (2020)                
                                         




              +--------------------------------------------------+
              |      general information about current run       |
              +--------------------------------------------------+

 

 DENSITY CONVERGENCE CHECK SWITCHED ON !
 SCF CONVERGENCE IF RMS(delta[D]) <     0.1000000000E-06

 TPSS global hybrid functional
 exchange:    9/10 (LDA+TPSS) + 1/10 HF
 correlation: LDA (PW) + TPSS
 A Hybrid-DFT calculation using the RI-J approximation will be carried out.
 Allocatable memory for RI due to $ricore (MB):                  5000


              +--------------------------------------------------+
              | Atomic coordinate, charge and isotop information |
              +--------------------------------------------------+

                    atomic coordinates            atom    charge  isotop
         -0.20259637   -0.31617110   -0.03783818    cl     0.000     0
          0.01800950    0.01536137    2.46574834    h      0.000     0
          0.12378732    0.13079216    5.63236034    n      7.000     0
          1.92218202    0.17132367    6.28007515    h      1.000     0
         -1.17477919   -2.16015395    6.50263359    c      6.000     0
         -3.09045648   -2.15523634    5.76369796    h      1.000     0
         -0.21384154   -3.80016434    5.72620126    h      1.000     0
         -1.25417634   -2.34570047    8.55261264    h      1.000     0
         -0.74102162    1.69369613    6.31415805    h      1.000     0
 
       center of nuclear mass  :   -0.33983673   -0.61901506    2.82937552
       center of nuclear charge:   -0.53108210   -1.02674777    6.17105939

              +--------------------------------------------------+
              |               basis set information              |
              +--------------------------------------------------+

              we will work with the 1s 3p 5d 7f 9g ... basis set
              ...i.e. with spherical basis functions...

   type   atoms  prim   cont   basis
   ---------------------------------------------------------------------------
    cl       1    105     70   def2-QZVP   [9s6p4d2f1g|20s14p4d2f1g]
    h        6     33     30   def2-QZVP   [4s3p2d1f|7s3p2d1f]
    n        1     77     57   def2-QZVP   [7s4p3d2f1g|15s8p3d2f1g]
    c        1     77     57   def2-QZVP   [7s4p3d2f1g|15s8p3d2f1g]
   ---------------------------------------------------------------------------
   total:    9    457    364
   ---------------------------------------------------------------------------

   total number of primitive shells          :  112
   total number of contracted shells         :  116
   total number of cartesian basis functions :  440
   total number of SCF-basis functions       :  364


 integral neglect threshold       :  0.76E-11
 integral storage threshold THIZE :  0.10E-04
 integral storage threshold THIME :         5

 RI-J AUXILIARY BASIS SET information:

              we will work with the 1s 3p 5d 7f 9g ... basis set
              ...i.e. with spherical basis functions...

   type   atoms  prim   cont   basis
   ---------------------------------------------------------------------------
    cl       1     77     51   def2-QZVP   [8s4p3d1f1g|14s5p5d2f1g]
    h        6     16     11   def2-QZVP   [3s1p1d|5s2p1d]
    n        1     70     49   def2-QZVP   [6s4p3d1f1g|12s5p4d2f1g]
    c        1     70     49   def2-QZVP   [6s4p3d1f1g|12s5p4d2f1g]
   ---------------------------------------------------------------------------
   total:    9    313    215
   ---------------------------------------------------------------------------

   total number of primitive shells          :   83
   total number of contracted shells         :   77
   total number of cartesian basis functions :  257
   total number of SCF-basis functions       :  215


 symmetry group of the molecule :   c1 

 the group has the following generators :
   c1(z)

    1 symmetry operations found

 there are 1 real representations :   a   

 maximum number of shells which are related by symmetry :  1

  
           ------------------
           density functional
           ------------------
 Dummy atoms with grid-point found.
 DFT quadrature threshold dgrenze tightened by factor 1/10.

 TPSS global hybrid functional
 exchange:    9/10 (LDA+TPSS) + 1/10 HF
 correlation: LDA (PW) + TPSS
 Dummy atoms with grid-point found.
 DFT quadrature threshold dgrenze tightened by factor 1/10.

 Dummy atoms with grid-point found.
 DFT quadrature threshold dgrenze tightened by factor 1/10.


 spherical integration : Lebedev's spherical grid
 spherical gridsize    :                     5
    i.e. gridpoints    :                   590
 value for diffuse not defined
 radial integration    : Chebyshev 2nd kind (scaling 3)
 radial gridsize       :                     8
 integration cells     :                     9
 partition function    : becke
 partition sharpness   :                     3
  
 found dummy atom(s) with basis: included in dft

 biggest AO integral is expected to be    12.165751258

          ------------------------
          nuclear repulsion energy  :   42.0380643283    
          ------------------------


         -----------------
         -S,T+V- integrals
         -----------------

 1e-integrals will be neglected if expon. factor < 0.759537E-12
 
   Difference densities algorithm switched on.
   The maximal number of linear combinations of
   difference densities is                    20 .

 DIIS switched on: error vector is FDS-SDF
 Max. Iterations for DIIS is     :   4
 DIIS matrix (see manual) 
    Scaling factor of diagonals  :  1.200
    threshold for scaling factor :  0.000

 scf convergence criterion : increment of total energy < .1000000D-06
                  and increment of one-electron energy < .1000000D-03

 MOs are in ASCII format !


    mo occupation :
   irrep   mo's   occupied
    a      364        9
 
 number of basis functions   :   364
 number of occupied orbitals :     9
 

 reading orbital data $scfmo  from file mos
 orbital characterization : scfconv=7
 mo-orthogonalization by Cholesky decomposition

 automatic virtual orbital shift switched on 
      shift if e(lumo)-e(homo) < 0.10000000    

  
           ------------------------
               RI-J - INFORMATION
           ------------------------
 Contributions to RI integral batches: 
  neglected integral batches:                   686
  direct contribution:                            0
  memory contribution:                  6100
 Memory core needed for (P|Q) and Cholesky      1 MByte
 Memory core minimum needed except of (P|Q)     1 MByte
 Total minimum memory core needed (sum)         2 MByte
  
 ****************************************
 Memory allocated for RI-J   178 MByte
 ****************************************
                                            

 DSCF restart information will be dumped onto file mos


 Starting SCF iterations

          Overall gridpoints after grid construction =        137765

 ITERATION  ENERGY          1e-ENERGY        2e-ENERGY     RMS[dD(SAO)]   TOL
   1  -95.908995402873    -211.64420977     73.697150035    0.000D+00 0.758D-11
                            Exc = -12.8784493128     Coul =  87.9332231336    
                            exK = -1.35762378576    
                              N = 18.000000507    
                            current damping = 0.300
 
          max. resid. norm for Fia-block=  1.135D-02 for orbital      1a         
          max. resid. fock norm         =  6.292D-02 for orbital    356a         

 ITERATION  ENERGY          1e-ENERGY        2e-ENERGY     RMS[dD(SAO)]   TOL
   2  -95.909179392350    -211.64859734     73.701353616    0.123D-03 0.482D-11
                            Exc = -12.8786622319      Eck =  86.5800158479    
                              N = 18.000000508    
                            current damping = 0.250
 
          Norm of current diis error: 0.20775E-01
          max. resid. norm for Fia-block=  3.351D-03 for orbital      1a         
          max. resid. fock norm         =  1.417D-02 for orbital    356a         

 ITERATION  ENERGY          1e-ENERGY        2e-ENERGY     RMS[dD(SAO)]   TOL
   3  -95.909188436715    -211.64735694     73.700104170    0.248D-04 0.395D-11
                            Exc = -12.8786405460      Eck =  86.5787447162    
                              N = 18.000000508    
                            current damping = 0.200
 
          Norm of current diis error: 0.63674E-02
          max. resid. norm for Fia-block=  7.466D-04 for orbital      1a         
          max. resid. fock norm         =  2.731D-03 for orbital    356a         

 ITERATION  ENERGY          1e-ENERGY        2e-ENERGY     RMS[dD(SAO)]   TOL
   4  -95.909188984762    -211.65112869     73.703875381    0.906D-05 0.364D-11
                            Exc = -12.8791036844      Eck =  86.5829790651    
                              N = 18.000000509    
                            current damping = 0.250
 
          Norm of current diis error: 0.45180E-02
          max. resid. norm for Fia-block=  1.624D-04 for orbital      9a         
          max. resid. fock norm         =  5.983D-04 for orbital    356a         

 ITERATION  ENERGY          1e-ENERGY        2e-ENERGY     RMS[dD(SAO)]   TOL
   5  -95.909189368149    -211.64859795     73.701344257    0.167D-05 0.349D-11
                            Exc = -12.8788196018      Eck =  86.5801638591    
                              N = 18.000000509    
                            current damping = 0.300
 
          Norm of current diis error: 0.48352E-03
          max. resid. norm for Fia-block=  2.898D-05 for orbital      8a         
          max. resid. fock norm         =  9.664D-05 for orbital    356a         
          mo-orthogonalization: Cholesky decomposition

 ITERATION  ENERGY          1e-ENERGY        2e-ENERGY     RMS[dD(SAO)]   TOL
   6  -95.909189372043    -211.64932864     73.702074943    0.417D-06 0.340D-11
                            Exc = -12.8788865138      Eck =  86.5809614571    
                              N = 18.000000509    
                            current damping = 0.350
 
          Norm of current diis error: 0.26428E-03
          max. resid. norm for Fia-block=  9.423D-06 for orbital      6a         
          max. resid. fock norm         =  2.640D-05 for orbital    356a         

 ENERGY & DENSITY CONVERGED !


 ITERATION  ENERGY          1e-ENERGY        2e-ENERGY     RMS[dD(SAO)]   TOL
   7  -95.909189373837    -211.64901772     73.701764019    0.111D-06 0.330D-11
                            Exc = -12.8788585357      Eck =  86.5806225551    
                              N = 18.000000509    
                            current damping = 0.400
 
          Norm of current diis error: 0.30382E-04
          max. resid. norm for Fia-block=  1.861D-06 for orbital      7a         
          max. resid. fock norm         =  6.171D-06 for orbital    356a         

 End of SCF iterations

   convergence criteria satisfied after     7 iterations


                  ------------------------------------------ 
                 |  total energy      =    -95.90918937384  |
                  ------------------------------------------ 
                 :  kinetic energy    =     95.46024187711  :
                 :  potential energy  =   -191.36943125094  :
                 :  virial theorem    =      1.99531903565  :
                 :  wavefunction norm =      1.00000000000  :
                  .......................................... 


 orbitals $scfmo  will be written to file mos

    irrep                  5a          6a          7a          8a          9a   
 eigenvalues H         -0.47178    -0.42147    -0.38698    -0.35437    -0.22302
            eV         -12.8378    -11.4687    -10.5303     -9.6430     -6.0688
 occupation              2.0000      2.0000      2.0000      2.0000      2.0000

    irrep                 10a         11a         12a         13a         14a   
 eigenvalues H          0.01674     0.04995     0.06628     0.07258     0.10226
            eV           0.4554      1.3593      1.8035      1.9751      2.7826
 
 
 
 
 ==============================================================================
                           electrostatic moments
 ==============================================================================

 reference point for electrostatic moments:    0.00000   0.00000   0.00000

 
              nuc           elec       ->  total
 ------------------------------------------------------------------------------
                          charge      
 ------------------------------------------------------------------------------
          18.000000     -18.000000       0.000000
 
 ------------------------------------------------------------------------------
                       dipole moment  
 ------------------------------------------------------------------------------
   x      -9.559478       9.570426       0.010948
   y     -18.481460      18.489082       0.007622
   z     111.079069    -110.562049       0.517020
 
   | dipole moment | =     0.5172 a.u. =     1.3146 debye 
 
 ------------------------------------------------------------------------------
                     quadrupole moment
 ------------------------------------------------------------------------------
  xx      23.801405     -33.308704      -9.507300
  yy      55.603898     -65.363661      -9.759762
  zz     694.234556    -699.959726      -5.725170
  xy      24.829025     -25.030188      -0.201162
  xz     -63.325370      63.659038       0.333668
  yz    -121.597772     122.120444       0.522672
 
     1/3  trace=      -8.330744
     anisotropy=       4.074071
 
 ==============================================================================
 
HOMO-LUMO Separation
 HOMO         :   -0.22302336 H =     -6.06878 eV
 LUMO         :    0.01673575 H =     +0.45540 eV
 HOMO-LUMO gap:    0.23975911 H =     +6.52418 eV
 
 ==============================================================================


    ------------------------------------------------------------------------
         total  cpu-time :  8 minutes and 47 seconds
         total wall-time :  55.58 seconds
    ------------------------------------------------------------------------

   ****  ridft : all done  ****


    2020-12-12 23:42:02.280 

