
 ridft (riogrande) : TURBOMOLE rev. V7.4.1 (b987a8a8) compiled 15 Oct 2019 at 12:03:25
 Copyright (C) 2019 TURBOMOLE GmbH, Karlsruhe


    2020-07-20 19:23:04.780 



                                  r i d f t

                        DFT program with RI approximation 
                                for coulomb part 




                                                 
                                 References:     
                                                 
          TURBOMOLE:                             
              R. Ahlrichs, M. Baer, M. Haeser, H. Horn, and
              C. Koelmel
              Electronic structure calculations on workstation
              computers: the program system TURBOMOLE
              Chem. Phys. Lett. 162: 165 (1989)
          Density Functional:                              
              O. Treutler and R. Ahlrichs                      
              Efficient Molecular Numerical Integration Schemes
              J. Chem. Phys. 102: 346 (1995)                   
          Parallel Version:                                
              Performance of parallel TURBOMOLE for Density    
              Functional Calculations                          
              M. v. Arnim and R. Ahlrichs                      
              J. Comp. Chem. 19: 1746 (1998)                   
          RI-J Method:                                     
              Auxiliary Basis Sets to approximate Coulomb      
              Potentials                                       
              Chem. Phys. Lett. 240: 283 (1995)                
              K. Eichkorn, O. Treutler, H. Oehm, M. Haeser     
              and R. Ahlrichs                                  
              Chem. Phys. Lett. 242: 652 (1995)                
                                                           
              Auxiliary Basis Sets for Main Row Atoms and their
              Use to approximate Coulomb Potentials            
              K. Eichkorn, F. Weigend, O. Treutler and         
              R. Ahlrichs                                      
              Theo. Chem. Acc. 97: 119 (1997)                   
                                                           
              Accurate Coulomb-fitting basis sets for H to Rn 
              F. Weigend                                        
              Phys. Chem. Chem. Phys. 8: 1057 (2006)            
                                                           
          Multipole accelerated RI-J (MARI-J):             
              Fast evaluation of the Coulomb potential for     
              electron densities using multipole accelerated   
              resolution of identity approximation             
              M. Sierka, A. Hogekamp and R. Ahlrichs           
              J. Chem. Phys. 118: 9136 (2003)                  
          RI-JK Method:                                     
              A fully direct RI-HF algorithm: Implementation,
              optimised auxiliary basis sets, demonstration of
              accuracy and efficiency                         
              F. Weigend                                      
              Phys. Chem. Chem. Phys. 4: 4285 (2002)           
          Two-component HF and DFT with spin-orbit coupling:  
              Self-consistent treatment of spin-orbit         
              interactions with efficient Hartree-Fock and    
              density functional methods                      
              M. K. Armbruster, F. Weigend, C. van Wüllen and 
              W. Klopper                                      
              Phys. Chem. Chem. Phys. 10: 1748 (2008)         
          Two-component difference density and DIIS algorithm 
              Efficient two-component self-consistent field   
              procedures and gradients: implementation in     
              TURBOMOLE and application to Au20-              
              A. Baldes, F. Weigend                           
              Mol. Phys. 111: 2617 (2013)                     
          Relativistic all-electron 2c calculations           
              An efficient implementation of two-component    
              relativistic exact-decoupling methods for large 
              molecules                                       
              D. Peng, N. Middendorf, F. Weigend, M. Reiher   
              J. Chem. Phys. 138: 184105 (2013)               
          Finite nucleus model and SNSO approximation         
              Efficient implementation of one- and two-       
              component analytical energy gradients in exact  
              two-component theory                            
              Y. J. Franzke, N. Middendorf, F. Weigend        
              J. Chem. Phys. 148: 104110 (2018)               
                                         




              +--------------------------------------------------+
              |      general information about current run       |
              +--------------------------------------------------+

 

 DENSITY CONVERGENCE CHECK SWITCHED ON !
 SCF CONVERGENCE IF RMS(delta[D]) <     0.1000000000E-06

 PBE functional
 exchange:    LDA + PBE
 correlation: LDA (PW) + PBE
 A DFT calculation using the RI-J approximation will be carried out.
 Allocatable memory for RI due to $ricore (MB):                   500


              +--------------------------------------------------+
              | Atomic coordinate, charge and isotop information |
              +--------------------------------------------------+

                    atomic coordinates            atom    charge  isotop
          0.12378732    0.13079216    5.63236034    n      7.000     0
          1.92218202    0.17132367    6.28007515    h      1.000     0
         -1.17477919   -2.16015395    6.50263359    c      6.000     0
         -3.09045648   -2.15523634    5.76369796    h      1.000     0
         -0.21384154   -3.80016434    5.72620126    h      1.000     0
         -1.25417634   -2.34570047    8.55261264    h      1.000     0
         -0.74102162    1.69369613    6.31415805    h      1.000     0
 
       center of nuclear mass  :   -0.50811323   -0.98530617    6.11416006
       center of nuclear charge:   -0.53108210   -1.02674777    6.17105939

              +--------------------------------------------------+
              |               basis set information              |
              +--------------------------------------------------+

              we will work with the 1s 3p 5d 7f 9g ... basis set
              ...i.e. with spherical basis functions...

   type   atoms  prim   cont   basis
   ---------------------------------------------------------------------------
    n        1     77     57   def2-QZVP   [7s4p3d2f1g|15s8p3d2f1g]
    h        5     33     30   def2-QZVP   [4s3p2d1f|7s3p2d1f]
    c        1     77     57   def2-QZVP   [7s4p3d2f1g|15s8p3d2f1g]
   ---------------------------------------------------------------------------
   total:    7    319    264
   ---------------------------------------------------------------------------

   total number of primitive shells          :   71
   total number of contracted shells         :   84
   total number of cartesian basis functions :  319
   total number of SCF-basis functions       :  264


 integral neglect threshold       :  0.10E-10
 integral storage threshold THIZE :  0.10E-04
 integral storage threshold THIME :         5

 RI-J AUXILIARY BASIS SET information:

              we will work with the 1s 3p 5d 7f 9g ... basis set
              ...i.e. with spherical basis functions...

   type   atoms  prim   cont   basis
   ---------------------------------------------------------------------------
    n        1     70     49   def2-QZVP   [6s4p3d1f1g|12s5p4d2f1g]
    h        5     16     11   def2-QZVP   [3s1p1d|5s2p1d]
    c        1     70     49   def2-QZVP   [6s4p3d1f1g|12s5p4d2f1g]
   ---------------------------------------------------------------------------
   total:    7    220    153
   ---------------------------------------------------------------------------

   total number of primitive shells          :   56
   total number of contracted shells         :   55
   total number of cartesian basis functions :  182
   total number of SCF-basis functions       :  153


 symmetry group of the molecule :   c1 

 the group has the following generators :
   c1(z)

    1 symmetry operations found

 there are 1 real representations :   a   

 maximum number of shells which are related by symmetry :  1


    mo occupation :
   irrep   mo's   occupied
    a      264        9
 
 number of basis functions   :                    264
 number of occupied orbitals :                      9
 
  
           ------------------
           density functional
           ------------------
 PBE functional
 exchange:    LDA + PBE
 correlation: LDA (PW) + PBE

 spherical integration : Lebedev's spherical grid
 spherical gridsize    :                     5
    i.e. gridpoints    :                   590
 value for diffuse not defined
 radial integration    : Chebyshev 2nd kind (scaling 3)
 radial gridsize       :                     8
 integration cells     :                     7
 partition function    : becke
 partition sharpness   :                     3
  

 biggest AO integral is expected to be     6.129561670
  
           ------------------------
               RI-J - INFORMATION
           ------------------------
 Contributions to RI integral batches: 
  neglected integral batches:                    60
  direct contribution:                            0
  memory contribution:                  3510
 Memory core needed for (P|Q) and Cholesky      1 MByte
 Memory core minimum needed except of (P|Q)     1 MByte
 Total minimum memory core needed (sum)         1 MByte
  
 ****************************************
 Memory allocated for RI-J    72 MByte
 ****************************************
                                            

          ------------------------
          nuclear repulsion energy  :   42.0380643283    
          ------------------------


         -----------------
         -S,T+V- integrals
         -----------------

 1e-integrals will be neglected if expon. factor < 0.104764E-11
 
   Difference densities algorithm switched on.
   The maximal number of linear combinations of
   difference densities is                    20 .

 DIIS switched on: error vector is FDS-SDF
 Max. Iterations for DIIS is     :   4
 DIIS matrix (see manual) 
    Scaling factor of diagonals  :  1.200
    threshold for scaling factor :  0.000

 scf convergence criterion : increment of total energy < .1000000D-06
                  and increment of one-electron energy < .1000000D-03

  MOs are in ASCII format !


 automatic virtual orbital shift switched on 
      shift if e(lumo)-e(homo) < 0.10000000    


 reading orbital data $scfmo  from file mos
 orbital characterization : expanded
 mo provided and orthogonalized by Cholesky decomposition

 DSCF restart information will be dumped onto file mos


 Starting SCF iterations

          Overall gridpoints after grid construction =        103891

 ITERATION  ENERGY          1e-ENERGY        2e-ENERGY     RMS[dD(SAO)]   TOL
   1  -95.387186582962    -210.06143361     72.636182698    0.000D+00 0.104D-10
                            Exc = -13.8166528214     Coul =  86.4528355196    
                              N = 17.999999883    
                            current damping = 0.300
 
          max. resid. norm for Fia-block=  5.685D-01 for orbital      3a         
          max. resid. fock norm         =  5.492D+01 for orbital    257a         

 ITERATION  ENERGY          1e-ENERGY        2e-ENERGY     RMS[dD(SAO)]   TOL
   2  -95.734678628346    -211.52244782     73.749704860    0.488D-02 0.814D-11
                            Exc = -14.0166340891     Coul =  87.7663389495    
                              N = 17.999999873    
                            current damping = 0.250
 
          Norm of current diis error:  1.2540    
          max. resid. norm for Fia-block=  8.379D-02 for orbital      3a         
          max. resid. fock norm         =  1.791D-01 for orbital    135a         

 ITERATION  ENERGY          1e-ENERGY        2e-ENERGY     RMS[dD(SAO)]   TOL
   3  -95.764516014239    -211.66833661     73.865756268    0.277D-02 0.582D-11
                            Exc = -14.0849794841     Coul =  87.9507357523    
                              N = 17.999999857    
                            current damping = 0.100
 
          Norm of current diis error: 0.64098    
          max. resid. norm for Fia-block=  3.288D-02 for orbital      9a         
          max. resid. fock norm         =  3.396D-02 for orbital      9a         

 ITERATION  ENERGY          1e-ENERGY        2e-ENERGY     RMS[dD(SAO)]   TOL
   4  -95.772929865439    -211.42446058     73.613466390    0.177D-02 0.483D-11
                            Exc = -14.0528562358     Coul =  87.6663226257    
                              N = 17.999999841    
                            current damping = 0.150
 
          Norm of current diis error: 0.29909    
          max. resid. norm for Fia-block=  1.031D-02 for orbital      3a         
          max. resid. fock norm         =  1.516D-02 for orbital    244a         

 ITERATION  ENERGY          1e-ENERGY        2e-ENERGY     RMS[dD(SAO)]   TOL
   5  -95.774294146890    -211.79411143     73.981752957    0.216D-03 0.467D-11
                            Exc = -14.0942005699     Coul =  88.0759535271    
                              N = 17.999999850    
                            current damping = 0.200
 
          Norm of current diis error: 0.12508    
          max. resid. norm for Fia-block=  4.060D-03 for orbital      8a         
          max. resid. fock norm         =  4.632D-03 for orbital     23a         
          mo-orthogonalization: Cholesky decomposition

 ITERATION  ENERGY          1e-ENERGY        2e-ENERGY     RMS[dD(SAO)]   TOL
   6  -95.774589957938    -211.59323615     73.780581860    0.181D-03 0.452D-11
                            Exc = -14.0736715258     Coul =  87.8542533860    
                              N = 17.999999842    
                            current damping = 0.250
 
          Norm of current diis error: 0.29459E-01
          max. resid. norm for Fia-block=  1.039D-03 for orbital      9a         
          max. resid. fock norm         =  1.175D-03 for orbital    134a         

 ITERATION  ENERGY          1e-ENERGY        2e-ENERGY     RMS[dD(SAO)]   TOL
   7  -95.774607328783    -211.62928975     73.816618094    0.377D-04 0.443D-11
                            Exc = -14.0774440782     Coul =  87.8940621719    
                              N = 17.999999843    
                            current damping = 0.300
 
          Norm of current diis error: 0.36740E-02
          max. resid. norm for Fia-block=  1.827D-04 for orbital      9a         
          max. resid. fock norm         =  2.440D-04 for orbital      9a         

 ITERATION  ENERGY          1e-ENERGY        2e-ENERGY     RMS[dD(SAO)]   TOL
   8  -95.774607576922    -211.63047280     73.817800896    0.803D-05 0.437D-11
                            Exc = -14.0775603475     Coul =  87.8953612431    
                              N = 17.999999844    
                            current damping = 0.150
 
          Norm of current diis error: 0.87823E-03
          max. resid. norm for Fia-block=  3.819D-05 for orbital      7a         
          max. resid. fock norm         =  5.298D-05 for orbital      6a         

 ENERGY & DENSITY CONVERGED !


 ITERATION  ENERGY          1e-ENERGY        2e-ENERGY     RMS[dD(SAO)]   TOL
   9  -95.774607586770    -211.63044907     73.817777158    0.113D-05 0.427D-11
                            Exc = -14.0775695343     Coul =  87.8953466924    
                              N = 17.999999844    
                            current damping = 0.200
 
          Norm of current diis error: 0.52330E-03
          max. resid. norm for Fia-block=  1.768D-05 for orbital      9a         
          max. resid. fock norm         =  2.750D-05 for orbital    135a         

 End of SCF iterations

   convergence criteria satisfied after     9 iterations


                  ------------------------------------------ 
                 |  total energy      =    -95.77460758677  |
                  ------------------------------------------ 
                 :  kinetic energy    =     95.37895008245  :
                 :  potential energy  =   -191.15355766922  :
                 :  virial theorem    =      1.99586886844  :
                 :  wavefunction norm =      1.00000000000  :
                  .......................................... 


 <geterg> : there is no data group $energy 


 <skperg> : $end is missing 


 orbitals $scfmo  will be written to file mos

    irrep                  5a          6a          7a          8a          9a   
 eigenvalues H         -0.44044    -0.39280    -0.35927    -0.32486    -0.19664
            eV         -11.9850    -10.6886     -9.7764     -8.8400     -5.3510
 occupation              2.0000      2.0000      2.0000      2.0000      2.0000

    irrep                 10a         11a         12a         13a         14a   
 eigenvalues H          0.00020     0.03438     0.05127     0.07407     0.08838
            eV           0.0054      0.9355      1.3952      2.0154      2.4050
 
 
 
 
 ==============================================================================
                           electrostatic moments
 ==============================================================================

 reference point for electrostatic moments:    0.00000   0.00000   0.00000

 
              nuc           elec       ->  total
 ------------------------------------------------------------------------------
                          charge      
 ------------------------------------------------------------------------------
          18.000000     -18.000000      -0.000000
 
 ------------------------------------------------------------------------------
                       dipole moment  
 ------------------------------------------------------------------------------
   x      -9.559478       9.575539       0.016061
   y     -18.481460      18.498419       0.016959
   z     111.079069    -110.579523       0.499546
 
   | dipole moment | =     0.5001 a.u. =     1.2711 debye 
 
 ------------------------------------------------------------------------------
                     quadrupole moment
 ------------------------------------------------------------------------------
  xx      23.801405     -33.409239      -9.607834
  yy      55.603898     -65.480972      -9.877073
  zz     694.234556    -700.283836      -6.049280
  xy      24.829025     -25.043373      -0.214347
  xz     -63.325370      63.690316       0.364946
  yz    -121.597772     122.179631       0.581859
 
     1/3  trace=      -8.511396
     anisotropy=       3.904737
 
 ==============================================================================
 
HOMO-LUMO Separation
 HOMO         :   -0.19664362 H =     -5.35095 eV
 LUMO         :    0.00019990 H =     +0.00544 eV
 HOMO-LUMO gap:    0.19684352 H =     +5.35639 eV
 
 ==============================================================================


    ------------------------------------------------------------------------
         total  cpu-time :  20.31 seconds
         total wall-time :  20.32 seconds
    ------------------------------------------------------------------------

   ****  ridft : all done  ****


    2020-07-20 19:23:25.089 

