           SMPCPUS    set: Shared-memory Parallelization with  20 CPUs.

           SMP Parallelization Reference:
           C. van Wullen, J. Comput. Chem. 32 (2011) 1195--1201

 ridft (c-15-19) : TURBOMOLE rev. V7.5.0 compiled 13 Jun 2020 at 23:29:25
 Copyright (C) 2020 TURBOMOLE GmbH, Karlsruhe


    2020-07-20 15:34:39.011 



                                  r i d f t

                        DFT program with RI approximation 
                                for coulomb part 




                                                 
                                 References:     
                                                 
          TURBOMOLE:                             
              R. Ahlrichs, M. Baer, M. Haeser, H. Horn, and
              C. Koelmel
              Electronic structure calculations on workstation
              computers: the program system TURBOMOLE
              Chem. Phys. Lett. 162: 165 (1989)
          Density Functional:                              
              O. Treutler and R. Ahlrichs                      
              Efficient Molecular Numerical Integration Schemes
              J. Chem. Phys. 102: 346 (1995)                   
          Parallel Version:                                
              Performance of parallel TURBOMOLE for Density    
              Functional Calculations                          
              M. v. Arnim and R. Ahlrichs                      
              J. Comp. Chem. 19: 1746 (1998)                   
          RI-J Method:                                     
              Auxiliary Basis Sets to approximate Coulomb      
              Potentials                                       
              Chem. Phys. Lett. 240: 283 (1995)                
              K. Eichkorn, O. Treutler, H. Oehm, M. Haeser     
              and R. Ahlrichs                                  
              Chem. Phys. Lett. 242: 652 (1995)                
                                                           
              Auxiliary Basis Sets for Main Row Atoms and their
              Use to approximate Coulomb Potentials            
              K. Eichkorn, F. Weigend, O. Treutler and         
              R. Ahlrichs                                      
              Theo. Chem. Acc. 97: 119 (1997)                   
                                                           
              Accurate Coulomb-fitting basis sets for H to Rn 
              F. Weigend                                        
              Phys. Chem. Chem. Phys. 8: 1057 (2006)            
                                                           
          Multipole accelerated RI-J (MARI-J):             
              Fast evaluation of the Coulomb potential for     
              electron densities using multipole accelerated   
              resolution of identity approximation             
              M. Sierka, A. Hogekamp and R. Ahlrichs           
              J. Chem. Phys. 118: 9136 (2003)                  
          RI-JK Method:                                     
              A fully direct RI-HF algorithm: Implementation,
              optimised auxiliary basis sets, demonstration of
              accuracy and efficiency                         
              F. Weigend                                      
              Phys. Chem. Chem. Phys. 4: 4285 (2002)           
          Two-component HF and DFT with spin-orbit coupling:  
              Self-consistent treatment of spin-orbit         
              interactions with efficient Hartree-Fock and    
              density functional methods                      
              M. K. Armbruster, F. Weigend, C. van Wüllen and 
              W. Klopper                                      
              Phys. Chem. Chem. Phys. 10: 1748 (2008)         
          Two-component difference density and DIIS algorithm 
              Efficient two-component self-consistent field   
              procedures and gradients: implementation in     
              TURBOMOLE and application to Au20-              
              A. Baldes, F. Weigend                           
              Mol. Phys. 111: 2617 (2013)                     
          Relativistic all-electron 2c calculations           
              An efficient implementation of two-component    
              relativistic exact-decoupling methods for large 
              molecules                                       
              D. Peng, N. Middendorf, F. Weigend, M. Reiher   
              J. Chem. Phys. 138: 184105 (2013)               
          Finite nucleus model and SNSO approximation         
              Efficient implementation of one- and two-       
              component analytical energy gradients in exact  
              two-component theory                            
              Y. J. Franzke, N. Middendorf, F. Weigend        
              J. Chem. Phys. 148: 104110 (2018)               
          Grids for all-electron relativistic methods         
              Error-consistent segmented contracted all-      
              electron relativistic basis sets of double-     
              and triple-zeta quality for NMR shielding       
              constants                                       
              Y. J. Franzke, R. Tress, T. M. Pazdera,         
              F. Weigend                                      
              Phys. Chem. Chem. Phys. 21: 166658 (2019)       
          Seminumerical exchange algorithms                   
              Seminumerical calculation of the Hartree-Fock   
              exchange matirx: Application to two-component   
              procedures and efficient evaluation of local    
              hybrid functionsl                               
              P. Plessow, F. Weigend,                         
              J. Comput. Chem. 33: 810 (2012)                 
          Improved seminumerical algorithms                   
              C. Holzer, in preparation (2020)                
                                         




              +--------------------------------------------------+
              |      general information about current run       |
              +--------------------------------------------------+

 

 DENSITY CONVERGENCE CHECK SWITCHED ON !
 SCF CONVERGENCE IF RMS(delta[D]) <     0.1000000000E-06

 PBE functional
 exchange:    LDA + PBE
 correlation: LDA (PW) + PBE
 A DFT calculation using the RI-J approximation will be carried out.
 Allocatable memory for RI due to $ricore (MB):                  5000


              +--------------------------------------------------+
              | Atomic coordinate, charge and isotop information |
              +--------------------------------------------------+

                    atomic coordinates            atom    charge  isotop
          0.09629604    0.10424521   -0.06222091    c      6.000     0
         -1.93592170    0.13656892    0.22213007    h      1.000     0
          0.96064036   -1.20359052    1.26209139    h      1.000     0
          0.85172434    1.98489401    0.25561443    h      1.000     0
          0.51823099   -0.47638482   -1.98486114    h      1.000     0
         -2.31895861   -5.71744406   -1.11161471    br     0.000     0
         -3.94539075   -9.65591621   -1.81583524    br     0.000     0
 
       center of nuclear mass  :   -2.83760108   -6.97580774   -1.33584979
       center of nuclear charge:    0.09724502    0.10669589   -0.06183507

              +--------------------------------------------------+
              |               basis set information              |
              +--------------------------------------------------+

              we will work with the 1s 3p 5d 7f 9g ... basis set
              ...i.e. with spherical basis functions...

   type   atoms  prim   cont   basis
   ---------------------------------------------------------------------------
    c        1    118     91   cc-pV5Z   [6s5p4d3f2g1h|24s8p4d3f2g1h]
    h        4     58     55   cc-pV5Z   [5s4p3d2f1g|8s4p3d2f1g]
    br       2    336    104   cc-pV5Z   [8s7p5d3f2g1h|92s43p13d3f2g1h]
   ---------------------------------------------------------------------------
   total:    7   1022    519
   ---------------------------------------------------------------------------

   total number of primitive shells          :  214
   total number of contracted shells         :  133
   total number of cartesian basis functions :  686
   total number of SCF-basis functions       :  519


 integral neglect threshold       :  0.49E-11
 integral storage threshold THIZE :  0.10E-04
 integral storage threshold THIME :         5

 RI-J AUXILIARY BASIS SET information:

              we will work with the 1s 3p 5d 7f 9g ... basis set
              ...i.e. with spherical basis functions...

   type   atoms  prim   cont   basis
   ---------------------------------------------------------------------------
    c        1     70     49   cc-pV5Z   [6s4p3d1f1g|12s5p4d2f1g]
    h        4     16     11   cc-pV5Z   [3s1p1d|5s2p1d]
    br       2     89     58   universal   [8s4p3d2f1g|19s5p5d3f1g]
   ---------------------------------------------------------------------------
   total:    7    312    209
   ---------------------------------------------------------------------------

   total number of primitive shells          :   65
   total number of contracted shells         :   71
   total number of cartesian basis functions :  255
   total number of SCF-basis functions       :  209


 symmetry group of the molecule :   c1 

 the group has the following generators :
   c1(z)

    1 symmetry operations found

 there are 1 real representations :   a   

 maximum number of shells which are related by symmetry :  1

  
           ------------------
           density functional
           ------------------
 Dummy atoms with grid-point found.
 DFT quadrature threshold dgrenze tightened by factor 1/10.

 PBE functional
 exchange:    LDA + PBE
 correlation: LDA (PW) + PBE
 Dummy atoms with grid-point found.
 DFT quadrature threshold dgrenze tightened by factor 1/10.

 Dummy atoms with grid-point found.
 DFT quadrature threshold dgrenze tightened by factor 1/10.


 spherical integration : Lebedev's spherical grid
 spherical gridsize    :                     5
    i.e. gridpoints    :                   590
 value for diffuse not defined
 radial integration    : Chebyshev 2nd kind (scaling 3)
 radial gridsize       :                     8
 integration cells     :                     7
 partition function    : becke
 partition sharpness   :                     3
  
 found dummy atom(s) with basis: included in dft

 biggest AO integral is expected to be    21.504685501

          ------------------------
          nuclear repulsion energy  :   13.4862635071    
          ------------------------


         -----------------
         -S,T+V- integrals
         -----------------

 1e-integrals will be neglected if expon. factor < 0.487166E-12
 
   Difference densities algorithm switched on.
   The maximal number of linear combinations of
   difference densities is                    20 .

 DIIS switched on: error vector is FDS-SDF
 Max. Iterations for DIIS is     :   4
 DIIS matrix (see manual) 
    Scaling factor of diagonals  :  1.200
    threshold for scaling factor :  0.000

 scf convergence criterion : increment of total energy < .1000000D-06
                  and increment of one-electron energy < .1000000D-03

 MOs are in ASCII format !


    mo occupation :
   irrep   mo's   occupied
    a      519        5
 
 number of basis functions   :   519
 number of occupied orbitals :     5
 

 reading orbital data $scfmo  from file mos
 orbital characterization : expanded
 virtual MOs provided and orthogonalized by Cholesky decomposition

 automatic virtual orbital shift switched on 
      shift if e(lumo)-e(homo) < 0.10000000    

  
           ------------------------
               RI-J - INFORMATION
           ------------------------
 Contributions to RI integral batches: 
  neglected integral batches:                  1837
  direct contribution:                            0
  memory contribution:                  7074
 Memory core needed for (P|Q) and Cholesky      1 MByte
 Memory core minimum needed except of (P|Q)     2 MByte
 Total minimum memory core needed (sum)         2 MByte
  
 ****************************************
 Memory allocated for RI-J   363 MByte
 ****************************************
                                            

 DSCF restart information will be dumped onto file mos


 Starting SCF iterations

          Overall gridpoints after grid construction =        121033

 ITERATION  ENERGY          1e-ENERGY        2e-ENERGY     RMS[dD(SAO)]   TOL
   1  -40.284191343074    -78.194243533     24.423788683    0.000D+00 0.486D-11
                            Exc = -6.51707630423     Coul =  30.9408649875    
                              N = 10.000002117    
                            current damping = 0.300
 
          max. resid. norm for Fia-block=  2.794D-01 for orbital      2a         
          max. resid. fock norm         =  1.289D+02 for orbital    145a         

 ITERATION  ENERGY          1e-ENERGY        2e-ENERGY     RMS[dD(SAO)]   TOL
   2  -40.453324637436    -80.095894591     26.156306446    0.575D-02 0.460D-11
                            Exc = -6.81690702491     Coul =  32.9732134713    
                              N = 10.000001466    
                            current damping = 0.250
 
          Norm of current diis error: 0.99885    
          max. resid. norm for Fia-block=  7.262D-02 for orbital      2a         
          max. resid. fock norm         =  1.283D-01 for orbital    508a         

 ITERATION  ENERGY          1e-ENERGY        2e-ENERGY     RMS[dD(SAO)]   TOL
   3  -40.465097566177    -79.666490161     25.715129087    0.154D-02 0.267D-11
                            Exc = -6.79611945202     Coul =  32.5112485393    
                              N = 10.000001264    
                            current damping = 0.200
 
          Norm of current diis error: 0.43781    
          max. resid. norm for Fia-block=  1.714D-02 for orbital      2a         
          max. resid. fock norm         =  1.735D-02 for orbital      2a         

 ITERATION  ENERGY          1e-ENERGY        2e-ENERGY     RMS[dD(SAO)]   TOL
   4  -40.467775075909    -79.993320477     26.039281894    0.427D-03 0.228D-11
                            Exc = -6.84163254247     Coul =  32.8809144363    
                              N = 10.000001205    
                            current damping = 0.250
 
          Norm of current diis error: 0.70402E-01
          max. resid. norm for Fia-block=  2.145D-03 for orbital      1a         
          max. resid. fock norm         =  5.433D-03 for orbital    312a         

 ITERATION  ENERGY          1e-ENERGY        2e-ENERGY     RMS[dD(SAO)]   TOL
   5  -40.467833325068    -79.956001179     26.001904347    0.710D-04 0.214D-11
                            Exc = -6.83720181950     Coul =  32.8391061664    
                              N = 10.000001195    
                            current damping = 0.300
 
          Norm of current diis error: 0.60683E-02
          max. resid. norm for Fia-block=  4.371D-04 for orbital      1a         
          max. resid. fock norm         =  9.270D-04 for orbital    509a         
          mo-orthogonalization: Cholesky decomposition

 ITERATION  ENERGY          1e-ENERGY        2e-ENERGY     RMS[dD(SAO)]   TOL
   6  -40.467833860169    -79.954308559     26.000211191    0.143D-04 0.204D-11
                            Exc = -6.83706785627     Coul =  32.8372790477    
                              N = 10.000001192    
                            current damping = 0.150
 
          Norm of current diis error: 0.13618E-02
          max. resid. norm for Fia-block=  9.919D-05 for orbital      1a         
          max. resid. fock norm         =  2.170D-04 for orbital    372a         

 ITERATION  ENERGY          1e-ENERGY        2e-ENERGY     RMS[dD(SAO)]   TOL
   7  -40.467833889963    -79.953962336     25.999864939    0.387D-05 0.194D-11
                            Exc = -6.83704781368     Coul =  32.8369127524    
                              N = 10.000001192    
                            current damping = 0.100
 
          Norm of current diis error: 0.23001E-03
          max. resid. norm for Fia-block=  1.302D-05 for orbital      1a         
          max. resid. fock norm         =  9.198D-05 for orbital    358a         

 ENERGY & DENSITY CONVERGED !


 ITERATION  ENERGY          1e-ENERGY        2e-ENERGY     RMS[dD(SAO)]   TOL
   8  -40.467833890689    -79.953894054     25.999796656    0.555D-06 0.190D-11
                            Exc = -6.83704093227     Coul =  32.8368375886    
                              N = 10.000001192    
                            current damping = 0.100
 
          Norm of current diis error: 0.67684E-04
          max. resid. norm for Fia-block=  3.430D-06 for orbital      5a         
          max. resid. fock norm         =  9.139D-06 for orbital    318a         

 End of SCF iterations

   convergence criteria satisfied after     8 iterations


                  ------------------------------------------ 
                 |  total energy      =    -40.46783389069  |
                  ------------------------------------------ 
                 :  kinetic energy    =     40.27419945808  :
                 :  potential energy  =    -80.74203334877  :
                 :  virial theorem    =      1.99521510261  :
                 :  wavefunction norm =      1.00000000000  :
                  .......................................... 


 <geterg> : there is no data group $energy 


 <skperg> : $end is missing 


 orbitals $scfmo  will be written to file mos

    irrep                  1a          2a          3a          4a          5a   
 eigenvalues H         -9.86159    -0.62764    -0.34805    -0.34804    -0.34686
            eV        -268.3497    -17.0790     -9.4710     -9.4707     -9.4385
 occupation              2.0000      2.0000      2.0000      2.0000      2.0000

    irrep                  6a          7a          8a          9a         10a   
 eigenvalues H          0.00492     0.06216     0.06699     0.06702     0.07884
            eV           0.1340      1.6915      1.8228      1.8236      2.1453
 
 
 
 
 ==============================================================================
                           electrostatic moments
 ==============================================================================

 reference point for electrostatic moments:    0.00000   0.00000   0.00000

 
              nuc           elec       ->  total
 ------------------------------------------------------------------------------
                          charge      
 ------------------------------------------------------------------------------
          10.000000     -10.000000      -0.000000
 
 ------------------------------------------------------------------------------
                       dipole moment  
 ------------------------------------------------------------------------------
   x       0.972450      -0.971716       0.000734
   y       1.066959      -1.065119       0.001840
   z      -0.618351       0.618657       0.000306
 
   | dipole moment | =     0.0020 a.u. =     0.0051 debye 
 
 ------------------------------------------------------------------------------
                     quadrupole moment
 ------------------------------------------------------------------------------
  xx       5.720258     -12.024018      -6.303760
  yy       5.699230     -12.015911      -6.316680
  zz       5.670458     -11.972187      -6.301729
  xy       0.083331      -0.089833      -0.006502
  xz      -0.064464       0.063051      -0.001413
  yz      -0.074697       0.071688      -0.003009
 
     1/3  trace=      -6.307390
     anisotropy=       0.018902
 
 ==============================================================================
 
HOMO-LUMO Separation
 HOMO         :   -0.34685641 H =     -9.43845 eV
 LUMO         :    0.00492483 H =     +0.13401 eV
 HOMO-LUMO gap:    0.35178123 H =     +9.57246 eV
 
 ==============================================================================


    ------------------------------------------------------------------------
         total  cpu-time :  8 minutes and 26 seconds
         total wall-time :  48.66 seconds
    ------------------------------------------------------------------------

   ****  ridft : all done  ****


    2020-07-20 15:35:27.621 

