
 ridft (tigris) : TURBOMOLE rev. V7.4.1 (b987a8a8) compiled 15 Oct 2019 at 12:03:25
 Copyright (C) 2019 TURBOMOLE GmbH, Karlsruhe


    2020-08-30 21:01:32.967 



                                  r i d f t

                        DFT program with RI approximation 
                                for coulomb part 




                                                 
                                 References:     
                                                 
          TURBOMOLE:                             
              R. Ahlrichs, M. Baer, M. Haeser, H. Horn, and
              C. Koelmel
              Electronic structure calculations on workstation
              computers: the program system TURBOMOLE
              Chem. Phys. Lett. 162: 165 (1989)
          Density Functional:                              
              O. Treutler and R. Ahlrichs                      
              Efficient Molecular Numerical Integration Schemes
              J. Chem. Phys. 102: 346 (1995)                   
          Parallel Version:                                
              Performance of parallel TURBOMOLE for Density    
              Functional Calculations                          
              M. v. Arnim and R. Ahlrichs                      
              J. Comp. Chem. 19: 1746 (1998)                   
          RI-J Method:                                     
              Auxiliary Basis Sets to approximate Coulomb      
              Potentials                                       
              Chem. Phys. Lett. 240: 283 (1995)                
              K. Eichkorn, O. Treutler, H. Oehm, M. Haeser     
              and R. Ahlrichs                                  
              Chem. Phys. Lett. 242: 652 (1995)                
                                                           
              Auxiliary Basis Sets for Main Row Atoms and their
              Use to approximate Coulomb Potentials            
              K. Eichkorn, F. Weigend, O. Treutler and         
              R. Ahlrichs                                      
              Theo. Chem. Acc. 97: 119 (1997)                   
                                                           
              Accurate Coulomb-fitting basis sets for H to Rn 
              F. Weigend                                        
              Phys. Chem. Chem. Phys. 8: 1057 (2006)            
                                                           
          Multipole accelerated RI-J (MARI-J):             
              Fast evaluation of the Coulomb potential for     
              electron densities using multipole accelerated   
              resolution of identity approximation             
              M. Sierka, A. Hogekamp and R. Ahlrichs           
              J. Chem. Phys. 118: 9136 (2003)                  
          RI-JK Method:                                     
              A fully direct RI-HF algorithm: Implementation,
              optimised auxiliary basis sets, demonstration of
              accuracy and efficiency                         
              F. Weigend                                      
              Phys. Chem. Chem. Phys. 4: 4285 (2002)           
          Two-component HF and DFT with spin-orbit coupling:  
              Self-consistent treatment of spin-orbit         
              interactions with efficient Hartree-Fock and    
              density functional methods                      
              M. K. Armbruster, F. Weigend, C. van Wüllen and 
              W. Klopper                                      
              Phys. Chem. Chem. Phys. 10: 1748 (2008)         
          Two-component difference density and DIIS algorithm 
              Efficient two-component self-consistent field   
              procedures and gradients: implementation in     
              TURBOMOLE and application to Au20-              
              A. Baldes, F. Weigend                           
              Mol. Phys. 111: 2617 (2013)                     
          Relativistic all-electron 2c calculations           
              An efficient implementation of two-component    
              relativistic exact-decoupling methods for large 
              molecules                                       
              D. Peng, N. Middendorf, F. Weigend, M. Reiher   
              J. Chem. Phys. 138: 184105 (2013)               
          Finite nucleus model and SNSO approximation         
              Efficient implementation of one- and two-       
              component analytical energy gradients in exact  
              two-component theory                            
              Y. J. Franzke, N. Middendorf, F. Weigend        
              J. Chem. Phys. 148: 104110 (2018)               
                                         




              +--------------------------------------------------+
              |      general information about current run       |
              +--------------------------------------------------+

 

 DENSITY CONVERGENCE CHECK SWITCHED ON !
 SCF CONVERGENCE IF RMS(delta[D]) <     0.1000000000E-06

 PBE functional
 exchange:    LDA + PBE
 correlation: LDA (PW) + PBE
 A DFT calculation using the RI-J approximation will be carried out.
 Allocatable memory for RI due to $ricore (MB):                   500


              +--------------------------------------------------+
              | Atomic coordinate, charge and isotop information |
              +--------------------------------------------------+

                    atomic coordinates            atom    charge  isotop
          1.61603962   -0.00001534   -1.11264478    h      1.000     0
          0.51314770    0.00003091    0.33182175    o      8.000     0
          2.04855846    0.00000341    2.52326058    c      6.000     0
          0.78958731   -0.00000470    4.14414062    h      1.000     0
          3.24747464   -1.67488874    2.64190427    h      1.000     0
          3.24749163    1.67488173    2.64193240    h      1.000     0
          2.12756169    0.00000793   -4.84067748    f      9.000     0
         -0.34891399   -0.00000275   -5.71720727    c      6.000     0
         -0.31544930   -0.00000342   -7.76862268    h      1.000     0
         -1.29653745   -1.67917298   -5.01672589    h      1.000     0
         -1.29655077    1.67916026   -5.01672670    h      1.000     0
 
       center of nuclear mass  :    1.13634217    0.00000923   -2.03677170
       center of nuclear charge:    1.09564331    0.00000776   -1.93227628

              +--------------------------------------------------+
              |               basis set information              |
              +--------------------------------------------------+

              we will work with the 1s 3p 5d 7f 9g ... basis set
              ...i.e. with spherical basis functions...

   type   atoms  prim   cont   basis
   ---------------------------------------------------------------------------
    h        7     33     30   def2-QZVP   [4s3p2d1f|7s3p2d1f]
    o        1     77     57   def2-QZVP   [7s4p3d2f1g|15s8p3d2f1g]
    c        2     77     57   def2-QZVP   [7s4p3d2f1g|15s8p3d2f1g]
    f        1     77     57   def2-QZVP   [7s4p3d2f1g|15s8p3d2f1g]
   ---------------------------------------------------------------------------
   total:   11    539    438
   ---------------------------------------------------------------------------

   total number of primitive shells          :  100
   total number of contracted shells         :  138
   total number of cartesian basis functions :  533
   total number of SCF-basis functions       :  438


 integral neglect threshold       :  0.63E-11
 integral storage threshold THIZE :  0.10E-04
 integral storage threshold THIME :         5

 RI-J AUXILIARY BASIS SET information:

              we will work with the 1s 3p 5d 7f 9g ... basis set
              ...i.e. with spherical basis functions...

   type   atoms  prim   cont   basis
   ---------------------------------------------------------------------------
    h        7     16     11   def2-QZVP   [3s1p1d|5s2p1d]
    o        1     70     49   def2-QZVP   [6s4p3d1f1g|12s5p4d2f1g]
    c        2     70     49   def2-QZVP   [6s4p3d1f1g|12s5p4d2f1g]
    f        1     70     49   def2-QZVP   [6s4p3d1f1g|12s5p4d2f1g]
   ---------------------------------------------------------------------------
   total:   11    392    273
   ---------------------------------------------------------------------------

   total number of primitive shells          :   80
   total number of contracted shells         :   95
   total number of cartesian basis functions :  328
   total number of SCF-basis functions       :  273


 symmetry group of the molecule :   c1 

 the group has the following generators :
   c1(z)

    1 symmetry operations found

 there are 1 real representations :   a   

 maximum number of shells which are related by symmetry :  1


    mo occupation :
   irrep   mo's   occupied
    a      438       18
 
 number of basis functions   :                    438
 number of occupied orbitals :                     18
 
  
           ------------------
           density functional
           ------------------
 PBE functional
 exchange:    LDA + PBE
 correlation: LDA (PW) + PBE

 spherical integration : Lebedev's spherical grid
 spherical gridsize    :                     5
    i.e. gridpoints    :                   590
 value for diffuse not defined
 radial integration    : Chebyshev 2nd kind (scaling 3)
 radial gridsize       :                     8
 integration cells     :                    11
 partition function    : becke
 partition sharpness   :                     3
  

 biggest AO integral is expected to be     7.609020457
  
           ------------------------
               RI-J - INFORMATION
           ------------------------
 Contributions to RI integral batches: 
  neglected integral batches:                  1912
  direct contribution:                            0
  memory contribution:                  7679
 Memory core needed for (P|Q) and Cholesky      1 MByte
 Memory core minimum needed except of (P|Q)     1 MByte
 Total minimum memory core needed (sum)         2 MByte
  
 ****************************************
 Memory allocated for RI-J   277 MByte
 ****************************************
                                            

          ------------------------
          nuclear repulsion energy  :   126.303476134    
          ------------------------

  _________________________________
 |                                 |
 |         DFTD3 V3.1 Rev 0        |
 | S.Grimme, University Bonn       |
 |            June  2014           |
 |   see standalone version        |
 |       dftd3 -h for options      |
 |_________________________________|
 
 Please cite DFT-D3 work done with this code as:
 S. Grimme, J. Antony, S. Ehrlich and H. Krieg,
 J. Chem. Phys, 132 (2010), 154104.
 If used with BJ-damping cite also
 S. Grimme, S. Ehrlich and L. Goerigk,
 J. Comput. Chem. 32 (2011), 1456-1465
 For DFT-D2 the reference is
 S. Grimme, J. Comput. Chem., 27 (2006), 1787-1799
 
C6 coefficients used:
                     2  C6 for element                      1
Z=  1 CN= 0.912     C6(AA)=    3.03
Z=  1 CN= 0.000     C6(AA)=    7.59
                     5  C6 for element                      6
Z=  6 CN= 0.000     C6(AA)=   49.11
Z=  6 CN= 0.987     C6(AA)=   43.25
Z=  6 CN= 1.998     C6(AA)=   29.36
Z=  6 CN= 2.999     C6(AA)=   25.78
Z=  6 CN= 3.984     C6(AA)=   18.21
                     3  C6 for element                      8
Z=  8 CN= 0.000     C6(AA)=   15.51
Z=  8 CN= 0.993     C6(AA)=   12.82
Z=  8 CN= 1.989     C6(AA)=   10.37
                     2  C6 for element                      9
Z=  9 CN= 0.000     C6(AA)=    9.69
Z=  9 CN= 0.998     C6(AA)=    7.13

#           XYZ [au]              R0(AA) [Ang.]  CN          C6(AA)     C8(AA)   C10(AA) [au]
  1   1.61604  -0.00002  -1.11264   h   0.395  1.012         3.1        37.3       552.3
  2   0.51315   0.00003   0.33182   o   0.510  1.994        10.4       210.1      5193.9
  3   2.04856   0.00000   2.52326   c   0.610  3.985        18.3       530.4     18792.4
  4   0.78959  -0.00000   4.14414   h   0.395  0.996         3.1        37.4       553.5
  5   3.24747  -1.67489   2.64190   h   0.395  0.995         3.1        37.4       553.6
  6   3.24749   1.67488   2.64193   h   0.395  0.995         3.1        37.4       553.6
  7   2.12756   0.00001  -4.84068   f   0.469  1.009         7.2       122.7      2572.6
  8  -0.34891  -0.00000  -5.71721   c   0.610  3.977        18.3       530.7     18801.2
  9  -0.31545  -0.00000  -7.76862   h   0.395  0.997         3.1        37.4       553.5
 10  -1.29654  -1.67917  -5.01673   h   0.395  0.997         3.1        37.4       553.5
 11  -1.29655   1.67916  -5.01673   h   0.395  0.997         3.1        37.4       553.5

molecular C6(AA) [au] =       703.90

           DFT-D V3(BJ)
 DF pbe                                               
 parameters
 s6       :    1.0000
 s8       :    0.7875
 a1       :    0.4289
 a2       :    4.4407
 k1-k3    :   16.0000    1.3333   -4.0000
 
 Edisp /kcal,au:    -2.7158 -0.00432795

 E6    /kcal :    -2.0233
 E8    /kcal :    -0.6925
 % E8        : 25.50
 nuclear repulsion energy                  =     126.303476134
 empirical dispersive energy correction    =      -0.004327946
 nuclear repulsion + dispersion correction =     126.299148188


         -----------------
         -S,T+V- integrals
         -----------------

 1e-integrals will be neglected if expon. factor < 0.627010E-12
 
   Difference densities algorithm switched on.
   The maximal number of linear combinations of
   difference densities is                    20 .

 DIIS switched on: error vector is FDS-SDF
 Max. Iterations for DIIS is     :   4
 DIIS matrix (see manual) 
    Scaling factor of diagonals  :  1.200
    threshold for scaling factor :  0.000

 scf convergence criterion : increment of total energy < .1000000D-06
                  and increment of one-electron energy < .1000000D-03

  MOs are in ASCII format !


 automatic virtual orbital shift switched on 
      shift if e(lumo)-e(homo) < 0.10000000    


 reading orbital data $scfmo  from file mos
 orbital characterization : scfconv=7

 DSCF restart information will be dumped onto file mos


 Starting SCF iterations

          Overall gridpoints after grid construction =        167513

 ITERATION  ENERGY          1e-ENERGY        2e-ENERGY     RMS[dD(SAO)]   TOL
   1  -255.30700984976    -600.58776723     218.98160919    0.000D+00 0.625D-11
                            Exc = -32.2072786287     Coul =  251.188887820    
                              N = 35.999999965    
                            current damping = 0.300
 
          max. resid. norm for Fia-block=  3.219D-06 for orbital     18a         
          max. resid. fock norm         =  5.019D-06 for orbital    430a         

 ITERATION  ENERGY          1e-ENERGY        2e-ENERGY     RMS[dD(SAO)]   TOL
   2  -255.30700984973    -600.58775603     218.98159800    0.456D-07 0.397D-11
                            Exc = -32.2072789168     Coul =  251.188876913    
                              N = 35.999999965    
                            current damping = 0.300
 
          Norm of current diis error: 0.64485E-04
          max. resid. norm for Fia-block=  1.609D-06 for orbital     18a         
          max. resid. fock norm         =  2.176D-06 for orbital    219a         

 ENERGY & DENSITY CONVERGED !


 ITERATION  ENERGY          1e-ENERGY        2e-ENERGY     RMS[dD(SAO)]   TOL
   3  -255.30700984980    -600.58773653     218.98157850    0.190D-07 0.373D-11
                            Exc = -32.2072758251     Coul =  251.188854322    
                              N = 35.999999965    
                            current damping = 0.150
 
          Norm of current diis error: 0.17588E-04
          max. resid. norm for Fia-block=  5.888D-07 for orbital      7a         
          max. resid. fock norm         =  8.733D-07 for orbital    326a         

 End of SCF iterations

   convergence criteria satisfied after     3 iterations


                  ------------------------------------------ 
                 |  total energy      =   -255.30700984980  |
                  ------------------------------------------ 
                 :  kinetic energy    =    254.44987999417  :
                 :  potential energy  =   -509.75688984398  :
                 :  virial theorem    =      1.99664274845  :
                 :  wavefunction norm =      1.00000000000  :
                  .......................................... 


 orbitals $scfmo  will be written to file mos

    irrep                 14a         15a         16a         17a         18a   
 eigenvalues H         -0.37181    -0.31318    -0.30776    -0.28197    -0.22054
            eV         -10.1174     -8.5220     -8.3747     -7.6729     -6.0013
 occupation              2.0000      2.0000      2.0000      2.0000      2.0000

    irrep                 19a         20a         21a         22a         23a   
 eigenvalues H         -0.00171     0.01766     0.02590     0.05584     0.06599
            eV          -0.0465      0.4804      0.7047      1.5194      1.7957
 
 
 
 
 ==============================================================================
                           electrostatic moments
 ==============================================================================

 reference point for electrostatic moments:    0.00000   0.00000   0.00000

 
              nuc           elec       ->  total
 ------------------------------------------------------------------------------
                          charge      
 ------------------------------------------------------------------------------
          36.000000     -36.000000      -0.000000
 
 ------------------------------------------------------------------------------
                       dipole moment  
 ------------------------------------------------------------------------------
   x      39.443159     -39.495745      -0.052586
   y       0.000280      -0.000301      -0.000022
   z     -69.561946      69.165445      -0.396502
 
   | dipole moment | =     0.4000 a.u. =     1.0166 debye 
 
 ------------------------------------------------------------------------------
                     quadrupole moment
 ------------------------------------------------------------------------------
  xx      96.544117    -115.863737     -19.319621
  yy      11.249682     -30.521742     -19.272059
  zz     589.148018    -603.468931     -14.320914
  xy       0.000299      -0.000324      -0.000025
  xz     -14.251535      17.272010       3.020476
  yz      -0.000003       0.000022       0.000019
 
     1/3  trace=     -17.637531
     anisotropy=       7.219516
 
 ==============================================================================
 
HOMO-LUMO Separation
 HOMO         :   -0.22054117 H =     -6.00123 eV
 LUMO         :   -0.00170789 H =     -0.04647 eV
 HOMO-LUMO gap:    0.21883328 H =     +5.95476 eV
 
 ==============================================================================


    ------------------------------------------------------------------------
         total  cpu-time :  11.48 seconds
         total wall-time :  11.48 seconds
    ------------------------------------------------------------------------

   ****  ridft : all done  ****


    2020-08-30 21:01:44.434 

 ridft ended normally
