
 ridft (riogrande) : TURBOMOLE rev. V7.4.1 (b987a8a8) compiled 15 Oct 2019 at 12:03:25
 Copyright (C) 2019 TURBOMOLE GmbH, Karlsruhe


    2020-07-20 18:17:37.750 



                                  r i d f t

                        DFT program with RI approximation 
                                for coulomb part 




                                                 
                                 References:     
                                                 
          TURBOMOLE:                             
              R. Ahlrichs, M. Baer, M. Haeser, H. Horn, and
              C. Koelmel
              Electronic structure calculations on workstation
              computers: the program system TURBOMOLE
              Chem. Phys. Lett. 162: 165 (1989)
          Density Functional:                              
              O. Treutler and R. Ahlrichs                      
              Efficient Molecular Numerical Integration Schemes
              J. Chem. Phys. 102: 346 (1995)                   
          Parallel Version:                                
              Performance of parallel TURBOMOLE for Density    
              Functional Calculations                          
              M. v. Arnim and R. Ahlrichs                      
              J. Comp. Chem. 19: 1746 (1998)                   
          RI-J Method:                                     
              Auxiliary Basis Sets to approximate Coulomb      
              Potentials                                       
              Chem. Phys. Lett. 240: 283 (1995)                
              K. Eichkorn, O. Treutler, H. Oehm, M. Haeser     
              and R. Ahlrichs                                  
              Chem. Phys. Lett. 242: 652 (1995)                
                                                           
              Auxiliary Basis Sets for Main Row Atoms and their
              Use to approximate Coulomb Potentials            
              K. Eichkorn, F. Weigend, O. Treutler and         
              R. Ahlrichs                                      
              Theo. Chem. Acc. 97: 119 (1997)                   
                                                           
              Accurate Coulomb-fitting basis sets for H to Rn 
              F. Weigend                                        
              Phys. Chem. Chem. Phys. 8: 1057 (2006)            
                                                           
          Multipole accelerated RI-J (MARI-J):             
              Fast evaluation of the Coulomb potential for     
              electron densities using multipole accelerated   
              resolution of identity approximation             
              M. Sierka, A. Hogekamp and R. Ahlrichs           
              J. Chem. Phys. 118: 9136 (2003)                  
          RI-JK Method:                                     
              A fully direct RI-HF algorithm: Implementation,
              optimised auxiliary basis sets, demonstration of
              accuracy and efficiency                         
              F. Weigend                                      
              Phys. Chem. Chem. Phys. 4: 4285 (2002)           
          Two-component HF and DFT with spin-orbit coupling:  
              Self-consistent treatment of spin-orbit         
              interactions with efficient Hartree-Fock and    
              density functional methods                      
              M. K. Armbruster, F. Weigend, C. van Wüllen and 
              W. Klopper                                      
              Phys. Chem. Chem. Phys. 10: 1748 (2008)         
          Two-component difference density and DIIS algorithm 
              Efficient two-component self-consistent field   
              procedures and gradients: implementation in     
              TURBOMOLE and application to Au20-              
              A. Baldes, F. Weigend                           
              Mol. Phys. 111: 2617 (2013)                     
          Relativistic all-electron 2c calculations           
              An efficient implementation of two-component    
              relativistic exact-decoupling methods for large 
              molecules                                       
              D. Peng, N. Middendorf, F. Weigend, M. Reiher   
              J. Chem. Phys. 138: 184105 (2013)               
          Finite nucleus model and SNSO approximation         
              Efficient implementation of one- and two-       
              component analytical energy gradients in exact  
              two-component theory                            
              Y. J. Franzke, N. Middendorf, F. Weigend        
              J. Chem. Phys. 148: 104110 (2018)               
                                         




              +--------------------------------------------------+
              |      general information about current run       |
              +--------------------------------------------------+

 

 DENSITY CONVERGENCE CHECK SWITCHED ON !
 SCF CONVERGENCE IF RMS(delta[D]) <     0.1000000000E-06

 PBE functional
 exchange:    LDA + PBE
 correlation: LDA (PW) + PBE
 A DFT calculation using the RI-J approximation will be carried out.
 Allocatable memory for RI due to $ricore (MB):                   500


              +--------------------------------------------------+
              | Atomic coordinate, charge and isotop information |
              +--------------------------------------------------+

                    atomic coordinates            atom    charge  isotop
          9.25494407    1.65700410    2.62712790    o      8.000     0
          9.81610707    0.45033512    0.76563532    c      6.000     0
         11.79982107    0.10298271    0.24257186    h      1.000     0
          8.37164867   -0.35655414   -0.49167589    h      1.000     0
 
       center of nuclear mass  :    9.53519785    1.05455289    1.69775227
       center of nuclear charge:    9.56922904    0.98152951    1.58510820

              +--------------------------------------------------+
              |               basis set information              |
              +--------------------------------------------------+

              we will work with the 1s 3p 5d 7f 9g ... basis set
              ...i.e. with spherical basis functions...

   type   atoms  prim   cont   basis
   ---------------------------------------------------------------------------
    o        1     50     30   cc-pVTZ   [4s3p2d1f|18s5p2d1f]
    c        1     50     30   cc-pVTZ   [4s3p2d1f|18s5p2d1f]
    h        2     16     14   cc-pVTZ   [3s2p1d|5s2p1d]
   ---------------------------------------------------------------------------
   total:    4    132     88
   ---------------------------------------------------------------------------

   total number of primitive shells          :   60
   total number of contracted shells         :   32
   total number of cartesian basis functions :  100
   total number of SCF-basis functions       :   88


 integral neglect threshold       :  0.33E-10
 integral storage threshold THIZE :  0.10E-04
 integral storage threshold THIME :         5

 RI-J AUXILIARY BASIS SET information:

              we will work with the 1s 3p 5d 7f 9g ... basis set
              ...i.e. with spherical basis functions...

   type   atoms  prim   cont   basis
   ---------------------------------------------------------------------------
    o        1     70     49   cc-pVTZ   [6s4p3d1f1g|12s5p4d2f1g]
    c        1     70     49   cc-pVTZ   [6s4p3d1f1g|12s5p4d2f1g]
    h        2     16     11   cc-pVTZ   [3s1p1d|5s2p1d]
   ---------------------------------------------------------------------------
   total:    4    172    120
   ---------------------------------------------------------------------------

   total number of primitive shells          :   56
   total number of contracted shells         :   40
   total number of cartesian basis functions :  146
   total number of SCF-basis functions       :  120


 symmetry group of the molecule :   c1 

 the group has the following generators :
   c1(z)

    1 symmetry operations found

 there are 1 real representations :   a   

 maximum number of shells which are related by symmetry :  1


    mo occupation :
   irrep   mo's   occupied
    a       88        8
 
 number of basis functions   :                     88
 number of occupied orbitals :                      8
 
  
           ------------------
           density functional
           ------------------
 PBE functional
 exchange:    LDA + PBE
 correlation: LDA (PW) + PBE

 spherical integration : Lebedev's spherical grid
 spherical gridsize    :                     5
    i.e. gridpoints    :                   590
 value for diffuse not defined
 radial integration    : Chebyshev 2nd kind (scaling 3)
 radial gridsize       :                     8
 integration cells     :                     4
 partition function    : becke
 partition sharpness   :                     3
  

 biggest AO integral is expected to be     4.866064444
  
           ------------------------
               RI-J - INFORMATION
           ------------------------
 Contributions to RI integral batches: 
  neglected integral batches:                     0
  direct contribution:                            0
  memory contribution:                   528
 Memory core needed for (P|Q) and Cholesky      1 MByte
 Memory core minimum needed except of (P|Q)     1 MByte
 Total minimum memory core needed (sum)         1 MByte
  
 ****************************************
 Memory allocated for RI-J     6 MByte
 ****************************************
                                            

          ------------------------
          nuclear repulsion energy  :   31.2221936583    
          ------------------------


         -----------------
         -S,T+V- integrals
         -----------------

 1e-integrals will be neglected if expon. factor < 0.334196E-11
 
   Difference densities algorithm switched on.
   The maximal number of linear combinations of
   difference densities is                    20 .

 DIIS switched on: error vector is FDS-SDF
 Max. Iterations for DIIS is     :   4
 DIIS matrix (see manual) 
    Scaling factor of diagonals  :  1.200
    threshold for scaling factor :  0.000

 scf convergence criterion : increment of total energy < .1000000D-06
                  and increment of one-electron energy < .1000000D-03

  MOs are in ASCII format !


 automatic virtual orbital shift switched on 
      shift if e(lumo)-e(homo) < 0.10000000    


 reading orbital data $scfmo  from file mos
 orbital characterization : expanded
 mo provided and orthogonalized by Cholesky decomposition

 DSCF restart information will be dumped onto file mos


 Starting SCF iterations

          Overall gridpoints after grid construction =         65130

 ITERATION  ENERGY          1e-ENERGY        2e-ENERGY     RMS[dD(SAO)]   TOL
   1  -113.79451993656    -216.28279776     71.266084169    0.000D+00 0.333D-10
                            Exc = -14.5327520659     Coul =  85.7988362349    
                              N = 16.000000032    
                            current damping = 0.300
 
          max. resid. norm for Fia-block=  4.308D-01 for orbital      7a         
          max. resid. fock norm         =  4.468D+00 for orbital     83a         

 ITERATION  ENERGY          1e-ENERGY        2e-ENERGY     RMS[dD(SAO)]   TOL
   2  -114.27344581645    -216.42447897     70.928839494    0.118D-01 0.222D-10
                            Exc = -14.4183256133     Coul =  85.3471651070    
                              N = 16.000000037    
                            current damping = 0.250
 
          Norm of current diis error:  1.8559    
          max. resid. norm for Fia-block=  1.467D-01 for orbital      3a         
          max. resid. fock norm         =  3.986D-01 for orbital     87a         

 ITERATION  ENERGY          1e-ENERGY        2e-ENERGY     RMS[dD(SAO)]   TOL
   3  -114.40296313741    -218.15350915     72.528352358    0.528D-02 0.195D-10
                            Exc = -14.6599955991     Coul =  87.1883479571    
                              N = 16.000000043    
                            current damping = 0.200
 
          Norm of current diis error: 0.46087    
          max. resid. norm for Fia-block=  4.848D-02 for orbital      8a         
          max. resid. fock norm         =  5.888D-02 for orbital     18a         

 ITERATION  ENERGY          1e-ENERGY        2e-ENERGY     RMS[dD(SAO)]   TOL
   4  -114.40689798788    -216.77648575     71.147394100    0.452D-02 0.162D-10
                            Exc = -14.4916238422     Coul =  85.6390179426    
                              N = 16.000000048    
                            current damping = 0.250
 
          Norm of current diis error: 0.38307    
          max. resid. norm for Fia-block=  1.607D-02 for orbital      8a         
          max. resid. fock norm         =  2.542D-02 for orbital     65a         

 ITERATION  ENERGY          1e-ENERGY        2e-ENERGY     RMS[dD(SAO)]   TOL
   5  -114.41388916384    -217.36946502     71.733382200    0.138D-02 0.159D-10
                            Exc = -14.5602479144     Coul =  86.2936301145    
                              N = 16.000000046    
                            current damping = 0.300
 
          Norm of current diis error: 0.31901E-01
          max. resid. norm for Fia-block=  2.187D-03 for orbital      3a         
          max. resid. fock norm         =  2.915D-03 for orbital     87a         
          mo-orthogonalization: Cholesky decomposition

 ITERATION  ENERGY          1e-ENERGY        2e-ENERGY     RMS[dD(SAO)]   TOL
   6  -114.41392964882    -217.38108077     71.744957462    0.110D-03 0.152D-10
                            Exc = -14.5626572669     Coul =  86.3076147287    
                              N = 16.000000047    
                            current damping = 0.150
 
          Norm of current diis error: 0.70047E-02
          max. resid. norm for Fia-block=  4.065D-04 for orbital      6a         
          max. resid. fock norm         =  5.827D-04 for orbital     66a         

 ITERATION  ENERGY          1e-ENERGY        2e-ENERGY     RMS[dD(SAO)]   TOL
   7  -114.41393201898    -217.39462982     71.758504144    0.229D-04 0.146D-10
                            Exc = -14.5643595771     Coul =  86.3228637210    
                              N = 16.000000047    
                            current damping = 0.100
 
          Norm of current diis error: 0.10136E-02
          max. resid. norm for Fia-block=  7.119D-05 for orbital      6a         
          max. resid. fock norm         =  8.009D-05 for orbital      6a         

 ITERATION  ENERGY          1e-ENERGY        2e-ENERGY     RMS[dD(SAO)]   TOL
   8  -114.41393207053    -217.39248062     71.756354895    0.860D-05 0.142D-10
                            Exc = -14.5640805387     Coul =  86.3204354336    
                              N = 16.000000047    
                            current damping = 0.150
 
          Norm of current diis error: 0.37771E-03
          max. resid. norm for Fia-block=  2.036D-05 for orbital      7a         
          max. resid. fock norm         =  2.842D-05 for orbital      6a         

 ITERATION  ENERGY          1e-ENERGY        2e-ENERGY     RMS[dD(SAO)]   TOL
   9  -114.41393207652    -217.39276421     71.756638478    0.106D-05 0.139D-10
                            Exc = -14.5641238493     Coul =  86.3207623274    
                              N = 16.000000047    
                            current damping = 0.200
 
          Norm of current diis error: 0.11335E-03
          max. resid. norm for Fia-block=  6.735D-06 for orbital      7a         
          max. resid. fock norm         =  8.572D-06 for orbital     36a         

 ENERGY & DENSITY CONVERGED !


 ITERATION  ENERGY          1e-ENERGY        2e-ENERGY     RMS[dD(SAO)]   TOL
  10  -114.41393207707    -217.39288669     71.756760957    0.429D-06 0.138D-10
                            Exc = -14.5641367780     Coul =  86.3208977354    
                              N = 16.000000047    
                            current damping = 0.100
 
          Norm of current diis error: 0.32273E-04
          max. resid. norm for Fia-block=  1.463D-06 for orbital      4a         
          max. resid. fock norm         =  1.840D-06 for orbital     36a         

 End of SCF iterations

   convergence criteria satisfied after    10 iterations


                  ------------------------------------------ 
                 |  total energy      =   -114.41393207707  |
                  ------------------------------------------ 
                 :  kinetic energy    =    113.76702437947  :
                 :  potential energy  =   -228.18095645654  :
                 :  virial theorem    =      1.99434590101  :
                 :  wavefunction norm =      1.00000000000  :
                  .......................................... 


 <geterg> : there is no data group $energy 


 <skperg> : $end is missing 


 orbitals $scfmo  will be written to file mos

    irrep                  4a          5a          6a          7a          8a   
 eigenvalues H         -0.57765    -0.44499    -0.39846    -0.36517    -0.22461
            eV         -15.7188    -12.1088    -10.8428     -9.9367     -6.1121
 occupation              2.0000      2.0000      2.0000      2.0000      2.0000

    irrep                  9a         10a         11a         12a         13a   
 eigenvalues H         -0.09293     0.03001     0.08892     0.12209     0.25668
            eV          -2.5286      0.8168      2.4195      3.3224      6.9847
 
 
 
 
 ==============================================================================
                           electrostatic moments
 ==============================================================================

 reference point for electrostatic moments:    0.00000   0.00000   0.00000

 
              nuc           elec       ->  total
 ------------------------------------------------------------------------------
                          charge      
 ------------------------------------------------------------------------------
          16.000000     -16.000000       0.000000
 
 ------------------------------------------------------------------------------
                       dipole moment  
 ------------------------------------------------------------------------------
   x     153.107665    -152.901013       0.206652
   y      15.704472     -16.150242      -0.445770
   z      25.361731     -26.049395      -0.687664
 
   | dipole moment | =     0.8452 a.u. =     2.1482 debye 
 
 ------------------------------------------------------------------------------
                     quadrupole moment
 ------------------------------------------------------------------------------
  xx    1472.687944   -1477.439883      -4.751939
  yy      23.319847     -32.959355      -9.639508
  zz      59.032179     -70.130850     -11.098671
  xy     147.437300    -151.451573      -4.014273
  xz     238.350891    -244.529022      -6.178131
  yz      37.094338     -38.648206      -1.553867
 
     1/3  trace=      -8.496706
     anisotropy=      14.256361
 
 ==============================================================================
 
HOMO-LUMO Separation
 HOMO         :   -0.22461465 H =     -6.11208 eV
 LUMO         :   -0.09292535 H =     -2.52863 eV
 HOMO-LUMO gap:    0.13168930 H =     +3.58345 eV
 
 ==============================================================================


    ------------------------------------------------------------------------
         total  cpu-time :   2.92 seconds
         total wall-time :   2.93 seconds
    ------------------------------------------------------------------------

   ****  ridft : all done  ****


    2020-07-20 18:17:40.674 

