           SMPCPUS    set: Shared-memory Parallelization with  20 CPUs.

           SMP Parallelization Reference:
           C. van Wullen, J. Comput. Chem. 32 (2011) 1195--1201

 ridft (c-19-411) : TURBOMOLE rev. V7.5.0 compiled 13 Jun 2020 at 23:29:25
 Copyright (C) 2020 TURBOMOLE GmbH, Karlsruhe


    2020-08-03 14:08:26.314 



                                  r i d f t

                        DFT program with RI approximation 
                                for coulomb part 




                                                 
                                 References:     
                                                 
          TURBOMOLE:                             
              R. Ahlrichs, M. Baer, M. Haeser, H. Horn, and
              C. Koelmel
              Electronic structure calculations on workstation
              computers: the program system TURBOMOLE
              Chem. Phys. Lett. 162: 165 (1989)
          Density Functional:                              
              O. Treutler and R. Ahlrichs                      
              Efficient Molecular Numerical Integration Schemes
              J. Chem. Phys. 102: 346 (1995)                   
          Parallel Version:                                
              Performance of parallel TURBOMOLE for Density    
              Functional Calculations                          
              M. v. Arnim and R. Ahlrichs                      
              J. Comp. Chem. 19: 1746 (1998)                   
          RI-J Method:                                     
              Auxiliary Basis Sets to approximate Coulomb      
              Potentials                                       
              Chem. Phys. Lett. 240: 283 (1995)                
              K. Eichkorn, O. Treutler, H. Oehm, M. Haeser     
              and R. Ahlrichs                                  
              Chem. Phys. Lett. 242: 652 (1995)                
                                                           
              Auxiliary Basis Sets for Main Row Atoms and their
              Use to approximate Coulomb Potentials            
              K. Eichkorn, F. Weigend, O. Treutler and         
              R. Ahlrichs                                      
              Theo. Chem. Acc. 97: 119 (1997)                   
                                                           
              Accurate Coulomb-fitting basis sets for H to Rn 
              F. Weigend                                        
              Phys. Chem. Chem. Phys. 8: 1057 (2006)            
                                                           
          Multipole accelerated RI-J (MARI-J):             
              Fast evaluation of the Coulomb potential for     
              electron densities using multipole accelerated   
              resolution of identity approximation             
              M. Sierka, A. Hogekamp and R. Ahlrichs           
              J. Chem. Phys. 118: 9136 (2003)                  
          RI-JK Method:                                     
              A fully direct RI-HF algorithm: Implementation,
              optimised auxiliary basis sets, demonstration of
              accuracy and efficiency                         
              F. Weigend                                      
              Phys. Chem. Chem. Phys. 4: 4285 (2002)           
          Two-component HF and DFT with spin-orbit coupling:  
              Self-consistent treatment of spin-orbit         
              interactions with efficient Hartree-Fock and    
              density functional methods                      
              M. K. Armbruster, F. Weigend, C. van Wüllen and 
              W. Klopper                                      
              Phys. Chem. Chem. Phys. 10: 1748 (2008)         
          Two-component difference density and DIIS algorithm 
              Efficient two-component self-consistent field   
              procedures and gradients: implementation in     
              TURBOMOLE and application to Au20-              
              A. Baldes, F. Weigend                           
              Mol. Phys. 111: 2617 (2013)                     
          Relativistic all-electron 2c calculations           
              An efficient implementation of two-component    
              relativistic exact-decoupling methods for large 
              molecules                                       
              D. Peng, N. Middendorf, F. Weigend, M. Reiher   
              J. Chem. Phys. 138: 184105 (2013)               
          Finite nucleus model and SNSO approximation         
              Efficient implementation of one- and two-       
              component analytical energy gradients in exact  
              two-component theory                            
              Y. J. Franzke, N. Middendorf, F. Weigend        
              J. Chem. Phys. 148: 104110 (2018)               
          Grids for all-electron relativistic methods         
              Error-consistent segmented contracted all-      
              electron relativistic basis sets of double-     
              and triple-zeta quality for NMR shielding       
              constants                                       
              Y. J. Franzke, R. Tress, T. M. Pazdera,         
              F. Weigend                                      
              Phys. Chem. Chem. Phys. 21: 166658 (2019)       
          Seminumerical exchange algorithms                   
              Seminumerical calculation of the Hartree-Fock   
              exchange matirx: Application to two-component   
              procedures and efficient evaluation of local    
              hybrid functionsl                               
              P. Plessow, F. Weigend,                         
              J. Comput. Chem. 33: 810 (2012)                 
          Improved seminumerical algorithms                   
              C. Holzer, in preparation (2020)                
                                         




              +--------------------------------------------------+
              |      general information about current run       |
              +--------------------------------------------------+

 

 DENSITY CONVERGENCE CHECK SWITCHED ON !
 SCF CONVERGENCE IF RMS(delta[D]) <     0.1000000000E-06

 PBE functional
 exchange:    LDA + PBE
 correlation: LDA (PW) + PBE
 A DFT calculation using the RI-J approximation will be carried out.
 Allocatable memory for RI due to $ricore (MB):                  5000


              +--------------------------------------------------+
              | Atomic coordinate, charge and isotop information |
              +--------------------------------------------------+

                    atomic coordinates            atom    charge  isotop
         -0.05522347   -0.57510791   -0.08341062    c      6.000     0
         -1.91611238    0.26574274   -0.28419591    h      1.000     0
         -0.11563234   -2.05311752    1.33858940    h      1.000     0
          1.28180879    0.86862396    0.49611925    h      1.000     0
          0.54060718   -1.36918784   -1.87914934    h      1.000     0
         -4.13903954   -4.98261240   -1.85515007    cl     0.000     0
         -6.60027365   -7.64093173   -2.92198173    cl     0.000     0
 
       center of nuclear mass  :   -4.38895253   -5.25315108   -1.96318196
       center of nuclear charge:   -0.05406695   -0.57385861   -0.08291003

              +--------------------------------------------------+
              |               basis set information              |
              +--------------------------------------------------+

              we will work with the 1s 3p 5d 7f 9g ... basis set
              ...i.e. with spherical basis functions...

   type   atoms  prim   cont   basis
   ---------------------------------------------------------------------------
    c        1     77     55   cc-pVQZ   [5s4p3d2f1g|21s6p3d2f1g]
    h        4     32     30   cc-pVQZ   [4s3p2d1f|6s3p2d1f]
    cl       2    142     64   cc-pV(Q+d)Z   [6s5p4d2f1g|42s19p4d2f1g]
   ---------------------------------------------------------------------------
   total:    7    489    303
   ---------------------------------------------------------------------------

   total number of primitive shells          :  113
   total number of contracted shells         :   91
   total number of cartesian basis functions :  370
   total number of SCF-basis functions       :  303


 integral neglect threshold       :  0.90E-11
 integral storage threshold THIZE :  0.10E-04
 integral storage threshold THIME :         5

 RI-J AUXILIARY BASIS SET information:

              we will work with the 1s 3p 5d 7f 9g ... basis set
              ...i.e. with spherical basis functions...

   type   atoms  prim   cont   basis
   ---------------------------------------------------------------------------
    c        1     70     49   cc-pVQZ   [6s4p3d1f1g|12s5p4d2f1g]
    h        4     16     11   cc-pVQZ   [3s1p1d|5s2p1d]
    cl       2     77     51   universal   [8s4p3d1f1g|14s5p5d2f1g]
   ---------------------------------------------------------------------------
   total:    7    288    195
   ---------------------------------------------------------------------------

   total number of primitive shells          :   59
   total number of contracted shells         :   69
   total number of cartesian basis functions :  235
   total number of SCF-basis functions       :  195


 symmetry group of the molecule :   c1 

 the group has the following generators :
   c1(z)

    1 symmetry operations found

 there are 1 real representations :   a   

 maximum number of shells which are related by symmetry :  1

  
           ------------------
           density functional
           ------------------
 Dummy atoms with grid-point found.
 DFT quadrature threshold dgrenze tightened by factor 1/10.

 PBE functional
 exchange:    LDA + PBE
 correlation: LDA (PW) + PBE
 Dummy atoms with grid-point found.
 DFT quadrature threshold dgrenze tightened by factor 1/10.

 Dummy atoms with grid-point found.
 DFT quadrature threshold dgrenze tightened by factor 1/10.


 spherical integration : Lebedev's spherical grid
 spherical gridsize    :                     5
    i.e. gridpoints    :                   590
 value for diffuse not defined
 radial integration    : Chebyshev 2nd kind (scaling 3)
 radial gridsize       :                     8
 integration cells     :                     7
 partition function    : becke
 partition sharpness   :                     3
  
 found dummy atom(s) with basis: included in dft

 biggest AO integral is expected to be    10.299525420

          ------------------------
          nuclear repulsion energy  :   13.4881558581    
          ------------------------


         -----------------
         -S,T+V- integrals
         -----------------

 1e-integrals will be neglected if expon. factor < 0.903233E-12
 
   Difference densities algorithm switched on.
   The maximal number of linear combinations of
   difference densities is                    20 .

 DIIS switched on: error vector is FDS-SDF
 Max. Iterations for DIIS is     :   4
 DIIS matrix (see manual) 
    Scaling factor of diagonals  :  1.200
    threshold for scaling factor :  0.000

 scf convergence criterion : increment of total energy < .1000000D-06
                  and increment of one-electron energy < .1000000D-03

 MOs are in ASCII format !


    mo occupation :
   irrep   mo's   occupied
    a      303        5
 
 number of basis functions   :   303
 number of occupied orbitals :     5
 

 reading orbital data $scfmo  from file mos
 orbital characterization : expanded
 virtual MOs provided and orthogonalized by Cholesky decomposition

 automatic virtual orbital shift switched on 
      shift if e(lumo)-e(homo) < 0.10000000    

  
           ------------------------
               RI-J - INFORMATION
           ------------------------
 Contributions to RI integral batches: 
  neglected integral batches:                   759
  direct contribution:                            0
  memory contribution:                  3427
 Memory core needed for (P|Q) and Cholesky      1 MByte
 Memory core minimum needed except of (P|Q)     1 MByte
 Total minimum memory core needed (sum)         1 MByte
  
 ****************************************
 Memory allocated for RI-J   100 MByte
 ****************************************
                                            

 DSCF restart information will be dumped onto file mos


 Starting SCF iterations

          Overall gridpoints after grid construction =        114746

 ITERATION  ENERGY          1e-ENERGY        2e-ENERGY     RMS[dD(SAO)]   TOL
   1  -40.283495129074    -78.198240982     24.426589995    0.000D+00 0.901D-11
                            Exc = -6.51635114480     Coul =  30.9429411398    
                              N = 10.000000486    
                            current damping = 0.300
 
          max. resid. norm for Fia-block=  2.670D-01 for orbital      2a         
          max. resid. fock norm         =  2.829D+01 for orbital     64a         

 ITERATION  ENERGY          1e-ENERGY        2e-ENERGY     RMS[dD(SAO)]   TOL
   2  -40.452285436913    -80.096521333     26.156080038    0.374D-02 0.645D-11
                            Exc = -6.81700586420     Coul =  32.9730859024    
                              N = 10.000000400    
                            current damping = 0.250
 
          Norm of current diis error: 0.77963    
          max. resid. norm for Fia-block=  7.254D-02 for orbital      2a         
          max. resid. fock norm         =  1.083D-01 for orbital    203a         

 ITERATION  ENERGY          1e-ENERGY        2e-ENERGY     RMS[dD(SAO)]   TOL
   3  -40.463904695077    -79.671065129     25.719004576    0.723D-03 0.504D-11
                            Exc = -6.79692309503     Coul =  32.5159276709    
                              N = 10.000000368    
                            current damping = 0.200
 
          Norm of current diis error: 0.34402    
          max. resid. norm for Fia-block=  1.697D-02 for orbital      2a         
          max. resid. fock norm         =  1.719D-02 for orbital      2a         

 ITERATION  ENERGY          1e-ENERGY        2e-ENERGY     RMS[dD(SAO)]   TOL
   4  -40.466566653122    -79.994861467     26.040138956    0.273D-03 0.448D-11
                            Exc = -6.84203011468     Coul =  32.8821690707    
                              N = 10.000000359    
                            current damping = 0.250
 
          Norm of current diis error: 0.52335E-01
          max. resid. norm for Fia-block=  2.167D-03 for orbital      1a         
          max. resid. fock norm         =  5.690D-03 for orbital    196a         

 ITERATION  ENERGY          1e-ENERGY        2e-ENERGY     RMS[dD(SAO)]   TOL
   5  -40.466617236546    -79.960889634     26.006116539    0.323D-04 0.422D-11
                            Exc = -6.83805801480     Coul =  32.8441745543    
                              N = 10.000000358    
                            current damping = 0.300
 
          Norm of current diis error: 0.49838E-02
          max. resid. norm for Fia-block=  4.297D-04 for orbital      1a         
          max. resid. fock norm         =  9.539D-04 for orbital    211a         
          mo-orthogonalization: Cholesky decomposition

 ITERATION  ENERGY          1e-ENERGY        2e-ENERGY     RMS[dD(SAO)]   TOL
   6  -40.466617773858    -79.959058650     26.004285018    0.701D-05 0.397D-11
                            Exc = -6.83791121959     Coul =  32.8421962379    
                              N = 10.000000358    
                            current damping = 0.150
 
          Norm of current diis error: 0.11142E-02
          max. resid. norm for Fia-block=  9.816D-05 for orbital      1a         
          max. resid. fock norm         =  2.288D-04 for orbital    211a         

 ITERATION  ENERGY          1e-ENERGY        2e-ENERGY     RMS[dD(SAO)]   TOL
   7  -40.466617803163    -79.958663742     26.003890081    0.203D-05 0.373D-11
                            Exc = -6.83788548386     Coul =  32.8417755649    
                              N = 10.000000358    
                            current damping = 0.100
 
          Norm of current diis error: 0.17325E-03
          max. resid. norm for Fia-block=  1.273D-05 for orbital      1a         
          max. resid. fock norm         =  3.667D-05 for orbital    211a         

 ENERGY & DENSITY CONVERGED !


 ITERATION  ENERGY          1e-ENERGY        2e-ENERGY     RMS[dD(SAO)]   TOL
   8  -40.466617803796    -79.958590954     26.003817292    0.318D-06 0.364D-11
                            Exc = -6.83787792259     Coul =  32.8416952144    
                              N = 10.000000358    
                            current damping = 0.100
 
          Norm of current diis error: 0.42285E-04
          max. resid. norm for Fia-block=  2.859D-06 for orbital      5a         
          max. resid. fock norm         =  3.967D-06 for orbital    190a         

 End of SCF iterations

   convergence criteria satisfied after     8 iterations


                  ------------------------------------------ 
                 |  total energy      =    -40.46661780380  |
                  ------------------------------------------ 
                 :  kinetic energy    =     40.26369985151  :
                 :  potential energy  =    -80.73031765531  :
                 :  virial theorem    =      1.99498554702  :
                 :  wavefunction norm =      1.00000000000  :
                  .......................................... 


 orbitals $scfmo  will be written to file mos

    irrep                  1a          2a          3a          4a          5a   
 eigenvalues H         -9.86015    -0.62762    -0.34777    -0.34777    -0.34698
            eV        -268.3105    -17.0784     -9.4633     -9.4633     -9.4418
 occupation              2.0000      2.0000      2.0000      2.0000      2.0000

    irrep                  6a          7a          8a          9a         10a   
 eigenvalues H          0.01504     0.08897     0.08897     0.08950     0.10743
            eV           0.4093      2.4209      2.4210      2.4355      2.9234
 
 
 
 
 ==============================================================================
                           electrostatic moments
 ==============================================================================

 reference point for electrostatic moments:    0.00000   0.00000   0.00000

 
              nuc           elec       ->  total
 ------------------------------------------------------------------------------
                          charge      
 ------------------------------------------------------------------------------
          10.000000     -10.000000      -0.000000
 
 ------------------------------------------------------------------------------
                       dipole moment  
 ------------------------------------------------------------------------------
   x      -0.540670       0.541962       0.001292
   y      -5.738586       5.739980       0.001394
   z      -0.829100       0.829661       0.000560
 
   | dipole moment | =     0.0020 a.u. =     0.0050 debye 
 
 ------------------------------------------------------------------------------
                     quadrupole moment
 ------------------------------------------------------------------------------
  xx       5.638445     -11.938480      -6.300035
  yy       8.899588     -15.202424      -6.302835
  zz       5.691669     -11.985010      -6.293341
  xy       0.291988      -0.301656      -0.009669
  xz       0.037453      -0.041158      -0.003705
  yz       0.467866      -0.472141      -0.004275
 
     1/3  trace=      -6.298737
     anisotropy=       0.021163
 
 ==============================================================================
 
HOMO-LUMO Separation
 HOMO         :   -0.34697876 H =     -9.44178 eV
 LUMO         :    0.01504129 H =     +0.40929 eV
 HOMO-LUMO gap:    0.36202005 H =     +9.85107 eV
 
 ==============================================================================


    ------------------------------------------------------------------------
         total  cpu-time :  1 minutes and 43 seconds
         total wall-time :   5.24 seconds
    ------------------------------------------------------------------------

   ****  ridft : all done  ****


    2020-08-03 14:08:31.527 

