
 ridft (riogrande) : TURBOMOLE rev. V7.4.1 (b987a8a8) compiled 15 Oct 2019 at 12:03:25
 Copyright (C) 2019 TURBOMOLE GmbH, Karlsruhe


    2020-07-18 04:17:09.422 



                                  r i d f t

                        DFT program with RI approximation 
                                for coulomb part 




                                                 
                                 References:     
                                                 
          TURBOMOLE:                             
              R. Ahlrichs, M. Baer, M. Haeser, H. Horn, and
              C. Koelmel
              Electronic structure calculations on workstation
              computers: the program system TURBOMOLE
              Chem. Phys. Lett. 162: 165 (1989)
          Density Functional:                              
              O. Treutler and R. Ahlrichs                      
              Efficient Molecular Numerical Integration Schemes
              J. Chem. Phys. 102: 346 (1995)                   
          Parallel Version:                                
              Performance of parallel TURBOMOLE for Density    
              Functional Calculations                          
              M. v. Arnim and R. Ahlrichs                      
              J. Comp. Chem. 19: 1746 (1998)                   
          RI-J Method:                                     
              Auxiliary Basis Sets to approximate Coulomb      
              Potentials                                       
              Chem. Phys. Lett. 240: 283 (1995)                
              K. Eichkorn, O. Treutler, H. Oehm, M. Haeser     
              and R. Ahlrichs                                  
              Chem. Phys. Lett. 242: 652 (1995)                
                                                           
              Auxiliary Basis Sets for Main Row Atoms and their
              Use to approximate Coulomb Potentials            
              K. Eichkorn, F. Weigend, O. Treutler and         
              R. Ahlrichs                                      
              Theo. Chem. Acc. 97: 119 (1997)                   
                                                           
              Accurate Coulomb-fitting basis sets for H to Rn 
              F. Weigend                                        
              Phys. Chem. Chem. Phys. 8: 1057 (2006)            
                                                           
          Multipole accelerated RI-J (MARI-J):             
              Fast evaluation of the Coulomb potential for     
              electron densities using multipole accelerated   
              resolution of identity approximation             
              M. Sierka, A. Hogekamp and R. Ahlrichs           
              J. Chem. Phys. 118: 9136 (2003)                  
          RI-JK Method:                                     
              A fully direct RI-HF algorithm: Implementation,
              optimised auxiliary basis sets, demonstration of
              accuracy and efficiency                         
              F. Weigend                                      
              Phys. Chem. Chem. Phys. 4: 4285 (2002)           
          Two-component HF and DFT with spin-orbit coupling:  
              Self-consistent treatment of spin-orbit         
              interactions with efficient Hartree-Fock and    
              density functional methods                      
              M. K. Armbruster, F. Weigend, C. van Wüllen and 
              W. Klopper                                      
              Phys. Chem. Chem. Phys. 10: 1748 (2008)         
          Two-component difference density and DIIS algorithm 
              Efficient two-component self-consistent field   
              procedures and gradients: implementation in     
              TURBOMOLE and application to Au20-              
              A. Baldes, F. Weigend                           
              Mol. Phys. 111: 2617 (2013)                     
          Relativistic all-electron 2c calculations           
              An efficient implementation of two-component    
              relativistic exact-decoupling methods for large 
              molecules                                       
              D. Peng, N. Middendorf, F. Weigend, M. Reiher   
              J. Chem. Phys. 138: 184105 (2013)               
          Finite nucleus model and SNSO approximation         
              Efficient implementation of one- and two-       
              component analytical energy gradients in exact  
              two-component theory                            
              Y. J. Franzke, N. Middendorf, F. Weigend        
              J. Chem. Phys. 148: 104110 (2018)               
                                         




              +--------------------------------------------------+
              |      general information about current run       |
              +--------------------------------------------------+

 

 DENSITY CONVERGENCE CHECK SWITCHED ON !
 SCF CONVERGENCE IF RMS(delta[D]) <     0.1000000000E-06

 PBE functional
 exchange:    LDA + PBE
 correlation: LDA (PW) + PBE
 A DFT calculation using the RI-J approximation will be carried out.
 Allocatable memory for RI due to $ricore (MB):                   500


              +--------------------------------------------------+
              | Atomic coordinate, charge and isotop information |
              +--------------------------------------------------+

                    atomic coordinates            atom    charge  isotop
          0.71381366   -0.00000091    0.01215199    cl    17.000     0
          0.09336999   -0.00000356    2.37277133    h      1.000     0
         -0.41984235    0.00001343    5.82511825    o      8.000     0
         -1.95470332   -0.00001013    6.79118023    h      1.000     0
          1.66789091    0.00000211    7.52351189    c      6.000     0
          3.36227822   -0.00000076    6.36857718    h      1.000     0
          1.68368815    1.67993146    8.71335779    h      1.000     0
          1.68367994   -1.67993167    8.71335162    h      1.000     0
 
       center of nuclear mass  :    0.63544308    0.00000282    3.17089626
       center of nuclear charge:    0.65699311    0.00000250    3.46966220

              +--------------------------------------------------+
              |               basis set information              |
              +--------------------------------------------------+

              we will work with the 1s 3p 5d 7f 9g ... basis set
              ...i.e. with spherical basis functions...

   type   atoms  prim   cont   basis
   ---------------------------------------------------------------------------
    cl       1    137     59   cc-pVQZ   [6s5p3d2f1g|42s19p3d2f1g]
    h        5     32     30   cc-pVQZ   [4s3p2d1f|6s3p2d1f]
    o        1     77     55   cc-pVQZ   [5s4p3d2f1g|21s6p3d2f1g]
    c        1     77     55   cc-pVQZ   [5s4p3d2f1g|21s6p3d2f1g]
   ---------------------------------------------------------------------------
   total:    8    451    319
   ---------------------------------------------------------------------------

   total number of primitive shells          :  145
   total number of contracted shells         :   97
   total number of cartesian basis functions :  389
   total number of SCF-basis functions       :  319


 integral neglect threshold       :  0.86E-11
 integral storage threshold THIZE :  0.10E-04
 integral storage threshold THIME :         5

 RI-J AUXILIARY BASIS SET information:

              we will work with the 1s 3p 5d 7f 9g ... basis set
              ...i.e. with spherical basis functions...

   type   atoms  prim   cont   basis
   ---------------------------------------------------------------------------
    cl       1     77     51   cc-pVQZ   [8s4p3d1f1g|14s5p5d2f1g]
    h        5     16     11   cc-pVQZ   [3s1p1d|5s2p1d]
    o        1     70     49   cc-pVQZ   [6s4p3d1f1g|12s5p4d2f1g]
    c        1     70     49   cc-pVQZ   [6s4p3d1f1g|12s5p4d2f1g]
   ---------------------------------------------------------------------------
   total:    8    297    204
   ---------------------------------------------------------------------------

   total number of primitive shells          :   83
   total number of contracted shells         :   72
   total number of cartesian basis functions :  245
   total number of SCF-basis functions       :  204


 symmetry group of the molecule :   c1 

 the group has the following generators :
   c1(z)

    1 symmetry operations found

 there are 1 real representations :   a   

 maximum number of shells which are related by symmetry :  1


    mo occupation :
   irrep   mo's   occupied
    a      319       18
 
 number of basis functions   :                    319
 number of occupied orbitals :                     18
 
  
           ------------------
           density functional
           ------------------
 PBE functional
 exchange:    LDA + PBE
 correlation: LDA (PW) + PBE

 spherical integration : Lebedev's spherical grid
 spherical gridsize    :                     5
    i.e. gridpoints    :                   590
 value for diffuse not defined
 radial integration    : Chebyshev 2nd kind (scaling 3)
 radial gridsize       :                     8
 integration cells     :                     8
 partition function    : becke
 partition sharpness   :                     3
  

 biggest AO integral is expected to be    10.299525420
  
           ------------------------
               RI-J - INFORMATION
           ------------------------
 Contributions to RI integral batches: 
  neglected integral batches:                   480
  direct contribution:                            0
  memory contribution:                  4273
 Memory core needed for (P|Q) and Cholesky      1 MByte
 Memory core minimum needed except of (P|Q)     1 MByte
 Total minimum memory core needed (sum)         1 MByte
  
 ****************************************
 Memory allocated for RI-J   131 MByte
 ****************************************
                                            

          ------------------------
          nuclear repulsion energy  :   96.4222561684    
          ------------------------


         -----------------
         -S,T+V- integrals
         -----------------

 1e-integrals will be neglected if expon. factor < 0.859116E-12
 
   Difference densities algorithm switched on.
   The maximal number of linear combinations of
   difference densities is                    20 .

 DIIS switched on: error vector is FDS-SDF
 Max. Iterations for DIIS is     :   4
 DIIS matrix (see manual) 
    Scaling factor of diagonals  :  1.200
    threshold for scaling factor :  0.000

 scf convergence criterion : increment of total energy < .1000000D-06
                  and increment of one-electron energy < .1000000D-03

  MOs are in ASCII format !


 automatic virtual orbital shift switched on 
      shift if e(lumo)-e(homo) < 0.10000000    


 reading orbital data $scfmo  from file mos
 orbital characterization : expanded
 mo provided and orthogonalized by Cholesky decomposition

 DSCF restart information will be dumped onto file mos


 Starting SCF iterations

          Overall gridpoints after grid construction =        124937

 ITERATION  ENERGY          1e-ENERGY        2e-ENERGY     RMS[dD(SAO)]   TOL
   1  -575.73749694730    -984.57852510     312.41877198    0.000D+00 0.857D-11
                            Exc = -43.6767798523     Coul =  356.095551832    
                              N = 35.999999248    
                            current damping = 0.300
 
          max. resid. norm for Fia-block=  3.234D-01 for orbital      2a         
          max. resid. fock norm         =  1.355D+01 for orbital    304a         

 ITERATION  ENERGY          1e-ENERGY        2e-ENERGY     RMS[dD(SAO)]   TOL
   2  -576.22267720706    -984.55606954     311.91113617    0.583D-02 0.572D-11
                            Exc = -43.6458230654     Coul =  355.556959232    
                              N = 35.999999828    
                            current damping = 0.250
 
          Norm of current diis error:  1.5367    
          max. resid. norm for Fia-block=  1.040D-01 for orbital      8a         
          max. resid. fock norm         =  2.454D-01 for orbital    293a         

 ITERATION  ENERGY          1e-ENERGY        2e-ENERGY     RMS[dD(SAO)]   TOL
   3  -576.26980585251    -985.51790412     312.82584210    0.199D-02 0.463D-11
                            Exc = -43.8214145787     Coul =  356.647256674    
                              N = 36.000000010    
                            current damping = 0.200
 
          Norm of current diis error: 0.80328    
          max. resid. norm for Fia-block=  3.969D-02 for orbital     16a         
          max. resid. fock norm         =  5.076D-02 for orbital     15a         

 ITERATION  ENERGY          1e-ENERGY        2e-ENERGY     RMS[dD(SAO)]   TOL
   4  -576.28273662869    -984.71903491     312.01404211    0.132D-02 0.401D-11
                            Exc = -43.7227965617     Coul =  355.736838674    
                              N = 36.000000058    
                            current damping = 0.250
 
          Norm of current diis error: 0.36253    
          max. resid. norm for Fia-block=  1.214D-02 for orbital     11a         
          max. resid. fock norm         =  1.804D-02 for orbital    299a         

 ITERATION  ENERGY          1e-ENERGY        2e-ENERGY     RMS[dD(SAO)]   TOL
   5  -576.28597127695    -985.15020445     312.44197700    0.299D-03 0.388D-11
                            Exc = -43.7678991908     Coul =  356.209876191    
                              N = 36.000000094    
                            current damping = 0.300
 
          Norm of current diis error: 0.99304E-01
          max. resid. norm for Fia-block=  3.741D-03 for orbital     13a         
          max. resid. fock norm         =  5.660D-03 for orbital    191a         
          mo-orthogonalization: Cholesky decomposition

 ITERATION  ENERGY          1e-ENERGY        2e-ENERGY     RMS[dD(SAO)]   TOL
   6  -576.28618923724    -985.05870717     312.35026176    0.877D-04 0.376D-11
                            Exc = -43.7590469146     Coul =  356.109308676    
                              N = 36.000000085    
                            current damping = 0.350
 
          Norm of current diis error: 0.13516E-01
          max. resid. norm for Fia-block=  7.946D-04 for orbital     17a         
          max. resid. fock norm         =  1.120D-03 for orbital      9a         

 ITERATION  ENERGY          1e-ENERGY        2e-ENERGY     RMS[dD(SAO)]   TOL
   7  -576.28619305108    -985.07497176     312.36652254    0.148D-04 0.368D-11
                            Exc = -43.7612190999     Coul =  356.127741640    
                              N = 36.000000085    
                            current damping = 0.400
 
          Norm of current diis error: 0.63676E-02
          max. resid. norm for Fia-block=  3.102D-04 for orbital     17a         
          max. resid. fock norm         =  4.425D-04 for orbital      9a         

 ITERATION  ENERGY          1e-ENERGY        2e-ENERGY     RMS[dD(SAO)]   TOL
   8  -576.28619488530    -985.06992006     312.36146901    0.654D-05 0.361D-11
                            Exc = -43.7606738297     Coul =  356.122142835    
                              N = 36.000000086    
                            current damping = 0.450
 
          Norm of current diis error: 0.98340E-03
          max. resid. norm for Fia-block=  4.944D-05 for orbital      9a         
          max. resid. fock norm         =  8.355D-05 for orbital     69a         

 ITERATION  ENERGY          1e-ENERGY        2e-ENERGY     RMS[dD(SAO)]   TOL
   9  -576.28619491344    -985.07169103     312.36323995    0.102D-05 0.354D-11
                            Exc = -43.7608024853     Coul =  356.124042436    
                              N = 36.000000086    
                            current damping = 0.500
 
          Norm of current diis error: 0.34870E-03
          max. resid. norm for Fia-block=  1.807D-05 for orbital     18a         
          max. resid. fock norm         =  2.070D-05 for orbital    291a         

 ITERATION  ENERGY          1e-ENERGY        2e-ENERGY     RMS[dD(SAO)]   TOL
  10  -576.28619491678    -985.07073682     312.36228574    0.557D-06 0.347D-11
                            Exc = -43.7607084662     Coul =  356.122994206    
                              N = 36.000000086    
                            current damping = 0.550
 
          Norm of current diis error: 0.11494E-03
          max. resid. norm for Fia-block=  5.492D-06 for orbital     12a         
          max. resid. fock norm         =  9.137D-06 for orbital    309a         
          mo-orthogonalization: Cholesky decomposition

 ENERGY & DENSITY CONVERGED !


 ITERATION  ENERGY          1e-ENERGY        2e-ENERGY     RMS[dD(SAO)]   TOL
  11  -576.28619491706    -985.07071389     312.36226280    0.100D-06 0.338D-11
                            Exc = -43.7607084198     Coul =  356.122971221    
                              N = 36.000000086    
                            current damping = 0.400
 
          Norm of current diis error: 0.44780E-04
          max. resid. norm for Fia-block=  1.935D-06 for orbital     13a         
          max. resid. fock norm         =  2.219D-06 for orbital    201a         

 End of SCF iterations

   convergence criteria satisfied after    11 iterations


                  ------------------------------------------ 
                 |  total energy      =   -576.28619491706  |
                  ------------------------------------------ 
                 :  kinetic energy    =    574.65039910454  :
                 :  potential energy  =  -1150.93659402160  :
                 :  virial theorem    =      1.99716148708  :
                 :  wavefunction norm =      1.00000000000  :
                  .......................................... 


 <geterg> : there is no data group $energy 


 <skperg> : $end is missing 


 orbitals $scfmo  will be written to file mos

    irrep                 14a         15a         16a         17a         18a   
 eigenvalues H         -0.38386    -0.31977    -0.26642    -0.26505    -0.25756
            eV         -10.4454     -8.7016     -7.2497     -7.2123     -7.0087
 occupation              2.0000      2.0000      2.0000      2.0000      2.0000

    irrep                 19a         20a         21a         22a         23a   
 eigenvalues H         -0.02081     0.01954     0.04537     0.06808     0.08165
            eV          -0.5662      0.5317      1.2346      1.8526      2.2218
 
 
 
 
 ==============================================================================
                           electrostatic moments
 ==============================================================================

 reference point for electrostatic moments:    0.00000   0.00000   0.00000

 
              nuc           elec       ->  total
 ------------------------------------------------------------------------------
                          charge      
 ------------------------------------------------------------------------------
          36.000000     -36.000000      -0.000000
 
 ------------------------------------------------------------------------------
                       dipole moment  
 ------------------------------------------------------------------------------
   x      23.651752     -23.861868      -0.210116
   y       0.000090      -0.000099      -0.000009
   z     124.907839    -123.381132       1.526707
 
   | dipole moment | =     1.5411 a.u. =     3.9171 debye 
 
 ------------------------------------------------------------------------------
                     quadrupole moment
 ------------------------------------------------------------------------------
  xx      47.567392     -65.913632     -18.346240
  yy       5.644340     -26.319014     -20.674673
  zz     855.231967    -862.391783      -7.159816
  xy      -0.000005       0.000022       0.000017
  xz      93.573598     -94.484304      -0.910706
  yz       0.000647      -0.000710      -0.000063
 
     1/3  trace=     -15.393576
     anisotropy=      12.613195
 
 ==============================================================================
 
HOMO-LUMO Separation
 HOMO         :   -0.25756220 H =     -7.00863 eV
 LUMO         :   -0.02080686 H =     -0.56618 eV
 HOMO-LUMO gap:    0.23675534 H =     +6.44244 eV
 
 ==============================================================================


    ------------------------------------------------------------------------
         total  cpu-time :  27.64 seconds
         total wall-time :  27.65 seconds
    ------------------------------------------------------------------------

   ****  ridft : all done  ****


    2020-07-18 04:17:37.061 

