
   OpenMP run-time library returned nthreads = 20

 rirpa (c-14-12) : TURBOMOLE rev. V7.5.0 compiled 17 Jun 2020 at 09:15:30
 Copyright (C) 2020 TURBOMOLE GmbH, Karlsruhe


    2020-08-04 23:19:57.912 

 
 
    *************************************************************************
    *************************** PROGRAM RIRPA *******************************
    ******                                                             ******
    ******              H. Eshuis, J. E. Bates and F. Furche           ******
    ******                                                             ******
    ****** Nov 2011                                                    ******
    ****** Copyright TURBOMOLE GmbH                                    ******
    *************************************************************************
    
    
                                References:                                  
    
                   RIRPA:                                                    
                     H. Eshuis, J. Yarkony, and F. Furche                    
                     Fast Computation of Molecular Random Phase              
                     Approximation Correlation Energies Using Resolution     
                     of the Identity and Imaginary Frequency Integration     
                     J. Chem. Phys. 132: 234114 (2010)                       
    
                     H. Eshuis, J. E. Bates, and F. Furche                   
                     Electron Correlation Methods Based on                   
                     the Random Phase Approximation                          
                     Theor. Chem. Acc.  131: 1084 (2012)                     
    
                     G. P. Chen, V. K. Voora, M. M. Agee,                    
                     S. G. Balasubramani, and F. Furche                      
                     Random-Phase Approximation Methods                      
                     Annu. Rev. Phys. Chem. 68: 421 (2017)                   
    
                   TWO-COMPONENT RIRPA:                                      
                     M. Kuehn                                                
                     Correlation Energies from the                           
                     Two-Component Random-Phase Approximation                
                     J. Chem. Theory Comput. 10: 623 (2014)                  
    
                   RIRPA GRADIENTS:                                          
                     A. M. Burow, J. E. Bates, F. Furche*, and H. Eshuis     
                     Analytical First-Order Molecular Properties and Forces  
                     within the Adiabatic Connection Random Phase            
                     Approximation                                           
                     J. Chem. Theory Comput. 10: 180 (2014)                  
    
                   RI-AXK/RI-ACSOSEX/RI-ACSOX:                               
                     G. P. Chen, M. M. Agee, and F. Furche                   
                     Performance and Scope of Perturbative Corrections to    
                     Random-Phase Approximation Energies                     
                     J. Chem. Theory Comput. 14: 5701 (2018)                 
    
                   GKS-RPA:                                                  
                     V. K. Voora, S. G. Balasubramani, and F. Furche         
                     Variational Generalized Kohn-Sham Approach Combining    
                     the Random-Phase-Approximation and Green’s-Function     
                     Methods                                                 
                     Phys. Rev. A 99: 012518 (2019)                          
    
    
    
      ... OpenMP parallelization enabled, threads:   20

   *-----------------------------------------------------------------------*
   |                     program will use 20 thread(s)                     |
   *-----------------------------------------------------------------------*

 MAXIMUM CORE MEMORY WHICH CAN BE ALLOCATED DYNAMICALLY = 100000 MiB
              ( or 13107200000 double words per process)

 
                FOUND RI-J FLAG
 
  HF exact exchange energy will be computed using RI-J.


              +--------------------------------------------------+
              | Atomic coordinate, charge and isotop information |
              +--------------------------------------------------+

                    atomic coordinates            atom    charge  isotop
         -0.46905925    0.27885393   -4.44954548    c      6.000     0
         -0.81423013    0.50451324   -7.78777113    cl    17.000     0
         -2.07343741   -0.74478914   -3.69444901    h      1.000     0
          1.26909909   -0.72102745   -4.03709844    h      1.000     0
         -0.40211254    2.17042378   -3.66929899    h      1.000     0
 
       center of nuclear mass  :   -0.70743277    0.43467876   -6.75477963
       center of nuclear charge:   -0.68702764    0.42132522   -6.55731648
              +-------------------------------------------------+
              |        Rotational Constants Section             |
              +-------------------------------------------------+
                                   Center of Mass [a.u]:
              -0.70743277046311         0.43467875636454        -6.75477963229366
                     Principal Moments of Inertia [a.u.]
              11.38053961935145       135.69841457326442       135.70057406687107
                       Rotational constants A,B,C [a.u.]
               0.04393464780438         0.00368464142763         0.00368458279147
                     Rotational constants A,B,C [cm**-1]
               5.28970404831138         0.44362851759001         0.44362145783397
                        Rotational constants A,B,C [MHz]
          158581.33787358205882     13299.64837272043951     13299.43672655881528

   * BASIS SET information:

              +--------------------------------------------------+
              |               basis set information              |
              +--------------------------------------------------+

              we will work with the 1s 3p 5d 7f 9g ... basis set
              ...i.e. with spherical basis functions...

   type   atoms  prim   cont   basis
   ---------------------------------------------------------------------------
    c        1    172    140   cc-pV6Z   [7s6p5d4f3g2h1i|27s10p5d4f3g2h1i]
    cl       1    242    149   cc-pV(6+d)Z   [8s7p6d4f3g2h1i|53s23p6d4f3g2h1i]
    h        3     95     91   cc-pV6Z   [6s5p4d3f2g1h|10s5p4d3f2g1h]
   ---------------------------------------------------------------------------
   total:    5    699    562
   ---------------------------------------------------------------------------

   total number of primitive shells          :  169
   total number of contracted shells         :  122
   total number of cartesian basis functions :  808
   total number of SCF-basis functions       :  562


   * AUXILIARY BASIS SET information:

              +--------------------------------------------------+
              |               basis set information              |
              +--------------------------------------------------+

              we will work with the 1s 3p 5d 7f 9g ... basis set
              ...i.e. with spherical basis functions...

   type   atoms  prim   cont   basis
   ---------------------------------------------------------------------------
    c        1    283    283   cc-pV6Z   [12s10p8d7f6g4h3i1k|12s10p8d7f6g4h3i1k]
    cl       1    342    342   cc-pV(6+d)Z   [13s13p11d9f7g5h3i1k|13s13p11d9f7g5h3i1k]
    h        3    140    140   cc-pV6Z   [7s6p5d4f3g2h1i|7s6p5d4f3g2h1i]
   ---------------------------------------------------------------------------
   total:    5   1045   1045
   ---------------------------------------------------------------------------

   total number of primitive shells          :  141
   total number of contracted shells         :  197
   total number of cartesian basis functions : 1622
   total number of SCF-basis functions       : 1045


   * RIJ AUXILIARY BASIS SET information:

              +--------------------------------------------------+
              |               basis set information              |
              +--------------------------------------------------+

              we will work with the 1s 3p 5d 7f 9g ... basis set
              ...i.e. with spherical basis functions...

   type   atoms  prim   cont   basis
   ---------------------------------------------------------------------------
    c        1     70     49   universal   [6s4p3d1f1g|12s5p4d2f1g]
    cl       1     77     51   universal   [8s4p3d1f1g|14s5p5d2f1g]
    h        3     16     11   universal   [3s1p1d|5s2p1d]
   ---------------------------------------------------------------------------
   total:    5    195    133
   ---------------------------------------------------------------------------

   total number of primitive shells          :   59
   total number of contracted shells         :   47
   total number of cartesian basis functions :  160
   total number of SCF-basis functions       :  133


 reading orbital data $scfmo  from file mos
 orbital characterization : scfconv=7

 integral neglect threshold       :  0.27E+02

 scfconv                     7

 there are 1 real representations :   a   

 maximum number of shells which are related by symmetry :  1

 entered riccmos at 2020-08-04 23:19:58.133
VM size:      1501 MB
  MOs are in ASCII format !


 reading orbital data $scfmo  from file mos
 orbital characterization : scfconv=7
after riccmoinp VM size:      1422 MB
registered memory usage:         3 MB
 time elapsed for calculating density matrices :   0.396 sec



              +--------------------------------------------+
              | list of orbitals that will be kept frozen: |
              +--------------------------------------------+
              |   irrep   index      energy     occ/vir    |
              +--------------------------------------------+
              |   a         1     -100.6449     occupied   |
              |   a         2       -9.9376     occupied   |
              |   a         3       -9.1673     occupied   |
              |   a         4       -6.9910     occupied   |
              |   a         5       -6.9802     occupied   |
              |   a         6       -6.9802     occupied   |
              +--------------------------------------------+



   Molecular Orbital Statistic:
   ============================

   -----------------------------
   orbitals in total:
   -----------------------------
    frozen occupied :      6
    active occupied :      7
    active virtual  :    549
    frozen virtual  :      0
    all together    :    562
   -----------------------------


     time in riccmoinp     cpu:  0.14 sec    wall:  0.14 sec    ratio:  1.0
     time in scfdens       cpu:  0.40 sec    wall:  0.02 sec    ratio: 17.9
     time in mkiao         cpu:  0.00 sec    wall:  0.00 sec    ratio:  0.0
     time in mkiho         cpu:  0.00 sec    wall:  0.00 sec    ratio:  0.0
     time in sao2ao        cpu:  0.13 sec    wall:  0.01 sec    ratio: 20.0
     time in ricclmos      cpu:  0.00 sec    wall:  0.00 sec    ratio:  0.0
     time in riccmos       cpu:  1.10 sec    wall:  0.19 sec    ratio:  5.8
 leave riccmos at 2020-08-04 23:19:58.322

     total memory allocated for calculation of (Q|P)**(-1/2) : 13 MiB


     calculation of (P|Q) ...
     time in lp2sym        cpu:  0.52 sec    wall:  0.03 sec    ratio: 20.0


     calculation of the Cholesky decomposition of (P|Q)**(-1) ...
     time in invmetri      cpu:  1.22 sec    wall:  0.06 sec    ratio: 19.1

   threshold for RMS(d[D]) in SCF was     :  0.10E-06
   integral neglect threshold             :  0.21E-11
   derivative integral neglect threshold  :  0.10E-06


 setting up bound for integral derivative estimation

 increment for numerical differentiation : 0.00050000
 
 Occupied orbital block size for RIRPA:                     7
 
 Number of passes for spin                     1 is                     1
 
 Number of eigenvalues < 6e-3:                      0
 
 
            -----------------------------
            Complex frequency integration
            -----------------------------
 
 Number of Clenshaw-Curtis nodes:                    100
 Optimized scaling parameter    :    5.86966507061789     
 Sensitivity measure            :  -1.328818624406203E-008
 
 Done with rirpa frequency point #                     1
 Done with rirpa frequency point #                     2
 Done with rirpa frequency point #                     3
 Done with rirpa frequency point #                     4
 Done with rirpa frequency point #                     5
 Done with rirpa frequency point #                     6
 Done with rirpa frequency point #                     7
 Done with rirpa frequency point #                     8
 Done with rirpa frequency point #                     9
 Done with rirpa frequency point #                    10
 Done with rirpa frequency point #                    11
 Done with rirpa frequency point #                    12
 Done with rirpa frequency point #                    13
 Done with rirpa frequency point #                    14
 Done with rirpa frequency point #                    15
 Done with rirpa frequency point #                    16
 Done with rirpa frequency point #                    17
 Done with rirpa frequency point #                    18
 Done with rirpa frequency point #                    19
 Done with rirpa frequency point #                    20
 Done with rirpa frequency point #                    21
 Done with rirpa frequency point #                    22
 Done with rirpa frequency point #                    23
 Done with rirpa frequency point #                    24
 Done with rirpa frequency point #                    25
 Done with rirpa frequency point #                    26
 Done with rirpa frequency point #                    27
 Done with rirpa frequency point #                    28
 Done with rirpa frequency point #                    29
 Done with rirpa frequency point #                    30
 Done with rirpa frequency point #                    31
 Done with rirpa frequency point #                    32
 Done with rirpa frequency point #                    33
 Done with rirpa frequency point #                    34
 Done with rirpa frequency point #                    35
 Done with rirpa frequency point #                    36
 Done with rirpa frequency point #                    37
 Done with rirpa frequency point #                    38
 Done with rirpa frequency point #                    39
 Done with rirpa frequency point #                    40
 Done with rirpa frequency point #                    41
 Done with rirpa frequency point #                    42
 Done with rirpa frequency point #                    43
 Done with rirpa frequency point #                    44
 Done with rirpa frequency point #                    45
 Done with rirpa frequency point #                    46
 Done with rirpa frequency point #                    47
 Done with rirpa frequency point #                    48
 Done with rirpa frequency point #                    49
 Done with rirpa frequency point #                    50
 Done with rirpa frequency point #                    51
 Done with rirpa frequency point #                    52
 Done with rirpa frequency point #                    53
 Done with rirpa frequency point #                    54
 Done with rirpa frequency point #                    55
 Done with rirpa frequency point #                    56
 Done with rirpa frequency point #                    57
 Done with rirpa frequency point #                    58
 Done with rirpa frequency point #                    59
 Done with rirpa frequency point #                    60
 Done with rirpa frequency point #                    61
 Done with rirpa frequency point #                    62
 Done with rirpa frequency point #                    63
 Done with rirpa frequency point #                    64
 Done with rirpa frequency point #                    65
 Done with rirpa frequency point #                    66
 Done with rirpa frequency point #                    67
 Done with rirpa frequency point #                    68
 Done with rirpa frequency point #                    69
 Done with rirpa frequency point #                    70
 Done with rirpa frequency point #                    71
 Done with rirpa frequency point #                    72
 Done with rirpa frequency point #                    73
 Done with rirpa frequency point #                    74
 Done with rirpa frequency point #                    75
 Done with rirpa frequency point #                    76
 Done with rirpa frequency point #                    77
 Done with rirpa frequency point #                    78
 Done with rirpa frequency point #                    79
 Done with rirpa frequency point #                    80
 Done with rirpa frequency point #                    81
 Done with rirpa frequency point #                    82
 Done with rirpa frequency point #                    83
 Done with rirpa frequency point #                    84
 Done with rirpa frequency point #                    85
 Done with rirpa frequency point #                    86
 Done with rirpa frequency point #                    87
 Done with rirpa frequency point #                    88
 Done with rirpa frequency point #                    89
 Done with rirpa frequency point #                    90
 Done with rirpa frequency point #                    91
 Done with rirpa frequency point #                    92
 Done with rirpa frequency point #                    93
 Done with rirpa frequency point #                    94
 Done with rirpa frequency point #                    95
 Done with rirpa frequency point #                    96
 Done with rirpa frequency point #                    97
 Done with rirpa frequency point #                    98
 Done with rirpa frequency point #                    99
 Done with rirpa frequency point #                   100
 


 RI-RPA correlation energy: -0.7299228725411073E+00
 Allocatable memory for RI due to $ricore (MB):                  5000

 there are 1 real representations :   a   

 maximum number of shells which are related by symmetry :  1

  
           ------------------------
               RI-J - INFORMATION
           ------------------------
 Contributions to RI integral batches: 
  neglected integral batches:                   158
  direct contribution:                            0
  memory contribution:                  7345

          ------------------------
          nuclear repulsion energy  :   51.4402988447    
          ------------------------


         -----------------
         -S,T+V- integrals
         -----------------

 1e-integrals will be neglected if expon. factor < 0.205508E-11

                  --------------------------------------------------- 
                 |  HXX+RIRPA total energy     =   -499.86365876487  |
                  ---------------------------------------------------- 
                 :  RIRPA correlation energy   =     -0.72992287254  :
                 :  HXX total energy           =   -499.13373589233  :
                 :  Hartree energy             =    273.80169082532  :
                 :  Exact Exchange energy      =    -33.75955607577  :
                  .................................................... 


    ------------------------------------------------------------------------
    Rirpa profiling                cpu                    wall         ratio
    ------------------------------------------------------------------------
    module                         sec     %               sec     %
    ------------------------------------------------------------------------
    RIRPA                       771.1  100.00          104.3  100.00   7.4
    STARTUP                       3.6    0.47            0.2    0.21  16.7
    riccmos                       1.1    0.14            0.2    0.18   5.8
    riccaux                       1.8    0.24            0.1    0.09  19.4
    riccbound                    15.0    1.94           11.5   11.00   1.3
    ccmkbaoi                     16.0    2.08            0.8    0.79  19.6
    ecrpa                        54.3    7.04            2.7    2.61  20.0
    qbuild                       49.3    6.39            2.5    2.37  20.0
    rparenrm                      2.9    0.38            0.1    0.14  20.0
    ehxx                        678.9   88.04           88.7   85.10   7.7
    ------------------------------------------------------------------------
    sum                        1594.6  206.78          211.2  202.51   7.6
    ------------------------------------------------------------------------


    ------------------------------------------------------------------------
         total  cpu-time : 12 minutes and 51 seconds
         total wall-time :  1 minutes and 44 seconds
    ------------------------------------------------------------------------

   ****  rirpa : all done  ****


    2020-08-04 23:21:42.189 

