
 ridft (riogrande) : TURBOMOLE rev. V7.4.1 (b987a8a8) compiled 15 Oct 2019 at 12:03:25
 Copyright (C) 2019 TURBOMOLE GmbH, Karlsruhe


    2020-07-20 17:56:12.916 



                                  r i d f t

                        DFT program with RI approximation 
                                for coulomb part 




                                                 
                                 References:     
                                                 
          TURBOMOLE:                             
              R. Ahlrichs, M. Baer, M. Haeser, H. Horn, and
              C. Koelmel
              Electronic structure calculations on workstation
              computers: the program system TURBOMOLE
              Chem. Phys. Lett. 162: 165 (1989)
          Density Functional:                              
              O. Treutler and R. Ahlrichs                      
              Efficient Molecular Numerical Integration Schemes
              J. Chem. Phys. 102: 346 (1995)                   
          Parallel Version:                                
              Performance of parallel TURBOMOLE for Density    
              Functional Calculations                          
              M. v. Arnim and R. Ahlrichs                      
              J. Comp. Chem. 19: 1746 (1998)                   
          RI-J Method:                                     
              Auxiliary Basis Sets to approximate Coulomb      
              Potentials                                       
              Chem. Phys. Lett. 240: 283 (1995)                
              K. Eichkorn, O. Treutler, H. Oehm, M. Haeser     
              and R. Ahlrichs                                  
              Chem. Phys. Lett. 242: 652 (1995)                
                                                           
              Auxiliary Basis Sets for Main Row Atoms and their
              Use to approximate Coulomb Potentials            
              K. Eichkorn, F. Weigend, O. Treutler and         
              R. Ahlrichs                                      
              Theo. Chem. Acc. 97: 119 (1997)                   
                                                           
              Accurate Coulomb-fitting basis sets for H to Rn 
              F. Weigend                                        
              Phys. Chem. Chem. Phys. 8: 1057 (2006)            
                                                           
          Multipole accelerated RI-J (MARI-J):             
              Fast evaluation of the Coulomb potential for     
              electron densities using multipole accelerated   
              resolution of identity approximation             
              M. Sierka, A. Hogekamp and R. Ahlrichs           
              J. Chem. Phys. 118: 9136 (2003)                  
          RI-JK Method:                                     
              A fully direct RI-HF algorithm: Implementation,
              optimised auxiliary basis sets, demonstration of
              accuracy and efficiency                         
              F. Weigend                                      
              Phys. Chem. Chem. Phys. 4: 4285 (2002)           
          Two-component HF and DFT with spin-orbit coupling:  
              Self-consistent treatment of spin-orbit         
              interactions with efficient Hartree-Fock and    
              density functional methods                      
              M. K. Armbruster, F. Weigend, C. van Wüllen and 
              W. Klopper                                      
              Phys. Chem. Chem. Phys. 10: 1748 (2008)         
          Two-component difference density and DIIS algorithm 
              Efficient two-component self-consistent field   
              procedures and gradients: implementation in     
              TURBOMOLE and application to Au20-              
              A. Baldes, F. Weigend                           
              Mol. Phys. 111: 2617 (2013)                     
          Relativistic all-electron 2c calculations           
              An efficient implementation of two-component    
              relativistic exact-decoupling methods for large 
              molecules                                       
              D. Peng, N. Middendorf, F. Weigend, M. Reiher   
              J. Chem. Phys. 138: 184105 (2013)               
          Finite nucleus model and SNSO approximation         
              Efficient implementation of one- and two-       
              component analytical energy gradients in exact  
              two-component theory                            
              Y. J. Franzke, N. Middendorf, F. Weigend        
              J. Chem. Phys. 148: 104110 (2018)               
                                         




              +--------------------------------------------------+
              |      general information about current run       |
              +--------------------------------------------------+

 

 DENSITY CONVERGENCE CHECK SWITCHED ON !
 SCF CONVERGENCE IF RMS(delta[D]) <     0.1000000000E-06

 PBE functional
 exchange:    LDA + PBE
 correlation: LDA (PW) + PBE
 A DFT calculation using the RI-J approximation will be carried out.
 Allocatable memory for RI due to $ricore (MB):                   500


              +--------------------------------------------------+
              | Atomic coordinate, charge and isotop information |
              +--------------------------------------------------+

                    atomic coordinates            atom    charge  isotop
         -3.74681273   -4.21354278    6.24129599    h      1.000     0
         -4.62886412    0.36598999    5.90254171    h      1.000     0
          0.24109320   -3.70311265    6.83064654    c      6.000     0
         -2.22182292   -2.86448304    6.41745106    c      6.000     0
         -2.71823825   -0.28460013    6.22563119    c      6.000     0
         -0.75377280    1.45614014    6.44823295    c      6.000     0
          1.70861426    0.61598908    6.86022001    c      6.000     0
          2.20687944   -1.96348829    7.05240112    c      6.000     0
         -1.13942001    3.45795522    6.29787280    h      1.000     0
          3.23423106    1.96584304    7.03001735    h      1.000     0
          0.62628987   -5.70480388    6.98482589    h      1.000     0
          4.11838418   -2.61333850    7.36901106    h      1.000     0
 
       center of nuclear mass  :   -0.25619423   -1.12390442    6.63898078
       center of nuclear charge:   -0.25618272   -1.12388634    6.63888243

              +--------------------------------------------------+
              |               basis set information              |
              +--------------------------------------------------+

              we will work with the 1s 3p 5d 7f 9g ... basis set
              ...i.e. with spherical basis functions...

   type   atoms  prim   cont   basis
   ---------------------------------------------------------------------------
    h        6     16     14   cc-pVTZ   [3s2p1d|5s2p1d]
    c        6     50     30   cc-pVTZ   [4s3p2d1f|18s5p2d1f]
   ---------------------------------------------------------------------------
   total:   12    396    264
   ---------------------------------------------------------------------------

   total number of primitive shells          :   34
   total number of contracted shells         :   96
   total number of cartesian basis functions :  300
   total number of SCF-basis functions       :  264


 integral neglect threshold       :  0.11E-10
 integral storage threshold THIZE :  0.10E-04
 integral storage threshold THIME :         5

 RI-J AUXILIARY BASIS SET information:

              we will work with the 1s 3p 5d 7f 9g ... basis set
              ...i.e. with spherical basis functions...

   type   atoms  prim   cont   basis
   ---------------------------------------------------------------------------
    h        6     16     11   cc-pVTZ   [3s1p1d|5s2p1d]
    c        6     70     49   cc-pVTZ   [6s4p3d1f1g|12s5p4d2f1g]
   ---------------------------------------------------------------------------
   total:   12    516    360
   ---------------------------------------------------------------------------

   total number of primitive shells          :   32
   total number of contracted shells         :  120
   total number of cartesian basis functions :  438
   total number of SCF-basis functions       :  360


 symmetry group of the molecule :   c1 

 the group has the following generators :
   c1(z)

    1 symmetry operations found

 there are 1 real representations :   a   

 maximum number of shells which are related by symmetry :  1


    mo occupation :
   irrep   mo's   occupied
    a      264       21
 
 number of basis functions   :                    264
 number of occupied orbitals :                     21
 
  
           ------------------
           density functional
           ------------------
 PBE functional
 exchange:    LDA + PBE
 correlation: LDA (PW) + PBE

 spherical integration : Lebedev's spherical grid
 spherical gridsize    :                     5
    i.e. gridpoints    :                   590
 value for diffuse not defined
 radial integration    : Chebyshev 2nd kind (scaling 3)
 radial gridsize       :                     8
 integration cells     :                    12
 partition function    : becke
 partition sharpness   :                     3
  

 biggest AO integral is expected to be     3.593180334
  
           ------------------------
               RI-J - INFORMATION
           ------------------------
 Contributions to RI integral batches: 
  neglected integral batches:                   141
  direct contribution:                            0
  memory contribution:                  4515
 Memory core needed for (P|Q) and Cholesky      1 MByte
 Memory core minimum needed except of (P|Q)     1 MByte
 Total minimum memory core needed (sum)         2 MByte
  
 ****************************************
 Memory allocated for RI-J   148 MByte
 ****************************************
                                            

          ------------------------
          nuclear repulsion energy  :   203.665173298    
          ------------------------


         -----------------
         -S,T+V- integrals
         -----------------

 1e-integrals will be neglected if expon. factor < 0.111399E-11
 
   Difference densities algorithm switched on.
   The maximal number of linear combinations of
   difference densities is                    20 .

 DIIS switched on: error vector is FDS-SDF
 Max. Iterations for DIIS is     :   4
 DIIS matrix (see manual) 
    Scaling factor of diagonals  :  1.200
    threshold for scaling factor :  0.000

 scf convergence criterion : increment of total energy < .1000000D-06
                  and increment of one-electron energy < .1000000D-03

  MOs are in ASCII format !


 automatic virtual orbital shift switched on 
      shift if e(lumo)-e(homo) < 0.10000000    


 reading orbital data $scfmo  from file mos
 orbital characterization : expanded
 mo provided and orthogonalized by Cholesky decomposition

 DSCF restart information will be dumped onto file mos


 Starting SCF iterations

          Overall gridpoints after grid construction =        188473

 ITERATION  ENERGY          1e-ENERGY        2e-ENERGY     RMS[dD(SAO)]   TOL
   1  -231.26759556079    -704.50849547     269.57572661    0.000D+00 0.111D-10
                            Exc = -33.4913615302     Coul =  303.067088142    
                              N = 42.000001307    
                            current damping = 0.300
 
          max. resid. norm for Fia-block=  2.639D-01 for orbital     12a         
          max. resid. fock norm         =  4.793D+00 for orbital    264a         

 ITERATION  ENERGY          1e-ENERGY        2e-ENERGY     RMS[dD(SAO)]   TOL
   2  -231.95359655478    -715.70310661     280.08433676    0.479D-02 0.721D-11
                            Exc = -34.4967881466     Coul =  314.581124906    
                              N = 42.000000804    
                            current damping = 0.250
 
          Norm of current diis error:  1.1765    
          max. resid. norm for Fia-block=  6.627D-02 for orbital      5a         
          max. resid. fock norm         =  1.595D-01 for orbital     55a         

 ITERATION  ENERGY          1e-ENERGY        2e-ENERGY     RMS[dD(SAO)]   TOL
   3  -231.99993333164    -713.04386530     277.37875867    0.179D-02 0.596D-11
                            Exc = -34.3696968527     Coul =  311.748455527    
                              N = 42.000000716    
                            current damping = 0.200
 
          Norm of current diis error: 0.66215    
          max. resid. norm for Fia-block=  2.545D-02 for orbital     12a         
          max. resid. fock norm         =  3.257D-02 for orbital     12a         

 ITERATION  ENERGY          1e-ENERGY        2e-ENERGY     RMS[dD(SAO)]   TOL
   4  -232.01435111215    -714.80705652     279.12753211    0.656D-03 0.553D-11
                            Exc = -34.4769475803     Coul =  313.604479692    
                              N = 42.000000673    
                            current damping = 0.250
 
          Norm of current diis error: 0.92909E-01
          max. resid. norm for Fia-block=  4.079D-03 for orbital     12a         
          max. resid. fock norm         =  6.600D-03 for orbital     70a         

 ITERATION  ENERGY          1e-ENERGY        2e-ENERGY     RMS[dD(SAO)]   TOL
   5  -232.01463979579    -714.77962989     279.09981680    0.113D-03 0.519D-11
                            Exc = -34.4849032985     Coul =  313.584720097    
                              N = 42.000000657    
                            current damping = 0.300
 
          Norm of current diis error: 0.16407E-01
          max. resid. norm for Fia-block=  8.552D-04 for orbital      7a         
          max. resid. fock norm         =  1.254D-03 for orbital     64a         
          mo-orthogonalization: Cholesky decomposition

 ITERATION  ENERGY          1e-ENERGY        2e-ENERGY     RMS[dD(SAO)]   TOL
   6  -232.01465032484    -714.73943952     279.05961590    0.222D-04 0.494D-11
                            Exc = -34.4819342340     Coul =  313.541550129    
                              N = 42.000000656    
                            current damping = 0.150
 
          Norm of current diis error: 0.34705E-02
          max. resid. norm for Fia-block=  1.654D-04 for orbital     12a         
          max. resid. fock norm         =  2.118D-04 for orbital      3a         

 ITERATION  ENERGY          1e-ENERGY        2e-ENERGY     RMS[dD(SAO)]   TOL
   7  -232.01465073748    -714.74843410     279.06861006    0.617D-05 0.477D-11
                            Exc = -34.4826142015     Coul =  313.551224262    
                              N = 42.000000656    
                            current damping = 0.200
 
          Norm of current diis error: 0.16593E-02
          max. resid. norm for Fia-block=  1.113D-04 for orbital     20a         
          max. resid. fock norm         =  2.178D-04 for orbital      2a         

 ITERATION  ENERGY          1e-ENERGY        2e-ENERGY     RMS[dD(SAO)]   TOL
   8  -232.01465070132    -714.74958437     279.06976037    0.316D-05 0.475D-11
                            Exc = -34.4826881716     Coul =  313.552448538    
                              N = 42.000000656    
                            current damping = 0.100
 
          Norm of current diis error: 0.19208E-02
          max. resid. norm for Fia-block=  4.754D-05 for orbital     20a         
          max. resid. fock norm         =  8.442D-05 for orbital      5a         

 ITERATION  ENERGY          1e-ENERGY        2e-ENERGY     RMS[dD(SAO)]   TOL
   9  -232.01465084757    -714.74771911     279.06789496    0.157D-05 0.468D-11
                            Exc = -34.4825625836     Coul =  313.550457547    
                              N = 42.000000656    
                            current damping = 0.150
 
          Norm of current diis error: 0.40224E-03
          max. resid. norm for Fia-block=  2.000D-05 for orbital     21a         
          max. resid. fock norm         =  4.663D-05 for orbital      2a         

 ITERATION  ENERGY          1e-ENERGY        2e-ENERGY     RMS[dD(SAO)]   TOL
  10  -232.01465084944    -714.74751168     279.06768753    0.570D-06 0.467D-11
                            Exc = -34.4825420559     Coul =  313.550229584    
                              N = 42.000000656    
                            current damping = 0.100
 
          Norm of current diis error: 0.34189E-03
          max. resid. norm for Fia-block=  1.196D-05 for orbital     21a         
          max. resid. fock norm         =  2.840D-05 for orbital      2a         
          mo-orthogonalization: Cholesky decomposition

 ITERATION  ENERGY          1e-ENERGY        2e-ENERGY     RMS[dD(SAO)]   TOL
  11  -232.01465085404    -714.74781561     279.06799146    0.390D-06 0.461D-11
                            Exc = -34.4825633156     Coul =  313.550554778    
                              N = 42.000000656    
                            current damping = 0.150
 
          Norm of current diis error: 0.87057E-04
          max. resid. norm for Fia-block=  2.433D-06 for orbital     21a         
          max. resid. fock norm         =  5.031D-06 for orbital      2a         

 ENERGY & DENSITY CONVERGED !


 ITERATION  ENERGY          1e-ENERGY        2e-ENERGY     RMS[dD(SAO)]   TOL
  12  -232.01465085434    -714.74768156     279.06785741    0.923D-07 0.457D-11
                            Exc = -34.4825565593     Coul =  313.550413966    
                              N = 42.000000656    
                            current damping = 0.200
 
          Norm of current diis error: 0.19030E-04
          max. resid. norm for Fia-block=  7.374D-07 for orbital     15a         
          max. resid. fock norm         =  1.047D-06 for orbital    215a         

 End of SCF iterations

   convergence criteria satisfied after    12 iterations


                  ------------------------------------------ 
                 |  total energy      =   -232.01465085434  |
                  ------------------------------------------ 
                 :  kinetic energy    =    230.53603354828  :
                 :  potential energy  =   -462.55068440263  :
                 :  virial theorem    =      1.99362705200  :
                 :  wavefunction norm =      1.00000000000  :
                  .......................................... 


 <geterg> : there is no data group $energy 


 <skperg> : $end is missing 


 orbitals $scfmo  will be written to file mos

    irrep                 17a         18a         19a         20a         21a   
 eigenvalues H         -0.33121    -0.30033    -0.30021    -0.23039    -0.23036
            eV          -9.0127     -8.1725     -8.1691     -6.2692     -6.2686
 occupation              2.0000      2.0000      2.0000      2.0000      2.0000

    irrep                 22a         23a         24a         25a         26a   
 eigenvalues H         -0.04022    -0.04021     0.02232     0.05559     0.05562
            eV          -1.0945     -1.0942      0.6074      1.5127      1.5134
 
 
 
 
 ==============================================================================
                           electrostatic moments
 ==============================================================================

 reference point for electrostatic moments:    0.00000   0.00000   0.00000

 
              nuc           elec       ->  total
 ------------------------------------------------------------------------------
                          charge      
 ------------------------------------------------------------------------------
          42.000000     -42.000000      -0.000000
 
 ------------------------------------------------------------------------------
                       dipole moment  
 ------------------------------------------------------------------------------
   x     -10.759674      10.759832       0.000158
   y     -47.203226      47.203246       0.000020
   z     278.833062    -278.834182      -0.001120
 
   | dipole moment | =     0.0011 a.u. =     0.0029 debye 
 
 ------------------------------------------------------------------------------
                     quadrupole moment
 ------------------------------------------------------------------------------
  xx     189.024616    -212.939491     -23.914875
  yy     243.210469    -267.020211     -23.809742
  zz    1855.839731   -1884.983808     -29.144077
  xy      13.376952     -13.338401       0.038552
  xz     -43.080908      43.897370       0.816461
  yz    -321.731432     321.489815      -0.241617
 
     1/3  trace=     -25.622898
     anisotropy=       5.484961
 
 ==============================================================================
 
HOMO-LUMO Separation
 HOMO         :   -0.23036493 H =     -6.26855 eV
 LUMO         :   -0.04022250 H =     -1.09451 eV
 HOMO-LUMO gap:    0.19014243 H =     +5.17404 eV
 
 ==============================================================================


    ------------------------------------------------------------------------
         total  cpu-time :  41.68 seconds
         total wall-time :  41.68 seconds
    ------------------------------------------------------------------------

   ****  ridft : all done  ****


    2020-07-20 17:56:54.593 

