
 ridft (riogrande) : TURBOMOLE rev. V7.4.1 (b987a8a8) compiled 15 Oct 2019 at 12:03:25
 Copyright (C) 2019 TURBOMOLE GmbH, Karlsruhe


    2020-08-27 18:15:55.806 



                                  r i d f t

                        DFT program with RI approximation 
                                for coulomb part 




                                                 
                                 References:     
                                                 
          TURBOMOLE:                             
              R. Ahlrichs, M. Baer, M. Haeser, H. Horn, and
              C. Koelmel
              Electronic structure calculations on workstation
              computers: the program system TURBOMOLE
              Chem. Phys. Lett. 162: 165 (1989)
          Density Functional:                              
              O. Treutler and R. Ahlrichs                      
              Efficient Molecular Numerical Integration Schemes
              J. Chem. Phys. 102: 346 (1995)                   
          Parallel Version:                                
              Performance of parallel TURBOMOLE for Density    
              Functional Calculations                          
              M. v. Arnim and R. Ahlrichs                      
              J. Comp. Chem. 19: 1746 (1998)                   
          RI-J Method:                                     
              Auxiliary Basis Sets to approximate Coulomb      
              Potentials                                       
              Chem. Phys. Lett. 240: 283 (1995)                
              K. Eichkorn, O. Treutler, H. Oehm, M. Haeser     
              and R. Ahlrichs                                  
              Chem. Phys. Lett. 242: 652 (1995)                
                                                           
              Auxiliary Basis Sets for Main Row Atoms and their
              Use to approximate Coulomb Potentials            
              K. Eichkorn, F. Weigend, O. Treutler and         
              R. Ahlrichs                                      
              Theo. Chem. Acc. 97: 119 (1997)                   
                                                           
              Accurate Coulomb-fitting basis sets for H to Rn 
              F. Weigend                                        
              Phys. Chem. Chem. Phys. 8: 1057 (2006)            
                                                           
          Multipole accelerated RI-J (MARI-J):             
              Fast evaluation of the Coulomb potential for     
              electron densities using multipole accelerated   
              resolution of identity approximation             
              M. Sierka, A. Hogekamp and R. Ahlrichs           
              J. Chem. Phys. 118: 9136 (2003)                  
          RI-JK Method:                                     
              A fully direct RI-HF algorithm: Implementation,
              optimised auxiliary basis sets, demonstration of
              accuracy and efficiency                         
              F. Weigend                                      
              Phys. Chem. Chem. Phys. 4: 4285 (2002)           
          Two-component HF and DFT with spin-orbit coupling:  
              Self-consistent treatment of spin-orbit         
              interactions with efficient Hartree-Fock and    
              density functional methods                      
              M. K. Armbruster, F. Weigend, C. van Wüllen and 
              W. Klopper                                      
              Phys. Chem. Chem. Phys. 10: 1748 (2008)         
          Two-component difference density and DIIS algorithm 
              Efficient two-component self-consistent field   
              procedures and gradients: implementation in     
              TURBOMOLE and application to Au20-              
              A. Baldes, F. Weigend                           
              Mol. Phys. 111: 2617 (2013)                     
          Relativistic all-electron 2c calculations           
              An efficient implementation of two-component    
              relativistic exact-decoupling methods for large 
              molecules                                       
              D. Peng, N. Middendorf, F. Weigend, M. Reiher   
              J. Chem. Phys. 138: 184105 (2013)               
          Finite nucleus model and SNSO approximation         
              Efficient implementation of one- and two-       
              component analytical energy gradients in exact  
              two-component theory                            
              Y. J. Franzke, N. Middendorf, F. Weigend        
              J. Chem. Phys. 148: 104110 (2018)               
                                         




              +--------------------------------------------------+
              |      general information about current run       |
              +--------------------------------------------------+

 

 DENSITY CONVERGENCE CHECK SWITCHED ON !
 SCF CONVERGENCE IF RMS(delta[D]) <     0.1000000000E-06

 PBE functional
 exchange:    LDA + PBE
 correlation: LDA (PW) + PBE
 A DFT calculation using the RI-J approximation will be carried out.
 Allocatable memory for RI due to $ricore (MB):                   500


              +--------------------------------------------------+
              | Atomic coordinate, charge and isotop information |
              +--------------------------------------------------+

                    atomic coordinates            atom    charge  isotop
          0.56909502   -0.32714580    5.22411092    c      6.000     0
         -0.04699906   -0.14660898    1.92215596    cl    17.000     0
          2.35743761    0.59451280    5.60238548    h      1.000     0
          0.65409308   -2.30063220    5.76146533    h      1.000     0
         -0.94809264    0.62018077    6.21974095    h      1.000     0
         -0.46905925    0.27885393   -4.44954548    c      6.000     0
         -0.81423013    0.50451324   -7.78777113    cl    17.000     0
         -2.07343741   -0.74478914   -3.69444901    h      1.000     0
          1.26909909   -0.72102745   -4.03709844    h      1.000     0
         -0.40211254    2.17042378   -3.66929899    h      1.000     0
 
       center of nuclear mass  :   -0.28192603    0.11611031   -1.90558135
       center of nuclear charge:   -0.25353259    0.10410173   -1.70933308

              +--------------------------------------------------+
              |               basis set information              |
              +--------------------------------------------------+

              we will work with the 1s 3p 5d 7f 9g ... basis set
              ...i.e. with spherical basis functions...

   type   atoms  prim   cont   basis
   ---------------------------------------------------------------------------
    c        2     77     57   def2-QZVP   [7s4p3d2f1g|15s8p3d2f1g]
    cl       2    105     70   def2-QZVP   [9s6p4d2f1g|20s14p4d2f1g]
    h        6     33     30   def2-QZVP   [4s3p2d1f|7s3p2d1f]
   ---------------------------------------------------------------------------
   total:   10    562    434
   ---------------------------------------------------------------------------

   total number of primitive shells          :   83
   total number of contracted shells         :  138
   total number of cartesian basis functions :  526
   total number of SCF-basis functions       :  434


 integral neglect threshold       :  0.63E-11
 integral storage threshold THIZE :  0.10E-04
 integral storage threshold THIME :         5

 RI-J AUXILIARY BASIS SET information:

              we will work with the 1s 3p 5d 7f 9g ... basis set
              ...i.e. with spherical basis functions...

   type   atoms  prim   cont   basis
   ---------------------------------------------------------------------------
    c        2     70     49   def2-QZVP   [6s4p3d1f1g|12s5p4d2f1g]
    cl       2     77     51   def2-QZVP   [8s4p3d1f1g|14s5p5d2f1g]
    h        6     16     11   def2-QZVP   [3s1p1d|5s2p1d]
   ---------------------------------------------------------------------------
   total:   10    390    266
   ---------------------------------------------------------------------------

   total number of primitive shells          :   59
   total number of contracted shells         :   94
   total number of cartesian basis functions :  320
   total number of SCF-basis functions       :  266


 symmetry group of the molecule :   c1 

 the group has the following generators :
   c1(z)

    1 symmetry operations found

 there are 1 real representations :   a   

 maximum number of shells which are related by symmetry :  1


    mo occupation :
   irrep   mo's   occupied
    a      434       26
 
 number of basis functions   :                    434
 number of occupied orbitals :                     26
 
  
           ------------------
           density functional
           ------------------
 PBE functional
 exchange:    LDA + PBE
 correlation: LDA (PW) + PBE

 spherical integration : Lebedev's spherical grid
 spherical gridsize    :                     5
    i.e. gridpoints    :                   590
 value for diffuse not defined
 radial integration    : Chebyshev 2nd kind (scaling 3)
 radial gridsize       :                     8
 integration cells     :                    10
 partition function    : becke
 partition sharpness   :                     3
  

 biggest AO integral is expected to be    12.165751258
  
           ------------------------
               RI-J - INFORMATION
           ------------------------
 Contributions to RI integral batches: 
  neglected integral batches:                  2674
  direct contribution:                            0
  memory contribution:                  6917
 Memory core needed for (P|Q) and Cholesky      1 MByte
 Memory core minimum needed except of (P|Q)     1 MByte
 Total minimum memory core needed (sum)         2 MByte
  
 ****************************************
 Memory allocated for RI-J   239 MByte
 ****************************************
                                            

          ------------------------
          nuclear repulsion energy  :   176.513396221    
          ------------------------

      -----------------------------------------------------------      
     |                   =====================                   |     
     |                        D F T - D 4                        |     
     |                   =====================                   |     
     |                         S. Grimme                         |     
     |          Mulliken Center for Theoretical Chemistry        |     
     |                    University of Bonn                     |     
      -----------------------------------------------------------      

           -------------------------------------------------
          |                Calculation Setup                |
           -------------------------------------------------
   charge               :      0
   non-additivity corr. : ATM
   charge model         : EEQ
   damping parameters
   s6                   :     1.0000
   s8                   :     0.9595
   a1                   :     0.3857
   a2                   :     4.8069

        q(ref)        CN(ref)   cov. CN(ref)  alpha(AIM,ref)
     0.0000000      0.0000000      0.0000000     12.3555336
    -0.1712371      0.9867893      0.9189476     12.8040100
    -0.1421000      1.9984766      1.9078606      9.6347083
    -0.2225085      2.9987259      2.8312240      9.6866280
    -0.2565392      3.9843988      3.7487004      7.6947605
    -0.1044135      3.1417713      2.9183271      9.3751067
     0.2103031      0.9999501      0.8556099      7.7402501
        q(ref)        CN(ref)   cov. CN(ref)  alpha(AIM,ref)
     0.0000000      0.0000000      0.0000000     14.6510611
    -0.1504506      0.9971890      0.8443997     15.4296078
        q(ref)        CN(ref)   cov. CN(ref)  alpha(AIM,ref)
     0.0000000      0.0000000      0.0000000      5.0540161
     0.0000000      0.9117922      0.8942243      2.7207580
========================================================================
 Edisp  /kcal,au:    -3.0533  -0.0048657462
========================================================================
 nuclear repulsion energy                  =     176.513396221
 empirical dispersive energy correction    =      -0.004865746
 nuclear repulsion + dispersion correction =     176.508530475


         -----------------
         -S,T+V- integrals
         -----------------

 1e-integrals will be neglected if expon. factor < 0.635354E-12
 
   Difference densities algorithm switched on.
   The maximal number of linear combinations of
   difference densities is                    20 .

 DIIS switched on: error vector is FDS-SDF
 Max. Iterations for DIIS is     :   4
 DIIS matrix (see manual) 
    Scaling factor of diagonals  :  1.200
    threshold for scaling factor :  0.000

 scf convergence criterion : increment of total energy < .1000000D-06
                  and increment of one-electron energy < .1000000D-03

  MOs are in ASCII format !


 automatic virtual orbital shift switched on 
      shift if e(lumo)-e(homo) < 0.10000000    


 reading orbital data $scfmo  from file mos
 orbital characterization : scfconv=7

 DSCF restart information will be dumped onto file mos


 Starting SCF iterations

          Overall gridpoints after grid construction =        159300

 ITERATION  ENERGY          1e-ENERGY        2e-ENERGY     RMS[dD(SAO)]   TOL
   1  -999.82329421671    -1728.3659668     552.03414210    0.000D+00 0.634D-11
                            Exc = -69.0499110534     Coul =  621.084053155    
                              N = 51.999999847    
                            current damping = 0.300
 
          max. resid. norm for Fia-block=  8.138D-07 for orbital     21a         
          max. resid. fock norm         =  1.177D-06 for orbital      7a         

 ITERATION  ENERGY          1e-ENERGY        2e-ENERGY     RMS[dD(SAO)]   TOL
   2  -999.82329421672    -1728.3659301     552.03410545    0.131D-07 0.402D-11
                            Exc = -69.0499077025     Coul =  621.084013148    
                              N = 51.999999847    
                            current damping = 0.300
 
          Norm of current diis error: 0.84071E-05
          max. resid. norm for Fia-block=  2.519D-07 for orbital     21a         
          max. resid. fock norm         =  3.520D-07 for orbital     21a         

 ENERGY & DENSITY CONVERGED !


 ITERATION  ENERGY          1e-ENERGY        2e-ENERGY     RMS[dD(SAO)]   TOL
   3  -999.82329421673    -1728.3659398     552.03411508    0.414D-08 0.371D-11
                            Exc = -69.0499085381     Coul =  621.084023621    
                              N = 51.999999847    
                            current damping = 0.350
 
          Norm of current diis error: 0.18074E-05
          max. resid. norm for Fia-block=  6.790D-08 for orbital     20a         
          max. resid. fock norm         =  1.166D-07 for orbital    420a         

 End of SCF iterations

   convergence criteria satisfied after     3 iterations


                  ------------------------------------------ 
                 |  total energy      =   -999.82329421673  |
                  ------------------------------------------ 
                 :  kinetic energy    =    998.12068323882  :
                 :  potential energy  =  -1997.94397745555  :
                 :  virial theorem    =      1.99829708811  :
                 :  wavefunction norm =      1.00000000000  :
                  .......................................... 


 orbitals $scfmo  will be written to file mos

    irrep                 22a         23a         24a         25a         26a   
 eigenvalues H         -0.36898    -0.26937    -0.26933    -0.25292    -0.25290
            eV         -10.0407     -7.3301     -7.3289     -6.8823     -6.8817
 occupation              2.0000      2.0000      2.0000      2.0000      2.0000

    irrep                 27a         28a         29a         30a         31a   
 eigenvalues H         -0.03703    -0.00690     0.01569     0.02326     0.05270
            eV          -1.0077     -0.1878      0.4268      0.6328      1.4340
 
 
 
 
 ==============================================================================
                           electrostatic moments
 ==============================================================================

 reference point for electrostatic moments:    0.00000   0.00000   0.00000

 
              nuc           elec       ->  total
 ------------------------------------------------------------------------------
                          charge      
 ------------------------------------------------------------------------------
          52.000000     -52.000000      -0.000000
 
 ------------------------------------------------------------------------------
                       dipole moment  
 ------------------------------------------------------------------------------
   x     -13.183695      13.405356       0.221662
   y       5.413290      -5.508266      -0.094976
   z     -88.885320      90.436542       1.551222
 
   | dipole moment | =     1.5699 a.u. =     3.9902 debye 
 
 ------------------------------------------------------------------------------
                     quadrupole moment
 ------------------------------------------------------------------------------
  xx      27.527047     -57.231700     -29.704653
  yy      17.617485     -47.335859     -29.718374
  zz    1523.065062   -1555.457214     -32.392151
  xy      -9.702972       9.713219       0.010247
  xz     151.713689    -151.818399      -0.104710
  yz     -97.651626      97.861306       0.209680
 
     1/3  trace=     -30.605059
     anisotropy=       2.711285
 
 ==============================================================================
 
HOMO-LUMO Separation
 HOMO         :   -0.25289661 H =     -6.88167 eV
 LUMO         :   -0.03703108 H =     -1.00767 eV
 HOMO-LUMO gap:    0.21586553 H =     +5.87400 eV
 
 ==============================================================================


    ------------------------------------------------------------------------
         total  cpu-time :   9.41 seconds
         total wall-time :   9.41 seconds
    ------------------------------------------------------------------------

   ****  ridft : all done  ****


    2020-08-27 18:16:05.207 

 ridft ended normally
