
 ridft (riogrande) : TURBOMOLE rev. V7.4.1 (b987a8a8) compiled 15 Oct 2019 at 12:03:25
 Copyright (C) 2019 TURBOMOLE GmbH, Karlsruhe


    2020-07-20 17:46:37.116 



                                  r i d f t

                        DFT program with RI approximation 
                                for coulomb part 




                                                 
                                 References:     
                                                 
          TURBOMOLE:                             
              R. Ahlrichs, M. Baer, M. Haeser, H. Horn, and
              C. Koelmel
              Electronic structure calculations on workstation
              computers: the program system TURBOMOLE
              Chem. Phys. Lett. 162: 165 (1989)
          Density Functional:                              
              O. Treutler and R. Ahlrichs                      
              Efficient Molecular Numerical Integration Schemes
              J. Chem. Phys. 102: 346 (1995)                   
          Parallel Version:                                
              Performance of parallel TURBOMOLE for Density    
              Functional Calculations                          
              M. v. Arnim and R. Ahlrichs                      
              J. Comp. Chem. 19: 1746 (1998)                   
          RI-J Method:                                     
              Auxiliary Basis Sets to approximate Coulomb      
              Potentials                                       
              Chem. Phys. Lett. 240: 283 (1995)                
              K. Eichkorn, O. Treutler, H. Oehm, M. Haeser     
              and R. Ahlrichs                                  
              Chem. Phys. Lett. 242: 652 (1995)                
                                                           
              Auxiliary Basis Sets for Main Row Atoms and their
              Use to approximate Coulomb Potentials            
              K. Eichkorn, F. Weigend, O. Treutler and         
              R. Ahlrichs                                      
              Theo. Chem. Acc. 97: 119 (1997)                   
                                                           
              Accurate Coulomb-fitting basis sets for H to Rn 
              F. Weigend                                        
              Phys. Chem. Chem. Phys. 8: 1057 (2006)            
                                                           
          Multipole accelerated RI-J (MARI-J):             
              Fast evaluation of the Coulomb potential for     
              electron densities using multipole accelerated   
              resolution of identity approximation             
              M. Sierka, A. Hogekamp and R. Ahlrichs           
              J. Chem. Phys. 118: 9136 (2003)                  
          RI-JK Method:                                     
              A fully direct RI-HF algorithm: Implementation,
              optimised auxiliary basis sets, demonstration of
              accuracy and efficiency                         
              F. Weigend                                      
              Phys. Chem. Chem. Phys. 4: 4285 (2002)           
          Two-component HF and DFT with spin-orbit coupling:  
              Self-consistent treatment of spin-orbit         
              interactions with efficient Hartree-Fock and    
              density functional methods                      
              M. K. Armbruster, F. Weigend, C. van Wüllen and 
              W. Klopper                                      
              Phys. Chem. Chem. Phys. 10: 1748 (2008)         
          Two-component difference density and DIIS algorithm 
              Efficient two-component self-consistent field   
              procedures and gradients: implementation in     
              TURBOMOLE and application to Au20-              
              A. Baldes, F. Weigend                           
              Mol. Phys. 111: 2617 (2013)                     
          Relativistic all-electron 2c calculations           
              An efficient implementation of two-component    
              relativistic exact-decoupling methods for large 
              molecules                                       
              D. Peng, N. Middendorf, F. Weigend, M. Reiher   
              J. Chem. Phys. 138: 184105 (2013)               
          Finite nucleus model and SNSO approximation         
              Efficient implementation of one- and two-       
              component analytical energy gradients in exact  
              two-component theory                            
              Y. J. Franzke, N. Middendorf, F. Weigend        
              J. Chem. Phys. 148: 104110 (2018)               
                                         




              +--------------------------------------------------+
              |      general information about current run       |
              +--------------------------------------------------+

 

 DENSITY CONVERGENCE CHECK SWITCHED ON !
 SCF CONVERGENCE IF RMS(delta[D]) <     0.1000000000E-06

 PBE functional
 exchange:    LDA + PBE
 correlation: LDA (PW) + PBE
 A DFT calculation using the RI-J approximation will be carried out.
 Allocatable memory for RI due to $ricore (MB):                   500


              +--------------------------------------------------+
              | Atomic coordinate, charge and isotop information |
              +--------------------------------------------------+

                    atomic coordinates            atom    charge  isotop
         -0.00001902   -0.00015604   -3.29396544    c      6.000     0
         -0.00000683    0.00020031   -5.34531593    h      1.000     0
         -1.67365208   -0.96678499   -2.60746550    h      1.000     0
          1.67378243   -0.96649203   -2.60744590    h      1.000     0
         -0.00019169    1.93234111   -2.60692521    h      1.000     0
 
       center of nuclear mass  :   -0.00001852   -0.00016304   -3.29341824
       center of nuclear charge:   -0.00001823   -0.00016718   -3.29309452

              +--------------------------------------------------+
              |               basis set information              |
              +--------------------------------------------------+

              we will work with the 1s 3p 5d 7f 9g ... basis set
              ...i.e. with spherical basis functions...

   type   atoms  prim   cont   basis
   ---------------------------------------------------------------------------
    c        1     77     55   cc-pVQZ   [5s4p3d2f1g|21s6p3d2f1g]
    h        4     32     30   cc-pVQZ   [4s3p2d1f|6s3p2d1f]
   ---------------------------------------------------------------------------
   total:    5    205    175
   ---------------------------------------------------------------------------

   total number of primitive shells          :   45
   total number of contracted shells         :   55
   total number of cartesian basis functions :  210
   total number of SCF-basis functions       :  175


 integral neglect threshold       :  0.16E-10
 integral storage threshold THIZE :  0.10E-04
 integral storage threshold THIME :         5

 RI-J AUXILIARY BASIS SET information:

              we will work with the 1s 3p 5d 7f 9g ... basis set
              ...i.e. with spherical basis functions...

   type   atoms  prim   cont   basis
   ---------------------------------------------------------------------------
    c        1     70     49   cc-pVQZ   [6s4p3d1f1g|12s5p4d2f1g]
    h        4     16     11   cc-pVQZ   [3s1p1d|5s2p1d]
   ---------------------------------------------------------------------------
   total:    5    134     93
   ---------------------------------------------------------------------------

   total number of primitive shells          :   32
   total number of contracted shells         :   35
   total number of cartesian basis functions :  109
   total number of SCF-basis functions       :   93


 symmetry group of the molecule :   c1 

 the group has the following generators :
   c1(z)

    1 symmetry operations found

 there are 1 real representations :   a   

 maximum number of shells which are related by symmetry :  1


    mo occupation :
   irrep   mo's   occupied
    a      175        5
 
 number of basis functions   :                    175
 number of occupied orbitals :                      5
 
  
           ------------------
           density functional
           ------------------
 PBE functional
 exchange:    LDA + PBE
 correlation: LDA (PW) + PBE

 spherical integration : Lebedev's spherical grid
 spherical gridsize    :                     5
    i.e. gridpoints    :                   590
 value for diffuse not defined
 radial integration    : Chebyshev 2nd kind (scaling 3)
 radial gridsize       :                     8
 integration cells     :                     5
 partition function    : becke
 partition sharpness   :                     3
  

 biggest AO integral is expected to be     3.537514283
  
           ------------------------
               RI-J - INFORMATION
           ------------------------
 Contributions to RI integral batches: 
  neglected integral batches:                     0
  direct contribution:                            0
  memory contribution:                  1540
 Memory core needed for (P|Q) and Cholesky      1 MByte
 Memory core minimum needed except of (P|Q)     1 MByte
 Total minimum memory core needed (sum)         1 MByte
  
 ****************************************
 Memory allocated for RI-J    19 MByte
 ****************************************
                                            

          ------------------------
          nuclear repulsion energy  :   13.4923926197    
          ------------------------


         -----------------
         -S,T+V- integrals
         -----------------

 1e-integrals will be neglected if expon. factor < 0.159141E-11
 
   Difference densities algorithm switched on.
   The maximal number of linear combinations of
   difference densities is                    20 .

 DIIS switched on: error vector is FDS-SDF
 Max. Iterations for DIIS is     :   4
 DIIS matrix (see manual) 
    Scaling factor of diagonals  :  1.200
    threshold for scaling factor :  0.000

 scf convergence criterion : increment of total energy < .1000000D-06
                  and increment of one-electron energy < .1000000D-03

  MOs are in ASCII format !


 automatic virtual orbital shift switched on 
      shift if e(lumo)-e(homo) < 0.10000000    


 reading orbital data $scfmo  from file mos
 orbital characterization : expanded
 mo provided and orthogonalized by Cholesky decomposition

 DSCF restart information will be dumped onto file mos


 Starting SCF iterations

          Overall gridpoints after grid construction =         72309

 ITERATION  ENERGY          1e-ENERGY        2e-ENERGY     RMS[dD(SAO)]   TOL
   1  -40.283324835600    -78.205388343     24.429670888    0.000D+00 0.159D-10
                            Exc = -6.51681125465     Coul =  30.9464821428    
                              N = 10.000000132    
                            current damping = 0.300
 
          max. resid. norm for Fia-block=  2.672D-01 for orbital      2a         
          max. resid. fock norm         =  8.106D+00 for orbital    170a         

 ITERATION  ENERGY          1e-ENERGY        2e-ENERGY     RMS[dD(SAO)]   TOL
   2  -40.452296592020    -80.104076941     26.159387729    0.726D-02 0.118D-10
                            Exc = -6.81744418250     Coul =  32.9768319118    
                              N = 10.000000100    
                            current damping = 0.250
 
          Norm of current diis error: 0.77668    
          max. resid. norm for Fia-block=  7.254D-02 for orbital      2a         
          max. resid. fock norm         =  1.047D-01 for orbital     42a         

 ITERATION  ENERGY          1e-ENERGY        2e-ENERGY     RMS[dD(SAO)]   TOL
   3  -40.463916070775    -79.680451526     25.724142836    0.133D-02 0.895D-11
                            Exc = -6.79758267984     Coul =  32.5217255158    
                              N = 10.000000088    
                            current damping = 0.200
 
          Norm of current diis error: 0.33964    
          max. resid. norm for Fia-block=  1.693D-02 for orbital      2a         
          max. resid. fock norm         =  1.715D-02 for orbital      2a         

 ITERATION  ENERGY          1e-ENERGY        2e-ENERGY     RMS[dD(SAO)]   TOL
   4  -40.466549223514    -80.003359011     26.044417167    0.490D-03 0.789D-11
                            Exc = -6.84260103319     Coul =  32.8870182006    
                              N = 10.000000083    
                            current damping = 0.250
 
          Norm of current diis error: 0.52655E-01
          max. resid. norm for Fia-block=  2.165D-03 for orbital      1a         
          max. resid. fock norm         =  4.486D-03 for orbital     14a         

 ITERATION  ENERGY          1e-ENERGY        2e-ENERGY     RMS[dD(SAO)]   TOL
   5  -40.466600668853    -79.969097582     26.010104294    0.562D-04 0.742D-11
                            Exc = -6.83858732477     Coul =  32.8486916186    
                              N = 10.000000083    
                            current damping = 0.300
 
          Norm of current diis error: 0.50652E-02
          max. resid. norm for Fia-block=  4.302D-04 for orbital      1a         
          max. resid. fock norm         =  6.853D-04 for orbital     38a         
          mo-orthogonalization: Cholesky decomposition

 ITERATION  ENERGY          1e-ENERGY        2e-ENERGY     RMS[dD(SAO)]   TOL
   6  -40.466601216986    -79.967178194     26.008184357    0.122D-04 0.700D-11
                            Exc = -6.83842784138     Coul =  32.8466121985    
                              N = 10.000000083    
                            current damping = 0.150
 
          Norm of current diis error: 0.11300E-02
          max. resid. norm for Fia-block=  9.825D-05 for orbital      1a         
          max. resid. fock norm         =  1.598D-04 for orbital     38a         

 ITERATION  ENERGY          1e-ENERGY        2e-ENERGY     RMS[dD(SAO)]   TOL
   7  -40.466601246712    -79.966759688     26.007765822    0.347D-05 0.658D-11
                            Exc = -6.83839858102     Coul =  32.8461644029    
                              N = 10.000000083    
                            current damping = 0.100
 
          Norm of current diis error: 0.16718E-03
          max. resid. norm for Fia-block=  1.259D-05 for orbital      1a         
          max. resid. fock norm         =  2.435D-05 for orbital     38a         

 ENERGY & DENSITY CONVERGED !


 ITERATION  ENERGY          1e-ENERGY        2e-ENERGY     RMS[dD(SAO)]   TOL
   8  -40.466601247323    -79.966681987     26.007688120    0.549D-06 0.637D-11
                            Exc = -6.83839033084     Coul =  32.8460784508    
                              N = 10.000000083    
                            current damping = 0.100
 
          Norm of current diis error: 0.24662E-04
          max. resid. norm for Fia-block=  1.725D-06 for orbital      3a         
          max. resid. fock norm         =  2.948D-06 for orbital     78a         

 End of SCF iterations

   convergence criteria satisfied after     8 iterations


                  ------------------------------------------ 
                 |  total energy      =    -40.46660124732  |
                  ------------------------------------------ 
                 :  kinetic energy    =     40.26559580015  :
                 :  potential energy  =    -80.73219704747  :
                 :  virial theorem    =      1.99503280629  :
                 :  wavefunction norm =      1.00000000000  :
                  .......................................... 


 <geterg> : there is no data group $energy 


 <skperg> : $end is missing 


 orbitals $scfmo  will be written to file mos

    irrep                  1a          2a          3a          4a          5a   
 eigenvalues H         -9.85998    -0.62769    -0.34780    -0.34741    -0.34740
            eV        -268.3058    -17.0805     -9.4641     -9.4536     -9.4534
 occupation              2.0000      2.0000      2.0000      2.0000      2.0000

    irrep                  6a          7a          8a          9a         10a   
 eigenvalues H          0.01711     0.09100     0.09104     0.09104     0.15859
            eV           0.4655      2.4764      2.4773      2.4774      4.3154
 
 
 
 
 ==============================================================================
                           electrostatic moments
 ==============================================================================

 reference point for electrostatic moments:    0.00000   0.00000   0.00000

 
              nuc           elec       ->  total
 ------------------------------------------------------------------------------
                          charge      
 ------------------------------------------------------------------------------
          10.000000     -10.000000       0.000000
 
 ------------------------------------------------------------------------------
                       dipole moment  
 ------------------------------------------------------------------------------
   x      -0.000182       0.000182      -0.000000
   y      -0.001672       0.001670      -0.000002
   z     -32.930945      32.931645       0.000700
 
   | dipole moment | =     0.0007 a.u. =     0.0018 debye 
 
 ------------------------------------------------------------------------------
                     quadrupole moment
 ------------------------------------------------------------------------------
  xx       5.602659     -11.901193      -6.298534
  yy       5.602722     -11.901195      -6.298473
  zz     114.067362    -120.363595      -6.296234
  xy      -0.000006       0.000007       0.000001
  xz       0.000605      -0.000604       0.000001
  yz       0.005479      -0.005468       0.000011
 
     1/3  trace=      -6.297747
     anisotropy=       0.002270
 
 ==============================================================================
 
HOMO-LUMO Separation
 HOMO         :   -0.34740275 H =     -9.45332 eV
 LUMO         :    0.01710558 H =     +0.46547 eV
 HOMO-LUMO gap:    0.36450832 H =     +9.91878 eV
 
 ==============================================================================


    ------------------------------------------------------------------------
         total  cpu-time :   8.37 seconds
         total wall-time :   8.37 seconds
    ------------------------------------------------------------------------

   ****  ridft : all done  ****


    2020-07-20 17:46:45.469 

