
 ridft (tigris) : TURBOMOLE rev. V7.4.1 (b987a8a8) compiled 15 Oct 2019 at 12:03:25
 Copyright (C) 2019 TURBOMOLE GmbH, Karlsruhe


    2020-08-30 20:37:05.708 



                                  r i d f t

                        DFT program with RI approximation 
                                for coulomb part 




                                                 
                                 References:     
                                                 
          TURBOMOLE:                             
              R. Ahlrichs, M. Baer, M. Haeser, H. Horn, and
              C. Koelmel
              Electronic structure calculations on workstation
              computers: the program system TURBOMOLE
              Chem. Phys. Lett. 162: 165 (1989)
          Density Functional:                              
              O. Treutler and R. Ahlrichs                      
              Efficient Molecular Numerical Integration Schemes
              J. Chem. Phys. 102: 346 (1995)                   
          Parallel Version:                                
              Performance of parallel TURBOMOLE for Density    
              Functional Calculations                          
              M. v. Arnim and R. Ahlrichs                      
              J. Comp. Chem. 19: 1746 (1998)                   
          RI-J Method:                                     
              Auxiliary Basis Sets to approximate Coulomb      
              Potentials                                       
              Chem. Phys. Lett. 240: 283 (1995)                
              K. Eichkorn, O. Treutler, H. Oehm, M. Haeser     
              and R. Ahlrichs                                  
              Chem. Phys. Lett. 242: 652 (1995)                
                                                           
              Auxiliary Basis Sets for Main Row Atoms and their
              Use to approximate Coulomb Potentials            
              K. Eichkorn, F. Weigend, O. Treutler and         
              R. Ahlrichs                                      
              Theo. Chem. Acc. 97: 119 (1997)                   
                                                           
              Accurate Coulomb-fitting basis sets for H to Rn 
              F. Weigend                                        
              Phys. Chem. Chem. Phys. 8: 1057 (2006)            
                                                           
          Multipole accelerated RI-J (MARI-J):             
              Fast evaluation of the Coulomb potential for     
              electron densities using multipole accelerated   
              resolution of identity approximation             
              M. Sierka, A. Hogekamp and R. Ahlrichs           
              J. Chem. Phys. 118: 9136 (2003)                  
          RI-JK Method:                                     
              A fully direct RI-HF algorithm: Implementation,
              optimised auxiliary basis sets, demonstration of
              accuracy and efficiency                         
              F. Weigend                                      
              Phys. Chem. Chem. Phys. 4: 4285 (2002)           
          Two-component HF and DFT with spin-orbit coupling:  
              Self-consistent treatment of spin-orbit         
              interactions with efficient Hartree-Fock and    
              density functional methods                      
              M. K. Armbruster, F. Weigend, C. van Wüllen and 
              W. Klopper                                      
              Phys. Chem. Chem. Phys. 10: 1748 (2008)         
          Two-component difference density and DIIS algorithm 
              Efficient two-component self-consistent field   
              procedures and gradients: implementation in     
              TURBOMOLE and application to Au20-              
              A. Baldes, F. Weigend                           
              Mol. Phys. 111: 2617 (2013)                     
          Relativistic all-electron 2c calculations           
              An efficient implementation of two-component    
              relativistic exact-decoupling methods for large 
              molecules                                       
              D. Peng, N. Middendorf, F. Weigend, M. Reiher   
              J. Chem. Phys. 138: 184105 (2013)               
          Finite nucleus model and SNSO approximation         
              Efficient implementation of one- and two-       
              component analytical energy gradients in exact  
              two-component theory                            
              Y. J. Franzke, N. Middendorf, F. Weigend        
              J. Chem. Phys. 148: 104110 (2018)               
                                         




              +--------------------------------------------------+
              |      general information about current run       |
              +--------------------------------------------------+

 

 DENSITY CONVERGENCE CHECK SWITCHED ON !
 SCF CONVERGENCE IF RMS(delta[D]) <     0.1000000000E-06

 PBE functional
 exchange:    LDA + PBE
 correlation: LDA (PW) + PBE
 A DFT calculation using the RI-J approximation will be carried out.
 Allocatable memory for RI due to $ricore (MB):                   500


              +--------------------------------------------------+
              | Atomic coordinate, charge and isotop information |
              +--------------------------------------------------+

                    atomic coordinates            atom    charge  isotop
         -1.42754170   -1.50508962   -1.93430551    c      6.000     0
          1.19860573   -1.66299115   -2.03189644    c      6.000     0
          2.65876001    0.37736955   -1.23426392    c      6.000     0
          1.50963368    2.57230374   -0.34128059    c      6.000     0
         -1.12092278    2.71045691   -0.25246349    c      6.000     0
         -2.60071518    0.67879950   -1.04550708    c      6.000     0
         -2.86169588    5.99660766    1.08394900    i     53.000     0
          2.09930989   -3.36144811   -2.72237695    h      1.000     0
          2.64405246    4.15317840    0.27856973    h      1.000     0
          4.69864866    0.26922272   -1.30274049    h      1.000     0
         -4.63786461    0.79856259   -0.96906660    h      1.000     0
         -2.57447519   -3.08132039   -2.54875518    h      1.000     0
         -5.88211879   11.88491819    2.31866456    s     16.000     0
         -8.18022701   10.95619985    1.83940856    h      1.000     0
         -5.08172874   12.66714386   -0.92419492    c      6.000     0
         -3.18311711   13.44626574   -0.86977614    h      1.000     0
         -5.07177400   10.99164969   -2.10739192    h      1.000     0
         -6.35955321   14.08073003   -1.68204314    h      1.000     0
 
       center of nuclear mass  :   -2.50246117    5.47736712    0.43029520
       center of nuclear charge:   -2.46276864    5.42716579    0.31566905

              +--------------------------------------------------+
              |               basis set information              |
              +--------------------------------------------------+

              we will work with the 1s 3p 5d 7f 9g ... basis set
              ...i.e. with spherical basis functions...

   type   atoms  prim   cont   basis
   ---------------------------------------------------------------------------
    c        7     77     57   def2-QZVP   [7s4p3d2f1g|15s8p3d2f1g]
    i        1    151     82   def2-QZVP   [7s6p4d4f1g|17s14p11d4f1g]
    h        9     33     30   def2-QZVP   [4s3p2d1f|7s3p2d1f]
    s        1    105     70   def2-QZVP   [9s6p4d2f1g|20s14p4d2f1g]
   ---------------------------------------------------------------------------
   total:   18   1092    821
   ---------------------------------------------------------------------------

   total number of primitive shells          :  130
   total number of contracted shells         :  253
   total number of cartesian basis functions : 1009
   total number of SCF-basis functions       :  821


 integral neglect threshold       :  0.33E-11
 integral storage threshold THIZE :  0.10E-04
 integral storage threshold THIME :         5

 number of unique ecp types :                     1
 RI-J AUXILIARY BASIS SET information:

              we will work with the 1s 3p 5d 7f 9g ... basis set
              ...i.e. with spherical basis functions...

   type   atoms  prim   cont   basis
   ---------------------------------------------------------------------------
    c        7     70     49   def2-QZVP   [6s4p3d1f1g|12s5p4d2f1g]
    i        1     81     58   def2-QZVP   [8s4p3d2f1g|11s5p5d3f1g]
    h        9     16     11   def2-QZVP   [3s1p1d|5s2p1d]
    s        1     77     51   def2-QZVP   [8s4p3d1f1g|14s5p5d2f1g]
   ---------------------------------------------------------------------------
   total:   18    792    551
   ---------------------------------------------------------------------------

   total number of primitive shells          :   84
   total number of contracted shells         :  185
   total number of cartesian basis functions :  671
   total number of SCF-basis functions       :  551


 symmetry group of the molecule :   c1 

 the group has the following generators :
   c1(z)

    1 symmetry operations found

 there are 1 real representations :   a   

 maximum number of shells which are related by symmetry :  1


    mo occupation :
   irrep   mo's   occupied
    a      821       46
 
 number of basis functions   :                    821
 number of occupied orbitals :                     46
 
  
           ------------------
           density functional
           ------------------
 PBE functional
 exchange:    LDA + PBE
 correlation: LDA (PW) + PBE

 spherical integration : Lebedev's spherical grid
 spherical gridsize    :                     5
    i.e. gridpoints    :                   590
 value for diffuse not defined
 radial integration    : Chebyshev 2nd kind (scaling 3)
 radial gridsize       :                     8
 integration cells     :                    18
 partition function    : becke
 partition sharpness   :                     3
  

 biggest AO integral is expected to be    11.378194954
  
           ------------------------
               RI-J - INFORMATION
           ------------------------
 Contributions to RI integral batches: 
  neglected integral batches:                 11567
  direct contribution:                        12486
  memory contribution:                  8078
 Memory core needed for (P|Q) and Cholesky      3 MByte
 Memory core minimum needed except of (P|Q)     1 MByte
 Total minimum memory core needed (sum)         4 MByte
  
 ****************************************
 Memory allocated for RI-J   350 MByte
 ****************************************
                                            

          ------------------------
          nuclear repulsion energy  :   583.385967532    
          ------------------------

      -----------------------------------------------------------      
     |                   =====================                   |     
     |                        D F T - D 4                        |     
     |                   =====================                   |     
     |                         S. Grimme                         |     
     |          Mulliken Center for Theoretical Chemistry        |     
     |                    University of Bonn                     |     
      -----------------------------------------------------------      

           -------------------------------------------------
          |                Calculation Setup                |
           -------------------------------------------------
   charge               :      0
   non-additivity corr. : ATM
   charge model         : EEQ
   damping parameters
   s6                   :     1.0000
   s8                   :     0.9595
   a1                   :     0.3857
   a2                   :     4.8069

        q(ref)        CN(ref)   cov. CN(ref)  alpha(AIM,ref)
     0.0000000      0.0000000      0.0000000     12.3555336
    -0.1712371      0.9867893      0.9189476     12.8040100
    -0.1421000      1.9984766      1.9078606      9.6347083
    -0.2225085      2.9987259      2.8312240      9.6866280
    -0.2565392      3.9843988      3.7487004      7.6947605
    -0.1044135      3.1417713      2.9183271      9.3751067
     0.2103031      0.9999501      0.8556099      7.7402501
        q(ref)        CN(ref)   cov. CN(ref)  alpha(AIM,ref)
     0.0000000      0.0000000      0.0000000     32.5364494
    -0.1374077      0.9968217      0.9123997     33.7012276
        q(ref)        CN(ref)   cov. CN(ref)  alpha(AIM,ref)
     0.0000000      0.0000000      0.0000000      5.0540161
     0.0000000      0.9117922      0.8942243      2.7207580
        q(ref)        CN(ref)   cov. CN(ref)  alpha(AIM,ref)
     0.0000000      0.0000000      0.0000000     19.6135101
    -0.1626723      0.9948413      0.9219850     20.4238955
    -0.2377517      1.9903438      1.8445381     20.5482906
========================================================================
 Edisp  /kcal,au:   -12.3147  -0.0196246541
========================================================================
 nuclear repulsion energy                  =     583.385967532
 empirical dispersive energy correction    =      -0.019624654
 nuclear repulsion + dispersion correction =     583.366342877


         -----------------
         -S,T+V- integrals
         -----------------

 1e-integrals will be neglected if expon. factor < 0.331215E-12


          ----------------
          -ecp-  integrals
          ----------------
 
   Difference densities algorithm switched on.
   The maximal number of linear combinations of
   difference densities is                    20 .

 DIIS switched on: error vector is FDS-SDF
 Max. Iterations for DIIS is     :   4
 DIIS matrix (see manual) 
    Scaling factor of diagonals  :  1.200
    threshold for scaling factor :  0.000

 scf convergence criterion : increment of total energy < .1000000D-06
                  and increment of one-electron energy < .1000000D-03

  MOs are in ASCII format !


 automatic virtual orbital shift switched on 
      shift if e(lumo)-e(homo) < 0.10000000    


 reading orbital data $scfmo  from file mos
 orbital characterization : scfconv=7

 DSCF restart information will be dumped onto file mos


 Starting SCF iterations

          Overall gridpoints after grid construction =        292582

 ITERATION  ENERGY          1e-ENERGY        2e-ENERGY     RMS[dD(SAO)]   TOL
   1  -967.67304839852    -2594.1389531     1043.0995618    0.000D+00 0.330D-11
                            Exc = -88.6935757321     Coul =  1131.79313753    
                              N = 92.000000219    
                            current damping = 0.300
 
          max. resid. norm for Fia-block=  7.876D-06 for orbital     41a         
          max. resid. fock norm         =  1.449D-05 for orbital    803a         

 ITERATION  ENERGY          1e-ENERGY        2e-ENERGY     RMS[dD(SAO)]   TOL
   2  -967.67304839780    -2594.1386055     1043.0992142    0.132D-06 0.209D-11
                            Exc = -88.6935702123     Coul =  1131.79278446    
                              N = 92.000000219    
                            current damping = 0.300
 
          Norm of current diis error: 0.22195E-03
          max. resid. norm for Fia-block=  3.253D-06 for orbital     43a         
          max. resid. fock norm         =  6.871D-06 for orbital    816a         

 ENERGY & DENSITY CONVERGED !


 ITERATION  ENERGY          1e-ENERGY        2e-ENERGY     RMS[dD(SAO)]   TOL
   3  -967.67304839906    -2594.1386283     1043.0992370    0.460D-07 0.194D-11
                            Exc = -88.6935655940     Coul =  1131.79280262    
                              N = 92.000000219    
                            current damping = 0.350
 
          Norm of current diis error: 0.69130E-04
          max. resid. norm for Fia-block=  1.612D-06 for orbital     41a         
          max. resid. fock norm         =  3.107D-06 for orbital    803a         

 End of SCF iterations

   convergence criteria satisfied after     3 iterations


                  ------------------------------------------ 
                 |  total energy      =   -967.67304839906  |
                  ------------------------------------------ 
                 :  kinetic energy    =    781.67287771758  :
                 :  potential energy  =  -1749.34592611664  :
                 :  virial theorem    =      1.80778614121  :
                 :  wavefunction norm =      1.00000000000  :
                  .......................................... 


 orbitals $scfmo  will be written to file mos

    irrep                 42a         43a         44a         45a         46a   
 eigenvalues H         -0.26547    -0.24050    -0.22878    -0.21278    -0.20944
            eV          -7.2238     -6.5443     -6.2255     -5.7901     -5.6992
 occupation              2.0000      2.0000      2.0000      2.0000      2.0000

    irrep                 47a         48a         49a         50a         51a   
 eigenvalues H         -0.05264    -0.05249    -0.04707    -0.02553     0.00028
            eV          -1.4325     -1.4283     -1.2807     -0.6947      0.0076
 
 
 
 
 ==============================================================================
                           electrostatic moments
 ==============================================================================

 reference point for electrostatic moments:    0.00000   0.00000   0.00000

 
              nuc           elec       ->  total
 ------------------------------------------------------------------------------
                          charge      
 ------------------------------------------------------------------------------
          92.000000     -92.000000      -0.000000
 
 ------------------------------------------------------------------------------
                       dipole moment  
 ------------------------------------------------------------------------------
   x    -215.404752     215.386577      -0.018174
   y     483.354880    -483.474801      -0.119921
   z       7.529714      -8.210283      -0.680569
 
   | dipole moment | =     0.6913 a.u. =     1.7571 debye 
 
 ------------------------------------------------------------------------------
                     quadrupole moment
 ------------------------------------------------------------------------------
  xx    1243.150113   -1298.702292     -55.552179
  yy    4898.002920   -4955.107717     -57.104797
  zz     212.550418    -277.276079     -64.725661
  xy   -2200.644734    2199.089857      -1.554877
  xz    -261.337741     263.868256       2.530515
  yz     533.135961    -538.174804      -5.038843
 
     1/3  trace=     -59.127545
     anisotropy=      13.227008
 
 ==============================================================================
 
HOMO-LUMO Separation
 HOMO         :   -0.20944098 H =     -5.69918 eV
 LUMO         :   -0.05264354 H =     -1.43250 eV
 HOMO-LUMO gap:    0.15679744 H =     +4.26668 eV
 
 ==============================================================================


    ------------------------------------------------------------------------
         total  cpu-time :  49.70 seconds
         total wall-time :  49.78 seconds
    ------------------------------------------------------------------------

   ****  ridft : all done  ****


    2020-08-30 20:37:55.479 

 ridft ended normally
