
 ridft (riogrande) : TURBOMOLE rev. V7.4.1 (b987a8a8) compiled 15 Oct 2019 at 12:03:25
 Copyright (C) 2019 TURBOMOLE GmbH, Karlsruhe


    2020-07-20 21:49:14.608 



                                  r i d f t

                        DFT program with RI approximation 
                                for coulomb part 




                                                 
                                 References:     
                                                 
          TURBOMOLE:                             
              R. Ahlrichs, M. Baer, M. Haeser, H. Horn, and
              C. Koelmel
              Electronic structure calculations on workstation
              computers: the program system TURBOMOLE
              Chem. Phys. Lett. 162: 165 (1989)
          Density Functional:                              
              O. Treutler and R. Ahlrichs                      
              Efficient Molecular Numerical Integration Schemes
              J. Chem. Phys. 102: 346 (1995)                   
          Parallel Version:                                
              Performance of parallel TURBOMOLE for Density    
              Functional Calculations                          
              M. v. Arnim and R. Ahlrichs                      
              J. Comp. Chem. 19: 1746 (1998)                   
          RI-J Method:                                     
              Auxiliary Basis Sets to approximate Coulomb      
              Potentials                                       
              Chem. Phys. Lett. 240: 283 (1995)                
              K. Eichkorn, O. Treutler, H. Oehm, M. Haeser     
              and R. Ahlrichs                                  
              Chem. Phys. Lett. 242: 652 (1995)                
                                                           
              Auxiliary Basis Sets for Main Row Atoms and their
              Use to approximate Coulomb Potentials            
              K. Eichkorn, F. Weigend, O. Treutler and         
              R. Ahlrichs                                      
              Theo. Chem. Acc. 97: 119 (1997)                   
                                                           
              Accurate Coulomb-fitting basis sets for H to Rn 
              F. Weigend                                        
              Phys. Chem. Chem. Phys. 8: 1057 (2006)            
                                                           
          Multipole accelerated RI-J (MARI-J):             
              Fast evaluation of the Coulomb potential for     
              electron densities using multipole accelerated   
              resolution of identity approximation             
              M. Sierka, A. Hogekamp and R. Ahlrichs           
              J. Chem. Phys. 118: 9136 (2003)                  
          RI-JK Method:                                     
              A fully direct RI-HF algorithm: Implementation,
              optimised auxiliary basis sets, demonstration of
              accuracy and efficiency                         
              F. Weigend                                      
              Phys. Chem. Chem. Phys. 4: 4285 (2002)           
          Two-component HF and DFT with spin-orbit coupling:  
              Self-consistent treatment of spin-orbit         
              interactions with efficient Hartree-Fock and    
              density functional methods                      
              M. K. Armbruster, F. Weigend, C. van Wüllen and 
              W. Klopper                                      
              Phys. Chem. Chem. Phys. 10: 1748 (2008)         
          Two-component difference density and DIIS algorithm 
              Efficient two-component self-consistent field   
              procedures and gradients: implementation in     
              TURBOMOLE and application to Au20-              
              A. Baldes, F. Weigend                           
              Mol. Phys. 111: 2617 (2013)                     
          Relativistic all-electron 2c calculations           
              An efficient implementation of two-component    
              relativistic exact-decoupling methods for large 
              molecules                                       
              D. Peng, N. Middendorf, F. Weigend, M. Reiher   
              J. Chem. Phys. 138: 184105 (2013)               
          Finite nucleus model and SNSO approximation         
              Efficient implementation of one- and two-       
              component analytical energy gradients in exact  
              two-component theory                            
              Y. J. Franzke, N. Middendorf, F. Weigend        
              J. Chem. Phys. 148: 104110 (2018)               
                                         




              +--------------------------------------------------+
              |      general information about current run       |
              +--------------------------------------------------+

 

 DENSITY CONVERGENCE CHECK SWITCHED ON !
 SCF CONVERGENCE IF RMS(delta[D]) <     0.1000000000E-06

 PBE functional
 exchange:    LDA + PBE
 correlation: LDA (PW) + PBE
 A DFT calculation using the RI-J approximation will be carried out.
 Allocatable memory for RI due to $ricore (MB):                   500


              +--------------------------------------------------+
              | Atomic coordinate, charge and isotop information |
              +--------------------------------------------------+

                    atomic coordinates            atom    charge  isotop
         -1.47034606    0.38916560   -0.00707545    o      8.000     0
          0.38667911    0.57853973   -0.00992153    h      1.000     0
         -2.01194047   -2.07844413   -0.00007110    c      6.000     0
         -5.32553116   -2.43410546    0.00442219    cl    17.000     0
         -0.73426214   -3.67767304   -2.73523262    cl    17.000     0
         -0.72841593   -3.66344674    2.74066828    cl    17.000     0
 
       center of nuclear mass  :   -2.12711087   -2.69406618    0.00166522
       center of nuclear charge:   -2.10374681   -2.65087317    0.00152472

              +--------------------------------------------------+
              |               basis set information              |
              +--------------------------------------------------+

              we will work with the 1s 3p 5d 7f 9g ... basis set
              ...i.e. with spherical basis functions...

   type   atoms  prim   cont   basis
   ---------------------------------------------------------------------------
    o        1     77     57   def2-QZVP   [7s4p3d2f1g|15s8p3d2f1g]
    h        1     33     30   def2-QZVP   [4s3p2d1f|7s3p2d1f]
    c        1     77     57   def2-QZVP   [7s4p3d2f1g|15s8p3d2f1g]
    cl       3    105     70   def2-QZVP   [9s6p4d2f1g|20s14p4d2f1g]
   ---------------------------------------------------------------------------
   total:    6    502    354
   ---------------------------------------------------------------------------

   total number of primitive shells          :  112
   total number of contracted shells         :  110
   total number of cartesian basis functions :  437
   total number of SCF-basis functions       :  354


 integral neglect threshold       :  0.76E-11
 integral storage threshold THIZE :  0.10E-04
 integral storage threshold THIME :         5

 RI-J AUXILIARY BASIS SET information:

              we will work with the 1s 3p 5d 7f 9g ... basis set
              ...i.e. with spherical basis functions...

   type   atoms  prim   cont   basis
   ---------------------------------------------------------------------------
    o        1     70     49   def2-QZVP   [6s4p3d1f1g|12s5p4d2f1g]
    h        1     16     11   def2-QZVP   [3s1p1d|5s2p1d]
    c        1     70     49   def2-QZVP   [6s4p3d1f1g|12s5p4d2f1g]
    cl       3     77     51   def2-QZVP   [8s4p3d1f1g|14s5p5d2f1g]
   ---------------------------------------------------------------------------
   total:    6    387    262
   ---------------------------------------------------------------------------

   total number of primitive shells          :   83
   total number of contracted shells         :   86
   total number of cartesian basis functions :  323
   total number of SCF-basis functions       :  262


 symmetry group of the molecule :   c1 

 the group has the following generators :
   c1(z)

    1 symmetry operations found

 there are 1 real representations :   a   

 maximum number of shells which are related by symmetry :  1


    mo occupation :
   irrep   mo's   occupied
    a      354       33
 
 number of basis functions   :                    354
 number of occupied orbitals :                     33
 
  
           ------------------
           density functional
           ------------------
 PBE functional
 exchange:    LDA + PBE
 correlation: LDA (PW) + PBE

 spherical integration : Lebedev's spherical grid
 spherical gridsize    :                     5
    i.e. gridpoints    :                   590
 value for diffuse not defined
 radial integration    : Chebyshev 2nd kind (scaling 3)
 radial gridsize       :                     8
 integration cells     :                     6
 partition function    : becke
 partition sharpness   :                     3
  

 biggest AO integral is expected to be    12.165751258
  
           ------------------------
               RI-J - INFORMATION
           ------------------------
 Contributions to RI integral batches: 
  neglected integral batches:                   842
  direct contribution:                            0
  memory contribution:                  5263
 Memory core needed for (P|Q) and Cholesky      1 MByte
 Memory core minimum needed except of (P|Q)     1 MByte
 Total minimum memory core needed (sum)         2 MByte
  
 ****************************************
 Memory allocated for RI-J   225 MByte
 ****************************************
                                            

          ------------------------
          nuclear repulsion energy  :   365.941276362    
          ------------------------


         -----------------
         -S,T+V- integrals
         -----------------

 1e-integrals will be neglected if expon. factor < 0.764751E-12
 
   Difference densities algorithm switched on.
   The maximal number of linear combinations of
   difference densities is                    20 .

 DIIS switched on: error vector is FDS-SDF
 Max. Iterations for DIIS is     :   4
 DIIS matrix (see manual) 
    Scaling factor of diagonals  :  1.200
    threshold for scaling factor :  0.000

 scf convergence criterion : increment of total energy < .1000000D-06
                  and increment of one-electron energy < .1000000D-03

  MOs are in ASCII format !


 automatic virtual orbital shift switched on 
      shift if e(lumo)-e(homo) < 0.10000000    


 reading orbital data $scfmo  from file mos
 orbital characterization : expanded
 mo provided and orthogonalized by Cholesky decomposition

 DSCF restart information will be dumped onto file mos


 Starting SCF iterations

          Overall gridpoints after grid construction =        114106

 ITERATION  ENERGY          1e-ENERGY        2e-ENERGY     RMS[dD(SAO)]   TOL
   1  -1492.9553102461    -2784.9567779     926.06019128    0.000D+00 0.763D-11
                            Exc = -98.6031463811     Coul =  1024.66333766    
                              N = 65.999999293    
                            current damping = 0.300
 
          max. resid. norm for Fia-block=  7.911D-01 for orbital     18a         
          max. resid. fock norm         =  1.760D+02 for orbital    339a         

 ITERATION  ENERGY          1e-ENERGY        2e-ENERGY     RMS[dD(SAO)]   TOL
   2  -1493.7246135380    -2793.5560375     933.89014762    0.715D-02 0.506D-11
                            Exc = -98.3924173901     Coul =  1032.28256501    
                              N = 65.999999347    
                            current damping = 0.250
 
          Norm of current diis error:  3.0253    
          max. resid. norm for Fia-block=  1.212D-01 for orbital     22a         
          max. resid. fock norm         =  3.738D-01 for orbital    256a         

 ITERATION  ENERGY          1e-ENERGY        2e-ENERGY     RMS[dD(SAO)]   TOL
   3  -1493.9630955949    -2790.0799022     930.17553024    0.294D-02 0.414D-11
                            Exc = -98.4318962802     Coul =  1028.60742652    
                              N = 65.999999332    
                            current damping = 0.200
 
          Norm of current diis error: 0.69696    
          max. resid. norm for Fia-block=  2.546D-02 for orbital     25a         
          max. resid. fock norm         =  3.597D-02 for orbital    289a         

 ITERATION  ENERGY          1e-ENERGY        2e-ENERGY     RMS[dD(SAO)]   TOL
   4  -1493.9778073711    -2790.7369298     930.81784612    0.944D-03 0.369D-11
                            Exc = -98.4016842581     Coul =  1029.21953037    
                              N = 65.999999335    
                            current damping = 0.250
 
          Norm of current diis error: 0.21189    
          max. resid. norm for Fia-block=  8.913D-03 for orbital     26a         
          max. resid. fock norm         =  1.295D-02 for orbital    163a         

 ITERATION  ENERGY          1e-ENERGY        2e-ENERGY     RMS[dD(SAO)]   TOL
   5  -1493.9786949778    -2790.4689053     930.54893400    0.278D-03 0.346D-11
                            Exc = -98.3899650233     Coul =  1028.93889903    
                              N = 65.999999319    
                            current damping = 0.300
 
          Norm of current diis error: 0.13901    
          max. resid. norm for Fia-block=  4.842D-03 for orbital     18a         
          max. resid. fock norm         =  7.319D-03 for orbital    252a         
          mo-orthogonalization: Cholesky decomposition

 ITERATION  ENERGY          1e-ENERGY        2e-ENERGY     RMS[dD(SAO)]   TOL
   6  -1493.9792252138    -2790.5914015     930.67089989    0.866D-04 0.340D-11
                            Exc = -98.4049338350     Coul =  1029.07583372    
                              N = 65.999999323    
                            current damping = 0.350
 
          Norm of current diis error: 0.28713E-01
          max. resid. norm for Fia-block=  1.162D-03 for orbital     26a         
          max. resid. fock norm         =  1.689D-03 for orbital     57a         

 ITERATION  ENERGY          1e-ENERGY        2e-ENERGY     RMS[dD(SAO)]   TOL
   7  -1493.9792418688    -2790.5559657     930.63544752    0.275D-04 0.333D-11
                            Exc = -98.4017617581     Coul =  1029.03720928    
                              N = 65.999999324    
                            current damping = 0.400
 
          Norm of current diis error: 0.14267E-01
          max. resid. norm for Fia-block=  3.900D-04 for orbital     24a         
          max. resid. fock norm         =  5.140D-04 for orbital     24a         

 ITERATION  ENERGY          1e-ENERGY        2e-ENERGY     RMS[dD(SAO)]   TOL
   8  -1493.9792485482    -2790.5615881     930.64106315    0.943D-05 0.327D-11
                            Exc = -98.4014185421     Coul =  1029.04248170    
                              N = 65.999999324    
                            current damping = 0.450
 
          Norm of current diis error: 0.21930E-02
          max. resid. norm for Fia-block=  8.029D-05 for orbital     24a         
          max. resid. fock norm         =  1.486D-04 for orbital    354a         

 ITERATION  ENERGY          1e-ENERGY        2e-ENERGY     RMS[dD(SAO)]   TOL
   9  -1493.9792486659    -2790.5622407     930.64171563    0.168D-05 0.320D-11
                            Exc = -98.4017312563     Coul =  1029.04344688    
                              N = 65.999999323    
                            current damping = 0.300
 
          Norm of current diis error: 0.82452E-03
          max. resid. norm for Fia-block=  3.258D-05 for orbital     24a         
          max. resid. fock norm         =  4.475D-05 for orbital     24a         

 ITERATION  ENERGY          1e-ENERGY        2e-ENERGY     RMS[dD(SAO)]   TOL
  10  -1493.9792486840    -2790.5643450     930.64381992    0.694D-06 0.315D-11
                            Exc = -98.4018162591     Coul =  1029.04563618    
                              N = 65.999999324    
                            current damping = 0.150
 
          Norm of current diis error: 0.39221E-03
          max. resid. norm for Fia-block=  1.205D-05 for orbital     26a         
          max. resid. fock norm         =  1.541D-05 for orbital    253a         
          mo-orthogonalization: Cholesky decomposition

 ITERATION  ENERGY          1e-ENERGY        2e-ENERGY     RMS[dD(SAO)]   TOL
  11  -1493.9792486882    -2790.5633572     930.64283220    0.332D-06 0.310D-11
                            Exc = -98.4017550599     Coul =  1029.04458726    
                              N = 65.999999323    
                            current damping = 0.200
 
          Norm of current diis error: 0.11792E-03
          max. resid. norm for Fia-block=  4.574D-06 for orbital     26a         
          max. resid. fock norm         =  1.170D-05 for orbital    352a         

 ENERGY & DENSITY CONVERGED !


 ITERATION  ENERGY          1e-ENERGY        2e-ENERGY     RMS[dD(SAO)]   TOL
  12  -1493.9792486886    -2790.5634546     930.64292959    0.122D-06 0.304D-11
                            Exc = -98.4017643174     Coul =  1029.04469391    
                              N = 65.999999323    
                            current damping = 0.250
 
          Norm of current diis error: 0.34676E-04
          max. resid. norm for Fia-block=  1.648D-06 for orbital     31a         
          max. resid. fock norm         =  5.618D-06 for orbital    352a         

 End of SCF iterations

   convergence criteria satisfied after    12 iterations


                  ------------------------------------------ 
                 |  total energy      =  -1493.97924868857  |
                  ------------------------------------------ 
                 :  kinetic energy    =   1491.56547679336  :
                 :  potential energy  =  -2985.54472548193  :
                 :  virial theorem    =      1.99838433372  :
                 :  wavefunction norm =      1.00000000000  :
                  .......................................... 


 <geterg> : there is no data group $energy 


 <skperg> : $end is missing 


 orbitals $scfmo  will be written to file mos

    irrep                 29a         30a         31a         32a         33a   
 eigenvalues H         -0.31634    -0.30722    -0.28667    -0.27874    -0.27198
            eV          -8.6080     -8.3599     -7.8008     -7.5851     -7.4011
 occupation              2.0000      2.0000      2.0000      2.0000      2.0000

    irrep                 34a         35a         36a         37a         38a   
 eigenvalues H         -0.08533    -0.04417    -0.03712    -0.01560     0.07658
            eV          -2.3219     -1.2020     -1.0101     -0.4245      2.0838
 
 
 
 
 ==============================================================================
                           electrostatic moments
 ==============================================================================

 reference point for electrostatic moments:    0.00000   0.00000   0.00000

 
              nuc           elec       ->  total
 ------------------------------------------------------------------------------
                          charge      
 ------------------------------------------------------------------------------
          66.000000     -66.000000       0.000000
 
 ------------------------------------------------------------------------------
                       dipole moment  
 ------------------------------------------------------------------------------
   x    -138.847289     139.335471       0.488182
   y    -174.957629     175.312712       0.355082
   z       0.100632      -0.102234      -0.001602
 
   | dipole moment | =     0.6037 a.u. =     1.5344 debye 
 
 ------------------------------------------------------------------------------
                     quadrupole moment
 ------------------------------------------------------------------------------
  xx     542.059506    -578.290496     -36.230990
  yy     586.272724    -624.253811     -37.981088
  zz     254.877754    -292.117007     -37.239254
  xy     332.376769    -331.927373       0.449396
  xz      -0.115577       0.109475      -0.006102
  yz       0.113112      -0.114312      -0.001200
 
     1/3  trace=     -37.150444
     anisotropy=       1.709053
 
 ==============================================================================
 
HOMO-LUMO Separation
 HOMO         :   -0.27198456 H =     -7.40108 eV
 LUMO         :   -0.08532824 H =     -2.32190 eV
 HOMO-LUMO gap:    0.18665632 H =     +5.07918 eV
 
 ==============================================================================


    ------------------------------------------------------------------------
         total  cpu-time :  36.91 seconds
         total wall-time :  36.92 seconds
    ------------------------------------------------------------------------

   ****  ridft : all done  ****


    2020-07-20 21:49:51.514 

