           SMPCPUS    set: Shared-memory Parallelization with  20 CPUs.

           SMP Parallelization Reference:
           C. van Wullen, J. Comput. Chem. 32 (2011) 1195--1201

 ridft (c-12-33) : TURBOMOLE rev. V7.5.0 compiled 13 Jun 2020 at 23:29:25
 Copyright (C) 2020 TURBOMOLE GmbH, Karlsruhe


    2020-07-20 01:56:26.881 



                                  r i d f t

                        DFT program with RI approximation 
                                for coulomb part 




                                                 
                                 References:     
                                                 
          TURBOMOLE:                             
              R. Ahlrichs, M. Baer, M. Haeser, H. Horn, and
              C. Koelmel
              Electronic structure calculations on workstation
              computers: the program system TURBOMOLE
              Chem. Phys. Lett. 162: 165 (1989)
          Density Functional:                              
              O. Treutler and R. Ahlrichs                      
              Efficient Molecular Numerical Integration Schemes
              J. Chem. Phys. 102: 346 (1995)                   
          Parallel Version:                                
              Performance of parallel TURBOMOLE for Density    
              Functional Calculations                          
              M. v. Arnim and R. Ahlrichs                      
              J. Comp. Chem. 19: 1746 (1998)                   
          RI-J Method:                                     
              Auxiliary Basis Sets to approximate Coulomb      
              Potentials                                       
              Chem. Phys. Lett. 240: 283 (1995)                
              K. Eichkorn, O. Treutler, H. Oehm, M. Haeser     
              and R. Ahlrichs                                  
              Chem. Phys. Lett. 242: 652 (1995)                
                                                           
              Auxiliary Basis Sets for Main Row Atoms and their
              Use to approximate Coulomb Potentials            
              K. Eichkorn, F. Weigend, O. Treutler and         
              R. Ahlrichs                                      
              Theo. Chem. Acc. 97: 119 (1997)                   
                                                           
              Accurate Coulomb-fitting basis sets for H to Rn 
              F. Weigend                                        
              Phys. Chem. Chem. Phys. 8: 1057 (2006)            
                                                           
          Multipole accelerated RI-J (MARI-J):             
              Fast evaluation of the Coulomb potential for     
              electron densities using multipole accelerated   
              resolution of identity approximation             
              M. Sierka, A. Hogekamp and R. Ahlrichs           
              J. Chem. Phys. 118: 9136 (2003)                  
          RI-JK Method:                                     
              A fully direct RI-HF algorithm: Implementation,
              optimised auxiliary basis sets, demonstration of
              accuracy and efficiency                         
              F. Weigend                                      
              Phys. Chem. Chem. Phys. 4: 4285 (2002)           
          Two-component HF and DFT with spin-orbit coupling:  
              Self-consistent treatment of spin-orbit         
              interactions with efficient Hartree-Fock and    
              density functional methods                      
              M. K. Armbruster, F. Weigend, C. van Wüllen and 
              W. Klopper                                      
              Phys. Chem. Chem. Phys. 10: 1748 (2008)         
          Two-component difference density and DIIS algorithm 
              Efficient two-component self-consistent field   
              procedures and gradients: implementation in     
              TURBOMOLE and application to Au20-              
              A. Baldes, F. Weigend                           
              Mol. Phys. 111: 2617 (2013)                     
          Relativistic all-electron 2c calculations           
              An efficient implementation of two-component    
              relativistic exact-decoupling methods for large 
              molecules                                       
              D. Peng, N. Middendorf, F. Weigend, M. Reiher   
              J. Chem. Phys. 138: 184105 (2013)               
          Finite nucleus model and SNSO approximation         
              Efficient implementation of one- and two-       
              component analytical energy gradients in exact  
              two-component theory                            
              Y. J. Franzke, N. Middendorf, F. Weigend        
              J. Chem. Phys. 148: 104110 (2018)               
          Grids for all-electron relativistic methods         
              Error-consistent segmented contracted all-      
              electron relativistic basis sets of double-     
              and triple-zeta quality for NMR shielding       
              constants                                       
              Y. J. Franzke, R. Tress, T. M. Pazdera,         
              F. Weigend                                      
              Phys. Chem. Chem. Phys. 21: 166658 (2019)       
          Seminumerical exchange algorithms                   
              Seminumerical calculation of the Hartree-Fock   
              exchange matirx: Application to two-component   
              procedures and efficient evaluation of local    
              hybrid functionsl                               
              P. Plessow, F. Weigend,                         
              J. Comput. Chem. 33: 810 (2012)                 
          Improved seminumerical algorithms                   
              C. Holzer, in preparation (2020)                
                                         




              +--------------------------------------------------+
              |      general information about current run       |
              +--------------------------------------------------+

 

 DENSITY CONVERGENCE CHECK SWITCHED ON !
 SCF CONVERGENCE IF RMS(delta[D]) <     0.1000000000E-06

 PBE functional
 exchange:    LDA + PBE
 correlation: LDA (PW) + PBE
 A DFT calculation using the RI-J approximation will be carried out.
 Allocatable memory for RI due to $ricore (MB):                  5000


              +--------------------------------------------------+
              | Atomic coordinate, charge and isotop information |
              +--------------------------------------------------+

                    atomic coordinates            atom    charge  isotop
         -3.61707572   -2.21326242   -0.20914111    f      0.000     0
         -4.12085913    2.64361028   -0.77360733    h      0.000     0
          0.70571180   -1.46804569    0.40260319    c      0.000     0
         -1.70284271   -0.55881755   -0.07245620    c      0.000     0
         -2.22721391    1.98624548   -0.40689082    c      0.000     0
         -0.21016647    3.64828289   -0.24136575    c      0.000     0
          2.24393352    2.86731530    0.23334808    c      0.000     0
          2.63467443    0.29590222    0.54871426    c      0.000     0
         -0.65510226    6.12711283   -0.54503488    f      0.000     0
          3.78023043    4.20058934    0.35763960    h      0.000     0
          1.05737534   -3.45504989    0.68084171    h      0.000     0
          4.98699896   -0.51782532    1.02289296    f      0.000     0
         -3.74681273   -4.21354278    6.24129599    h      1.000     0
         -4.62886412    0.36598999    5.90254171    h      1.000     0
          0.24109320   -3.70311265    6.83064654    c      6.000     0
         -2.22182292   -2.86448304    6.41745106    c      6.000     0
         -2.71823825   -0.28460013    6.22563119    c      6.000     0
         -0.75377280    1.45614014    6.44823295    c      6.000     0
          1.70861426    0.61598908    6.86022001    c      6.000     0
          2.20687944   -1.96348829    7.05240112    c      6.000     0
         -1.13942001    3.45795522    6.29787280    h      1.000     0
          3.23423106    1.96584304    7.03001735    h      1.000     0
          0.62628987   -5.70480388    6.98482589    h      1.000     0
          4.11838418   -2.61333850    7.36901106    h      1.000     0
 
       center of nuclear mass  :    0.05535488    0.29242435    2.51924391
       center of nuclear charge:   -0.25618272   -1.12388634    6.63888243

              +--------------------------------------------------+
              |               basis set information              |
              +--------------------------------------------------+

              we will work with the 1s 3p 5d 7f 9g ... basis set
              ...i.e. with spherical basis functions...

   type   atoms  prim   cont   basis
   ---------------------------------------------------------------------------
    f        3     50     30   cc-pVTZ   [4s3p2d1f|18s5p2d1f]
    h        9     16     14   cc-pVTZ   [3s2p1d|5s2p1d]
    c       12     50     30   cc-pVTZ   [4s3p2d1f|18s5p2d1f]
   ---------------------------------------------------------------------------
   total:   24    894    576
   ---------------------------------------------------------------------------

   total number of primitive shells          :   60
   total number of contracted shells         :  204
   total number of cartesian basis functions :  660
   total number of SCF-basis functions       :  576


 integral neglect threshold       :  0.51E-11
 integral storage threshold THIZE :  0.10E-04
 integral storage threshold THIME :         5

 RI-J AUXILIARY BASIS SET information:

              we will work with the 1s 3p 5d 7f 9g ... basis set
              ...i.e. with spherical basis functions...

   type   atoms  prim   cont   basis
   ---------------------------------------------------------------------------
    f        3     70     49   cc-pVTZ   [6s4p3d1f1g|12s5p4d2f1g]
    h        9     16     11   cc-pVTZ   [3s1p1d|5s2p1d]
    c       12     70     49   cc-pVTZ   [6s4p3d1f1g|12s5p4d2f1g]
   ---------------------------------------------------------------------------
   total:   24   1194    834
   ---------------------------------------------------------------------------

   total number of primitive shells          :   56
   total number of contracted shells         :  270
   total number of cartesian basis functions : 1023
   total number of SCF-basis functions       :  834


 symmetry group of the molecule :   c1 

 the group has the following generators :
   c1(z)

    1 symmetry operations found

 there are 1 real representations :   a   

 maximum number of shells which are related by symmetry :  1

  
           ------------------
           density functional
           ------------------
 Dummy atoms with grid-point found.
 DFT quadrature threshold dgrenze tightened by factor 1/10.

 PBE functional
 exchange:    LDA + PBE
 correlation: LDA (PW) + PBE
 Dummy atoms with grid-point found.
 DFT quadrature threshold dgrenze tightened by factor 1/10.

 Dummy atoms with grid-point found.
 DFT quadrature threshold dgrenze tightened by factor 1/10.


 spherical integration : Lebedev's spherical grid
 spherical gridsize    :                     5
    i.e. gridpoints    :                   590
 value for diffuse not defined
 radial integration    : Chebyshev 2nd kind (scaling 3)
 radial gridsize       :                     8
 integration cells     :                    24
 partition function    : becke
 partition sharpness   :                     3
  
 found dummy atom(s) with basis: included in dft

 biggest AO integral is expected to be     5.499692413

          ------------------------
          nuclear repulsion energy  :   203.665173298    
          ------------------------


         -----------------
         -S,T+V- integrals
         -----------------

 1e-integrals will be neglected if expon. factor < 0.506358E-12
 
   Difference densities algorithm switched on.
   The maximal number of linear combinations of
   difference densities is                    20 .

 DIIS switched on: error vector is FDS-SDF
 Max. Iterations for DIIS is     :   4
 DIIS matrix (see manual) 
    Scaling factor of diagonals  :  1.200
    threshold for scaling factor :  0.000

 scf convergence criterion : increment of total energy < .1000000D-06
                  and increment of one-electron energy < .1000000D-03

 MOs are in ASCII format !


    mo occupation :
   irrep   mo's   occupied
    a      576       21
 
 number of basis functions   :   576
 number of occupied orbitals :    21
 

 reading orbital data $scfmo  from file mos
 orbital characterization : expanded
 virtual MOs provided and orthogonalized by Cholesky decomposition

 automatic virtual orbital shift switched on 
      shift if e(lumo)-e(homo) < 0.10000000    

  
           ------------------------
               RI-J - INFORMATION
           ------------------------
 Contributions to RI integral batches: 
  neglected integral batches:                  3600
  direct contribution:                            0
  memory contribution:                 17310
 Memory core needed for (P|Q) and Cholesky      6 MByte
 Memory core minimum needed except of (P|Q)     2 MByte
 Total minimum memory core needed (sum)         7 MByte
  
 ****************************************
 Memory allocated for RI-J  1362 MByte
 ****************************************
                                            

 DSCF restart information will be dumped onto file mos


 Starting SCF iterations

          Overall gridpoints after grid construction =        386876

 ITERATION  ENERGY          1e-ENERGY        2e-ENERGY     RMS[dD(SAO)]   TOL
   1  -231.26541408449    -704.51125590     269.58066852    0.000D+00 0.505D-11
                            Exc = -33.4905830372     Coul =  303.071251557    
                              N = 42.000007156    
                            current damping = 0.300
 
          max. resid. norm for Fia-block=  2.644D-01 for orbital     12a         
          max. resid. fock norm         =  1.415D+01 for orbital    530a         

 ITERATION  ENERGY          1e-ENERGY        2e-ENERGY     RMS[dD(SAO)]   TOL
   2  -231.95342823326    -715.70833192     280.08973039    0.251D-02 0.331D-11
                            Exc = -34.4969133418     Coul =  314.586643734    
                              N = 42.000004633    
                            current damping = 0.250
 
          Norm of current diis error:  1.1837    
          max. resid. norm for Fia-block=  6.625D-02 for orbital      4a         
          max. resid. fock norm         =  1.544D-01 for orbital     68a         

 ITERATION  ENERGY          1e-ENERGY        2e-ENERGY     RMS[dD(SAO)]   TOL
   3  -232.00022653642    -713.03078994     277.36539011    0.966D-03 0.270D-11
                            Exc = -34.3690618030     Coul =  311.734451911    
                              N = 42.000004726    
                            current damping = 0.200
 
          Norm of current diis error: 0.66649    
          max. resid. norm for Fia-block=  2.550D-02 for orbital     12a         
          max. resid. fock norm         =  3.266D-02 for orbital     12a         

 ITERATION  ENERGY          1e-ENERGY        2e-ENERGY     RMS[dD(SAO)]   TOL
   4  -232.01471834225    -714.78736323     279.10747159    0.316D-03 0.250D-11
                            Exc = -34.4755819160     Coul =  313.583053505    
                              N = 42.000004559    
                            current damping = 0.250
 
          Norm of current diis error: 0.94093E-01
          max. resid. norm for Fia-block=  4.106D-03 for orbital     12a         
          max. resid. fock norm         =  6.217D-03 for orbital    231a         

 ITERATION  ENERGY          1e-ENERGY        2e-ENERGY     RMS[dD(SAO)]   TOL
   5  -232.01501680424    -714.75766126     279.07747116    0.738D-04 0.234D-11
                            Exc = -34.4834838463     Coul =  313.560955006    
                              N = 42.000004540    
                            current damping = 0.300
 
          Norm of current diis error: 0.16683E-01
          max. resid. norm for Fia-block=  8.620D-04 for orbital      7a         
          max. resid. fock norm         =  1.736D-03 for orbital    259a         
          mo-orthogonalization: Cholesky decomposition

 ITERATION  ENERGY          1e-ENERGY        2e-ENERGY     RMS[dD(SAO)]   TOL
   6  -232.01502761672    -714.71720620     279.03700529    0.148D-04 0.223D-11
                            Exc = -34.4804909743     Coul =  313.517496263    
                              N = 42.000004550    
                            current damping = 0.150
 
          Norm of current diis error: 0.37707E-02
          max. resid. norm for Fia-block=  1.734D-04 for orbital     12a         
          max. resid. fock norm         =  3.320D-04 for orbital    215a         

 ITERATION  ENERGY          1e-ENERGY        2e-ENERGY     RMS[dD(SAO)]   TOL
   7  -232.01502784489    -714.72633122     279.04613008    0.372D-05 0.215D-11
                            Exc = -34.4811840309     Coul =  313.527314108    
                              N = 42.000004549    
                            current damping = 0.200
 
          Norm of current diis error: 0.31069E-02
          max. resid. norm for Fia-block=  1.558D-04 for orbital     20a         
          max. resid. fock norm         =  2.381D-04 for orbital      2a         

 ITERATION  ENERGY          1e-ENERGY        2e-ENERGY     RMS[dD(SAO)]   TOL
   8  -232.01502797648    -714.72950510     279.04930383    0.249D-05 0.215D-11
                            Exc = -34.4814028530     Coul =  313.530706682    
                              N = 42.000004548    
                            current damping = 0.100
 
          Norm of current diis error: 0.25926E-02
          max. resid. norm for Fia-block=  6.378D-05 for orbital     20a         
          max. resid. fock norm         =  1.097D-04 for orbital      4a         

 ITERATION  ENERGY          1e-ENERGY        2e-ENERGY     RMS[dD(SAO)]   TOL
   9  -232.01502823957    -714.72560313     279.04540159    0.133D-05 0.212D-11
                            Exc = -34.4811381517     Coul =  313.526539742    
                              N = 42.000004549    
                            current damping = 0.150
 
          Norm of current diis error: 0.38175E-03
          max. resid. norm for Fia-block=  2.376D-05 for orbital     21a         
          max. resid. fock norm         =  5.646D-05 for orbital      2a         

 ENERGY & DENSITY CONVERGED !


 ITERATION  ENERGY          1e-ENERGY        2e-ENERGY     RMS[dD(SAO)]   TOL
  10  -232.01502823812    -714.72553257     279.04533103    0.324D-06 0.211D-11
                            Exc = -34.4811208517     Coul =  313.526451881    
                              N = 42.000004549    
                            current damping = 0.100
 
          Norm of current diis error: 0.41447E-03
          max. resid. norm for Fia-block=  1.075D-05 for orbital     21a         
          max. resid. fock norm         =  2.529D-05 for orbital      2a         

 End of SCF iterations

   convergence criteria satisfied after    10 iterations


                  ------------------------------------------ 
                 |  total energy      =   -232.01502823812  |
                  ------------------------------------------ 
                 :  kinetic energy    =    230.53369457522  :
                 :  potential energy  =   -462.54872281334  :
                 :  virial theorem    =      1.99361535469  :
                 :  wavefunction norm =      1.00000000000  :
                  .......................................... 


 <geterg> : there is no data group $energy 


 <skperg> : $end is missing 


 orbitals $scfmo  will be written to file mos

    irrep                 17a         18a         19a         20a         21a   
 eigenvalues H         -0.33182    -0.30082    -0.30069    -0.23101    -0.23100
            eV          -9.0295     -8.1859     -8.1824     -6.2861     -6.2858
 occupation              2.0000      2.0000      2.0000      2.0000      2.0000

    irrep                 22a         23a         24a         25a         26a   
 eigenvalues H         -0.04107    -0.04103     0.01380     0.04531     0.04947
            eV          -1.1176     -1.1164      0.3755      1.2330      1.3462
 
 
 
 
 ==============================================================================
                           electrostatic moments
 ==============================================================================

 reference point for electrostatic moments:    0.00000   0.00000   0.00000

 
              nuc           elec       ->  total
 ------------------------------------------------------------------------------
                          charge      
 ------------------------------------------------------------------------------
          42.000000     -42.000000      -0.000000
 
 ------------------------------------------------------------------------------
                       dipole moment  
 ------------------------------------------------------------------------------
   x     -10.759674      10.757379      -0.002295
   y     -47.203226      47.199334      -0.003893
   z     278.833062    -278.811685       0.021377
 
   | dipole moment | =     0.0218 a.u. =     0.0555 debye 
 
 ------------------------------------------------------------------------------
                     quadrupole moment
 ------------------------------------------------------------------------------
  xx     189.024616    -212.970667     -23.946051
  yy     243.210469    -267.053811     -23.843342
  zz    1855.839731   -1884.781962     -28.942231
  xy      13.376952     -13.335019       0.041933
  xz     -43.080908      43.881210       0.800301
  yz    -321.731432     321.455909      -0.275523
 
     1/3  trace=     -25.577208
     anisotropy=       5.257373
 
 ==============================================================================
 
HOMO-LUMO Separation
 HOMO         :   -0.23099717 H =     -6.28576 eV
 LUMO         :   -0.04106969 H =     -1.11756 eV
 HOMO-LUMO gap:    0.18992748 H =     +5.16819 eV
 
 ==============================================================================


    ------------------------------------------------------------------------
         total  cpu-time : 10 minutes and 23 seconds
         total wall-time :  1 minutes and  4 seconds
    ------------------------------------------------------------------------

   ****  ridft : all done  ****


    2020-07-20 01:57:31.261 

