
 ridft (tigris) : TURBOMOLE rev. V7.4.1 (b987a8a8) compiled 15 Oct 2019 at 12:03:25
 Copyright (C) 2019 TURBOMOLE GmbH, Karlsruhe


    2020-12-12 00:48:24.761 



                                  r i d f t

                        DFT program with RI approximation 
                                for coulomb part 




                                                 
                                 References:     
                                                 
          TURBOMOLE:                             
              R. Ahlrichs, M. Baer, M. Haeser, H. Horn, and
              C. Koelmel
              Electronic structure calculations on workstation
              computers: the program system TURBOMOLE
              Chem. Phys. Lett. 162: 165 (1989)
          Density Functional:                              
              O. Treutler and R. Ahlrichs                      
              Efficient Molecular Numerical Integration Schemes
              J. Chem. Phys. 102: 346 (1995)                   
          Parallel Version:                                
              Performance of parallel TURBOMOLE for Density    
              Functional Calculations                          
              M. v. Arnim and R. Ahlrichs                      
              J. Comp. Chem. 19: 1746 (1998)                   
          RI-J Method:                                     
              Auxiliary Basis Sets to approximate Coulomb      
              Potentials                                       
              Chem. Phys. Lett. 240: 283 (1995)                
              K. Eichkorn, O. Treutler, H. Oehm, M. Haeser     
              and R. Ahlrichs                                  
              Chem. Phys. Lett. 242: 652 (1995)                
                                                           
              Auxiliary Basis Sets for Main Row Atoms and their
              Use to approximate Coulomb Potentials            
              K. Eichkorn, F. Weigend, O. Treutler and         
              R. Ahlrichs                                      
              Theo. Chem. Acc. 97: 119 (1997)                   
                                                           
              Accurate Coulomb-fitting basis sets for H to Rn 
              F. Weigend                                        
              Phys. Chem. Chem. Phys. 8: 1057 (2006)            
                                                           
          Multipole accelerated RI-J (MARI-J):             
              Fast evaluation of the Coulomb potential for     
              electron densities using multipole accelerated   
              resolution of identity approximation             
              M. Sierka, A. Hogekamp and R. Ahlrichs           
              J. Chem. Phys. 118: 9136 (2003)                  
          RI-JK Method:                                     
              A fully direct RI-HF algorithm: Implementation,
              optimised auxiliary basis sets, demonstration of
              accuracy and efficiency                         
              F. Weigend                                      
              Phys. Chem. Chem. Phys. 4: 4285 (2002)           
          Two-component HF and DFT with spin-orbit coupling:  
              Self-consistent treatment of spin-orbit         
              interactions with efficient Hartree-Fock and    
              density functional methods                      
              M. K. Armbruster, F. Weigend, C. van Wüllen and 
              W. Klopper                                      
              Phys. Chem. Chem. Phys. 10: 1748 (2008)         
          Two-component difference density and DIIS algorithm 
              Efficient two-component self-consistent field   
              procedures and gradients: implementation in     
              TURBOMOLE and application to Au20-              
              A. Baldes, F. Weigend                           
              Mol. Phys. 111: 2617 (2013)                     
          Relativistic all-electron 2c calculations           
              An efficient implementation of two-component    
              relativistic exact-decoupling methods for large 
              molecules                                       
              D. Peng, N. Middendorf, F. Weigend, M. Reiher   
              J. Chem. Phys. 138: 184105 (2013)               
          Finite nucleus model and SNSO approximation         
              Efficient implementation of one- and two-       
              component analytical energy gradients in exact  
              two-component theory                            
              Y. J. Franzke, N. Middendorf, F. Weigend        
              J. Chem. Phys. 148: 104110 (2018)               
                                         




              +--------------------------------------------------+
              |      general information about current run       |
              +--------------------------------------------------+

 

 DENSITY CONVERGENCE CHECK SWITCHED ON !
 SCF CONVERGENCE IF RMS(delta[D]) <     0.1000000000E-06

 TPSS meta-GGA functional
 exchange:    LDA + TPSS
 correlation: LDA (PW) + TPSS
 A DFT calculation using the RI-J approximation will be carried out.
 Allocatable memory for RI due to $ricore (MB):                   500


              +--------------------------------------------------+
              | Atomic coordinate, charge and isotop information |
              +--------------------------------------------------+

                    atomic coordinates            atom    charge  isotop
         -0.18855525   -0.09299929   -0.09412689    c      6.000     0
         -1.53518235    1.45402691   -0.10169520    h      1.000     0
         -0.73061756   -1.46251230    1.33370845    h      1.000     0
          1.68289912    0.63053325    0.33111986    h      1.000     0
         -0.16974744   -0.99054160   -1.93859631    h      1.000     0
         -1.99375517   -5.80629287   -1.13705932    f      9.000     0
         -2.78092477   -8.29068845   -1.57863710    f      9.000     0
 
       center of nuclear mass  :   -1.73454823   -4.98351954   -0.98266250
       center of nuclear charge:   -1.60200354   -4.56426148   -0.90648187

              +--------------------------------------------------+
              |               basis set information              |
              +--------------------------------------------------+

              we will work with the 1s 3p 5d 7f 9g ... basis set
              ...i.e. with spherical basis functions...

   type   atoms  prim   cont   basis
   ---------------------------------------------------------------------------
    c        1     50     30   cc-pVTZ   [4s3p2d1f|18s5p2d1f]
    h        4     16     14   cc-pVTZ   [3s2p1d|5s2p1d]
    f        2     50     30   cc-pVTZ   [4s3p2d1f|18s5p2d1f]
   ---------------------------------------------------------------------------
   total:    7    214    146
   ---------------------------------------------------------------------------

   total number of primitive shells          :   60
   total number of contracted shells         :   54
   total number of cartesian basis functions :  165
   total number of SCF-basis functions       :  146


 integral neglect threshold       :  0.20E-10
 integral storage threshold THIZE :  0.10E-04
 integral storage threshold THIME :         5

 RI-J AUXILIARY BASIS SET information:

              we will work with the 1s 3p 5d 7f 9g ... basis set
              ...i.e. with spherical basis functions...

   type   atoms  prim   cont   basis
   ---------------------------------------------------------------------------
    c        1     70     49   cc-pVTZ   [6s4p3d1f1g|12s5p4d2f1g]
    h        4     16     11   cc-pVTZ   [3s1p1d|5s2p1d]
    f        2     70     49   cc-pVTZ   [6s4p3d1f1g|12s5p4d2f1g]
   ---------------------------------------------------------------------------
   total:    7    274    191
   ---------------------------------------------------------------------------

   total number of primitive shells          :   56
   total number of contracted shells         :   65
   total number of cartesian basis functions :  231
   total number of SCF-basis functions       :  191


 symmetry group of the molecule :   c1 

 the group has the following generators :
   c1(z)

    1 symmetry operations found

 there are 1 real representations :   a   

 maximum number of shells which are related by symmetry :  1


    mo occupation :
   irrep   mo's   occupied
    a      146       14
 
 number of basis functions   :                    146
 number of occupied orbitals :                     14
 
  
           ------------------
           density functional
           ------------------
 TPSS meta-GGA functional
 exchange:    LDA + TPSS
 correlation: LDA (PW) + TPSS

 spherical integration : Lebedev's spherical grid
 spherical gridsize    :                     5
    i.e. gridpoints    :                   590
 value for diffuse not defined
 radial integration    : Chebyshev 2nd kind (scaling 3)
 radial gridsize       :                     8
 integration cells     :                     7
 partition function    : becke
 partition sharpness   :                     3
  

 biggest AO integral is expected to be     5.499692413
  
           ------------------------
               RI-J - INFORMATION
           ------------------------
 Contributions to RI integral batches: 
  neglected integral batches:                   224
  direct contribution:                            0
  memory contribution:                  1261
 Memory core needed for (P|Q) and Cholesky      1 MByte
 Memory core minimum needed except of (P|Q)     1 MByte
 Total minimum memory core needed (sum)         1 MByte
  
 ****************************************
 Memory allocated for RI-J    20 MByte
 ****************************************
                                            

          ------------------------
          nuclear repulsion energy  :   69.2127682712    
          ------------------------


         -----------------
         -S,T+V- integrals
         -----------------

 1e-integrals will be neglected if expon. factor < 0.202543E-11
 
   Difference densities algorithm switched on.
   The maximal number of linear combinations of
   difference densities is                    20 .

 DIIS switched on: error vector is FDS-SDF
 Max. Iterations for DIIS is     :   4
 DIIS matrix (see manual) 
    Scaling factor of diagonals  :  1.200
    threshold for scaling factor :  0.000

 scf convergence criterion : increment of total energy < .1000000D-06
                  and increment of one-electron energy < .1000000D-03

  MOs are in ASCII format !


 automatic virtual orbital shift switched on 
      shift if e(lumo)-e(homo) < 0.10000000    


 reading orbital data $scfmo  from file mos
 orbital characterization : scfconv=7

 DSCF restart information will be dumped onto file mos


 Starting SCF iterations

          Overall gridpoints after grid construction =        110579

 ITERATION  ENERGY          1e-ENERGY        2e-ENERGY     RMS[dD(SAO)]   TOL
   1  -240.14678343560    -469.29813605     159.93858435    0.000D+00 0.202D-10
                            Exc = -27.6858492246     Coul =  187.624433571    
                              N = 27.999999942    
                            current damping = 0.300
 
          max. resid. norm for Fia-block=  4.208D-02 for orbital      1a         
          max. resid. fock norm         =  8.226D-02 for orbital    107a         

 ITERATION  ENERGY          1e-ENERGY        2e-ENERGY     RMS[dD(SAO)]   TOL
   2  -240.14831840460    -469.38689284     160.02580617    0.596D-03 0.128D-10
                            Exc = -27.7219457751     Coul =  187.747751942    
                              N = 27.999999944    
                            current damping = 0.250
 
          Norm of current diis error: 0.41900E-01
          max. resid. norm for Fia-block=  8.382D-03 for orbital      3a         
          max. resid. fock norm         =  2.187D-02 for orbital    114a         

 ITERATION  ENERGY          1e-ENERGY        2e-ENERGY     RMS[dD(SAO)]   TOL
   3  -240.14838226443    -469.36406752     160.00291699    0.134D-03 0.107D-10
                            Exc = -27.7217916805     Coul =  187.724708666    
                              N = 27.999999945    
                            current damping = 0.200
 
          Norm of current diis error: 0.30424E-01
          max. resid. norm for Fia-block=  1.962D-03 for orbital      1a         
          max. resid. fock norm         =  5.356D-03 for orbital    113a         

 ITERATION  ENERGY          1e-ENERGY        2e-ENERGY     RMS[dD(SAO)]   TOL
   4  -240.14842244332    -469.36956487     160.00837416    0.553D-04 0.102D-10
                            Exc = -27.7235735054     Coul =  187.731947665    
                              N = 27.999999945    
                            current damping = 0.250
 
          Norm of current diis error: 0.37268E-02
          max. resid. norm for Fia-block=  5.699D-04 for orbital      7a         
          max. resid. fock norm         =  9.715D-04 for orbital    114a         

 ITERATION  ENERGY          1e-ENERGY        2e-ENERGY     RMS[dD(SAO)]   TOL
   5  -240.14842097923    -469.37888892     160.01769967    0.164D-04 0.970D-11
                            Exc = -27.7251751612     Coul =  187.742874830    
                              N = 27.999999945    
                            current damping = 0.300
 
          Norm of current diis error: 0.61140E-02
          max. resid. norm for Fia-block=  3.095D-04 for orbital      7a         
          max. resid. fock norm         =  3.851D-04 for orbital    140a         
          mo-orthogonalization: Cholesky decomposition

 ITERATION  ENERGY          1e-ENERGY        2e-ENERGY     RMS[dD(SAO)]   TOL
   6  -240.14842319649    -469.37935512     160.01816365    0.802D-05 0.947D-11
                            Exc = -27.7251850535     Coul =  187.743348702    
                              N = 27.999999945    
                            current damping = 0.150
 
          Norm of current diis error: 0.15597E-02
          max. resid. norm for Fia-block=  1.207D-04 for orbital      7a         
          max. resid. fock norm         =  1.343D-04 for orbital     15a         

 ITERATION  ENERGY          1e-ENERGY        2e-ENERGY     RMS[dD(SAO)]   TOL
   7  -240.14842335905    -469.37489441     160.01370278    0.357D-05 0.940D-11
                            Exc = -27.7245586573     Coul =  187.738261438    
                              N = 27.999999945    
                            current damping = 0.200
 
          Norm of current diis error: 0.29121E-03
          max. resid. norm for Fia-block=  3.145D-05 for orbital     13a         
          max. resid. fock norm         =  4.666D-05 for orbital     98a         

 ITERATION  ENERGY          1e-ENERGY        2e-ENERGY     RMS[dD(SAO)]   TOL
   8  -240.14842336392    -469.37592507     160.01473343    0.985D-06 0.906D-11
                            Exc = -27.7246932917     Coul =  187.739426722    
                              N = 27.999999945    
                            current damping = 0.250
 
          Norm of current diis error: 0.16937E-03
          max. resid. norm for Fia-block=  9.517D-06 for orbital      7a         
          max. resid. fock norm         =  1.148D-05 for orbital     15a         

 ENERGY & DENSITY CONVERGED !


 ITERATION  ENERGY          1e-ENERGY        2e-ENERGY     RMS[dD(SAO)]   TOL
   9  -240.14842336568    -469.37578150     160.01458986    0.287D-06 0.880D-11
                            Exc = -27.7246751741     Coul =  187.739265038    
                              N = 27.999999945    
                            current damping = 0.300
 
          Norm of current diis error: 0.21172E-04
          max. resid. norm for Fia-block=  1.688D-06 for orbital      7a         
          max. resid. fock norm         =  2.049D-06 for orbital    114a         

 End of SCF iterations

   convergence criteria satisfied after     9 iterations


                  ------------------------------------------ 
                 |  total energy      =   -240.14842336568  |
                  ------------------------------------------ 
                 :  kinetic energy    =    239.11871088394  :
                 :  potential energy  =   -479.26713424963  :
                 :  virial theorem    =      1.99571218304  :
                 :  wavefunction norm =      1.00000000000  :
                  .......................................... 


 <geterg> : there is no data group $energy 


 <skperg> : $end is missing 


 orbitals $scfmo  will be written to file mos

    irrep                 10a         11a         12a         13a         14a   
 eigenvalues H         -0.35763    -0.35674    -0.35669    -0.34229    -0.34205
            eV          -9.7316     -9.7076     -9.7061     -9.3143     -9.3078
 occupation              2.0000      2.0000      2.0000      2.0000      2.0000

    irrep                 15a         16a         17a         18a         19a   
 eigenvalues H         -0.18491     0.04203     0.11183     0.11196     0.11384
            eV          -5.0318      1.1436      3.0432      3.0467      3.0977
 
 
 
 
 ==============================================================================
                           electrostatic moments
 ==============================================================================

 reference point for electrostatic moments:    0.00000   0.00000   0.00000

 
              nuc           elec       ->  total
 ------------------------------------------------------------------------------
                          charge      
 ------------------------------------------------------------------------------
          28.000000     -28.000000      -0.000000
 
 ------------------------------------------------------------------------------
                       dipole moment  
 ------------------------------------------------------------------------------
   x     -44.856099      44.863477       0.007378
   y    -127.799321     127.823031       0.023710
   z     -25.381492      25.385696       0.004204
 
   | dipole moment | =     0.0252 a.u. =     0.0640 debye 
 
 ------------------------------------------------------------------------------
                     quadrupole moment
 ------------------------------------------------------------------------------
  xx     111.342289    -124.619838     -13.277549
  yy     927.720741    -940.586725     -12.865984
  zz      39.775066     -53.084971     -13.309904
  xy     311.859785    -311.717615       0.142170
  xz      60.088292     -60.062825       0.025466
  yz     177.293922    -177.213225       0.080697
 
     1/3  trace=     -13.151146
     anisotropy=       0.515623
 
 ==============================================================================
 
HOMO-LUMO Separation
 HOMO         :   -0.34205266 H =     -9.30773 eV
 LUMO         :   -0.18491356 H =     -5.03176 eV
 HOMO-LUMO gap:    0.15713910 H =     +4.27597 eV
 
 ==============================================================================


    ------------------------------------------------------------------------
         total  cpu-time :  10.92 seconds
         total wall-time :  10.92 seconds
    ------------------------------------------------------------------------

   ****  ridft : all done  ****


    2020-12-12 00:48:35.671 

 ridft ended normally
