
 ridft (riogrande) : TURBOMOLE rev. V7.4.1 (b987a8a8) compiled 15 Oct 2019 at 12:03:25
 Copyright (C) 2019 TURBOMOLE GmbH, Karlsruhe


    2020-07-18 04:04:12.164 



                                  r i d f t

                        DFT program with RI approximation 
                                for coulomb part 




                                                 
                                 References:     
                                                 
          TURBOMOLE:                             
              R. Ahlrichs, M. Baer, M. Haeser, H. Horn, and
              C. Koelmel
              Electronic structure calculations on workstation
              computers: the program system TURBOMOLE
              Chem. Phys. Lett. 162: 165 (1989)
          Density Functional:                              
              O. Treutler and R. Ahlrichs                      
              Efficient Molecular Numerical Integration Schemes
              J. Chem. Phys. 102: 346 (1995)                   
          Parallel Version:                                
              Performance of parallel TURBOMOLE for Density    
              Functional Calculations                          
              M. v. Arnim and R. Ahlrichs                      
              J. Comp. Chem. 19: 1746 (1998)                   
          RI-J Method:                                     
              Auxiliary Basis Sets to approximate Coulomb      
              Potentials                                       
              Chem. Phys. Lett. 240: 283 (1995)                
              K. Eichkorn, O. Treutler, H. Oehm, M. Haeser     
              and R. Ahlrichs                                  
              Chem. Phys. Lett. 242: 652 (1995)                
                                                           
              Auxiliary Basis Sets for Main Row Atoms and their
              Use to approximate Coulomb Potentials            
              K. Eichkorn, F. Weigend, O. Treutler and         
              R. Ahlrichs                                      
              Theo. Chem. Acc. 97: 119 (1997)                   
                                                           
              Accurate Coulomb-fitting basis sets for H to Rn 
              F. Weigend                                        
              Phys. Chem. Chem. Phys. 8: 1057 (2006)            
                                                           
          Multipole accelerated RI-J (MARI-J):             
              Fast evaluation of the Coulomb potential for     
              electron densities using multipole accelerated   
              resolution of identity approximation             
              M. Sierka, A. Hogekamp and R. Ahlrichs           
              J. Chem. Phys. 118: 9136 (2003)                  
          RI-JK Method:                                     
              A fully direct RI-HF algorithm: Implementation,
              optimised auxiliary basis sets, demonstration of
              accuracy and efficiency                         
              F. Weigend                                      
              Phys. Chem. Chem. Phys. 4: 4285 (2002)           
          Two-component HF and DFT with spin-orbit coupling:  
              Self-consistent treatment of spin-orbit         
              interactions with efficient Hartree-Fock and    
              density functional methods                      
              M. K. Armbruster, F. Weigend, C. van Wüllen and 
              W. Klopper                                      
              Phys. Chem. Chem. Phys. 10: 1748 (2008)         
          Two-component difference density and DIIS algorithm 
              Efficient two-component self-consistent field   
              procedures and gradients: implementation in     
              TURBOMOLE and application to Au20-              
              A. Baldes, F. Weigend                           
              Mol. Phys. 111: 2617 (2013)                     
          Relativistic all-electron 2c calculations           
              An efficient implementation of two-component    
              relativistic exact-decoupling methods for large 
              molecules                                       
              D. Peng, N. Middendorf, F. Weigend, M. Reiher   
              J. Chem. Phys. 138: 184105 (2013)               
          Finite nucleus model and SNSO approximation         
              Efficient implementation of one- and two-       
              component analytical energy gradients in exact  
              two-component theory                            
              Y. J. Franzke, N. Middendorf, F. Weigend        
              J. Chem. Phys. 148: 104110 (2018)               
                                         




              +--------------------------------------------------+
              |      general information about current run       |
              +--------------------------------------------------+

 

 DENSITY CONVERGENCE CHECK SWITCHED ON !
 SCF CONVERGENCE IF RMS(delta[D]) <     0.1000000000E-06

 PBE functional
 exchange:    LDA + PBE
 correlation: LDA (PW) + PBE
 A DFT calculation using the RI-J approximation will be carried out.
 Allocatable memory for RI due to $ricore (MB):                   500


              +--------------------------------------------------+
              | Atomic coordinate, charge and isotop information |
              +--------------------------------------------------+

                    atomic coordinates            atom    charge  isotop
         -1.55446915    0.24708546   -0.00882536    o      8.000     0
          0.28595899    0.44776432   -0.00984258    h      1.000     0
         -2.06829592   -2.21397787   -0.00044562    c      6.000     0
         -4.55114084   -2.54743926    0.00446378    f      9.000     0
         -1.11676856   -3.42427008   -2.03030445    f      9.000     0
         -1.11026144   -3.41156564    2.03394336    f      9.000     0
          3.59594616    0.60720294   -0.01112841    o      8.000     0
          4.45516342   -0.09415412   -1.44718836    h      1.000     0
          4.45517683   -0.09598682    1.42403521    h      1.000     0
 
       center of nuclear mass  :   -1.07359436   -1.83537036   -0.00196023
       center of nuclear charge:   -0.92086919   -1.74310407   -0.00235337

              +--------------------------------------------------+
              |               basis set information              |
              +--------------------------------------------------+

              we will work with the 1s 3p 5d 7f 9g ... basis set
              ...i.e. with spherical basis functions...

   type   atoms  prim   cont   basis
   ---------------------------------------------------------------------------
    o        2     77     55   cc-pVQZ   [5s4p3d2f1g|21s6p3d2f1g]
    h        3     32     30   cc-pVQZ   [4s3p2d1f|6s3p2d1f]
    c        1     77     55   cc-pVQZ   [5s4p3d2f1g|21s6p3d2f1g]
    f        3     77     55   cc-pVQZ   [5s4p3d2f1g|21s6p3d2f1g]
   ---------------------------------------------------------------------------
   total:    9    558    420
   ---------------------------------------------------------------------------

   total number of primitive shells          :  111
   total number of contracted shells         :  120
   total number of cartesian basis functions :  525
   total number of SCF-basis functions       :  420


 integral neglect threshold       :  0.63E-11
 integral storage threshold THIZE :  0.10E-04
 integral storage threshold THIME :         5

 RI-J AUXILIARY BASIS SET information:

              we will work with the 1s 3p 5d 7f 9g ... basis set
              ...i.e. with spherical basis functions...

   type   atoms  prim   cont   basis
   ---------------------------------------------------------------------------
    o        2     70     49   cc-pVQZ   [6s4p3d1f1g|12s5p4d2f1g]
    h        3     16     11   cc-pVQZ   [3s1p1d|5s2p1d]
    c        1     70     49   cc-pVQZ   [6s4p3d1f1g|12s5p4d2f1g]
    f        3     70     49   cc-pVQZ   [6s4p3d1f1g|12s5p4d2f1g]
   ---------------------------------------------------------------------------
   total:    9    468    327
   ---------------------------------------------------------------------------

   total number of primitive shells          :   80
   total number of contracted shells         :  105
   total number of cartesian basis functions :  402
   total number of SCF-basis functions       :  327


 symmetry group of the molecule :   c1 

 the group has the following generators :
   c1(z)

    1 symmetry operations found

 there are 1 real representations :   a   

 maximum number of shells which are related by symmetry :  1


    mo occupation :
   irrep   mo's   occupied
    a      420       26
 
 number of basis functions   :                    420
 number of occupied orbitals :                     26
 
  
           ------------------
           density functional
           ------------------
 PBE functional
 exchange:    LDA + PBE
 correlation: LDA (PW) + PBE

 spherical integration : Lebedev's spherical grid
 spherical gridsize    :                     5
    i.e. gridpoints    :                   590
 value for diffuse not defined
 radial integration    : Chebyshev 2nd kind (scaling 3)
 radial gridsize       :                     8
 integration cells     :                     9
 partition function    : becke
 partition sharpness   :                     3
  

 biggest AO integral is expected to be     5.406832293
  
           ------------------------
               RI-J - INFORMATION
           ------------------------
 Contributions to RI integral batches: 
  neglected integral batches:                  1294
  direct contribution:                            0
  memory contribution:                  5966
 Memory core needed for (P|Q) and Cholesky      1 MByte
 Memory core minimum needed except of (P|Q)     1 MByte
 Total minimum memory core needed (sum)         2 MByte
  
 ****************************************
 Memory allocated for RI-J   348 MByte
 ****************************************
                                            

          ------------------------
          nuclear repulsion energy  :   279.621640716    
          ------------------------


         -----------------
         -S,T+V- integrals
         -----------------

 1e-integrals will be neglected if expon. factor < 0.636564E-12
 
   Difference densities algorithm switched on.
   The maximal number of linear combinations of
   difference densities is                    20 .

 DIIS switched on: error vector is FDS-SDF
 Max. Iterations for DIIS is     :   4
 DIIS matrix (see manual) 
    Scaling factor of diagonals  :  1.200
    threshold for scaling factor :  0.000

 scf convergence criterion : increment of total energy < .1000000D-06
                  and increment of one-electron energy < .1000000D-03

  MOs are in ASCII format !


 automatic virtual orbital shift switched on 
      shift if e(lumo)-e(homo) < 0.10000000    


 reading orbital data $scfmo  from file mos
 orbital characterization : expanded
 mo provided and orthogonalized by Cholesky decomposition

 DSCF restart information will be dumped onto file mos


 Starting SCF iterations

          Overall gridpoints after grid construction =        152608

 ITERATION  ENERGY          1e-ENERGY        2e-ENERGY     RMS[dD(SAO)]   TOL
   1  -488.12419285283    -1234.3685491     466.62271556    0.000D+00 0.635D-11
                            Exc = -55.5145822899     Coul =  522.137297853    
                              N = 52.000001217    
                            current damping = 0.300
 
          max. resid. norm for Fia-block=  4.314D-01 for orbital     12a         
          max. resid. fock norm         =  1.819D+01 for orbital    411a         

 ITERATION  ENERGY          1e-ENERGY        2e-ENERGY     RMS[dD(SAO)]   TOL
   2  -489.40564682229    -1233.3052625     464.27797500    0.553D-02 0.435D-11
                            Exc = -54.1505443962     Coul =  518.428519398    
                              N = 52.000001255    
                            current damping = 0.250
 
          Norm of current diis error:  3.4190    
          max. resid. norm for Fia-block=  1.227D-01 for orbital     12a         
          max. resid. fock norm         =  3.802D-01 for orbital    163a         

 ITERATION  ENERGY          1e-ENERGY        2e-ENERGY     RMS[dD(SAO)]   TOL
   3  -489.66803041190    -1235.6838095     466.39413837    0.230D-02 0.347D-11
                            Exc = -54.8254004189     Coul =  521.219538787    
                              N = 52.000001371    
                            current damping = 0.200
 
          Norm of current diis error: 0.54111    
          max. resid. norm for Fia-block=  2.519D-02 for orbital     22a         
          max. resid. fock norm         =  3.733D-02 for orbital     32a         

 ITERATION  ENERGY          1e-ENERGY        2e-ENERGY     RMS[dD(SAO)]   TOL
   4  -489.67456808794    -1234.2994794     465.00327056    0.779D-03 0.307D-11
                            Exc = -54.6086573230     Coul =  519.611927881    
                              N = 52.000001413    
                            current damping = 0.250
 
          Norm of current diis error: 0.30884    
          max. resid. norm for Fia-block=  1.116D-02 for orbital     24a         
          max. resid. fock norm         =  2.479D-02 for orbital    369a         

 ITERATION  ENERGY          1e-ENERGY        2e-ENERGY     RMS[dD(SAO)]   TOL
   5  -489.67706092830    -1234.7552089     465.45650723    0.206D-03 0.293D-11
                            Exc = -54.6717599998     Coul =  520.128267231    
                              N = 52.000001482    
                            current damping = 0.300
 
          Norm of current diis error: 0.13010    
          max. resid. norm for Fia-block=  4.622D-03 for orbital     16a         
          max. resid. fock norm         =  6.373D-03 for orbital    369a         
          mo-orthogonalization: Cholesky decomposition

 ITERATION  ENERGY          1e-ENERGY        2e-ENERGY     RMS[dD(SAO)]   TOL
   6  -489.67743317438    -1234.8898359     465.59076199    0.583D-04 0.285D-11
                            Exc = -54.6901957229     Coul =  520.280957715    
                              N = 52.000001467    
                            current damping = 0.150
 
          Norm of current diis error: 0.29602E-01
          max. resid. norm for Fia-block=  1.588D-03 for orbital     26a         
          max. resid. fock norm         =  2.324D-03 for orbital     38a         

 ITERATION  ENERGY          1e-ENERGY        2e-ENERGY     RMS[dD(SAO)]   TOL
   7  -489.67744478782    -1234.7687429     465.46965738    0.324D-04 0.281D-11
                            Exc = -54.6799850600     Coul =  520.149642444    
                              N = 52.000001471    
                            current damping = 0.200
 
          Norm of current diis error: 0.20635E-01
          max. resid. norm for Fia-block=  6.637D-04 for orbital     13a         
          max. resid. fock norm         =  1.014D-03 for orbital     38a         

 ITERATION  ENERGY          1e-ENERGY        2e-ENERGY     RMS[dD(SAO)]   TOL
   8  -489.67745640001    -1234.8030712     465.50397413    0.111D-04 0.275D-11
                            Exc = -54.6818440319     Coul =  520.185818159    
                              N = 52.000001471    
                            current damping = 0.250
 
          Norm of current diis error: 0.35997E-02
          max. resid. norm for Fia-block=  1.824D-04 for orbital     15a         
          max. resid. fock norm         =  2.291D-04 for orbital    295a         

 ITERATION  ENERGY          1e-ENERGY        2e-ENERGY     RMS[dD(SAO)]   TOL
   9  -489.67745654565    -1234.8146511     465.51555380    0.265D-05 0.275D-11
                            Exc = -54.6832536505     Coul =  520.198807454    
                              N = 52.000001471    
                            current damping = 0.100
 
          Norm of current diis error: 0.26645E-02
          max. resid. norm for Fia-block=  8.679D-05 for orbital     26a         
          max. resid. fock norm         =  1.447D-04 for orbital    362a         

 ITERATION  ENERGY          1e-ENERGY        2e-ENERGY     RMS[dD(SAO)]   TOL
  10  -489.67745671796    -1234.8119930     465.51289554    0.131D-05 0.270D-11
                            Exc = -54.6829780845     Coul =  520.195873623    
                              N = 52.000001471    
                            current damping = 0.150
 
          Norm of current diis error: 0.77990E-03
          max. resid. norm for Fia-block=  3.014D-05 for orbital     26a         
          max. resid. fock norm         =  3.867D-05 for orbital     38a         
          mo-orthogonalization: Cholesky decomposition

 ITERATION  ENERGY          1e-ENERGY        2e-ENERGY     RMS[dD(SAO)]   TOL
  11  -489.67745673119    -1234.8112791     465.51218170    0.366D-06 0.267D-11
                            Exc = -54.6828163545     Coul =  520.194998052    
                              N = 52.000001471    
                            current damping = 0.100
 
          Norm of current diis error: 0.25946E-03
          max. resid. norm for Fia-block=  8.979D-06 for orbital     16a         
          max. resid. fock norm         =  1.070D-05 for orbital     16a         

 ENERGY & DENSITY CONVERGED !


 ITERATION  ENERGY          1e-ENERGY        2e-ENERGY     RMS[dD(SAO)]   TOL
  12  -489.67745673265    -1234.8115952     465.51249778    0.110D-06 0.265D-11
                            Exc = -54.6828869213     Coul =  520.195384696    
                              N = 52.000001471    
                            current damping = 0.150
 
          Norm of current diis error: 0.86204E-04
          max. resid. norm for Fia-block=  3.833D-06 for orbital     16a         
          max. resid. fock norm         =  6.260D-06 for orbital    404a         

 End of SCF iterations

   convergence criteria satisfied after    12 iterations


                  ------------------------------------------ 
                 |  total energy      =   -489.67745673265  |
                  ------------------------------------------ 
                 :  kinetic energy    =    488.34147147759  :
                 :  potential energy  =   -978.01892821024  :
                 :  virial theorem    =      1.99727170357  :
                 :  wavefunction norm =      1.00000000000  :
                  .......................................... 


 <geterg> : there is no data group $energy 


 <skperg> : $end is missing 


 orbitals $scfmo  will be written to file mos

    irrep                 22a         23a         24a         25a         26a   
 eigenvalues H         -0.36971    -0.34226    -0.33844    -0.31098    -0.28967
            eV         -10.0603     -9.3133     -9.2094     -8.4623     -7.8824
 occupation              2.0000      2.0000      2.0000      2.0000      2.0000

    irrep                 27a         28a         29a         30a         31a   
 eigenvalues H         -0.03613     0.03760     0.08564     0.12039     0.13744
            eV          -0.9832      1.0231      2.3303      3.2761      3.7398
 
 
 
 
 ==============================================================================
                           electrostatic moments
 ==============================================================================

 reference point for electrostatic moments:    0.00000   0.00000   0.00000

 
              nuc           elec       ->  total
 ------------------------------------------------------------------------------
                          charge      
 ------------------------------------------------------------------------------
          52.000000     -52.000000       0.000000
 
 ------------------------------------------------------------------------------
                       dipole moment  
 ------------------------------------------------------------------------------
   x     -47.885198      49.527464       1.642266
   y     -90.641412      90.717927       0.076516
   z      -0.122375       0.120003      -0.002372
 
   | dipole moment | =     1.6440 a.u. =     4.1788 debye 
 
 ------------------------------------------------------------------------------
                     quadrupole moment
 ------------------------------------------------------------------------------
  xx     396.958186    -417.306276     -20.348090
  yy     301.751405    -329.116996     -27.365591
  zz      78.455678    -102.312828     -23.857151
  xy     214.001375    -216.110729      -2.109354
  xz      -0.411100       0.393979      -0.017121
  yz      -0.052345       0.055047       0.002702
 
     1/3  trace=     -23.856944
     anisotropy=       7.091052
 
 ==============================================================================
 
HOMO-LUMO Separation
 HOMO         :   -0.28967023 H =     -7.88233 eV
 LUMO         :   -0.03612984 H =     -0.98314 eV
 HOMO-LUMO gap:    0.25354039 H =     +6.89919 eV
 
 ==============================================================================


    ------------------------------------------------------------------------
         total  cpu-time :  44.08 seconds
         total wall-time :  44.08 seconds
    ------------------------------------------------------------------------

   ****  ridft : all done  ****


    2020-07-18 04:04:56.241 

