
   OpenMP run-time library returned nthreads =  8

 rirpa (c-19-411) : TURBOMOLE rev. V7.5.0 compiled 17 Jun 2020 at 09:15:30
 Copyright (C) 2020 TURBOMOLE GmbH, Karlsruhe


    2020-07-24 21:49:23.525 

 
 
    *************************************************************************
    *************************** PROGRAM RIRPA *******************************
    ******                                                             ******
    ******              H. Eshuis, J. E. Bates and F. Furche           ******
    ******                                                             ******
    ****** Nov 2011                                                    ******
    ****** Copyright TURBOMOLE GmbH                                    ******
    *************************************************************************
    
    
                                References:                                  
    
                   RIRPA:                                                    
                     H. Eshuis, J. Yarkony, and F. Furche                    
                     Fast Computation of Molecular Random Phase              
                     Approximation Correlation Energies Using Resolution     
                     of the Identity and Imaginary Frequency Integration     
                     J. Chem. Phys. 132: 234114 (2010)                       
    
                     H. Eshuis, J. E. Bates, and F. Furche                   
                     Electron Correlation Methods Based on                   
                     the Random Phase Approximation                          
                     Theor. Chem. Acc.  131: 1084 (2012)                     
    
                     G. P. Chen, V. K. Voora, M. M. Agee,                    
                     S. G. Balasubramani, and F. Furche                      
                     Random-Phase Approximation Methods                      
                     Annu. Rev. Phys. Chem. 68: 421 (2017)                   
    
                   TWO-COMPONENT RIRPA:                                      
                     M. Kuehn                                                
                     Correlation Energies from the                           
                     Two-Component Random-Phase Approximation                
                     J. Chem. Theory Comput. 10: 623 (2014)                  
    
                   RIRPA GRADIENTS:                                          
                     A. M. Burow, J. E. Bates, F. Furche*, and H. Eshuis     
                     Analytical First-Order Molecular Properties and Forces  
                     within the Adiabatic Connection Random Phase            
                     Approximation                                           
                     J. Chem. Theory Comput. 10: 180 (2014)                  
    
                   RI-AXK/RI-ACSOSEX/RI-ACSOX:                               
                     G. P. Chen, M. M. Agee, and F. Furche                   
                     Performance and Scope of Perturbative Corrections to    
                     Random-Phase Approximation Energies                     
                     J. Chem. Theory Comput. 14: 5701 (2018)                 
    
                   GKS-RPA:                                                  
                     V. K. Voora, S. G. Balasubramani, and F. Furche         
                     Variational Generalized Kohn-Sham Approach Combining    
                     the Random-Phase-Approximation and Green’s-Function     
                     Methods                                                 
                     Phys. Rev. A 99: 012518 (2019)                          
    
    
    
      ... OpenMP parallelization enabled, threads:    8

   *-----------------------------------------------------------------------*
   |                     program will use  8 thread(s)                     |
   *-----------------------------------------------------------------------*

 MAXIMUM CORE MEMORY WHICH CAN BE ALLOCATED DYNAMICALLY = 40000 MiB
              ( or 5242880000 double words per process)

 
                FOUND RI-J FLAG
 
  HF exact exchange energy will be computed using RI-J.


              +--------------------------------------------------+
              | Atomic coordinate, charge and isotop information |
              +--------------------------------------------------+

                    atomic coordinates            atom    charge  isotop
         -3.24894118   -2.48134383    6.11348075    h      1.000     0
         -4.00077778    2.13835057    6.14313510    h      1.000     0
          0.77380143   -2.12779362    6.57015159    c      6.000     0
         -1.67621279   -1.19059781    6.31563450    c      6.000     0
         -2.09984565    1.41048552    6.33585616    c      6.000     0
         -0.07448888    3.07353123    6.61331496    c      6.000     0
          2.37419739    2.13558089    6.86885313    c      6.000     0
          2.79888957   -0.46446715    6.84738339    c      6.000     0
         -0.40374023    5.09048173    6.62796980    h      1.000     0
          3.94495959    3.42530592    7.07970864    h      1.000     0
          1.10290261   -4.14563556    6.55865225    h      1.000     0
          4.69857801   -1.19201103    7.04318971    h      1.000     0
 
       center of nuclear mass  :    0.34934682    0.47276931    6.59205844
       center of nuclear charge:    0.34931018    0.47275196    6.59222140
              +-------------------------------------------------+
              |        Rotational Constants Section             |
              +-------------------------------------------------+
                                   Center of Mass [a.u]:
               0.34934682276159         0.47276930905723         6.59205843507050
                     Principal Moments of Inertia [a.u.]
             316.41193086066664       316.41922755345092       632.83072248499593
                       Rotational constants A,B,C [a.u.]
               0.00158021854182         0.00158018210166         0.00079010070503
                     Rotational constants A,B,C [cm**-1]
               0.19025732162723         0.19025293425407         0.09512762948686
                        Rotational constants A,B,C [MHz]
            5703.77101031245729      5703.63948017411440      2851.85458675775544

   * BASIS SET information:

              +--------------------------------------------------+
              |               basis set information              |
              +--------------------------------------------------+

              we will work with the 1s 3p 5d 7f 9g ... basis set
              ...i.e. with spherical basis functions...

   type   atoms  prim   cont   basis
   ---------------------------------------------------------------------------
    h        6     58     55   cc-pV5Z   [5s4p3d2f1g|8s4p3d2f1g]
    c        6    118     91   cc-pV5Z   [6s5p4d3f2g1h|24s8p4d3f2g1h]
   ---------------------------------------------------------------------------
   total:   12   1056    876
   ---------------------------------------------------------------------------

   total number of primitive shells          :   60
   total number of contracted shells         :  216
   total number of cartesian basis functions : 1176
   total number of SCF-basis functions       :  876


   * AUXILIARY BASIS SET information:

              +--------------------------------------------------+
              |               basis set information              |
              +--------------------------------------------------+

              we will work with the 1s 3p 5d 7f 9g ... basis set
              ...i.e. with spherical basis functions...

   type   atoms  prim   cont   basis
   ---------------------------------------------------------------------------
    h        6     91     91   cc-pV5Z   [6s5p4d3f2g1h|6s5p4d3f2g1h]
    c        6    193    193   cc-pV5Z   [10s8p7d6f4g3h1i|10s8p7d6f4g3h1i]
   ---------------------------------------------------------------------------
   total:   12   1704   1704
   ---------------------------------------------------------------------------

   total number of primitive shells          :   60
   total number of contracted shells         :  360
   total number of cartesian basis functions : 2478
   total number of SCF-basis functions       : 1704


   * RIJ AUXILIARY BASIS SET information:

              +--------------------------------------------------+
              |               basis set information              |
              +--------------------------------------------------+

              we will work with the 1s 3p 5d 7f 9g ... basis set
              ...i.e. with spherical basis functions...

   type   atoms  prim   cont   basis
   ---------------------------------------------------------------------------
    h        6     16     11   cc-pV5Z   [3s1p1d|5s2p1d]
    c        6     70     49   cc-pV5Z   [6s4p3d1f1g|12s5p4d2f1g]
   ---------------------------------------------------------------------------
   total:   12    516    360
   ---------------------------------------------------------------------------

   total number of primitive shells          :   32
   total number of contracted shells         :  120
   total number of cartesian basis functions :  438
   total number of SCF-basis functions       :  360


 reading orbital data $scfmo  from file mos
 orbital characterization : scfconv=6

 integral neglect threshold       :  0.25E+02

 scfconv                     6

 there are 1 real representations :   a   

 maximum number of shells which are related by symmetry :  1

 time elapsed for calculating density matrices :   0.038 sec

     total memory allocated for calculation of (Q|P)**(-1/2) : 34 MiB


     calculation of (P|Q) ...
     time in lp2sym        cpu:  0.61 sec    wall:  0.08 sec    ratio:  8.0


     calculation of the Cholesky decomposition of (P|Q)**(-1) ...
     time in invmetri      cpu:  2.22 sec    wall:  0.30 sec    ratio:  7.4

   threshold for RMS(d[D]) in SCF was     :  0.10E-06
   integral neglect threshold             :  0.13E-10
   derivative integral neglect threshold  :  0.10E-06


 setting up bound for integral derivative estimation

 increment for numerical differentiation : 0.00050000
 
 Occupied orbital block size for RIRPA:                    15
 
 Number of passes for spin                     1 is                     1
 
 Number of eigenvalues < 6e-3:                      0
 
 
            -----------------------------
            Complex frequency integration
            -----------------------------
 
 Number of Clenshaw-Curtis nodes:                    100
 Optimized scaling parameter    :    1.99653691238229     
 Sensitivity measure            :  -2.255655384697519E-011
 
 Done with rirpa frequency point #                     1
 Done with rirpa frequency point #                     2
 Done with rirpa frequency point #                     3
 Done with rirpa frequency point #                     4
 Done with rirpa frequency point #                     5
 Done with rirpa frequency point #                     6
 Done with rirpa frequency point #                     7
 Done with rirpa frequency point #                     8
 Done with rirpa frequency point #                     9
 Done with rirpa frequency point #                    10
 Done with rirpa frequency point #                    11
 Done with rirpa frequency point #                    12
 Done with rirpa frequency point #                    13
 Done with rirpa frequency point #                    14
 Done with rirpa frequency point #                    15
 Done with rirpa frequency point #                    16
 Done with rirpa frequency point #                    17
 Done with rirpa frequency point #                    18
 Done with rirpa frequency point #                    19
 Done with rirpa frequency point #                    20
 Done with rirpa frequency point #                    21
 Done with rirpa frequency point #                    22
 Done with rirpa frequency point #                    23
 Done with rirpa frequency point #                    24
 Done with rirpa frequency point #                    25
 Done with rirpa frequency point #                    26
 Done with rirpa frequency point #                    27
 Done with rirpa frequency point #                    28
 Done with rirpa frequency point #                    29
 Done with rirpa frequency point #                    30
 Done with rirpa frequency point #                    31
 Done with rirpa frequency point #                    32
 Done with rirpa frequency point #                    33
 Done with rirpa frequency point #                    34
 Done with rirpa frequency point #                    35
 Done with rirpa frequency point #                    36
 Done with rirpa frequency point #                    37
 Done with rirpa frequency point #                    38
 Done with rirpa frequency point #                    39
 Done with rirpa frequency point #                    40
 Done with rirpa frequency point #                    41
 Done with rirpa frequency point #                    42
 Done with rirpa frequency point #                    43
 Done with rirpa frequency point #                    44
 Done with rirpa frequency point #                    45
 Done with rirpa frequency point #                    46
 Done with rirpa frequency point #                    47
 Done with rirpa frequency point #                    48
 Done with rirpa frequency point #                    49
 Done with rirpa frequency point #                    50
 Done with rirpa frequency point #                    51
 Done with rirpa frequency point #                    52
 Done with rirpa frequency point #                    53
 Done with rirpa frequency point #                    54
 Done with rirpa frequency point #                    55
 Done with rirpa frequency point #                    56
 Done with rirpa frequency point #                    57
 Done with rirpa frequency point #                    58
 Done with rirpa frequency point #                    59
 Done with rirpa frequency point #                    60
 Done with rirpa frequency point #                    61
 Done with rirpa frequency point #                    62
 Done with rirpa frequency point #                    63
 Done with rirpa frequency point #                    64
 Done with rirpa frequency point #                    65
 Done with rirpa frequency point #                    66
 Done with rirpa frequency point #                    67
 Done with rirpa frequency point #                    68
 Done with rirpa frequency point #                    69
 Done with rirpa frequency point #                    70
 Done with rirpa frequency point #                    71
 Done with rirpa frequency point #                    72
 Done with rirpa frequency point #                    73
 Done with rirpa frequency point #                    74
 Done with rirpa frequency point #                    75
 Done with rirpa frequency point #                    76
 Done with rirpa frequency point #                    77
 Done with rirpa frequency point #                    78
 Done with rirpa frequency point #                    79
 Done with rirpa frequency point #                    80
 Done with rirpa frequency point #                    81
 Done with rirpa frequency point #                    82
 Done with rirpa frequency point #                    83
 Done with rirpa frequency point #                    84
 Done with rirpa frequency point #                    85
 Done with rirpa frequency point #                    86
 Done with rirpa frequency point #                    87
 Done with rirpa frequency point #                    88
 Done with rirpa frequency point #                    89
 Done with rirpa frequency point #                    90
 Done with rirpa frequency point #                    91
 Done with rirpa frequency point #                    92
 Done with rirpa frequency point #                    93
 Done with rirpa frequency point #                    94
 Done with rirpa frequency point #                    95
 Done with rirpa frequency point #                    96
 Done with rirpa frequency point #                    97
 Done with rirpa frequency point #                    98
 Done with rirpa frequency point #                    99
 Done with rirpa frequency point #                   100
 


 RI-RPA correlation energy: -0.1669050949025630E+01
 Allocatable memory for RI due to $ricore (MB):                  5000

 there are 1 real representations :   a   

 maximum number of shells which are related by symmetry :  1

  
           ------------------------
               RI-J - INFORMATION
           ------------------------
 Contributions to RI integral batches: 
  neglected integral batches:                  2423
  direct contribution:                            0
  memory contribution:                 21013

          ------------------------
          nuclear repulsion energy  :   203.607446306    
          ------------------------


         -----------------
         -S,T+V- integrals
         -----------------

 1e-integrals will be neglected if expon. factor < 0.134517E-10

                  --------------------------------------------------- 
                 |  HXX+RIRPA total energy     =   -232.41239909936  |
                  ---------------------------------------------------- 
                 :  RIRPA correlation energy   =     -1.66905094903  :
                 :  HXX total energy           =   -230.74334815033  :
                 :  Hartree energy             =    313.46309490625  :
                 :  Exact Exchange energy      =    -33.20017115204  :
                  .................................................... 


    ------------------------------------------------------------------------
    Rirpa profiling                cpu                    wall         ratio
    ------------------------------------------------------------------------
    module                         sec     %               sec     %
    ------------------------------------------------------------------------
    RIRPA                      2602.2  100.00          338.0  100.00   7.7
    STARTUP                       1.8    0.07            0.5    0.16   3.3
    riccmos                       1.1    0.04            0.5    0.15   2.1
    riccaux                       2.9    0.11            0.4    0.11   7.5
    riccbound                    15.0    0.58           13.7    4.05   1.1
    ccmkbaoi                     46.5    1.79            5.9    1.74   7.9
    ecrpa                       318.4   12.24           39.9   11.81   8.0
    qbuild                      306.8   11.79           38.4   11.37   8.0
    rparenrm                      8.5    0.33            1.1    0.32   8.0
    ehxx                       2215.6   85.15          277.0   81.95   8.0
    ------------------------------------------------------------------------
    sum                        5520.4  212.15          715.6  211.71   7.7
    ------------------------------------------------------------------------


    ------------------------------------------------------------------------
         total  cpu-time : 43 minutes and 22 seconds
         total wall-time :  5 minutes and 38 seconds
    ------------------------------------------------------------------------

   ****  rirpa : all done  ****


    2020-07-24 21:55:01.528 

