
   OpenMP run-time library returned nthreads = 20

 rirpa (c-12-33) : TURBOMOLE rev. V7.5.0 compiled 17 Jun 2020 at 09:15:30
 Copyright (C) 2020 TURBOMOLE GmbH, Karlsruhe


    2020-07-20 01:40:29.864 

 
 
    *************************************************************************
    *************************** PROGRAM RIRPA *******************************
    ******                                                             ******
    ******              H. Eshuis, J. E. Bates and F. Furche           ******
    ******                                                             ******
    ****** Nov 2011                                                    ******
    ****** Copyright TURBOMOLE GmbH                                    ******
    *************************************************************************
    
    
                                References:                                  
    
                   RIRPA:                                                    
                     H. Eshuis, J. Yarkony, and F. Furche                    
                     Fast Computation of Molecular Random Phase              
                     Approximation Correlation Energies Using Resolution     
                     of the Identity and Imaginary Frequency Integration     
                     J. Chem. Phys. 132: 234114 (2010)                       
    
                     H. Eshuis, J. E. Bates, and F. Furche                   
                     Electron Correlation Methods Based on                   
                     the Random Phase Approximation                          
                     Theor. Chem. Acc.  131: 1084 (2012)                     
    
                     G. P. Chen, V. K. Voora, M. M. Agee,                    
                     S. G. Balasubramani, and F. Furche                      
                     Random-Phase Approximation Methods                      
                     Annu. Rev. Phys. Chem. 68: 421 (2017)                   
    
                   TWO-COMPONENT RIRPA:                                      
                     M. Kuehn                                                
                     Correlation Energies from the                           
                     Two-Component Random-Phase Approximation                
                     J. Chem. Theory Comput. 10: 623 (2014)                  
    
                   RIRPA GRADIENTS:                                          
                     A. M. Burow, J. E. Bates, F. Furche*, and H. Eshuis     
                     Analytical First-Order Molecular Properties and Forces  
                     within the Adiabatic Connection Random Phase            
                     Approximation                                           
                     J. Chem. Theory Comput. 10: 180 (2014)                  
    
                   RI-AXK/RI-ACSOSEX/RI-ACSOX:                               
                     G. P. Chen, M. M. Agee, and F. Furche                   
                     Performance and Scope of Perturbative Corrections to    
                     Random-Phase Approximation Energies                     
                     J. Chem. Theory Comput. 14: 5701 (2018)                 
    
                   GKS-RPA:                                                  
                     V. K. Voora, S. G. Balasubramani, and F. Furche         
                     Variational Generalized Kohn-Sham Approach Combining    
                     the Random-Phase-Approximation and Green’s-Function     
                     Methods                                                 
                     Phys. Rev. A 99: 012518 (2019)                          
    
    
    
      ... OpenMP parallelization enabled, threads:   20

   *-----------------------------------------------------------------------*
   |                     program will use 20 thread(s)                     |
   *-----------------------------------------------------------------------*

 MAXIMUM CORE MEMORY WHICH CAN BE ALLOCATED DYNAMICALLY = 100000 MiB
              ( or 13107200000 double words per process)

 number of unique ecp types :                     1
  Effective Core Potentials (ECPs) detected!
 
                FOUND RI-J FLAG
 
  HF exact exchange energy will be computed using RI-J.


              +--------------------------------------------------+
              | Atomic coordinate, charge and isotop information |
              +--------------------------------------------------+

                    atomic coordinates            atom    charge  isotop
         -0.06161074   -0.46360462   -0.06790353    c      0.000     0
         -1.85297663    0.48089940   -0.40150633    h      0.000     0
         -0.30259807   -1.92794773    1.34984649    h      0.000     0
          1.30805520    0.90742570    0.60538699    h      0.000     0
          0.62044055   -1.29544506   -1.81582839    h      0.000     0
         -4.57504389   -4.98574873   -2.28863151    i     25.000     0
         -7.92907912   -8.34380152   -3.93802605    i     25.000     0
 
       center of nuclear mass  :   -5.88395801   -6.29603438   -2.93223836
       center of nuclear charge:   -6.25206150   -6.66477512   -3.11332878
              +-------------------------------------------------+
              |        Rotational Constants Section             |
              +-------------------------------------------------+
                                   Center of Mass [a.u]:
              -5.88395801388271        -6.29603438059029        -2.93223835766990
                     Principal Moments of Inertia [a.u.]
              11.36340004494082      2912.19613791299071      2912.19618407057487
                       Rotational constants A,B,C [a.u.]
               0.04400091504502         0.00017169173240         0.00017169172968
                     Rotational constants A,B,C [cm**-1]
               5.29768258253421         0.02067157692874         0.02067157660110
                        Rotational constants A,B,C [MHz]
          158820.52831217198400       619.71828582034232       619.71827599796188

   * BASIS SET information:

              +--------------------------------------------------+
              |               basis set information              |
              +--------------------------------------------------+

              we will work with the 1s 3p 5d 7f 9g ... basis set
              ...i.e. with spherical basis functions...

   type   atoms  prim   cont   basis
   ---------------------------------------------------------------------------
    c        1     77     55   cc-pVQZ   [5s4p3d2f1g|21s6p3d2f1g]
    h        4     32     30   cc-pVQZ   [4s3p2d1f|6s3p2d1f]
    i        2    161     67   cc-pVQZ-PP   [6s6p4d2f1g|24s18p12d2f1g]
   ---------------------------------------------------------------------------
   total:    7    527    309
   ---------------------------------------------------------------------------

   total number of primitive shells          :  102
   total number of contracted shells         :   93
   total number of cartesian basis functions :  376
   total number of SCF-basis functions       :  309


   * AUXILIARY BASIS SET information:

              +--------------------------------------------------+
              |               basis set information              |
              +--------------------------------------------------+

              we will work with the 1s 3p 5d 7f 9g ... basis set
              ...i.e. with spherical basis functions...

   type   atoms  prim   cont   basis
   ---------------------------------------------------------------------------
    c        1    132    132   cc-pVQZ   [8s7p6d5f3g1h|8s7p6d5f3g1h]
    h        4     55     55   cc-pVQZ   [5s4p3d2f1g|5s4p3d2f1g]
    i        2    229    229   cc-pVQZ-PP   [11s11p9d7f5g3h1i|11s11p9d7f5g3h1i]
   ---------------------------------------------------------------------------
   total:    7    810    810
   ---------------------------------------------------------------------------

   total number of primitive shells          :   92
   total number of contracted shells         :  184
   total number of cartesian basis functions : 1129
   total number of SCF-basis functions       :  810


   * RIJ AUXILIARY BASIS SET information:

              +--------------------------------------------------+
              |               basis set information              |
              +--------------------------------------------------+

              we will work with the 1s 3p 5d 7f 9g ... basis set
              ...i.e. with spherical basis functions...

   type   atoms  prim   cont   basis
   ---------------------------------------------------------------------------
    c        1     70     49   cc-pVQZ   [6s4p3d1f1g|12s5p4d2f1g]
    h        4     16     11   cc-pVQZ   [3s1p1d|5s2p1d]
    i        2     81     58   universal-ecp-2   [8s4p3d2f1g|11s5p5d3f1g]
   ---------------------------------------------------------------------------
   total:    7    296    209
   ---------------------------------------------------------------------------

   total number of primitive shells          :   57
   total number of contracted shells         :   71
   total number of cartesian basis functions :  255
   total number of SCF-basis functions       :  209


 reading orbital data $scfmo  from file mos
 orbital characterization : scfconv=7

 integral neglect threshold       :  0.27E+02

 scfconv                     7

 there are 1 real representations :   a   

 maximum number of shells which are related by symmetry :  1

 entered riccmos at 2020-07-20 01:40:30.074
VM size:      1499 MB
  MOs are in ASCII format !


 reading orbital data $scfmo  from file mos
 orbital characterization : scfconv=7
after riccmoinp VM size:      1499 MB
registered memory usage:         1 MB
 time elapsed for calculating density matrices :   0.330 sec



              +--------------------------------------------+
              | list of orbitals that will be kept frozen: |
              +--------------------------------------------+
              |   irrep   index      energy     occ/vir    |
              +--------------------------------------------+
              |   a         1       -6.6288     occupied   |
              |   a         2       -6.6288     occupied   |
              |   a         3       -4.6779     occupied   |
              |   a         4       -4.6777     occupied   |
              |   a         5       -4.6595     occupied   |
              |   a         6       -4.6595     occupied   |
              |   a         7       -4.6595     occupied   |
              |   a         8       -4.6594     occupied   |
              +--------------------------------------------+



   Molecular Orbital Statistic:
   ============================

   -----------------------------
   orbitals in total:
   -----------------------------
    frozen occupied :      8
    active occupied :     17
    active virtual  :    284
    frozen virtual  :      0
    all together    :    309
   -----------------------------


     time in riccmoinp     cpu:  0.11 sec    wall:  0.11 sec    ratio:  1.0
     time in scfdens       cpu:  0.33 sec    wall:  0.02 sec    ratio: 17.9
     time in mkiao         cpu:  0.00 sec    wall:  0.00 sec    ratio:  0.0
     time in mkiho         cpu:  0.00 sec    wall:  0.00 sec    ratio:  0.0
     time in sao2ao        cpu:  0.08 sec    wall:  0.00 sec    ratio: 19.9
     time in ricclmos      cpu:  0.00 sec    wall:  0.00 sec    ratio:  0.0
     time in riccmos       cpu:  1.17 sec    wall:  0.16 sec    ratio:  7.2
 leave riccmos at 2020-07-20 01:40:30.237

     total memory allocated for calculation of (Q|P)**(-1/2) : 8 MiB


     calculation of (P|Q) ...
     time in lp2sym        cpu:  0.66 sec    wall:  0.03 sec    ratio: 19.9


     calculation of the Cholesky decomposition of (P|Q)**(-1) ...
     time in invmetri      cpu:  1.91 sec    wall:  0.10 sec    ratio: 19.9

   threshold for RMS(d[D]) in SCF was     :  0.10E-06
   integral neglect threshold             :  0.30E-11
   derivative integral neglect threshold  :  0.10E-06


 setting up bound for integral derivative estimation

 increment for numerical differentiation : 0.00050000
 
 Occupied orbital block size for RIRPA:                    17
 
 Number of passes for spin                     1 is                     1
 
 Number of eigenvalues < 6e-3:                      0
 
 
            -----------------------------
            Complex frequency integration
            -----------------------------
 
 Number of Clenshaw-Curtis nodes:                    100
 Optimized scaling parameter    :    1.68502478849482     
 Sensitivity measure            :  -5.454760133860592E-008
 
 Done with rirpa frequency point #                     1
 Done with rirpa frequency point #                     2
 Done with rirpa frequency point #                     3
 Done with rirpa frequency point #                     4
 Done with rirpa frequency point #                     5
 Done with rirpa frequency point #                     6
 Done with rirpa frequency point #                     7
 Done with rirpa frequency point #                     8
 Done with rirpa frequency point #                     9
 Done with rirpa frequency point #                    10
 Done with rirpa frequency point #                    11
 Done with rirpa frequency point #                    12
 Done with rirpa frequency point #                    13
 Done with rirpa frequency point #                    14
 Done with rirpa frequency point #                    15
 Done with rirpa frequency point #                    16
 Done with rirpa frequency point #                    17
 Done with rirpa frequency point #                    18
 Done with rirpa frequency point #                    19
 Done with rirpa frequency point #                    20
 Done with rirpa frequency point #                    21
 Done with rirpa frequency point #                    22
 Done with rirpa frequency point #                    23
 Done with rirpa frequency point #                    24
 Done with rirpa frequency point #                    25
 Done with rirpa frequency point #                    26
 Done with rirpa frequency point #                    27
 Done with rirpa frequency point #                    28
 Done with rirpa frequency point #                    29
 Done with rirpa frequency point #                    30
 Done with rirpa frequency point #                    31
 Done with rirpa frequency point #                    32
 Done with rirpa frequency point #                    33
 Done with rirpa frequency point #                    34
 Done with rirpa frequency point #                    35
 Done with rirpa frequency point #                    36
 Done with rirpa frequency point #                    37
 Done with rirpa frequency point #                    38
 Done with rirpa frequency point #                    39
 Done with rirpa frequency point #                    40
 Done with rirpa frequency point #                    41
 Done with rirpa frequency point #                    42
 Done with rirpa frequency point #                    43
 Done with rirpa frequency point #                    44
 Done with rirpa frequency point #                    45
 Done with rirpa frequency point #                    46
 Done with rirpa frequency point #                    47
 Done with rirpa frequency point #                    48
 Done with rirpa frequency point #                    49
 Done with rirpa frequency point #                    50
 Done with rirpa frequency point #                    51
 Done with rirpa frequency point #                    52
 Done with rirpa frequency point #                    53
 Done with rirpa frequency point #                    54
 Done with rirpa frequency point #                    55
 Done with rirpa frequency point #                    56
 Done with rirpa frequency point #                    57
 Done with rirpa frequency point #                    58
 Done with rirpa frequency point #                    59
 Done with rirpa frequency point #                    60
 Done with rirpa frequency point #                    61
 Done with rirpa frequency point #                    62
 Done with rirpa frequency point #                    63
 Done with rirpa frequency point #                    64
 Done with rirpa frequency point #                    65
 Done with rirpa frequency point #                    66
 Done with rirpa frequency point #                    67
 Done with rirpa frequency point #                    68
 Done with rirpa frequency point #                    69
 Done with rirpa frequency point #                    70
 Done with rirpa frequency point #                    71
 Done with rirpa frequency point #                    72
 Done with rirpa frequency point #                    73
 Done with rirpa frequency point #                    74
 Done with rirpa frequency point #                    75
 Done with rirpa frequency point #                    76
 Done with rirpa frequency point #                    77
 Done with rirpa frequency point #                    78
 Done with rirpa frequency point #                    79
 Done with rirpa frequency point #                    80
 Done with rirpa frequency point #                    81
 Done with rirpa frequency point #                    82
 Done with rirpa frequency point #                    83
 Done with rirpa frequency point #                    84
 Done with rirpa frequency point #                    85
 Done with rirpa frequency point #                    86
 Done with rirpa frequency point #                    87
 Done with rirpa frequency point #                    88
 Done with rirpa frequency point #                    89
 Done with rirpa frequency point #                    90
 Done with rirpa frequency point #                    91
 Done with rirpa frequency point #                    92
 Done with rirpa frequency point #                    93
 Done with rirpa frequency point #                    94
 Done with rirpa frequency point #                    95
 Done with rirpa frequency point #                    96
 Done with rirpa frequency point #                    97
 Done with rirpa frequency point #                    98
 Done with rirpa frequency point #                    99
 Done with rirpa frequency point #                   100
 


 RI-RPA correlation energy: -0.8426179411754151E+00
 Allocatable memory for RI due to $ricore (MB):                  5000

 there are 1 real representations :   a   

 maximum number of shells which are related by symmetry :  1

  
           ------------------------
               RI-J - INFORMATION
           ------------------------
 Contributions to RI integral batches: 
  neglected integral batches:                   618
  direct contribution:                            0
  memory contribution:                  3753

          ------------------------
          nuclear repulsion energy  :   124.388089733    
          ------------------------


         -----------------
         -S,T+V- integrals
         -----------------

 1e-integrals will be neglected if expon. factor < 0.295247E-11


          ----------------
          -ecp-  integrals
          ----------------

                  --------------------------------------------------- 
                 |  HXX+RIRPA total energy     =   -590.17060565948  |
                  ---------------------------------------------------- 
                 :  RIRPA correlation energy   =     -0.84261794118  :
                 :  HXX total energy           =   -589.32798771830  :
                 :  Hartree energy             =    604.53479117867  :
                 :  Exact Exchange energy      =    -41.99687643426  :
                  .................................................... 


    ------------------------------------------------------------------------
    Rirpa profiling                cpu                    wall         ratio
    ------------------------------------------------------------------------
    module                         sec     %               sec     %
    ------------------------------------------------------------------------
    RIRPA                       355.7  100.00           24.6  100.00  14.4
    STARTUP                       3.6    1.02            0.2    0.83  17.7
    riccmos                       1.2    0.33            0.2    0.66   7.2
    riccaux                       2.7    0.76            0.1    0.55  19.9
    riccbound                     6.7    1.89            3.2   13.06   2.1
    ccmkbaoi                      9.1    2.56            0.5    2.03  18.2
    cc3idxnrm                     0.9    0.24            0.0    0.17  20.0
    ecrpa                       263.2   73.98           13.2   53.41  20.0
    rpa3idxget                    0.4    0.11            0.0    0.08  20.0
    qbuild                      250.3   70.36           12.5   50.80  20.0
    rparenrm                      8.4    2.37            0.4    1.71  20.0
    ehxx                         68.1   19.16            7.2   29.21   9.5
    ------------------------------------------------------------------------
    sum                         970.3  272.77           62.2  252.53  15.6
    ------------------------------------------------------------------------


    ------------------------------------------------------------------------
         total  cpu-time :  5 minutes and 56 seconds
         total wall-time :  24.70 seconds
    ------------------------------------------------------------------------

   ****  rirpa : all done  ****


    2020-07-20 01:40:54.523 

