
 ridft (tigris) : TURBOMOLE rev. V7.4.1 (b987a8a8) compiled 15 Oct 2019 at 12:03:25
 Copyright (C) 2019 TURBOMOLE GmbH, Karlsruhe


    2020-08-31 11:19:52.431 



                                  r i d f t

                        DFT program with RI approximation 
                                for coulomb part 




                                                 
                                 References:     
                                                 
          TURBOMOLE:                             
              R. Ahlrichs, M. Baer, M. Haeser, H. Horn, and
              C. Koelmel
              Electronic structure calculations on workstation
              computers: the program system TURBOMOLE
              Chem. Phys. Lett. 162: 165 (1989)
          Density Functional:                              
              O. Treutler and R. Ahlrichs                      
              Efficient Molecular Numerical Integration Schemes
              J. Chem. Phys. 102: 346 (1995)                   
          Parallel Version:                                
              Performance of parallel TURBOMOLE for Density    
              Functional Calculations                          
              M. v. Arnim and R. Ahlrichs                      
              J. Comp. Chem. 19: 1746 (1998)                   
          RI-J Method:                                     
              Auxiliary Basis Sets to approximate Coulomb      
              Potentials                                       
              Chem. Phys. Lett. 240: 283 (1995)                
              K. Eichkorn, O. Treutler, H. Oehm, M. Haeser     
              and R. Ahlrichs                                  
              Chem. Phys. Lett. 242: 652 (1995)                
                                                           
              Auxiliary Basis Sets for Main Row Atoms and their
              Use to approximate Coulomb Potentials            
              K. Eichkorn, F. Weigend, O. Treutler and         
              R. Ahlrichs                                      
              Theo. Chem. Acc. 97: 119 (1997)                   
                                                           
              Accurate Coulomb-fitting basis sets for H to Rn 
              F. Weigend                                        
              Phys. Chem. Chem. Phys. 8: 1057 (2006)            
                                                           
          Multipole accelerated RI-J (MARI-J):             
              Fast evaluation of the Coulomb potential for     
              electron densities using multipole accelerated   
              resolution of identity approximation             
              M. Sierka, A. Hogekamp and R. Ahlrichs           
              J. Chem. Phys. 118: 9136 (2003)                  
          RI-JK Method:                                     
              A fully direct RI-HF algorithm: Implementation,
              optimised auxiliary basis sets, demonstration of
              accuracy and efficiency                         
              F. Weigend                                      
              Phys. Chem. Chem. Phys. 4: 4285 (2002)           
          Two-component HF and DFT with spin-orbit coupling:  
              Self-consistent treatment of spin-orbit         
              interactions with efficient Hartree-Fock and    
              density functional methods                      
              M. K. Armbruster, F. Weigend, C. van Wüllen and 
              W. Klopper                                      
              Phys. Chem. Chem. Phys. 10: 1748 (2008)         
          Two-component difference density and DIIS algorithm 
              Efficient two-component self-consistent field   
              procedures and gradients: implementation in     
              TURBOMOLE and application to Au20-              
              A. Baldes, F. Weigend                           
              Mol. Phys. 111: 2617 (2013)                     
          Relativistic all-electron 2c calculations           
              An efficient implementation of two-component    
              relativistic exact-decoupling methods for large 
              molecules                                       
              D. Peng, N. Middendorf, F. Weigend, M. Reiher   
              J. Chem. Phys. 138: 184105 (2013)               
          Finite nucleus model and SNSO approximation         
              Efficient implementation of one- and two-       
              component analytical energy gradients in exact  
              two-component theory                            
              Y. J. Franzke, N. Middendorf, F. Weigend        
              J. Chem. Phys. 148: 104110 (2018)               
                                         




              +--------------------------------------------------+
              |      general information about current run       |
              +--------------------------------------------------+

 

 DENSITY CONVERGENCE CHECK SWITCHED ON !
 SCF CONVERGENCE IF RMS(delta[D]) <     0.1000000000E-06

 PBE functional
 exchange:    LDA + PBE
 correlation: LDA (PW) + PBE
 A DFT calculation using the RI-J approximation will be carried out.
 Allocatable memory for RI due to $ricore (MB):                   500


              +--------------------------------------------------+
              | Atomic coordinate, charge and isotop information |
              +--------------------------------------------------+

                    atomic coordinates            atom    charge  isotop
         -0.18855525   -0.09299929   -0.09412689    c      6.000     0
         -1.53518235    1.45402691   -0.10169520    h      1.000     0
         -0.73061756   -1.46251230    1.33370845    h      1.000     0
          1.68289912    0.63053325    0.33111986    h      1.000     0
         -0.16974744   -0.99054160   -1.93859631    h      1.000     0
         -1.99375517   -5.80629287   -1.13705932    f      9.000     0
         -2.78092477   -8.29068845   -1.57863710    f      9.000     0
 
       center of nuclear mass  :   -1.73454823   -4.98351954   -0.98266250
       center of nuclear charge:   -1.60200354   -4.56426148   -0.90648187

              +--------------------------------------------------+
              |               basis set information              |
              +--------------------------------------------------+

              we will work with the 1s 3p 5d 7f 9g ... basis set
              ...i.e. with spherical basis functions...

   type   atoms  prim   cont   basis
   ---------------------------------------------------------------------------
    c        1     77     57   def2-QZVP   [7s4p3d2f1g|15s8p3d2f1g]
    h        4     33     30   def2-QZVP   [4s3p2d1f|7s3p2d1f]
    f        2     77     57   def2-QZVP   [7s4p3d2f1g|15s8p3d2f1g]
   ---------------------------------------------------------------------------
   total:    7    363    291
   ---------------------------------------------------------------------------

   total number of primitive shells          :   71
   total number of contracted shells         :   91
   total number of cartesian basis functions :  356
   total number of SCF-basis functions       :  291


 integral neglect threshold       :  0.94E-11
 integral storage threshold THIZE :  0.10E-04
 integral storage threshold THIME :         5

 RI-J AUXILIARY BASIS SET information:

              we will work with the 1s 3p 5d 7f 9g ... basis set
              ...i.e. with spherical basis functions...

   type   atoms  prim   cont   basis
   ---------------------------------------------------------------------------
    c        1     70     49   def2-QZVP   [6s4p3d1f1g|12s5p4d2f1g]
    h        4     16     11   def2-QZVP   [3s1p1d|5s2p1d]
    f        2     70     49   def2-QZVP   [6s4p3d1f1g|12s5p4d2f1g]
   ---------------------------------------------------------------------------
   total:    7    274    191
   ---------------------------------------------------------------------------

   total number of primitive shells          :   56
   total number of contracted shells         :   65
   total number of cartesian basis functions :  231
   total number of SCF-basis functions       :  191


 symmetry group of the molecule :   c1 

 the group has the following generators :
   c1(z)

    1 symmetry operations found

 there are 1 real representations :   a   

 maximum number of shells which are related by symmetry :  1


    mo occupation :
   irrep   mo's   occupied
    a      291       14
 
 number of basis functions   :                    291
 number of occupied orbitals :                     14
 
  
           ------------------
           density functional
           ------------------
 PBE functional
 exchange:    LDA + PBE
 correlation: LDA (PW) + PBE

 spherical integration : Lebedev's spherical grid
 spherical gridsize    :                     5
    i.e. gridpoints    :                   590
 value for diffuse not defined
 radial integration    : Chebyshev 2nd kind (scaling 3)
 radial gridsize       :                     8
 integration cells     :                     7
 partition function    : becke
 partition sharpness   :                     3
  

 biggest AO integral is expected to be     7.609020457
  
           ------------------------
               RI-J - INFORMATION
           ------------------------
 Contributions to RI integral batches: 
  neglected integral batches:                   862
  direct contribution:                            0
  memory contribution:                  3324
 Memory core needed for (P|Q) and Cholesky      1 MByte
 Memory core minimum needed except of (P|Q)     1 MByte
 Total minimum memory core needed (sum)         1 MByte
  
 ****************************************
 Memory allocated for RI-J    86 MByte
 ****************************************
                                            

          ------------------------
          nuclear repulsion energy  :   69.2127682712    
          ------------------------

      -----------------------------------------------------------      
     |                   =====================                   |     
     |                        D F T - D 4                        |     
     |                   =====================                   |     
     |                         S. Grimme                         |     
     |          Mulliken Center for Theoretical Chemistry        |     
     |                    University of Bonn                     |     
      -----------------------------------------------------------      

           -------------------------------------------------
          |                Calculation Setup                |
           -------------------------------------------------
   charge               :      0
   non-additivity corr. : ATM
   charge model         : EEQ
   damping parameters
   s6                   :     1.0000
   s8                   :     0.9595
   a1                   :     0.3857
   a2                   :     4.8069

        q(ref)        CN(ref)   cov. CN(ref)  alpha(AIM,ref)
     0.0000000      0.0000000      0.0000000     12.3555336
    -0.1712371      0.9867893      0.9189476     12.8040100
    -0.1421000      1.9984766      1.9078606      9.6347083
    -0.2225085      2.9987259      2.8312240      9.6866280
    -0.2565392      3.9843988      3.7487004      7.6947605
    -0.1044135      3.1417713      2.9183271      9.3751067
     0.2103031      0.9999501      0.8556099      7.7402501
        q(ref)        CN(ref)   cov. CN(ref)  alpha(AIM,ref)
     0.0000000      0.0000000      0.0000000      5.0540161
     0.0000000      0.9117922      0.8942243      2.7207580
        q(ref)        CN(ref)   cov. CN(ref)  alpha(AIM,ref)
     0.0000000      0.0000000      0.0000000      3.6338389
    -0.2477392      0.9982036      0.7407699      3.9524034
========================================================================
 Edisp  /kcal,au:    -0.8725  -0.0013904389
========================================================================
 nuclear repulsion energy                  =      69.212768271
 empirical dispersive energy correction    =      -0.001390439
 nuclear repulsion + dispersion correction =      69.211377832


         -----------------
         -S,T+V- integrals
         -----------------

 1e-integrals will be neglected if expon. factor < 0.938753E-12
 
   Difference densities algorithm switched on.
   The maximal number of linear combinations of
   difference densities is                    20 .

 DIIS switched on: error vector is FDS-SDF
 Max. Iterations for DIIS is     :   4
 DIIS matrix (see manual) 
    Scaling factor of diagonals  :  1.200
    threshold for scaling factor :  0.000

 scf convergence criterion : increment of total energy < .1000000D-06
                  and increment of one-electron energy < .1000000D-03

  MOs are in ASCII format !


 automatic virtual orbital shift switched on 
      shift if e(lumo)-e(homo) < 0.10000000    


 reading orbital data $scfmo  from file mos
 orbital characterization : scfconv=7

 DSCF restart information will be dumped onto file mos


 Starting SCF iterations

          Overall gridpoints after grid construction =        110579

 ITERATION  ENERGY          1e-ENERGY        2e-ENERGY     RMS[dD(SAO)]   TOL
   1  -239.90382520699    -469.22639031     160.11118727    0.000D+00 0.936D-11
                            Exc = -27.4083005396     Coul =  187.519487814    
                              N = 27.999999832    
                            current damping = 0.300
 
          max. resid. norm for Fia-block=  1.101D-05 for orbital      7a         
          max. resid. fock norm         =  2.157D-05 for orbital    290a         

 ITERATION  ENERGY          1e-ENERGY        2e-ENERGY     RMS[dD(SAO)]   TOL
   2  -239.90382520611    -469.22631867     160.11111563    0.137D-06 0.594D-11
                            Exc = -27.4082884820     Coul =  187.519404112    
                              N = 27.999999832    
                            current damping = 0.300
 
          Norm of current diis error: 0.16641E-03
          max. resid. norm for Fia-block=  6.011D-06 for orbital      7a         
          max. resid. fock norm         =  1.185D-05 for orbital    290a         

 ENERGY & DENSITY CONVERGED !


 ITERATION  ENERGY          1e-ENERGY        2e-ENERGY     RMS[dD(SAO)]   TOL
   3  -239.90382520711    -469.22631402     160.11111098    0.730D-07 0.571D-11
                            Exc = -27.4082895130     Coul =  187.519400490    
                              N = 27.999999832    
                            current damping = 0.150
 
          Norm of current diis error: 0.48399E-04
          max. resid. norm for Fia-block=  1.369D-06 for orbital      7a         
          max. resid. fock norm         =  2.635D-06 for orbital    290a         

 End of SCF iterations

   convergence criteria satisfied after     3 iterations


                  ------------------------------------------ 
                 |  total energy      =   -239.90382520711  |
                  ------------------------------------------ 
                 :  kinetic energy    =    239.16895618131  :
                 :  potential energy  =   -479.07278138842  :
                 :  virial theorem    =      1.99693681822  :
                 :  wavefunction norm =      1.00000000000  :
                  .......................................... 


 orbitals $scfmo  will be written to file mos

    irrep                 10a         11a         12a         13a         14a   
 eigenvalues H         -0.35173    -0.35069    -0.35048    -0.34174    -0.34117
            eV          -9.5711     -9.5429     -9.5371     -9.2994     -9.2838
 occupation              2.0000      2.0000      2.0000      2.0000      2.0000

    irrep                 15a         16a         17a         18a         19a   
 eigenvalues H         -0.20037     0.01348     0.08107     0.08328     0.08359
            eV          -5.4523      0.3668      2.2061      2.2663      2.2747
 
 
 
 
 ==============================================================================
                           electrostatic moments
 ==============================================================================

 reference point for electrostatic moments:    0.00000   0.00000   0.00000

 
              nuc           elec       ->  total
 ------------------------------------------------------------------------------
                          charge      
 ------------------------------------------------------------------------------
          28.000000     -28.000000       0.000000
 
 ------------------------------------------------------------------------------
                       dipole moment  
 ------------------------------------------------------------------------------
   x     -44.856099      44.871270       0.015171
   y    -127.799321     127.846728       0.047406
   z     -25.381492      25.390156       0.008663
 
   | dipole moment | =     0.0505 a.u. =     0.1284 debye 
 
 ------------------------------------------------------------------------------
                     quadrupole moment
 ------------------------------------------------------------------------------
  xx     111.342289    -124.867573     -13.525284
  yy     927.720741    -941.000175     -13.279434
  zz      39.775066     -53.312001     -13.536935
  xy     311.859785    -311.781302       0.078484
  xz      60.088292     -60.076233       0.012059
  yz     177.293922    -177.250409       0.043513
 
     1/3  trace=     -13.447218
     anisotropy=       0.296711
 
 ==============================================================================
 
HOMO-LUMO Separation
 HOMO         :   -0.34117183 H =     -9.28376 eV
 LUMO         :   -0.20036803 H =     -5.45229 eV
 HOMO-LUMO gap:    0.14080380 H =     +3.83147 eV
 
 ==============================================================================


    ------------------------------------------------------------------------
         total  cpu-time :   4.54 seconds
         total wall-time :   4.54 seconds
    ------------------------------------------------------------------------

   ****  ridft : all done  ****


    2020-08-31 11:19:56.960 

 ridft ended normally
