           SMPCPUS    set: Shared-memory Parallelization with  20 CPUs.

           SMP Parallelization Reference:
           C. van Wullen, J. Comput. Chem. 32 (2011) 1195--1201

 ridft (c-15-19) : TURBOMOLE rev. V7.5.0 compiled 13 Jun 2020 at 23:29:25
 Copyright (C) 2020 TURBOMOLE GmbH, Karlsruhe


    2020-07-21 10:04:45.318 



                                  r i d f t

                        DFT program with RI approximation 
                                for coulomb part 




                                                 
                                 References:     
                                                 
          TURBOMOLE:                             
              R. Ahlrichs, M. Baer, M. Haeser, H. Horn, and
              C. Koelmel
              Electronic structure calculations on workstation
              computers: the program system TURBOMOLE
              Chem. Phys. Lett. 162: 165 (1989)
          Density Functional:                              
              O. Treutler and R. Ahlrichs                      
              Efficient Molecular Numerical Integration Schemes
              J. Chem. Phys. 102: 346 (1995)                   
          Parallel Version:                                
              Performance of parallel TURBOMOLE for Density    
              Functional Calculations                          
              M. v. Arnim and R. Ahlrichs                      
              J. Comp. Chem. 19: 1746 (1998)                   
          RI-J Method:                                     
              Auxiliary Basis Sets to approximate Coulomb      
              Potentials                                       
              Chem. Phys. Lett. 240: 283 (1995)                
              K. Eichkorn, O. Treutler, H. Oehm, M. Haeser     
              and R. Ahlrichs                                  
              Chem. Phys. Lett. 242: 652 (1995)                
                                                           
              Auxiliary Basis Sets for Main Row Atoms and their
              Use to approximate Coulomb Potentials            
              K. Eichkorn, F. Weigend, O. Treutler and         
              R. Ahlrichs                                      
              Theo. Chem. Acc. 97: 119 (1997)                   
                                                           
              Accurate Coulomb-fitting basis sets for H to Rn 
              F. Weigend                                        
              Phys. Chem. Chem. Phys. 8: 1057 (2006)            
                                                           
          Multipole accelerated RI-J (MARI-J):             
              Fast evaluation of the Coulomb potential for     
              electron densities using multipole accelerated   
              resolution of identity approximation             
              M. Sierka, A. Hogekamp and R. Ahlrichs           
              J. Chem. Phys. 118: 9136 (2003)                  
          RI-JK Method:                                     
              A fully direct RI-HF algorithm: Implementation,
              optimised auxiliary basis sets, demonstration of
              accuracy and efficiency                         
              F. Weigend                                      
              Phys. Chem. Chem. Phys. 4: 4285 (2002)           
          Two-component HF and DFT with spin-orbit coupling:  
              Self-consistent treatment of spin-orbit         
              interactions with efficient Hartree-Fock and    
              density functional methods                      
              M. K. Armbruster, F. Weigend, C. van Wüllen and 
              W. Klopper                                      
              Phys. Chem. Chem. Phys. 10: 1748 (2008)         
          Two-component difference density and DIIS algorithm 
              Efficient two-component self-consistent field   
              procedures and gradients: implementation in     
              TURBOMOLE and application to Au20-              
              A. Baldes, F. Weigend                           
              Mol. Phys. 111: 2617 (2013)                     
          Relativistic all-electron 2c calculations           
              An efficient implementation of two-component    
              relativistic exact-decoupling methods for large 
              molecules                                       
              D. Peng, N. Middendorf, F. Weigend, M. Reiher   
              J. Chem. Phys. 138: 184105 (2013)               
          Finite nucleus model and SNSO approximation         
              Efficient implementation of one- and two-       
              component analytical energy gradients in exact  
              two-component theory                            
              Y. J. Franzke, N. Middendorf, F. Weigend        
              J. Chem. Phys. 148: 104110 (2018)               
          Grids for all-electron relativistic methods         
              Error-consistent segmented contracted all-      
              electron relativistic basis sets of double-     
              and triple-zeta quality for NMR shielding       
              constants                                       
              Y. J. Franzke, R. Tress, T. M. Pazdera,         
              F. Weigend                                      
              Phys. Chem. Chem. Phys. 21: 166658 (2019)       
          Seminumerical exchange algorithms                   
              Seminumerical calculation of the Hartree-Fock   
              exchange matirx: Application to two-component   
              procedures and efficient evaluation of local    
              hybrid functionsl                               
              P. Plessow, F. Weigend,                         
              J. Comput. Chem. 33: 810 (2012)                 
          Improved seminumerical algorithms                   
              C. Holzer, in preparation (2020)                
                                         




              +--------------------------------------------------+
              |      general information about current run       |
              +--------------------------------------------------+

 

 DENSITY CONVERGENCE CHECK SWITCHED ON !
 SCF CONVERGENCE IF RMS(delta[D]) <     0.1000000000E-06

 PBE functional
 exchange:    LDA + PBE
 correlation: LDA (PW) + PBE
 A DFT calculation using the RI-J approximation will be carried out.
 Allocatable memory for RI due to $ricore (MB):                  5000


              +--------------------------------------------------+
              | Atomic coordinate, charge and isotop information |
              +--------------------------------------------------+

                    atomic coordinates            atom    charge  isotop
         -0.42313425    0.00398543    0.24075867    c      0.000     0
         -0.43379419    0.00239050    2.87346465    c      0.000     0
          1.82560017   -0.00396842    4.22491552    c      0.000     0
          4.11283208   -0.00876077    2.92130495    c      0.000     0
          4.14623866   -0.00721497    0.28841567    c      0.000     0
          1.87494658   -0.00084849   -1.04364661    c      0.000     0
         -3.53234601    0.00882313    4.62262161    br     0.000     0
          1.78869004   -0.00516651    6.26680807    h      0.000     0
          5.86714611   -0.01369674    3.96994422    h      0.000     0
          5.92516637   -0.01093962   -0.71565062    h      0.000     0
          1.88383019    0.00038739   -3.08746668    h      0.000     0
         -2.19024739    0.00891006   -0.78291921    h      0.000     0
         -8.39765421    0.00612521    7.40314412    n      7.000     0
         -9.95822785   -2.03236961    6.44287034    c      6.000     0
         -7.84434429   -0.38440181   10.05908239    c      6.000     0
         -9.64257556    2.41965509    7.03146712    c      6.000     0
         -9.56610212   -0.41706195   11.22861122    h      1.000     0
         -6.85886723   -2.17382884   10.30501513    h      1.000     0
         -6.62520071    1.12613377   10.74153053    h      1.000     0
        -11.45939227    2.53546695    8.04101740    h      1.000     0
         -8.42736638    3.93671778    7.70615793    h      1.000     0
         -9.99496979    2.71539912    5.02599904    h      1.000     0
        -11.79170062   -2.15228785    7.42133463    h      1.000     0
        -10.31162175   -1.74737623    4.43599819    h      1.000     0
         -8.97760361   -3.82561577    6.67971728    h      1.000     0
 
       center of nuclear mass  :   -3.08837609    0.00291113    4.38521595
       center of nuclear charge:   -9.04315559    0.00169781    7.78258557

              +--------------------------------------------------+
              |               basis set information              |
              +--------------------------------------------------+

              we will work with the 1s 3p 5d 7f 9g ... basis set
              ...i.e. with spherical basis functions...

   type   atoms  prim   cont   basis
   ---------------------------------------------------------------------------
    c        9    118     91   cc-pV5Z   [6s5p4d3f2g1h|24s8p4d3f2g1h]
    br       1    336    104   cc-pV5Z   [8s7p5d3f2g1h|92s43p13d3f2g1h]
    h       14     58     55   cc-pV5Z   [5s4p3d2f1g|8s4p3d2f1g]
    n        1    118     91   cc-pV5Z   [6s5p4d3f2g1h|24s8p4d3f2g1h]
   ---------------------------------------------------------------------------
   total:   25   2328   1784
   ---------------------------------------------------------------------------

   total number of primitive shells          :  256
   total number of contracted shells         :  446
   total number of cartesian basis functions : 2380
   total number of SCF-basis functions       : 1784


 integral neglect threshold       :  0.14E-11
 integral storage threshold THIZE :  0.10E-04
 integral storage threshold THIME :         5

 RI-J AUXILIARY BASIS SET information:

              we will work with the 1s 3p 5d 7f 9g ... basis set
              ...i.e. with spherical basis functions...

   type   atoms  prim   cont   basis
   ---------------------------------------------------------------------------
    c        9     70     49   cc-pV5Z   [6s4p3d1f1g|12s5p4d2f1g]
    br       1     89     58   universal   [8s4p3d2f1g|19s5p5d3f1g]
    h       14     16     11   cc-pV5Z   [3s1p1d|5s2p1d]
    n        1     70     49   cc-pV5Z   [6s4p3d1f1g|12s5p4d2f1g]
   ---------------------------------------------------------------------------
   total:   25   1013    702
   ---------------------------------------------------------------------------

   total number of primitive shells          :   89
   total number of contracted shells         :  238
   total number of cartesian basis functions :  851
   total number of SCF-basis functions       :  702


 symmetry group of the molecule :   c1 

 the group has the following generators :
   c1(z)

    1 symmetry operations found

 there are 1 real representations :   a   

 maximum number of shells which are related by symmetry :  1

  
           ------------------
           density functional
           ------------------
 Dummy atoms with grid-point found.
 DFT quadrature threshold dgrenze tightened by factor 1/10.

 PBE functional
 exchange:    LDA + PBE
 correlation: LDA (PW) + PBE
 Dummy atoms with grid-point found.
 DFT quadrature threshold dgrenze tightened by factor 1/10.

 Dummy atoms with grid-point found.
 DFT quadrature threshold dgrenze tightened by factor 1/10.


 spherical integration : Lebedev's spherical grid
 spherical gridsize    :                     5
    i.e. gridpoints    :                   590
 value for diffuse not defined
 radial integration    : Chebyshev 2nd kind (scaling 3)
 radial gridsize       :                     8
 integration cells     :                    25
 partition function    : becke
 partition sharpness   :                     3
  
 found dummy atom(s) with basis: included in dft

 biggest AO integral is expected to be    21.504685501

          ------------------------
          nuclear repulsion energy  :   139.231712737    
          ------------------------


         -----------------
         -S,T+V- integrals
         -----------------

 1e-integrals will be neglected if expon. factor < 0.140419E-12
 
   Difference densities algorithm switched on.
   The maximal number of linear combinations of
   difference densities is                    20 .

 DIIS switched on: error vector is FDS-SDF
 Max. Iterations for DIIS is     :   4
 DIIS matrix (see manual) 
    Scaling factor of diagonals  :  1.200
    threshold for scaling factor :  0.000

 scf convergence criterion : increment of total energy < .1000000D-06
                  and increment of one-electron energy < .1000000D-03

 MOs are in ASCII format !


    mo occupation :
   irrep   mo's   occupied
    a     1784       17
 
 number of basis functions   :  1784
 number of occupied orbitals :    17
 

 reading orbital data $scfmo  from file mos
 orbital characterization : expanded
 virtual MOs provided and orthogonalized by Cholesky decomposition

 automatic virtual orbital shift switched on 
      shift if e(lumo)-e(homo) < 0.10000000    

  
           ------------------------
               RI-J - INFORMATION
           ------------------------
 Contributions to RI integral batches: 
  neglected integral batches:                 42088
  direct contribution:                        25293
  memory contribution:                 32300
 Memory core needed for (P|Q) and Cholesky      4 MByte
 Memory core minimum needed except of (P|Q)     6 MByte
 Total minimum memory core needed (sum)         9 MByte
  
 ****************************************
 Memory allocated for RI-J  4047 MByte
 ****************************************
                                            

 DSCF restart information will be dumped onto file mos


 Starting SCF iterations

          Overall gridpoints after grid construction =        388929

 ITERATION  ENERGY          1e-ENERGY        2e-ENERGY     RMS[dD(SAO)]   TOL
   1  -173.61886725252    -503.90307904     191.05249905    0.000D+00 0.140D-11
                            Exc = -25.6081098740     Coul =  216.660608927    
                              N = 34.000017875    
                            current damping = 0.300
 
          max. resid. norm for Fia-block=  3.095D-01 for orbital      1a         
          max. resid. fock norm         =  5.869D+01 for orbital    990a         

 ITERATION  ENERGY          1e-ENERGY        2e-ENERGY     RMS[dD(SAO)]   TOL
   2  -174.23682441286    -509.71520290     196.24666575    0.223D-02 0.120D-11
                            Exc = -26.2887663262     Coul =  222.535432075    
                              N = 34.000012467    
                            current damping = 0.250
 
          Norm of current diis error:  2.1906    
          max. resid. norm for Fia-block=  8.801D-02 for orbital      5a         
          max. resid. fock norm         =  1.995D-01 for orbital   1771a         

 ITERATION  ENERGY          1e-ENERGY        2e-ENERGY     RMS[dD(SAO)]   TOL
   3  -174.29294380604    -509.17907790     195.65442135    0.739D-03 0.780D-12
                            Exc = -26.3058101881     Coul =  221.960231540    
                              N = 34.000011369    
                            current damping = 0.200
 
          Norm of current diis error: 0.99205    
          max. resid. norm for Fia-block=  3.944D-02 for orbital     17a         
          max. resid. fock norm         =  4.168D-02 for orbital     17a         

 ITERATION  ENERGY          1e-ENERGY        2e-ENERGY     RMS[dD(SAO)]   TOL
   4  -174.30522657201    -508.89322479     195.35628548    0.371D-03 0.657D-12
                            Exc = -26.2936323394     Coul =  221.649917824    
                              N = 34.000010711    
                            current damping = 0.100
 
          Norm of current diis error: 0.48936    
          max. resid. norm for Fia-block=  1.296D-02 for orbital     17a         
          max. resid. fock norm         =  2.419D-02 for orbital   1689a         

 ITERATION  ENERGY          1e-ENERGY        2e-ENERGY     RMS[dD(SAO)]   TOL
   5  -174.30716047025    -509.86995055     196.33107734    0.731D-04 0.633D-12
                            Exc = -26.3693731557     Coul =  222.700450497    
                              N = 34.000010596    
                            current damping = 0.150
 
          Norm of current diis error: 0.27777    
          max. resid. norm for Fia-block=  5.174D-03 for orbital     17a         
          max. resid. fock norm         =  8.113D-03 for orbital   1625a         
          mo-orthogonalization: Cholesky decomposition

 ITERATION  ENERGY          1e-ENERGY        2e-ENERGY     RMS[dD(SAO)]   TOL
   6  -174.30816760290    -509.36980146     195.82992112    0.634D-04 0.610D-12
                            Exc = -26.3316886547     Coul =  222.161609779    
                              N = 34.000010595    
                            current damping = 0.200
 
          Norm of current diis error: 0.25774E-01
          max. resid. norm for Fia-block=  4.883D-04 for orbital     17a         
          max. resid. fock norm         =  6.932D-04 for orbital    876a         

 ITERATION  ENERGY          1e-ENERGY        2e-ENERGY     RMS[dD(SAO)]   TOL
   7  -174.30817670100    -509.41537131     195.87548187    0.417D-05 0.592D-12
                            Exc = -26.3352073615     Coul =  222.210689231    
                              N = 34.000010590    
                            current damping = 0.250
 
          Norm of current diis error: 0.20873E-02
          max. resid. norm for Fia-block=  5.973D-05 for orbital     12a         
          max. resid. fock norm         =  1.538D-04 for orbital   1119a         

 ITERATION  ENERGY          1e-ENERGY        2e-ENERGY     RMS[dD(SAO)]   TOL
   8  -174.30817675395    -509.41376224     195.87387274    0.905D-06 0.577D-12
                            Exc = -26.3351291716     Coul =  222.209001916    
                              N = 34.000010588    
                            current damping = 0.300
 
          Norm of current diis error: 0.78920E-03
          max. resid. norm for Fia-block=  1.850D-05 for orbital     12a         
          max. resid. fock norm         =  3.533D-05 for orbital   1119a         

 ITERATION  ENERGY          1e-ENERGY        2e-ENERGY     RMS[dD(SAO)]   TOL
   9  -174.30817676193    -509.41320529     195.87331580    0.185D-06 0.566D-12
                            Exc = -26.3350759094     Coul =  222.208391704    
                              N = 34.000010588    
                            current damping = 0.150
 
          Norm of current diis error: 0.12068E-03
          max. resid. norm for Fia-block=  5.656D-06 for orbital     17a         
          max. resid. fock norm         =  1.054D-05 for orbital    914a         

 ENERGY & DENSITY CONVERGED !


 ITERATION  ENERGY          1e-ENERGY        2e-ENERGY     RMS[dD(SAO)]   TOL
  10  -174.30817676193    -509.41320010     195.87331060    0.555D-07 0.553D-12
                            Exc = -26.3350754495     Coul =  222.208386052    
                              N = 34.000010588    
                            current damping = 0.100
 
          Norm of current diis error: 0.12064E-03
          max. resid. norm for Fia-block=  2.298D-06 for orbital     17a         
          max. resid. fock norm         =  3.539D-06 for orbital   1689a         

 End of SCF iterations

   convergence criteria satisfied after    10 iterations


                  ------------------------------------------ 
                 |  total energy      =   -174.30817676193  |
                  ------------------------------------------ 
                 :  kinetic energy    =    173.57553625238  :
                 :  potential energy  =   -347.88371301431  :
                 :  virial theorem    =      1.99579686666  :
                 :  wavefunction norm =      1.00000000000  :
                  .......................................... 


 <geterg> : there is no data group $energy 


 <skperg> : $end is missing 


 orbitals $scfmo  will be written to file mos

    irrep                 13a         14a         15a         16a         17a   
 eigenvalues H         -0.34924    -0.32402    -0.31838    -0.31833    -0.18105
            eV          -9.5033     -8.8170     -8.6636     -8.6624     -4.9266
 occupation              2.0000      2.0000      2.0000      2.0000      2.0000

    irrep                 18a         19a         20a         21a         22a   
 eigenvalues H         -0.00700     0.02880     0.03006     0.03037     0.04819
            eV          -0.1905      0.7837      0.8181      0.8265      1.3114
 
 
 
 
 ==============================================================================
                           electrostatic moments
 ==============================================================================

 reference point for electrostatic moments:    0.00000   0.00000   0.00000

 
              nuc           elec       ->  total
 ------------------------------------------------------------------------------
                          charge      
 ------------------------------------------------------------------------------
          34.000000     -34.000000      -0.000000
 
 ------------------------------------------------------------------------------
                       dipole moment  
 ------------------------------------------------------------------------------
   x    -307.467290     307.301681      -0.165609
   y       0.057725      -0.058790      -0.001064
   z     264.607909    -264.510711       0.097198
 
   | dipole moment | =     0.1920 a.u. =     0.4881 debye 
 
 ------------------------------------------------------------------------------
                     quadrupole moment
 ------------------------------------------------------------------------------
  xx    2826.376353   -2845.297739     -18.921386
  yy     118.586777    -138.471077     -19.884300
  zz    2152.801213   -2171.875703     -19.074490
  xy      -1.015554       1.011018      -0.004536
  xz   -2350.193298    2349.219004      -0.974294
  yz       0.739725      -0.739672       0.000053
 
     1/3  trace=     -19.293392
     anisotropy=       1.910765
 
 ==============================================================================
 
HOMO-LUMO Separation
 HOMO         :   -0.18104679 H =     -4.92654 eV
 LUMO         :   -0.00700082 H =     -0.19050 eV
 HOMO-LUMO gap:    0.17404597 H =     +4.73603 eV
 
 ==============================================================================


    ------------------------------------------------------------------------
         total  cpu-time :  1 hours 25 minutes and  1 seconds
         total wall-time : 10 minutes and 12 seconds
    ------------------------------------------------------------------------

   ****  ridft : all done  ****


    2020-07-21 10:14:57.600 

