           SMPCPUS    set: Shared-memory Parallelization with  20 CPUs.

           SMP Parallelization Reference:
           C. van Wullen, J. Comput. Chem. 32 (2011) 1195--1201

 ridft (c-12-33) : TURBOMOLE rev. V7.5.0 compiled 13 Jun 2020 at 23:29:25
 Copyright (C) 2020 TURBOMOLE GmbH, Karlsruhe


    2020-07-20 01:36:54.779 



                                  r i d f t

                        DFT program with RI approximation 
                                for coulomb part 




                                                 
                                 References:     
                                                 
          TURBOMOLE:                             
              R. Ahlrichs, M. Baer, M. Haeser, H. Horn, and
              C. Koelmel
              Electronic structure calculations on workstation
              computers: the program system TURBOMOLE
              Chem. Phys. Lett. 162: 165 (1989)
          Density Functional:                              
              O. Treutler and R. Ahlrichs                      
              Efficient Molecular Numerical Integration Schemes
              J. Chem. Phys. 102: 346 (1995)                   
          Parallel Version:                                
              Performance of parallel TURBOMOLE for Density    
              Functional Calculations                          
              M. v. Arnim and R. Ahlrichs                      
              J. Comp. Chem. 19: 1746 (1998)                   
          RI-J Method:                                     
              Auxiliary Basis Sets to approximate Coulomb      
              Potentials                                       
              Chem. Phys. Lett. 240: 283 (1995)                
              K. Eichkorn, O. Treutler, H. Oehm, M. Haeser     
              and R. Ahlrichs                                  
              Chem. Phys. Lett. 242: 652 (1995)                
                                                           
              Auxiliary Basis Sets for Main Row Atoms and their
              Use to approximate Coulomb Potentials            
              K. Eichkorn, F. Weigend, O. Treutler and         
              R. Ahlrichs                                      
              Theo. Chem. Acc. 97: 119 (1997)                   
                                                           
              Accurate Coulomb-fitting basis sets for H to Rn 
              F. Weigend                                        
              Phys. Chem. Chem. Phys. 8: 1057 (2006)            
                                                           
          Multipole accelerated RI-J (MARI-J):             
              Fast evaluation of the Coulomb potential for     
              electron densities using multipole accelerated   
              resolution of identity approximation             
              M. Sierka, A. Hogekamp and R. Ahlrichs           
              J. Chem. Phys. 118: 9136 (2003)                  
          RI-JK Method:                                     
              A fully direct RI-HF algorithm: Implementation,
              optimised auxiliary basis sets, demonstration of
              accuracy and efficiency                         
              F. Weigend                                      
              Phys. Chem. Chem. Phys. 4: 4285 (2002)           
          Two-component HF and DFT with spin-orbit coupling:  
              Self-consistent treatment of spin-orbit         
              interactions with efficient Hartree-Fock and    
              density functional methods                      
              M. K. Armbruster, F. Weigend, C. van Wüllen and 
              W. Klopper                                      
              Phys. Chem. Chem. Phys. 10: 1748 (2008)         
          Two-component difference density and DIIS algorithm 
              Efficient two-component self-consistent field   
              procedures and gradients: implementation in     
              TURBOMOLE and application to Au20-              
              A. Baldes, F. Weigend                           
              Mol. Phys. 111: 2617 (2013)                     
          Relativistic all-electron 2c calculations           
              An efficient implementation of two-component    
              relativistic exact-decoupling methods for large 
              molecules                                       
              D. Peng, N. Middendorf, F. Weigend, M. Reiher   
              J. Chem. Phys. 138: 184105 (2013)               
          Finite nucleus model and SNSO approximation         
              Efficient implementation of one- and two-       
              component analytical energy gradients in exact  
              two-component theory                            
              Y. J. Franzke, N. Middendorf, F. Weigend        
              J. Chem. Phys. 148: 104110 (2018)               
          Grids for all-electron relativistic methods         
              Error-consistent segmented contracted all-      
              electron relativistic basis sets of double-     
              and triple-zeta quality for NMR shielding       
              constants                                       
              Y. J. Franzke, R. Tress, T. M. Pazdera,         
              F. Weigend                                      
              Phys. Chem. Chem. Phys. 21: 166658 (2019)       
          Seminumerical exchange algorithms                   
              Seminumerical calculation of the Hartree-Fock   
              exchange matirx: Application to two-component   
              procedures and efficient evaluation of local    
              hybrid functionsl                               
              P. Plessow, F. Weigend,                         
              J. Comput. Chem. 33: 810 (2012)                 
          Improved seminumerical algorithms                   
              C. Holzer, in preparation (2020)                
                                         




              +--------------------------------------------------+
              |      general information about current run       |
              +--------------------------------------------------+

 

 DENSITY CONVERGENCE CHECK SWITCHED ON !
 SCF CONVERGENCE IF RMS(delta[D]) <     0.1000000000E-06

 PBE functional
 exchange:    LDA + PBE
 correlation: LDA (PW) + PBE
 A DFT calculation using the RI-J approximation will be carried out.
 Allocatable memory for RI due to $ricore (MB):                  5000


              +--------------------------------------------------+
              | Atomic coordinate, charge and isotop information |
              +--------------------------------------------------+

                    atomic coordinates            atom    charge  isotop
         -0.05522347   -0.57510791   -0.08341062    c      0.000     0
         -1.91611238    0.26574274   -0.28419591    h      0.000     0
         -0.11563234   -2.05311752    1.33858940    h      0.000     0
          1.28180879    0.86862396    0.49611925    h      0.000     0
          0.54060718   -1.36918784   -1.87914934    h      0.000     0
         -4.13903954   -4.98261240   -1.85515007    cl    17.000     0
         -6.60027365   -7.64093173   -2.92198173    cl    17.000     0
 
       center of nuclear mass  :   -4.38895253   -5.25315108   -1.96318196
       center of nuclear charge:   -5.36965659   -6.31177207   -2.38856590

              +--------------------------------------------------+
              |               basis set information              |
              +--------------------------------------------------+

              we will work with the 1s 3p 5d 7f 9g ... basis set
              ...i.e. with spherical basis functions...

   type   atoms  prim   cont   basis
   ---------------------------------------------------------------------------
    c        1     77     55   cc-pVQZ   [5s4p3d2f1g|21s6p3d2f1g]
    h        4     32     30   cc-pVQZ   [4s3p2d1f|6s3p2d1f]
    cl       2    137     59   cc-pVQZ   [6s5p3d2f1g|42s19p3d2f1g]
   ---------------------------------------------------------------------------
   total:    7    479    293
   ---------------------------------------------------------------------------

   total number of primitive shells          :  112
   total number of contracted shells         :   89
   total number of cartesian basis functions :  358
   total number of SCF-basis functions       :  293


 integral neglect threshold       :  0.93E-11
 integral storage threshold THIZE :  0.10E-04
 integral storage threshold THIME :         5

 RI-J AUXILIARY BASIS SET information:

              we will work with the 1s 3p 5d 7f 9g ... basis set
              ...i.e. with spherical basis functions...

   type   atoms  prim   cont   basis
   ---------------------------------------------------------------------------
    c        1     70     49   cc-pVQZ   [6s4p3d1f1g|12s5p4d2f1g]
    h        4     16     11   cc-pVQZ   [3s1p1d|5s2p1d]
    cl       2     77     51   cc-pVQZ   [8s4p3d1f1g|14s5p5d2f1g]
   ---------------------------------------------------------------------------
   total:    7    288    195
   ---------------------------------------------------------------------------

   total number of primitive shells          :   59
   total number of contracted shells         :   69
   total number of cartesian basis functions :  235
   total number of SCF-basis functions       :  195


 symmetry group of the molecule :   c1 

 the group has the following generators :
   c1(z)

    1 symmetry operations found

 there are 1 real representations :   a   

 maximum number of shells which are related by symmetry :  1

  
           ------------------
           density functional
           ------------------
 Dummy atoms with grid-point found.
 DFT quadrature threshold dgrenze tightened by factor 1/10.

 PBE functional
 exchange:    LDA + PBE
 correlation: LDA (PW) + PBE
 Dummy atoms with grid-point found.
 DFT quadrature threshold dgrenze tightened by factor 1/10.

 Dummy atoms with grid-point found.
 DFT quadrature threshold dgrenze tightened by factor 1/10.


 spherical integration : Lebedev's spherical grid
 spherical gridsize    :                     5
    i.e. gridpoints    :                   590
 value for diffuse not defined
 radial integration    : Chebyshev 2nd kind (scaling 3)
 radial gridsize       :                     8
 integration cells     :                     7
 partition function    : becke
 partition sharpness   :                     3
  
 found dummy atom(s) with basis: included in dft

 biggest AO integral is expected to be    10.299525420

          ------------------------
          nuclear repulsion energy  :   76.5245086694    
          ------------------------


         -----------------
         -S,T+V- integrals
         -----------------

 1e-integrals will be neglected if expon. factor < 0.933509E-12
 
   Difference densities algorithm switched on.
   The maximal number of linear combinations of
   difference densities is                    20 .

 DIIS switched on: error vector is FDS-SDF
 Max. Iterations for DIIS is     :   4
 DIIS matrix (see manual) 
    Scaling factor of diagonals  :  1.200
    threshold for scaling factor :  0.000

 scf convergence criterion : increment of total energy < .1000000D-06
                  and increment of one-electron energy < .1000000D-03

 MOs are in ASCII format !


    mo occupation :
   irrep   mo's   occupied
    a      293       17
 
 number of basis functions   :   293
 number of occupied orbitals :    17
 

 reading orbital data $scfmo  from file mos
 orbital characterization : expanded
 virtual MOs provided and orthogonalized by Cholesky decomposition

 automatic virtual orbital shift switched on 
      shift if e(lumo)-e(homo) < 0.10000000    

  
           ------------------------
               RI-J - INFORMATION
           ------------------------
 Contributions to RI integral batches: 
  neglected integral batches:                   692
  direct contribution:                            0
  memory contribution:                  3313
 Memory core needed for (P|Q) and Cholesky      1 MByte
 Memory core minimum needed except of (P|Q)     1 MByte
 Total minimum memory core needed (sum)         1 MByte
  
 ****************************************
 Memory allocated for RI-J    95 MByte
 ****************************************
                                            

 DSCF restart information will be dumped onto file mos


 Starting SCF iterations

          Overall gridpoints after grid construction =        114746

 ITERATION  ENERGY          1e-ENERGY        2e-ENERGY     RMS[dD(SAO)]   TOL
   1  -919.91402905800    -1420.5913607     424.15282301    0.000D+00 0.931D-11
                            Exc = -56.0656785941     Coul =  480.218501605    
                              N = 33.999999909    
                            current damping = 0.300
 
          max. resid. norm for Fia-block=  2.506D-01 for orbital      1a         
          max. resid. fock norm         =  2.063D+01 for orbital    282a         

 ITERATION  ENERGY          1e-ENERGY        2e-ENERGY     RMS[dD(SAO)]   TOL
   2  -920.02796031770    -1423.1272007     426.57473169    0.383D-02 0.598D-11
                            Exc = -56.1014478321     Coul =  482.676179520    
                              N = 33.999999915    
                            current damping = 0.250
 
          Norm of current diis error: 0.33476    
          max. resid. norm for Fia-block=  4.843D-02 for orbital      1a         
          max. resid. fock norm         =  9.095D-02 for orbital     96a         

 ITERATION  ENERGY          1e-ENERGY        2e-ENERGY     RMS[dD(SAO)]   TOL
   3  -920.04066619599    -1422.0747275     425.50955260    0.139D-02 0.482D-11
                            Exc = -56.0262647353     Coul =  481.535817338    
                              N = 33.999999905    
                            current damping = 0.200
 
          Norm of current diis error: 0.12184    
          max. resid. norm for Fia-block=  1.265D-02 for orbital     12a         
          max. resid. fock norm         =  1.456D-02 for orbital     18a         

 ITERATION  ENERGY          1e-ENERGY        2e-ENERGY     RMS[dD(SAO)]   TOL
   4  -920.04208500980    -1422.4537660     425.88717232    0.420D-03 0.433D-11
                            Exc = -56.0466154463     Coul =  481.933787771    
                              N = 33.999999904    
                            current damping = 0.250
 
          Norm of current diis error: 0.32913E-01
          max. resid. norm for Fia-block=  2.817D-03 for orbital     16a         
          max. resid. fock norm         =  3.982D-03 for orbital    137a         

 ITERATION  ENERGY          1e-ENERGY        2e-ENERGY     RMS[dD(SAO)]   TOL
   5  -920.04216784147    -1422.3574997     425.79082316    0.842D-04 0.412D-11
                            Exc = -56.0406370606     Coul =  481.831460218    
                              N = 33.999999903    
                            current damping = 0.300
 
          Norm of current diis error: 0.28602E-02
          max. resid. norm for Fia-block=  3.807D-04 for orbital     16a         
          max. resid. fock norm         =  6.421D-04 for orbital     21a         
          mo-orthogonalization: Cholesky decomposition

 ITERATION  ENERGY          1e-ENERGY        2e-ENERGY     RMS[dD(SAO)]   TOL
   6  -920.04216925821    -1422.3473801     425.78070215    0.158D-04 0.394D-11
                            Exc = -56.0398146385     Coul =  481.820516785    
                              N = 33.999999903    
                            current damping = 0.150
 
          Norm of current diis error: 0.69061E-03
          max. resid. norm for Fia-block=  9.684D-05 for orbital     13a         
          max. resid. fock norm         =  1.713D-04 for orbital     31a         

 ITERATION  ENERGY          1e-ENERGY        2e-ENERGY     RMS[dD(SAO)]   TOL
   7  -920.04216932507    -1422.3497721     425.78309415    0.393D-05 0.386D-11
                            Exc = -56.0399925814     Coul =  481.823086735    
                              N = 33.999999903    
                            current damping = 0.200
 
          Norm of current diis error: 0.29606E-03
          max. resid. norm for Fia-block=  3.705D-05 for orbital     13a         
          max. resid. fock norm         =  6.771D-05 for orbital      5a         

 ITERATION  ENERGY          1e-ENERGY        2e-ENERGY     RMS[dD(SAO)]   TOL
   8  -920.04216933081    -1422.3484946     425.78181664    0.118D-05 0.382D-11
                            Exc = -56.0398933525     Coul =  481.821709995    
                              N = 33.999999903    
                            current damping = 0.250
 
          Norm of current diis error: 0.24818E-03
          max. resid. norm for Fia-block=  1.840D-05 for orbital     13a         
          max. resid. fock norm         =  3.215D-05 for orbital      5a         

 ITERATION  ENERGY          1e-ENERGY        2e-ENERGY     RMS[dD(SAO)]   TOL
   9  -920.04216933722    -1422.3479774     425.78129941    0.437D-06 0.378D-11
                            Exc = -56.0398566468     Coul =  481.821156055    
                              N = 33.999999903    
                            current damping = 0.100
 
          Norm of current diis error: 0.36492E-04
          max. resid. norm for Fia-block=  3.823D-06 for orbital     12a         
          max. resid. fock norm         =  4.697D-06 for orbital     18a         

 ITERATION  ENERGY          1e-ENERGY        2e-ENERGY     RMS[dD(SAO)]   TOL
  10  -920.04216933739    -1422.3483629     425.78168494    0.126D-06 0.375D-11
                            Exc = -56.0398826143     Coul =  481.821567553    
                              N = 33.999999903    
                            current damping = 0.150
 
          Norm of current diis error: 0.23146E-04
          max. resid. norm for Fia-block=  1.125D-06 for orbital     12a         
          max. resid. fock norm         =  1.626D-06 for orbital     13a         
          mo-orthogonalization: Cholesky decomposition

 ENERGY & DENSITY CONVERGED !


 ITERATION  ENERGY          1e-ENERGY        2e-ENERGY     RMS[dD(SAO)]   TOL
  11  -920.04216933741    -1422.3483270     425.78164895    0.234D-07 0.371D-11
                            Exc = -56.0398816756     Coul =  481.821530623    
                              N = 33.999999903    
                            current damping = 0.200
 
          Norm of current diis error: 0.45875E-05
          max. resid. norm for Fia-block=  5.064D-07 for orbital     12a         
          max. resid. fock norm         =  6.904D-07 for orbital    107a         

 End of SCF iterations

   convergence criteria satisfied after    11 iterations


                  ------------------------------------------ 
                 |  total energy      =   -920.04216933741  |
                  ------------------------------------------ 
                 :  kinetic energy    =    917.59545009222  :
                 :  potential energy  =  -1837.63761942962  :
                 :  virial theorem    =      1.99734064445  :
                 :  wavefunction norm =      1.00000000000  :
                  .......................................... 


 <geterg> : there is no data group $energy 


 <skperg> : $end is missing 


 orbitals $scfmo  will be written to file mos

    irrep                 13a         14a         15a         16a         17a   
 eigenvalues H         -0.43944    -0.36567    -0.36567    -0.26849    -0.26849
            eV         -11.9579     -9.9506     -9.9506     -7.3060     -7.3060
 occupation              2.0000      2.0000      2.0000      2.0000      2.0000

    irrep                 18a         19a         20a         21a         22a   
 eigenvalues H         -0.15726     0.04163     0.11818     0.11820     0.13632
            eV          -4.2792      1.1329      3.2159      3.2163      3.7096
 
 
 
 
 ==============================================================================
                           electrostatic moments
 ==============================================================================

 reference point for electrostatic moments:    0.00000   0.00000   0.00000

 
              nuc           elec       ->  total
 ------------------------------------------------------------------------------
                          charge      
 ------------------------------------------------------------------------------
          34.000000     -34.000000      -0.000000
 
 ------------------------------------------------------------------------------
                       dipole moment  
 ------------------------------------------------------------------------------
   x    -182.568324     182.562867      -0.005457
   y    -214.600250     214.594362      -0.005889
   z     -81.211241      81.208872      -0.002368
 
   | dipole moment | =     0.0084 a.u. =     0.0213 debye 
 
 ------------------------------------------------------------------------------
                     quadrupole moment
 ------------------------------------------------------------------------------
  xx    1031.819430   -1049.612925     -17.793495
  yy    1414.574489   -1432.189480     -17.614991
  zz     203.652503    -222.286762     -18.634259
  xy    1207.942992   -1206.821644       1.121348
  xz     458.395114    -457.945874       0.449241
  yz     536.692663    -536.206242       0.486420
 
     1/3  trace=     -18.014249
     anisotropy=       2.444659
 
 ==============================================================================
 
HOMO-LUMO Separation
 HOMO         :   -0.26848985 H =     -7.30598 eV
 LUMO         :   -0.15725517 H =     -4.27913 eV
 HOMO-LUMO gap:    0.11123467 H =     +3.02685 eV
 
 ==============================================================================


    ------------------------------------------------------------------------
         total  cpu-time :  3 minutes and 25 seconds
         total wall-time :  14.43 seconds
    ------------------------------------------------------------------------

   ****  ridft : all done  ****


    2020-07-20 01:37:09.184 

