
 ridft (riogrande) : TURBOMOLE rev. V7.4.1 (b987a8a8) compiled 15 Oct 2019 at 12:03:25
 Copyright (C) 2019 TURBOMOLE GmbH, Karlsruhe


    2020-07-18 04:09:35.384 



                                  r i d f t

                        DFT program with RI approximation 
                                for coulomb part 




                                                 
                                 References:     
                                                 
          TURBOMOLE:                             
              R. Ahlrichs, M. Baer, M. Haeser, H. Horn, and
              C. Koelmel
              Electronic structure calculations on workstation
              computers: the program system TURBOMOLE
              Chem. Phys. Lett. 162: 165 (1989)
          Density Functional:                              
              O. Treutler and R. Ahlrichs                      
              Efficient Molecular Numerical Integration Schemes
              J. Chem. Phys. 102: 346 (1995)                   
          Parallel Version:                                
              Performance of parallel TURBOMOLE for Density    
              Functional Calculations                          
              M. v. Arnim and R. Ahlrichs                      
              J. Comp. Chem. 19: 1746 (1998)                   
          RI-J Method:                                     
              Auxiliary Basis Sets to approximate Coulomb      
              Potentials                                       
              Chem. Phys. Lett. 240: 283 (1995)                
              K. Eichkorn, O. Treutler, H. Oehm, M. Haeser     
              and R. Ahlrichs                                  
              Chem. Phys. Lett. 242: 652 (1995)                
                                                           
              Auxiliary Basis Sets for Main Row Atoms and their
              Use to approximate Coulomb Potentials            
              K. Eichkorn, F. Weigend, O. Treutler and         
              R. Ahlrichs                                      
              Theo. Chem. Acc. 97: 119 (1997)                   
                                                           
              Accurate Coulomb-fitting basis sets for H to Rn 
              F. Weigend                                        
              Phys. Chem. Chem. Phys. 8: 1057 (2006)            
                                                           
          Multipole accelerated RI-J (MARI-J):             
              Fast evaluation of the Coulomb potential for     
              electron densities using multipole accelerated   
              resolution of identity approximation             
              M. Sierka, A. Hogekamp and R. Ahlrichs           
              J. Chem. Phys. 118: 9136 (2003)                  
          RI-JK Method:                                     
              A fully direct RI-HF algorithm: Implementation,
              optimised auxiliary basis sets, demonstration of
              accuracy and efficiency                         
              F. Weigend                                      
              Phys. Chem. Chem. Phys. 4: 4285 (2002)           
          Two-component HF and DFT with spin-orbit coupling:  
              Self-consistent treatment of spin-orbit         
              interactions with efficient Hartree-Fock and    
              density functional methods                      
              M. K. Armbruster, F. Weigend, C. van Wüllen and 
              W. Klopper                                      
              Phys. Chem. Chem. Phys. 10: 1748 (2008)         
          Two-component difference density and DIIS algorithm 
              Efficient two-component self-consistent field   
              procedures and gradients: implementation in     
              TURBOMOLE and application to Au20-              
              A. Baldes, F. Weigend                           
              Mol. Phys. 111: 2617 (2013)                     
          Relativistic all-electron 2c calculations           
              An efficient implementation of two-component    
              relativistic exact-decoupling methods for large 
              molecules                                       
              D. Peng, N. Middendorf, F. Weigend, M. Reiher   
              J. Chem. Phys. 138: 184105 (2013)               
          Finite nucleus model and SNSO approximation         
              Efficient implementation of one- and two-       
              component analytical energy gradients in exact  
              two-component theory                            
              Y. J. Franzke, N. Middendorf, F. Weigend        
              J. Chem. Phys. 148: 104110 (2018)               
                                         




              +--------------------------------------------------+
              |      general information about current run       |
              +--------------------------------------------------+

 

 DENSITY CONVERGENCE CHECK SWITCHED ON !
 SCF CONVERGENCE IF RMS(delta[D]) <     0.1000000000E-06

 PBE functional
 exchange:    LDA + PBE
 correlation: LDA (PW) + PBE
 A DFT calculation using the RI-J approximation will be carried out.
 Allocatable memory for RI due to $ricore (MB):                   500


              +--------------------------------------------------+
              | Atomic coordinate, charge and isotop information |
              +--------------------------------------------------+

                    atomic coordinates            atom    charge  isotop
         -1.47034606    0.38916560   -0.00707545    o      8.000     0
          0.38667911    0.57853973   -0.00992153    h      1.000     0
         -2.01194047   -2.07844413   -0.00007110    c      6.000     0
         -5.32553116   -2.43410546    0.00442219    cl    17.000     0
         -0.73426214   -3.67767304   -2.73523262    cl    17.000     0
         -0.72841593   -3.66344674    2.74066828    cl    17.000     0
          3.68457817    0.71381736   -0.01366419    o      8.000     0
          4.38424290   -0.15555493   -1.44654072    h      1.000     0
          4.38614526   -0.14954524    1.42199350    h      1.000     0
 
       center of nuclear mass  :   -1.43534495   -2.30521082   -0.00011688
       center of nuclear charge:   -1.32368784   -2.23094988   -0.00043722

              +--------------------------------------------------+
              |               basis set information              |
              +--------------------------------------------------+

              we will work with the 1s 3p 5d 7f 9g ... basis set
              ...i.e. with spherical basis functions...

   type   atoms  prim   cont   basis
   ---------------------------------------------------------------------------
    o        2     50     30   cc-pVTZ   [4s3p2d1f|18s5p2d1f]
    h        3     16     14   cc-pVTZ   [3s2p1d|5s2p1d]
    c        1     50     30   cc-pVTZ   [4s3p2d1f|18s5p2d1f]
    cl       3    106     34   cc-pVTZ   [5s4p2d1f|41s16p2d1f]
   ---------------------------------------------------------------------------
   total:    9    516    234
   ---------------------------------------------------------------------------

   total number of primitive shells          :  120
   total number of contracted shells         :   84
   total number of cartesian basis functions :  267
   total number of SCF-basis functions       :  234


 integral neglect threshold       :  0.12E-10
 integral storage threshold THIZE :  0.10E-04
 integral storage threshold THIME :         5

 RI-J AUXILIARY BASIS SET information:

              we will work with the 1s 3p 5d 7f 9g ... basis set
              ...i.e. with spherical basis functions...

   type   atoms  prim   cont   basis
   ---------------------------------------------------------------------------
    o        2     70     49   cc-pVTZ   [6s4p3d1f1g|12s5p4d2f1g]
    h        3     16     11   cc-pVTZ   [3s1p1d|5s2p1d]
    c        1     70     49   cc-pVTZ   [6s4p3d1f1g|12s5p4d2f1g]
    cl       3     77     51   cc-pVTZ   [8s4p3d1f1g|14s5p5d2f1g]
   ---------------------------------------------------------------------------
   total:    9    489    333
   ---------------------------------------------------------------------------

   total number of primitive shells          :   83
   total number of contracted shells         :  111
   total number of cartesian basis functions :  408
   total number of SCF-basis functions       :  333


 symmetry group of the molecule :   c1 

 the group has the following generators :
   c1(z)

    1 symmetry operations found

 there are 1 real representations :   a   

 maximum number of shells which are related by symmetry :  1


    mo occupation :
   irrep   mo's   occupied
    a      234       38
 
 number of basis functions   :                    234
 number of occupied orbitals :                     38
 
  
           ------------------
           density functional
           ------------------
 PBE functional
 exchange:    LDA + PBE
 correlation: LDA (PW) + PBE

 spherical integration : Lebedev's spherical grid
 spherical gridsize    :                     5
    i.e. gridpoints    :                   590
 value for diffuse not defined
 radial integration    : Chebyshev 2nd kind (scaling 3)
 radial gridsize       :                     8
 integration cells     :                     9
 partition function    : becke
 partition sharpness   :                     3
  

 biggest AO integral is expected to be    10.299856942
  
           ------------------------
               RI-J - INFORMATION
           ------------------------
 Contributions to RI integral batches: 
  neglected integral batches:                   239
  direct contribution:                            0
  memory contribution:                  3331
 Memory core needed for (P|Q) and Cholesky      1 MByte
 Memory core minimum needed except of (P|Q)     1 MByte
 Total minimum memory core needed (sum)         2 MByte
  
 ****************************************
 Memory allocated for RI-J   106 MByte
 ****************************************
                                            

          ------------------------
          nuclear repulsion energy  :   469.879376900    
          ------------------------


         -----------------
         -S,T+V- integrals
         -----------------

 1e-integrals will be neglected if expon. factor < 0.125167E-11
 
   Difference densities algorithm switched on.
   The maximal number of linear combinations of
   difference densities is                    20 .

 DIIS switched on: error vector is FDS-SDF
 Max. Iterations for DIIS is     :   4
 DIIS matrix (see manual) 
    Scaling factor of diagonals  :  1.200
    threshold for scaling factor :  0.000

 scf convergence criterion : increment of total energy < .1000000D-06
                  and increment of one-electron energy < .1000000D-03

  MOs are in ASCII format !


 automatic virtual orbital shift switched on 
      shift if e(lumo)-e(homo) < 0.10000000    


 reading orbital data $scfmo  from file mos
 orbital characterization : expanded
 mo provided and orthogonalized by Cholesky decomposition

 DSCF restart information will be dumped onto file mos


 Starting SCF iterations

          Overall gridpoints after grid construction =        158673

 ITERATION  ENERGY          1e-ENERGY        2e-ENERGY     RMS[dD(SAO)]   TOL
   1  -1569.1397560172    -3098.7519501     1059.7328172    0.000D+00 0.125D-10
                            Exc = -108.059154117     Coul =  1167.79197128    
                              N = 75.999996544    
                            current damping = 0.300
 
          max. resid. norm for Fia-block=  3.556D-01 for orbital     26a         
          max. resid. fock norm         =  4.306D+00 for orbital    232a         

 ITERATION  ENERGY          1e-ENERGY        2e-ENERGY     RMS[dD(SAO)]   TOL
   2  -1570.0644090198    -3105.2945557     1065.3507698    0.681D-02 0.818D-11
                            Exc = -107.489415823     Coul =  1172.84018565    
                              N = 75.999995778    
                            current damping = 0.250
 
          Norm of current diis error:  2.3248    
          max. resid. norm for Fia-block=  1.186D-01 for orbital     19a         
          max. resid. fock norm         =  3.785D-01 for orbital    232a         

 ITERATION  ENERGY          1e-ENERGY        2e-ENERGY     RMS[dD(SAO)]   TOL
   3  -1570.3196430333    -3102.7018696     1062.5028497    0.298D-02 0.719D-11
                            Exc = -107.655336361     Coul =  1170.15818604    
                              N = 75.999995965    
                            current damping = 0.200
 
          Norm of current diis error: 0.48463    
          max. resid. norm for Fia-block=  2.468D-02 for orbital     27a         
          max. resid. fock norm         =  3.417D-02 for orbital    155a         

 ITERATION  ENERGY          1e-ENERGY        2e-ENERGY     RMS[dD(SAO)]   TOL
   4  -1570.3302605851    -3103.6165433     1063.4069058    0.949D-03 0.635D-11
                            Exc = -107.655504138     Coul =  1171.06240998    
                              N = 75.999995896    
                            current damping = 0.250
 
          Norm of current diis error: 0.24482    
          max. resid. norm for Fia-block=  1.425D-02 for orbital     29a         
          max. resid. fock norm         =  1.614D-02 for orbital     29a         

 ITERATION  ENERGY          1e-ENERGY        2e-ENERGY     RMS[dD(SAO)]   TOL
   5  -1570.3326192497    -3103.0219645     1062.8099684    0.391D-03 0.597D-11
                            Exc = -107.610038164     Coul =  1170.42000656    
                              N = 75.999995707    
                            current damping = 0.300
 
          Norm of current diis error: 0.12010    
          max. resid. norm for Fia-block=  6.352D-03 for orbital     25a         
          max. resid. fock norm         =  6.964D-03 for orbital     34a         
          mo-orthogonalization: Cholesky decomposition

 ITERATION  ENERGY          1e-ENERGY        2e-ENERGY     RMS[dD(SAO)]   TOL
   6  -1570.3331609382    -3103.2021749     1062.9896371    0.117D-03 0.581D-11
                            Exc = -107.634920921     Coul =  1170.62455799    
                              N = 75.999995760    
                            current damping = 0.350
 
          Norm of current diis error: 0.11105E-01
          max. resid. norm for Fia-block=  7.443D-04 for orbital     37a         
          max. resid. fock norm         =  1.199D-03 for orbital     37a         

 ITERATION  ENERGY          1e-ENERGY        2e-ENERGY     RMS[dD(SAO)]   TOL
   7  -1570.3331605308    -3103.1809032     1062.9683658    0.309D-04 0.568D-11
                            Exc = -107.634060424     Coul =  1170.60242624    
                              N = 75.999995767    
                            current damping = 0.400
 
          Norm of current diis error: 0.10999E-01
          max. resid. norm for Fia-block=  3.061D-04 for orbital     30a         
          max. resid. fock norm         =  5.722D-04 for orbital    218a         

 ITERATION  ENERGY          1e-ENERGY        2e-ENERGY     RMS[dD(SAO)]   TOL
   8  -1570.3331673921    -3103.1904272     1062.9778829    0.135D-04 0.557D-11
                            Exc = -107.634342884     Coul =  1170.61222581    
                              N = 75.999995764    
                            current damping = 0.450
 
          Norm of current diis error: 0.29609E-02
          max. resid. norm for Fia-block=  1.207D-04 for orbital     27a         
          max. resid. fock norm         =  1.704D-04 for orbital     23a         

 ITERATION  ENERGY          1e-ENERGY        2e-ENERGY     RMS[dD(SAO)]   TOL
   9  -1570.3331678886    -3103.1925902     1062.9800454    0.428D-05 0.550D-11
                            Exc = -107.634341136     Coul =  1170.61438653    
                              N = 75.999995762    
                            current damping = 0.300
 
          Norm of current diis error: 0.10377E-02
          max. resid. norm for Fia-block=  5.962D-05 for orbital     19a         
          max. resid. fock norm         =  8.161D-05 for orbital    220a         

 ITERATION  ENERGY          1e-ENERGY        2e-ENERGY     RMS[dD(SAO)]   TOL
  10  -1570.3331679208    -3103.1922421     1062.9796973    0.163D-05 0.538D-11
                            Exc = -107.634464204     Coul =  1170.61416147    
                              N = 75.999995762    
                            current damping = 0.350
 
          Norm of current diis error: 0.59068E-03
          max. resid. norm for Fia-block=  2.498D-05 for orbital     28a         
          max. resid. fock norm         =  3.462D-05 for orbital    232a         
          mo-orthogonalization: Cholesky decomposition

 ITERATION  ENERGY          1e-ENERGY        2e-ENERGY     RMS[dD(SAO)]   TOL
  11  -1570.3331679368    -3103.1931418     1062.9805970    0.669D-06 0.526D-11
                            Exc = -107.634430003     Coul =  1170.61502699    
                              N = 75.999995761    
                            current damping = 0.400
 
          Norm of current diis error: 0.14362E-03
          max. resid. norm for Fia-block=  8.575D-06 for orbital     25a         
          max. resid. fock norm         =  1.136D-05 for orbital     34a         

 ENERGY & DENSITY CONVERGED !


 ITERATION  ENERGY          1e-ENERGY        2e-ENERGY     RMS[dD(SAO)]   TOL
  12  -1570.3331679377    -3103.1929755     1062.9804307    0.200D-06 0.522D-11
                            Exc = -107.634437945     Coul =  1170.61486863    
                              N = 75.999995761    
                            current damping = 0.450
 
          Norm of current diis error: 0.48227E-04
          max. resid. norm for Fia-block=  3.152D-06 for orbital     25a         
          max. resid. fock norm         =  3.510D-06 for orbital     34a         

 End of SCF iterations

   convergence criteria satisfied after    12 iterations


                  ------------------------------------------ 
                 |  total energy      =  -1570.33316793767  |
                  ------------------------------------------ 
                 :  kinetic energy    =   1565.57257046038  :
                 :  potential energy  =  -3135.90573839805  :
                 :  virial theorem    =      1.99696841564  :
                 :  wavefunction norm =      1.00000000000  :
                  .......................................... 


 <geterg> : there is no data group $energy 


 <skperg> : $end is missing 


 orbitals $scfmo  will be written to file mos

    irrep                 34a         35a         36a         37a         38a   
 eigenvalues H         -0.29812    -0.29138    -0.27447    -0.26462    -0.26168
            eV          -8.1123     -7.9289     -7.4688     -7.2009     -7.1206
 occupation              2.0000      2.0000      2.0000      2.0000      2.0000

    irrep                 39a         40a         41a         42a         43a   
 eigenvalues H         -0.06882    -0.02739    -0.01645    -0.01143     0.05011
            eV          -1.8728     -0.7453     -0.4475     -0.3112      1.3636
 
 
 
 
 ==============================================================================
                           electrostatic moments
 ==============================================================================

 reference point for electrostatic moments:    0.00000   0.00000   0.00000

 
              nuc           elec       ->  total
 ------------------------------------------------------------------------------
                          charge      
 ------------------------------------------------------------------------------
          76.000000     -76.000000       0.000000
 
 ------------------------------------------------------------------------------
                       dipole moment  
 ------------------------------------------------------------------------------
   x    -100.600276     101.978531       1.378255
   y    -169.552191     169.590465       0.038274
   z      -0.033229       0.031357      -0.001872
 
   | dipole moment | =     1.3788 a.u. =     3.5045 debye 
 
 ------------------------------------------------------------------------------
                     quadrupole moment
 ------------------------------------------------------------------------------
  xx     689.128292    -725.952549     -36.824257
  yy     590.395567    -634.823786     -44.428220
  zz     258.993793    -299.815851     -40.822058
  xy     352.079778    -354.223067      -2.143288
  xz      -0.623267       0.612306      -0.010961
  yz       0.047446      -0.036949       0.010497
 
     1/3  trace=     -40.691512
     anisotropy=       7.562095
 
 ==============================================================================
 
HOMO-LUMO Separation
 HOMO         :   -0.26167626 H =     -7.12058 eV
 LUMO         :   -0.06882203 H =     -1.87274 eV
 HOMO-LUMO gap:    0.19285423 H =     +5.24783 eV
 
 ==============================================================================


    ------------------------------------------------------------------------
         total  cpu-time :  23.59 seconds
         total wall-time :  23.59 seconds
    ------------------------------------------------------------------------

   ****  ridft : all done  ****


    2020-07-18 04:09:58.969 

