           SMPCPUS    set: Shared-memory Parallelization with  20 CPUs.

           SMP Parallelization Reference:
           C. van Wullen, J. Comput. Chem. 32 (2011) 1195--1201

 ridft (c-15-19) : TURBOMOLE rev. V7.5.0 compiled 13 Jun 2020 at 23:29:25
 Copyright (C) 2020 TURBOMOLE GmbH, Karlsruhe


    2020-07-22 06:20:38.862 



                                  r i d f t

                        DFT program with RI approximation 
                                for coulomb part 




                                                 
                                 References:     
                                                 
          TURBOMOLE:                             
              R. Ahlrichs, M. Baer, M. Haeser, H. Horn, and
              C. Koelmel
              Electronic structure calculations on workstation
              computers: the program system TURBOMOLE
              Chem. Phys. Lett. 162: 165 (1989)
          Density Functional:                              
              O. Treutler and R. Ahlrichs                      
              Efficient Molecular Numerical Integration Schemes
              J. Chem. Phys. 102: 346 (1995)                   
          Parallel Version:                                
              Performance of parallel TURBOMOLE for Density    
              Functional Calculations                          
              M. v. Arnim and R. Ahlrichs                      
              J. Comp. Chem. 19: 1746 (1998)                   
          RI-J Method:                                     
              Auxiliary Basis Sets to approximate Coulomb      
              Potentials                                       
              Chem. Phys. Lett. 240: 283 (1995)                
              K. Eichkorn, O. Treutler, H. Oehm, M. Haeser     
              and R. Ahlrichs                                  
              Chem. Phys. Lett. 242: 652 (1995)                
                                                           
              Auxiliary Basis Sets for Main Row Atoms and their
              Use to approximate Coulomb Potentials            
              K. Eichkorn, F. Weigend, O. Treutler and         
              R. Ahlrichs                                      
              Theo. Chem. Acc. 97: 119 (1997)                   
                                                           
              Accurate Coulomb-fitting basis sets for H to Rn 
              F. Weigend                                        
              Phys. Chem. Chem. Phys. 8: 1057 (2006)            
                                                           
          Multipole accelerated RI-J (MARI-J):             
              Fast evaluation of the Coulomb potential for     
              electron densities using multipole accelerated   
              resolution of identity approximation             
              M. Sierka, A. Hogekamp and R. Ahlrichs           
              J. Chem. Phys. 118: 9136 (2003)                  
          RI-JK Method:                                     
              A fully direct RI-HF algorithm: Implementation,
              optimised auxiliary basis sets, demonstration of
              accuracy and efficiency                         
              F. Weigend                                      
              Phys. Chem. Chem. Phys. 4: 4285 (2002)           
          Two-component HF and DFT with spin-orbit coupling:  
              Self-consistent treatment of spin-orbit         
              interactions with efficient Hartree-Fock and    
              density functional methods                      
              M. K. Armbruster, F. Weigend, C. van Wüllen and 
              W. Klopper                                      
              Phys. Chem. Chem. Phys. 10: 1748 (2008)         
          Two-component difference density and DIIS algorithm 
              Efficient two-component self-consistent field   
              procedures and gradients: implementation in     
              TURBOMOLE and application to Au20-              
              A. Baldes, F. Weigend                           
              Mol. Phys. 111: 2617 (2013)                     
          Relativistic all-electron 2c calculations           
              An efficient implementation of two-component    
              relativistic exact-decoupling methods for large 
              molecules                                       
              D. Peng, N. Middendorf, F. Weigend, M. Reiher   
              J. Chem. Phys. 138: 184105 (2013)               
          Finite nucleus model and SNSO approximation         
              Efficient implementation of one- and two-       
              component analytical energy gradients in exact  
              two-component theory                            
              Y. J. Franzke, N. Middendorf, F. Weigend        
              J. Chem. Phys. 148: 104110 (2018)               
          Grids for all-electron relativistic methods         
              Error-consistent segmented contracted all-      
              electron relativistic basis sets of double-     
              and triple-zeta quality for NMR shielding       
              constants                                       
              Y. J. Franzke, R. Tress, T. M. Pazdera,         
              F. Weigend                                      
              Phys. Chem. Chem. Phys. 21: 166658 (2019)       
          Seminumerical exchange algorithms                   
              Seminumerical calculation of the Hartree-Fock   
              exchange matirx: Application to two-component   
              procedures and efficient evaluation of local    
              hybrid functionsl                               
              P. Plessow, F. Weigend,                         
              J. Comput. Chem. 33: 810 (2012)                 
          Improved seminumerical algorithms                   
              C. Holzer, in preparation (2020)                
                                         




              +--------------------------------------------------+
              |      general information about current run       |
              +--------------------------------------------------+

 

 DENSITY CONVERGENCE CHECK SWITCHED ON !
 SCF CONVERGENCE IF RMS(delta[D]) <     0.1000000000E-06

 PBE functional
 exchange:    LDA + PBE
 correlation: LDA (PW) + PBE
 A DFT calculation using the RI-J approximation will be carried out.
 Allocatable memory for RI due to $ricore (MB):                  5000


              +--------------------------------------------------+
              | Atomic coordinate, charge and isotop information |
              +--------------------------------------------------+

                    atomic coordinates            atom    charge  isotop
          1.61603962   -0.00001534   -1.11264478    h      1.000     0
          0.51314770    0.00003091    0.33182175    o      8.000     0
          2.04855846    0.00000341    2.52326058    c      6.000     0
          0.78958731   -0.00000470    4.14414062    h      1.000     0
          3.24747464   -1.67488874    2.64190427    h      1.000     0
          3.24749163    1.67488173    2.64193240    h      1.000     0
          2.12756169    0.00000793   -4.84067748    f      0.000     0
         -0.34891399   -0.00000275   -5.71720727    c      0.000     0
         -0.31544930   -0.00000342   -7.76862268    h      0.000     0
         -1.29653745   -1.67917298   -5.01672589    h      0.000     0
         -1.29655077    1.67916026   -5.01672670    h      0.000     0
 
       center of nuclear mass  :    1.13634217    0.00000923   -2.03677170
       center of nuclear charge:    1.40539587    0.00001337    1.45052611

              +--------------------------------------------------+
              |               basis set information              |
              +--------------------------------------------------+

              we will work with the 1s 3p 5d 7f 9g ... basis set
              ...i.e. with spherical basis functions...

   type   atoms  prim   cont   basis
   ---------------------------------------------------------------------------
    h        7     58     55   cc-pV5Z   [5s4p3d2f1g|8s4p3d2f1g]
    o        1    118     91   cc-pV5Z   [6s5p4d3f2g1h|24s8p4d3f2g1h]
    c        2    118     91   cc-pV5Z   [6s5p4d3f2g1h|24s8p4d3f2g1h]
    f        1    118     91   cc-pV5Z   [6s5p4d3f2g1h|24s8p4d3f2g1h]
   ---------------------------------------------------------------------------
   total:   11    878    749
   ---------------------------------------------------------------------------

   total number of primitive shells          :  144
   total number of contracted shells         :  189
   total number of cartesian basis functions :  994
   total number of SCF-basis functions       :  749


 integral neglect threshold       :  0.34E-11
 integral storage threshold THIZE :  0.10E-04
 integral storage threshold THIME :         5

 RI-J AUXILIARY BASIS SET information:

              we will work with the 1s 3p 5d 7f 9g ... basis set
              ...i.e. with spherical basis functions...

   type   atoms  prim   cont   basis
   ---------------------------------------------------------------------------
    h        7     16     11   cc-pV5Z   [3s1p1d|5s2p1d]
    o        1     70     49   cc-pV5Z   [6s4p3d1f1g|12s5p4d2f1g]
    c        2     70     49   cc-pV5Z   [6s4p3d1f1g|12s5p4d2f1g]
    f        1     70     49   cc-pV5Z   [6s4p3d1f1g|12s5p4d2f1g]
   ---------------------------------------------------------------------------
   total:   11    392    273
   ---------------------------------------------------------------------------

   total number of primitive shells          :   80
   total number of contracted shells         :   95
   total number of cartesian basis functions :  328
   total number of SCF-basis functions       :  273


 symmetry group of the molecule :   c1 

 the group has the following generators :
   c1(z)

    1 symmetry operations found

 there are 1 real representations :   a   

 maximum number of shells which are related by symmetry :  1

  
           ------------------
           density functional
           ------------------
 Dummy atoms with grid-point found.
 DFT quadrature threshold dgrenze tightened by factor 1/10.

 PBE functional
 exchange:    LDA + PBE
 correlation: LDA (PW) + PBE
 Dummy atoms with grid-point found.
 DFT quadrature threshold dgrenze tightened by factor 1/10.

 Dummy atoms with grid-point found.
 DFT quadrature threshold dgrenze tightened by factor 1/10.


 spherical integration : Lebedev's spherical grid
 spherical gridsize    :                     5
    i.e. gridpoints    :                   590
 value for diffuse not defined
 radial integration    : Chebyshev 2nd kind (scaling 3)
 radial gridsize       :                     8
 integration cells     :                    11
 partition function    : becke
 partition sharpness   :                     3
  
 found dummy atom(s) with basis: included in dft

 biggest AO integral is expected to be     5.590494100

          ------------------------
          nuclear repulsion energy  :   40.3992442258    
          ------------------------


         -----------------
         -S,T+V- integrals
         -----------------

 1e-integrals will be neglected if expon. factor < 0.336213E-12
 
   Difference densities algorithm switched on.
   The maximal number of linear combinations of
   difference densities is                    20 .

 DIIS switched on: error vector is FDS-SDF
 Max. Iterations for DIIS is     :   4
 DIIS matrix (see manual) 
    Scaling factor of diagonals  :  1.200
    threshold for scaling factor :  0.000

 scf convergence criterion : increment of total energy < .1000000D-06
                  and increment of one-electron energy < .1000000D-03

 MOs are in ASCII format !


    mo occupation :
   irrep   mo's   occupied
    a      749        9
 
 number of basis functions   :   749
 number of occupied orbitals :     9
 

 reading orbital data $scfmo  from file mos
 orbital characterization : expanded
 virtual MOs provided and orthogonalized by Cholesky decomposition

 automatic virtual orbital shift switched on 
      shift if e(lumo)-e(homo) < 0.10000000    

  
           ------------------------
               RI-J - INFORMATION
           ------------------------
 Contributions to RI integral batches: 
  neglected integral batches:                  4119
  direct contribution:                            0
  memory contribution:                 13836
 Memory core needed for (P|Q) and Cholesky      1 MByte
 Memory core minimum needed except of (P|Q)     3 MByte
 Total minimum memory core needed (sum)         4 MByte
  
 ****************************************
 Memory allocated for RI-J   901 MByte
 ****************************************
                                            

 DSCF restart information will be dumped onto file mos


 Starting SCF iterations

          Overall gridpoints after grid construction =        168176

 ITERATION  ENERGY          1e-ENERGY        2e-ENERGY     RMS[dD(SAO)]   TOL
   1  -115.18084409509    -236.34144730     80.761358981    0.000D+00 0.335D-11
                            Exc = -15.2590079486     Coul =  96.0203669292    
                              N = 17.999999994    
                            current damping = 0.300
 
          max. resid. norm for Fia-block=  3.843D-01 for orbital      1a         
          max. resid. fock norm         =  4.289D+01 for orbital    729a         

 ITERATION  ENERGY          1e-ENERGY        2e-ENERGY     RMS[dD(SAO)]   TOL
   2  -115.58113609010    -236.53797200     80.557591687    0.420D-02 0.296D-11
                            Exc = -15.2438737574     Coul =  95.8014654439    
                              N = 18.000000088    
                            current damping = 0.250
 
          Norm of current diis error:  2.0052    
          max. resid. norm for Fia-block=  1.060D-01 for orbital      3a         
          max. resid. fock norm         =  2.501D-01 for orbital    464a         

 ITERATION  ENERGY          1e-ENERGY        2e-ENERGY     RMS[dD(SAO)]   TOL
   3  -115.63118931802    -237.64393920     81.613505657    0.131D-02 0.193D-11
                            Exc = -15.4329535690     Coul =  97.0464592258    
                              N = 18.000000012    
                            current damping = 0.200
 
          Norm of current diis error: 0.80768    
          max. resid. norm for Fia-block=  3.698D-02 for orbital      9a         
          max. resid. fock norm         =  3.781D-02 for orbital      9a         

 ITERATION  ENERGY          1e-ENERGY        2e-ENERGY     RMS[dD(SAO)]   TOL
   4  -115.63961488309    -236.70105058     80.662191467    0.514D-03 0.166D-11
                            Exc = -15.3166479287     Coul =  95.9788393958    
                              N = 18.000000034    
                            current damping = 0.250
 
          Norm of current diis error: 0.39614    
          max. resid. norm for Fia-block=  1.159D-02 for orbital      5a         
          max. resid. fock norm         =  1.938D-02 for orbital    637a         

 ITERATION  ENERGY          1e-ENERGY        2e-ENERGY     RMS[dD(SAO)]   TOL
   5  -115.64161424521    -237.21680713     81.175948659    0.855D-04 0.157D-11
                            Exc = -15.3729527376     Coul =  96.5489013970    
                              N = 18.000000034    
                            current damping = 0.300
 
          Norm of current diis error: 0.11398    
          max. resid. norm for Fia-block=  3.459D-03 for orbital      6a         
          max. resid. fock norm         =  5.504D-03 for orbital    469a         
          mo-orthogonalization: Cholesky decomposition

 ITERATION  ENERGY          1e-ENERGY        2e-ENERGY     RMS[dD(SAO)]   TOL
   6  -115.64178250888    -237.11885261     81.077825880    0.353D-04 0.151D-11
                            Exc = -15.3638767224     Coul =  96.4417026023    
                              N = 18.000000028    
                            current damping = 0.350
 
          Norm of current diis error: 0.13913E-01
          max. resid. norm for Fia-block=  5.653D-04 for orbital      5a         
          max. resid. fock norm         =  8.831D-04 for orbital    720a         

 ITERATION  ENERGY          1e-ENERGY        2e-ENERGY     RMS[dD(SAO)]   TOL
   7  -115.64178535527    -237.13097906     81.089949482    0.487D-05 0.145D-11
                            Exc = -15.3654224994     Coul =  96.4553719811    
                              N = 18.000000028    
                            current damping = 0.400
 
          Norm of current diis error: 0.26240E-02
          max. resid. norm for Fia-block=  1.101D-04 for orbital      7a         
          max. resid. fock norm         =  1.707D-04 for orbital    698a         

 ITERATION  ENERGY          1e-ENERGY        2e-ENERGY     RMS[dD(SAO)]   TOL
   8  -115.64178546030    -237.13207271     81.091043023    0.151D-05 0.141D-11
                            Exc = -15.3655311816     Coul =  96.4565742046    
                              N = 18.000000029    
                            current damping = 0.250
 
          Norm of current diis error: 0.44373E-03
          max. resid. norm for Fia-block=  2.161D-05 for orbital      8a         
          max. resid. fock norm         =  5.480D-05 for orbital    280a         

 ITERATION  ENERGY          1e-ENERGY        2e-ENERGY     RMS[dD(SAO)]   TOL
   9  -115.64178546302    -237.13220880     81.091179110    0.496D-06 0.136D-11
                            Exc = -15.3655461207     Coul =  96.4567252302    
                              N = 18.000000028    
                            current damping = 0.100
 
          Norm of current diis error: 0.19893E-03
          max. resid. norm for Fia-block=  7.965D-06 for orbital      9a         
          max. resid. fock norm         =  1.073D-05 for orbital    378a         

 ENERGY & DENSITY CONVERGED !


 ITERATION  ENERGY          1e-ENERGY        2e-ENERGY     RMS[dD(SAO)]   TOL
  10  -115.64178546352    -237.13198495     81.090955265    0.199D-06 0.133D-11
                            Exc = -15.3655208665     Coul =  96.4564761318    
                              N = 18.000000029    
                            current damping = 0.150
 
          Norm of current diis error: 0.11104E-03
          max. resid. norm for Fia-block=  2.960D-06 for orbital      9a         
          max. resid. fock norm         =  4.708D-06 for orbital    637a         

 End of SCF iterations

   convergence criteria satisfied after    10 iterations


                  ------------------------------------------ 
                 |  total energy      =   -115.64178546352  |
                  ------------------------------------------ 
                 :  kinetic energy    =    115.23029869110  :
                 :  potential energy  =   -230.87208415462  :
                 :  virial theorem    =      1.99644171204  :
                 :  wavefunction norm =      1.00000000000  :
                  .......................................... 


 <geterg> : there is no data group $energy 


 <skperg> : $end is missing 


 orbitals $scfmo  will be written to file mos

    irrep                  5a          6a          7a          8a          9a   
 eigenvalues H         -0.46114    -0.39175    -0.38145    -0.29464    -0.23092
            eV         -12.5483    -10.6600    -10.3799     -8.0175     -6.2837
 occupation              2.0000      2.0000      2.0000      2.0000      2.0000

    irrep                 10a         11a         12a         13a         14a   
 eigenvalues H         -0.01350     0.01956     0.05517     0.05856     0.06593
            eV          -0.3673      0.5324      1.5012      1.5936      1.7942
 
 
 
 
 ==============================================================================
                           electrostatic moments
 ==============================================================================

 reference point for electrostatic moments:    0.00000   0.00000   0.00000

 
              nuc           elec       ->  total
 ------------------------------------------------------------------------------
                          charge      
 ------------------------------------------------------------------------------
          18.000000     -18.000000      -0.000000
 
 ------------------------------------------------------------------------------
                       dipole moment  
 ------------------------------------------------------------------------------
   x      25.297126     -24.670259       0.626867
   y       0.000241      -0.000261      -0.000021
   z      26.109470     -26.118757      -0.009287
 
   | dipole moment | =     0.6269 a.u. =     1.5935 debye 
 
 ------------------------------------------------------------------------------
                     quadrupole moment
 ------------------------------------------------------------------------------
  xx      51.613441     -60.593214      -8.979773
  yy       5.610481     -16.002810     -10.392329
  zz      71.453254     -79.776511      -8.323257
  xy       0.000146      -0.000168      -0.000022
  xz      51.009723     -51.228129      -0.218406
  yz       0.000160      -0.000144       0.000016
 
     1/3  trace=      -9.231786
     anisotropy=       1.869973
 
 ==============================================================================
 
HOMO-LUMO Separation
 HOMO         :   -0.23091827 H =     -6.28361 eV
 LUMO         :   -0.01349964 H =     -0.36734 eV
 HOMO-LUMO gap:    0.21741863 H =     +5.91627 eV
 
 ==============================================================================


    ------------------------------------------------------------------------
         total  cpu-time : 21 minutes and  6 seconds
         total wall-time :  1 minutes and 58 seconds
    ------------------------------------------------------------------------

   ****  ridft : all done  ****


    2020-07-22 06:22:37.171 

