
 rirpa (riogrande) : TURBOMOLE rev. V7.4.1 (b987a8a8) compiled 15 Oct 2019 at 12:03:25
 Copyright (C) 2019 TURBOMOLE GmbH, Karlsruhe


    2020-07-18 02:12:25.026 

 
 
    *************************************************************************
    *************************** PROGRAM RIRPA *******************************
    ******                                                             ******
    ******              H. Eshuis, J. E. Bates and F. Furche           ******
    ******                                                             ******
    ****** Nov 2011                                                    ******
    ****** Copyright TURBOMOLE GmbH                                    ******
    *************************************************************************
    
    
                                References:                                  
    
                   RIRPA:                                                    
                     H. Eshuis, J. Yarkony, and F. Furche                    
                     Fast Computation of Molecular Random Phase              
                     Approximation Correlation Energies Using Resolution     
                     of the Identity and Imaginary Frequency Integration     
                     J. Chem. Phys. 132: 234114 (2010)                       
    
                     H. Eshuis, J. E. Bates, and F. Furche                   
                     Electron Correlation Methods Based on                   
                     the Random Phase Approximation                          
                     Theor. Chem. Acc.  131: 1084 (2012)                     
    
                     G. P. Chen, V. K. Voora, M. M. Agee,                    
                     S. G. Balasubramani, and F. Furche                      
                     Random-Phase Approximation Methods                      
                     Annu. Rev. Phys. Chem. 68: 421 (2017)                   
    
                   TWO-COMPONENT RIRPA:                                      
                     M. Kuehn                                                
                     Correlation Energies from the                           
                     Two-Component Random-Phase Approximation                
                     J. Chem. Theory Comput. 10: 623 (2014)                  
    
                   RIRPA GRADIENTS:                                          
                     A. M. Burow, J. E. Bates, F. Furche*, and H. Eshuis     
                     Analytical First-Order Molecular Properties and Forces  
                     within the Adiabatic Connection Random Phase            
                     Approximation                                           
                     J. Chem. Theory Comput. 10: 180 (2014)                  
    
                   RI-AXK/RI-ACSOSEX/RI-ACSOX:                               
                     G. P. Chen, M. M. Agee, and F. Furche                   
                     Performance and Scope of Perturbative Corrections to    
                     Random-Phase Approximation Energies                     
                     J. Chem. Theory Comput. 14: 5701 (2018)                 
    
                   GKS-RPA:                                                  
                     V. K. Voora, S. G. Balasubramani, and F. Furche         
                     Variational Generalized Kohn-Sham Approach Combining    
                     the Random-Phase-Approximation and Green’s-Function     
                     Methods                                                 
                     Phys. Rev. A (accepted)                                 
    
    
    

   *-----------------------------------------------------------------------*
   |                     program will use  1 thread(s)                     |
   *-----------------------------------------------------------------------*

 MAXIMUM CORE MEMORY WHICH CAN BE ALLOCATED DYNAMICALLY = 500 MiB
              ( or 65536000 double words per process)

  Effective Core Potentials (ECPs) detected!
 
                FOUND RI-J FLAG
 
  HF exact exchange energy will be computed using RI-J.


              +--------------------------------------------------+
              | Atomic coordinate, charge and isotop information |
              +--------------------------------------------------+

                    atomic coordinates            atom    charge  isotop
         -1.42754170   -1.50508962   -1.93430551    c      6.000     0
          1.19860573   -1.66299115   -2.03189644    c      6.000     0
          2.65876001    0.37736955   -1.23426392    c      6.000     0
          1.50963368    2.57230374   -0.34128059    c      6.000     0
         -1.12092278    2.71045691   -0.25246349    c      6.000     0
         -2.60071518    0.67879950   -1.04550708    c      6.000     0
         -2.86169588    5.99660766    1.08394900    i     53.000     0
          2.09930989   -3.36144811   -2.72237695    h      1.000     0
          2.64405246    4.15317840    0.27856973    h      1.000     0
          4.69864866    0.26922272   -1.30274049    h      1.000     0
         -4.63786461    0.79856259   -0.96906660    h      1.000     0
         -2.57447519   -3.08132039   -2.54875518    h      1.000     0
         -5.88211879   11.88491819    2.31866456    s     16.000     0
         -8.18022701   10.95619985    1.83940856    h      1.000     0
         -5.08172874   12.66714386   -0.92419492    c      6.000     0
         -3.18311711   13.44626574   -0.86977614    h      1.000     0
         -5.07177400   10.99164969   -2.10739192    h      1.000     0
         -6.35955321   14.08073003   -1.68204314    h      1.000     0
 
       center of nuclear mass  :   -2.50246117    5.47736712    0.43029520
       center of nuclear charge:   -2.46276864    5.42716579    0.31566905
              +-------------------------------------------------+
              |        Rotational Constants Section             |
              +-------------------------------------------------+
                                   Center of Mass [a.u]:
              -2.50246116902179         5.47736712402845         0.43029519981433
                     Principal Moments of Inertia [a.u.]
             538.04045753159471      5796.25264820188931      5932.40320081066784
                       Rotational constants A,B,C [a.u.]
               0.00092929814664         0.00008626263042         0.00008428287543
                     Rotational constants A,B,C [cm**-1]
               0.11188691417860         0.01038596661502         0.01014760535633
                        Rotational constants A,B,C [MHz]
            3354.28530196371321       311.36344602230645       304.21755525879297

   * BASIS SET information:

              +--------------------------------------------------+
              |               basis set information              |
              +--------------------------------------------------+

              we will work with the 1s 3p 5d 7f 9g ... basis set
              ...i.e. with spherical basis functions...

   type   atoms  prim   cont   basis
   ---------------------------------------------------------------------------
    c        7     77     57   def2-QZVP   [7s4p3d2f1g|15s8p3d2f1g]
    i        1    151     82   def2-QZVP   [7s6p4d4f1g|17s14p11d4f1g]
    h        9     33     30   def2-QZVP   [4s3p2d1f|7s3p2d1f]
    s        1    105     70   def2-QZVP   [9s6p4d2f1g|20s14p4d2f1g]
   ---------------------------------------------------------------------------
   total:   18   1092    821
   ---------------------------------------------------------------------------

   total number of primitive shells          :  130
   total number of contracted shells         :  253
   total number of cartesian basis functions : 1009
   total number of SCF-basis functions       :  821


   * AUXILIARY BASIS SET information:

              +--------------------------------------------------+
              |               basis set information              |
              +--------------------------------------------------+

              we will work with the 1s 3p 5d 7f 9g ... basis set
              ...i.e. with spherical basis functions...

   type   atoms  prim   cont   basis
   ---------------------------------------------------------------------------
    c        7    141    141   def2-QZVP   [9s8p7d5f3g1h|9s8p7d5f3g1h]
    i        1    276    276   def2-QZVP   [10s10p9d8f6g5h2i|10s10p9d8f6g5h2i]
    h        9     56     56   def2-QZVP   [6s4p3d2f1g|6s4p3d2f1g]
    s        1    167    167   def2-QZVP   [12s10p9d6f3g1h|12s10p9d6f3g1h]
   ---------------------------------------------------------------------------
   total:   18   1934   1934
   ---------------------------------------------------------------------------

   total number of primitive shells          :  140
   total number of contracted shells         :  466
   total number of cartesian basis functions : 2623
   total number of SCF-basis functions       : 1934


   * RIJ AUXILIARY BASIS SET information:

              +--------------------------------------------------+
              |               basis set information              |
              +--------------------------------------------------+

              we will work with the 1s 3p 5d 7f 9g ... basis set
              ...i.e. with spherical basis functions...

   type   atoms  prim   cont   basis
   ---------------------------------------------------------------------------
    c        7     70     49   def2-QZVP   [6s4p3d1f1g|12s5p4d2f1g]
    i        1     81     58   def2-QZVP   [8s4p3d2f1g|11s5p5d3f1g]
    h        9     16     11   def2-QZVP   [3s1p1d|5s2p1d]
    s        1     77     51   def2-QZVP   [8s4p3d1f1g|14s5p5d2f1g]
   ---------------------------------------------------------------------------
   total:   18    792    551
   ---------------------------------------------------------------------------

   total number of primitive shells          :   84
   total number of contracted shells         :  185
   total number of cartesian basis functions :  671
   total number of SCF-basis functions       :  551


 reading orbital data $scfmo  from file mos
 orbital characterization : scfconv=7

 integral neglect threshold       :  0.27E+02

 scfconv                     7
 number of unique ecp types :                     1

 there are 1 real representations :   a   

 maximum number of shells which are related by symmetry :  1

 time elapsed for calculating density matrices :   0.034 sec

     total memory allocated for calculation of (Q|P)**(-1/2) : 43 MiB


     calculation of (P|Q) ...
     time in lp2sym        cpu:  0.13 sec    wall:  0.13 sec    ratio:  1.0


     calculation of the Cholesky decomposition of (P|Q)**(-1) ...
     time in invmetri      cpu:  0.36 sec    wall:  0.36 sec    ratio:  1.0

   threshold for RMS(d[D]) in SCF was     :  0.10E-06
   integral neglect threshold             :  0.13E-11
   derivative integral neglect threshold  :  0.10E-06


 setting up bound for integral derivative estimation

 increment for numerical differentiation : 0.00050000
 
 Occupied orbital block size for RIRPA:                    30
 
 Number of passes for spin                     1 is                     1
 
 Number of eigenvalues < 6e-3:                      0
 
 
            -----------------------------
            Complex frequency integration
            -----------------------------
 
 Number of Clenshaw-Curtis nodes:                    100
 Optimized scaling parameter    :    4.07632016302734     
 Sensitivity measure            :  -1.081420235235497E-007
 
 Done with rirpa frequency point #                     1
 Done with rirpa frequency point #                     2
 Done with rirpa frequency point #                     3
 Done with rirpa frequency point #                     4
 Done with rirpa frequency point #                     5
 Done with rirpa frequency point #                     6
 Done with rirpa frequency point #                     7
 Done with rirpa frequency point #                     8
 Done with rirpa frequency point #                     9
 Done with rirpa frequency point #                    10
 Done with rirpa frequency point #                    11
 Done with rirpa frequency point #                    12
 Done with rirpa frequency point #                    13
 Done with rirpa frequency point #                    14
 Done with rirpa frequency point #                    15
 Done with rirpa frequency point #                    16
 Done with rirpa frequency point #                    17
 Done with rirpa frequency point #                    18
 Done with rirpa frequency point #                    19
 Done with rirpa frequency point #                    20
 Done with rirpa frequency point #                    21
 Done with rirpa frequency point #                    22
 Done with rirpa frequency point #                    23
 Done with rirpa frequency point #                    24
 Done with rirpa frequency point #                    25
 Done with rirpa frequency point #                    26
 Done with rirpa frequency point #                    27
 Done with rirpa frequency point #                    28
 Done with rirpa frequency point #                    29
 Done with rirpa frequency point #                    30
 Done with rirpa frequency point #                    31
 Done with rirpa frequency point #                    32
 Done with rirpa frequency point #                    33
 Done with rirpa frequency point #                    34
 Done with rirpa frequency point #                    35
 Done with rirpa frequency point #                    36
 Done with rirpa frequency point #                    37
 Done with rirpa frequency point #                    38
 Done with rirpa frequency point #                    39
 Done with rirpa frequency point #                    40
 Done with rirpa frequency point #                    41
 Done with rirpa frequency point #                    42
 Done with rirpa frequency point #                    43
 Done with rirpa frequency point #                    44
 Done with rirpa frequency point #                    45
 Done with rirpa frequency point #                    46
 Done with rirpa frequency point #                    47
 Done with rirpa frequency point #                    48
 Done with rirpa frequency point #                    49
 Done with rirpa frequency point #                    50
 Done with rirpa frequency point #                    51
 Done with rirpa frequency point #                    52
 Done with rirpa frequency point #                    53
 Done with rirpa frequency point #                    54
 Done with rirpa frequency point #                    55
 Done with rirpa frequency point #                    56
 Done with rirpa frequency point #                    57
 Done with rirpa frequency point #                    58
 Done with rirpa frequency point #                    59
 Done with rirpa frequency point #                    60
 Done with rirpa frequency point #                    61
 Done with rirpa frequency point #                    62
 Done with rirpa frequency point #                    63
 Done with rirpa frequency point #                    64
 Done with rirpa frequency point #                    65
 Done with rirpa frequency point #                    66
 Done with rirpa frequency point #                    67
 Done with rirpa frequency point #                    68
 Done with rirpa frequency point #                    69
 Done with rirpa frequency point #                    70
 Done with rirpa frequency point #                    71
 Done with rirpa frequency point #                    72
 Done with rirpa frequency point #                    73
 Done with rirpa frequency point #                    74
 Done with rirpa frequency point #                    75
 Done with rirpa frequency point #                    76
 Done with rirpa frequency point #                    77
 Done with rirpa frequency point #                    78
 Done with rirpa frequency point #                    79
 Done with rirpa frequency point #                    80
 Done with rirpa frequency point #                    81
 Done with rirpa frequency point #                    82
 Done with rirpa frequency point #                    83
 Done with rirpa frequency point #                    84
 Done with rirpa frequency point #                    85
 Done with rirpa frequency point #                    86
 Done with rirpa frequency point #                    87
 Done with rirpa frequency point #                    88
 Done with rirpa frequency point #                    89
 Done with rirpa frequency point #                    90
 Done with rirpa frequency point #                    91
 Done with rirpa frequency point #                    92
 Done with rirpa frequency point #                    93
 Done with rirpa frequency point #                    94
 Done with rirpa frequency point #                    95
 Done with rirpa frequency point #                    96
 Done with rirpa frequency point #                    97
 Done with rirpa frequency point #                    98
 Done with rirpa frequency point #                    99
 Done with rirpa frequency point #                   100
 


 RI-RPA correlation energy: -0.3110246168761249E+01
 Allocatable memory for RI due to $ricore (MB):                   500

 there are 1 real representations :   a   

 maximum number of shells which are related by symmetry :  1

  
           ------------------------
               RI-J - INFORMATION
           ------------------------
 Contributions to RI integral batches: 
  neglected integral batches:                  9857
  direct contribution:                        13422
  memory contribution:                  8852

         -----------------
         -S,T+V- integrals
         -----------------

 1e-integrals will be neglected if expon. factor < 0.127081E-11


          ----------------
          -ecp-  integrals
          ----------------

          ------------------------
          nuclear repulsion energy  :   583.385967532    
          ------------------------


                  --------------------------------------------------- 
                 |  HXX+RIRPA total energy     =   -967.65017692845  |
                  ---------------------------------------------------- 
                 :  RIRPA correlation energy   =     -3.11024616876  :
                 :  HXX total energy           =   -964.53993075969  :
                 :  Hartree energy             =   1131.79313753197  :
                 :  Exact Exchange energy      =    -85.58008274718  :
                  .................................................... 


    ------------------------------------------------------------------------
    Rirpa profiling                cpu                    wall         ratio
    ------------------------------------------------------------------------
    module                         sec     %               sec     %
    ------------------------------------------------------------------------
    RIRPA                       730.6  100.00          730.7  100.00   1.0
    riccbound                     5.9    0.81            5.9    0.81   1.0
    ccmkbaoi                     31.9    4.37           31.9    4.36   1.0
    ecrpa                       257.0   35.18          257.1   35.19   1.0
    qbuild                      249.1   34.09          249.1   34.09   1.0
    rparenrm                      7.3    1.00            7.3    1.00   1.0
    ehxx                        434.2   59.44          434.2   59.42   1.0
    ------------------------------------------------------------------------
    sum                        1717.7  235.11         1718.0  235.11   1.0
    ------------------------------------------------------------------------


    ------------------------------------------------------------------------
         total  cpu-time : 12 minutes and 11 seconds
         total wall-time : 12 minutes and 11 seconds
    ------------------------------------------------------------------------

   ****  rirpa : all done  ****


    2020-07-18 02:24:35.805 

