
 rirpa (riogrande) : TURBOMOLE rev. V7.4.1 (b987a8a8) compiled 15 Oct 2019 at 12:03:25
 Copyright (C) 2019 TURBOMOLE GmbH, Karlsruhe


    2020-07-18 02:55:16.020 

 
 
    *************************************************************************
    *************************** PROGRAM RIRPA *******************************
    ******                                                             ******
    ******              H. Eshuis, J. E. Bates and F. Furche           ******
    ******                                                             ******
    ****** Nov 2011                                                    ******
    ****** Copyright TURBOMOLE GmbH                                    ******
    *************************************************************************
    
    
                                References:                                  
    
                   RIRPA:                                                    
                     H. Eshuis, J. Yarkony, and F. Furche                    
                     Fast Computation of Molecular Random Phase              
                     Approximation Correlation Energies Using Resolution     
                     of the Identity and Imaginary Frequency Integration     
                     J. Chem. Phys. 132: 234114 (2010)                       
    
                     H. Eshuis, J. E. Bates, and F. Furche                   
                     Electron Correlation Methods Based on                   
                     the Random Phase Approximation                          
                     Theor. Chem. Acc.  131: 1084 (2012)                     
    
                     G. P. Chen, V. K. Voora, M. M. Agee,                    
                     S. G. Balasubramani, and F. Furche                      
                     Random-Phase Approximation Methods                      
                     Annu. Rev. Phys. Chem. 68: 421 (2017)                   
    
                   TWO-COMPONENT RIRPA:                                      
                     M. Kuehn                                                
                     Correlation Energies from the                           
                     Two-Component Random-Phase Approximation                
                     J. Chem. Theory Comput. 10: 623 (2014)                  
    
                   RIRPA GRADIENTS:                                          
                     A. M. Burow, J. E. Bates, F. Furche*, and H. Eshuis     
                     Analytical First-Order Molecular Properties and Forces  
                     within the Adiabatic Connection Random Phase            
                     Approximation                                           
                     J. Chem. Theory Comput. 10: 180 (2014)                  
    
                   RI-AXK/RI-ACSOSEX/RI-ACSOX:                               
                     G. P. Chen, M. M. Agee, and F. Furche                   
                     Performance and Scope of Perturbative Corrections to    
                     Random-Phase Approximation Energies                     
                     J. Chem. Theory Comput. 14: 5701 (2018)                 
    
                   GKS-RPA:                                                  
                     V. K. Voora, S. G. Balasubramani, and F. Furche         
                     Variational Generalized Kohn-Sham Approach Combining    
                     the Random-Phase-Approximation and Green’s-Function     
                     Methods                                                 
                     Phys. Rev. A (accepted)                                 
    
    
    

   *-----------------------------------------------------------------------*
   |                     program will use  1 thread(s)                     |
   *-----------------------------------------------------------------------*

 MAXIMUM CORE MEMORY WHICH CAN BE ALLOCATED DYNAMICALLY = 500 MiB
              ( or 65536000 double words per process)

  Effective Core Potentials (ECPs) detected!
 
                FOUND RI-J FLAG
 
  HF exact exchange energy will be computed using RI-J.


              +--------------------------------------------------+
              | Atomic coordinate, charge and isotop information |
              +--------------------------------------------------+

                    atomic coordinates            atom    charge  isotop
          0.04177555    0.63819838    0.08372503    h      1.000     0
          0.05087020    0.56154583    2.13122035    c      6.000     0
          2.32893630    0.70729684    3.44536097    c      6.000     0
          2.34043601    0.60150710    6.07667182    c      6.000     0
          0.07454499    0.34873190    7.39498056    c      6.000     0
         -2.20383634    0.20241513    6.08232762    c      6.000     0
         -2.21661103    0.30975144    3.44972282    c      6.000     0
          4.09226324    0.89632747    2.41943551    h      1.000     0
          4.11323339    0.70889513    7.09814220    h      1.000     0
          0.08450285    0.25896932    9.44179092    h      1.000     0
         -3.96627362   -0.00106365    7.10716006    h      1.000     0
         -3.98865082    0.19200493    2.42756130    h      1.000     0
         -0.38800690   -6.36557709    3.55980701    i     53.000     0
          0.13076310  -10.34044725    3.53898313    c      6.000     0
          0.13908587  -10.97106267    1.58704091    h      1.000     0
          1.92383316  -10.75227843    4.44636905    h      1.000     0
         -1.42272644  -11.19100473    4.57391752    h      1.000     0
 
       center of nuclear mass  :   -0.19153322   -4.22475951    3.98557359
       center of nuclear charge:   -0.15881445   -3.97357494    4.04394728
              +-------------------------------------------------+
              |        Rotational Constants Section             |
              +-------------------------------------------------+
                                   Center of Mass [a.u]:
              -0.19153321603395        -4.22475951477533         3.98557358860556
                     Principal Moments of Inertia [a.u.]
             646.17440408161337      3284.03997892980897      3286.00902133048066
                       Rotational constants A,B,C [a.u.]
               0.00077378490519         0.00015225149609         0.00015216026394
                     Rotational constants A,B,C [cm**-1]
               0.09316321741653         0.01833098466605         0.01832000037300
                        Rotational constants A,B,C [MHz]
            2792.96299444896704       549.54909505948899       549.21979423821961

   * BASIS SET information:

              +--------------------------------------------------+
              |               basis set information              |
              +--------------------------------------------------+

              we will work with the 1s 3p 5d 7f 9g ... basis set
              ...i.e. with spherical basis functions...

   type   atoms  prim   cont   basis
   ---------------------------------------------------------------------------
    h        9     33     30   def2-QZVP   [4s3p2d1f|7s3p2d1f]
    c        7     77     57   def2-QZVP   [7s4p3d2f1g|15s8p3d2f1g]
    i        1    151     82   def2-QZVP   [7s6p4d4f1g|17s14p11d4f1g]
   ---------------------------------------------------------------------------
   total:   17    987    751
   ---------------------------------------------------------------------------

   total number of primitive shells          :   89
   total number of contracted shells         :  231
   total number of cartesian basis functions :  923
   total number of SCF-basis functions       :  751


   * AUXILIARY BASIS SET information:

              +--------------------------------------------------+
              |               basis set information              |
              +--------------------------------------------------+

              we will work with the 1s 3p 5d 7f 9g ... basis set
              ...i.e. with spherical basis functions...

   type   atoms  prim   cont   basis
   ---------------------------------------------------------------------------
    h        9     56     56   def2-QZVP   [6s4p3d2f1g|6s4p3d2f1g]
    c        7    141    141   def2-QZVP   [9s8p7d5f3g1h|9s8p7d5f3g1h]
    i        1    276    276   def2-QZVP   [10s10p9d8f6g5h2i|10s10p9d8f6g5h2i]
   ---------------------------------------------------------------------------
   total:   17   1767   1767
   ---------------------------------------------------------------------------

   total number of primitive shells          :   99
   total number of contracted shells         :  425
   total number of cartesian basis functions : 2401
   total number of SCF-basis functions       : 1767


   * RIJ AUXILIARY BASIS SET information:

              +--------------------------------------------------+
              |               basis set information              |
              +--------------------------------------------------+

              we will work with the 1s 3p 5d 7f 9g ... basis set
              ...i.e. with spherical basis functions...

   type   atoms  prim   cont   basis
   ---------------------------------------------------------------------------
    h        9     16     11   def2-QZVP   [3s1p1d|5s2p1d]
    c        7     70     49   def2-QZVP   [6s4p3d1f1g|12s5p4d2f1g]
    i        1     81     58   def2-QZVP   [8s4p3d2f1g|11s5p5d3f1g]
   ---------------------------------------------------------------------------
   total:   17    715    500
   ---------------------------------------------------------------------------

   total number of primitive shells          :   57
   total number of contracted shells         :  168
   total number of cartesian basis functions :  608
   total number of SCF-basis functions       :  500


 reading orbital data $scfmo  from file mos
 orbital characterization : scfconv=7

 integral neglect threshold       :  0.27E+02

 scfconv                     7
 number of unique ecp types :                     1

 there are 1 real representations :   a   

 maximum number of shells which are related by symmetry :  1

 time elapsed for calculating density matrices :   0.026 sec

     total memory allocated for calculation of (Q|P)**(-1/2) : 36 MiB


     calculation of (P|Q) ...
     time in lp2sym        cpu:  0.11 sec    wall:  0.11 sec    ratio:  1.0


     calculation of the Cholesky decomposition of (P|Q)**(-1) ...
     time in invmetri      cpu:  0.28 sec    wall:  0.28 sec    ratio:  1.0

   threshold for RMS(d[D]) in SCF was     :  0.10E-06
   integral neglect threshold             :  0.14E-11
   derivative integral neglect threshold  :  0.10E-06


 setting up bound for integral derivative estimation

 increment for numerical differentiation : 0.00050000
 
 Occupied orbital block size for RIRPA:                    27
 
 Number of passes for spin                     1 is                     1
 
 Number of eigenvalues < 6e-3:                      0
 
 
            -----------------------------
            Complex frequency integration
            -----------------------------
 
 Number of Clenshaw-Curtis nodes:                    100
 Optimized scaling parameter    :    3.83150004327166     
 Sensitivity measure            :  -1.783847577291331E-008
 
 Done with rirpa frequency point #                     1
 Done with rirpa frequency point #                     2
 Done with rirpa frequency point #                     3
 Done with rirpa frequency point #                     4
 Done with rirpa frequency point #                     5
 Done with rirpa frequency point #                     6
 Done with rirpa frequency point #                     7
 Done with rirpa frequency point #                     8
 Done with rirpa frequency point #                     9
 Done with rirpa frequency point #                    10
 Done with rirpa frequency point #                    11
 Done with rirpa frequency point #                    12
 Done with rirpa frequency point #                    13
 Done with rirpa frequency point #                    14
 Done with rirpa frequency point #                    15
 Done with rirpa frequency point #                    16
 Done with rirpa frequency point #                    17
 Done with rirpa frequency point #                    18
 Done with rirpa frequency point #                    19
 Done with rirpa frequency point #                    20
 Done with rirpa frequency point #                    21
 Done with rirpa frequency point #                    22
 Done with rirpa frequency point #                    23
 Done with rirpa frequency point #                    24
 Done with rirpa frequency point #                    25
 Done with rirpa frequency point #                    26
 Done with rirpa frequency point #                    27
 Done with rirpa frequency point #                    28
 Done with rirpa frequency point #                    29
 Done with rirpa frequency point #                    30
 Done with rirpa frequency point #                    31
 Done with rirpa frequency point #                    32
 Done with rirpa frequency point #                    33
 Done with rirpa frequency point #                    34
 Done with rirpa frequency point #                    35
 Done with rirpa frequency point #                    36
 Done with rirpa frequency point #                    37
 Done with rirpa frequency point #                    38
 Done with rirpa frequency point #                    39
 Done with rirpa frequency point #                    40
 Done with rirpa frequency point #                    41
 Done with rirpa frequency point #                    42
 Done with rirpa frequency point #                    43
 Done with rirpa frequency point #                    44
 Done with rirpa frequency point #                    45
 Done with rirpa frequency point #                    46
 Done with rirpa frequency point #                    47
 Done with rirpa frequency point #                    48
 Done with rirpa frequency point #                    49
 Done with rirpa frequency point #                    50
 Done with rirpa frequency point #                    51
 Done with rirpa frequency point #                    52
 Done with rirpa frequency point #                    53
 Done with rirpa frequency point #                    54
 Done with rirpa frequency point #                    55
 Done with rirpa frequency point #                    56
 Done with rirpa frequency point #                    57
 Done with rirpa frequency point #                    58
 Done with rirpa frequency point #                    59
 Done with rirpa frequency point #                    60
 Done with rirpa frequency point #                    61
 Done with rirpa frequency point #                    62
 Done with rirpa frequency point #                    63
 Done with rirpa frequency point #                    64
 Done with rirpa frequency point #                    65
 Done with rirpa frequency point #                    66
 Done with rirpa frequency point #                    67
 Done with rirpa frequency point #                    68
 Done with rirpa frequency point #                    69
 Done with rirpa frequency point #                    70
 Done with rirpa frequency point #                    71
 Done with rirpa frequency point #                    72
 Done with rirpa frequency point #                    73
 Done with rirpa frequency point #                    74
 Done with rirpa frequency point #                    75
 Done with rirpa frequency point #                    76
 Done with rirpa frequency point #                    77
 Done with rirpa frequency point #                    78
 Done with rirpa frequency point #                    79
 Done with rirpa frequency point #                    80
 Done with rirpa frequency point #                    81
 Done with rirpa frequency point #                    82
 Done with rirpa frequency point #                    83
 Done with rirpa frequency point #                    84
 Done with rirpa frequency point #                    85
 Done with rirpa frequency point #                    86
 Done with rirpa frequency point #                    87
 Done with rirpa frequency point #                    88
 Done with rirpa frequency point #                    89
 Done with rirpa frequency point #                    90
 Done with rirpa frequency point #                    91
 Done with rirpa frequency point #                    92
 Done with rirpa frequency point #                    93
 Done with rirpa frequency point #                    94
 Done with rirpa frequency point #                    95
 Done with rirpa frequency point #                    96
 Done with rirpa frequency point #                    97
 Done with rirpa frequency point #                    98
 Done with rirpa frequency point #                    99
 Done with rirpa frequency point #                   100
 


 RI-RPA correlation energy: -0.2796077973116229E+01
 Allocatable memory for RI due to $ricore (MB):                   500

 there are 1 real representations :   a   

 maximum number of shells which are related by symmetry :  1

  
           ------------------------
               RI-J - INFORMATION
           ------------------------
 Contributions to RI integral batches: 
  neglected integral batches:                  6047
  direct contribution:                        10185
  memory contribution:                 10564

         -----------------
         -S,T+V- integrals
         -----------------

 1e-integrals will be neglected if expon. factor < 0.138831E-11


          ----------------
          -ecp-  integrals
          ----------------

          ------------------------
          nuclear repulsion energy  :   438.125703388    
          ------------------------


                  --------------------------------------------------- 
                 |  HXX+RIRPA total energy     =   -569.80822636700  |
                  ---------------------------------------------------- 
                 :  RIRPA correlation energy   =     -2.79607797312  :
                 :  HXX total energy           =   -567.01214839388  :
                 :  Hartree energy             =    809.70590490845  :
                 :  Exact Exchange energy      =    -60.57572232277  :
                  .................................................... 


    ------------------------------------------------------------------------
    Rirpa profiling                cpu                    wall         ratio
    ------------------------------------------------------------------------
    module                         sec     %               sec     %
    ------------------------------------------------------------------------
    RIRPA                       599.4  100.00          599.5  100.00   1.0
    riccbound                     5.1    0.84            5.1    0.84   1.0
    ccmkbaoi                     27.2    4.54           27.2    4.54   1.0
    ecrpa                       179.1   29.89          179.2   29.89   1.0
    qbuild                      173.1   28.88          173.1   28.87   1.0
    rparenrm                      5.6    0.93            5.5    0.93   1.0
    ehxx                        386.8   64.54          386.8   64.53   1.0
    ------------------------------------------------------------------------
    sum                        1377.5  229.82         1377.7  229.82   1.0
    ------------------------------------------------------------------------


    ------------------------------------------------------------------------
         total  cpu-time :  9 minutes and 59 seconds
         total wall-time : 10 minutes and  0 seconds
    ------------------------------------------------------------------------

   ****  rirpa : all done  ****


    2020-07-18 03:05:15.555 

