
 ridft (tigris) : TURBOMOLE rev. V7.4.1 (b987a8a8) compiled 15 Oct 2019 at 12:03:25
 Copyright (C) 2019 TURBOMOLE GmbH, Karlsruhe


    2020-12-12 01:48:27.609 



                                  r i d f t

                        DFT program with RI approximation 
                                for coulomb part 




                                                 
                                 References:     
                                                 
          TURBOMOLE:                             
              R. Ahlrichs, M. Baer, M. Haeser, H. Horn, and
              C. Koelmel
              Electronic structure calculations on workstation
              computers: the program system TURBOMOLE
              Chem. Phys. Lett. 162: 165 (1989)
          Density Functional:                              
              O. Treutler and R. Ahlrichs                      
              Efficient Molecular Numerical Integration Schemes
              J. Chem. Phys. 102: 346 (1995)                   
          Parallel Version:                                
              Performance of parallel TURBOMOLE for Density    
              Functional Calculations                          
              M. v. Arnim and R. Ahlrichs                      
              J. Comp. Chem. 19: 1746 (1998)                   
          RI-J Method:                                     
              Auxiliary Basis Sets to approximate Coulomb      
              Potentials                                       
              Chem. Phys. Lett. 240: 283 (1995)                
              K. Eichkorn, O. Treutler, H. Oehm, M. Haeser     
              and R. Ahlrichs                                  
              Chem. Phys. Lett. 242: 652 (1995)                
                                                           
              Auxiliary Basis Sets for Main Row Atoms and their
              Use to approximate Coulomb Potentials            
              K. Eichkorn, F. Weigend, O. Treutler and         
              R. Ahlrichs                                      
              Theo. Chem. Acc. 97: 119 (1997)                   
                                                           
              Accurate Coulomb-fitting basis sets for H to Rn 
              F. Weigend                                        
              Phys. Chem. Chem. Phys. 8: 1057 (2006)            
                                                           
          Multipole accelerated RI-J (MARI-J):             
              Fast evaluation of the Coulomb potential for     
              electron densities using multipole accelerated   
              resolution of identity approximation             
              M. Sierka, A. Hogekamp and R. Ahlrichs           
              J. Chem. Phys. 118: 9136 (2003)                  
          RI-JK Method:                                     
              A fully direct RI-HF algorithm: Implementation,
              optimised auxiliary basis sets, demonstration of
              accuracy and efficiency                         
              F. Weigend                                      
              Phys. Chem. Chem. Phys. 4: 4285 (2002)           
          Two-component HF and DFT with spin-orbit coupling:  
              Self-consistent treatment of spin-orbit         
              interactions with efficient Hartree-Fock and    
              density functional methods                      
              M. K. Armbruster, F. Weigend, C. van Wüllen and 
              W. Klopper                                      
              Phys. Chem. Chem. Phys. 10: 1748 (2008)         
          Two-component difference density and DIIS algorithm 
              Efficient two-component self-consistent field   
              procedures and gradients: implementation in     
              TURBOMOLE and application to Au20-              
              A. Baldes, F. Weigend                           
              Mol. Phys. 111: 2617 (2013)                     
          Relativistic all-electron 2c calculations           
              An efficient implementation of two-component    
              relativistic exact-decoupling methods for large 
              molecules                                       
              D. Peng, N. Middendorf, F. Weigend, M. Reiher   
              J. Chem. Phys. 138: 184105 (2013)               
          Finite nucleus model and SNSO approximation         
              Efficient implementation of one- and two-       
              component analytical energy gradients in exact  
              two-component theory                            
              Y. J. Franzke, N. Middendorf, F. Weigend        
              J. Chem. Phys. 148: 104110 (2018)               
                                         




              +--------------------------------------------------+
              |      general information about current run       |
              +--------------------------------------------------+

 

 DENSITY CONVERGENCE CHECK SWITCHED ON !
 SCF CONVERGENCE IF RMS(delta[D]) <     0.1000000000E-06

 TPSS meta-GGA functional
 exchange:    LDA + TPSS
 correlation: LDA (PW) + TPSS
 A DFT calculation using the RI-J approximation will be carried out.
 Allocatable memory for RI due to $ricore (MB):                   500


              +--------------------------------------------------+
              | Atomic coordinate, charge and isotop information |
              +--------------------------------------------------+

                    atomic coordinates            atom    charge  isotop
         -0.00005387   -0.00087292    4.07831061    c      6.000     0
         -2.74778224    1.58505939    3.05424154    cl    17.000     0
          2.74793492    1.58483720    3.05419147    cl    17.000     0
         -0.00016516   -3.17435257    3.05720449    cl    17.000     0
          0.00001076    0.00050517    6.12140110    h      1.000     0
         -0.00004364    0.00087290   -3.59105597    c      6.000     0
          0.00004647   -0.00265902   -5.64283756    h      1.000     0
         -1.67335301   -0.96427450   -2.90105739    h      1.000     0
          1.67358558   -0.96399050   -2.90098855    h      1.000     0
         -0.00017619    1.93439607   -2.90600719    h      1.000     0
 
       center of nuclear mass  :   -0.00001107   -0.00113697    2.38150951
       center of nuclear charge:   -0.00001005   -0.00105551    2.21338052

              +--------------------------------------------------+
              |               basis set information              |
              +--------------------------------------------------+

              we will work with the 1s 3p 5d 7f 9g ... basis set
              ...i.e. with spherical basis functions...

   type   atoms  prim   cont   basis
   ---------------------------------------------------------------------------
    c        2     77     57   def2-QZVP   [7s4p3d2f1g|15s8p3d2f1g]
    cl       3    105     70   def2-QZVP   [9s6p4d2f1g|20s14p4d2f1g]
    h        5     33     30   def2-QZVP   [4s3p2d1f|7s3p2d1f]
   ---------------------------------------------------------------------------
   total:   10    634    474
   ---------------------------------------------------------------------------

   total number of primitive shells          :   83
   total number of contracted shells         :  150
   total number of cartesian basis functions :  577
   total number of SCF-basis functions       :  474


 integral neglect threshold       :  0.58E-11
 integral storage threshold THIZE :  0.10E-04
 integral storage threshold THIME :         5

 RI-J AUXILIARY BASIS SET information:

              we will work with the 1s 3p 5d 7f 9g ... basis set
              ...i.e. with spherical basis functions...

   type   atoms  prim   cont   basis
   ---------------------------------------------------------------------------
    c        2     70     49   def2-QZVP   [6s4p3d1f1g|12s5p4d2f1g]
    cl       3     77     51   def2-QZVP   [8s4p3d1f1g|14s5p5d2f1g]
    h        5     16     11   def2-QZVP   [3s1p1d|5s2p1d]
   ---------------------------------------------------------------------------
   total:   10    451    306
   ---------------------------------------------------------------------------

   total number of primitive shells          :   59
   total number of contracted shells         :  106
   total number of cartesian basis functions :  371
   total number of SCF-basis functions       :  306


 symmetry group of the molecule :   c1 

 the group has the following generators :
   c1(z)

    1 symmetry operations found

 there are 1 real representations :   a   

 maximum number of shells which are related by symmetry :  1


    mo occupation :
   irrep   mo's   occupied
    a      474       34
 
 number of basis functions   :                    474
 number of occupied orbitals :                     34
 
  
           ------------------
           density functional
           ------------------
 TPSS meta-GGA functional
 exchange:    LDA + TPSS
 correlation: LDA (PW) + TPSS

 spherical integration : Lebedev's spherical grid
 spherical gridsize    :                     5
    i.e. gridpoints    :                   590
 value for diffuse not defined
 radial integration    : Chebyshev 2nd kind (scaling 3)
 radial gridsize       :                     8
 integration cells     :                    10
 partition function    : becke
 partition sharpness   :                     3
  

 biggest AO integral is expected to be    12.165751258
  
           ------------------------
               RI-J - INFORMATION
           ------------------------
 Contributions to RI integral batches: 
  neglected integral batches:                  2532
  direct contribution:                            0
  memory contribution:                  8793
 Memory core needed for (P|Q) and Cholesky      1 MByte
 Memory core minimum needed except of (P|Q)     2 MByte
 Total minimum memory core needed (sum)         2 MByte
  
 ****************************************
 Memory allocated for RI-J   391 MByte
 ****************************************
                                            

          ------------------------
          nuclear repulsion energy  :   355.440729368    
          ------------------------


         -----------------
         -S,T+V- integrals
         -----------------

 1e-integrals will be neglected if expon. factor < 0.579196E-12
 
   Difference densities algorithm switched on.
   The maximal number of linear combinations of
   difference densities is                    20 .

 DIIS switched on: error vector is FDS-SDF
 Max. Iterations for DIIS is     :   4
 DIIS matrix (see manual) 
    Scaling factor of diagonals  :  1.200
    threshold for scaling factor :  0.000

 scf convergence criterion : increment of total energy < .1000000D-06
                  and increment of one-electron energy < .1000000D-03

  MOs are in ASCII format !


 automatic virtual orbital shift switched on 
      shift if e(lumo)-e(homo) < 0.10000000    


 reading orbital data $scfmo  from file mos
 orbital characterization : scfconv=7

 DSCF restart information will be dumped onto file mos


 Starting SCF iterations

          Overall gridpoints after grid construction =        166352

 ITERATION  ENERGY          1e-ENERGY        2e-ENERGY     RMS[dD(SAO)]   TOL
   1  -1460.0023279077    -2719.6606626     904.21760535    0.000D+00 0.578D-11
                            Exc = -97.4729525823     Coul =  1001.69055793    
                              N = 67.999997375    
                            current damping = 0.300
 
          max. resid. norm for Fia-block=  1.841D-01 for orbital      2a         
          max. resid. fock norm         =  2.835D-01 for orbital    452a         

 ITERATION  ENERGY          1e-ENERGY        2e-ENERGY     RMS[dD(SAO)]   TOL
   2  -1460.0064044167    -2719.8344956     904.38736178    0.696D-03 0.367D-11
                            Exc = -97.5338516630     Coul =  1001.92121345    
                              N = 67.999997553    
                            current damping = 0.250
 
          Norm of current diis error: 0.11839    
          max. resid. norm for Fia-block=  4.276D-02 for orbital      1a         
          max. resid. fock norm         =  7.848D-02 for orbital    452a         

 ITERATION  ENERGY          1e-ENERGY        2e-ENERGY     RMS[dD(SAO)]   TOL
   3  -1460.0063504331    -2719.9173182     904.47023842    0.179D-03 0.298D-11
                            Exc = -97.5416491384     Coul =  1002.01188756    
                              N = 67.999997614    
                            current damping = 0.300
 
          Norm of current diis error: 0.11503    
          max. resid. norm for Fia-block=  8.732D-03 for orbital      3a         
          max. resid. fock norm         =  1.550D-02 for orbital    452a         

 ITERATION  ENERGY          1e-ENERGY        2e-ENERGY     RMS[dD(SAO)]   TOL
   4  -1460.0067248983    -2719.8308258     904.38337158    0.553D-04 0.282D-11
                            Exc = -97.5420536158     Coul =  1001.92542519    
                              N = 67.999997622    
                            current damping = 0.350
 
          Norm of current diis error: 0.22982E-01
          max. resid. norm for Fia-block=  2.146D-03 for orbital      2a         
          max. resid. fock norm         =  4.653D-03 for orbital    451a         

 ITERATION  ENERGY          1e-ENERGY        2e-ENERGY     RMS[dD(SAO)]   TOL
   5  -1460.0067354627    -2719.8579617     904.41049687    0.132D-04 0.268D-11
                            Exc = -97.5432292416     Coul =  1001.95372611    
                              N = 67.999997620    
                            current damping = 0.400
 
          Norm of current diis error: 0.10239E-01
          max. resid. norm for Fia-block=  5.561D-04 for orbital      3a         
          max. resid. fock norm         =  1.610D-03 for orbital    452a         
          mo-orthogonalization: Cholesky decomposition

 ITERATION  ENERGY          1e-ENERGY        2e-ENERGY     RMS[dD(SAO)]   TOL
   6  -1460.0067378909    -2719.8529024     904.40543516    0.471D-05 0.258D-11
                            Exc = -97.5438629128     Coul =  1001.94929807    
                              N = 67.999997624    
                            current damping = 0.450
 
          Norm of current diis error: 0.18856E-02
          max. resid. norm for Fia-block=  1.533D-04 for orbital      4a         
          max. resid. fock norm         =  4.912D-04 for orbital    451a         

 ITERATION  ENERGY          1e-ENERGY        2e-ENERGY     RMS[dD(SAO)]   TOL
   7  -1460.0067380115    -2719.8496425     904.40217510    0.112D-05 0.250D-11
                            Exc = -97.5436063802     Coul =  1001.94578148    
                              N = 67.999997624    
                            current damping = 0.300
 
          Norm of current diis error: 0.31345E-03
          max. resid. norm for Fia-block=  5.282D-05 for orbital      4a         
          max. resid. fock norm         =  1.782D-04 for orbital    452a         

 ITERATION  ENERGY          1e-ENERGY        2e-ENERGY     RMS[dD(SAO)]   TOL
   8  -1460.0067380137    -2719.8508843     904.40341689    0.392D-06 0.242D-11
                            Exc = -97.5436996787     Coul =  1001.94711656    
                              N = 67.999997624    
                            current damping = 0.350
 
          Norm of current diis error: 0.12474E-03
          max. resid. norm for Fia-block=  1.343D-05 for orbital      4a         
          max. resid. fock norm         =  4.962D-05 for orbital    451a         

 ITERATION  ENERGY          1e-ENERGY        2e-ENERGY     RMS[dD(SAO)]   TOL
   9  -1460.0067380143    -2719.8502455     904.40277810    0.128D-06 0.236D-11
                            Exc = -97.5436650503     Coul =  1001.94644315    
                              N = 67.999997624    
                            current damping = 0.400
 
          Norm of current diis error: 0.42130E-04
          max. resid. norm for Fia-block=  4.095D-06 for orbital      4a         
          max. resid. fock norm         =  1.824D-05 for orbital    451a         

 ENERGY & DENSITY CONVERGED !


 ITERATION  ENERGY          1e-ENERGY        2e-ENERGY     RMS[dD(SAO)]   TOL
  10  -1460.0067380144    -2719.8503222     904.40285484    0.343D-07 0.231D-11
                            Exc = -97.5436696358     Coul =  1001.94652447    
                              N = 67.999997624    
                            current damping = 0.450
 
          Norm of current diis error: 0.10096E-04
          max. resid. norm for Fia-block=  1.178D-06 for orbital      4a         
          max. resid. fock norm         =  5.689D-06 for orbital    451a         

 End of SCF iterations

   convergence criteria satisfied after    10 iterations


                  ------------------------------------------ 
                 |  total energy      =  -1460.00673801436  |
                  ------------------------------------------ 
                 :  kinetic energy    =   1457.79793590550  :
                 :  potential energy  =  -2917.80467391986  :
                 :  virial theorem    =      1.99848712883  :
                 :  wavefunction norm =      1.00000000000  :
                  .......................................... 


 <geterg> : there is no data group $energy 


 <skperg> : $end is missing 


 orbitals $scfmo  will be written to file mos

    irrep                 30a         31a         32a         33a         34a   
 eigenvalues H         -0.32419    -0.29712    -0.29711    -0.29326    -0.27909
            eV          -8.8217     -8.0850     -8.0848     -7.9801     -7.5944
 occupation              2.0000      2.0000      2.0000      2.0000      2.0000

    irrep                 35a         36a         37a         38a         39a   
 eigenvalues H         -0.07256    -0.02544    -0.02542     0.01075     0.02780
            eV          -1.9744     -0.6922     -0.6918      0.2926      0.7565
 
 
 
 
 ==============================================================================
                           electrostatic moments
 ==============================================================================

 reference point for electrostatic moments:    0.00000   0.00000   0.00000

 
              nuc           elec       ->  total
 ------------------------------------------------------------------------------
                          charge      
 ------------------------------------------------------------------------------
          68.000000     -68.000000      -0.000000
 
 ------------------------------------------------------------------------------
                       dipole moment  
 ------------------------------------------------------------------------------
   x      -0.000684       0.000587      -0.000097
   y      -0.071775       0.071976       0.000202
   z     150.509876    -150.076756       0.433119
 
   | dipole moment | =     0.4331 a.u. =     1.1009 debye 
 
 ------------------------------------------------------------------------------
                     quadrupole moment
 ------------------------------------------------------------------------------
  xx     262.325710    -301.290070     -38.964360
  yy     262.311828    -301.275713     -38.963886
  zz     747.810311    -782.736932     -34.926621
  xy       0.002558      -0.002707      -0.000150
  xz      -0.003617       0.003313      -0.000304
  yz      -0.442105       0.443114       0.001010
 
     1/3  trace=     -37.618289
     anisotropy=       4.037502
 
 ==============================================================================
 
HOMO-LUMO Separation
 HOMO         :   -0.27908736 H =     -7.59436 eV
 LUMO         :   -0.07255861 H =     -1.97442 eV
 HOMO-LUMO gap:    0.20652874 H =     +5.61994 eV
 
 ==============================================================================


    ------------------------------------------------------------------------
         total  cpu-time :  2 minutes and 29 seconds
         total wall-time :  2 minutes and 29 seconds
    ------------------------------------------------------------------------

   ****  ridft : all done  ****


    2020-12-12 01:50:56.596 

 ridft ended normally
