
 ridft (tigris) : TURBOMOLE rev. V7.4.1 (b987a8a8) compiled 15 Oct 2019 at 12:03:25
 Copyright (C) 2019 TURBOMOLE GmbH, Karlsruhe


    2020-08-30 23:30:27.810 



                                  r i d f t

                        DFT program with RI approximation 
                                for coulomb part 




                                                 
                                 References:     
                                                 
          TURBOMOLE:                             
              R. Ahlrichs, M. Baer, M. Haeser, H. Horn, and
              C. Koelmel
              Electronic structure calculations on workstation
              computers: the program system TURBOMOLE
              Chem. Phys. Lett. 162: 165 (1989)
          Density Functional:                              
              O. Treutler and R. Ahlrichs                      
              Efficient Molecular Numerical Integration Schemes
              J. Chem. Phys. 102: 346 (1995)                   
          Parallel Version:                                
              Performance of parallel TURBOMOLE for Density    
              Functional Calculations                          
              M. v. Arnim and R. Ahlrichs                      
              J. Comp. Chem. 19: 1746 (1998)                   
          RI-J Method:                                     
              Auxiliary Basis Sets to approximate Coulomb      
              Potentials                                       
              Chem. Phys. Lett. 240: 283 (1995)                
              K. Eichkorn, O. Treutler, H. Oehm, M. Haeser     
              and R. Ahlrichs                                  
              Chem. Phys. Lett. 242: 652 (1995)                
                                                           
              Auxiliary Basis Sets for Main Row Atoms and their
              Use to approximate Coulomb Potentials            
              K. Eichkorn, F. Weigend, O. Treutler and         
              R. Ahlrichs                                      
              Theo. Chem. Acc. 97: 119 (1997)                   
                                                           
              Accurate Coulomb-fitting basis sets for H to Rn 
              F. Weigend                                        
              Phys. Chem. Chem. Phys. 8: 1057 (2006)            
                                                           
          Multipole accelerated RI-J (MARI-J):             
              Fast evaluation of the Coulomb potential for     
              electron densities using multipole accelerated   
              resolution of identity approximation             
              M. Sierka, A. Hogekamp and R. Ahlrichs           
              J. Chem. Phys. 118: 9136 (2003)                  
          RI-JK Method:                                     
              A fully direct RI-HF algorithm: Implementation,
              optimised auxiliary basis sets, demonstration of
              accuracy and efficiency                         
              F. Weigend                                      
              Phys. Chem. Chem. Phys. 4: 4285 (2002)           
          Two-component HF and DFT with spin-orbit coupling:  
              Self-consistent treatment of spin-orbit         
              interactions with efficient Hartree-Fock and    
              density functional methods                      
              M. K. Armbruster, F. Weigend, C. van Wüllen and 
              W. Klopper                                      
              Phys. Chem. Chem. Phys. 10: 1748 (2008)         
          Two-component difference density and DIIS algorithm 
              Efficient two-component self-consistent field   
              procedures and gradients: implementation in     
              TURBOMOLE and application to Au20-              
              A. Baldes, F. Weigend                           
              Mol. Phys. 111: 2617 (2013)                     
          Relativistic all-electron 2c calculations           
              An efficient implementation of two-component    
              relativistic exact-decoupling methods for large 
              molecules                                       
              D. Peng, N. Middendorf, F. Weigend, M. Reiher   
              J. Chem. Phys. 138: 184105 (2013)               
          Finite nucleus model and SNSO approximation         
              Efficient implementation of one- and two-       
              component analytical energy gradients in exact  
              two-component theory                            
              Y. J. Franzke, N. Middendorf, F. Weigend        
              J. Chem. Phys. 148: 104110 (2018)               
                                         




              +--------------------------------------------------+
              |      general information about current run       |
              +--------------------------------------------------+

 

 DENSITY CONVERGENCE CHECK SWITCHED ON !
 SCF CONVERGENCE IF RMS(delta[D]) <     0.1000000000E-06

 PBE functional
 exchange:    LDA + PBE
 correlation: LDA (PW) + PBE
 A DFT calculation using the RI-J approximation will be carried out.
 Allocatable memory for RI due to $ricore (MB):                   500


              +--------------------------------------------------+
              | Atomic coordinate, charge and isotop information |
              +--------------------------------------------------+

                    atomic coordinates            atom    charge  isotop
         -7.46430470   -0.00027108   -7.21100011    o      8.000     0
         -7.18212773    0.00712710   -9.49740750    c      6.000     0
         -4.56132053    0.02632136  -10.63696765    c      6.000     0
         -9.45636337   -0.00286417  -11.22915920    c      6.000     0
         -3.55464684    1.68437044   -9.95030046    h      1.000     0
         -3.53393574   -1.62229837   -9.95831305    h      1.000     0
         -4.57441795    0.03121928  -12.68785396    h      1.000     0
        -10.61321191    1.64430414  -10.80434186    h      1.000     0
        -10.59261682   -1.66629995  -10.81222523    h      1.000     0
         -8.95739112    0.00498734  -13.21841230    h      1.000     0
 
       center of nuclear mass  :   -7.16620675    0.00757406   -9.64266883
       center of nuclear charge:   -7.14811024    0.00805062   -9.79064543

              +--------------------------------------------------+
              |               basis set information              |
              +--------------------------------------------------+

              we will work with the 1s 3p 5d 7f 9g ... basis set
              ...i.e. with spherical basis functions...

   type   atoms  prim   cont   basis
   ---------------------------------------------------------------------------
    o        1     77     57   def2-QZVP   [7s4p3d2f1g|15s8p3d2f1g]
    c        3     77     57   def2-QZVP   [7s4p3d2f1g|15s8p3d2f1g]
    h        6     33     30   def2-QZVP   [4s3p2d1f|7s3p2d1f]
   ---------------------------------------------------------------------------
   total:   10    506    408
   ---------------------------------------------------------------------------

   total number of primitive shells          :   71
   total number of contracted shells         :  128
   total number of cartesian basis functions :  498
   total number of SCF-basis functions       :  408


 integral neglect threshold       :  0.67E-11
 integral storage threshold THIZE :  0.10E-04
 integral storage threshold THIME :         5

 RI-J AUXILIARY BASIS SET information:

              we will work with the 1s 3p 5d 7f 9g ... basis set
              ...i.e. with spherical basis functions...

   type   atoms  prim   cont   basis
   ---------------------------------------------------------------------------
    o        1     70     49   def2-QZVP   [6s4p3d1f1g|12s5p4d2f1g]
    c        3     70     49   def2-QZVP   [6s4p3d1f1g|12s5p4d2f1g]
    h        6     16     11   def2-QZVP   [3s1p1d|5s2p1d]
   ---------------------------------------------------------------------------
   total:   10    376    262
   ---------------------------------------------------------------------------

   total number of primitive shells          :   56
   total number of contracted shells         :   90
   total number of cartesian basis functions :  316
   total number of SCF-basis functions       :  262


 symmetry group of the molecule :   c1 

 the group has the following generators :
   c1(z)

    1 symmetry operations found

 there are 1 real representations :   a   

 maximum number of shells which are related by symmetry :  1


    mo occupation :
   irrep   mo's   occupied
    a      408       16
 
 number of basis functions   :                    408
 number of occupied orbitals :                     16
 
  
           ------------------
           density functional
           ------------------
 PBE functional
 exchange:    LDA + PBE
 correlation: LDA (PW) + PBE

 spherical integration : Lebedev's spherical grid
 spherical gridsize    :                     5
    i.e. gridpoints    :                   590
 value for diffuse not defined
 radial integration    : Chebyshev 2nd kind (scaling 3)
 radial gridsize       :                     8
 integration cells     :                    10
 partition function    : becke
 partition sharpness   :                     3
  

 biggest AO integral is expected to be     6.990327543
  
           ------------------------
               RI-J - INFORMATION
           ------------------------
 Contributions to RI integral batches: 
  neglected integral batches:                   670
  direct contribution:                            0
  memory contribution:                  7586
 Memory core needed for (P|Q) and Cholesky      1 MByte
 Memory core minimum needed except of (P|Q)     1 MByte
 Total minimum memory core needed (sum)         2 MByte
  
 ****************************************
 Memory allocated for RI-J   283 MByte
 ****************************************
                                            

          ------------------------
          nuclear repulsion energy  :   119.381176440    
          ------------------------

  _________________________________
 |                                 |
 |         DFTD3 V3.1 Rev 0        |
 | S.Grimme, University Bonn       |
 |            June  2014           |
 |   see standalone version        |
 |       dftd3 -h for options      |
 |_________________________________|
 
 Please cite DFT-D3 work done with this code as:
 S. Grimme, J. Antony, S. Ehrlich and H. Krieg,
 J. Chem. Phys, 132 (2010), 154104.
 If used with BJ-damping cite also
 S. Grimme, S. Ehrlich and L. Goerigk,
 J. Comput. Chem. 32 (2011), 1456-1465
 For DFT-D2 the reference is
 S. Grimme, J. Comput. Chem., 27 (2006), 1787-1799
 
C6 coefficients used:
                     2  C6 for element                      1
Z=  1 CN= 0.912     C6(AA)=    3.03
Z=  1 CN= 0.000     C6(AA)=    7.59
                     5  C6 for element                      6
Z=  6 CN= 0.000     C6(AA)=   49.11
Z=  6 CN= 0.987     C6(AA)=   43.25
Z=  6 CN= 1.998     C6(AA)=   29.36
Z=  6 CN= 2.999     C6(AA)=   25.78
Z=  6 CN= 3.984     C6(AA)=   18.21
                     3  C6 for element                      8
Z=  8 CN= 0.000     C6(AA)=   15.51
Z=  8 CN= 0.993     C6(AA)=   12.82
Z=  8 CN= 1.989     C6(AA)=   10.37

#           XYZ [au]              R0(AA) [Ang.]  CN          C6(AA)     C8(AA)   C10(AA) [au]
  1  -7.46430  -0.00027  -7.21100   o   0.510  1.054        12.8       257.7      6369.5
  2  -7.18213   0.00713  -9.49741   c   0.610  3.017        25.6       741.6     26273.6
  3  -4.56132   0.02632 -10.63697   c   0.610  4.024        18.3       529.4     18756.9
  4  -9.45636  -0.00286 -11.22916   c   0.610  4.025        18.3       529.4     18756.5
  5  -3.55465   1.68437  -9.95030   h   0.395  0.999         3.1        37.4       553.3
  6  -3.53394  -1.62230  -9.95831   h   0.395  0.999         3.1        37.4       553.3
  7  -4.57442   0.03122 -12.68785   h   0.395  0.999         3.1        37.4       553.3
  8 -10.61321   1.64430 -10.80434   h   0.395  0.999         3.1        37.4       553.3
  9 -10.59262  -1.66630 -10.81223   h   0.395  0.999         3.1        37.4       553.3
 10  -8.95739   0.00499 -13.21841   h   0.395  0.999         3.1        37.4       553.3

molecular C6(AA) [au] =       764.22

           DFT-D V3(BJ)
 DF pbe                                               
 parameters
 s6       :    1.0000
 s8       :    0.7875
 a1       :    0.4289
 a2       :    4.4407
 k1-k3    :   16.0000    1.3333   -4.0000
 
 Edisp /kcal,au:    -3.6928 -0.00588488

 E6    /kcal :    -2.6583
 E8    /kcal :    -1.0346
 % E8        : 28.02
 nuclear repulsion energy                  =     119.381176440
 empirical dispersive energy correction    =      -0.005884882
 nuclear repulsion + dispersion correction =     119.375291558


         -----------------
         -S,T+V- integrals
         -----------------

 1e-integrals will be neglected if expon. factor < 0.671077E-12
 
   Difference densities algorithm switched on.
   The maximal number of linear combinations of
   difference densities is                    20 .

 DIIS switched on: error vector is FDS-SDF
 Max. Iterations for DIIS is     :   4
 DIIS matrix (see manual) 
    Scaling factor of diagonals  :  1.200
    threshold for scaling factor :  0.000

 scf convergence criterion : increment of total energy < .1000000D-06
                  and increment of one-electron energy < .1000000D-03

  MOs are in ASCII format !


 automatic virtual orbital shift switched on 
      shift if e(lumo)-e(homo) < 0.10000000    


 reading orbital data $scfmo  from file mos
 orbital characterization : scfconv=7

 DSCF restart information will be dumped onto file mos


 Starting SCF iterations

          Overall gridpoints after grid construction =        153118

 ITERATION  ENERGY          1e-ENERGY        2e-ENERGY     RMS[dD(SAO)]   TOL
   1  -193.00541710895    -497.40223221     185.02152354    0.000D+00 0.669D-11
                            Exc = -26.8430004432     Coul =  211.864523982    
                              N = 32.000001754    
                            current damping = 0.300
 
          max. resid. norm for Fia-block=  9.182D-06 for orbital     15a         
          max. resid. fock norm         =  1.166D-05 for orbital    211a         

 ITERATION  ENERGY          1e-ENERGY        2e-ENERGY     RMS[dD(SAO)]   TOL
   2  -193.00541710812    -497.40223220     185.02152353    0.189D-06 0.424D-11
                            Exc = -26.8429923089     Coul =  211.864515840    
                              N = 32.000001754    
                            current damping = 0.300
 
          Norm of current diis error: 0.20855E-03
          max. resid. norm for Fia-block=  4.494D-06 for orbital     15a         
          max. resid. fock norm         =  5.665D-06 for orbital    220a         

 ENERGY & DENSITY CONVERGED !


 ITERATION  ENERGY          1e-ENERGY        2e-ENERGY     RMS[dD(SAO)]   TOL
   3  -193.00541710917    -497.40228151     185.02157284    0.869D-07 0.403D-11
                            Exc = -26.8430039863     Coul =  211.864576826    
                              N = 32.000001754    
                            current damping = 0.350
 
          Norm of current diis error: 0.63259E-04
          max. resid. norm for Fia-block=  1.489D-06 for orbital     15a         
          max. resid. fock norm         =  2.030D-06 for orbital     13a         

 End of SCF iterations

   convergence criteria satisfied after     3 iterations


                  ------------------------------------------ 
                 |  total energy      =   -193.00541710917  |
                  ------------------------------------------ 
                 :  kinetic energy    =    192.23492090973  :
                 :  potential energy  =   -385.24033801890  :
                 :  virial theorem    =      1.99600790376  :
                 :  wavefunction norm =      1.00000000000  :
                  .......................................... 


 orbitals $scfmo  will be written to file mos

    irrep                 12a         13a         14a         15a         16a   
 eigenvalues H         -0.36788    -0.35263    -0.33732    -0.30685    -0.20775
            eV         -10.0107     -9.5956     -9.1790     -8.3498     -5.6533
 occupation              2.0000      2.0000      2.0000      2.0000      2.0000

    irrep                 17a         18a         19a         20a         21a   
 eigenvalues H         -0.06624    -0.00259     0.03542     0.04386     0.06820
            eV          -1.8024     -0.0706      0.9639      1.1935      1.8557
 
 
 
 
 ==============================================================================
                           electrostatic moments
 ==============================================================================

 reference point for electrostatic moments:    0.00000   0.00000   0.00000

 
              nuc           elec       ->  total
 ------------------------------------------------------------------------------
                          charge      
 ------------------------------------------------------------------------------
          32.000000     -32.000000      -0.000000
 
 ------------------------------------------------------------------------------
                       dipole moment  
 ------------------------------------------------------------------------------
   x    -228.739528     228.875365       0.135838
   y       0.257620      -0.254088       0.003532
   z    -313.300654     312.212517      -1.088137
 
   | dipole moment | =     1.0966 a.u. =     2.7873 debye 
 
 ------------------------------------------------------------------------------
                     quadrupole moment
 ------------------------------------------------------------------------------
  xx    1767.723398   -1787.183985     -19.460586
  yy      10.954758     -28.984183     -18.029425
  zz    3160.149816   -3160.622201      -0.472385
  xy      -1.091391       1.069134      -0.022257
  xz    2244.306558   -2237.334298       6.972260
  yz      -2.693280       2.662407      -0.030873
 
     1/3  trace=     -12.654132
     anisotropy=      21.937785
 
 ==============================================================================
 
HOMO-LUMO Separation
 HOMO         :   -0.20775206 H =     -5.65322 eV
 LUMO         :   -0.06623678 H =     -1.80240 eV
 HOMO-LUMO gap:    0.14151528 H =     +3.85083 eV
 
 ==============================================================================


    ------------------------------------------------------------------------
         total  cpu-time :  13.68 seconds
         total wall-time :  13.68 seconds
    ------------------------------------------------------------------------

   ****  ridft : all done  ****


    2020-08-30 23:30:41.476 

 ridft ended normally
