
   OpenMP run-time library returned nthreads = 20

 rirpa (c-15-19) : TURBOMOLE rev. V7.5.0 compiled 17 Jun 2020 at 09:15:30
 Copyright (C) 2020 TURBOMOLE GmbH, Karlsruhe


    2020-07-21 01:30:35.250 

 
 
    *************************************************************************
    *************************** PROGRAM RIRPA *******************************
    ******                                                             ******
    ******              H. Eshuis, J. E. Bates and F. Furche           ******
    ******                                                             ******
    ****** Nov 2011                                                    ******
    ****** Copyright TURBOMOLE GmbH                                    ******
    *************************************************************************
    
    
                                References:                                  
    
                   RIRPA:                                                    
                     H. Eshuis, J. Yarkony, and F. Furche                    
                     Fast Computation of Molecular Random Phase              
                     Approximation Correlation Energies Using Resolution     
                     of the Identity and Imaginary Frequency Integration     
                     J. Chem. Phys. 132: 234114 (2010)                       
    
                     H. Eshuis, J. E. Bates, and F. Furche                   
                     Electron Correlation Methods Based on                   
                     the Random Phase Approximation                          
                     Theor. Chem. Acc.  131: 1084 (2012)                     
    
                     G. P. Chen, V. K. Voora, M. M. Agee,                    
                     S. G. Balasubramani, and F. Furche                      
                     Random-Phase Approximation Methods                      
                     Annu. Rev. Phys. Chem. 68: 421 (2017)                   
    
                   TWO-COMPONENT RIRPA:                                      
                     M. Kuehn                                                
                     Correlation Energies from the                           
                     Two-Component Random-Phase Approximation                
                     J. Chem. Theory Comput. 10: 623 (2014)                  
    
                   RIRPA GRADIENTS:                                          
                     A. M. Burow, J. E. Bates, F. Furche*, and H. Eshuis     
                     Analytical First-Order Molecular Properties and Forces  
                     within the Adiabatic Connection Random Phase            
                     Approximation                                           
                     J. Chem. Theory Comput. 10: 180 (2014)                  
    
                   RI-AXK/RI-ACSOSEX/RI-ACSOX:                               
                     G. P. Chen, M. M. Agee, and F. Furche                   
                     Performance and Scope of Perturbative Corrections to    
                     Random-Phase Approximation Energies                     
                     J. Chem. Theory Comput. 14: 5701 (2018)                 
    
                   GKS-RPA:                                                  
                     V. K. Voora, S. G. Balasubramani, and F. Furche         
                     Variational Generalized Kohn-Sham Approach Combining    
                     the Random-Phase-Approximation and Green’s-Function     
                     Methods                                                 
                     Phys. Rev. A 99: 012518 (2019)                          
    
    
    
      ... OpenMP parallelization enabled, threads:   20

   *-----------------------------------------------------------------------*
   |                     program will use 20 thread(s)                     |
   *-----------------------------------------------------------------------*

 MAXIMUM CORE MEMORY WHICH CAN BE ALLOCATED DYNAMICALLY = 100000 MiB
              ( or 13107200000 double words per process)

 
                FOUND RI-J FLAG
 
  HF exact exchange energy will be computed using RI-J.


              +--------------------------------------------------+
              | Atomic coordinate, charge and isotop information |
              +--------------------------------------------------+

                    atomic coordinates            atom    charge  isotop
         -0.15536954   -0.11632916   -0.20183878    c      0.000     0
          3.59279599    0.75440253    1.00569101    i      0.000     0
         -0.47247369   -2.60384555   -0.40451017    f      0.000     0
         -1.84792702    0.75718734    1.43943398    f      0.000     0
         -0.63343120    0.91723967   -2.44490687    f      0.000     0
          9.08817343    1.58175870    2.20996205    o      8.000     0
         10.50034028    0.44433106    0.80876398    c      6.000     0
         12.56305893    0.56003370    1.01420267    h      1.000     0
          9.78322879   -0.75397152   -0.73041289    h      1.000     0
 
       center of nuclear mass  :    3.06283299    0.47416180    0.63634057
       center of nuclear charge:    9.87835730    0.94538238    1.42600438
              +-------------------------------------------------+
              |        Rotational Constants Section             |
              +-------------------------------------------------+
                                   Center of Mass [a.u]:
               3.06283298906915         0.47416180406114         0.63634057153360
                     Principal Moments of Inertia [a.u.]
             383.70384858017655      2772.36418233626682      2840.93688951434797
                       Rotational constants A,B,C [a.u.]
               0.00130308831108         0.00018035148599         0.00017599827784
                     Rotational constants A,B,C [cm**-1]
               0.15689101560802         0.02171420583198         0.02119008229948
                        Rotational constants A,B,C [MHz]
            4703.47432072459742       650.97551398864459       635.26268577848498

   * BASIS SET information:

              +--------------------------------------------------+
              |               basis set information              |
              +--------------------------------------------------+

              we will work with the 1s 3p 5d 7f 9g ... basis set
              ...i.e. with spherical basis functions...

   type   atoms  prim   cont   basis
   ---------------------------------------------------------------------------
    c        2    118     91   cc-pV5Z   [6s5p4d3f2g1h|24s8p4d3f2g1h]
    i        1    205    103   cc-pV5Z-PP   [7s7p5d3f2g1h|27s21p13d3f2g1h]
    f        3    118     91   cc-pV5Z   [6s5p4d3f2g1h|24s8p4d3f2g1h]
    o        1    118     91   cc-pV5Z   [6s5p4d3f2g1h|24s8p4d3f2g1h]
    h        2     58     55   cc-pV5Z   [5s4p3d2f1g|8s4p3d2f1g]
   ---------------------------------------------------------------------------
   total:    9   1029    759
   ---------------------------------------------------------------------------

   total number of primitive shells          :  211
   total number of contracted shells         :  181
   total number of cartesian basis functions : 1035
   total number of SCF-basis functions       :  759


   * AUXILIARY BASIS SET information:

              +--------------------------------------------------+
              |               basis set information              |
              +--------------------------------------------------+

              we will work with the 1s 3p 5d 7f 9g ... basis set
              ...i.e. with spherical basis functions...

   type   atoms  prim   cont   basis
   ---------------------------------------------------------------------------
    c        2    193    193   cc-pV5Z   [10s8p7d6f4g3h1i|10s8p7d6f4g3h1i]
    i        1    339    339   cc-pV5Z-PP   [13s12p11d9f7g5h3i1k|13s12p11d9f7g5h3i1k]
    f        3    193    193   cc-pV5Z   [10s8p7d6f4g3h1i|10s8p7d6f4g3h1i]
    o        1    193    193   cc-pV5Z   [10s8p7d6f4g3h1i|10s8p7d6f4g3h1i]
    h        2     91     91   cc-pV5Z   [6s5p4d3f2g1h|6s5p4d3f2g1h]
   ---------------------------------------------------------------------------
   total:    9   1679   1679
   ---------------------------------------------------------------------------

   total number of primitive shells          :  199
   total number of contracted shells         :  337
   total number of cartesian basis functions : 2509
   total number of SCF-basis functions       : 1679


   * RIJ AUXILIARY BASIS SET information:

              +--------------------------------------------------+
              |               basis set information              |
              +--------------------------------------------------+

              we will work with the 1s 3p 5d 7f 9g ... basis set
              ...i.e. with spherical basis functions...

   type   atoms  prim   cont   basis
   ---------------------------------------------------------------------------
    c        2     70     49   cc-pV5Z   [6s4p3d1f1g|12s5p4d2f1g]
    i        1     81     58   universal-ecp-2   [8s4p3d2f1g|11s5p5d3f1g]
    f        3     70     49   cc-pV5Z   [6s4p3d1f1g|12s5p4d2f1g]
    o        1     70     49   cc-pV5Z   [6s4p3d1f1g|12s5p4d2f1g]
    h        2     16     11   cc-pV5Z   [3s1p1d|5s2p1d]
   ---------------------------------------------------------------------------
   total:    9    533    374
   ---------------------------------------------------------------------------

   total number of primitive shells          :  105
   total number of contracted shells         :  118
   total number of cartesian basis functions :  463
   total number of SCF-basis functions       :  374


 reading orbital data $scfmo  from file mos
 orbital characterization : scfconv=7

 integral neglect threshold       :  0.27E+02

 scfconv                     7

 there are 1 real representations :   a   

 maximum number of shells which are related by symmetry :  1

 time elapsed for calculating density matrices :   3.440 sec

     total memory allocated for calculation of (Q|P)**(-1/2) : 33 MiB


     calculation of (P|Q) ...
     time in lp2sym        cpu:  2.63 sec    wall:  0.13 sec    ratio: 19.9


     calculation of the Cholesky decomposition of (P|Q)**(-1) ...
     time in invmetri      cpu: 12.63 sec    wall:  0.82 sec    ratio: 15.3

   threshold for RMS(d[D]) in SCF was     :  0.10E-06
   integral neglect threshold             :  0.13E-11
   derivative integral neglect threshold  :  0.10E-06


 setting up bound for integral derivative estimation

 increment for numerical differentiation : 0.00050000
 
 Occupied orbital block size for RIRPA:                     6
 
 Number of passes for spin                     1 is                     1
 
 Number of eigenvalues < 6e-3:                      0
 
 
            -----------------------------
            Complex frequency integration
            -----------------------------
 
 Number of Clenshaw-Curtis nodes:                    100
 Optimized scaling parameter    :    2.62417667778956     
 Sensitivity measure            :  -6.674134508943830E-010
 
 Done with rirpa frequency point #                     1
 Done with rirpa frequency point #                     2
 Done with rirpa frequency point #                     3
 Done with rirpa frequency point #                     4
 Done with rirpa frequency point #                     5
 Done with rirpa frequency point #                     6
 Done with rirpa frequency point #                     7
 Done with rirpa frequency point #                     8
 Done with rirpa frequency point #                     9
 Done with rirpa frequency point #                    10
 Done with rirpa frequency point #                    11
 Done with rirpa frequency point #                    12
 Done with rirpa frequency point #                    13
 Done with rirpa frequency point #                    14
 Done with rirpa frequency point #                    15
 Done with rirpa frequency point #                    16
 Done with rirpa frequency point #                    17
 Done with rirpa frequency point #                    18
 Done with rirpa frequency point #                    19
 Done with rirpa frequency point #                    20
 Done with rirpa frequency point #                    21
 Done with rirpa frequency point #                    22
 Done with rirpa frequency point #                    23
 Done with rirpa frequency point #                    24
 Done with rirpa frequency point #                    25
 Done with rirpa frequency point #                    26
 Done with rirpa frequency point #                    27
 Done with rirpa frequency point #                    28
 Done with rirpa frequency point #                    29
 Done with rirpa frequency point #                    30
 Done with rirpa frequency point #                    31
 Done with rirpa frequency point #                    32
 Done with rirpa frequency point #                    33
 Done with rirpa frequency point #                    34
 Done with rirpa frequency point #                    35
 Done with rirpa frequency point #                    36
 Done with rirpa frequency point #                    37
 Done with rirpa frequency point #                    38
 Done with rirpa frequency point #                    39
 Done with rirpa frequency point #                    40
 Done with rirpa frequency point #                    41
 Done with rirpa frequency point #                    42
 Done with rirpa frequency point #                    43
 Done with rirpa frequency point #                    44
 Done with rirpa frequency point #                    45
 Done with rirpa frequency point #                    46
 Done with rirpa frequency point #                    47
 Done with rirpa frequency point #                    48
 Done with rirpa frequency point #                    49
 Done with rirpa frequency point #                    50
 Done with rirpa frequency point #                    51
 Done with rirpa frequency point #                    52
 Done with rirpa frequency point #                    53
 Done with rirpa frequency point #                    54
 Done with rirpa frequency point #                    55
 Done with rirpa frequency point #                    56
 Done with rirpa frequency point #                    57
 Done with rirpa frequency point #                    58
 Done with rirpa frequency point #                    59
 Done with rirpa frequency point #                    60
 Done with rirpa frequency point #                    61
 Done with rirpa frequency point #                    62
 Done with rirpa frequency point #                    63
 Done with rirpa frequency point #                    64
 Done with rirpa frequency point #                    65
 Done with rirpa frequency point #                    66
 Done with rirpa frequency point #                    67
 Done with rirpa frequency point #                    68
 Done with rirpa frequency point #                    69
 Done with rirpa frequency point #                    70
 Done with rirpa frequency point #                    71
 Done with rirpa frequency point #                    72
 Done with rirpa frequency point #                    73
 Done with rirpa frequency point #                    74
 Done with rirpa frequency point #                    75
 Done with rirpa frequency point #                    76
 Done with rirpa frequency point #                    77
 Done with rirpa frequency point #                    78
 Done with rirpa frequency point #                    79
 Done with rirpa frequency point #                    80
 Done with rirpa frequency point #                    81
 Done with rirpa frequency point #                    82
 Done with rirpa frequency point #                    83
 Done with rirpa frequency point #                    84
 Done with rirpa frequency point #                    85
 Done with rirpa frequency point #                    86
 Done with rirpa frequency point #                    87
 Done with rirpa frequency point #                    88
 Done with rirpa frequency point #                    89
 Done with rirpa frequency point #                    90
 Done with rirpa frequency point #                    91
 Done with rirpa frequency point #                    92
 Done with rirpa frequency point #                    93
 Done with rirpa frequency point #                    94
 Done with rirpa frequency point #                    95
 Done with rirpa frequency point #                    96
 Done with rirpa frequency point #                    97
 Done with rirpa frequency point #                    98
 Done with rirpa frequency point #                    99
 Done with rirpa frequency point #                   100
 


 RI-RPA correlation energy: -0.7007332912499231E+00
 Allocatable memory for RI due to $ricore (MB):                  5000

 there are 1 real representations :   a   

 maximum number of shells which are related by symmetry :  1

  
           ------------------------
               RI-J - INFORMATION
           ------------------------
 Contributions to RI integral batches: 
  neglected integral batches:                  4768
  direct contribution:                            0
  memory contribution:                 11703

          ------------------------
          nuclear repulsion energy  :   31.1983314531    
          ------------------------


         -----------------
         -S,T+V- integrals
         -----------------

 1e-integrals will be neglected if expon. factor < 0.132855E-11

                  --------------------------------------------------- 
                 |  HXX+RIRPA total energy     =   -114.59879647584  |
                  ---------------------------------------------------- 
                 :  RIRPA correlation energy   =     -0.70073329125  :
                 :  HXX total energy           =   -113.89806318459  :
                 :  Hartree energy             =     86.26112961531  :
                 :  Exact Exchange energy      =    -14.03565459070  :
                  .................................................... 


    ------------------------------------------------------------------------
    Rirpa profiling                cpu                    wall         ratio
    ------------------------------------------------------------------------
    module                         sec     %               sec     %
    ------------------------------------------------------------------------
    RIRPA                      3168.1  100.00          309.1  100.00  10.2
    STARTUP                       8.3    0.26            4.9    1.59   1.7
    riccmos                      11.6    0.37            4.7    1.51   2.5
    riccaux                      16.3    0.51            1.0    0.33  16.1
    riccbound                    37.1    1.17           34.4   11.12   1.1
    ccmkbaoi                     74.9    2.36            4.3    1.39  17.4
    ecrpa                      1629.3   51.43          156.0   50.48  10.4
    qbuild                     1413.6   44.62          145.1   46.94   9.7
    rparenrm                    199.1    6.29           10.0    3.25  19.8
    ehxx                       1388.0   43.81          103.6   33.53  13.4
    ------------------------------------------------------------------------
    sum                        7949.2  250.91          773.3  250.19  10.3
    ------------------------------------------------------------------------


    ------------------------------------------------------------------------
         total  cpu-time : 52 minutes and 50 seconds
         total wall-time :  5 minutes and  9 seconds
    ------------------------------------------------------------------------

   ****  rirpa : all done  ****


    2020-07-21 01:35:44.397 

