
 ridft (riogrande) : TURBOMOLE rev. V7.4.1 (b987a8a8) compiled 15 Oct 2019 at 12:03:25
 Copyright (C) 2019 TURBOMOLE GmbH, Karlsruhe


    2020-07-20 21:13:03.692 



                                  r i d f t

                        DFT program with RI approximation 
                                for coulomb part 




                                                 
                                 References:     
                                                 
          TURBOMOLE:                             
              R. Ahlrichs, M. Baer, M. Haeser, H. Horn, and
              C. Koelmel
              Electronic structure calculations on workstation
              computers: the program system TURBOMOLE
              Chem. Phys. Lett. 162: 165 (1989)
          Density Functional:                              
              O. Treutler and R. Ahlrichs                      
              Efficient Molecular Numerical Integration Schemes
              J. Chem. Phys. 102: 346 (1995)                   
          Parallel Version:                                
              Performance of parallel TURBOMOLE for Density    
              Functional Calculations                          
              M. v. Arnim and R. Ahlrichs                      
              J. Comp. Chem. 19: 1746 (1998)                   
          RI-J Method:                                     
              Auxiliary Basis Sets to approximate Coulomb      
              Potentials                                       
              Chem. Phys. Lett. 240: 283 (1995)                
              K. Eichkorn, O. Treutler, H. Oehm, M. Haeser     
              and R. Ahlrichs                                  
              Chem. Phys. Lett. 242: 652 (1995)                
                                                           
              Auxiliary Basis Sets for Main Row Atoms and their
              Use to approximate Coulomb Potentials            
              K. Eichkorn, F. Weigend, O. Treutler and         
              R. Ahlrichs                                      
              Theo. Chem. Acc. 97: 119 (1997)                   
                                                           
              Accurate Coulomb-fitting basis sets for H to Rn 
              F. Weigend                                        
              Phys. Chem. Chem. Phys. 8: 1057 (2006)            
                                                           
          Multipole accelerated RI-J (MARI-J):             
              Fast evaluation of the Coulomb potential for     
              electron densities using multipole accelerated   
              resolution of identity approximation             
              M. Sierka, A. Hogekamp and R. Ahlrichs           
              J. Chem. Phys. 118: 9136 (2003)                  
          RI-JK Method:                                     
              A fully direct RI-HF algorithm: Implementation,
              optimised auxiliary basis sets, demonstration of
              accuracy and efficiency                         
              F. Weigend                                      
              Phys. Chem. Chem. Phys. 4: 4285 (2002)           
          Two-component HF and DFT with spin-orbit coupling:  
              Self-consistent treatment of spin-orbit         
              interactions with efficient Hartree-Fock and    
              density functional methods                      
              M. K. Armbruster, F. Weigend, C. van Wüllen and 
              W. Klopper                                      
              Phys. Chem. Chem. Phys. 10: 1748 (2008)         
          Two-component difference density and DIIS algorithm 
              Efficient two-component self-consistent field   
              procedures and gradients: implementation in     
              TURBOMOLE and application to Au20-              
              A. Baldes, F. Weigend                           
              Mol. Phys. 111: 2617 (2013)                     
          Relativistic all-electron 2c calculations           
              An efficient implementation of two-component    
              relativistic exact-decoupling methods for large 
              molecules                                       
              D. Peng, N. Middendorf, F. Weigend, M. Reiher   
              J. Chem. Phys. 138: 184105 (2013)               
          Finite nucleus model and SNSO approximation         
              Efficient implementation of one- and two-       
              component analytical energy gradients in exact  
              two-component theory                            
              Y. J. Franzke, N. Middendorf, F. Weigend        
              J. Chem. Phys. 148: 104110 (2018)               
                                         




              +--------------------------------------------------+
              |      general information about current run       |
              +--------------------------------------------------+

 

 DENSITY CONVERGENCE CHECK SWITCHED ON !
 SCF CONVERGENCE IF RMS(delta[D]) <     0.1000000000E-06

 PBE functional
 exchange:    LDA + PBE
 correlation: LDA (PW) + PBE
 A DFT calculation using the RI-J approximation will be carried out.
 Allocatable memory for RI due to $ricore (MB):                   500


              +--------------------------------------------------+
              | Atomic coordinate, charge and isotop information |
              +--------------------------------------------------+

                    atomic coordinates            atom    charge  isotop
          0.04177555    0.63819838    0.08372503    h      1.000     0
          0.05087020    0.56154583    2.13122035    c      6.000     0
          2.32893630    0.70729684    3.44536097    c      6.000     0
          2.34043601    0.60150710    6.07667182    c      6.000     0
          0.07454499    0.34873190    7.39498056    c      6.000     0
         -2.20383634    0.20241513    6.08232762    c      6.000     0
         -2.21661103    0.30975144    3.44972282    c      6.000     0
          4.09226324    0.89632747    2.41943551    h      1.000     0
          4.11323339    0.70889513    7.09814220    h      1.000     0
          0.08450285    0.25896932    9.44179092    h      1.000     0
         -3.96627362   -0.00106365    7.10716006    h      1.000     0
         -3.98865082    0.19200493    2.42756130    h      1.000     0
 
       center of nuclear mass  :    0.06242242    0.45471878    4.76334883
       center of nuclear charge:    0.06244979    0.45430526    4.76332190

              +--------------------------------------------------+
              |               basis set information              |
              +--------------------------------------------------+

              we will work with the 1s 3p 5d 7f 9g ... basis set
              ...i.e. with spherical basis functions...

   type   atoms  prim   cont   basis
   ---------------------------------------------------------------------------
    h        6     33     30   def2-QZVP   [4s3p2d1f|7s3p2d1f]
    c        6     77     57   def2-QZVP   [7s4p3d2f1g|15s8p3d2f1g]
   ---------------------------------------------------------------------------
   total:   12    660    522
   ---------------------------------------------------------------------------

   total number of primitive shells          :   42
   total number of contracted shells         :  162
   total number of cartesian basis functions :  642
   total number of SCF-basis functions       :  522


 integral neglect threshold       :  0.52E-11
 integral storage threshold THIZE :  0.10E-04
 integral storage threshold THIME :         5

 RI-J AUXILIARY BASIS SET information:

              we will work with the 1s 3p 5d 7f 9g ... basis set
              ...i.e. with spherical basis functions...

   type   atoms  prim   cont   basis
   ---------------------------------------------------------------------------
    h        6     16     11   def2-QZVP   [3s1p1d|5s2p1d]
    c        6     70     49   def2-QZVP   [6s4p3d1f1g|12s5p4d2f1g]
   ---------------------------------------------------------------------------
   total:   12    516    360
   ---------------------------------------------------------------------------

   total number of primitive shells          :   32
   total number of contracted shells         :  120
   total number of cartesian basis functions :  438
   total number of SCF-basis functions       :  360


 symmetry group of the molecule :   c1 

 the group has the following generators :
   c1(z)

    1 symmetry operations found

 there are 1 real representations :   a   

 maximum number of shells which are related by symmetry :  1


    mo occupation :
   irrep   mo's   occupied
    a      522       21
 
 number of basis functions   :                    522
 number of occupied orbitals :                     21
 
  
           ------------------
           density functional
           ------------------
 PBE functional
 exchange:    LDA + PBE
 correlation: LDA (PW) + PBE

 spherical integration : Lebedev's spherical grid
 spherical gridsize    :                     5
    i.e. gridpoints    :                   590
 value for diffuse not defined
 radial integration    : Chebyshev 2nd kind (scaling 3)
 radial gridsize       :                     8
 integration cells     :                    12
 partition function    : becke
 partition sharpness   :                     3
  

 biggest AO integral is expected to be     5.262544080
  
           ------------------------
               RI-J - INFORMATION
           ------------------------
 Contributions to RI integral batches: 
  neglected integral batches:                  1440
  direct contribution:                         2234
  memory contribution:                  9529
 Memory core needed for (P|Q) and Cholesky      1 MByte
 Memory core minimum needed except of (P|Q)     2 MByte
 Total minimum memory core needed (sum)         3 MByte
  
 ****************************************
 Memory allocated for RI-J   433 MByte
 ****************************************
                                            

          ------------------------
          nuclear repulsion energy  :   203.602579161    
          ------------------------


         -----------------
         -S,T+V- integrals
         -----------------

 1e-integrals will be neglected if expon. factor < 0.520555E-12
 
   Difference densities algorithm switched on.
   The maximal number of linear combinations of
   difference densities is                    20 .

 DIIS switched on: error vector is FDS-SDF
 Max. Iterations for DIIS is     :   4
 DIIS matrix (see manual) 
    Scaling factor of diagonals  :  1.200
    threshold for scaling factor :  0.000

 scf convergence criterion : increment of total energy < .1000000D-06
                  and increment of one-electron energy < .1000000D-03

  MOs are in ASCII format !


 automatic virtual orbital shift switched on 
      shift if e(lumo)-e(homo) < 0.10000000    


 reading orbital data $scfmo  from file mos
 orbital characterization : expanded
 mo provided and orthogonalized by Cholesky decomposition

 DSCF restart information will be dumped onto file mos


 Starting SCF iterations

          Overall gridpoints after grid construction =        188381

 ITERATION  ENERGY          1e-ENERGY        2e-ENERGY     RMS[dD(SAO)]   TOL
   1  -231.26182209333    -704.39754228     269.53314102    0.000D+00 0.519D-11
                            Exc = -33.4702815875     Coul =  303.003422609    
                              N = 42.000002135    
                            current damping = 0.300
 
          max. resid. norm for Fia-block=  4.984D-01 for orbital      7a         
          max. resid. fock norm         =  5.278D+01 for orbital    462a         

 ITERATION  ENERGY          1e-ENERGY        2e-ENERGY     RMS[dD(SAO)]   TOL
   2  -231.97346782179    -715.66984325     280.09379626    0.544D-02 0.439D-11
                            Exc = -34.5053175063     Coul =  314.599113769    
                              N = 42.000001787    
                            current damping = 0.250
 
          Norm of current diis error:  1.7132    
          max. resid. norm for Fia-block=  6.832D-02 for orbital      4a         
          max. resid. fock norm         =  1.717D-01 for orbital     61a         

 ITERATION  ENERGY          1e-ENERGY        2e-ENERGY     RMS[dD(SAO)]   TOL
   3  -232.01854928740    -712.70413480     277.08300635    0.210D-02 0.294D-11
                            Exc = -34.3566040696     Coul =  311.439610424    
                              N = 42.000001412    
                            current damping = 0.200
 
          Norm of current diis error: 0.98812    
          max. resid. norm for Fia-block=  2.794D-02 for orbital     12a         
          max. resid. fock norm         =  3.572D-02 for orbital     12a         

 ITERATION  ENERGY          1e-ENERGY        2e-ENERGY     RMS[dD(SAO)]   TOL
   4  -232.03586126195    -714.74235722     279.10391680    0.536D-03 0.256D-11
                            Exc = -34.4826880640     Coul =  313.586604860    
                              N = 42.000001560    
                            current damping = 0.250
 
          Norm of current diis error: 0.15087    
          max. resid. norm for Fia-block=  4.209D-03 for orbital     12a         
          max. resid. fock norm         =  7.898D-03 for orbital     74a         

 ITERATION  ENERGY          1e-ENERGY        2e-ENERGY     RMS[dD(SAO)]   TOL
   5  -232.03627317948    -714.61928797     278.98043563    0.930D-04 0.239D-11
                            Exc = -34.4846717195     Coul =  313.465107349    
                              N = 42.000001507    
                            current damping = 0.300
 
          Norm of current diis error: 0.22357E-01
          max. resid. norm for Fia-block=  8.954D-04 for orbital      7a         
          max. resid. fock norm         =  1.107D-03 for orbital     92a         
          mo-orthogonalization: Cholesky decomposition

 ITERATION  ENERGY          1e-ENERGY        2e-ENERGY     RMS[dD(SAO)]   TOL
   6  -232.03628255973    -714.58035811     278.94149639    0.177D-04 0.228D-11
                            Exc = -34.4816273756     Coul =  313.423123769    
                              N = 42.000001505    
                            current damping = 0.150
 
          Norm of current diis error: 0.82964E-02
          max. resid. norm for Fia-block=  2.998D-04 for orbital     21a         
          max. resid. fock norm         =  7.363D-04 for orbital    519a         

 ITERATION  ENERGY          1e-ENERGY        2e-ENERGY     RMS[dD(SAO)]   TOL
   7  -232.03628166710    -714.59233173     278.95347091    0.643D-05 0.222D-11
                            Exc = -34.4825484099     Coul =  313.436019315    
                              N = 42.000001506    
                            current damping = 0.200
 
          Norm of current diis error: 0.10407E-01
          max. resid. norm for Fia-block=  2.047D-04 for orbital     21a         
          max. resid. fock norm         =  4.970D-04 for orbital    519a         

 ITERATION  ENERGY          1e-ENERGY        2e-ENERGY     RMS[dD(SAO)]   TOL
   8  -232.03628396639    -714.60093024     278.96206712    0.319D-05 0.220D-11
                            Exc = -34.4831777194     Coul =  313.445244836    
                              N = 42.000001506    
                            current damping = 0.100
 
          Norm of current diis error: 0.30936E-02
          max. resid. norm for Fia-block=  6.799D-05 for orbital     16a         
          max. resid. fock norm         =  9.411D-05 for orbital     70a         

 ITERATION  ENERGY          1e-ENERGY        2e-ENERGY     RMS[dD(SAO)]   TOL
   9  -232.03628415675    -714.59249812     278.95363480    0.109D-05 0.215D-11
                            Exc = -34.4825879072     Coul =  313.436222708    
                              N = 42.000001505    
                            current damping = 0.150
 
          Norm of current diis error: 0.68788E-03
          max. resid. norm for Fia-block=  1.662D-05 for orbital     16a         
          max. resid. fock norm         =  2.399D-05 for orbital     16a         

 ITERATION  ENERGY          1e-ENERGY        2e-ENERGY     RMS[dD(SAO)]   TOL
  10  -232.03628416411    -714.59342430     278.95456098    0.225D-06 0.209D-11
                            Exc = -34.4826223841     Coul =  313.437183360    
                              N = 42.000001505    
                            current damping = 0.200
 
          Norm of current diis error: 0.17181E-03
          max. resid. norm for Fia-block=  4.540D-06 for orbital     15a         
          max. resid. fock norm         =  6.837D-06 for orbital      4a         
          mo-orthogonalization: Cholesky decomposition

 ENERGY & DENSITY CONVERGED !


 ITERATION  ENERGY          1e-ENERGY        2e-ENERGY     RMS[dD(SAO)]   TOL
  11  -232.03628416457    -714.59360482     278.95474150    0.664D-07 0.208D-11
                            Exc = -34.4826449597     Coul =  313.437386457    
                              N = 42.000001505    
                            current damping = 0.100
 
          Norm of current diis error: 0.61763E-04
          max. resid. norm for Fia-block=  1.995D-06 for orbital     14a         
          max. resid. fock norm         =  4.975D-06 for orbital      1a         

 End of SCF iterations

   convergence criteria satisfied after    11 iterations


                  ------------------------------------------ 
                 |  total energy      =   -232.03628416457  |
                  ------------------------------------------ 
                 :  kinetic energy    =    231.00459770734  :
                 :  potential energy  =   -463.04088187191  :
                 :  virial theorem    =      1.99555377099  :
                 :  wavefunction norm =      1.00000000000  :
                  .......................................... 


 <geterg> : there is no data group $energy 


 <skperg> : $end is missing 


 orbitals $scfmo  will be written to file mos

    irrep                 17a         18a         19a         20a         21a   
 eigenvalues H         -0.33338    -0.30184    -0.30179    -0.23268    -0.23262
            eV          -9.0717     -8.2135     -8.2121     -6.3316     -6.3300
 occupation              2.0000      2.0000      2.0000      2.0000      2.0000

    irrep                 22a         23a         24a         25a         26a   
 eigenvalues H         -0.04403    -0.04397     0.00690     0.03310     0.03310
            eV          -1.1982     -1.1965      0.1877      0.9006      0.9008
 
 
 
 
 ==============================================================================
                           electrostatic moments
 ==============================================================================

 reference point for electrostatic moments:    0.00000   0.00000   0.00000

 
              nuc           elec       ->  total
 ------------------------------------------------------------------------------
                          charge      
 ------------------------------------------------------------------------------
          42.000000     -42.000000       0.000000
 
 ------------------------------------------------------------------------------
                       dipole moment  
 ------------------------------------------------------------------------------
   x       2.622891      -2.622445       0.000447
   y      19.080821     -19.085677      -0.004856
   z     200.059520    -200.059716      -0.000196
 
   | dipole moment | =     0.0049 a.u. =     0.0124 debye 
 
 ------------------------------------------------------------------------------
                     quadrupole moment
 ------------------------------------------------------------------------------
  xx     189.394788    -213.397341     -24.002553
  yy      10.432835     -39.875055     -29.442220
  zz    1143.314017   -1167.285935     -23.971918
  xy      17.732254     -17.253968       0.478286
  xz      13.154686     -13.133232       0.021453
  yz      83.162013     -83.410369      -0.248356
 
     1/3  trace=     -25.805564
     anisotropy=       5.534461
 
 ==============================================================================
 
HOMO-LUMO Separation
 HOMO         :   -0.23262146 H =     -6.32996 eV
 LUMO         :   -0.04403234 H =     -1.19818 eV
 HOMO-LUMO gap:    0.18858912 H =     +5.13177 eV
 
 ==============================================================================


    ------------------------------------------------------------------------
         total  cpu-time :  1 minutes and 37 seconds
         total wall-time :  1 minutes and 37 seconds
    ------------------------------------------------------------------------

   ****  ridft : all done  ****


    2020-07-20 21:14:40.976 

