
 ridft (riogrande) : TURBOMOLE rev. V7.4.1 (b987a8a8) compiled 15 Oct 2019 at 12:03:25
 Copyright (C) 2019 TURBOMOLE GmbH, Karlsruhe


    2020-07-20 21:54:05.599 



                                  r i d f t

                        DFT program with RI approximation 
                                for coulomb part 




                                                 
                                 References:     
                                                 
          TURBOMOLE:                             
              R. Ahlrichs, M. Baer, M. Haeser, H. Horn, and
              C. Koelmel
              Electronic structure calculations on workstation
              computers: the program system TURBOMOLE
              Chem. Phys. Lett. 162: 165 (1989)
          Density Functional:                              
              O. Treutler and R. Ahlrichs                      
              Efficient Molecular Numerical Integration Schemes
              J. Chem. Phys. 102: 346 (1995)                   
          Parallel Version:                                
              Performance of parallel TURBOMOLE for Density    
              Functional Calculations                          
              M. v. Arnim and R. Ahlrichs                      
              J. Comp. Chem. 19: 1746 (1998)                   
          RI-J Method:                                     
              Auxiliary Basis Sets to approximate Coulomb      
              Potentials                                       
              Chem. Phys. Lett. 240: 283 (1995)                
              K. Eichkorn, O. Treutler, H. Oehm, M. Haeser     
              and R. Ahlrichs                                  
              Chem. Phys. Lett. 242: 652 (1995)                
                                                           
              Auxiliary Basis Sets for Main Row Atoms and their
              Use to approximate Coulomb Potentials            
              K. Eichkorn, F. Weigend, O. Treutler and         
              R. Ahlrichs                                      
              Theo. Chem. Acc. 97: 119 (1997)                   
                                                           
              Accurate Coulomb-fitting basis sets for H to Rn 
              F. Weigend                                        
              Phys. Chem. Chem. Phys. 8: 1057 (2006)            
                                                           
          Multipole accelerated RI-J (MARI-J):             
              Fast evaluation of the Coulomb potential for     
              electron densities using multipole accelerated   
              resolution of identity approximation             
              M. Sierka, A. Hogekamp and R. Ahlrichs           
              J. Chem. Phys. 118: 9136 (2003)                  
          RI-JK Method:                                     
              A fully direct RI-HF algorithm: Implementation,
              optimised auxiliary basis sets, demonstration of
              accuracy and efficiency                         
              F. Weigend                                      
              Phys. Chem. Chem. Phys. 4: 4285 (2002)           
          Two-component HF and DFT with spin-orbit coupling:  
              Self-consistent treatment of spin-orbit         
              interactions with efficient Hartree-Fock and    
              density functional methods                      
              M. K. Armbruster, F. Weigend, C. van Wüllen and 
              W. Klopper                                      
              Phys. Chem. Chem. Phys. 10: 1748 (2008)         
          Two-component difference density and DIIS algorithm 
              Efficient two-component self-consistent field   
              procedures and gradients: implementation in     
              TURBOMOLE and application to Au20-              
              A. Baldes, F. Weigend                           
              Mol. Phys. 111: 2617 (2013)                     
          Relativistic all-electron 2c calculations           
              An efficient implementation of two-component    
              relativistic exact-decoupling methods for large 
              molecules                                       
              D. Peng, N. Middendorf, F. Weigend, M. Reiher   
              J. Chem. Phys. 138: 184105 (2013)               
          Finite nucleus model and SNSO approximation         
              Efficient implementation of one- and two-       
              component analytical energy gradients in exact  
              two-component theory                            
              Y. J. Franzke, N. Middendorf, F. Weigend        
              J. Chem. Phys. 148: 104110 (2018)               
                                         




              +--------------------------------------------------+
              |      general information about current run       |
              +--------------------------------------------------+

 

 DENSITY CONVERGENCE CHECK SWITCHED ON !
 SCF CONVERGENCE IF RMS(delta[D]) <     0.1000000000E-06

 PBE functional
 exchange:    LDA + PBE
 correlation: LDA (PW) + PBE
 A DFT calculation using the RI-J approximation will be carried out.
 Allocatable memory for RI due to $ricore (MB):                   500


              +--------------------------------------------------+
              | Atomic coordinate, charge and isotop information |
              +--------------------------------------------------+

                    atomic coordinates            atom    charge  isotop
          1.61603962   -0.00001534   -1.11264478    h      1.000     0
          0.51314770    0.00003091    0.33182175    o      8.000     0
          2.04855846    0.00000341    2.52326058    c      6.000     0
          0.78958731   -0.00000470    4.14414062    h      1.000     0
          3.24747464   -1.67488874    2.64190427    h      1.000     0
          3.24749163    1.67488173    2.64193240    h      1.000     0
 
       center of nuclear mass  :    1.30411861    0.00001586    1.37311109
       center of nuclear charge:    1.40539587    0.00001337    1.45052611

              +--------------------------------------------------+
              |               basis set information              |
              +--------------------------------------------------+

              we will work with the 1s 3p 5d 7f 9g ... basis set
              ...i.e. with spherical basis functions...

   type   atoms  prim   cont   basis
   ---------------------------------------------------------------------------
    h        4     33     30   def2-QZVP   [4s3p2d1f|7s3p2d1f]
    o        1     77     57   def2-QZVP   [7s4p3d2f1g|15s8p3d2f1g]
    c        1     77     57   def2-QZVP   [7s4p3d2f1g|15s8p3d2f1g]
   ---------------------------------------------------------------------------
   total:    6    286    234
   ---------------------------------------------------------------------------

   total number of primitive shells          :   71
   total number of contracted shells         :   74
   total number of cartesian basis functions :  284
   total number of SCF-basis functions       :  234


 integral neglect threshold       :  0.12E-10
 integral storage threshold THIZE :  0.10E-04
 integral storage threshold THIME :         5

 RI-J AUXILIARY BASIS SET information:

              we will work with the 1s 3p 5d 7f 9g ... basis set
              ...i.e. with spherical basis functions...

   type   atoms  prim   cont   basis
   ---------------------------------------------------------------------------
    h        4     16     11   def2-QZVP   [3s1p1d|5s2p1d]
    o        1     70     49   def2-QZVP   [6s4p3d1f1g|12s5p4d2f1g]
    c        1     70     49   def2-QZVP   [6s4p3d1f1g|12s5p4d2f1g]
   ---------------------------------------------------------------------------
   total:    6    204    142
   ---------------------------------------------------------------------------

   total number of primitive shells          :   56
   total number of contracted shells         :   50
   total number of cartesian basis functions :  170
   total number of SCF-basis functions       :  142


 symmetry group of the molecule :   c1 

 the group has the following generators :
   c1(z)

    1 symmetry operations found

 there are 1 real representations :   a   

 maximum number of shells which are related by symmetry :  1


    mo occupation :
   irrep   mo's   occupied
    a      234        9
 
 number of basis functions   :                    234
 number of occupied orbitals :                      9
 
  
           ------------------
           density functional
           ------------------
 PBE functional
 exchange:    LDA + PBE
 correlation: LDA (PW) + PBE

 spherical integration : Lebedev's spherical grid
 spherical gridsize    :                     5
    i.e. gridpoints    :                   590
 value for diffuse not defined
 radial integration    : Chebyshev 2nd kind (scaling 3)
 radial gridsize       :                     8
 integration cells     :                     6
 partition function    : becke
 partition sharpness   :                     3
  

 biggest AO integral is expected to be     6.990327543
  
           ------------------------
               RI-J - INFORMATION
           ------------------------
 Contributions to RI integral batches: 
  neglected integral batches:                    42
  direct contribution:                            0
  memory contribution:                  2733
 Memory core needed for (P|Q) and Cholesky      1 MByte
 Memory core minimum needed except of (P|Q)     1 MByte
 Total minimum memory core needed (sum)         1 MByte
  
 ****************************************
 Memory allocated for RI-J    53 MByte
 ****************************************
                                            

          ------------------------
          nuclear repulsion energy  :   40.3992442258    
          ------------------------


         -----------------
         -S,T+V- integrals
         -----------------

 1e-integrals will be neglected if expon. factor < 0.117675E-11
 
   Difference densities algorithm switched on.
   The maximal number of linear combinations of
   difference densities is                    20 .

 DIIS switched on: error vector is FDS-SDF
 Max. Iterations for DIIS is     :   4
 DIIS matrix (see manual) 
    Scaling factor of diagonals  :  1.200
    threshold for scaling factor :  0.000

 scf convergence criterion : increment of total energy < .1000000D-06
                  and increment of one-electron energy < .1000000D-03

  MOs are in ASCII format !


 automatic virtual orbital shift switched on 
      shift if e(lumo)-e(homo) < 0.10000000    


 reading orbital data $scfmo  from file mos
 orbital characterization : expanded
 mo provided and orthogonalized by Cholesky decomposition

 DSCF restart information will be dumped onto file mos


 Starting SCF iterations

          Overall gridpoints after grid construction =         91111

 ITERATION  ENERGY          1e-ENERGY        2e-ENERGY     RMS[dD(SAO)]   TOL
   1  -115.17572779874    -236.35066436     80.775692332    0.000D+00 0.117D-10
                            Exc = -15.2627729150     Coul =  96.0384652467    
                              N = 17.999999977    
                            current damping = 0.300
 
          max. resid. norm for Fia-block=  8.257D-01 for orbital      3a         
          max. resid. fock norm         =  7.942D+01 for orbital    226a         

 ITERATION  ENERGY          1e-ENERGY        2e-ENERGY     RMS[dD(SAO)]   TOL
   2  -115.58045057446    -236.52336283     80.543668027    0.540D-02 0.886D-11
                            Exc = -15.2392846881     Coul =  95.7829527154    
                              N = 18.000000028    
                            current damping = 0.250
 
          Norm of current diis error:  1.6033    
          max. resid. norm for Fia-block=  1.085D-01 for orbital      3a         
          max. resid. fock norm         =  2.529D-01 for orbital    124a         

 ITERATION  ENERGY          1e-ENERGY        2e-ENERGY     RMS[dD(SAO)]   TOL
   3  -115.62741209199    -237.67409644     81.647440126    0.256D-02 0.676D-11
                            Exc = -15.4358391974     Coul =  97.0832793233    
                              N = 17.999999990    
                            current damping = 0.200
 
          Norm of current diis error: 0.71189    
          max. resid. norm for Fia-block=  3.958D-02 for orbital      9a         
          max. resid. fock norm         =  4.126D-02 for orbital      9a         

 ITERATION  ENERGY          1e-ENERGY        2e-ENERGY     RMS[dD(SAO)]   TOL
   4  -115.63829944626    -236.68716071     80.649617035    0.124D-02 0.578D-11
                            Exc = -15.3124782315     Coul =  95.9620952663    
                              N = 18.000000007    
                            current damping = 0.250
 
          Norm of current diis error: 0.32499    
          max. resid. norm for Fia-block=  1.224D-02 for orbital      5a         
          max. resid. fock norm         =  1.688D-02 for orbital    218a         

 ITERATION  ENERGY          1e-ENERGY        2e-ENERGY     RMS[dD(SAO)]   TOL
   5  -115.64046873416    -237.23104798     81.191335019    0.244D-03 0.551D-11
                            Exc = -15.3720729855     Coul =  96.5634080048    
                              N = 18.000000010    
                            current damping = 0.300
 
          Norm of current diis error: 0.99052E-01
          max. resid. norm for Fia-block=  3.693D-03 for orbital      6a         
          max. resid. fock norm         =  4.854D-03 for orbital     17a         
          mo-orthogonalization: Cholesky decomposition

 ITERATION  ENERGY          1e-ENERGY        2e-ENERGY     RMS[dD(SAO)]   TOL
   6  -115.64066681848    -237.11926158     81.079350535    0.919D-04 0.532D-11
                            Exc = -15.3615041889     Coul =  96.4408547240    
                              N = 18.000000006    
                            current damping = 0.350
 
          Norm of current diis error: 0.11513E-01
          max. resid. norm for Fia-block=  6.094D-04 for orbital      5a         
          max. resid. fock norm         =  8.174D-04 for orbital    230a         

 ITERATION  ENERGY          1e-ENERGY        2e-ENERGY     RMS[dD(SAO)]   TOL
   7  -115.64066981842    -237.13144335     81.091529310    0.117D-04 0.514D-11
                            Exc = -15.3630872903     Coul =  96.4546165998    
                              N = 18.000000006    
                            current damping = 0.400
 
          Norm of current diis error: 0.22827E-02
          max. resid. norm for Fia-block=  1.134D-04 for orbital      7a         
          max. resid. fock norm         =  1.610D-04 for orbital    191a         

 ITERATION  ENERGY          1e-ENERGY        2e-ENERGY     RMS[dD(SAO)]   TOL
   8  -115.64066993515    -237.13248328     81.092569117    0.280D-05 0.501D-11
                            Exc = -15.3631908331     Coul =  96.4557599503    
                              N = 18.000000006    
                            current damping = 0.250
 
          Norm of current diis error: 0.33208E-03
          max. resid. norm for Fia-block=  2.035D-05 for orbital      8a         
          max. resid. fock norm         =  4.150D-05 for orbital    220a         

 ENERGY & DENSITY CONVERGED !


 ITERATION  ENERGY          1e-ENERGY        2e-ENERGY     RMS[dD(SAO)]   TOL
   9  -115.64066993760    -237.13254106     81.092626894    0.912D-06 0.484D-11
                            Exc = -15.3631944996     Coul =  96.4558213940    
                              N = 18.000000006    
                            current damping = 0.100
 
          Norm of current diis error: 0.12216E-03
          max. resid. norm for Fia-block=  6.684D-06 for orbital      9a         
          max. resid. fock norm         =  7.917D-06 for orbital      9a         

 End of SCF iterations

   convergence criteria satisfied after     9 iterations


                  ------------------------------------------ 
                 |  total energy      =   -115.64066993760  |
                  ------------------------------------------ 
                 :  kinetic energy    =    115.22296290219  :
                 :  potential energy  =   -230.86363283979  :
                 :  virial theorem    =      1.99638788814  :
                 :  wavefunction norm =      1.00000000000  :
                  .......................................... 


 <geterg> : there is no data group $energy 


 <skperg> : $end is missing 


 orbitals $scfmo  will be written to file mos

    irrep                  5a          6a          7a          8a          9a   
 eigenvalues H         -0.46065    -0.39136    -0.38097    -0.29400    -0.23019
            eV         -12.5349    -10.6494    -10.3668     -8.0002     -6.2638
 occupation              2.0000      2.0000      2.0000      2.0000      2.0000

    irrep                 10a         11a         12a         13a         14a   
 eigenvalues H         -0.00553     0.02922     0.07183     0.07335     0.09382
            eV          -0.1505      0.7951      1.9546      1.9960      2.5529
 
 
 
 
 ==============================================================================
                           electrostatic moments
 ==============================================================================

 reference point for electrostatic moments:    0.00000   0.00000   0.00000

 
              nuc           elec       ->  total
 ------------------------------------------------------------------------------
                          charge      
 ------------------------------------------------------------------------------
          18.000000     -18.000000      -0.000000
 
 ------------------------------------------------------------------------------
                       dipole moment  
 ------------------------------------------------------------------------------
   x      25.297126     -24.668095       0.629030
   y       0.000241      -0.000262      -0.000021
   z      26.109470     -26.126400      -0.016930
 
   | dipole moment | =     0.6293 a.u. =     1.5994 debye 
 
 ------------------------------------------------------------------------------
                     quadrupole moment
 ------------------------------------------------------------------------------
  xx      51.613441     -60.577845      -8.964405
  yy       5.610481     -15.991420     -10.380939
  zz      71.453254     -79.757214      -8.303960
  xy       0.000146      -0.000168      -0.000022
  xz      51.009723     -51.226569      -0.216846
  yz       0.000160      -0.000144       0.000015
 
     1/3  trace=      -9.216435
     anisotropy=       1.875997
 
 ==============================================================================
 
HOMO-LUMO Separation
 HOMO         :   -0.23018975 H =     -6.26379 eV
 LUMO         :   -0.00553078 H =     -0.15050 eV
 HOMO-LUMO gap:    0.22465897 H =     +6.11329 eV
 
 ==============================================================================


    ------------------------------------------------------------------------
         total  cpu-time :  14.11 seconds
         total wall-time :  14.11 seconds
    ------------------------------------------------------------------------

   ****  ridft : all done  ****


    2020-07-20 21:54:19.705 

