           SMPCPUS    set: Shared-memory Parallelization with  10 CPUs.

           SMP Parallelization Reference:
           C. van Wullen, J. Comput. Chem. 32 (2011) 1195--1201

 ridft (c-14-10) : TURBOMOLE rev. V7.5.0 compiled 13 Jun 2020 at 23:29:25
 Copyright (C) 2020 TURBOMOLE GmbH, Karlsruhe


    2020-08-03 23:22:54.454 



                                  r i d f t

                        DFT program with RI approximation 
                                for coulomb part 




                                                 
                                 References:     
                                                 
          TURBOMOLE:                             
              R. Ahlrichs, M. Baer, M. Haeser, H. Horn, and
              C. Koelmel
              Electronic structure calculations on workstation
              computers: the program system TURBOMOLE
              Chem. Phys. Lett. 162: 165 (1989)
          Density Functional:                              
              O. Treutler and R. Ahlrichs                      
              Efficient Molecular Numerical Integration Schemes
              J. Chem. Phys. 102: 346 (1995)                   
          Parallel Version:                                
              Performance of parallel TURBOMOLE for Density    
              Functional Calculations                          
              M. v. Arnim and R. Ahlrichs                      
              J. Comp. Chem. 19: 1746 (1998)                   
          RI-J Method:                                     
              Auxiliary Basis Sets to approximate Coulomb      
              Potentials                                       
              Chem. Phys. Lett. 240: 283 (1995)                
              K. Eichkorn, O. Treutler, H. Oehm, M. Haeser     
              and R. Ahlrichs                                  
              Chem. Phys. Lett. 242: 652 (1995)                
                                                           
              Auxiliary Basis Sets for Main Row Atoms and their
              Use to approximate Coulomb Potentials            
              K. Eichkorn, F. Weigend, O. Treutler and         
              R. Ahlrichs                                      
              Theo. Chem. Acc. 97: 119 (1997)                   
                                                           
              Accurate Coulomb-fitting basis sets for H to Rn 
              F. Weigend                                        
              Phys. Chem. Chem. Phys. 8: 1057 (2006)            
                                                           
          Multipole accelerated RI-J (MARI-J):             
              Fast evaluation of the Coulomb potential for     
              electron densities using multipole accelerated   
              resolution of identity approximation             
              M. Sierka, A. Hogekamp and R. Ahlrichs           
              J. Chem. Phys. 118: 9136 (2003)                  
          RI-JK Method:                                     
              A fully direct RI-HF algorithm: Implementation,
              optimised auxiliary basis sets, demonstration of
              accuracy and efficiency                         
              F. Weigend                                      
              Phys. Chem. Chem. Phys. 4: 4285 (2002)           
          Two-component HF and DFT with spin-orbit coupling:  
              Self-consistent treatment of spin-orbit         
              interactions with efficient Hartree-Fock and    
              density functional methods                      
              M. K. Armbruster, F. Weigend, C. van Wüllen and 
              W. Klopper                                      
              Phys. Chem. Chem. Phys. 10: 1748 (2008)         
          Two-component difference density and DIIS algorithm 
              Efficient two-component self-consistent field   
              procedures and gradients: implementation in     
              TURBOMOLE and application to Au20-              
              A. Baldes, F. Weigend                           
              Mol. Phys. 111: 2617 (2013)                     
          Relativistic all-electron 2c calculations           
              An efficient implementation of two-component    
              relativistic exact-decoupling methods for large 
              molecules                                       
              D. Peng, N. Middendorf, F. Weigend, M. Reiher   
              J. Chem. Phys. 138: 184105 (2013)               
          Finite nucleus model and SNSO approximation         
              Efficient implementation of one- and two-       
              component analytical energy gradients in exact  
              two-component theory                            
              Y. J. Franzke, N. Middendorf, F. Weigend        
              J. Chem. Phys. 148: 104110 (2018)               
          Grids for all-electron relativistic methods         
              Error-consistent segmented contracted all-      
              electron relativistic basis sets of double-     
              and triple-zeta quality for NMR shielding       
              constants                                       
              Y. J. Franzke, R. Tress, T. M. Pazdera,         
              F. Weigend                                      
              Phys. Chem. Chem. Phys. 21: 166658 (2019)       
          Seminumerical exchange algorithms                   
              Seminumerical calculation of the Hartree-Fock   
              exchange matirx: Application to two-component   
              procedures and efficient evaluation of local    
              hybrid functionsl                               
              P. Plessow, F. Weigend,                         
              J. Comput. Chem. 33: 810 (2012)                 
          Improved seminumerical algorithms                   
              C. Holzer, in preparation (2020)                
                                         




              +--------------------------------------------------+
              |      general information about current run       |
              +--------------------------------------------------+

 

 DENSITY CONVERGENCE CHECK SWITCHED ON !
 SCF CONVERGENCE IF RMS(delta[D]) <     0.1000000000E-06

 PBE functional
 exchange:    LDA + PBE
 correlation: LDA (PW) + PBE
 A DFT calculation using the RI-J approximation will be carried out.
 Allocatable memory for RI due to $ricore (MB):                  5000


              +--------------------------------------------------+
              | Atomic coordinate, charge and isotop information |
              +--------------------------------------------------+

                    atomic coordinates            atom    charge  isotop
         -0.46905925    0.27885393   -4.44954548    c      6.000     0
         -0.81423013    0.50451324   -7.78777113    cl    17.000     0
         -2.07343741   -0.74478914   -3.69444901    h      1.000     0
          1.26909909   -0.72102745   -4.03709844    h      1.000     0
         -0.40211254    2.17042378   -3.66929899    h      1.000     0
 
       center of nuclear mass  :   -0.70743277    0.43467876   -6.75477963
       center of nuclear charge:   -0.68702764    0.42132522   -6.55731648

              +--------------------------------------------------+
              |               basis set information              |
              +--------------------------------------------------+

              we will work with the 1s 3p 5d 7f 9g ... basis set
              ...i.e. with spherical basis functions...

   type   atoms  prim   cont   basis
   ---------------------------------------------------------------------------
    c        1     50     30   cc-pVTZ   [4s3p2d1f|18s5p2d1f]
    cl       1    111     39   cc-pV(T+d)Z   [5s4p3d1f|41s16p3d1f]
    h        3     16     14   cc-pVTZ   [3s2p1d|5s2p1d]
   ---------------------------------------------------------------------------
   total:    5    209    111
   ---------------------------------------------------------------------------

   total number of primitive shells          :   95
   total number of contracted shells         :   41
   total number of cartesian basis functions :  125
   total number of SCF-basis functions       :  111


 integral neglect threshold       :  0.27E-10
 integral storage threshold THIZE :  0.10E-04
 integral storage threshold THIME :         5

 RI-J AUXILIARY BASIS SET information:

              we will work with the 1s 3p 5d 7f 9g ... basis set
              ...i.e. with spherical basis functions...

   type   atoms  prim   cont   basis
   ---------------------------------------------------------------------------
    c        1     70     49   cc-pVTZ   [6s4p3d1f1g|12s5p4d2f1g]
    cl       1     77     51   universal   [8s4p3d1f1g|14s5p5d2f1g]
    h        3     16     11   cc-pVTZ   [3s1p1d|5s2p1d]
   ---------------------------------------------------------------------------
   total:    5    195    133
   ---------------------------------------------------------------------------

   total number of primitive shells          :   59
   total number of contracted shells         :   47
   total number of cartesian basis functions :  160
   total number of SCF-basis functions       :  133


 symmetry group of the molecule :   c1 

 the group has the following generators :
   c1(z)

    1 symmetry operations found

 there are 1 real representations :   a   

 maximum number of shells which are related by symmetry :  1

  
           ------------------
           density functional
           ------------------
 PBE functional
 exchange:    LDA + PBE
 correlation: LDA (PW) + PBE

 spherical integration : Lebedev's spherical grid
 spherical gridsize    :                     5
    i.e. gridpoints    :                   590
 value for diffuse not defined
 radial integration    : Chebyshev 2nd kind (scaling 3)
 radial gridsize       :                     8
 integration cells     :                     5
 partition function    : becke
 partition sharpness   :                     3
  

 biggest AO integral is expected to be    10.299856942

          ------------------------
          nuclear repulsion energy  :   51.4402988447    
          ------------------------


         -----------------
         -S,T+V- integrals
         -----------------

 1e-integrals will be neglected if expon. factor < 0.267357E-11
 
   Difference densities algorithm switched on.
   The maximal number of linear combinations of
   difference densities is                    20 .

 DIIS switched on: error vector is FDS-SDF
 Max. Iterations for DIIS is     :   4
 DIIS matrix (see manual) 
    Scaling factor of diagonals  :  1.200
    threshold for scaling factor :  0.000

 scf convergence criterion : increment of total energy < .1000000D-06
                  and increment of one-electron energy < .1000000D-03

 MOs are in ASCII format !


    mo occupation :
   irrep   mo's   occupied
    a      111       13
 
 number of basis functions   :   111
 number of occupied orbitals :    13
 

 reading orbital data $scfmo  from file mos
 orbital characterization : expanded
 virtual MOs provided and orthogonalized by Cholesky decomposition

 automatic virtual orbital shift switched on 
      shift if e(lumo)-e(homo) < 0.10000000    

  
           ------------------------
               RI-J - INFORMATION
           ------------------------
 Contributions to RI integral batches: 
  neglected integral batches:                     0
  direct contribution:                            0
  memory contribution:                   861
 Memory core needed for (P|Q) and Cholesky      1 MByte
 Memory core minimum needed except of (P|Q)     1 MByte
 Total minimum memory core needed (sum)         1 MByte
  
 ****************************************
 Memory allocated for RI-J    10 MByte
 ****************************************
                                            

 DSCF restart information will be dumped onto file mos


 Starting SCF iterations

          Overall gridpoints after grid construction =         80045

 ITERATION  ENERGY          1e-ENERGY        2e-ENERGY     RMS[dD(SAO)]   TOL
   1  -499.59780257832    -788.55740287     237.51930145    0.000D+00 0.267D-10
                            Exc = -34.2886623772     Coul =  271.807963827    
                              N = 26.000000009    
                            current damping = 0.300
 
          max. resid. norm for Fia-block=  2.645D-01 for orbital      8a         
          max. resid. fock norm         =  4.041D+00 for orbital     97a         

 ITERATION  ENERGY          1e-ENERGY        2e-ENERGY     RMS[dD(SAO)]   TOL
   2  -499.86623729423    -790.68142076     239.37488462    0.597D-02 0.173D-10
                            Exc = -34.5190576155     Coul =  273.893942240    
                              N = 26.000000017    
                            current damping = 0.250
 
          Norm of current diis error: 0.77752    
          max. resid. norm for Fia-block=  6.623D-02 for orbital     10a         
          max. resid. fock norm         =  1.963D-01 for orbital     56a         

 ITERATION  ENERGY          1e-ENERGY        2e-ENERGY     RMS[dD(SAO)]   TOL
   3  -499.89374875437    -790.39304870     239.05900111    0.252D-02 0.148D-10
                            Exc = -34.4982058548     Coul =  273.557206960    
                              N = 26.000000013    
                            current damping = 0.200
 
          Norm of current diis error: 0.23670    
          max. resid. norm for Fia-block=  1.387D-02 for orbital      8a         
          max. resid. fock norm         =  1.782D-02 for orbital     14a         

 ITERATION  ENERGY          1e-ENERGY        2e-ENERGY     RMS[dD(SAO)]   TOL
   4  -499.89674473790    -790.46965141     239.13260783    0.739D-03 0.132D-10
                            Exc = -34.5105671119     Coul =  273.643174937    
                              N = 26.000000014    
                            current damping = 0.250
 
          Norm of current diis error: 0.31437E-01
          max. resid. norm for Fia-block=  2.877D-03 for orbital      7a         
          max. resid. fock norm         =  5.618D-03 for orbital     99a         

 ITERATION  ENERGY          1e-ENERGY        2e-ENERGY     RMS[dD(SAO)]   TOL
   5  -499.89679955152    -790.54078825     239.20368986    0.128D-03 0.124D-10
                            Exc = -34.5149158967     Coul =  273.718605754    
                              N = 26.000000014    
                            current damping = 0.100
 
          Norm of current diis error: 0.91436E-02
          max. resid. norm for Fia-block=  9.488D-04 for orbital     12a         
          max. resid. fock norm         =  1.147D-03 for orbital     31a         
          mo-orthogonalization: Cholesky decomposition

 ITERATION  ENERGY          1e-ENERGY        2e-ENERGY     RMS[dD(SAO)]   TOL
   6  -499.89680527836    -790.48630640     239.14920228    0.639D-04 0.121D-10
                            Exc = -34.5116970278     Coul =  273.660899309    
                              N = 26.000000014    
                            current damping = 0.150
 
          Norm of current diis error: 0.49338E-02
          max. resid. norm for Fia-block=  3.477D-04 for orbital     11a         
          max. resid. fock norm         =  5.022D-04 for orbital     99a         

 ITERATION  ENERGY          1e-ENERGY        2e-ENERGY     RMS[dD(SAO)]   TOL
   7  -499.89680720807    -790.50518583     239.16807978    0.177D-04 0.118D-10
                            Exc = -34.5128417087     Coul =  273.680921491    
                              N = 26.000000014    
                            current damping = 0.200
 
          Norm of current diis error: 0.43855E-03
          max. resid. norm for Fia-block=  4.258D-05 for orbital      4a         
          max. resid. fock norm         =  6.738D-05 for orbital      4a         

 ITERATION  ENERGY          1e-ENERGY        2e-ENERGY     RMS[dD(SAO)]   TOL
   8  -499.89680721279    -790.50565084     239.16854478    0.179D-05 0.116D-10
                            Exc = -34.5128774434     Coul =  273.681422224    
                              N = 26.000000014    
                            current damping = 0.100
 
          Norm of current diis error: 0.31827E-03
          max. resid. norm for Fia-block=  2.258D-05 for orbital     11a         
          max. resid. fock norm         =  3.146D-05 for orbital     11a         

 ITERATION  ENERGY          1e-ENERGY        2e-ENERGY     RMS[dD(SAO)]   TOL
   9  -499.89680721747    -790.50554267     239.16843660    0.109D-05 0.114D-10
                            Exc = -34.5128602181     Coul =  273.681296822    
                              N = 26.000000014    
                            current damping = 0.150
 
          Norm of current diis error: 0.17380E-03
          max. resid. norm for Fia-block=  7.521D-06 for orbital      9a         
          max. resid. fock norm         =  1.021D-05 for orbital     62a         

 ENERGY & DENSITY CONVERGED !


 ITERATION  ENERGY          1e-ENERGY        2e-ENERGY     RMS[dD(SAO)]   TOL
  10  -499.89680721881    -790.50564805     239.16854198    0.344D-06 0.112D-10
                            Exc = -34.5128719302     Coul =  273.681413913    
                              N = 26.000000014    
                            current damping = 0.200
 
          Norm of current diis error: 0.19964E-04
          max. resid. norm for Fia-block=  1.741D-06 for orbital     11a         
          max. resid. fock norm         =  2.213D-06 for orbital     11a         

 End of SCF iterations

   convergence criteria satisfied after    10 iterations


                  ------------------------------------------ 
                 |  total energy      =   -499.89680721881  |
                  ------------------------------------------ 
                 :  kinetic energy    =    498.39756125147  :
                 :  potential energy  =   -998.29436847028  :
                 :  virial theorem    =      1.99700088909  :
                 :  wavefunction norm =      1.00000000000  :
                  .......................................... 


 <geterg> : there is no data group $energy 


 <skperg> : $end is missing 


 orbitals $scfmo  will be written to file mos

    irrep                  9a         10a         11a         12a         13a   
 eigenvalues H         -0.40390    -0.40388    -0.37684    -0.25717    -0.25717
            eV         -10.9908    -10.9903    -10.2544     -6.9981     -6.9979
 occupation              2.0000      2.0000      2.0000      2.0000      2.0000

    irrep                 14a         15a         16a         17a         18a   
 eigenvalues H         -0.01355     0.03267     0.07632     0.07633     0.19017
            eV          -0.3687      0.8889      2.0767      2.0770      5.1749
 
 
 
 
 ==============================================================================
                           electrostatic moments
 ==============================================================================

 reference point for electrostatic moments:    0.00000   0.00000   0.00000

 
              nuc           elec       ->  total
 ------------------------------------------------------------------------------
                          charge      
 ------------------------------------------------------------------------------
          26.000000     -26.000000      -0.000000
 
 ------------------------------------------------------------------------------
                       dipole moment  
 ------------------------------------------------------------------------------
   x     -17.862719      17.937608       0.074889
   y      10.954456     -11.003453      -0.048997
   z    -170.490229     171.214796       0.724567
 
   | dipole moment | =     0.7301 a.u. =     1.8557 debye 
 
 ------------------------------------------------------------------------------
                     quadrupole moment
 ------------------------------------------------------------------------------
  xx      18.662051     -33.523829     -14.861778
  yy      10.578959     -25.386917     -14.807958
  zz    1193.241049   -1216.252841     -23.011791
  xy      -8.011758       8.068384       0.056626
  xz     124.332449    -125.190083      -0.857634
  yz     -76.539701      77.080937       0.541236
 
     1/3  trace=     -17.560509
     anisotropy=       8.364167
 
 ==============================================================================
 
HOMO-LUMO Separation
 HOMO         :   -0.25716597 H =     -6.99785 eV
 LUMO         :   -0.01354966 H =     -0.36871 eV
 HOMO-LUMO gap:    0.24361631 H =     +6.62914 eV
 
 ==============================================================================


    ------------------------------------------------------------------------
         total  cpu-time :  28.31 seconds
         total wall-time :   2.15 seconds
    ------------------------------------------------------------------------

   ****  ridft : all done  ****


    2020-08-03 23:22:56.587 

