
 ridft (tigris) : TURBOMOLE rev. V7.4.1 (b987a8a8) compiled 15 Oct 2019 at 12:03:25
 Copyright (C) 2019 TURBOMOLE GmbH, Karlsruhe


    2020-08-30 23:05:50.125 



                                  r i d f t

                        DFT program with RI approximation 
                                for coulomb part 




                                                 
                                 References:     
                                                 
          TURBOMOLE:                             
              R. Ahlrichs, M. Baer, M. Haeser, H. Horn, and
              C. Koelmel
              Electronic structure calculations on workstation
              computers: the program system TURBOMOLE
              Chem. Phys. Lett. 162: 165 (1989)
          Density Functional:                              
              O. Treutler and R. Ahlrichs                      
              Efficient Molecular Numerical Integration Schemes
              J. Chem. Phys. 102: 346 (1995)                   
          Parallel Version:                                
              Performance of parallel TURBOMOLE for Density    
              Functional Calculations                          
              M. v. Arnim and R. Ahlrichs                      
              J. Comp. Chem. 19: 1746 (1998)                   
          RI-J Method:                                     
              Auxiliary Basis Sets to approximate Coulomb      
              Potentials                                       
              Chem. Phys. Lett. 240: 283 (1995)                
              K. Eichkorn, O. Treutler, H. Oehm, M. Haeser     
              and R. Ahlrichs                                  
              Chem. Phys. Lett. 242: 652 (1995)                
                                                           
              Auxiliary Basis Sets for Main Row Atoms and their
              Use to approximate Coulomb Potentials            
              K. Eichkorn, F. Weigend, O. Treutler and         
              R. Ahlrichs                                      
              Theo. Chem. Acc. 97: 119 (1997)                   
                                                           
              Accurate Coulomb-fitting basis sets for H to Rn 
              F. Weigend                                        
              Phys. Chem. Chem. Phys. 8: 1057 (2006)            
                                                           
          Multipole accelerated RI-J (MARI-J):             
              Fast evaluation of the Coulomb potential for     
              electron densities using multipole accelerated   
              resolution of identity approximation             
              M. Sierka, A. Hogekamp and R. Ahlrichs           
              J. Chem. Phys. 118: 9136 (2003)                  
          RI-JK Method:                                     
              A fully direct RI-HF algorithm: Implementation,
              optimised auxiliary basis sets, demonstration of
              accuracy and efficiency                         
              F. Weigend                                      
              Phys. Chem. Chem. Phys. 4: 4285 (2002)           
          Two-component HF and DFT with spin-orbit coupling:  
              Self-consistent treatment of spin-orbit         
              interactions with efficient Hartree-Fock and    
              density functional methods                      
              M. K. Armbruster, F. Weigend, C. van Wüllen and 
              W. Klopper                                      
              Phys. Chem. Chem. Phys. 10: 1748 (2008)         
          Two-component difference density and DIIS algorithm 
              Efficient two-component self-consistent field   
              procedures and gradients: implementation in     
              TURBOMOLE and application to Au20-              
              A. Baldes, F. Weigend                           
              Mol. Phys. 111: 2617 (2013)                     
          Relativistic all-electron 2c calculations           
              An efficient implementation of two-component    
              relativistic exact-decoupling methods for large 
              molecules                                       
              D. Peng, N. Middendorf, F. Weigend, M. Reiher   
              J. Chem. Phys. 138: 184105 (2013)               
          Finite nucleus model and SNSO approximation         
              Efficient implementation of one- and two-       
              component analytical energy gradients in exact  
              two-component theory                            
              Y. J. Franzke, N. Middendorf, F. Weigend        
              J. Chem. Phys. 148: 104110 (2018)               
                                         




              +--------------------------------------------------+
              |      general information about current run       |
              +--------------------------------------------------+

 

 DENSITY CONVERGENCE CHECK SWITCHED ON !
 SCF CONVERGENCE IF RMS(delta[D]) <     0.1000000000E-06

 PBE functional
 exchange:    LDA + PBE
 correlation: LDA (PW) + PBE
 A DFT calculation using the RI-J approximation will be carried out.
 Allocatable memory for RI due to $ricore (MB):                   500


              +--------------------------------------------------+
              | Atomic coordinate, charge and isotop information |
              +--------------------------------------------------+

                    atomic coordinates            atom    charge  isotop
         -0.42140521    0.23632949   -3.83991533    c      6.000     0
         -0.66868757    0.43131605   -6.43515793    f      9.000     0
         -2.02992688   -0.78903172   -3.08257774    h      1.000     0
          1.31163262   -0.77132969   -3.39983615    h      1.000     0
         -0.35375277    2.11799284   -3.02340798    h      1.000     0
 
       center of nuclear mass  :   -0.55375346    0.34069353   -5.22900366
       center of nuclear charge:   -0.53437036    0.32541405   -5.02565196

              +--------------------------------------------------+
              |               basis set information              |
              +--------------------------------------------------+

              we will work with the 1s 3p 5d 7f 9g ... basis set
              ...i.e. with spherical basis functions...

   type   atoms  prim   cont   basis
   ---------------------------------------------------------------------------
    c        1     77     57   def2-QZVP   [7s4p3d2f1g|15s8p3d2f1g]
    f        1     77     57   def2-QZVP   [7s4p3d2f1g|15s8p3d2f1g]
    h        3     33     30   def2-QZVP   [4s3p2d1f|7s3p2d1f]
   ---------------------------------------------------------------------------
   total:    5    253    204
   ---------------------------------------------------------------------------

   total number of primitive shells          :   71
   total number of contracted shells         :   64
   total number of cartesian basis functions :  249
   total number of SCF-basis functions       :  204


 integral neglect threshold       :  0.13E-10
 integral storage threshold THIZE :  0.10E-04
 integral storage threshold THIME :         5

 RI-J AUXILIARY BASIS SET information:

              we will work with the 1s 3p 5d 7f 9g ... basis set
              ...i.e. with spherical basis functions...

   type   atoms  prim   cont   basis
   ---------------------------------------------------------------------------
    c        1     70     49   def2-QZVP   [6s4p3d1f1g|12s5p4d2f1g]
    f        1     70     49   def2-QZVP   [6s4p3d1f1g|12s5p4d2f1g]
    h        3     16     11   def2-QZVP   [3s1p1d|5s2p1d]
   ---------------------------------------------------------------------------
   total:    5    188    131
   ---------------------------------------------------------------------------

   total number of primitive shells          :   56
   total number of contracted shells         :   45
   total number of cartesian basis functions :  158
   total number of SCF-basis functions       :  131


 symmetry group of the molecule :   c1 

 the group has the following generators :
   c1(z)

    1 symmetry operations found

 there are 1 real representations :   a   

 maximum number of shells which are related by symmetry :  1


    mo occupation :
   irrep   mo's   occupied
    a      204        9
 
 number of basis functions   :                    204
 number of occupied orbitals :                      9
 
  
           ------------------
           density functional
           ------------------
 PBE functional
 exchange:    LDA + PBE
 correlation: LDA (PW) + PBE

 spherical integration : Lebedev's spherical grid
 spherical gridsize    :                     5
    i.e. gridpoints    :                   590
 value for diffuse not defined
 radial integration    : Chebyshev 2nd kind (scaling 3)
 radial gridsize       :                     8
 integration cells     :                     5
 partition function    : becke
 partition sharpness   :                     3
  

 biggest AO integral is expected to be     7.609020457
  
           ------------------------
               RI-J - INFORMATION
           ------------------------
 Contributions to RI integral batches: 
  neglected integral batches:                    35
  direct contribution:                            0
  memory contribution:                  2045
 Memory core needed for (P|Q) and Cholesky      1 MByte
 Memory core minimum needed except of (P|Q)     1 MByte
 Total minimum memory core needed (sum)         1 MByte
  
 ****************************************
 Memory allocated for RI-J    38 MByte
 ****************************************
                                            

          ------------------------
          nuclear repulsion energy  :   37.3904658434    
          ------------------------

  _________________________________
 |                                 |
 |         DFTD3 V3.1 Rev 0        |
 | S.Grimme, University Bonn       |
 |            June  2014           |
 |   see standalone version        |
 |       dftd3 -h for options      |
 |_________________________________|
 
 Please cite DFT-D3 work done with this code as:
 S. Grimme, J. Antony, S. Ehrlich and H. Krieg,
 J. Chem. Phys, 132 (2010), 154104.
 If used with BJ-damping cite also
 S. Grimme, S. Ehrlich and L. Goerigk,
 J. Comput. Chem. 32 (2011), 1456-1465
 For DFT-D2 the reference is
 S. Grimme, J. Comput. Chem., 27 (2006), 1787-1799
 
C6 coefficients used:
                     2  C6 for element                      1
Z=  1 CN= 0.912     C6(AA)=    3.03
Z=  1 CN= 0.000     C6(AA)=    7.59
                     5  C6 for element                      6
Z=  6 CN= 0.000     C6(AA)=   49.11
Z=  6 CN= 0.987     C6(AA)=   43.25
Z=  6 CN= 1.998     C6(AA)=   29.36
Z=  6 CN= 2.999     C6(AA)=   25.78
Z=  6 CN= 3.984     C6(AA)=   18.21
                     2  C6 for element                      9
Z=  9 CN= 0.000     C6(AA)=    9.69
Z=  9 CN= 0.998     C6(AA)=    7.13

#           XYZ [au]              R0(AA) [Ang.]  CN          C6(AA)     C8(AA)   C10(AA) [au]
  1  -0.42141   0.23633  -3.83992   c   0.610  3.976        18.4       530.7     18802.9
  2  -0.66869   0.43132  -6.43516   f   0.469  1.004         7.2       122.8      2573.1
  3  -2.02993  -0.78903  -3.08258   h   0.395  0.997         3.1        37.4       553.5
  4   1.31163  -0.77133  -3.39984   h   0.395  0.997         3.1        37.4       553.5
  5  -0.35375   2.11799  -3.02341   h   0.395  0.997         3.1        37.4       553.5

molecular C6(AA) [au] =       146.14

           DFT-D V3(BJ)
 DF pbe                                               
 parameters
 s6       :    1.0000
 s8       :    0.7875
 a1       :    0.4289
 a2       :    4.4407
 k1-k3    :   16.0000    1.3333   -4.0000
 
 Edisp /kcal,au:    -0.8114 -0.00129306

 E6    /kcal :    -0.6030
 E8    /kcal :    -0.2084
 % E8        : 25.69
 nuclear repulsion energy                  =      37.390465843
 empirical dispersive energy correction    =      -0.001293056
 nuclear repulsion + dispersion correction =      37.389172787


         -----------------
         -S,T+V- integrals
         -----------------

 1e-integrals will be neglected if expon. factor < 0.134215E-11
 
   Difference densities algorithm switched on.
   The maximal number of linear combinations of
   difference densities is                    20 .

 DIIS switched on: error vector is FDS-SDF
 Max. Iterations for DIIS is     :   4
 DIIS matrix (see manual) 
    Scaling factor of diagonals  :  1.200
    threshold for scaling factor :  0.000

 scf convergence criterion : increment of total energy < .1000000D-06
                  and increment of one-electron energy < .1000000D-03

  MOs are in ASCII format !


 automatic virtual orbital shift switched on 
      shift if e(lumo)-e(homo) < 0.10000000    


 reading orbital data $scfmo  from file mos
 orbital characterization : scfconv=7

 DSCF restart information will be dumped onto file mos


 Starting SCF iterations

          Overall gridpoints after grid construction =         78068

 ITERATION  ENERGY          1e-ENERGY        2e-ENERGY     RMS[dD(SAO)]   TOL
   1  -139.65828199698    -266.45565985     89.408205067    0.000D+00 0.134D-10
                            Exc = -16.8361547713     Coul =  106.244359839    
                              N = 17.999999951    
                            current damping = 0.300
 
          max. resid. norm for Fia-block=  4.232D-06 for orbital      5a         
          max. resid. fock norm         =  4.720D-06 for orbital      5a         

 ITERATION  ENERGY          1e-ENERGY        2e-ENERGY     RMS[dD(SAO)]   TOL
   2  -139.65828199693    -266.45558560     89.408130820    0.876D-07 0.849D-11
                            Exc = -16.8361439634     Coul =  106.244274784    
                              N = 17.999999951    
                            current damping = 0.300
 
          Norm of current diis error: 0.51155E-04
          max. resid. norm for Fia-block=  1.750D-06 for orbital      5a         
          max. resid. fock norm         =  2.250D-06 for orbital    117a         

 ENERGY & DENSITY CONVERGED !


 ITERATION  ENERGY          1e-ENERGY        2e-ENERGY     RMS[dD(SAO)]   TOL
   3  -139.65828199698    -266.45561889     89.408164107    0.243D-07 0.771D-11
                            Exc = -16.8361486207     Coul =  106.244312727    
                              N = 17.999999951    
                            current damping = 0.350
 
          Norm of current diis error: 0.15965E-04
          max. resid. norm for Fia-block=  6.571D-07 for orbital      5a         
          max. resid. fock norm         =  7.964D-07 for orbital    117a         

 End of SCF iterations

   convergence criteria satisfied after     3 iterations


                  ------------------------------------------ 
                 |  total energy      =   -139.65828199698  |
                  ------------------------------------------ 
                 :  kinetic energy    =    139.21215262150  :
                 :  potential energy  =   -278.87043461849  :
                 :  virial theorem    =      1.99680556449  :
                 :  wavefunction norm =      1.00000000000  :
                  .......................................... 


 orbitals $scfmo  will be written to file mos

    irrep                  5a          6a          7a          8a          9a   
 eigenvalues H         -0.44131    -0.42826    -0.42824    -0.29556    -0.29555
            eV         -12.0088    -11.6537    -11.6530     -8.0425     -8.0423
 occupation              2.0000      2.0000      2.0000      2.0000      2.0000

    irrep                 10a         11a         12a         13a         14a   
 eigenvalues H          0.01068     0.02658     0.07091     0.07092     0.11846
            eV           0.2905      0.7234      1.9297      1.9299      3.2234
 
 
 
 
 ==============================================================================
                           electrostatic moments
 ==============================================================================

 reference point for electrostatic moments:    0.00000   0.00000   0.00000

 
              nuc           elec       ->  total
 ------------------------------------------------------------------------------
                          charge      
 ------------------------------------------------------------------------------
          18.000000     -18.000000       0.000000
 
 ------------------------------------------------------------------------------
                       dipole moment  
 ------------------------------------------------------------------------------
   x      -9.618666       9.683086       0.064420
   y       5.857453      -5.908202      -0.050749
   z     -90.461735      91.137796       0.676061
 
   | dipole moment | =     0.6810 a.u. =     1.7310 debye 
 
 ------------------------------------------------------------------------------
                     quadrupole moment
 ------------------------------------------------------------------------------
  xx      11.055906     -20.056814      -9.000908
  yy       7.712826     -16.676796      -8.963970
  zz     491.373184    -507.606503     -16.233319
  xy      -3.352554       3.404399       0.051845
  xz      51.304563     -52.038288      -0.733725
  yz     -31.774104      32.287780       0.513676
 
     1/3  trace=     -11.399399
     anisotropy=       7.415591
 
 ==============================================================================
 
HOMO-LUMO Separation
 HOMO         :   -0.29554566 H =     -8.04221 eV
 LUMO         :    0.01067545 H =     +0.29049 eV
 HOMO-LUMO gap:    0.30622111 H =     +8.33271 eV
 
 ==============================================================================


    ------------------------------------------------------------------------
         total  cpu-time :   3.08 seconds
         total wall-time :   3.08 seconds
    ------------------------------------------------------------------------

   ****  ridft : all done  ****


    2020-08-30 23:05:53.199 

 ridft ended normally
