           SMPCPUS    set: Shared-memory Parallelization with   8 CPUs.

           SMP Parallelization Reference:
           C. van Wullen, J. Comput. Chem. 32 (2011) 1195--1201
 operating system is UNIX !

 ridft (c-15-38) : TURBOMOLE rev. V7.5.0 compiled 13 Jun 2020 at 23:29:25
 Copyright (C) 2020 TURBOMOLE GmbH, Karlsruhe


    2020-07-23 16:29:26.627 



                                  r i d f t

                        DFT program with RI approximation 
                                for coulomb part 




                                                 
                                 References:     
                                                 
          TURBOMOLE:                             
              R. Ahlrichs, M. Baer, M. Haeser, H. Horn, and
              C. Koelmel
              Electronic structure calculations on workstation
              computers: the program system TURBOMOLE
              Chem. Phys. Lett. 162: 165 (1989)
          Density Functional:                              
              O. Treutler and R. Ahlrichs                      
              Efficient Molecular Numerical Integration Schemes
              J. Chem. Phys. 102: 346 (1995)                   
          Parallel Version:                                
              Performance of parallel TURBOMOLE for Density    
              Functional Calculations                          
              M. v. Arnim and R. Ahlrichs                      
              J. Comp. Chem. 19: 1746 (1998)                   
          RI-J Method:                                     
              Auxiliary Basis Sets to approximate Coulomb      
              Potentials                                       
              Chem. Phys. Lett. 240: 283 (1995)                
              K. Eichkorn, O. Treutler, H. Oehm, M. Haeser     
              and R. Ahlrichs                                  
              Chem. Phys. Lett. 242: 652 (1995)                
                                                           
              Auxiliary Basis Sets for Main Row Atoms and their
              Use to approximate Coulomb Potentials            
              K. Eichkorn, F. Weigend, O. Treutler and         
              R. Ahlrichs                                      
              Theo. Chem. Acc. 97: 119 (1997)                   
                                                           
              Accurate Coulomb-fitting basis sets for H to Rn 
              F. Weigend                                        
              Phys. Chem. Chem. Phys. 8: 1057 (2006)            
                                                           
          Multipole accelerated RI-J (MARI-J):             
              Fast evaluation of the Coulomb potential for     
              electron densities using multipole accelerated   
              resolution of identity approximation             
              M. Sierka, A. Hogekamp and R. Ahlrichs           
              J. Chem. Phys. 118: 9136 (2003)                  
          RI-JK Method:                                     
              A fully direct RI-HF algorithm: Implementation,
              optimised auxiliary basis sets, demonstration of
              accuracy and efficiency                         
              F. Weigend                                      
              Phys. Chem. Chem. Phys. 4: 4285 (2002)           
          Two-component HF and DFT with spin-orbit coupling:  
              Self-consistent treatment of spin-orbit         
              interactions with efficient Hartree-Fock and    
              density functional methods                      
              M. K. Armbruster, F. Weigend, C. van Wüllen and 
              W. Klopper                                      
              Phys. Chem. Chem. Phys. 10: 1748 (2008)         
          Two-component difference density and DIIS algorithm 
              Efficient two-component self-consistent field   
              procedures and gradients: implementation in     
              TURBOMOLE and application to Au20-              
              A. Baldes, F. Weigend                           
              Mol. Phys. 111: 2617 (2013)                     
          Relativistic all-electron 2c calculations           
              An efficient implementation of two-component    
              relativistic exact-decoupling methods for large 
              molecules                                       
              D. Peng, N. Middendorf, F. Weigend, M. Reiher   
              J. Chem. Phys. 138: 184105 (2013)               
          Finite nucleus model and SNSO approximation         
              Efficient implementation of one- and two-       
              component analytical energy gradients in exact  
              two-component theory                            
              Y. J. Franzke, N. Middendorf, F. Weigend        
              J. Chem. Phys. 148: 104110 (2018)               
          Grids for all-electron relativistic methods         
              Error-consistent segmented contracted all-      
              electron relativistic basis sets of double-     
              and triple-zeta quality for NMR shielding       
              constants                                       
              Y. J. Franzke, R. Tress, T. M. Pazdera,         
              F. Weigend                                      
              Phys. Chem. Chem. Phys. 21: 166658 (2019)       
          Seminumerical exchange algorithms                   
              Seminumerical calculation of the Hartree-Fock   
              exchange matirx: Application to two-component   
              procedures and efficient evaluation of local    
              hybrid functionsl                               
              P. Plessow, F. Weigend,                         
              J. Comput. Chem. 33: 810 (2012)                 
          Improved seminumerical algorithms                   
              C. Holzer, in preparation (2020)                
                                         




              +--------------------------------------------------+
              |      general information about current run       |
              +--------------------------------------------------+

 

 DENSITY CONVERGENCE CHECK SWITCHED ON !
 SCF CONVERGENCE IF RMS(delta[D]) <     0.1000000000E-06

 PBE functional
 exchange:    LDA + PBE
 correlation: LDA (PW) + PBE
 A DFT calculation using the RI-J approximation will be carried out.
 Allocatable memory for RI due to $ricore (MB):                   500


              +--------------------------------------------------+
              | Atomic coordinate, charge and isotop information |
              +--------------------------------------------------+

                    atomic coordinates            atom    charge  isotop
          0.09850255   -0.06031914    3.47834386    c      6.000     0
         -2.81893433    1.60098997    3.31681837    cl    17.000     0
          1.53428586    1.04827978    2.52895368    h      1.000     0
         -0.12814461   -1.86945823    2.54695911    h      1.000     0
          0.58807766   -0.32719434    5.44846428    h      1.000     0
          0.07512478   -0.03894023   -3.22635700    c      6.000     0
         -0.06099414    0.02087545   -5.27222067    h      1.000     0
         -1.56211788   -1.00778521   -2.45918748    h      1.000     0
          1.78514677   -1.03829019   -2.68949583    h      1.000     0
          0.13143558    1.87402854   -2.48796790    h      1.000     0
 
       center of nuclear mass  :   -1.43614501    0.81552514    1.77682816
       center of nuclear charge:   -1.23867862    0.70338136    1.54203718

              +--------------------------------------------------+
              |               basis set information              |
              +--------------------------------------------------+

              we will work with the 1s 3p 5d 7f 9g ... basis set
              ...i.e. with spherical basis functions...

   type   atoms  prim   cont   basis
   ---------------------------------------------------------------------------
    c        2    118     91   cc-pV5Z   [6s5p4d3f2g1h|24s8p4d3f2g1h]
    cl       1    182     95   cc-pV5Z   [7s6p4d3f2g1h|52s20p4d3f2g1h]
    h        7     58     55   cc-pV5Z   [5s4p3d2f1g|8s4p3d2f1g]
   ---------------------------------------------------------------------------
   total:   10    824    662
   ---------------------------------------------------------------------------

   total number of primitive shells          :  142
   total number of contracted shells         :  170
   total number of cartesian basis functions :  872
   total number of SCF-basis functions       :  662


 integral neglect threshold       :  0.38E-10
 integral storage threshold THIZE :  0.10E-04
 integral storage threshold THIME :         5

 RI-J AUXILIARY BASIS SET information:

              we will work with the 1s 3p 5d 7f 9g ... basis set
              ...i.e. with spherical basis functions...

   type   atoms  prim   cont   basis
   ---------------------------------------------------------------------------
    c        2     70     49   cc-pV5Z   [6s4p3d1f1g|12s5p4d2f1g]
    cl       1     77     51   universal   [8s4p3d1f1g|14s5p5d2f1g]
    h        7     16     11   cc-pV5Z   [3s1p1d|5s2p1d]
   ---------------------------------------------------------------------------
   total:   10    329    226
   ---------------------------------------------------------------------------

   total number of primitive shells          :   59
   total number of contracted shells         :   82
   total number of cartesian basis functions :  269
   total number of SCF-basis functions       :  226


 symmetry group of the molecule :   c1 

 the group has the following generators :
   c1(z)

    1 symmetry operations found

 there are 1 real representations :   a   

 maximum number of shells which are related by symmetry :  1

  
           ------------------
           density functional
           ------------------
 PBE functional
 exchange:    LDA + PBE
 correlation: LDA (PW) + PBE

 spherical integration : Lebedev's spherical grid
 spherical gridsize    :                     5
    i.e. gridpoints    :                   590
 value for diffuse not defined
 radial integration    : Chebyshev 2nd kind (scaling 3)
 radial gridsize       :                     8
 integration cells     :                    10
 partition function    : becke
 partition sharpness   :                     3
  

 biggest AO integral is expected to be    10.299436986

          ------------------------
          nuclear repulsion energy  :   101.408420487    
          ------------------------


         -----------------
         -S,T+V- integrals
         -----------------

 1e-integrals will be neglected if expon. factor < 0.383252E-11
 
   Difference densities algorithm switched on.
   The maximal number of linear combinations of
   difference densities is                    20 .

 DIIS switched on: error vector is FDS-SDF
 Max. Iterations for DIIS is     :   4
 DIIS matrix (see manual) 
    Scaling factor of diagonals  :  1.200
    threshold for scaling factor :  0.000

 scf convergence criterion : increment of total energy < .1000000D-05
                  and increment of one-electron energy < .1000000D-02

 MOs are in ASCII format !


    mo occupation :
   irrep   mo's   occupied
    a      662       18
 
 number of basis functions   :   662
 number of occupied orbitals :    18
 

 reading orbital data $scfmo  from file mos
 orbital characterization : expanded
 virtual MOs provided and orthogonalized by Cholesky decomposition

 automatic virtual orbital shift switched on 
      shift if e(lumo)-e(homo) < 0.10000000    

  
           ------------------------
               RI-J - INFORMATION
           ------------------------
 Contributions to RI integral batches: 
  neglected integral batches:                  2451
  direct contribution:                         1670
  memory contribution:                 10414
 Memory core needed for (P|Q) and Cholesky      1 MByte
 Memory core minimum needed except of (P|Q)     2 MByte
 Total minimum memory core needed (sum)         3 MByte
  
 ****************************************
 Memory allocated for RI-J   492 MByte
 ****************************************
                                            

 DSCF restart information will be dumped onto file mos


 Starting SCF iterations

          Overall gridpoints after grid construction =        150909

 ITERATION  ENERGY          1e-ENERGY        2e-ENERGY     RMS[dD(SAO)]   TOL
   1  -539.88134360720    -939.62475087     298.33498678    0.000D+00 0.382D-10
                            Exc = -40.8018188528     Coul =  339.136805628    
                              N = 35.999998229    
                            current damping = 0.700
 
          max. resid. norm for Fia-block=  4.057D-01 for orbital      1a         
          max. resid. fock norm         =  2.146D+01 for orbital    655a         

 ITERATION  ENERGY          1e-ENERGY        2e-ENERGY     RMS[dD(SAO)]   TOL
   2  -540.28237363329    -942.43225928     300.74146516    0.668D-02 0.287D-10
                            Exc = -41.1533794037     Coul =  341.894844567    
                              N = 35.999998547    
                            current damping = 0.650
 
          Norm of current diis error:  2.1805    
          max. resid. norm for Fia-block=  1.332D-01 for orbital      1a         
          max. resid. fock norm         =  1.626D-01 for orbital    475a         

 ITERATION  ENERGY          1e-ENERGY        2e-ENERGY     RMS[dD(SAO)]   TOL
   3  -540.35334559979    -942.93519771     301.17343162    0.242D-02 0.210D-10
                            Exc = -41.2596494653     Coul =  342.433081090    
                              N = 35.999998702    
                            current damping = 0.500
 
          Norm of current diis error: 0.98503    
          max. resid. norm for Fia-block=  4.916D-02 for orbital      1a         
          max. resid. fock norm         =  5.321D-02 for orbital     19a         

 ITERATION  ENERGY          1e-ENERGY        2e-ENERGY     RMS[dD(SAO)]   TOL
   4  -540.37366852249    -943.36415777     301.58206876    0.132D-02 0.168D-10
                            Exc = -41.3388647575     Coul =  342.920933519    
                              N = 35.999998804    
                            current damping = 0.350
 
          Norm of current diis error: 0.31340    
          max. resid. norm for Fia-block=  1.586D-02 for orbital      1a         
          max. resid. fock norm         =  2.378D-02 for orbital    473a         

 ITERATION  ENERGY          1e-ENERGY        2e-ENERGY     RMS[dD(SAO)]   TOL
   5  -540.37631210351    -943.46139795     301.67666536    0.579D-03 0.147D-10
                            Exc = -41.3630934166     Coul =  343.039758776    
                              N = 35.999998846    
                            current damping = 0.200
 
          Norm of current diis error: 0.10431    
          max. resid. norm for Fia-block=  4.775D-03 for orbital     10a         
          max. resid. fock norm         =  5.294D-03 for orbital     19a         
          mo-orthogonalization: Cholesky decomposition

 ITERATION  ENERGY          1e-ENERGY        2e-ENERGY     RMS[dD(SAO)]   TOL
   6  -540.37657434588    -943.50140484     301.71641000    0.196D-03 0.138D-10
                            Exc = -41.3724788157     Coul =  343.088888820    
                              N = 35.999998862    
                            current damping = 0.050
 
          Norm of current diis error: 0.55579E-01
          max. resid. norm for Fia-block=  2.086D-03 for orbital     13a         
          max. resid. fock norm         =  3.800D-03 for orbital    473a         

 ITERATION  ENERGY          1e-ENERGY        2e-ENERGY     RMS[dD(SAO)]   TOL
   7  -540.37662600376    -943.51294521     301.72789872    0.411D-04 0.136D-10
                            Exc = -41.3735499910     Coul =  343.101448713    
                              N = 35.999998865    
                            current damping = 0.050
 
          Norm of current diis error: 0.21304E-01
          max. resid. norm for Fia-block=  6.602D-04 for orbital     13a         
          max. resid. fock norm         =  8.985D-04 for orbital    473a         

 ITERATION  ENERGY          1e-ENERGY        2e-ENERGY     RMS[dD(SAO)]   TOL
   8  -540.37663441258    -943.50030305     301.71524815    0.743D-05 0.135D-10
                            Exc = -41.3725657429     Coul =  343.087813894    
                              N = 35.999998864    
                            current damping = 0.100
 
          Norm of current diis error: 0.67551E-02
          max. resid. norm for Fia-block=  2.270D-04 for orbital     14a         
          max. resid. fock norm         =  3.222D-04 for orbital    499a         

 ITERATION  ENERGY          1e-ENERGY        2e-ENERGY     RMS[dD(SAO)]   TOL
   9  -540.37663496954    -943.50917201     301.72411655    0.155D-05 0.134D-10
                            Exc = -41.3734213152     Coul =  343.097537865    
                              N = 35.999998865    
                            current damping = 0.150
 
          Norm of current diis error: 0.30168E-02
          max. resid. norm for Fia-block=  7.742D-05 for orbital     16a         
          max. resid. fock norm         =  1.025D-04 for orbital    497a         

 ITERATION  ENERGY          1e-ENERGY        2e-ENERGY     RMS[dD(SAO)]   TOL
  10  -540.37663508417    -943.50674543     301.72168986    0.445D-06 0.133D-10
                            Exc = -41.3731507956     Coul =  343.094840659    
                              N = 35.999998865    
                            current damping = 0.200
 
          Norm of current diis error: 0.27795E-03
          max. resid. norm for Fia-block=  1.460D-05 for orbital     13a         
          max. resid. fock norm         =  2.208D-05 for orbital    446a         
          mo-orthogonalization: Cholesky decomposition

 ENERGY & DENSITY CONVERGED !


 ITERATION  ENERGY          1e-ENERGY        2e-ENERGY     RMS[dD(SAO)]   TOL
  11  -540.37663508593    -943.50637543     301.72131985    0.163D-06 0.133D-10
                            Exc = -41.3731361083     Coul =  343.094455961    
                              N = 35.999998865    
                            current damping = 0.050
 
          Norm of current diis error: 0.84820E-04
          max. resid. norm for Fia-block=  5.202D-06 for orbital     13a         
          max. resid. fock norm         =  8.536D-06 for orbital    446a         

 End of SCF iterations

   convergence criteria satisfied after    11 iterations


                  ------------------------------------------ 
                 |  total energy      =   -540.37663508593  |
                  ------------------------------------------ 
                 :  kinetic energy    =    539.63104989188  :
                 :  potential energy  =  -1080.00768497781  :
                 :  virial theorem    =      1.99862024902  :
                 :  wavefunction norm =      1.00000000000  :
                  .......................................... 


 <geterg> : there is no data group $energy 


 <skperg> : $end is missing 


 orbitals $scfmo  will be written to file mos

    irrep                 14a         15a         16a         17a         18a   
 eigenvalues H         -0.35064    -0.34853    -0.34823    -0.25940    -0.25919
            eV          -9.5416     -9.4840     -9.4759     -7.0586     -7.0531
 occupation              2.0000      2.0000      2.0000      2.0000      2.0000

    irrep                 19a         20a         21a         22a         23a   
 eigenvalues H         -0.02405    -0.00065     0.02693     0.03910     0.05257
            eV          -0.6544     -0.0176      0.7329      1.0640      1.4306
 
 
 
 
 ==============================================================================
                           electrostatic moments
 ==============================================================================

 reference point for electrostatic moments:    0.00000   0.00000   0.00000

 
              nuc           elec       ->  total
 ------------------------------------------------------------------------------
                          charge      
 ------------------------------------------------------------------------------
          36.000000     -36.000000       0.000000
 
 ------------------------------------------------------------------------------
                       dipole moment  
 ------------------------------------------------------------------------------
   x     -44.592430      45.201905       0.609474
   y      25.321729     -25.668711      -0.346982
   z      55.513339     -55.494638       0.018701
 
   | dipole moment | =     0.7016 a.u. =     1.7832 debye 
 
 ------------------------------------------------------------------------------
                     quadrupole moment
 ------------------------------------------------------------------------------
  xx     143.544968    -166.010833     -22.465865
  yy      53.911716     -75.506069     -21.594353
  zz     411.907018    -432.814993     -20.907975
  xy     -75.154331      75.882152       0.727821
  xz    -152.553864     154.772996       2.219132
  yz      86.373364     -87.636260      -1.262896
 
     1/3  trace=     -21.656064
     anisotropy=       4.793367
 
 ==============================================================================
 
HOMO-LUMO Separation
 HOMO         :   -0.25919288 H =     -7.05300 eV
 LUMO         :   -0.02404834 H =     -0.65439 eV
 HOMO-LUMO gap:    0.23514454 H =     +6.39861 eV
 
 ==============================================================================


    ------------------------------------------------------------------------
         total  cpu-time :  6 minutes and 58 seconds
         total wall-time :  1 minutes and 20 seconds
    ------------------------------------------------------------------------

   ****  ridft : all done  ****


    2020-07-23 16:30:46.066 

